[3.312s] Invoking command in '/home/openark/ros2_ws/build/examples_rclcpp_minimal_action_client': CMAKE_PREFIX_PATH=${CMAKE_PREFIX_PATH}:/home/openark/ros2_ws/install/examples_rclpy_minimal_subscriber:/home/openark/ros2_ws/install/examples_rclpy_minimal_service:/home/openark/ros2_ws/install/examples_rclpy_minimal_publisher:/home/openark/ros2_ws/install/examples_rclpy_minimal_client:/home/openark/ros2_ws/install/examples_rclpy_minimal_action_server:/home/openark/ros2_ws/install/examples_rclpy_minimal_action_client:/home/openark/ros2_ws/install/examples_rclpy_executors:/home/openark/ros2_ws/src/install/examples_rclpy_minimal_subscriber:/home/openark/ros2_ws/src/install/examples_rclpy_minimal_service:/home/openark/ros2_ws/src/install/examples_rclpy_minimal_publisher:/home/openark/ros2_ws/src/install/examples_rclpy_minimal_client:/home/openark/ros2_ws/src/install/examples_rclpy_minimal_action_server:/home/openark/ros2_ws/src/install/examples_rclpy_minimal_action_client:/home/openark/ros2_ws/src/install/examples_rclpy_executors:/opt/ros/foxy /usr/bin/cmake --build /home/openark/ros2_ws/build/examples_rclcpp_minimal_action_client -- -j12 -l12
[4.600s] -- Configuring incomplete, errors occurred!
[4.600s] See also "/home/openark/ros2_ws/build/examples_rclcpp_minimal_action_client/CMakeFiles/CMakeOutput.log".
[4.600s] See also "/home/openark/ros2_ws/build/examples_rclcpp_minimal_action_client/CMakeFiles/CMakeError.log".
[4.601s] CMake Error at /home/openark/ros2_ws/build/examples_rclcpp_minimal_action_client/CMakeFiles/3.16.3/CMakeSystem.cmake:1:
[4.601s]   Parse error.  Expected a command name, got unquoted argument with text
[4.602s]   "<<<<<<<".
[4.605s] Call Stack (most recent call first):
[4.605s]   CMakeLists.txt:2 (project)
[4.606s] 
[4.606s] 
[4.607s] CMake Error at /home/openark/ros2_ws/build/examples_rclcpp_minimal_action_client/CMakeFiles/3.16.3/CMakeSystem.cmake:1:
[4.609s]   Parse error.  Expected a command name, got unquoted argument with text
[4.610s]   "<<<<<<<".
[4.610s] Call Stack (most recent call first):
[4.610s]   CMakeLists.txt:2 (project)
[4.611s] 
[4.612s] 
[4.615s] make: *** [Makefile:398: cmake_check_build_system] Error 1
[4.695s] Invoked command in '/home/openark/ros2_ws/build/examples_rclcpp_minimal_action_client' returned '2': CMAKE_PREFIX_PATH=${CMAKE_PREFIX_PATH}:/home/openark/ros2_ws/install/examples_rclpy_minimal_subscriber:/home/openark/ros2_ws/install/examples_rclpy_minimal_service:/home/openark/ros2_ws/install/examples_rclpy_minimal_publisher:/home/openark/ros2_ws/install/examples_rclpy_minimal_client:/home/openark/ros2_ws/install/examples_rclpy_minimal_action_server:/home/openark/ros2_ws/install/examples_rclpy_minimal_action_client:/home/openark/ros2_ws/install/examples_rclpy_executors:/home/openark/ros2_ws/src/install/examples_rclpy_minimal_subscriber:/home/openark/ros2_ws/src/install/examples_rclpy_minimal_service:/home/openark/ros2_ws/src/install/examples_rclpy_minimal_publisher:/home/openark/ros2_ws/src/install/examples_rclpy_minimal_client:/home/openark/ros2_ws/src/install/examples_rclpy_minimal_action_server:/home/openark/ros2_ws/src/install/examples_rclpy_minimal_action_client:/home/openark/ros2_ws/src/install/examples_rclpy_executors:/opt/ros/foxy /usr/bin/cmake --build /home/openark/ros2_ws/build/examples_rclcpp_minimal_action_client -- -j12 -l12
