[4.750s] Invoking command in '/home/openark/ros2_ws/src/build/roar_septentrio_interface': CMAKE_PREFIX_PATH=/home/openark/ros2_ws/install/zed_ros2:/home/openark/ros2_ws/install/zed_multi_camera:/home/openark/ros2_ws/install/zed_display_rviz2:/home/openark/ros2_ws/install/zed_wrapper:/home/openark/ros2_ws/install/zed_tutorial_video:/home/openark/ros2_ws/install/zed_tutorial_pos_tracking:/home/openark/ros2_ws/install/zed_tutorial_depth:/home/openark/ros2_ws/install/zed_topic_benchmark_interfaces:/home/openark/ros2_ws/install/zed_rgb_convert:/home/openark/ros2_ws/install/zed_components:/home/openark/ros2_ws/install/rviz_plugin_zed_od:/home/openark/ros2_ws/install/zed_interfaces:/home/openark/ros2_ws/install/examples_rclpy_minimal_subscriber:/home/openark/ros2_ws/install/examples_rclpy_minimal_service:/home/openark/ros2_ws/install/examples_rclpy_minimal_publisher:/home/openark/ros2_ws/install/examples_rclpy_minimal_client:/home/openark/ros2_ws/install/examples_rclpy_minimal_action_server:/home/openark/ros2_ws/install/examples_rclpy_minimal_action_client:/home/openark/ros2_ws/install/examples_rclpy_executors:/opt/ros/foxy:/home/openark/ros2_ws/install/septentrio_gnss_driver:/home/openark/ros2_ws/install/roar_septentrio_interface:/home/openark/ros2_ws/install/examples_rclcpp_multithreaded_executor:/home/openark/ros2_ws/install/examples_rclcpp_minimal_timer:/home/openark/ros2_ws/install/examples_rclcpp_minimal_subscriber:/home/openark/ros2_ws/install/examples_rclcpp_minimal_service:/home/openark/ros2_ws/install/examples_rclcpp_minimal_publisher:/home/openark/ros2_ws/install/examples_rclcpp_minimal_composition:/home/openark/ros2_ws/install/examples_rclcpp_minimal_client:/home/openark/ros2_ws/install/examples_rclcpp_minimal_action_server:/home/openark/ros2_ws/install/examples_rclcpp_minimal_action_client /usr/bin/cmake --build /home/openark/ros2_ws/src/build/roar_septentrio_interface -- -j12 -l12
[5.081s] -- Found ament_cmake: 0.9.12 (/opt/ros/foxy/share/ament_cmake/cmake)
[5.082s] -- Using PYTHON_EXECUTABLE: /usr/bin/python3
[5.235s] -- Found ament_cmake_auto: 0.9.12 (/opt/ros/foxy/share/ament_cmake_auto/cmake)
[5.824s] -- Using all available rosidl_typesupport_c: rosidl_typesupport_fastrtps_c;rosidl_typesupport_introspection_c
[5.844s] -- Found rosidl_adapter: 1.3.1 (/opt/ros/foxy/share/rosidl_adapter/cmake)
[6.352s] -- Using all available rosidl_typesupport_cpp: rosidl_typesupport_fastrtps_cpp;rosidl_typesupport_introspection_cpp
[6.534s] -- Found rmw_implementation_cmake: 1.0.4 (/opt/ros/foxy/share/rmw_implementation_cmake/cmake)
[6.543s] -- Using RMW implementation 'rmw_fastrtps_cpp' as default
[8.816s] -- Configuring done
[8.816s] -- Generating done
[8.817s] -- Build files have been written to: /home/openark/ros2_ws/src/build/roar_septentrio_interface
[8.818s] [35m[1mScanning dependencies of target roar_septentrio_interface_node[0m
[8.823s] [ 50%] [32mBuilding CXX object CMakeFiles/roar_septentrio_interface_node.dir/src/roar_septentrio_interface_node.cpp.o[0m
[16.798s] [100%] [32m[1mLinking CXX executable roar_septentrio_interface_node[0m
[17.402s] [100%] Built target roar_septentrio_interface_node
[17.427s] Invoked command in '/home/openark/ros2_ws/src/build/roar_septentrio_interface' returned '0': CMAKE_PREFIX_PATH=/home/openark/ros2_ws/install/zed_ros2:/home/openark/ros2_ws/install/zed_multi_camera:/home/openark/ros2_ws/install/zed_display_rviz2:/home/openark/ros2_ws/install/zed_wrapper:/home/openark/ros2_ws/install/zed_tutorial_video:/home/openark/ros2_ws/install/zed_tutorial_pos_tracking:/home/openark/ros2_ws/install/zed_tutorial_depth:/home/openark/ros2_ws/install/zed_topic_benchmark_interfaces:/home/openark/ros2_ws/install/zed_rgb_convert:/home/openark/ros2_ws/install/zed_components:/home/openark/ros2_ws/install/rviz_plugin_zed_od:/home/openark/ros2_ws/install/zed_interfaces:/home/openark/ros2_ws/install/examples_rclpy_minimal_subscriber:/home/openark/ros2_ws/install/examples_rclpy_minimal_service:/home/openark/ros2_ws/install/examples_rclpy_minimal_publisher:/home/openark/ros2_ws/install/examples_rclpy_minimal_client:/home/openark/ros2_ws/install/examples_rclpy_minimal_action_server:/home/openark/ros2_ws/install/examples_rclpy_minimal_action_client:/home/openark/ros2_ws/install/examples_rclpy_executors:/opt/ros/foxy:/home/openark/ros2_ws/install/septentrio_gnss_driver:/home/openark/ros2_ws/install/roar_septentrio_interface:/home/openark/ros2_ws/install/examples_rclcpp_multithreaded_executor:/home/openark/ros2_ws/install/examples_rclcpp_minimal_timer:/home/openark/ros2_ws/install/examples_rclcpp_minimal_subscriber:/home/openark/ros2_ws/install/examples_rclcpp_minimal_service:/home/openark/ros2_ws/install/examples_rclcpp_minimal_publisher:/home/openark/ros2_ws/install/examples_rclcpp_minimal_composition:/home/openark/ros2_ws/install/examples_rclcpp_minimal_client:/home/openark/ros2_ws/install/examples_rclcpp_minimal_action_server:/home/openark/ros2_ws/install/examples_rclcpp_minimal_action_client /usr/bin/cmake --build /home/openark/ros2_ws/src/build/roar_septentrio_interface -- -j12 -l12
[17.483s] Invoking command in '/home/openark/ros2_ws/src/build/roar_septentrio_interface': CMAKE_PREFIX_PATH=/home/openark/ros2_ws/install/zed_ros2:/home/openark/ros2_ws/install/zed_multi_camera:/home/openark/ros2_ws/install/zed_display_rviz2:/home/openark/ros2_ws/install/zed_wrapper:/home/openark/ros2_ws/install/zed_tutorial_video:/home/openark/ros2_ws/install/zed_tutorial_pos_tracking:/home/openark/ros2_ws/install/zed_tutorial_depth:/home/openark/ros2_ws/install/zed_topic_benchmark_interfaces:/home/openark/ros2_ws/install/zed_rgb_convert:/home/openark/ros2_ws/install/zed_components:/home/openark/ros2_ws/install/rviz_plugin_zed_od:/home/openark/ros2_ws/install/zed_interfaces:/home/openark/ros2_ws/install/examples_rclpy_minimal_subscriber:/home/openark/ros2_ws/install/examples_rclpy_minimal_service:/home/openark/ros2_ws/install/examples_rclpy_minimal_publisher:/home/openark/ros2_ws/install/examples_rclpy_minimal_client:/home/openark/ros2_ws/install/examples_rclpy_minimal_action_server:/home/openark/ros2_ws/install/examples_rclpy_minimal_action_client:/home/openark/ros2_ws/install/examples_rclpy_executors:/opt/ros/foxy:/home/openark/ros2_ws/install/septentrio_gnss_driver:/home/openark/ros2_ws/install/roar_septentrio_interface:/home/openark/ros2_ws/install/examples_rclcpp_multithreaded_executor:/home/openark/ros2_ws/install/examples_rclcpp_minimal_timer:/home/openark/ros2_ws/install/examples_rclcpp_minimal_subscriber:/home/openark/ros2_ws/install/examples_rclcpp_minimal_service:/home/openark/ros2_ws/install/examples_rclcpp_minimal_publisher:/home/openark/ros2_ws/install/examples_rclcpp_minimal_composition:/home/openark/ros2_ws/install/examples_rclcpp_minimal_client:/home/openark/ros2_ws/install/examples_rclcpp_minimal_action_server:/home/openark/ros2_ws/install/examples_rclcpp_minimal_action_client /usr/bin/cmake --install /home/openark/ros2_ws/src/build/roar_septentrio_interface
[17.498s] -- Install configuration: ""
[17.499s] -- Installing: /home/openark/ros2_ws/src/install/roar_septentrio_interface/lib/roar_septentrio_interface/roar_septentrio_interface_node
[17.505s] -- Set runtime path of "/home/openark/ros2_ws/src/install/roar_septentrio_interface/lib/roar_septentrio_interface/roar_septentrio_interface_node" to ""
[17.505s] -- Up-to-date: /home/openark/ros2_ws/src/install/roar_septentrio_interface/share/roar_septentrio_interface/include
[17.506s] -- Installing: /home/openark/ros2_ws/src/install/roar_septentrio_interface/share/roar_septentrio_interface/include/.gitkeep
[17.506s] -- Up-to-date: /home/openark/ros2_ws/src/install/roar_septentrio_interface/share/roar_septentrio_interface/include/roar_septentrio_interface
[17.506s] -- Installing: /home/openark/ros2_ws/src/install/roar_septentrio_interface/share/roar_septentrio_interface/include/roar_septentrio_interface/roar_septentrio_interface_node.hpp
[17.506s] -- Up-to-date: /home/openark/ros2_ws/src/install/roar_septentrio_interface/share/roar_septentrio_interface/launch
[17.506s] -- Installing: /home/openark/ros2_ws/src/install/roar_septentrio_interface/share/roar_septentrio_interface/launch/interface.launch.py
[17.506s] -- Installing: /home/openark/ros2_ws/src/install/roar_septentrio_interface/share/roar_septentrio_interface/launch/.gitkeep
[17.507s] -- Up-to-date: /home/openark/ros2_ws/src/install/roar_septentrio_interface/share/roar_septentrio_interface/param
[17.507s] -- Installing: /home/openark/ros2_ws/src/install/roar_septentrio_interface/share/roar_septentrio_interface/param/.gitkeep
[17.507s] -- Installing: /home/openark/ros2_ws/src/install/roar_septentrio_interface/share/roar_septentrio_interface/param/config.yaml
[17.508s] -- Up-to-date: /home/openark/ros2_ws/src/install/roar_septentrio_interface/share/ament_index/resource_index/package_run_dependencies/roar_septentrio_interface
[17.508s] -- Up-to-date: /home/openark/ros2_ws/src/install/roar_septentrio_interface/share/ament_index/resource_index/parent_prefix_path/roar_septentrio_interface
[17.508s] -- Up-to-date: /home/openark/ros2_ws/src/install/roar_septentrio_interface/share/roar_septentrio_interface/environment/ament_prefix_path.sh
[17.508s] -- Installing: /home/openark/ros2_ws/src/install/roar_septentrio_interface/share/roar_septentrio_interface/environment/ament_prefix_path.dsv
[17.508s] -- Up-to-date: /home/openark/ros2_ws/src/install/roar_septentrio_interface/share/roar_septentrio_interface/environment/path.sh
[17.509s] -- Installing: /home/openark/ros2_ws/src/install/roar_septentrio_interface/share/roar_septentrio_interface/environment/path.dsv
[17.509s] -- Up-to-date: /home/openark/ros2_ws/src/install/roar_septentrio_interface/share/roar_septentrio_interface/local_setup.bash
[17.509s] -- Up-to-date: /home/openark/ros2_ws/src/install/roar_septentrio_interface/share/roar_septentrio_interface/local_setup.sh
[17.509s] -- Up-to-date: /home/openark/ros2_ws/src/install/roar_septentrio_interface/share/roar_septentrio_interface/local_setup.zsh
[17.510s] -- Installing: /home/openark/ros2_ws/src/install/roar_septentrio_interface/share/roar_septentrio_interface/local_setup.dsv
[17.510s] -- Installing: /home/openark/ros2_ws/src/install/roar_septentrio_interface/share/roar_septentrio_interface/package.dsv
[17.510s] -- Up-to-date: /home/openark/ros2_ws/src/install/roar_septentrio_interface/share/ament_index/resource_index/packages/roar_septentrio_interface
[17.511s] -- Up-to-date: /home/openark/ros2_ws/src/install/roar_septentrio_interface/share/roar_septentrio_interface/cmake/roar_septentrio_interfaceConfig.cmake
[17.511s] -- Up-to-date: /home/openark/ros2_ws/src/install/roar_septentrio_interface/share/roar_septentrio_interface/cmake/roar_septentrio_interfaceConfig-version.cmake
[17.511s] -- Installing: /home/openark/ros2_ws/src/install/roar_septentrio_interface/share/roar_septentrio_interface/package.xml
[17.515s] Invoked command in '/home/openark/ros2_ws/src/build/roar_septentrio_interface' returned '0': CMAKE_PREFIX_PATH=/home/openark/ros2_ws/install/zed_ros2:/home/openark/ros2_ws/install/zed_multi_camera:/home/openark/ros2_ws/install/zed_display_rviz2:/home/openark/ros2_ws/install/zed_wrapper:/home/openark/ros2_ws/install/zed_tutorial_video:/home/openark/ros2_ws/install/zed_tutorial_pos_tracking:/home/openark/ros2_ws/install/zed_tutorial_depth:/home/openark/ros2_ws/install/zed_topic_benchmark_interfaces:/home/openark/ros2_ws/install/zed_rgb_convert:/home/openark/ros2_ws/install/zed_components:/home/openark/ros2_ws/install/rviz_plugin_zed_od:/home/openark/ros2_ws/install/zed_interfaces:/home/openark/ros2_ws/install/examples_rclpy_minimal_subscriber:/home/openark/ros2_ws/install/examples_rclpy_minimal_service:/home/openark/ros2_ws/install/examples_rclpy_minimal_publisher:/home/openark/ros2_ws/install/examples_rclpy_minimal_client:/home/openark/ros2_ws/install/examples_rclpy_minimal_action_server:/home/openark/ros2_ws/install/examples_rclpy_minimal_action_client:/home/openark/ros2_ws/install/examples_rclpy_executors:/opt/ros/foxy:/home/openark/ros2_ws/install/septentrio_gnss_driver:/home/openark/ros2_ws/install/roar_septentrio_interface:/home/openark/ros2_ws/install/examples_rclcpp_multithreaded_executor:/home/openark/ros2_ws/install/examples_rclcpp_minimal_timer:/home/openark/ros2_ws/install/examples_rclcpp_minimal_subscriber:/home/openark/ros2_ws/install/examples_rclcpp_minimal_service:/home/openark/ros2_ws/install/examples_rclcpp_minimal_publisher:/home/openark/ros2_ws/install/examples_rclcpp_minimal_composition:/home/openark/ros2_ws/install/examples_rclcpp_minimal_client:/home/openark/ros2_ws/install/examples_rclcpp_minimal_action_server:/home/openark/ros2_ws/install/examples_rclcpp_minimal_action_client /usr/bin/cmake --install /home/openark/ros2_ws/src/build/roar_septentrio_interface
