-- Found ament_cmake: 0.9.12 (/opt/ros/foxy/share/ament_cmake/cmake)
-- Found PythonInterp: /usr/bin/python3 (found suitable version "3.8.10", minimum required is "3") 
-- Using PYTHON_EXECUTABLE: /usr/bin/python3
-- Override CMake install command with custom implementation using symlinks instead of copying resources
-- Found rclcpp: 2.4.3 (/opt/ros/foxy/share/rclcpp/cmake)
-- Using all available rosidl_typesupport_c: rosidl_typesupport_fastrtps_c;rosidl_typesupport_introspection_c
-- Found rosidl_adapter: 1.3.1 (/opt/ros/foxy/share/rosidl_adapter/cmake)
-- Using all available rosidl_typesupport_cpp: rosidl_typesupport_fastrtps_cpp;rosidl_typesupport_introspection_cpp
-- Found rmw_implementation_cmake: 1.0.4 (/opt/ros/foxy/share/rmw_implementation_cmake/cmake)
-- Using RMW implementation 'rmw_fastrtps_cpp' as default
-- Found rclcpp_components: 2.4.3 (/opt/ros/foxy/share/rclcpp_components/cmake)
-- Found rosidl_default_generators: 1.0.1 (/opt/ros/foxy/share/rosidl_default_generators/cmake)
-- Found diagnostic_msgs: 2.0.5 (/opt/ros/foxy/share/diagnostic_msgs/cmake)
-- Found nmea_msgs: 2.0.0 (/opt/ros/foxy/share/nmea_msgs/cmake)
-- Found sensor_msgs: 2.0.5 (/opt/ros/foxy/share/sensor_msgs/cmake)
-- Found gps_msgs: 1.0.9 (/opt/ros/foxy/share/gps_msgs/cmake)
-- Found nav_msgs: 2.0.5 (/opt/ros/foxy/share/nav_msgs/cmake)
-- Found tf2: 0.13.14 (/opt/ros/foxy/share/tf2/cmake)
-- Found tf2_eigen: 0.13.14 (/opt/ros/foxy/share/tf2_eigen/cmake)
-- Found tf2_geometry_msgs: 0.13.14 (/opt/ros/foxy/share/tf2_geometry_msgs/cmake)
-- Found PythonInterp: /usr/bin/python3 (found version "3.8.10") 
-- Found ament_cmake_ros: 0.9.2 (/opt/ros/foxy/share/ament_cmake_ros/cmake)
-- Using all available rosidl_typesupport_c: rosidl_typesupport_fastrtps_c;rosidl_typesupport_introspection_c
-- Using all available rosidl_typesupport_cpp: rosidl_typesupport_fastrtps_cpp;rosidl_typesupport_introspection_cpp
-- Found PythonInterp: /usr/bin/python3 (found suitable version "3.8.10", minimum required is "3.5") 
-- Found python_cmake_module: 0.8.1 (/opt/ros/foxy/share/python_cmake_module/cmake)
-- Using PYTHON_EXECUTABLE: /usr/bin/python3
-- Using PYTHON_INCLUDE_DIRS: /usr/include/python3.8
-- Using PYTHON_LIBRARIES: /usr/lib/x86_64-linux-gnu/libpython3.8.so
-- Found gtest sources under '/opt/ros/foxy/src/gtest_vendor': C++ tests using 'Google Test' will be built
-- Configuring done
-- Generating done
-- Build files have been written to: /home/openark/ros2_ws/build/septentrio_gnss_driver
[  1%] Built target gtest_main
[  1%] Built target gtest
[  1%] Built target septentrio_gnss_driver__cpp
[ 13%] Built target septentrio_gnss_driver__rosidl_generator_c
[ 24%] Built target septentrio_gnss_driver__rosidl_typesupport_cpp
[ 35%] Built target septentrio_gnss_driver__rosidl_typesupport_introspection_cpp
[ 35%] [32m[1mLinking CXX shared library libseptentrio_gnss_driver__rosidl_typesupport_fastrtps_cpp.so[0m
[ 46%] Built target septentrio_gnss_driver__rosidl_typesupport_introspection_c
[ 57%] Built target septentrio_gnss_driver__rosidl_typesupport_c
[ 68%] Built target septentrio_gnss_driver__rosidl_typesupport_fastrtps_cpp
[ 68%] [32m[1mLinking CXX shared library libseptentrio_gnss_driver__rosidl_typesupport_fastrtps_c.so[0m
[ 79%] Built target septentrio_gnss_driver__rosidl_typesupport_fastrtps_c
[ 79%] Built target septentrio_gnss_driver
[ 80%] Built target septentrio_gnss_driver__py
[ 80%] [32m[1mLinking C shared library rosidl_generator_py/septentrio_gnss_driver/libseptentrio_gnss_driver__python.so[0m
[ 81%] [32mBuilding CXX object CMakeFiles/septentrio_gnss_driver_core.dir/src/septentrio_gnss_driver/communication/message_handler.cpp.o[0m
[ 81%] [32mBuilding CXX object CMakeFiles/septentrio_gnss_driver_core.dir/src/septentrio_gnss_driver/communication/communication_core.cpp.o[0m
[ 81%] [32mBuilding CXX object CMakeFiles/septentrio_gnss_driver_core.dir/src/septentrio_gnss_driver/communication/telegram_handler.cpp.o[0m
[ 82%] [32mBuilding CXX object CMakeFiles/septentrio_gnss_driver_core.dir/src/septentrio_gnss_driver/crc/crc.cpp.o[0m
[ 82%] [32mBuilding CXX object CMakeFiles/septentrio_gnss_driver_core.dir/src/septentrio_gnss_driver/node/rosaic_node.cpp.o[0m
[ 82%] [32mBuilding CXX object CMakeFiles/septentrio_gnss_driver_core.dir/src/septentrio_gnss_driver/node/main.cpp.o[0m
[ 83%] [32mBuilding CXX object CMakeFiles/septentrio_gnss_driver_core.dir/src/septentrio_gnss_driver/parsers/nmea_parsers/gpgga.cpp.o[0m
[ 93%] Built target septentrio_gnss_driver__python
[ 93%] [32mBuilding CXX object CMakeFiles/septentrio_gnss_driver_core.dir/src/septentrio_gnss_driver/parsers/nmea_parsers/gprmc.cpp.o[0m
[ 94%] [32mBuilding CXX object CMakeFiles/septentrio_gnss_driver_core.dir/src/septentrio_gnss_driver/parsers/nmea_parsers/gpgsa.cpp.o[0m
[ 94%] [32mBuilding CXX object CMakeFiles/septentrio_gnss_driver_core.dir/src/septentrio_gnss_driver/parsers/nmea_parsers/gpgsv.cpp.o[0m
[ 94%] [32m[1mLinking CXX shared library rosidl_generator_py/septentrio_gnss_driver/septentrio_gnss_driver_s__rosidl_typesupport_fastrtps_c.cpython-38-x86_64-linux-gnu.so[0m
[ 94%] [32m[1mLinking C shared library rosidl_generator_py/septentrio_gnss_driver/septentrio_gnss_driver_s__rosidl_typesupport_introspection_c.cpython-38-x86_64-linux-gnu.so[0m
[ 95%] Built target septentrio_gnss_driver__rosidl_typesupport_introspection_c__pyext
[ 96%] Built target septentrio_gnss_driver__rosidl_typesupport_fastrtps_c__pyext
[ 96%] [32mBuilding CXX object CMakeFiles/septentrio_gnss_driver_core.dir/src/septentrio_gnss_driver/parsers/parsing_utilities.cpp.o[0m
[ 96%] [32m[1mLinking C shared library rosidl_generator_py/septentrio_gnss_driver/septentrio_gnss_driver_s__rosidl_typesupport_c.cpython-38-x86_64-linux-gnu.so[0m
[ 96%] Built target septentrio_gnss_driver__rosidl_typesupport_c__pyext
[ 97%] [32mBuilding CXX object CMakeFiles/septentrio_gnss_driver_core.dir/src/septentrio_gnss_driver/parsers/string_utilities.cpp.o[0m
[ 97%] [32m[1mLinking CXX shared library libseptentrio_gnss_driver_core.so[0m
[ 97%] Built target septentrio_gnss_driver_core
[ 97%] [32mBuilding CXX object test/CMakeFiles/test_string_utilities.dir/test_string_utilities.cpp.o[0m
[ 97%] [32mBuilding CXX object test/CMakeFiles/test_parsing_utilities.dir/test_parsing_utilities.cpp.o[0m
[ 98%] [32mBuilding CXX object CMakeFiles/septentrio_gnss_driver_node.dir/src/septentrio_gnss_driver/node/main.cpp.o[0m
[ 99%] [32m[1mLinking CXX executable test_string_utilities[0m
[ 99%] Built target test_string_utilities
[100%] [32m[1mLinking CXX executable test_parsing_utilities[0m
[100%] Built target test_parsing_utilities
[100%] [32m[1mLinking CXX executable septentrio_gnss_driver_node[0m
[100%] Built target septentrio_gnss_driver_node
-- Install configuration: "Release"
-- Execute custom install script
-- Symlinking: /home/openark/ros2_ws/install/septentrio_gnss_driver/share/ament_index/resource_index/rosidl_interfaces/septentrio_gnss_driver
-- Symlinking: /home/openark/ros2_ws/install/septentrio_gnss_driver/include/septentrio_gnss_driver/msg/aim_plus_status.h
-- Symlinking: /home/openark/ros2_ws/install/septentrio_gnss_driver/include/septentrio_gnss_driver/msg/att_cov_euler.h
-- Symlinking: /home/openark/ros2_ws/install/septentrio_gnss_driver/include/septentrio_gnss_driver/msg/att_euler.h
-- Symlinking: /home/openark/ros2_ws/install/septentrio_gnss_driver/include/septentrio_gnss_driver/msg/base_vector_cart.h
-- Symlinking: /home/openark/ros2_ws/install/septentrio_gnss_driver/include/septentrio_gnss_driver/msg/base_vector_geod.h
-- Symlinking: /home/openark/ros2_ws/install/septentrio_gnss_driver/include/septentrio_gnss_driver/msg/block_header.h
-- Symlinking: /home/openark/ros2_ws/install/septentrio_gnss_driver/include/septentrio_gnss_driver/msg/detail/aim_plus_status__functions.h
-- Symlinking: /home/openark/ros2_ws/install/septentrio_gnss_driver/include/septentrio_gnss_driver/msg/detail/aim_plus_status__struct.h
-- Symlinking: /home/openark/ros2_ws/install/septentrio_gnss_driver/include/septentrio_gnss_driver/msg/detail/aim_plus_status__type_support.h
-- Symlinking: /home/openark/ros2_ws/install/septentrio_gnss_driver/include/septentrio_gnss_driver/msg/detail/att_cov_euler__functions.h
-- Symlinking: /home/openark/ros2_ws/install/septentrio_gnss_driver/include/septentrio_gnss_driver/msg/detail/att_cov_euler__struct.h
-- Symlinking: /home/openark/ros2_ws/install/septentrio_gnss_driver/include/septentrio_gnss_driver/msg/detail/att_cov_euler__type_support.h
-- Symlinking: /home/openark/ros2_ws/install/septentrio_gnss_driver/include/septentrio_gnss_driver/msg/detail/att_euler__functions.h
-- Symlinking: /home/openark/ros2_ws/install/septentrio_gnss_driver/include/septentrio_gnss_driver/msg/detail/att_euler__struct.h
-- Symlinking: /home/openark/ros2_ws/install/septentrio_gnss_driver/include/septentrio_gnss_driver/msg/detail/att_euler__type_support.h
-- Symlinking: /home/openark/ros2_ws/install/septentrio_gnss_driver/include/septentrio_gnss_driver/msg/detail/base_vector_cart__functions.h
-- Symlinking: /home/openark/ros2_ws/install/septentrio_gnss_driver/include/septentrio_gnss_driver/msg/detail/base_vector_cart__struct.h
-- Symlinking: /home/openark/ros2_ws/install/septentrio_gnss_driver/include/septentrio_gnss_driver/msg/detail/base_vector_cart__type_support.h
-- Symlinking: /home/openark/ros2_ws/install/septentrio_gnss_driver/include/septentrio_gnss_driver/msg/detail/base_vector_geod__functions.h
-- Symlinking: /home/openark/ros2_ws/install/septentrio_gnss_driver/include/septentrio_gnss_driver/msg/detail/base_vector_geod__struct.h
-- Symlinking: /home/openark/ros2_ws/install/septentrio_gnss_driver/include/septentrio_gnss_driver/msg/detail/base_vector_geod__type_support.h
-- Symlinking: /home/openark/ros2_ws/install/septentrio_gnss_driver/include/septentrio_gnss_driver/msg/detail/block_header__functions.h
-- Symlinking: /home/openark/ros2_ws/install/septentrio_gnss_driver/include/septentrio_gnss_driver/msg/detail/block_header__struct.h
-- Symlinking: /home/openark/ros2_ws/install/septentrio_gnss_driver/include/septentrio_gnss_driver/msg/detail/block_header__type_support.h
-- Symlinking: /home/openark/ros2_ws/install/septentrio_gnss_driver/include/septentrio_gnss_driver/msg/detail/ext_sensor_meas__functions.h
-- Symlinking: /home/openark/ros2_ws/install/septentrio_gnss_driver/include/septentrio_gnss_driver/msg/detail/ext_sensor_meas__struct.h
-- Symlinking: /home/openark/ros2_ws/install/septentrio_gnss_driver/include/septentrio_gnss_driver/msg/detail/ext_sensor_meas__type_support.h
-- Symlinking: /home/openark/ros2_ws/install/septentrio_gnss_driver/include/septentrio_gnss_driver/msg/detail/gal_auth_status__functions.h
-- Symlinking: /home/openark/ros2_ws/install/septentrio_gnss_driver/include/septentrio_gnss_driver/msg/detail/gal_auth_status__struct.h
-- Symlinking: /home/openark/ros2_ws/install/septentrio_gnss_driver/include/septentrio_gnss_driver/msg/detail/gal_auth_status__type_support.h
-- Symlinking: /home/openark/ros2_ws/install/septentrio_gnss_driver/include/septentrio_gnss_driver/msg/detail/imu_setup__functions.h
-- Symlinking: /home/openark/ros2_ws/install/septentrio_gnss_driver/include/septentrio_gnss_driver/msg/detail/imu_setup__struct.h
-- Symlinking: /home/openark/ros2_ws/install/septentrio_gnss_driver/include/septentrio_gnss_driver/msg/detail/imu_setup__type_support.h
-- Symlinking: /home/openark/ros2_ws/install/septentrio_gnss_driver/include/septentrio_gnss_driver/msg/detail/ins_nav_cart__functions.h
-- Symlinking: /home/openark/ros2_ws/install/septentrio_gnss_driver/include/septentrio_gnss_driver/msg/detail/ins_nav_cart__struct.h
-- Symlinking: /home/openark/ros2_ws/install/septentrio_gnss_driver/include/septentrio_gnss_driver/msg/detail/ins_nav_cart__type_support.h
-- Symlinking: /home/openark/ros2_ws/install/septentrio_gnss_driver/include/septentrio_gnss_driver/msg/detail/ins_nav_geod__functions.h
-- Symlinking: /home/openark/ros2_ws/install/septentrio_gnss_driver/include/septentrio_gnss_driver/msg/detail/ins_nav_geod__struct.h
-- Symlinking: /home/openark/ros2_ws/install/septentrio_gnss_driver/include/septentrio_gnss_driver/msg/detail/ins_nav_geod__type_support.h
-- Symlinking: /home/openark/ros2_ws/install/septentrio_gnss_driver/include/septentrio_gnss_driver/msg/detail/meas_epoch__functions.h
-- Symlinking: /home/openark/ros2_ws/install/septentrio_gnss_driver/include/septentrio_gnss_driver/msg/detail/meas_epoch__struct.h
-- Symlinking: /home/openark/ros2_ws/install/septentrio_gnss_driver/include/septentrio_gnss_driver/msg/detail/meas_epoch__type_support.h
-- Symlinking: /home/openark/ros2_ws/install/septentrio_gnss_driver/include/septentrio_gnss_driver/msg/detail/meas_epoch_channel_type1__functions.h
-- Symlinking: /home/openark/ros2_ws/install/septentrio_gnss_driver/include/septentrio_gnss_driver/msg/detail/meas_epoch_channel_type1__struct.h
-- Symlinking: /home/openark/ros2_ws/install/septentrio_gnss_driver/include/septentrio_gnss_driver/msg/detail/meas_epoch_channel_type1__type_support.h
-- Symlinking: /home/openark/ros2_ws/install/septentrio_gnss_driver/include/septentrio_gnss_driver/msg/detail/meas_epoch_channel_type2__functions.h
-- Symlinking: /home/openark/ros2_ws/install/septentrio_gnss_driver/include/septentrio_gnss_driver/msg/detail/meas_epoch_channel_type2__struct.h
-- Symlinking: /home/openark/ros2_ws/install/septentrio_gnss_driver/include/septentrio_gnss_driver/msg/detail/meas_epoch_channel_type2__type_support.h
-- Symlinking: /home/openark/ros2_ws/install/septentrio_gnss_driver/include/septentrio_gnss_driver/msg/detail/pos_cov_cartesian__functions.h
-- Symlinking: /home/openark/ros2_ws/install/septentrio_gnss_driver/include/septentrio_gnss_driver/msg/detail/pos_cov_cartesian__struct.h
-- Symlinking: /home/openark/ros2_ws/install/septentrio_gnss_driver/include/septentrio_gnss_driver/msg/detail/pos_cov_cartesian__type_support.h
-- Symlinking: /home/openark/ros2_ws/install/septentrio_gnss_driver/include/septentrio_gnss_driver/msg/detail/pos_cov_geodetic__functions.h
-- Symlinking: /home/openark/ros2_ws/install/septentrio_gnss_driver/include/septentrio_gnss_driver/msg/detail/pos_cov_geodetic__struct.h
-- Symlinking: /home/openark/ros2_ws/install/septentrio_gnss_driver/include/septentrio_gnss_driver/msg/detail/pos_cov_geodetic__type_support.h
-- Symlinking: /home/openark/ros2_ws/install/septentrio_gnss_driver/include/septentrio_gnss_driver/msg/detail/pvt_cartesian__functions.h
-- Symlinking: /home/openark/ros2_ws/install/septentrio_gnss_driver/include/septentrio_gnss_driver/msg/detail/pvt_cartesian__struct.h
-- Symlinking: /home/openark/ros2_ws/install/septentrio_gnss_driver/include/septentrio_gnss_driver/msg/detail/pvt_cartesian__type_support.h
-- Symlinking: /home/openark/ros2_ws/install/septentrio_gnss_driver/include/septentrio_gnss_driver/msg/detail/pvt_geodetic__functions.h
-- Symlinking: /home/openark/ros2_ws/install/septentrio_gnss_driver/include/septentrio_gnss_driver/msg/detail/pvt_geodetic__struct.h
-- Symlinking: /home/openark/ros2_ws/install/septentrio_gnss_driver/include/septentrio_gnss_driver/msg/detail/pvt_geodetic__type_support.h
-- Symlinking: /home/openark/ros2_ws/install/septentrio_gnss_driver/include/septentrio_gnss_driver/msg/detail/receiver_time__functions.h
-- Symlinking: /home/openark/ros2_ws/install/septentrio_gnss_driver/include/septentrio_gnss_driver/msg/detail/receiver_time__struct.h
-- Symlinking: /home/openark/ros2_ws/install/septentrio_gnss_driver/include/septentrio_gnss_driver/msg/detail/receiver_time__type_support.h
-- Symlinking: /home/openark/ros2_ws/install/septentrio_gnss_driver/include/septentrio_gnss_driver/msg/detail/rf_band__functions.h
-- Symlinking: /home/openark/ros2_ws/install/septentrio_gnss_driver/include/septentrio_gnss_driver/msg/detail/rf_band__struct.h
-- Symlinking: /home/openark/ros2_ws/install/septentrio_gnss_driver/include/septentrio_gnss_driver/msg/detail/rf_band__type_support.h
-- Symlinking: /home/openark/ros2_ws/install/septentrio_gnss_driver/include/septentrio_gnss_driver/msg/detail/rf_status__functions.h
-- Symlinking: /home/openark/ros2_ws/install/septentrio_gnss_driver/include/septentrio_gnss_driver/msg/detail/rf_status__struct.h
-- Symlinking: /home/openark/ros2_ws/install/septentrio_gnss_driver/include/septentrio_gnss_driver/msg/detail/rf_status__type_support.h
-- Symlinking: /home/openark/ros2_ws/install/septentrio_gnss_driver/include/septentrio_gnss_driver/msg/detail/vector_info_cart__functions.h
-- Symlinking: /home/openark/ros2_ws/install/septentrio_gnss_driver/include/septentrio_gnss_driver/msg/detail/vector_info_cart__struct.h
-- Symlinking: /home/openark/ros2_ws/install/septentrio_gnss_driver/include/septentrio_gnss_driver/msg/detail/vector_info_cart__type_support.h
-- Symlinking: /home/openark/ros2_ws/install/septentrio_gnss_driver/include/septentrio_gnss_driver/msg/detail/vector_info_geod__functions.h
-- Symlinking: /home/openark/ros2_ws/install/septentrio_gnss_driver/include/septentrio_gnss_driver/msg/detail/vector_info_geod__struct.h
-- Symlinking: /home/openark/ros2_ws/install/septentrio_gnss_driver/include/septentrio_gnss_driver/msg/detail/vector_info_geod__type_support.h
-- Symlinking: /home/openark/ros2_ws/install/septentrio_gnss_driver/include/septentrio_gnss_driver/msg/detail/vel_cov_cartesian__functions.h
-- Symlinking: /home/openark/ros2_ws/install/septentrio_gnss_driver/include/septentrio_gnss_driver/msg/detail/vel_cov_cartesian__struct.h
-- Symlinking: /home/openark/ros2_ws/install/septentrio_gnss_driver/include/septentrio_gnss_driver/msg/detail/vel_cov_cartesian__type_support.h
-- Symlinking: /home/openark/ros2_ws/install/septentrio_gnss_driver/include/septentrio_gnss_driver/msg/detail/vel_cov_geodetic__functions.h
-- Symlinking: /home/openark/ros2_ws/install/septentrio_gnss_driver/include/septentrio_gnss_driver/msg/detail/vel_cov_geodetic__struct.h
-- Symlinking: /home/openark/ros2_ws/install/septentrio_gnss_driver/include/septentrio_gnss_driver/msg/detail/vel_cov_geodetic__type_support.h
-- Symlinking: /home/openark/ros2_ws/install/septentrio_gnss_driver/include/septentrio_gnss_driver/msg/detail/vel_sensor_setup__functions.h
-- Symlinking: /home/openark/ros2_ws/install/septentrio_gnss_driver/include/septentrio_gnss_driver/msg/detail/vel_sensor_setup__struct.h
-- Symlinking: /home/openark/ros2_ws/install/septentrio_gnss_driver/include/septentrio_gnss_driver/msg/detail/vel_sensor_setup__type_support.h
-- Symlinking: /home/openark/ros2_ws/install/septentrio_gnss_driver/include/septentrio_gnss_driver/msg/ext_sensor_meas.h
-- Symlinking: /home/openark/ros2_ws/install/septentrio_gnss_driver/include/septentrio_gnss_driver/msg/gal_auth_status.h
-- Symlinking: /home/openark/ros2_ws/install/septentrio_gnss_driver/include/septentrio_gnss_driver/msg/imu_setup.h
-- Symlinking: /home/openark/ros2_ws/install/septentrio_gnss_driver/include/septentrio_gnss_driver/msg/ins_nav_cart.h
-- Symlinking: /home/openark/ros2_ws/install/septentrio_gnss_driver/include/septentrio_gnss_driver/msg/ins_nav_geod.h
-- Symlinking: /home/openark/ros2_ws/install/septentrio_gnss_driver/include/septentrio_gnss_driver/msg/meas_epoch.h
-- Symlinking: /home/openark/ros2_ws/install/septentrio_gnss_driver/include/septentrio_gnss_driver/msg/meas_epoch_channel_type1.h
-- Symlinking: /home/openark/ros2_ws/install/septentrio_gnss_driver/include/septentrio_gnss_driver/msg/meas_epoch_channel_type2.h
-- Symlinking: /home/openark/ros2_ws/install/septentrio_gnss_driver/include/septentrio_gnss_driver/msg/pos_cov_cartesian.h
-- Symlinking: /home/openark/ros2_ws/install/septentrio_gnss_driver/include/septentrio_gnss_driver/msg/pos_cov_geodetic.h
-- Symlinking: /home/openark/ros2_ws/install/septentrio_gnss_driver/include/septentrio_gnss_driver/msg/pvt_cartesian.h
-- Symlinking: /home/openark/ros2_ws/install/septentrio_gnss_driver/include/septentrio_gnss_driver/msg/pvt_geodetic.h
-- Symlinking: /home/openark/ros2_ws/install/septentrio_gnss_driver/include/septentrio_gnss_driver/msg/receiver_time.h
-- Symlinking: /home/openark/ros2_ws/install/septentrio_gnss_driver/include/septentrio_gnss_driver/msg/rf_band.h
-- Symlinking: /home/openark/ros2_ws/install/septentrio_gnss_driver/include/septentrio_gnss_driver/msg/rf_status.h
-- Symlinking: /home/openark/ros2_ws/install/septentrio_gnss_driver/include/septentrio_gnss_driver/msg/rosidl_generator_c__visibility_control.h
-- Symlinking: /home/openark/ros2_ws/install/septentrio_gnss_driver/include/septentrio_gnss_driver/msg/vector_info_cart.h
-- Symlinking: /home/openark/ros2_ws/install/septentrio_gnss_driver/include/septentrio_gnss_driver/msg/vector_info_geod.h
-- Symlinking: /home/openark/ros2_ws/install/septentrio_gnss_driver/include/septentrio_gnss_driver/msg/vel_cov_cartesian.h
-- Symlinking: /home/openark/ros2_ws/install/septentrio_gnss_driver/include/septentrio_gnss_driver/msg/vel_cov_geodetic.h
-- Symlinking: /home/openark/ros2_ws/install/septentrio_gnss_driver/include/septentrio_gnss_driver/msg/vel_sensor_setup.h
-- Symlinking: /home/openark/ros2_ws/install/septentrio_gnss_driver/share/septentrio_gnss_driver/environment/library_path.sh
-- Symlinking: /home/openark/ros2_ws/install/septentrio_gnss_driver/share/septentrio_gnss_driver/environment/library_path.dsv
-- Symlinking: /home/openark/ros2_ws/install/septentrio_gnss_driver/include/septentrio_gnss_driver/msg/detail/aim_plus_status__rosidl_typesupport_fastrtps_c.h
-- Symlinking: /home/openark/ros2_ws/install/septentrio_gnss_driver/include/septentrio_gnss_driver/msg/detail/att_cov_euler__rosidl_typesupport_fastrtps_c.h
-- Symlinking: /home/openark/ros2_ws/install/septentrio_gnss_driver/include/septentrio_gnss_driver/msg/detail/att_euler__rosidl_typesupport_fastrtps_c.h
-- Symlinking: /home/openark/ros2_ws/install/septentrio_gnss_driver/include/septentrio_gnss_driver/msg/detail/base_vector_cart__rosidl_typesupport_fastrtps_c.h
-- Symlinking: /home/openark/ros2_ws/install/septentrio_gnss_driver/include/septentrio_gnss_driver/msg/detail/base_vector_geod__rosidl_typesupport_fastrtps_c.h
-- Symlinking: /home/openark/ros2_ws/install/septentrio_gnss_driver/include/septentrio_gnss_driver/msg/detail/block_header__rosidl_typesupport_fastrtps_c.h
-- Symlinking: /home/openark/ros2_ws/install/septentrio_gnss_driver/include/septentrio_gnss_driver/msg/detail/ext_sensor_meas__rosidl_typesupport_fastrtps_c.h
-- Symlinking: /home/openark/ros2_ws/install/septentrio_gnss_driver/include/septentrio_gnss_driver/msg/detail/gal_auth_status__rosidl_typesupport_fastrtps_c.h
-- Symlinking: /home/openark/ros2_ws/install/septentrio_gnss_driver/include/septentrio_gnss_driver/msg/detail/imu_setup__rosidl_typesupport_fastrtps_c.h
-- Symlinking: /home/openark/ros2_ws/install/septentrio_gnss_driver/include/septentrio_gnss_driver/msg/detail/ins_nav_cart__rosidl_typesupport_fastrtps_c.h
-- Symlinking: /home/openark/ros2_ws/install/septentrio_gnss_driver/include/septentrio_gnss_driver/msg/detail/ins_nav_geod__rosidl_typesupport_fastrtps_c.h
-- Symlinking: /home/openark/ros2_ws/install/septentrio_gnss_driver/include/septentrio_gnss_driver/msg/detail/meas_epoch__rosidl_typesupport_fastrtps_c.h
-- Symlinking: /home/openark/ros2_ws/install/septentrio_gnss_driver/include/septentrio_gnss_driver/msg/detail/meas_epoch_channel_type1__rosidl_typesupport_fastrtps_c.h
-- Symlinking: /home/openark/ros2_ws/install/septentrio_gnss_driver/include/septentrio_gnss_driver/msg/detail/meas_epoch_channel_type2__rosidl_typesupport_fastrtps_c.h
-- Symlinking: /home/openark/ros2_ws/install/septentrio_gnss_driver/include/septentrio_gnss_driver/msg/detail/pos_cov_cartesian__rosidl_typesupport_fastrtps_c.h
-- Symlinking: /home/openark/ros2_ws/install/septentrio_gnss_driver/include/septentrio_gnss_driver/msg/detail/pos_cov_geodetic__rosidl_typesupport_fastrtps_c.h
-- Symlinking: /home/openark/ros2_ws/install/septentrio_gnss_driver/include/septentrio_gnss_driver/msg/detail/pvt_cartesian__rosidl_typesupport_fastrtps_c.h
-- Symlinking: /home/openark/ros2_ws/install/septentrio_gnss_driver/include/septentrio_gnss_driver/msg/detail/pvt_geodetic__rosidl_typesupport_fastrtps_c.h
-- Symlinking: /home/openark/ros2_ws/install/septentrio_gnss_driver/include/septentrio_gnss_driver/msg/detail/receiver_time__rosidl_typesupport_fastrtps_c.h
-- Symlinking: /home/openark/ros2_ws/install/septentrio_gnss_driver/include/septentrio_gnss_driver/msg/detail/rf_band__rosidl_typesupport_fastrtps_c.h
-- Symlinking: /home/openark/ros2_ws/install/septentrio_gnss_driver/include/septentrio_gnss_driver/msg/detail/rf_status__rosidl_typesupport_fastrtps_c.h
-- Symlinking: /home/openark/ros2_ws/install/septentrio_gnss_driver/include/septentrio_gnss_driver/msg/detail/vector_info_cart__rosidl_typesupport_fastrtps_c.h
-- Symlinking: /home/openark/ros2_ws/install/septentrio_gnss_driver/include/septentrio_gnss_driver/msg/detail/vector_info_geod__rosidl_typesupport_fastrtps_c.h
-- Symlinking: /home/openark/ros2_ws/install/septentrio_gnss_driver/include/septentrio_gnss_driver/msg/detail/vel_cov_cartesian__rosidl_typesupport_fastrtps_c.h
-- Symlinking: /home/openark/ros2_ws/install/septentrio_gnss_driver/include/septentrio_gnss_driver/msg/detail/vel_cov_geodetic__rosidl_typesupport_fastrtps_c.h
-- Symlinking: /home/openark/ros2_ws/install/septentrio_gnss_driver/include/septentrio_gnss_driver/msg/detail/vel_sensor_setup__rosidl_typesupport_fastrtps_c.h
-- Symlinking: /home/openark/ros2_ws/install/septentrio_gnss_driver/include/septentrio_gnss_driver/msg/rosidl_typesupport_fastrtps_c__visibility_control.h
-- Symlinking: /home/openark/ros2_ws/install/septentrio_gnss_driver/lib/libseptentrio_gnss_driver__rosidl_typesupport_fastrtps_c.so
-- Symlinking: /home/openark/ros2_ws/install/septentrio_gnss_driver/include/septentrio_gnss_driver/msg/detail/aim_plus_status__rosidl_typesupport_fastrtps_cpp.hpp
-- Symlinking: /home/openark/ros2_ws/install/septentrio_gnss_driver/include/septentrio_gnss_driver/msg/detail/att_cov_euler__rosidl_typesupport_fastrtps_cpp.hpp
-- Symlinking: /home/openark/ros2_ws/install/septentrio_gnss_driver/include/septentrio_gnss_driver/msg/detail/att_euler__rosidl_typesupport_fastrtps_cpp.hpp
-- Symlinking: /home/openark/ros2_ws/install/septentrio_gnss_driver/include/septentrio_gnss_driver/msg/detail/base_vector_cart__rosidl_typesupport_fastrtps_cpp.hpp
-- Symlinking: /home/openark/ros2_ws/install/septentrio_gnss_driver/include/septentrio_gnss_driver/msg/detail/base_vector_geod__rosidl_typesupport_fastrtps_cpp.hpp
-- Symlinking: /home/openark/ros2_ws/install/septentrio_gnss_driver/include/septentrio_gnss_driver/msg/detail/block_header__rosidl_typesupport_fastrtps_cpp.hpp
-- Symlinking: /home/openark/ros2_ws/install/septentrio_gnss_driver/include/septentrio_gnss_driver/msg/detail/ext_sensor_meas__rosidl_typesupport_fastrtps_cpp.hpp
-- Symlinking: /home/openark/ros2_ws/install/septentrio_gnss_driver/include/septentrio_gnss_driver/msg/detail/gal_auth_status__rosidl_typesupport_fastrtps_cpp.hpp
-- Symlinking: /home/openark/ros2_ws/install/septentrio_gnss_driver/include/septentrio_gnss_driver/msg/detail/imu_setup__rosidl_typesupport_fastrtps_cpp.hpp
-- Symlinking: /home/openark/ros2_ws/install/septentrio_gnss_driver/include/septentrio_gnss_driver/msg/detail/ins_nav_cart__rosidl_typesupport_fastrtps_cpp.hpp
-- Symlinking: /home/openark/ros2_ws/install/septentrio_gnss_driver/include/septentrio_gnss_driver/msg/detail/ins_nav_geod__rosidl_typesupport_fastrtps_cpp.hpp
-- Symlinking: /home/openark/ros2_ws/install/septentrio_gnss_driver/include/septentrio_gnss_driver/msg/detail/meas_epoch__rosidl_typesupport_fastrtps_cpp.hpp
-- Symlinking: /home/openark/ros2_ws/install/septentrio_gnss_driver/include/septentrio_gnss_driver/msg/detail/meas_epoch_channel_type1__rosidl_typesupport_fastrtps_cpp.hpp
-- Symlinking: /home/openark/ros2_ws/install/septentrio_gnss_driver/include/septentrio_gnss_driver/msg/detail/meas_epoch_channel_type2__rosidl_typesupport_fastrtps_cpp.hpp
-- Symlinking: /home/openark/ros2_ws/install/septentrio_gnss_driver/include/septentrio_gnss_driver/msg/detail/pos_cov_cartesian__rosidl_typesupport_fastrtps_cpp.hpp
-- Symlinking: /home/openark/ros2_ws/install/septentrio_gnss_driver/include/septentrio_gnss_driver/msg/detail/pos_cov_geodetic__rosidl_typesupport_fastrtps_cpp.hpp
-- Symlinking: /home/openark/ros2_ws/install/septentrio_gnss_driver/include/septentrio_gnss_driver/msg/detail/pvt_cartesian__rosidl_typesupport_fastrtps_cpp.hpp
-- Symlinking: /home/openark/ros2_ws/install/septentrio_gnss_driver/include/septentrio_gnss_driver/msg/detail/pvt_geodetic__rosidl_typesupport_fastrtps_cpp.hpp
-- Symlinking: /home/openark/ros2_ws/install/septentrio_gnss_driver/include/septentrio_gnss_driver/msg/detail/receiver_time__rosidl_typesupport_fastrtps_cpp.hpp
-- Symlinking: /home/openark/ros2_ws/install/septentrio_gnss_driver/include/septentrio_gnss_driver/msg/detail/rf_band__rosidl_typesupport_fastrtps_cpp.hpp
-- Symlinking: /home/openark/ros2_ws/install/septentrio_gnss_driver/include/septentrio_gnss_driver/msg/detail/rf_status__rosidl_typesupport_fastrtps_cpp.hpp
-- Symlinking: /home/openark/ros2_ws/install/septentrio_gnss_driver/include/septentrio_gnss_driver/msg/detail/vector_info_cart__rosidl_typesupport_fastrtps_cpp.hpp
-- Symlinking: /home/openark/ros2_ws/install/septentrio_gnss_driver/include/septentrio_gnss_driver/msg/detail/vector_info_geod__rosidl_typesupport_fastrtps_cpp.hpp
-- Symlinking: /home/openark/ros2_ws/install/septentrio_gnss_driver/include/septentrio_gnss_driver/msg/detail/vel_cov_cartesian__rosidl_typesupport_fastrtps_cpp.hpp
-- Symlinking: /home/openark/ros2_ws/install/septentrio_gnss_driver/include/septentrio_gnss_driver/msg/detail/vel_cov_geodetic__rosidl_typesupport_fastrtps_cpp.hpp
-- Symlinking: /home/openark/ros2_ws/install/septentrio_gnss_driver/include/septentrio_gnss_driver/msg/detail/vel_sensor_setup__rosidl_typesupport_fastrtps_cpp.hpp
-- Symlinking: /home/openark/ros2_ws/install/septentrio_gnss_driver/include/septentrio_gnss_driver/msg/rosidl_typesupport_fastrtps_cpp__visibility_control.h
-- Symlinking: /home/openark/ros2_ws/install/septentrio_gnss_driver/lib/libseptentrio_gnss_driver__rosidl_typesupport_fastrtps_cpp.so
-- Symlinking: /home/openark/ros2_ws/install/septentrio_gnss_driver/include/septentrio_gnss_driver/msg/detail/aim_plus_status__rosidl_typesupport_introspection_c.h
-- Symlinking: /home/openark/ros2_ws/install/septentrio_gnss_driver/include/septentrio_gnss_driver/msg/detail/att_cov_euler__rosidl_typesupport_introspection_c.h
-- Symlinking: /home/openark/ros2_ws/install/septentrio_gnss_driver/include/septentrio_gnss_driver/msg/detail/att_euler__rosidl_typesupport_introspection_c.h
-- Symlinking: /home/openark/ros2_ws/install/septentrio_gnss_driver/include/septentrio_gnss_driver/msg/detail/base_vector_cart__rosidl_typesupport_introspection_c.h
-- Symlinking: /home/openark/ros2_ws/install/septentrio_gnss_driver/include/septentrio_gnss_driver/msg/detail/base_vector_geod__rosidl_typesupport_introspection_c.h
-- Symlinking: /home/openark/ros2_ws/install/septentrio_gnss_driver/include/septentrio_gnss_driver/msg/detail/block_header__rosidl_typesupport_introspection_c.h
-- Symlinking: /home/openark/ros2_ws/install/septentrio_gnss_driver/include/septentrio_gnss_driver/msg/detail/ext_sensor_meas__rosidl_typesupport_introspection_c.h
-- Symlinking: /home/openark/ros2_ws/install/septentrio_gnss_driver/include/septentrio_gnss_driver/msg/detail/gal_auth_status__rosidl_typesupport_introspection_c.h
-- Symlinking: /home/openark/ros2_ws/install/septentrio_gnss_driver/include/septentrio_gnss_driver/msg/detail/imu_setup__rosidl_typesupport_introspection_c.h
-- Symlinking: /home/openark/ros2_ws/install/septentrio_gnss_driver/include/septentrio_gnss_driver/msg/detail/ins_nav_cart__rosidl_typesupport_introspection_c.h
-- Symlinking: /home/openark/ros2_ws/install/septentrio_gnss_driver/include/septentrio_gnss_driver/msg/detail/ins_nav_geod__rosidl_typesupport_introspection_c.h
-- Symlinking: /home/openark/ros2_ws/install/septentrio_gnss_driver/include/septentrio_gnss_driver/msg/detail/meas_epoch__rosidl_typesupport_introspection_c.h
-- Symlinking: /home/openark/ros2_ws/install/septentrio_gnss_driver/include/septentrio_gnss_driver/msg/detail/meas_epoch_channel_type1__rosidl_typesupport_introspection_c.h
-- Symlinking: /home/openark/ros2_ws/install/septentrio_gnss_driver/include/septentrio_gnss_driver/msg/detail/meas_epoch_channel_type2__rosidl_typesupport_introspection_c.h
-- Symlinking: /home/openark/ros2_ws/install/septentrio_gnss_driver/include/septentrio_gnss_driver/msg/detail/pos_cov_cartesian__rosidl_typesupport_introspection_c.h
-- Symlinking: /home/openark/ros2_ws/install/septentrio_gnss_driver/include/septentrio_gnss_driver/msg/detail/pos_cov_geodetic__rosidl_typesupport_introspection_c.h
-- Symlinking: /home/openark/ros2_ws/install/septentrio_gnss_driver/include/septentrio_gnss_driver/msg/detail/pvt_cartesian__rosidl_typesupport_introspection_c.h
-- Symlinking: /home/openark/ros2_ws/install/septentrio_gnss_driver/include/septentrio_gnss_driver/msg/detail/pvt_geodetic__rosidl_typesupport_introspection_c.h
-- Symlinking: /home/openark/ros2_ws/install/septentrio_gnss_driver/include/septentrio_gnss_driver/msg/detail/receiver_time__rosidl_typesupport_introspection_c.h
-- Symlinking: /home/openark/ros2_ws/install/septentrio_gnss_driver/include/septentrio_gnss_driver/msg/detail/rf_band__rosidl_typesupport_introspection_c.h
-- Symlinking: /home/openark/ros2_ws/install/septentrio_gnss_driver/include/septentrio_gnss_driver/msg/detail/rf_status__rosidl_typesupport_introspection_c.h
-- Symlinking: /home/openark/ros2_ws/install/septentrio_gnss_driver/include/septentrio_gnss_driver/msg/detail/vector_info_cart__rosidl_typesupport_introspection_c.h
-- Symlinking: /home/openark/ros2_ws/install/septentrio_gnss_driver/include/septentrio_gnss_driver/msg/detail/vector_info_geod__rosidl_typesupport_introspection_c.h
-- Symlinking: /home/openark/ros2_ws/install/septentrio_gnss_driver/include/septentrio_gnss_driver/msg/detail/vel_cov_cartesian__rosidl_typesupport_introspection_c.h
-- Symlinking: /home/openark/ros2_ws/install/septentrio_gnss_driver/include/septentrio_gnss_driver/msg/detail/vel_cov_geodetic__rosidl_typesupport_introspection_c.h
-- Symlinking: /home/openark/ros2_ws/install/septentrio_gnss_driver/include/septentrio_gnss_driver/msg/detail/vel_sensor_setup__rosidl_typesupport_introspection_c.h
-- Symlinking: /home/openark/ros2_ws/install/septentrio_gnss_driver/include/septentrio_gnss_driver/msg/rosidl_typesupport_introspection_c__visibility_control.h
-- Symlinking: /home/openark/ros2_ws/install/septentrio_gnss_driver/include/septentrio_gnss_driver/msg/aim_plus_status.hpp
-- Symlinking: /home/openark/ros2_ws/install/septentrio_gnss_driver/include/septentrio_gnss_driver/msg/att_cov_euler.hpp
-- Symlinking: /home/openark/ros2_ws/install/septentrio_gnss_driver/include/septentrio_gnss_driver/msg/att_euler.hpp
-- Symlinking: /home/openark/ros2_ws/install/septentrio_gnss_driver/include/septentrio_gnss_driver/msg/base_vector_cart.hpp
-- Symlinking: /home/openark/ros2_ws/install/septentrio_gnss_driver/include/septentrio_gnss_driver/msg/base_vector_geod.hpp
-- Symlinking: /home/openark/ros2_ws/install/septentrio_gnss_driver/include/septentrio_gnss_driver/msg/block_header.hpp
-- Symlinking: /home/openark/ros2_ws/install/septentrio_gnss_driver/include/septentrio_gnss_driver/msg/detail/aim_plus_status__builder.hpp
-- Symlinking: /home/openark/ros2_ws/install/septentrio_gnss_driver/include/septentrio_gnss_driver/msg/detail/aim_plus_status__struct.hpp
-- Symlinking: /home/openark/ros2_ws/install/septentrio_gnss_driver/include/septentrio_gnss_driver/msg/detail/aim_plus_status__traits.hpp
-- Symlinking: /home/openark/ros2_ws/install/septentrio_gnss_driver/include/septentrio_gnss_driver/msg/detail/aim_plus_status__type_support.hpp
-- Symlinking: /home/openark/ros2_ws/install/septentrio_gnss_driver/include/septentrio_gnss_driver/msg/detail/att_cov_euler__builder.hpp
-- Symlinking: /home/openark/ros2_ws/install/septentrio_gnss_driver/include/septentrio_gnss_driver/msg/detail/att_cov_euler__struct.hpp
-- Symlinking: /home/openark/ros2_ws/install/septentrio_gnss_driver/include/septentrio_gnss_driver/msg/detail/att_cov_euler__traits.hpp
-- Symlinking: /home/openark/ros2_ws/install/septentrio_gnss_driver/include/septentrio_gnss_driver/msg/detail/att_cov_euler__type_support.hpp
-- Symlinking: /home/openark/ros2_ws/install/septentrio_gnss_driver/include/septentrio_gnss_driver/msg/detail/att_euler__builder.hpp
-- Symlinking: /home/openark/ros2_ws/install/septentrio_gnss_driver/include/septentrio_gnss_driver/msg/detail/att_euler__struct.hpp
-- Symlinking: /home/openark/ros2_ws/install/septentrio_gnss_driver/include/septentrio_gnss_driver/msg/detail/att_euler__traits.hpp
-- Symlinking: /home/openark/ros2_ws/install/septentrio_gnss_driver/include/septentrio_gnss_driver/msg/detail/att_euler__type_support.hpp
-- Symlinking: /home/openark/ros2_ws/install/septentrio_gnss_driver/include/septentrio_gnss_driver/msg/detail/base_vector_cart__builder.hpp
-- Symlinking: /home/openark/ros2_ws/install/septentrio_gnss_driver/include/septentrio_gnss_driver/msg/detail/base_vector_cart__struct.hpp
-- Symlinking: /home/openark/ros2_ws/install/septentrio_gnss_driver/include/septentrio_gnss_driver/msg/detail/base_vector_cart__traits.hpp
-- Symlinking: /home/openark/ros2_ws/install/septentrio_gnss_driver/include/septentrio_gnss_driver/msg/detail/base_vector_cart__type_support.hpp
-- Symlinking: /home/openark/ros2_ws/install/septentrio_gnss_driver/include/septentrio_gnss_driver/msg/detail/base_vector_geod__builder.hpp
-- Symlinking: /home/openark/ros2_ws/install/septentrio_gnss_driver/include/septentrio_gnss_driver/msg/detail/base_vector_geod__struct.hpp
-- Symlinking: /home/openark/ros2_ws/install/septentrio_gnss_driver/include/septentrio_gnss_driver/msg/detail/base_vector_geod__traits.hpp
-- Symlinking: /home/openark/ros2_ws/install/septentrio_gnss_driver/include/septentrio_gnss_driver/msg/detail/base_vector_geod__type_support.hpp
-- Symlinking: /home/openark/ros2_ws/install/septentrio_gnss_driver/include/septentrio_gnss_driver/msg/detail/block_header__builder.hpp
-- Symlinking: /home/openark/ros2_ws/install/septentrio_gnss_driver/include/septentrio_gnss_driver/msg/detail/block_header__struct.hpp
-- Symlinking: /home/openark/ros2_ws/install/septentrio_gnss_driver/include/septentrio_gnss_driver/msg/detail/block_header__traits.hpp
-- Symlinking: /home/openark/ros2_ws/install/septentrio_gnss_driver/include/septentrio_gnss_driver/msg/detail/block_header__type_support.hpp
-- Symlinking: /home/openark/ros2_ws/install/septentrio_gnss_driver/include/septentrio_gnss_driver/msg/detail/ext_sensor_meas__builder.hpp
-- Symlinking: /home/openark/ros2_ws/install/septentrio_gnss_driver/include/septentrio_gnss_driver/msg/detail/ext_sensor_meas__struct.hpp
-- Symlinking: /home/openark/ros2_ws/install/septentrio_gnss_driver/include/septentrio_gnss_driver/msg/detail/ext_sensor_meas__traits.hpp
-- Symlinking: /home/openark/ros2_ws/install/septentrio_gnss_driver/include/septentrio_gnss_driver/msg/detail/ext_sensor_meas__type_support.hpp
-- Symlinking: /home/openark/ros2_ws/install/septentrio_gnss_driver/include/septentrio_gnss_driver/msg/detail/gal_auth_status__builder.hpp
-- Symlinking: /home/openark/ros2_ws/install/septentrio_gnss_driver/include/septentrio_gnss_driver/msg/detail/gal_auth_status__struct.hpp
-- Symlinking: /home/openark/ros2_ws/install/septentrio_gnss_driver/include/septentrio_gnss_driver/msg/detail/gal_auth_status__traits.hpp
-- Symlinking: /home/openark/ros2_ws/install/septentrio_gnss_driver/include/septentrio_gnss_driver/msg/detail/gal_auth_status__type_support.hpp
-- Symlinking: /home/openark/ros2_ws/install/septentrio_gnss_driver/include/septentrio_gnss_driver/msg/detail/imu_setup__builder.hpp
-- Symlinking: /home/openark/ros2_ws/install/septentrio_gnss_driver/include/septentrio_gnss_driver/msg/detail/imu_setup__struct.hpp
-- Symlinking: /home/openark/ros2_ws/install/septentrio_gnss_driver/include/septentrio_gnss_driver/msg/detail/imu_setup__traits.hpp
-- Symlinking: /home/openark/ros2_ws/install/septentrio_gnss_driver/include/septentrio_gnss_driver/msg/detail/imu_setup__type_support.hpp
-- Symlinking: /home/openark/ros2_ws/install/septentrio_gnss_driver/include/septentrio_gnss_driver/msg/detail/ins_nav_cart__builder.hpp
-- Symlinking: /home/openark/ros2_ws/install/septentrio_gnss_driver/include/septentrio_gnss_driver/msg/detail/ins_nav_cart__struct.hpp
-- Symlinking: /home/openark/ros2_ws/install/septentrio_gnss_driver/include/septentrio_gnss_driver/msg/detail/ins_nav_cart__traits.hpp
-- Symlinking: /home/openark/ros2_ws/install/septentrio_gnss_driver/include/septentrio_gnss_driver/msg/detail/ins_nav_cart__type_support.hpp
-- Symlinking: /home/openark/ros2_ws/install/septentrio_gnss_driver/include/septentrio_gnss_driver/msg/detail/ins_nav_geod__builder.hpp
-- Symlinking: /home/openark/ros2_ws/install/septentrio_gnss_driver/include/septentrio_gnss_driver/msg/detail/ins_nav_geod__struct.hpp
-- Symlinking: /home/openark/ros2_ws/install/septentrio_gnss_driver/include/septentrio_gnss_driver/msg/detail/ins_nav_geod__traits.hpp
-- Symlinking: /home/openark/ros2_ws/install/septentrio_gnss_driver/include/septentrio_gnss_driver/msg/detail/ins_nav_geod__type_support.hpp
-- Symlinking: /home/openark/ros2_ws/install/septentrio_gnss_driver/include/septentrio_gnss_driver/msg/detail/meas_epoch__builder.hpp
-- Symlinking: /home/openark/ros2_ws/install/septentrio_gnss_driver/include/septentrio_gnss_driver/msg/detail/meas_epoch__struct.hpp
-- Symlinking: /home/openark/ros2_ws/install/septentrio_gnss_driver/include/septentrio_gnss_driver/msg/detail/meas_epoch__traits.hpp
-- Symlinking: /home/openark/ros2_ws/install/septentrio_gnss_driver/include/septentrio_gnss_driver/msg/detail/meas_epoch__type_support.hpp
-- Symlinking: /home/openark/ros2_ws/install/septentrio_gnss_driver/include/septentrio_gnss_driver/msg/detail/meas_epoch_channel_type1__builder.hpp
-- Symlinking: /home/openark/ros2_ws/install/septentrio_gnss_driver/include/septentrio_gnss_driver/msg/detail/meas_epoch_channel_type1__struct.hpp
-- Symlinking: /home/openark/ros2_ws/install/septentrio_gnss_driver/include/septentrio_gnss_driver/msg/detail/meas_epoch_channel_type1__traits.hpp
-- Symlinking: /home/openark/ros2_ws/install/septentrio_gnss_driver/include/septentrio_gnss_driver/msg/detail/meas_epoch_channel_type1__type_support.hpp
-- Symlinking: /home/openark/ros2_ws/install/septentrio_gnss_driver/include/septentrio_gnss_driver/msg/detail/meas_epoch_channel_type2__builder.hpp
-- Symlinking: /home/openark/ros2_ws/install/septentrio_gnss_driver/include/septentrio_gnss_driver/msg/detail/meas_epoch_channel_type2__struct.hpp
-- Symlinking: /home/openark/ros2_ws/install/septentrio_gnss_driver/include/septentrio_gnss_driver/msg/detail/meas_epoch_channel_type2__traits.hpp
-- Symlinking: /home/openark/ros2_ws/install/septentrio_gnss_driver/include/septentrio_gnss_driver/msg/detail/meas_epoch_channel_type2__type_support.hpp
-- Symlinking: /home/openark/ros2_ws/install/septentrio_gnss_driver/include/septentrio_gnss_driver/msg/detail/pos_cov_cartesian__builder.hpp
-- Symlinking: /home/openark/ros2_ws/install/septentrio_gnss_driver/include/septentrio_gnss_driver/msg/detail/pos_cov_cartesian__struct.hpp
-- Symlinking: /home/openark/ros2_ws/install/septentrio_gnss_driver/include/septentrio_gnss_driver/msg/detail/pos_cov_cartesian__traits.hpp
-- Symlinking: /home/openark/ros2_ws/install/septentrio_gnss_driver/include/septentrio_gnss_driver/msg/detail/pos_cov_cartesian__type_support.hpp
-- Symlinking: /home/openark/ros2_ws/install/septentrio_gnss_driver/include/septentrio_gnss_driver/msg/detail/pos_cov_geodetic__builder.hpp
-- Symlinking: /home/openark/ros2_ws/install/septentrio_gnss_driver/include/septentrio_gnss_driver/msg/detail/pos_cov_geodetic__struct.hpp
-- Symlinking: /home/openark/ros2_ws/install/septentrio_gnss_driver/include/septentrio_gnss_driver/msg/detail/pos_cov_geodetic__traits.hpp
-- Symlinking: /home/openark/ros2_ws/install/septentrio_gnss_driver/include/septentrio_gnss_driver/msg/detail/pos_cov_geodetic__type_support.hpp
-- Symlinking: /home/openark/ros2_ws/install/septentrio_gnss_driver/include/septentrio_gnss_driver/msg/detail/pvt_cartesian__builder.hpp
-- Symlinking: /home/openark/ros2_ws/install/septentrio_gnss_driver/include/septentrio_gnss_driver/msg/detail/pvt_cartesian__struct.hpp
-- Symlinking: /home/openark/ros2_ws/install/septentrio_gnss_driver/include/septentrio_gnss_driver/msg/detail/pvt_cartesian__traits.hpp
-- Symlinking: /home/openark/ros2_ws/install/septentrio_gnss_driver/include/septentrio_gnss_driver/msg/detail/pvt_cartesian__type_support.hpp
-- Symlinking: /home/openark/ros2_ws/install/septentrio_gnss_driver/include/septentrio_gnss_driver/msg/detail/pvt_geodetic__builder.hpp
-- Symlinking: /home/openark/ros2_ws/install/septentrio_gnss_driver/include/septentrio_gnss_driver/msg/detail/pvt_geodetic__struct.hpp
-- Symlinking: /home/openark/ros2_ws/install/septentrio_gnss_driver/include/septentrio_gnss_driver/msg/detail/pvt_geodetic__traits.hpp
-- Symlinking: /home/openark/ros2_ws/install/septentrio_gnss_driver/include/septentrio_gnss_driver/msg/detail/pvt_geodetic__type_support.hpp
-- Symlinking: /home/openark/ros2_ws/install/septentrio_gnss_driver/include/septentrio_gnss_driver/msg/detail/receiver_time__builder.hpp
-- Symlinking: /home/openark/ros2_ws/install/septentrio_gnss_driver/include/septentrio_gnss_driver/msg/detail/receiver_time__struct.hpp
-- Symlinking: /home/openark/ros2_ws/install/septentrio_gnss_driver/include/septentrio_gnss_driver/msg/detail/receiver_time__traits.hpp
-- Symlinking: /home/openark/ros2_ws/install/septentrio_gnss_driver/include/septentrio_gnss_driver/msg/detail/receiver_time__type_support.hpp
-- Symlinking: /home/openark/ros2_ws/install/septentrio_gnss_driver/include/septentrio_gnss_driver/msg/detail/rf_band__builder.hpp
-- Symlinking: /home/openark/ros2_ws/install/septentrio_gnss_driver/include/septentrio_gnss_driver/msg/detail/rf_band__struct.hpp
-- Symlinking: /home/openark/ros2_ws/install/septentrio_gnss_driver/include/septentrio_gnss_driver/msg/detail/rf_band__traits.hpp
-- Symlinking: /home/openark/ros2_ws/install/septentrio_gnss_driver/include/septentrio_gnss_driver/msg/detail/rf_band__type_support.hpp
-- Symlinking: /home/openark/ros2_ws/install/septentrio_gnss_driver/include/septentrio_gnss_driver/msg/detail/rf_status__builder.hpp
-- Symlinking: /home/openark/ros2_ws/install/septentrio_gnss_driver/include/septentrio_gnss_driver/msg/detail/rf_status__struct.hpp
-- Symlinking: /home/openark/ros2_ws/install/septentrio_gnss_driver/include/septentrio_gnss_driver/msg/detail/rf_status__traits.hpp
-- Symlinking: /home/openark/ros2_ws/install/septentrio_gnss_driver/include/septentrio_gnss_driver/msg/detail/rf_status__type_support.hpp
-- Symlinking: /home/openark/ros2_ws/install/septentrio_gnss_driver/include/septentrio_gnss_driver/msg/detail/vector_info_cart__builder.hpp
-- Symlinking: /home/openark/ros2_ws/install/septentrio_gnss_driver/include/septentrio_gnss_driver/msg/detail/vector_info_cart__struct.hpp
-- Symlinking: /home/openark/ros2_ws/install/septentrio_gnss_driver/include/septentrio_gnss_driver/msg/detail/vector_info_cart__traits.hpp
-- Symlinking: /home/openark/ros2_ws/install/septentrio_gnss_driver/include/septentrio_gnss_driver/msg/detail/vector_info_cart__type_support.hpp
-- Symlinking: /home/openark/ros2_ws/install/septentrio_gnss_driver/include/septentrio_gnss_driver/msg/detail/vector_info_geod__builder.hpp
-- Symlinking: /home/openark/ros2_ws/install/septentrio_gnss_driver/include/septentrio_gnss_driver/msg/detail/vector_info_geod__struct.hpp
-- Symlinking: /home/openark/ros2_ws/install/septentrio_gnss_driver/include/septentrio_gnss_driver/msg/detail/vector_info_geod__traits.hpp
-- Symlinking: /home/openark/ros2_ws/install/septentrio_gnss_driver/include/septentrio_gnss_driver/msg/detail/vector_info_geod__type_support.hpp
-- Symlinking: /home/openark/ros2_ws/install/septentrio_gnss_driver/include/septentrio_gnss_driver/msg/detail/vel_cov_cartesian__builder.hpp
-- Symlinking: /home/openark/ros2_ws/install/septentrio_gnss_driver/include/septentrio_gnss_driver/msg/detail/vel_cov_cartesian__struct.hpp
-- Symlinking: /home/openark/ros2_ws/install/septentrio_gnss_driver/include/septentrio_gnss_driver/msg/detail/vel_cov_cartesian__traits.hpp
-- Symlinking: /home/openark/ros2_ws/install/septentrio_gnss_driver/include/septentrio_gnss_driver/msg/detail/vel_cov_cartesian__type_support.hpp
-- Symlinking: /home/openark/ros2_ws/install/septentrio_gnss_driver/include/septentrio_gnss_driver/msg/detail/vel_cov_geodetic__builder.hpp
-- Symlinking: /home/openark/ros2_ws/install/septentrio_gnss_driver/include/septentrio_gnss_driver/msg/detail/vel_cov_geodetic__struct.hpp
-- Symlinking: /home/openark/ros2_ws/install/septentrio_gnss_driver/include/septentrio_gnss_driver/msg/detail/vel_cov_geodetic__traits.hpp
-- Symlinking: /home/openark/ros2_ws/install/septentrio_gnss_driver/include/septentrio_gnss_driver/msg/detail/vel_cov_geodetic__type_support.hpp
-- Symlinking: /home/openark/ros2_ws/install/septentrio_gnss_driver/include/septentrio_gnss_driver/msg/detail/vel_sensor_setup__builder.hpp
-- Symlinking: /home/openark/ros2_ws/install/septentrio_gnss_driver/include/septentrio_gnss_driver/msg/detail/vel_sensor_setup__struct.hpp
-- Symlinking: /home/openark/ros2_ws/install/septentrio_gnss_driver/include/septentrio_gnss_driver/msg/detail/vel_sensor_setup__traits.hpp
-- Symlinking: /home/openark/ros2_ws/install/septentrio_gnss_driver/include/septentrio_gnss_driver/msg/detail/vel_sensor_setup__type_support.hpp
-- Symlinking: /home/openark/ros2_ws/install/septentrio_gnss_driver/include/septentrio_gnss_driver/msg/ext_sensor_meas.hpp
-- Symlinking: /home/openark/ros2_ws/install/septentrio_gnss_driver/include/septentrio_gnss_driver/msg/gal_auth_status.hpp
-- Symlinking: /home/openark/ros2_ws/install/septentrio_gnss_driver/include/septentrio_gnss_driver/msg/imu_setup.hpp
-- Symlinking: /home/openark/ros2_ws/install/septentrio_gnss_driver/include/septentrio_gnss_driver/msg/ins_nav_cart.hpp
-- Symlinking: /home/openark/ros2_ws/install/septentrio_gnss_driver/include/septentrio_gnss_driver/msg/ins_nav_geod.hpp
-- Symlinking: /home/openark/ros2_ws/install/septentrio_gnss_driver/include/septentrio_gnss_driver/msg/meas_epoch.hpp
-- Symlinking: /home/openark/ros2_ws/install/septentrio_gnss_driver/include/septentrio_gnss_driver/msg/meas_epoch_channel_type1.hpp
-- Symlinking: /home/openark/ros2_ws/install/septentrio_gnss_driver/include/septentrio_gnss_driver/msg/meas_epoch_channel_type2.hpp
-- Symlinking: /home/openark/ros2_ws/install/septentrio_gnss_driver/include/septentrio_gnss_driver/msg/pos_cov_cartesian.hpp
-- Symlinking: /home/openark/ros2_ws/install/septentrio_gnss_driver/include/septentrio_gnss_driver/msg/pos_cov_geodetic.hpp
-- Symlinking: /home/openark/ros2_ws/install/septentrio_gnss_driver/include/septentrio_gnss_driver/msg/pvt_cartesian.hpp
-- Symlinking: /home/openark/ros2_ws/install/septentrio_gnss_driver/include/septentrio_gnss_driver/msg/pvt_geodetic.hpp
-- Symlinking: /home/openark/ros2_ws/install/septentrio_gnss_driver/include/septentrio_gnss_driver/msg/receiver_time.hpp
-- Symlinking: /home/openark/ros2_ws/install/septentrio_gnss_driver/include/septentrio_gnss_driver/msg/rf_band.hpp
-- Symlinking: /home/openark/ros2_ws/install/septentrio_gnss_driver/include/septentrio_gnss_driver/msg/rf_status.hpp
-- Symlinking: /home/openark/ros2_ws/install/septentrio_gnss_driver/include/septentrio_gnss_driver/msg/rosidl_generator_cpp__visibility_control.hpp
-- Symlinking: /home/openark/ros2_ws/install/septentrio_gnss_driver/include/septentrio_gnss_driver/msg/vector_info_cart.hpp
-- Symlinking: /home/openark/ros2_ws/install/septentrio_gnss_driver/include/septentrio_gnss_driver/msg/vector_info_geod.hpp
-- Symlinking: /home/openark/ros2_ws/install/septentrio_gnss_driver/include/septentrio_gnss_driver/msg/vel_cov_cartesian.hpp
-- Symlinking: /home/openark/ros2_ws/install/septentrio_gnss_driver/include/septentrio_gnss_driver/msg/vel_cov_geodetic.hpp
-- Symlinking: /home/openark/ros2_ws/install/septentrio_gnss_driver/include/septentrio_gnss_driver/msg/vel_sensor_setup.hpp
-- Symlinking: /home/openark/ros2_ws/install/septentrio_gnss_driver/include/septentrio_gnss_driver/msg/detail/aim_plus_status__rosidl_typesupport_introspection_cpp.hpp
-- Symlinking: /home/openark/ros2_ws/install/septentrio_gnss_driver/include/septentrio_gnss_driver/msg/detail/att_cov_euler__rosidl_typesupport_introspection_cpp.hpp
-- Symlinking: /home/openark/ros2_ws/install/septentrio_gnss_driver/include/septentrio_gnss_driver/msg/detail/att_euler__rosidl_typesupport_introspection_cpp.hpp
-- Symlinking: /home/openark/ros2_ws/install/septentrio_gnss_driver/include/septentrio_gnss_driver/msg/detail/base_vector_cart__rosidl_typesupport_introspection_cpp.hpp
-- Symlinking: /home/openark/ros2_ws/install/septentrio_gnss_driver/include/septentrio_gnss_driver/msg/detail/base_vector_geod__rosidl_typesupport_introspection_cpp.hpp
-- Symlinking: /home/openark/ros2_ws/install/septentrio_gnss_driver/include/septentrio_gnss_driver/msg/detail/block_header__rosidl_typesupport_introspection_cpp.hpp
-- Symlinking: /home/openark/ros2_ws/install/septentrio_gnss_driver/include/septentrio_gnss_driver/msg/detail/ext_sensor_meas__rosidl_typesupport_introspection_cpp.hpp
-- Symlinking: /home/openark/ros2_ws/install/septentrio_gnss_driver/include/septentrio_gnss_driver/msg/detail/gal_auth_status__rosidl_typesupport_introspection_cpp.hpp
-- Symlinking: /home/openark/ros2_ws/install/septentrio_gnss_driver/include/septentrio_gnss_driver/msg/detail/imu_setup__rosidl_typesupport_introspection_cpp.hpp
-- Symlinking: /home/openark/ros2_ws/install/septentrio_gnss_driver/include/septentrio_gnss_driver/msg/detail/ins_nav_cart__rosidl_typesupport_introspection_cpp.hpp
-- Symlinking: /home/openark/ros2_ws/install/septentrio_gnss_driver/include/septentrio_gnss_driver/msg/detail/ins_nav_geod__rosidl_typesupport_introspection_cpp.hpp
-- Symlinking: /home/openark/ros2_ws/install/septentrio_gnss_driver/include/septentrio_gnss_driver/msg/detail/meas_epoch__rosidl_typesupport_introspection_cpp.hpp
-- Symlinking: /home/openark/ros2_ws/install/septentrio_gnss_driver/include/septentrio_gnss_driver/msg/detail/meas_epoch_channel_type1__rosidl_typesupport_introspection_cpp.hpp
-- Symlinking: /home/openark/ros2_ws/install/septentrio_gnss_driver/include/septentrio_gnss_driver/msg/detail/meas_epoch_channel_type2__rosidl_typesupport_introspection_cpp.hpp
-- Symlinking: /home/openark/ros2_ws/install/septentrio_gnss_driver/include/septentrio_gnss_driver/msg/detail/pos_cov_cartesian__rosidl_typesupport_introspection_cpp.hpp
-- Symlinking: /home/openark/ros2_ws/install/septentrio_gnss_driver/include/septentrio_gnss_driver/msg/detail/pos_cov_geodetic__rosidl_typesupport_introspection_cpp.hpp
-- Symlinking: /home/openark/ros2_ws/install/septentrio_gnss_driver/include/septentrio_gnss_driver/msg/detail/pvt_cartesian__rosidl_typesupport_introspection_cpp.hpp
-- Symlinking: /home/openark/ros2_ws/install/septentrio_gnss_driver/include/septentrio_gnss_driver/msg/detail/pvt_geodetic__rosidl_typesupport_introspection_cpp.hpp
-- Symlinking: /home/openark/ros2_ws/install/septentrio_gnss_driver/include/septentrio_gnss_driver/msg/detail/receiver_time__rosidl_typesupport_introspection_cpp.hpp
-- Symlinking: /home/openark/ros2_ws/install/septentrio_gnss_driver/include/septentrio_gnss_driver/msg/detail/rf_band__rosidl_typesupport_introspection_cpp.hpp
-- Symlinking: /home/openark/ros2_ws/install/septentrio_gnss_driver/include/septentrio_gnss_driver/msg/detail/rf_status__rosidl_typesupport_introspection_cpp.hpp
-- Symlinking: /home/openark/ros2_ws/install/septentrio_gnss_driver/include/septentrio_gnss_driver/msg/detail/vector_info_cart__rosidl_typesupport_introspection_cpp.hpp
-- Symlinking: /home/openark/ros2_ws/install/septentrio_gnss_driver/include/septentrio_gnss_driver/msg/detail/vector_info_geod__rosidl_typesupport_introspection_cpp.hpp
-- Symlinking: /home/openark/ros2_ws/install/septentrio_gnss_driver/include/septentrio_gnss_driver/msg/detail/vel_cov_cartesian__rosidl_typesupport_introspection_cpp.hpp
-- Symlinking: /home/openark/ros2_ws/install/septentrio_gnss_driver/include/septentrio_gnss_driver/msg/detail/vel_cov_geodetic__rosidl_typesupport_introspection_cpp.hpp
-- Symlinking: /home/openark/ros2_ws/install/septentrio_gnss_driver/include/septentrio_gnss_driver/msg/detail/vel_sensor_setup__rosidl_typesupport_introspection_cpp.hpp
-- Symlinking: /home/openark/ros2_ws/install/septentrio_gnss_driver/share/septentrio_gnss_driver/environment/pythonpath.sh
-- Symlinking: /home/openark/ros2_ws/install/septentrio_gnss_driver/share/septentrio_gnss_driver/environment/pythonpath.dsv
-- Symlinking: /home/openark/ros2_ws/install/septentrio_gnss_driver/lib/python3.8/site-packages/septentrio_gnss_driver/__init__.py
-- Symlinking: /home/openark/ros2_ws/install/septentrio_gnss_driver/lib/python3.8/site-packages/septentrio_gnss_driver/msg/__init__.py
-- Symlinking: /home/openark/ros2_ws/install/septentrio_gnss_driver/lib/python3.8/site-packages/septentrio_gnss_driver/msg/_aim_plus_status.py
-- Symlinking: /home/openark/ros2_ws/install/septentrio_gnss_driver/lib/python3.8/site-packages/septentrio_gnss_driver/msg/_att_cov_euler.py
-- Symlinking: /home/openark/ros2_ws/install/septentrio_gnss_driver/lib/python3.8/site-packages/septentrio_gnss_driver/msg/_att_euler.py
-- Symlinking: /home/openark/ros2_ws/install/septentrio_gnss_driver/lib/python3.8/site-packages/septentrio_gnss_driver/msg/_base_vector_cart.py
-- Symlinking: /home/openark/ros2_ws/install/septentrio_gnss_driver/lib/python3.8/site-packages/septentrio_gnss_driver/msg/_base_vector_geod.py
-- Symlinking: /home/openark/ros2_ws/install/septentrio_gnss_driver/lib/python3.8/site-packages/septentrio_gnss_driver/msg/_block_header.py
-- Symlinking: /home/openark/ros2_ws/install/septentrio_gnss_driver/lib/python3.8/site-packages/septentrio_gnss_driver/msg/_ext_sensor_meas.py
-- Symlinking: /home/openark/ros2_ws/install/septentrio_gnss_driver/lib/python3.8/site-packages/septentrio_gnss_driver/msg/_gal_auth_status.py
-- Symlinking: /home/openark/ros2_ws/install/septentrio_gnss_driver/lib/python3.8/site-packages/septentrio_gnss_driver/msg/_imu_setup.py
-- Symlinking: /home/openark/ros2_ws/install/septentrio_gnss_driver/lib/python3.8/site-packages/septentrio_gnss_driver/msg/_ins_nav_cart.py
-- Symlinking: /home/openark/ros2_ws/install/septentrio_gnss_driver/lib/python3.8/site-packages/septentrio_gnss_driver/msg/_ins_nav_geod.py
-- Symlinking: /home/openark/ros2_ws/install/septentrio_gnss_driver/lib/python3.8/site-packages/septentrio_gnss_driver/msg/_meas_epoch.py
-- Symlinking: /home/openark/ros2_ws/install/septentrio_gnss_driver/lib/python3.8/site-packages/septentrio_gnss_driver/msg/_meas_epoch_channel_type1.py
-- Symlinking: /home/openark/ros2_ws/install/septentrio_gnss_driver/lib/python3.8/site-packages/septentrio_gnss_driver/msg/_meas_epoch_channel_type2.py
-- Symlinking: /home/openark/ros2_ws/install/septentrio_gnss_driver/lib/python3.8/site-packages/septentrio_gnss_driver/msg/_pos_cov_cartesian.py
-- Symlinking: /home/openark/ros2_ws/install/septentrio_gnss_driver/lib/python3.8/site-packages/septentrio_gnss_driver/msg/_pos_cov_geodetic.py
-- Symlinking: /home/openark/ros2_ws/install/septentrio_gnss_driver/lib/python3.8/site-packages/septentrio_gnss_driver/msg/_pvt_cartesian.py
-- Symlinking: /home/openark/ros2_ws/install/septentrio_gnss_driver/lib/python3.8/site-packages/septentrio_gnss_driver/msg/_pvt_geodetic.py
-- Symlinking: /home/openark/ros2_ws/install/septentrio_gnss_driver/lib/python3.8/site-packages/septentrio_gnss_driver/msg/_receiver_time.py
-- Symlinking: /home/openark/ros2_ws/install/septentrio_gnss_driver/lib/python3.8/site-packages/septentrio_gnss_driver/msg/_rf_band.py
-- Symlinking: /home/openark/ros2_ws/install/septentrio_gnss_driver/lib/python3.8/site-packages/septentrio_gnss_driver/msg/_rf_status.py
-- Symlinking: /home/openark/ros2_ws/install/septentrio_gnss_driver/lib/python3.8/site-packages/septentrio_gnss_driver/msg/_vector_info_cart.py
-- Symlinking: /home/openark/ros2_ws/install/septentrio_gnss_driver/lib/python3.8/site-packages/septentrio_gnss_driver/msg/_vector_info_geod.py
-- Symlinking: /home/openark/ros2_ws/install/septentrio_gnss_driver/lib/python3.8/site-packages/septentrio_gnss_driver/msg/_vel_cov_cartesian.py
-- Symlinking: /home/openark/ros2_ws/install/septentrio_gnss_driver/lib/python3.8/site-packages/septentrio_gnss_driver/msg/_vel_cov_geodetic.py
-- Symlinking: /home/openark/ros2_ws/install/septentrio_gnss_driver/lib/python3.8/site-packages/septentrio_gnss_driver/msg/_vel_sensor_setup.py
-- Symlinking: /home/openark/ros2_ws/install/septentrio_gnss_driver/lib/python3.8/site-packages/septentrio_gnss_driver/septentrio_gnss_driver_s__rosidl_typesupport_fastrtps_c.cpython-38-x86_64-linux-gnu.so
-- Symlinking: /home/openark/ros2_ws/install/septentrio_gnss_driver/lib/python3.8/site-packages/septentrio_gnss_driver/septentrio_gnss_driver_s__rosidl_typesupport_introspection_c.cpython-38-x86_64-linux-gnu.so
-- Symlinking: /home/openark/ros2_ws/install/septentrio_gnss_driver/lib/python3.8/site-packages/septentrio_gnss_driver/septentrio_gnss_driver_s__rosidl_typesupport_c.cpython-38-x86_64-linux-gnu.so
-- Symlinking: /home/openark/ros2_ws/install/septentrio_gnss_driver/lib/libseptentrio_gnss_driver__python.so
-- Symlinking: /home/openark/ros2_ws/install/septentrio_gnss_driver/share/septentrio_gnss_driver/msg/AIMPlusStatus.idl
-- Symlinking: /home/openark/ros2_ws/install/septentrio_gnss_driver/share/septentrio_gnss_driver/msg/BaseVectorCart.idl
-- Symlinking: /home/openark/ros2_ws/install/septentrio_gnss_driver/share/septentrio_gnss_driver/msg/BaseVectorGeod.idl
-- Symlinking: /home/openark/ros2_ws/install/septentrio_gnss_driver/share/septentrio_gnss_driver/msg/BlockHeader.idl
-- Symlinking: /home/openark/ros2_ws/install/septentrio_gnss_driver/share/septentrio_gnss_driver/msg/GALAuthStatus.idl
-- Symlinking: /home/openark/ros2_ws/install/septentrio_gnss_driver/share/septentrio_gnss_driver/msg/RFBand.idl
-- Symlinking: /home/openark/ros2_ws/install/septentrio_gnss_driver/share/septentrio_gnss_driver/msg/RFStatus.idl
-- Symlinking: /home/openark/ros2_ws/install/septentrio_gnss_driver/share/septentrio_gnss_driver/msg/MeasEpoch.idl
-- Symlinking: /home/openark/ros2_ws/install/septentrio_gnss_driver/share/septentrio_gnss_driver/msg/MeasEpochChannelType1.idl
-- Symlinking: /home/openark/ros2_ws/install/septentrio_gnss_driver/share/septentrio_gnss_driver/msg/MeasEpochChannelType2.idl
-- Symlinking: /home/openark/ros2_ws/install/septentrio_gnss_driver/share/septentrio_gnss_driver/msg/PVTCartesian.idl
-- Symlinking: /home/openark/ros2_ws/install/septentrio_gnss_driver/share/septentrio_gnss_driver/msg/PVTGeodetic.idl
-- Symlinking: /home/openark/ros2_ws/install/septentrio_gnss_driver/share/septentrio_gnss_driver/msg/PosCovCartesian.idl
-- Symlinking: /home/openark/ros2_ws/install/septentrio_gnss_driver/share/septentrio_gnss_driver/msg/PosCovGeodetic.idl
-- Symlinking: /home/openark/ros2_ws/install/septentrio_gnss_driver/share/septentrio_gnss_driver/msg/ReceiverTime.idl
-- Symlinking: /home/openark/ros2_ws/install/septentrio_gnss_driver/share/septentrio_gnss_driver/msg/VelCovCartesian.idl
-- Symlinking: /home/openark/ros2_ws/install/septentrio_gnss_driver/share/septentrio_gnss_driver/msg/VelCovGeodetic.idl
-- Symlinking: /home/openark/ros2_ws/install/septentrio_gnss_driver/share/septentrio_gnss_driver/msg/AttEuler.idl
-- Symlinking: /home/openark/ros2_ws/install/septentrio_gnss_driver/share/septentrio_gnss_driver/msg/AttCovEuler.idl
-- Symlinking: /home/openark/ros2_ws/install/septentrio_gnss_driver/share/septentrio_gnss_driver/msg/INSNavCart.idl
-- Symlinking: /home/openark/ros2_ws/install/septentrio_gnss_driver/share/septentrio_gnss_driver/msg/INSNavGeod.idl
-- Symlinking: /home/openark/ros2_ws/install/septentrio_gnss_driver/share/septentrio_gnss_driver/msg/IMUSetup.idl
-- Symlinking: /home/openark/ros2_ws/install/septentrio_gnss_driver/share/septentrio_gnss_driver/msg/VectorInfoCart.idl
-- Symlinking: /home/openark/ros2_ws/install/septentrio_gnss_driver/share/septentrio_gnss_driver/msg/VectorInfoGeod.idl
-- Symlinking: /home/openark/ros2_ws/install/septentrio_gnss_driver/share/septentrio_gnss_driver/msg/VelSensorSetup.idl
-- Symlinking: /home/openark/ros2_ws/install/septentrio_gnss_driver/share/septentrio_gnss_driver/msg/ExtSensorMeas.idl
-- Symlinking: /home/openark/ros2_ws/install/septentrio_gnss_driver/share/septentrio_gnss_driver/msg/AIMPlusStatus.msg
-- Symlinking: /home/openark/ros2_ws/install/septentrio_gnss_driver/share/septentrio_gnss_driver/msg/BaseVectorCart.msg
-- Symlinking: /home/openark/ros2_ws/install/septentrio_gnss_driver/share/septentrio_gnss_driver/msg/BaseVectorGeod.msg
-- Symlinking: /home/openark/ros2_ws/install/septentrio_gnss_driver/share/septentrio_gnss_driver/msg/BlockHeader.msg
-- Symlinking: /home/openark/ros2_ws/install/septentrio_gnss_driver/share/septentrio_gnss_driver/msg/GALAuthStatus.msg
-- Symlinking: /home/openark/ros2_ws/install/septentrio_gnss_driver/share/septentrio_gnss_driver/msg/RFBand.msg
-- Symlinking: /home/openark/ros2_ws/install/septentrio_gnss_driver/share/septentrio_gnss_driver/msg/RFStatus.msg
-- Symlinking: /home/openark/ros2_ws/install/septentrio_gnss_driver/share/septentrio_gnss_driver/msg/MeasEpoch.msg
-- Symlinking: /home/openark/ros2_ws/install/septentrio_gnss_driver/share/septentrio_gnss_driver/msg/MeasEpochChannelType1.msg
-- Symlinking: /home/openark/ros2_ws/install/septentrio_gnss_driver/share/septentrio_gnss_driver/msg/MeasEpochChannelType2.msg
-- Symlinking: /home/openark/ros2_ws/install/septentrio_gnss_driver/share/septentrio_gnss_driver/msg/PVTCartesian.msg
-- Symlinking: /home/openark/ros2_ws/install/septentrio_gnss_driver/share/septentrio_gnss_driver/msg/PVTGeodetic.msg
-- Symlinking: /home/openark/ros2_ws/install/septentrio_gnss_driver/share/septentrio_gnss_driver/msg/PosCovCartesian.msg
-- Symlinking: /home/openark/ros2_ws/install/septentrio_gnss_driver/share/septentrio_gnss_driver/msg/PosCovGeodetic.msg
-- Symlinking: /home/openark/ros2_ws/install/septentrio_gnss_driver/share/septentrio_gnss_driver/msg/ReceiverTime.msg
-- Symlinking: /home/openark/ros2_ws/install/septentrio_gnss_driver/share/septentrio_gnss_driver/msg/VelCovCartesian.msg
-- Symlinking: /home/openark/ros2_ws/install/septentrio_gnss_driver/share/septentrio_gnss_driver/msg/VelCovGeodetic.msg
-- Symlinking: /home/openark/ros2_ws/install/septentrio_gnss_driver/share/septentrio_gnss_driver/msg/AttEuler.msg
-- Symlinking: /home/openark/ros2_ws/install/septentrio_gnss_driver/share/septentrio_gnss_driver/msg/AttCovEuler.msg
-- Symlinking: /home/openark/ros2_ws/install/septentrio_gnss_driver/share/septentrio_gnss_driver/msg/INSNavCart.msg
-- Symlinking: /home/openark/ros2_ws/install/septentrio_gnss_driver/share/septentrio_gnss_driver/msg/INSNavGeod.msg
-- Symlinking: /home/openark/ros2_ws/install/septentrio_gnss_driver/share/septentrio_gnss_driver/msg/IMUSetup.msg
-- Symlinking: /home/openark/ros2_ws/install/septentrio_gnss_driver/share/septentrio_gnss_driver/msg/VectorInfoCart.msg
-- Symlinking: /home/openark/ros2_ws/install/septentrio_gnss_driver/share/septentrio_gnss_driver/msg/VectorInfoGeod.msg
-- Symlinking: /home/openark/ros2_ws/install/septentrio_gnss_driver/share/septentrio_gnss_driver/msg/VelSensorSetup.msg
-- Symlinking: /home/openark/ros2_ws/install/septentrio_gnss_driver/share/septentrio_gnss_driver/msg/ExtSensorMeas.msg
-- Symlinking: /home/openark/ros2_ws/install/septentrio_gnss_driver/include//septentrio_gnss_driver/abstraction/typedefs.hpp
-- Symlinking: /home/openark/ros2_ws/install/septentrio_gnss_driver/include//septentrio_gnss_driver/communication/async_manager.hpp
-- Symlinking: /home/openark/ros2_ws/install/septentrio_gnss_driver/include//septentrio_gnss_driver/communication/communication_core.hpp
-- Symlinking: /home/openark/ros2_ws/install/septentrio_gnss_driver/include//septentrio_gnss_driver/communication/io.hpp
-- Symlinking: /home/openark/ros2_ws/install/septentrio_gnss_driver/include//septentrio_gnss_driver/communication/message_handler.hpp
-- Symlinking: /home/openark/ros2_ws/install/septentrio_gnss_driver/include//septentrio_gnss_driver/communication/settings.hpp
-- Symlinking: /home/openark/ros2_ws/install/septentrio_gnss_driver/include//septentrio_gnss_driver/communication/telegram.hpp
-- Symlinking: /home/openark/ros2_ws/install/septentrio_gnss_driver/include//septentrio_gnss_driver/communication/telegram_handler.hpp
-- Symlinking: /home/openark/ros2_ws/install/septentrio_gnss_driver/include//septentrio_gnss_driver/crc/crc.hpp
-- Symlinking: /home/openark/ros2_ws/install/septentrio_gnss_driver/include//septentrio_gnss_driver/node/rosaic_node.hpp
-- Symlinking: /home/openark/ros2_ws/install/septentrio_gnss_driver/include//septentrio_gnss_driver/parsers/nmea_parsers/gpgga.hpp
-- Symlinking: /home/openark/ros2_ws/install/septentrio_gnss_driver/include//septentrio_gnss_driver/parsers/nmea_parsers/gpgsa.hpp
-- Symlinking: /home/openark/ros2_ws/install/septentrio_gnss_driver/include//septentrio_gnss_driver/parsers/nmea_parsers/gpgsv.hpp
-- Symlinking: /home/openark/ros2_ws/install/septentrio_gnss_driver/include//septentrio_gnss_driver/parsers/nmea_parsers/gprmc.hpp
-- Symlinking: /home/openark/ros2_ws/install/septentrio_gnss_driver/include//septentrio_gnss_driver/parsers/nmea_sentence.hpp
-- Symlinking: /home/openark/ros2_ws/install/septentrio_gnss_driver/include//septentrio_gnss_driver/parsers/parse_exception.hpp
-- Symlinking: /home/openark/ros2_ws/install/septentrio_gnss_driver/include//septentrio_gnss_driver/parsers/parser_base_class.hpp
-- Symlinking: /home/openark/ros2_ws/install/septentrio_gnss_driver/include//septentrio_gnss_driver/parsers/parsing_utilities.hpp
-- Symlinking: /home/openark/ros2_ws/install/septentrio_gnss_driver/include//septentrio_gnss_driver/parsers/sbf_blocks.hpp
-- Symlinking: /home/openark/ros2_ws/install/septentrio_gnss_driver/include//septentrio_gnss_driver/parsers/string_utilities.hpp
-- Symlinking: /home/openark/ros2_ws/install/septentrio_gnss_driver/include//septentrio_gnss_driver/plugin/BlockHeader.h
-- Symlinking: /home/openark/ros2_ws/install/septentrio_gnss_driver/share/septentrio_gnss_driver/launch/rover.launch.py
-- Symlinking: /home/openark/ros2_ws/install/septentrio_gnss_driver/share/septentrio_gnss_driver/launch/rover_node.launch.py
-- Symlinking: /home/openark/ros2_ws/install/septentrio_gnss_driver/share/septentrio_gnss_driver/config/gnss.yaml
-- Symlinking: /home/openark/ros2_ws/install/septentrio_gnss_driver/share/septentrio_gnss_driver/config/ins.yaml
-- Symlinking: /home/openark/ros2_ws/install/septentrio_gnss_driver/share/septentrio_gnss_driver/config/rover.yaml
-- Symlinking: /home/openark/ros2_ws/install/septentrio_gnss_driver/share/septentrio_gnss_driver/config/rover_node.yaml
-- Symlinking: /home/openark/ros2_ws/install/septentrio_gnss_driver/share/ament_index/resource_index/package_run_dependencies/septentrio_gnss_driver
-- Symlinking: /home/openark/ros2_ws/install/septentrio_gnss_driver/share/ament_index/resource_index/parent_prefix_path/septentrio_gnss_driver
-- Symlinking: /home/openark/ros2_ws/install/septentrio_gnss_driver/share/septentrio_gnss_driver/environment/ament_prefix_path.sh
-- Symlinking: /home/openark/ros2_ws/install/septentrio_gnss_driver/share/septentrio_gnss_driver/environment/ament_prefix_path.dsv
-- Symlinking: /home/openark/ros2_ws/install/septentrio_gnss_driver/share/septentrio_gnss_driver/environment/path.sh
-- Symlinking: /home/openark/ros2_ws/install/septentrio_gnss_driver/share/septentrio_gnss_driver/environment/path.dsv
-- Symlinking: /home/openark/ros2_ws/install/septentrio_gnss_driver/share/septentrio_gnss_driver/local_setup.bash
-- Symlinking: /home/openark/ros2_ws/install/septentrio_gnss_driver/share/septentrio_gnss_driver/local_setup.sh
-- Symlinking: /home/openark/ros2_ws/install/septentrio_gnss_driver/share/septentrio_gnss_driver/local_setup.zsh
-- Symlinking: /home/openark/ros2_ws/install/septentrio_gnss_driver/share/septentrio_gnss_driver/local_setup.dsv
-- Symlinking: /home/openark/ros2_ws/install/septentrio_gnss_driver/share/septentrio_gnss_driver/package.dsv
-- Symlinking: /home/openark/ros2_ws/install/septentrio_gnss_driver/share/ament_index/resource_index/packages/septentrio_gnss_driver
-- Symlinking: /home/openark/ros2_ws/install/septentrio_gnss_driver/share/ament_index/resource_index/rclcpp_components/septentrio_gnss_driver
-- Symlinking: /home/openark/ros2_ws/install/septentrio_gnss_driver/share/septentrio_gnss_driver/cmake/rosidl_cmake-extras.cmake
-- Symlinking: /home/openark/ros2_ws/install/septentrio_gnss_driver/share/septentrio_gnss_driver/cmake/ament_cmake_export_dependencies-extras.cmake
-- Symlinking: /home/openark/ros2_ws/install/septentrio_gnss_driver/share/septentrio_gnss_driver/cmake/ament_cmake_export_libraries-extras.cmake
-- Symlinking: /home/openark/ros2_ws/install/septentrio_gnss_driver/share/septentrio_gnss_driver/cmake/ament_cmake_export_targets-extras.cmake
-- Symlinking: /home/openark/ros2_ws/install/septentrio_gnss_driver/share/septentrio_gnss_driver/cmake/ament_cmake_export_include_directories-extras.cmake
-- Symlinking: /home/openark/ros2_ws/install/septentrio_gnss_driver/share/septentrio_gnss_driver/cmake/rosidl_cmake_export_typesupport_libraries-extras.cmake
-- Symlinking: /home/openark/ros2_ws/install/septentrio_gnss_driver/share/septentrio_gnss_driver/cmake/rosidl_cmake_export_typesupport_targets-extras.cmake
-- Symlinking: /home/openark/ros2_ws/install/septentrio_gnss_driver/share/septentrio_gnss_driver/cmake/septentrio_gnss_driverConfig.cmake
-- Symlinking: /home/openark/ros2_ws/install/septentrio_gnss_driver/share/septentrio_gnss_driver/cmake/septentrio_gnss_driverConfig-version.cmake
-- Symlinking: /home/openark/ros2_ws/install/septentrio_gnss_driver/share/septentrio_gnss_driver/package.xml
-- Up-to-date: /home/openark/ros2_ws/install/septentrio_gnss_driver/lib/libseptentrio_gnss_driver__rosidl_generator_c.so
-- Up-to-date: /home/openark/ros2_ws/install/septentrio_gnss_driver/lib/libseptentrio_gnss_driver__rosidl_typesupport_introspection_c.so
-- Up-to-date: /home/openark/ros2_ws/install/septentrio_gnss_driver/lib/libseptentrio_gnss_driver__rosidl_typesupport_c.so
-- Up-to-date: /home/openark/ros2_ws/install/septentrio_gnss_driver/lib/libseptentrio_gnss_driver__rosidl_typesupport_introspection_cpp.so
-- Up-to-date: /home/openark/ros2_ws/install/septentrio_gnss_driver/lib/libseptentrio_gnss_driver__rosidl_typesupport_cpp.so
Compiling '/home/openark/ros2_ws/install/septentrio_gnss_driver/lib/python3.8/site-packages/septentrio_gnss_driver/__init__.py'...
-- Installing: /home/openark/ros2_ws/install/septentrio_gnss_driver/lib/libseptentrio_gnss_driver_core.so
-- Set runtime path of "/home/openark/ros2_ws/install/septentrio_gnss_driver/lib/libseptentrio_gnss_driver_core.so" to ""
-- Installing: /home/openark/ros2_ws/install/septentrio_gnss_driver/lib/septentrio_gnss_driver/septentrio_gnss_driver_node
-- Set runtime path of "/home/openark/ros2_ws/install/septentrio_gnss_driver/lib/septentrio_gnss_driver/septentrio_gnss_driver_node" to ""
-- Up-to-date: /home/openark/ros2_ws/install/septentrio_gnss_driver/share/septentrio_gnss_driver/cmake/septentrio_gnss_driver__rosidl_generator_cExport.cmake
-- Installing: /home/openark/ros2_ws/install/septentrio_gnss_driver/share/septentrio_gnss_driver/cmake/septentrio_gnss_driver__rosidl_generator_cExport-release.cmake
-- Up-to-date: /home/openark/ros2_ws/install/septentrio_gnss_driver/share/septentrio_gnss_driver/cmake/septentrio_gnss_driver__rosidl_typesupport_introspection_cExport.cmake
-- Installing: /home/openark/ros2_ws/install/septentrio_gnss_driver/share/septentrio_gnss_driver/cmake/septentrio_gnss_driver__rosidl_typesupport_introspection_cExport-release.cmake
-- Up-to-date: /home/openark/ros2_ws/install/septentrio_gnss_driver/share/septentrio_gnss_driver/cmake/septentrio_gnss_driver__rosidl_typesupport_cExport.cmake
-- Installing: /home/openark/ros2_ws/install/septentrio_gnss_driver/share/septentrio_gnss_driver/cmake/septentrio_gnss_driver__rosidl_typesupport_cExport-release.cmake
-- Up-to-date: /home/openark/ros2_ws/install/septentrio_gnss_driver/share/septentrio_gnss_driver/cmake/septentrio_gnss_driver__rosidl_generator_cppExport.cmake
-- Up-to-date: /home/openark/ros2_ws/install/septentrio_gnss_driver/share/septentrio_gnss_driver/cmake/septentrio_gnss_driver__rosidl_typesupport_introspection_cppExport.cmake
-- Installing: /home/openark/ros2_ws/install/septentrio_gnss_driver/share/septentrio_gnss_driver/cmake/septentrio_gnss_driver__rosidl_typesupport_introspection_cppExport-release.cmake
-- Up-to-date: /home/openark/ros2_ws/install/septentrio_gnss_driver/share/septentrio_gnss_driver/cmake/septentrio_gnss_driver__rosidl_typesupport_cppExport.cmake
-- Installing: /home/openark/ros2_ws/install/septentrio_gnss_driver/share/septentrio_gnss_driver/cmake/septentrio_gnss_driver__rosidl_typesupport_cppExport-release.cmake
-- Up-to-date: /home/openark/ros2_ws/install/septentrio_gnss_driver/share/septentrio_gnss_driver/cmake/septentrio_gnss_driver_coreExport.cmake
-- Installing: /home/openark/ros2_ws/install/septentrio_gnss_driver/share/septentrio_gnss_driver/cmake/septentrio_gnss_driver_coreExport-release.cmake
