Performing C SOURCE FILE Test CMAKE_HAVE_LIBC_PTHREAD failed with the following output:
Change Dir: /home/openark/ros2_ws/src/build/examples_rclcpp_minimal_service/CMakeFiles/CMakeTmp

<<<<<<< HEAD
Run Build Command(s):/usr/bin/make cmTC_65087/fast && /usr/bin/make -f CMakeFiles/cmTC_65087.dir/build.make CMakeFiles/cmTC_65087.dir/build
make[1]: Entering directory '/home/openark/ros2_ws/src/build/examples_rclcpp_minimal_service/CMakeFiles/CMakeTmp'
Building C object CMakeFiles/cmTC_65087.dir/src.c.o
/usr/bin/cc   -DCMAKE_HAVE_LIBC_PTHREAD   -o CMakeFiles/cmTC_65087.dir/src.c.o   -c /home/openark/ros2_ws/src/build/examples_rclcpp_minimal_service/CMakeFiles/CMakeTmp/src.c
Linking C executable cmTC_65087
/usr/bin/cmake -E cmake_link_script CMakeFiles/cmTC_65087.dir/link.txt --verbose=1
/usr/bin/cc  -DCMAKE_HAVE_LIBC_PTHREAD    CMakeFiles/cmTC_65087.dir/src.c.o  -o cmTC_65087 
/usr/bin/ld: CMakeFiles/cmTC_65087.dir/src.c.o: in function `main':
=======
Run Build Command(s):/usr/bin/make cmTC_6ed1b/fast && /usr/bin/make -f CMakeFiles/cmTC_6ed1b.dir/build.make CMakeFiles/cmTC_6ed1b.dir/build
make[1]: Entering directory '/home/openark/ros2_ws/src/build/examples_rclcpp_minimal_service/CMakeFiles/CMakeTmp'
Building C object CMakeFiles/cmTC_6ed1b.dir/src.c.o
/usr/bin/cc   -DCMAKE_HAVE_LIBC_PTHREAD   -o CMakeFiles/cmTC_6ed1b.dir/src.c.o   -c /home/openark/ros2_ws/src/build/examples_rclcpp_minimal_service/CMakeFiles/CMakeTmp/src.c
Linking C executable cmTC_6ed1b
/usr/bin/cmake -E cmake_link_script CMakeFiles/cmTC_6ed1b.dir/link.txt --verbose=1
/usr/bin/cc  -DCMAKE_HAVE_LIBC_PTHREAD    CMakeFiles/cmTC_6ed1b.dir/src.c.o  -o cmTC_6ed1b 
/usr/bin/ld: CMakeFiles/cmTC_6ed1b.dir/src.c.o: in function `main':
>>>>>>> a78d895c08221f1d9ededfbef80db89bbb4edab8
src.c:(.text+0x46): undefined reference to `pthread_create'
/usr/bin/ld: src.c:(.text+0x52): undefined reference to `pthread_detach'
/usr/bin/ld: src.c:(.text+0x63): undefined reference to `pthread_join'
collect2: error: ld returned 1 exit status
<<<<<<< HEAD
make[1]: *** [CMakeFiles/cmTC_65087.dir/build.make:87: cmTC_65087] Error 1
make[1]: Leaving directory '/home/openark/ros2_ws/src/build/examples_rclcpp_minimal_service/CMakeFiles/CMakeTmp'
make: *** [Makefile:121: cmTC_65087/fast] Error 2
=======
make[1]: *** [CMakeFiles/cmTC_6ed1b.dir/build.make:87: cmTC_6ed1b] Error 1
make[1]: Leaving directory '/home/openark/ros2_ws/src/build/examples_rclcpp_minimal_service/CMakeFiles/CMakeTmp'
make: *** [Makefile:121: cmTC_6ed1b/fast] Error 2
>>>>>>> a78d895c08221f1d9ededfbef80db89bbb4edab8


Source file was:
#include <pthread.h>

void* test_func(void* data)
{
  return data;
}

int main(void)
{
  pthread_t thread;
  pthread_create(&thread, NULL, test_func, NULL);
  pthread_detach(thread);
  pthread_join(thread, NULL);
  pthread_atfork(NULL, NULL, NULL);
  pthread_exit(NULL);

  return 0;
}

Determining if the function pthread_create exists in the pthreads failed with the following output:
Change Dir: /home/openark/ros2_ws/src/build/examples_rclcpp_minimal_service/CMakeFiles/CMakeTmp

<<<<<<< HEAD
Run Build Command(s):/usr/bin/make cmTC_b9cf2/fast && /usr/bin/make -f CMakeFiles/cmTC_b9cf2.dir/build.make CMakeFiles/cmTC_b9cf2.dir/build
make[1]: Entering directory '/home/openark/ros2_ws/src/build/examples_rclcpp_minimal_service/CMakeFiles/CMakeTmp'
Building C object CMakeFiles/cmTC_b9cf2.dir/CheckFunctionExists.c.o
/usr/bin/cc   -DCHECK_FUNCTION_EXISTS=pthread_create   -o CMakeFiles/cmTC_b9cf2.dir/CheckFunctionExists.c.o   -c /usr/share/cmake-3.16/Modules/CheckFunctionExists.c
Linking C executable cmTC_b9cf2
/usr/bin/cmake -E cmake_link_script CMakeFiles/cmTC_b9cf2.dir/link.txt --verbose=1
/usr/bin/cc  -DCHECK_FUNCTION_EXISTS=pthread_create    CMakeFiles/cmTC_b9cf2.dir/CheckFunctionExists.c.o  -o cmTC_b9cf2  -lpthreads 
/usr/bin/ld: cannot find -lpthreads
collect2: error: ld returned 1 exit status
make[1]: *** [CMakeFiles/cmTC_b9cf2.dir/build.make:87: cmTC_b9cf2] Error 1
make[1]: Leaving directory '/home/openark/ros2_ws/src/build/examples_rclcpp_minimal_service/CMakeFiles/CMakeTmp'
make: *** [Makefile:121: cmTC_b9cf2/fast] Error 2
=======
Run Build Command(s):/usr/bin/make cmTC_278e1/fast && /usr/bin/make -f CMakeFiles/cmTC_278e1.dir/build.make CMakeFiles/cmTC_278e1.dir/build
make[1]: Entering directory '/home/openark/ros2_ws/src/build/examples_rclcpp_minimal_service/CMakeFiles/CMakeTmp'
Building C object CMakeFiles/cmTC_278e1.dir/CheckFunctionExists.c.o
/usr/bin/cc   -DCHECK_FUNCTION_EXISTS=pthread_create   -o CMakeFiles/cmTC_278e1.dir/CheckFunctionExists.c.o   -c /usr/share/cmake-3.16/Modules/CheckFunctionExists.c
Linking C executable cmTC_278e1
/usr/bin/cmake -E cmake_link_script CMakeFiles/cmTC_278e1.dir/link.txt --verbose=1
/usr/bin/cc  -DCHECK_FUNCTION_EXISTS=pthread_create    CMakeFiles/cmTC_278e1.dir/CheckFunctionExists.c.o  -o cmTC_278e1  -lpthreads 
/usr/bin/ld: cannot find -lpthreads
collect2: error: ld returned 1 exit status
make[1]: *** [CMakeFiles/cmTC_278e1.dir/build.make:87: cmTC_278e1] Error 1
make[1]: Leaving directory '/home/openark/ros2_ws/src/build/examples_rclcpp_minimal_service/CMakeFiles/CMakeTmp'
make: *** [Makefile:121: cmTC_278e1/fast] Error 2
>>>>>>> a78d895c08221f1d9ededfbef80db89bbb4edab8



