[3.043s] Invoking command in '/home/openark/ros2_ws/src/examples/rclpy/executors': PYTHONPATH=/home/openark/ros2_ws/src/build/examples_rclpy_executors/prefix_override:/home/openark/ros2_ws/src/install/examples_rclpy_executors/lib/python3.8/site-packages:${PYTHONPATH} /usr/bin/python3 setup.py egg_info --egg-base ../../../build/examples_rclpy_executors build --build-base /home/openark/ros2_ws/src/build/examples_rclpy_executors/build install --record /home/openark/ros2_ws/src/build/examples_rclpy_executors/install.log --install-scripts $base/lib/examples_rclpy_executors --single-version-externally-managed
[5.046s] running egg_info
[5.046s] creating ../../../build/examples_rclpy_executors/examples_rclpy_executors.egg-info
[5.046s] writing ../../../build/examples_rclpy_executors/examples_rclpy_executors.egg-info/PKG-INFO
[5.046s] writing dependency_links to ../../../build/examples_rclpy_executors/examples_rclpy_executors.egg-info/dependency_links.txt
[5.047s] writing entry points to ../../../build/examples_rclpy_executors/examples_rclpy_executors.egg-info/entry_points.txt
[5.047s] writing requirements to ../../../build/examples_rclpy_executors/examples_rclpy_executors.egg-info/requires.txt
[5.047s] writing top-level names to ../../../build/examples_rclpy_executors/examples_rclpy_executors.egg-info/top_level.txt
[5.047s] writing manifest file '../../../build/examples_rclpy_executors/examples_rclpy_executors.egg-info/SOURCES.txt'
[5.047s] reading manifest file '../../../build/examples_rclpy_executors/examples_rclpy_executors.egg-info/SOURCES.txt'
[5.047s] writing manifest file '../../../build/examples_rclpy_executors/examples_rclpy_executors.egg-info/SOURCES.txt'
[5.048s] running build
[5.048s] running build_py
[5.048s] creating /home/openark/ros2_ws/src/build/examples_rclpy_executors/build
[5.048s] creating /home/openark/ros2_ws/src/build/examples_rclpy_executors/build/lib
[5.048s] creating /home/openark/ros2_ws/src/build/examples_rclpy_executors/build/lib/examples_rclpy_executors
[5.048s] copying examples_rclpy_executors/__init__.py -> /home/openark/ros2_ws/src/build/examples_rclpy_executors/build/lib/examples_rclpy_executors
[5.049s] copying examples_rclpy_executors/callback_group.py -> /home/openark/ros2_ws/src/build/examples_rclpy_executors/build/lib/examples_rclpy_executors
[5.049s] copying examples_rclpy_executors/composed.py -> /home/openark/ros2_ws/src/build/examples_rclpy_executors/build/lib/examples_rclpy_executors
[5.049s] copying examples_rclpy_executors/talker.py -> /home/openark/ros2_ws/src/build/examples_rclpy_executors/build/lib/examples_rclpy_executors
[5.049s] copying examples_rclpy_executors/custom_executor.py -> /home/openark/ros2_ws/src/build/examples_rclpy_executors/build/lib/examples_rclpy_executors
[5.049s] copying examples_rclpy_executors/listener.py -> /home/openark/ros2_ws/src/build/examples_rclpy_executors/build/lib/examples_rclpy_executors
[5.049s] copying examples_rclpy_executors/custom_callback_group.py -> /home/openark/ros2_ws/src/build/examples_rclpy_executors/build/lib/examples_rclpy_executors
[5.049s] running install
[5.050s] running install_lib
[5.050s] running install_data
[5.050s] running install_egg_info
[5.050s] removing '/home/openark/ros2_ws/src/install/examples_rclpy_executors/lib/python3.8/site-packages/examples_rclpy_executors-0.9.4-py3.8.egg-info' (and everything under it)
[5.050s] Copying ../../../build/examples_rclpy_executors/examples_rclpy_executors.egg-info to /home/openark/ros2_ws/src/install/examples_rclpy_executors/lib/python3.8/site-packages/examples_rclpy_executors-0.9.4-py3.8.egg-info
[5.050s] running install_scripts
[5.051s] Installing callback_group script to /home/openark/ros2_ws/src/install/examples_rclpy_executors/lib/examples_rclpy_executors
[5.051s] Installing composed script to /home/openark/ros2_ws/src/install/examples_rclpy_executors/lib/examples_rclpy_executors
[5.051s] Installing custom_callback_group script to /home/openark/ros2_ws/src/install/examples_rclpy_executors/lib/examples_rclpy_executors
[5.051s] Installing custom_executor script to /home/openark/ros2_ws/src/install/examples_rclpy_executors/lib/examples_rclpy_executors
[5.051s] Installing listener script to /home/openark/ros2_ws/src/install/examples_rclpy_executors/lib/examples_rclpy_executors
[5.051s] Installing talker script to /home/openark/ros2_ws/src/install/examples_rclpy_executors/lib/examples_rclpy_executors
[5.051s] writing list of installed files to '/home/openark/ros2_ws/src/build/examples_rclpy_executors/install.log'
[5.095s] Invoked command in '/home/openark/ros2_ws/src/examples/rclpy/executors' returned '0': PYTHONPATH=/home/openark/ros2_ws/src/build/examples_rclpy_executors/prefix_override:/home/openark/ros2_ws/src/install/examples_rclpy_executors/lib/python3.8/site-packages:${PYTHONPATH} /usr/bin/python3 setup.py egg_info --egg-base ../../../build/examples_rclpy_executors build --build-base /home/openark/ros2_ws/src/build/examples_rclpy_executors/build install --record /home/openark/ros2_ws/src/build/examples_rclpy_executors/install.log --install-scripts $base/lib/examples_rclpy_executors --single-version-externally-managed
