[2.949s] Invoking command in '/home/openark/ros2_ws/src/examples/rclpy/executors': PYTHONPATH=/home/openark/ros2_ws/build/examples_rclpy_executors/prefix_override:/home/openark/ros2_ws/install/examples_rclpy_executors/lib/python3.8/site-packages:${PYTHONPATH} /usr/bin/python3 setup.py egg_info --egg-base ../../../../build/examples_rclpy_executors build --build-base /home/openark/ros2_ws/build/examples_rclpy_executors/build install --record /home/openark/ros2_ws/build/examples_rclpy_executors/install.log --install-scripts $base/lib/examples_rclpy_executors --single-version-externally-managed
[5.286s] running egg_info
[5.286s] creating ../../../../build/examples_rclpy_executors/examples_rclpy_executors.egg-info
[5.286s] writing ../../../../build/examples_rclpy_executors/examples_rclpy_executors.egg-info/PKG-INFO
[5.286s] writing dependency_links to ../../../../build/examples_rclpy_executors/examples_rclpy_executors.egg-info/dependency_links.txt
[5.286s] writing entry points to ../../../../build/examples_rclpy_executors/examples_rclpy_executors.egg-info/entry_points.txt
[5.286s] writing requirements to ../../../../build/examples_rclpy_executors/examples_rclpy_executors.egg-info/requires.txt
[5.287s] writing top-level names to ../../../../build/examples_rclpy_executors/examples_rclpy_executors.egg-info/top_level.txt
[5.294s] writing manifest file '../../../../build/examples_rclpy_executors/examples_rclpy_executors.egg-info/SOURCES.txt'
[5.294s] reading manifest file '../../../../build/examples_rclpy_executors/examples_rclpy_executors.egg-info/SOURCES.txt'
[5.294s] writing manifest file '../../../../build/examples_rclpy_executors/examples_rclpy_executors.egg-info/SOURCES.txt'
[5.294s] running build
[5.294s] running build_py
[5.295s] creating /home/openark/ros2_ws/build/examples_rclpy_executors/build
[5.295s] creating /home/openark/ros2_ws/build/examples_rclpy_executors/build/lib
[5.295s] creating /home/openark/ros2_ws/build/examples_rclpy_executors/build/lib/examples_rclpy_executors
[5.295s] copying examples_rclpy_executors/__init__.py -> /home/openark/ros2_ws/build/examples_rclpy_executors/build/lib/examples_rclpy_executors
[5.295s] copying examples_rclpy_executors/callback_group.py -> /home/openark/ros2_ws/build/examples_rclpy_executors/build/lib/examples_rclpy_executors
[5.296s] copying examples_rclpy_executors/composed.py -> /home/openark/ros2_ws/build/examples_rclpy_executors/build/lib/examples_rclpy_executors
[5.296s] copying examples_rclpy_executors/talker.py -> /home/openark/ros2_ws/build/examples_rclpy_executors/build/lib/examples_rclpy_executors
[5.296s] copying examples_rclpy_executors/custom_executor.py -> /home/openark/ros2_ws/build/examples_rclpy_executors/build/lib/examples_rclpy_executors
[5.296s] copying examples_rclpy_executors/listener.py -> /home/openark/ros2_ws/build/examples_rclpy_executors/build/lib/examples_rclpy_executors
[5.296s] copying examples_rclpy_executors/custom_callback_group.py -> /home/openark/ros2_ws/build/examples_rclpy_executors/build/lib/examples_rclpy_executors
[5.296s] running install
[5.297s] running install_lib
[5.297s] creating /home/openark/ros2_ws/install/examples_rclpy_executors/lib/python3.8/site-packages/examples_rclpy_executors
[5.297s] copying /home/openark/ros2_ws/build/examples_rclpy_executors/build/lib/examples_rclpy_executors/__init__.py -> /home/openark/ros2_ws/install/examples_rclpy_executors/lib/python3.8/site-packages/examples_rclpy_executors
[5.297s] copying /home/openark/ros2_ws/build/examples_rclpy_executors/build/lib/examples_rclpy_executors/callback_group.py -> /home/openark/ros2_ws/install/examples_rclpy_executors/lib/python3.8/site-packages/examples_rclpy_executors
[5.297s] copying /home/openark/ros2_ws/build/examples_rclpy_executors/build/lib/examples_rclpy_executors/composed.py -> /home/openark/ros2_ws/install/examples_rclpy_executors/lib/python3.8/site-packages/examples_rclpy_executors
[5.302s] copying /home/openark/ros2_ws/build/examples_rclpy_executors/build/lib/examples_rclpy_executors/talker.py -> /home/openark/ros2_ws/install/examples_rclpy_executors/lib/python3.8/site-packages/examples_rclpy_executors
[5.302s] copying /home/openark/ros2_ws/build/examples_rclpy_executors/build/lib/examples_rclpy_executors/custom_executor.py -> /home/openark/ros2_ws/install/examples_rclpy_executors/lib/python3.8/site-packages/examples_rclpy_executors
[5.302s] copying /home/openark/ros2_ws/build/examples_rclpy_executors/build/lib/examples_rclpy_executors/listener.py -> /home/openark/ros2_ws/install/examples_rclpy_executors/lib/python3.8/site-packages/examples_rclpy_executors
[5.302s] copying /home/openark/ros2_ws/build/examples_rclpy_executors/build/lib/examples_rclpy_executors/custom_callback_group.py -> /home/openark/ros2_ws/install/examples_rclpy_executors/lib/python3.8/site-packages/examples_rclpy_executors
[5.302s] byte-compiling /home/openark/ros2_ws/install/examples_rclpy_executors/lib/python3.8/site-packages/examples_rclpy_executors/__init__.py to __init__.cpython-38.pyc
[5.303s] byte-compiling /home/openark/ros2_ws/install/examples_rclpy_executors/lib/python3.8/site-packages/examples_rclpy_executors/callback_group.py to callback_group.cpython-38.pyc
[5.313s] byte-compiling /home/openark/ros2_ws/install/examples_rclpy_executors/lib/python3.8/site-packages/examples_rclpy_executors/composed.py to composed.cpython-38.pyc
[5.313s] byte-compiling /home/openark/ros2_ws/install/examples_rclpy_executors/lib/python3.8/site-packages/examples_rclpy_executors/talker.py to talker.cpython-38.pyc
[5.314s] byte-compiling /home/openark/ros2_ws/install/examples_rclpy_executors/lib/python3.8/site-packages/examples_rclpy_executors/custom_executor.py to custom_executor.cpython-38.pyc
[5.315s] byte-compiling /home/openark/ros2_ws/install/examples_rclpy_executors/lib/python3.8/site-packages/examples_rclpy_executors/listener.py to listener.cpython-38.pyc
[5.315s] byte-compiling /home/openark/ros2_ws/install/examples_rclpy_executors/lib/python3.8/site-packages/examples_rclpy_executors/custom_callback_group.py to custom_callback_group.cpython-38.pyc
[5.315s] running install_data
[5.315s] creating /home/openark/ros2_ws/install/examples_rclpy_executors/share/ament_index
[5.315s] creating /home/openark/ros2_ws/install/examples_rclpy_executors/share/ament_index/resource_index
[5.315s] creating /home/openark/ros2_ws/install/examples_rclpy_executors/share/ament_index/resource_index/packages
[5.315s] copying resource/examples_rclpy_executors -> /home/openark/ros2_ws/install/examples_rclpy_executors/share/ament_index/resource_index/packages
[5.316s] copying package.xml -> /home/openark/ros2_ws/install/examples_rclpy_executors/share/examples_rclpy_executors
[5.316s] running install_egg_info
[5.316s] Copying ../../../../build/examples_rclpy_executors/examples_rclpy_executors.egg-info to /home/openark/ros2_ws/install/examples_rclpy_executors/lib/python3.8/site-packages/examples_rclpy_executors-0.9.4-py3.8.egg-info
[5.316s] running install_scripts
[5.317s] Installing callback_group script to /home/openark/ros2_ws/install/examples_rclpy_executors/lib/examples_rclpy_executors
[5.317s] Installing composed script to /home/openark/ros2_ws/install/examples_rclpy_executors/lib/examples_rclpy_executors
[5.317s] Installing custom_callback_group script to /home/openark/ros2_ws/install/examples_rclpy_executors/lib/examples_rclpy_executors
[5.317s] Installing custom_executor script to /home/openark/ros2_ws/install/examples_rclpy_executors/lib/examples_rclpy_executors
[5.318s] Installing listener script to /home/openark/ros2_ws/install/examples_rclpy_executors/lib/examples_rclpy_executors
[5.318s] Installing talker script to /home/openark/ros2_ws/install/examples_rclpy_executors/lib/examples_rclpy_executors
[5.318s] writing list of installed files to '/home/openark/ros2_ws/build/examples_rclpy_executors/install.log'
[5.350s] Invoked command in '/home/openark/ros2_ws/src/examples/rclpy/executors' returned '0': PYTHONPATH=/home/openark/ros2_ws/build/examples_rclpy_executors/prefix_override:/home/openark/ros2_ws/install/examples_rclpy_executors/lib/python3.8/site-packages:${PYTHONPATH} /usr/bin/python3 setup.py egg_info --egg-base ../../../../build/examples_rclpy_executors build --build-base /home/openark/ros2_ws/build/examples_rclpy_executors/build install --record /home/openark/ros2_ws/build/examples_rclpy_executors/install.log --install-scripts $base/lib/examples_rclpy_executors --single-version-externally-managed
