[0.742s] Invoking command in '/home/openark/ros2_ws/build/examples_rclcpp_minimal_timer': CMAKE_PREFIX_PATH=/opt/ros/foxy /usr/bin/cmake --build /home/openark/ros2_ws/build/examples_rclcpp_minimal_timer -- -j12 -l12
[1.853s] [ 50%] Built target timer_lambda
[1.855s] [100%] Built target timer_member_function
[1.874s] Invoked command in '/home/openark/ros2_ws/build/examples_rclcpp_minimal_timer' returned '0': CMAKE_PREFIX_PATH=/opt/ros/foxy /usr/bin/cmake --build /home/openark/ros2_ws/build/examples_rclcpp_minimal_timer -- -j12 -l12
[1.968s] Invoking command in '/home/openark/ros2_ws/build/examples_rclcpp_minimal_timer': CMAKE_PREFIX_PATH=/opt/ros/foxy /usr/bin/cmake --install /home/openark/ros2_ws/build/examples_rclcpp_minimal_timer
[2.037s] -- Install configuration: ""
[2.037s] -- Execute custom install script
[2.037s] -- Up-to-date symlink: /home/openark/ros2_ws/install/examples_rclcpp_minimal_timer/lib/examples_rclcpp_minimal_timer/timer_lambda
[2.037s] -- Up-to-date symlink: /home/openark/ros2_ws/install/examples_rclcpp_minimal_timer/lib/examples_rclcpp_minimal_timer/timer_member_function
[2.038s] -- Up-to-date symlink: /home/openark/ros2_ws/install/examples_rclcpp_minimal_timer/share/ament_index/resource_index/package_run_dependencies/examples_rclcpp_minimal_timer
[2.039s] -- Up-to-date symlink: /home/openark/ros2_ws/install/examples_rclcpp_minimal_timer/share/ament_index/resource_index/parent_prefix_path/examples_rclcpp_minimal_timer
[2.040s] -- Up-to-date symlink: /home/openark/ros2_ws/install/examples_rclcpp_minimal_timer/share/examples_rclcpp_minimal_timer/environment/ament_prefix_path.sh
[2.041s] -- Up-to-date symlink: /home/openark/ros2_ws/install/examples_rclcpp_minimal_timer/share/examples_rclcpp_minimal_timer/environment/ament_prefix_path.dsv
[2.042s] -- Up-to-date symlink: /home/openark/ros2_ws/install/examples_rclcpp_minimal_timer/share/examples_rclcpp_minimal_timer/environment/path.sh
[2.042s] -- Up-to-date symlink: /home/openark/ros2_ws/install/examples_rclcpp_minimal_timer/share/examples_rclcpp_minimal_timer/environment/path.dsv
[2.042s] -- Up-to-date symlink: /home/openark/ros2_ws/install/examples_rclcpp_minimal_timer/share/examples_rclcpp_minimal_timer/local_setup.bash
[2.043s] -- Up-to-date symlink: /home/openark/ros2_ws/install/examples_rclcpp_minimal_timer/share/examples_rclcpp_minimal_timer/local_setup.sh
[2.044s] -- Up-to-date symlink: /home/openark/ros2_ws/install/examples_rclcpp_minimal_timer/share/examples_rclcpp_minimal_timer/local_setup.zsh
[2.045s] -- Up-to-date symlink: /home/openark/ros2_ws/install/examples_rclcpp_minimal_timer/share/examples_rclcpp_minimal_timer/local_setup.dsv
[2.045s] -- Symlinking: /home/openark/ros2_ws/install/examples_rclcpp_minimal_timer/share/examples_rclcpp_minimal_timer/package.dsv
[2.054s] -- Up-to-date symlink: /home/openark/ros2_ws/install/examples_rclcpp_minimal_timer/share/ament_index/resource_index/packages/examples_rclcpp_minimal_timer
[2.056s] -- Up-to-date symlink: /home/openark/ros2_ws/install/examples_rclcpp_minimal_timer/share/examples_rclcpp_minimal_timer/cmake/examples_rclcpp_minimal_timerConfig.cmake
[2.057s] -- Up-to-date symlink: /home/openark/ros2_ws/install/examples_rclcpp_minimal_timer/share/examples_rclcpp_minimal_timer/cmake/examples_rclcpp_minimal_timerConfig-version.cmake
[2.062s] -- Up-to-date symlink: /home/openark/ros2_ws/install/examples_rclcpp_minimal_timer/share/examples_rclcpp_minimal_timer/package.xml
[2.927s] Invoked command in '/home/openark/ros2_ws/build/examples_rclcpp_minimal_timer' returned '0': CMAKE_PREFIX_PATH=/opt/ros/foxy /usr/bin/cmake --install /home/openark/ros2_ws/build/examples_rclcpp_minimal_timer
