[2.044s] Invoking command in '/home/openark/ros2_ws/src/build/zed_interfaces': CMAKE_PREFIX_PATH=/home/openark/ros2_ws/install/zed_ros2:/home/openark/ros2_ws/install/zed_multi_camera:/home/openark/ros2_ws/install/zed_display_rviz2:/home/openark/ros2_ws/install/zed_wrapper:/home/openark/ros2_ws/install/zed_tutorial_video:/home/openark/ros2_ws/install/zed_tutorial_pos_tracking:/home/openark/ros2_ws/install/zed_tutorial_depth:/home/openark/ros2_ws/install/zed_topic_benchmark_interfaces:/home/openark/ros2_ws/install/zed_rgb_convert:/home/openark/ros2_ws/install/zed_components:/home/openark/ros2_ws/install/rviz_plugin_zed_od:/home/openark/ros2_ws/install/zed_interfaces:/home/openark/ros2_ws/install/examples_rclpy_minimal_subscriber:/home/openark/ros2_ws/install/examples_rclpy_minimal_service:/home/openark/ros2_ws/install/examples_rclpy_minimal_publisher:/home/openark/ros2_ws/install/examples_rclpy_minimal_client:/home/openark/ros2_ws/install/examples_rclpy_minimal_action_server:/home/openark/ros2_ws/install/examples_rclpy_minimal_action_client:/home/openark/ros2_ws/install/examples_rclpy_executors:/opt/ros/foxy:/home/openark/ros2_ws/install/septentrio_gnss_driver:/home/openark/ros2_ws/install/roar_septentrio_interface:/home/openark/ros2_ws/install/examples_rclcpp_multithreaded_executor:/home/openark/ros2_ws/install/examples_rclcpp_minimal_timer:/home/openark/ros2_ws/install/examples_rclcpp_minimal_subscriber:/home/openark/ros2_ws/install/examples_rclcpp_minimal_service:/home/openark/ros2_ws/install/examples_rclcpp_minimal_publisher:/home/openark/ros2_ws/install/examples_rclcpp_minimal_composition:/home/openark/ros2_ws/install/examples_rclcpp_minimal_client:/home/openark/ros2_ws/install/examples_rclcpp_minimal_action_server:/home/openark/ros2_ws/install/examples_rclcpp_minimal_action_client /usr/bin/cmake --build /home/openark/ros2_ws/src/build/zed_interfaces -- -j12 -l12
[2.791s] [  0%] Built target zed_interfaces__cpp
[2.791s] [ 12%] Built target zed_interfaces__rosidl_generator_c
[2.791s] [ 24%] Built target zed_interfaces__rosidl_typesupport_cpp
[2.792s] [ 36%] Built target zed_interfaces__rosidl_typesupport_fastrtps_cpp
[2.793s] [ 48%] Built target zed_interfaces__rosidl_typesupport_introspection_cpp
[2.793s] [ 60%] Built target zed_interfaces__rosidl_typesupport_introspection_c
[2.794s] [ 72%] Built target zed_interfaces__rosidl_typesupport_c
[2.794s] [ 84%] Built target zed_interfaces__rosidl_typesupport_fastrtps_c
[2.795s] [ 84%] Built target zed_interfaces
[2.795s] [ 85%] Built target zed_interfaces__py
[2.796s] [ 96%] Built target zed_interfaces__python
[2.796s] [ 99%] Built target zed_interfaces__rosidl_typesupport_introspection_c__pyext
[2.797s] [ 99%] Built target zed_interfaces__rosidl_typesupport_c__pyext
[2.797s] [100%] Built target zed_interfaces__rosidl_typesupport_fastrtps_c__pyext
[2.858s] Invoked command in '/home/openark/ros2_ws/src/build/zed_interfaces' returned '0': CMAKE_PREFIX_PATH=/home/openark/ros2_ws/install/zed_ros2:/home/openark/ros2_ws/install/zed_multi_camera:/home/openark/ros2_ws/install/zed_display_rviz2:/home/openark/ros2_ws/install/zed_wrapper:/home/openark/ros2_ws/install/zed_tutorial_video:/home/openark/ros2_ws/install/zed_tutorial_pos_tracking:/home/openark/ros2_ws/install/zed_tutorial_depth:/home/openark/ros2_ws/install/zed_topic_benchmark_interfaces:/home/openark/ros2_ws/install/zed_rgb_convert:/home/openark/ros2_ws/install/zed_components:/home/openark/ros2_ws/install/rviz_plugin_zed_od:/home/openark/ros2_ws/install/zed_interfaces:/home/openark/ros2_ws/install/examples_rclpy_minimal_subscriber:/home/openark/ros2_ws/install/examples_rclpy_minimal_service:/home/openark/ros2_ws/install/examples_rclpy_minimal_publisher:/home/openark/ros2_ws/install/examples_rclpy_minimal_client:/home/openark/ros2_ws/install/examples_rclpy_minimal_action_server:/home/openark/ros2_ws/install/examples_rclpy_minimal_action_client:/home/openark/ros2_ws/install/examples_rclpy_executors:/opt/ros/foxy:/home/openark/ros2_ws/install/septentrio_gnss_driver:/home/openark/ros2_ws/install/roar_septentrio_interface:/home/openark/ros2_ws/install/examples_rclcpp_multithreaded_executor:/home/openark/ros2_ws/install/examples_rclcpp_minimal_timer:/home/openark/ros2_ws/install/examples_rclcpp_minimal_subscriber:/home/openark/ros2_ws/install/examples_rclcpp_minimal_service:/home/openark/ros2_ws/install/examples_rclcpp_minimal_publisher:/home/openark/ros2_ws/install/examples_rclcpp_minimal_composition:/home/openark/ros2_ws/install/examples_rclcpp_minimal_client:/home/openark/ros2_ws/install/examples_rclcpp_minimal_action_server:/home/openark/ros2_ws/install/examples_rclcpp_minimal_action_client /usr/bin/cmake --build /home/openark/ros2_ws/src/build/zed_interfaces -- -j12 -l12
[3.879s] Invoking command in '/home/openark/ros2_ws/src/build/zed_interfaces': CMAKE_PREFIX_PATH=/home/openark/ros2_ws/install/zed_ros2:/home/openark/ros2_ws/install/zed_multi_camera:/home/openark/ros2_ws/install/zed_display_rviz2:/home/openark/ros2_ws/install/zed_wrapper:/home/openark/ros2_ws/install/zed_tutorial_video:/home/openark/ros2_ws/install/zed_tutorial_pos_tracking:/home/openark/ros2_ws/install/zed_tutorial_depth:/home/openark/ros2_ws/install/zed_topic_benchmark_interfaces:/home/openark/ros2_ws/install/zed_rgb_convert:/home/openark/ros2_ws/install/zed_components:/home/openark/ros2_ws/install/rviz_plugin_zed_od:/home/openark/ros2_ws/install/zed_interfaces:/home/openark/ros2_ws/install/examples_rclpy_minimal_subscriber:/home/openark/ros2_ws/install/examples_rclpy_minimal_service:/home/openark/ros2_ws/install/examples_rclpy_minimal_publisher:/home/openark/ros2_ws/install/examples_rclpy_minimal_client:/home/openark/ros2_ws/install/examples_rclpy_minimal_action_server:/home/openark/ros2_ws/install/examples_rclpy_minimal_action_client:/home/openark/ros2_ws/install/examples_rclpy_executors:/opt/ros/foxy:/home/openark/ros2_ws/install/septentrio_gnss_driver:/home/openark/ros2_ws/install/roar_septentrio_interface:/home/openark/ros2_ws/install/examples_rclcpp_multithreaded_executor:/home/openark/ros2_ws/install/examples_rclcpp_minimal_timer:/home/openark/ros2_ws/install/examples_rclcpp_minimal_subscriber:/home/openark/ros2_ws/install/examples_rclcpp_minimal_service:/home/openark/ros2_ws/install/examples_rclcpp_minimal_publisher:/home/openark/ros2_ws/install/examples_rclcpp_minimal_composition:/home/openark/ros2_ws/install/examples_rclcpp_minimal_client:/home/openark/ros2_ws/install/examples_rclcpp_minimal_action_server:/home/openark/ros2_ws/install/examples_rclcpp_minimal_action_client /usr/bin/cmake --install /home/openark/ros2_ws/src/build/zed_interfaces
[4.705s] -- Install configuration: ""
[4.705s] -- Up-to-date: /home/openark/ros2_ws/src/install/zed_interfaces/share/ament_index/resource_index/rosidl_interfaces/zed_interfaces
[4.705s] -- Up-to-date: /home/openark/ros2_ws/src/install/zed_interfaces/include/zed_interfaces
[4.705s] -- Up-to-date: /home/openark/ros2_ws/src/install/zed_interfaces/include/zed_interfaces/msg
[4.705s] -- Up-to-date: /home/openark/ros2_ws/src/install/zed_interfaces/include/zed_interfaces/msg/keypoint2_di.h
[4.706s] -- Up-to-date: /home/openark/ros2_ws/src/install/zed_interfaces/include/zed_interfaces/msg/keypoint2_df.h
[4.706s] -- Up-to-date: /home/openark/ros2_ws/src/install/zed_interfaces/include/zed_interfaces/msg/depth_info_stamped.h
[4.706s] -- Up-to-date: /home/openark/ros2_ws/src/install/zed_interfaces/include/zed_interfaces/msg/bounding_box3_d.h
[4.707s] -- Up-to-date: /home/openark/ros2_ws/src/install/zed_interfaces/include/zed_interfaces/msg/objects_stamped.h
[4.707s] -- Up-to-date: /home/openark/ros2_ws/src/install/zed_interfaces/include/zed_interfaces/msg/rosidl_generator_c__visibility_control.h
[4.707s] -- Up-to-date: /home/openark/ros2_ws/src/install/zed_interfaces/include/zed_interfaces/msg/skeleton3_d.h
[4.707s] -- Up-to-date: /home/openark/ros2_ws/src/install/zed_interfaces/include/zed_interfaces/msg/object.h
[4.708s] -- Up-to-date: /home/openark/ros2_ws/src/install/zed_interfaces/include/zed_interfaces/msg/detail
[4.708s] -- Up-to-date: /home/openark/ros2_ws/src/install/zed_interfaces/include/zed_interfaces/msg/detail/keypoint2_df__type_support.h
[4.708s] -- Up-to-date: /home/openark/ros2_ws/src/install/zed_interfaces/include/zed_interfaces/msg/detail/bounding_box2_di__functions.c
[4.709s] -- Up-to-date: /home/openark/ros2_ws/src/install/zed_interfaces/include/zed_interfaces/msg/detail/heartbeat__struct.h
[4.709s] -- Up-to-date: /home/openark/ros2_ws/src/install/zed_interfaces/include/zed_interfaces/msg/detail/keypoint3_d__functions.h
[4.710s] -- Up-to-date: /home/openark/ros2_ws/src/install/zed_interfaces/include/zed_interfaces/msg/detail/objects_stamped__struct.h
[4.710s] -- Up-to-date: /home/openark/ros2_ws/src/install/zed_interfaces/include/zed_interfaces/msg/detail/depth_info_stamped__functions.h
[4.710s] -- Up-to-date: /home/openark/ros2_ws/src/install/zed_interfaces/include/zed_interfaces/msg/detail/skeleton2_d__functions.h
[4.711s] -- Up-to-date: /home/openark/ros2_ws/src/install/zed_interfaces/include/zed_interfaces/msg/detail/keypoint2_di__type_support.h
[4.711s] -- Up-to-date: /home/openark/ros2_ws/src/install/zed_interfaces/include/zed_interfaces/msg/detail/bounding_box3_d__struct.h
[4.711s] -- Up-to-date: /home/openark/ros2_ws/src/install/zed_interfaces/include/zed_interfaces/msg/detail/object__functions.c
[4.712s] -- Up-to-date: /home/openark/ros2_ws/src/install/zed_interfaces/include/zed_interfaces/msg/detail/bounding_box2_df__functions.h
[4.712s] -- Up-to-date: /home/openark/ros2_ws/src/install/zed_interfaces/include/zed_interfaces/msg/detail/skeleton2_d__struct.h
[4.712s] -- Up-to-date: /home/openark/ros2_ws/src/install/zed_interfaces/include/zed_interfaces/msg/detail/keypoint3_d__functions.c
[4.712s] -- Up-to-date: /home/openark/ros2_ws/src/install/zed_interfaces/include/zed_interfaces/msg/detail/bounding_box3_d__type_support.h
[4.713s] -- Up-to-date: /home/openark/ros2_ws/src/install/zed_interfaces/include/zed_interfaces/msg/detail/heartbeat__type_support.h
[4.713s] -- Up-to-date: /home/openark/ros2_ws/src/install/zed_interfaces/include/zed_interfaces/msg/detail/bounding_box2_df__struct.h
[4.713s] -- Up-to-date: /home/openark/ros2_ws/src/install/zed_interfaces/include/zed_interfaces/msg/detail/skeleton2_d__type_support.h
[4.713s] -- Up-to-date: /home/openark/ros2_ws/src/install/zed_interfaces/include/zed_interfaces/msg/detail/objects_stamped__functions.h
[4.713s] -- Up-to-date: /home/openark/ros2_ws/src/install/zed_interfaces/include/zed_interfaces/msg/detail/keypoint3_d__struct.h
[4.714s] -- Up-to-date: /home/openark/ros2_ws/src/install/zed_interfaces/include/zed_interfaces/msg/detail/keypoint2_df__struct.h
[4.714s] -- Up-to-date: /home/openark/ros2_ws/src/install/zed_interfaces/include/zed_interfaces/msg/detail/skeleton3_d__functions.h
[4.714s] -- Up-to-date: /home/openark/ros2_ws/src/install/zed_interfaces/include/zed_interfaces/msg/detail/plane_stamped__functions.h
[4.714s] -- Up-to-date: /home/openark/ros2_ws/src/install/zed_interfaces/include/zed_interfaces/msg/detail/pos_track_status__functions.h
[4.715s] -- Up-to-date: /home/openark/ros2_ws/src/install/zed_interfaces/include/zed_interfaces/msg/detail/heartbeat__functions.h
[4.718s] -- Up-to-date: /home/openark/ros2_ws/src/install/zed_interfaces/include/zed_interfaces/msg/detail/pos_track_status__type_support.h
[4.719s] -- Up-to-date: /home/openark/ros2_ws/src/install/zed_interfaces/include/zed_interfaces/msg/detail/keypoint2_df__functions.h
[4.719s] -- Up-to-date: /home/openark/ros2_ws/src/install/zed_interfaces/include/zed_interfaces/msg/detail/object__functions.h
[4.719s] -- Up-to-date: /home/openark/ros2_ws/src/install/zed_interfaces/include/zed_interfaces/msg/detail/keypoint2_df__functions.c
[4.720s] -- Up-to-date: /home/openark/ros2_ws/src/install/zed_interfaces/include/zed_interfaces/msg/detail/keypoint3_d__type_support.h
[4.720s] -- Up-to-date: /home/openark/ros2_ws/src/install/zed_interfaces/include/zed_interfaces/msg/detail/bounding_box3_d__functions.c
[4.720s] -- Up-to-date: /home/openark/ros2_ws/src/install/zed_interfaces/include/zed_interfaces/msg/detail/plane_stamped__type_support.h
[4.721s] -- Up-to-date: /home/openark/ros2_ws/src/install/zed_interfaces/include/zed_interfaces/msg/detail/bounding_box2_di__type_support.h
[4.721s] -- Up-to-date: /home/openark/ros2_ws/src/install/zed_interfaces/include/zed_interfaces/msg/detail/bounding_box2_df__type_support.h
[4.721s] -- Up-to-date: /home/openark/ros2_ws/src/install/zed_interfaces/include/zed_interfaces/msg/detail/heartbeat__functions.c
[4.722s] -- Up-to-date: /home/openark/ros2_ws/src/install/zed_interfaces/include/zed_interfaces/msg/detail/skeleton2_d__functions.c
[4.722s] -- Up-to-date: /home/openark/ros2_ws/src/install/zed_interfaces/include/zed_interfaces/msg/detail/keypoint2_di__functions.c
[4.722s] -- Up-to-date: /home/openark/ros2_ws/src/install/zed_interfaces/include/zed_interfaces/msg/detail/pos_track_status__functions.c
[4.723s] -- Up-to-date: /home/openark/ros2_ws/src/install/zed_interfaces/include/zed_interfaces/msg/detail/pos_track_status__struct.h
[4.723s] -- Up-to-date: /home/openark/ros2_ws/src/install/zed_interfaces/include/zed_interfaces/msg/detail/keypoint2_di__struct.h
[4.723s] -- Up-to-date: /home/openark/ros2_ws/src/install/zed_interfaces/include/zed_interfaces/msg/detail/objects_stamped__functions.c
[4.724s] -- Up-to-date: /home/openark/ros2_ws/src/install/zed_interfaces/include/zed_interfaces/msg/detail/object__struct.h
[4.724s] -- Up-to-date: /home/openark/ros2_ws/src/install/zed_interfaces/include/zed_interfaces/msg/detail/object__type_support.h
[4.725s] -- Up-to-date: /home/openark/ros2_ws/src/install/zed_interfaces/include/zed_interfaces/msg/detail/keypoint2_di__functions.h
[4.726s] -- Up-to-date: /home/openark/ros2_ws/src/install/zed_interfaces/include/zed_interfaces/msg/detail/objects_stamped__type_support.h
[4.726s] -- Up-to-date: /home/openark/ros2_ws/src/install/zed_interfaces/include/zed_interfaces/msg/detail/skeleton3_d__type_support.h
[4.727s] -- Up-to-date: /home/openark/ros2_ws/src/install/zed_interfaces/include/zed_interfaces/msg/detail/depth_info_stamped__struct.h
[4.727s] -- Up-to-date: /home/openark/ros2_ws/src/install/zed_interfaces/include/zed_interfaces/msg/detail/bounding_box2_di__struct.h
[4.727s] -- Up-to-date: /home/openark/ros2_ws/src/install/zed_interfaces/include/zed_interfaces/msg/detail/skeleton3_d__struct.h
[4.728s] -- Up-to-date: /home/openark/ros2_ws/src/install/zed_interfaces/include/zed_interfaces/msg/detail/bounding_box3_d__functions.h
[4.728s] -- Up-to-date: /home/openark/ros2_ws/src/install/zed_interfaces/include/zed_interfaces/msg/detail/plane_stamped__struct.h
[4.728s] -- Up-to-date: /home/openark/ros2_ws/src/install/zed_interfaces/include/zed_interfaces/msg/detail/skeleton3_d__functions.c
[4.728s] -- Up-to-date: /home/openark/ros2_ws/src/install/zed_interfaces/include/zed_interfaces/msg/detail/plane_stamped__functions.c
[4.728s] -- Up-to-date: /home/openark/ros2_ws/src/install/zed_interfaces/include/zed_interfaces/msg/detail/depth_info_stamped__type_support.h
[4.728s] -- Up-to-date: /home/openark/ros2_ws/src/install/zed_interfaces/include/zed_interfaces/msg/detail/bounding_box2_di__functions.h
[4.728s] -- Up-to-date: /home/openark/ros2_ws/src/install/zed_interfaces/include/zed_interfaces/msg/detail/depth_info_stamped__functions.c
[4.729s] -- Up-to-date: /home/openark/ros2_ws/src/install/zed_interfaces/include/zed_interfaces/msg/detail/bounding_box2_df__functions.c
[4.729s] -- Up-to-date: /home/openark/ros2_ws/src/install/zed_interfaces/include/zed_interfaces/msg/plane_stamped.h
[4.730s] -- Up-to-date: /home/openark/ros2_ws/src/install/zed_interfaces/include/zed_interfaces/msg/pos_track_status.h
[4.730s] -- Up-to-date: /home/openark/ros2_ws/src/install/zed_interfaces/include/zed_interfaces/msg/bounding_box2_df.h
[4.730s] -- Up-to-date: /home/openark/ros2_ws/src/install/zed_interfaces/include/zed_interfaces/msg/keypoint3_d.h
[4.730s] -- Up-to-date: /home/openark/ros2_ws/src/install/zed_interfaces/include/zed_interfaces/msg/heartbeat.h
[4.730s] -- Up-to-date: /home/openark/ros2_ws/src/install/zed_interfaces/include/zed_interfaces/msg/skeleton2_d.h
[4.731s] -- Up-to-date: /home/openark/ros2_ws/src/install/zed_interfaces/include/zed_interfaces/msg/bounding_box2_di.h
[4.731s] -- Up-to-date: /home/openark/ros2_ws/src/install/zed_interfaces/include/zed_interfaces/srv
[4.731s] -- Up-to-date: /home/openark/ros2_ws/src/install/zed_interfaces/include/zed_interfaces/srv/set_roi.h
[4.731s] -- Up-to-date: /home/openark/ros2_ws/src/install/zed_interfaces/include/zed_interfaces/srv/set_pose.h
[4.732s] -- Up-to-date: /home/openark/ros2_ws/src/install/zed_interfaces/include/zed_interfaces/srv/detail
[4.732s] -- Up-to-date: /home/openark/ros2_ws/src/install/zed_interfaces/include/zed_interfaces/srv/detail/set_pose__type_support.h
[4.732s] -- Up-to-date: /home/openark/ros2_ws/src/install/zed_interfaces/include/zed_interfaces/srv/detail/start_svo_rec__functions.h
[4.732s] -- Up-to-date: /home/openark/ros2_ws/src/install/zed_interfaces/include/zed_interfaces/srv/detail/set_pose__struct.h
[4.732s] -- Up-to-date: /home/openark/ros2_ws/src/install/zed_interfaces/include/zed_interfaces/srv/detail/set_roi__functions.h
[4.733s] -- Up-to-date: /home/openark/ros2_ws/src/install/zed_interfaces/include/zed_interfaces/srv/detail/set_pose__functions.c
[4.734s] -- Up-to-date: /home/openark/ros2_ws/src/install/zed_interfaces/include/zed_interfaces/srv/detail/start_svo_rec__struct.h
[4.734s] -- Up-to-date: /home/openark/ros2_ws/src/install/zed_interfaces/include/zed_interfaces/srv/detail/set_roi__functions.c
[4.734s] -- Up-to-date: /home/openark/ros2_ws/src/install/zed_interfaces/include/zed_interfaces/srv/detail/start_svo_rec__type_support.h
[4.734s] -- Up-to-date: /home/openark/ros2_ws/src/install/zed_interfaces/include/zed_interfaces/srv/detail/set_roi__struct.h
[4.735s] -- Up-to-date: /home/openark/ros2_ws/src/install/zed_interfaces/include/zed_interfaces/srv/detail/set_pose__functions.h
[4.735s] -- Up-to-date: /home/openark/ros2_ws/src/install/zed_interfaces/include/zed_interfaces/srv/detail/start_svo_rec__functions.c
[4.735s] -- Up-to-date: /home/openark/ros2_ws/src/install/zed_interfaces/include/zed_interfaces/srv/detail/set_roi__type_support.h
[4.735s] -- Up-to-date: /home/openark/ros2_ws/src/install/zed_interfaces/include/zed_interfaces/srv/start_svo_rec.h
[4.735s] -- Up-to-date: /home/openark/ros2_ws/src/install/zed_interfaces/share/zed_interfaces/environment/library_path.sh
[4.735s] -- Up-to-date: /home/openark/ros2_ws/src/install/zed_interfaces/share/zed_interfaces/environment/library_path.dsv
[4.735s] -- Up-to-date: /home/openark/ros2_ws/src/install/zed_interfaces/lib/libzed_interfaces__rosidl_generator_c.so
[4.736s] -- Up-to-date: /home/openark/ros2_ws/src/install/zed_interfaces/include/zed_interfaces
[4.738s] -- Up-to-date: /home/openark/ros2_ws/src/install/zed_interfaces/include/zed_interfaces/msg
[4.739s] -- Up-to-date: /home/openark/ros2_ws/src/install/zed_interfaces/include/zed_interfaces/msg/detail
[4.739s] -- Up-to-date: /home/openark/ros2_ws/src/install/zed_interfaces/include/zed_interfaces/msg/detail/depth_info_stamped__rosidl_typesupport_fastrtps_c.h
[4.739s] -- Up-to-date: /home/openark/ros2_ws/src/install/zed_interfaces/include/zed_interfaces/msg/detail/bounding_box2_di__rosidl_typesupport_fastrtps_c.h
[4.739s] -- Up-to-date: /home/openark/ros2_ws/src/install/zed_interfaces/include/zed_interfaces/msg/detail/object__rosidl_typesupport_fastrtps_c.h
[4.740s] -- Up-to-date: /home/openark/ros2_ws/src/install/zed_interfaces/include/zed_interfaces/msg/detail/heartbeat__rosidl_typesupport_fastrtps_c.h
[4.742s] -- Up-to-date: /home/openark/ros2_ws/src/install/zed_interfaces/include/zed_interfaces/msg/detail/plane_stamped__rosidl_typesupport_fastrtps_c.h
[4.742s] -- Up-to-date: /home/openark/ros2_ws/src/install/zed_interfaces/include/zed_interfaces/msg/detail/objects_stamped__rosidl_typesupport_fastrtps_c.h
[4.742s] -- Up-to-date: /home/openark/ros2_ws/src/install/zed_interfaces/include/zed_interfaces/msg/detail/skeleton2_d__rosidl_typesupport_fastrtps_c.h
[4.743s] -- Up-to-date: /home/openark/ros2_ws/src/install/zed_interfaces/include/zed_interfaces/msg/detail/keypoint3_d__rosidl_typesupport_fastrtps_c.h
[4.743s] -- Up-to-date: /home/openark/ros2_ws/src/install/zed_interfaces/include/zed_interfaces/msg/detail/skeleton3_d__rosidl_typesupport_fastrtps_c.h
[4.743s] -- Up-to-date: /home/openark/ros2_ws/src/install/zed_interfaces/include/zed_interfaces/msg/detail/pos_track_status__rosidl_typesupport_fastrtps_c.h
[4.743s] -- Up-to-date: /home/openark/ros2_ws/src/install/zed_interfaces/include/zed_interfaces/msg/detail/keypoint2_df__rosidl_typesupport_fastrtps_c.h
[4.743s] -- Up-to-date: /home/openark/ros2_ws/src/install/zed_interfaces/include/zed_interfaces/msg/detail/bounding_box2_df__rosidl_typesupport_fastrtps_c.h
[4.744s] -- Up-to-date: /home/openark/ros2_ws/src/install/zed_interfaces/include/zed_interfaces/msg/detail/bounding_box3_d__rosidl_typesupport_fastrtps_c.h
[4.744s] -- Up-to-date: /home/openark/ros2_ws/src/install/zed_interfaces/include/zed_interfaces/msg/detail/keypoint2_di__rosidl_typesupport_fastrtps_c.h
[4.744s] -- Up-to-date: /home/openark/ros2_ws/src/install/zed_interfaces/include/zed_interfaces/msg/rosidl_typesupport_fastrtps_c__visibility_control.h
[4.744s] -- Up-to-date: /home/openark/ros2_ws/src/install/zed_interfaces/include/zed_interfaces/srv
[4.744s] -- Up-to-date: /home/openark/ros2_ws/src/install/zed_interfaces/include/zed_interfaces/srv/detail
[4.745s] -- Up-to-date: /home/openark/ros2_ws/src/install/zed_interfaces/include/zed_interfaces/srv/detail/set_roi__rosidl_typesupport_fastrtps_c.h
[4.745s] -- Up-to-date: /home/openark/ros2_ws/src/install/zed_interfaces/include/zed_interfaces/srv/detail/start_svo_rec__rosidl_typesupport_fastrtps_c.h
[4.745s] -- Up-to-date: /home/openark/ros2_ws/src/install/zed_interfaces/include/zed_interfaces/srv/detail/set_pose__rosidl_typesupport_fastrtps_c.h
[4.753s] -- Up-to-date: /home/openark/ros2_ws/src/install/zed_interfaces/lib/libzed_interfaces__rosidl_typesupport_fastrtps_c.so
[4.754s] -- Up-to-date: /home/openark/ros2_ws/src/install/zed_interfaces/include/zed_interfaces
[4.755s] -- Up-to-date: /home/openark/ros2_ws/src/install/zed_interfaces/include/zed_interfaces/msg
[4.756s] -- Up-to-date: /home/openark/ros2_ws/src/install/zed_interfaces/include/zed_interfaces/msg/detail
[4.756s] -- Up-to-date: /home/openark/ros2_ws/src/install/zed_interfaces/include/zed_interfaces/msg/detail/keypoint3_d__rosidl_typesupport_fastrtps_cpp.hpp
[4.757s] -- Up-to-date: /home/openark/ros2_ws/src/install/zed_interfaces/include/zed_interfaces/msg/detail/skeleton3_d__rosidl_typesupport_fastrtps_cpp.hpp
[4.757s] -- Up-to-date: /home/openark/ros2_ws/src/install/zed_interfaces/include/zed_interfaces/msg/detail/objects_stamped__rosidl_typesupport_fastrtps_cpp.hpp
[4.758s] -- Up-to-date: /home/openark/ros2_ws/src/install/zed_interfaces/include/zed_interfaces/msg/detail/bounding_box2_df__rosidl_typesupport_fastrtps_cpp.hpp
[4.759s] -- Up-to-date: /home/openark/ros2_ws/src/install/zed_interfaces/include/zed_interfaces/msg/detail/dds_fastrtps
[4.759s] -- Up-to-date: /home/openark/ros2_ws/src/install/zed_interfaces/include/zed_interfaces/msg/detail/bounding_box3_d__rosidl_typesupport_fastrtps_cpp.hpp
[4.760s] -- Up-to-date: /home/openark/ros2_ws/src/install/zed_interfaces/include/zed_interfaces/msg/detail/bounding_box2_di__rosidl_typesupport_fastrtps_cpp.hpp
[4.761s] -- Up-to-date: /home/openark/ros2_ws/src/install/zed_interfaces/include/zed_interfaces/msg/detail/keypoint2_df__rosidl_typesupport_fastrtps_cpp.hpp
[4.761s] -- Up-to-date: /home/openark/ros2_ws/src/install/zed_interfaces/include/zed_interfaces/msg/detail/skeleton2_d__rosidl_typesupport_fastrtps_cpp.hpp
[4.762s] -- Up-to-date: /home/openark/ros2_ws/src/install/zed_interfaces/include/zed_interfaces/msg/detail/keypoint2_di__rosidl_typesupport_fastrtps_cpp.hpp
[4.762s] -- Up-to-date: /home/openark/ros2_ws/src/install/zed_interfaces/include/zed_interfaces/msg/detail/plane_stamped__rosidl_typesupport_fastrtps_cpp.hpp
[4.763s] -- Up-to-date: /home/openark/ros2_ws/src/install/zed_interfaces/include/zed_interfaces/msg/detail/object__rosidl_typesupport_fastrtps_cpp.hpp
[4.763s] -- Up-to-date: /home/openark/ros2_ws/src/install/zed_interfaces/include/zed_interfaces/msg/detail/heartbeat__rosidl_typesupport_fastrtps_cpp.hpp
[4.764s] -- Up-to-date: /home/openark/ros2_ws/src/install/zed_interfaces/include/zed_interfaces/msg/detail/depth_info_stamped__rosidl_typesupport_fastrtps_cpp.hpp
[4.765s] -- Up-to-date: /home/openark/ros2_ws/src/install/zed_interfaces/include/zed_interfaces/msg/detail/pos_track_status__rosidl_typesupport_fastrtps_cpp.hpp
[4.765s] -- Up-to-date: /home/openark/ros2_ws/src/install/zed_interfaces/include/zed_interfaces/msg/rosidl_typesupport_fastrtps_cpp__visibility_control.h
[4.766s] -- Up-to-date: /home/openark/ros2_ws/src/install/zed_interfaces/include/zed_interfaces/srv
[4.767s] -- Up-to-date: /home/openark/ros2_ws/src/install/zed_interfaces/include/zed_interfaces/srv/detail
[4.767s] -- Up-to-date: /home/openark/ros2_ws/src/install/zed_interfaces/include/zed_interfaces/srv/detail/set_pose__rosidl_typesupport_fastrtps_cpp.hpp
[4.768s] -- Up-to-date: /home/openark/ros2_ws/src/install/zed_interfaces/include/zed_interfaces/srv/detail/set_roi__rosidl_typesupport_fastrtps_cpp.hpp
[4.768s] -- Up-to-date: /home/openark/ros2_ws/src/install/zed_interfaces/include/zed_interfaces/srv/detail/dds_fastrtps
[4.768s] -- Up-to-date: /home/openark/ros2_ws/src/install/zed_interfaces/include/zed_interfaces/srv/detail/start_svo_rec__rosidl_typesupport_fastrtps_cpp.hpp
[4.768s] -- Up-to-date: /home/openark/ros2_ws/src/install/zed_interfaces/lib/libzed_interfaces__rosidl_typesupport_fastrtps_cpp.so
[4.768s] -- Up-to-date: /home/openark/ros2_ws/src/install/zed_interfaces/include/zed_interfaces
[4.769s] -- Up-to-date: /home/openark/ros2_ws/src/install/zed_interfaces/include/zed_interfaces/msg
[4.769s] -- Up-to-date: /home/openark/ros2_ws/src/install/zed_interfaces/include/zed_interfaces/msg/rosidl_typesupport_introspection_c__visibility_control.h
[4.769s] -- Up-to-date: /home/openark/ros2_ws/src/install/zed_interfaces/include/zed_interfaces/msg/detail
[4.769s] -- Up-to-date: /home/openark/ros2_ws/src/install/zed_interfaces/include/zed_interfaces/msg/detail/bounding_box2_df__rosidl_typesupport_introspection_c.h
[4.770s] -- Up-to-date: /home/openark/ros2_ws/src/install/zed_interfaces/include/zed_interfaces/msg/detail/depth_info_stamped__type_support.c
[4.770s] -- Up-to-date: /home/openark/ros2_ws/src/install/zed_interfaces/include/zed_interfaces/msg/detail/keypoint2_df__rosidl_typesupport_introspection_c.h
[4.771s] -- Up-to-date: /home/openark/ros2_ws/src/install/zed_interfaces/include/zed_interfaces/msg/detail/skeleton2_d__type_support.c
[4.771s] -- Up-to-date: /home/openark/ros2_ws/src/install/zed_interfaces/include/zed_interfaces/msg/detail/bounding_box2_df__type_support.c
[4.771s] -- Up-to-date: /home/openark/ros2_ws/src/install/zed_interfaces/include/zed_interfaces/msg/detail/objects_stamped__type_support.c
[4.771s] -- Up-to-date: /home/openark/ros2_ws/src/install/zed_interfaces/include/zed_interfaces/msg/detail/bounding_box3_d__type_support.c
[4.771s] -- Up-to-date: /home/openark/ros2_ws/src/install/zed_interfaces/include/zed_interfaces/msg/detail/heartbeat__type_support.c
[4.772s] -- Up-to-date: /home/openark/ros2_ws/src/install/zed_interfaces/include/zed_interfaces/msg/detail/object__rosidl_typesupport_introspection_c.h
[4.772s] -- Up-to-date: /home/openark/ros2_ws/src/install/zed_interfaces/include/zed_interfaces/msg/detail/objects_stamped__rosidl_typesupport_introspection_c.h
[4.772s] -- Up-to-date: /home/openark/ros2_ws/src/install/zed_interfaces/include/zed_interfaces/msg/detail/keypoint2_di__rosidl_typesupport_introspection_c.h
[4.773s] -- Up-to-date: /home/openark/ros2_ws/src/install/zed_interfaces/include/zed_interfaces/msg/detail/keypoint3_d__rosidl_typesupport_introspection_c.h
[4.773s] -- Up-to-date: /home/openark/ros2_ws/src/install/zed_interfaces/include/zed_interfaces/msg/detail/skeleton3_d__rosidl_typesupport_introspection_c.h
[4.773s] -- Up-to-date: /home/openark/ros2_ws/src/install/zed_interfaces/include/zed_interfaces/msg/detail/keypoint2_di__type_support.c
[4.774s] -- Up-to-date: /home/openark/ros2_ws/src/install/zed_interfaces/include/zed_interfaces/msg/detail/skeleton2_d__rosidl_typesupport_introspection_c.h
[4.774s] -- Up-to-date: /home/openark/ros2_ws/src/install/zed_interfaces/include/zed_interfaces/msg/detail/bounding_box2_di__rosidl_typesupport_introspection_c.h
[4.774s] -- Up-to-date: /home/openark/ros2_ws/src/install/zed_interfaces/include/zed_interfaces/msg/detail/object__type_support.c
[4.775s] -- Up-to-date: /home/openark/ros2_ws/src/install/zed_interfaces/include/zed_interfaces/msg/detail/plane_stamped__rosidl_typesupport_introspection_c.h
[4.775s] -- Up-to-date: /home/openark/ros2_ws/src/install/zed_interfaces/include/zed_interfaces/msg/detail/heartbeat__rosidl_typesupport_introspection_c.h
[4.775s] -- Up-to-date: /home/openark/ros2_ws/src/install/zed_interfaces/include/zed_interfaces/msg/detail/keypoint2_df__type_support.c
[4.775s] -- Up-to-date: /home/openark/ros2_ws/src/install/zed_interfaces/include/zed_interfaces/msg/detail/pos_track_status__rosidl_typesupport_introspection_c.h
[4.775s] -- Up-to-date: /home/openark/ros2_ws/src/install/zed_interfaces/include/zed_interfaces/msg/detail/depth_info_stamped__rosidl_typesupport_introspection_c.h
[4.775s] -- Up-to-date: /home/openark/ros2_ws/src/install/zed_interfaces/include/zed_interfaces/msg/detail/bounding_box3_d__rosidl_typesupport_introspection_c.h
[4.775s] -- Up-to-date: /home/openark/ros2_ws/src/install/zed_interfaces/include/zed_interfaces/msg/detail/skeleton3_d__type_support.c
[4.776s] -- Up-to-date: /home/openark/ros2_ws/src/install/zed_interfaces/include/zed_interfaces/msg/detail/plane_stamped__type_support.c
[4.776s] -- Up-to-date: /home/openark/ros2_ws/src/install/zed_interfaces/include/zed_interfaces/msg/detail/bounding_box2_di__type_support.c
[4.776s] -- Up-to-date: /home/openark/ros2_ws/src/install/zed_interfaces/include/zed_interfaces/msg/detail/keypoint3_d__type_support.c
[4.776s] -- Up-to-date: /home/openark/ros2_ws/src/install/zed_interfaces/include/zed_interfaces/msg/detail/pos_track_status__type_support.c
[4.776s] -- Up-to-date: /home/openark/ros2_ws/src/install/zed_interfaces/include/zed_interfaces/srv
[4.776s] -- Up-to-date: /home/openark/ros2_ws/src/install/zed_interfaces/include/zed_interfaces/srv/detail
[4.777s] -- Up-to-date: /home/openark/ros2_ws/src/install/zed_interfaces/include/zed_interfaces/srv/detail/set_roi__rosidl_typesupport_introspection_c.h
[4.777s] -- Up-to-date: /home/openark/ros2_ws/src/install/zed_interfaces/include/zed_interfaces/srv/detail/start_svo_rec__rosidl_typesupport_introspection_c.h
[4.777s] -- Up-to-date: /home/openark/ros2_ws/src/install/zed_interfaces/include/zed_interfaces/srv/detail/set_pose__rosidl_typesupport_introspection_c.h
[4.777s] -- Up-to-date: /home/openark/ros2_ws/src/install/zed_interfaces/include/zed_interfaces/srv/detail/set_pose__type_support.c
[4.777s] -- Up-to-date: /home/openark/ros2_ws/src/install/zed_interfaces/include/zed_interfaces/srv/detail/start_svo_rec__type_support.c
[4.777s] -- Up-to-date: /home/openark/ros2_ws/src/install/zed_interfaces/include/zed_interfaces/srv/detail/set_roi__type_support.c
[4.777s] -- Up-to-date: /home/openark/ros2_ws/src/install/zed_interfaces/lib/libzed_interfaces__rosidl_typesupport_introspection_c.so
[4.778s] -- Up-to-date: /home/openark/ros2_ws/src/install/zed_interfaces/lib/libzed_interfaces__rosidl_typesupport_c.so
[4.778s] -- Up-to-date: /home/openark/ros2_ws/src/install/zed_interfaces/include/zed_interfaces
[4.778s] -- Up-to-date: /home/openark/ros2_ws/src/install/zed_interfaces/include/zed_interfaces/msg
[4.778s] -- Up-to-date: /home/openark/ros2_ws/src/install/zed_interfaces/include/zed_interfaces/msg/keypoint2_di.hpp
[4.778s] -- Up-to-date: /home/openark/ros2_ws/src/install/zed_interfaces/include/zed_interfaces/msg/skeleton2_d.hpp
[4.779s] -- Up-to-date: /home/openark/ros2_ws/src/install/zed_interfaces/include/zed_interfaces/msg/bounding_box2_di.hpp
[4.779s] -- Up-to-date: /home/openark/ros2_ws/src/install/zed_interfaces/include/zed_interfaces/msg/depth_info_stamped.hpp
[4.779s] -- Up-to-date: /home/openark/ros2_ws/src/install/zed_interfaces/include/zed_interfaces/msg/plane_stamped.hpp
[4.779s] -- Up-to-date: /home/openark/ros2_ws/src/install/zed_interfaces/include/zed_interfaces/msg/detail
[4.780s] -- Up-to-date: /home/openark/ros2_ws/src/install/zed_interfaces/include/zed_interfaces/msg/detail/bounding_box2_df__traits.hpp
[4.781s] -- Up-to-date: /home/openark/ros2_ws/src/install/zed_interfaces/include/zed_interfaces/msg/detail/keypoint2_df__traits.hpp
[4.782s] -- Up-to-date: /home/openark/ros2_ws/src/install/zed_interfaces/include/zed_interfaces/msg/detail/bounding_box2_df__type_support.hpp
[4.782s] -- Up-to-date: /home/openark/ros2_ws/src/install/zed_interfaces/include/zed_interfaces/msg/detail/skeleton3_d__traits.hpp
[4.783s] -- Up-to-date: /home/openark/ros2_ws/src/install/zed_interfaces/include/zed_interfaces/msg/detail/bounding_box2_df__struct.hpp
[4.783s] -- Up-to-date: /home/openark/ros2_ws/src/install/zed_interfaces/include/zed_interfaces/msg/detail/bounding_box3_d__builder.hpp
[4.785s] -- Up-to-date: /home/openark/ros2_ws/src/install/zed_interfaces/include/zed_interfaces/msg/detail/plane_stamped__type_support.hpp
[4.786s] -- Up-to-date: /home/openark/ros2_ws/src/install/zed_interfaces/include/zed_interfaces/msg/detail/keypoint2_df__type_support.hpp
[4.786s] -- Up-to-date: /home/openark/ros2_ws/src/install/zed_interfaces/include/zed_interfaces/msg/detail/skeleton2_d__type_support.hpp
[4.787s] -- Up-to-date: /home/openark/ros2_ws/src/install/zed_interfaces/include/zed_interfaces/msg/detail/skeleton2_d__traits.hpp
[4.787s] -- Up-to-date: /home/openark/ros2_ws/src/install/zed_interfaces/include/zed_interfaces/msg/detail/objects_stamped__traits.hpp
[4.788s] -- Up-to-date: /home/openark/ros2_ws/src/install/zed_interfaces/include/zed_interfaces/msg/detail/pos_track_status__traits.hpp
[4.789s] -- Up-to-date: /home/openark/ros2_ws/src/install/zed_interfaces/include/zed_interfaces/msg/detail/depth_info_stamped__traits.hpp
[4.790s] -- Up-to-date: /home/openark/ros2_ws/src/install/zed_interfaces/include/zed_interfaces/msg/detail/bounding_box3_d__struct.hpp
[4.791s] -- Up-to-date: /home/openark/ros2_ws/src/install/zed_interfaces/include/zed_interfaces/msg/detail/keypoint2_df__struct.hpp
[4.792s] -- Up-to-date: /home/openark/ros2_ws/src/install/zed_interfaces/include/zed_interfaces/msg/detail/keypoint2_di__struct.hpp
[4.794s] -- Up-to-date: /home/openark/ros2_ws/src/install/zed_interfaces/include/zed_interfaces/msg/detail/objects_stamped__struct.hpp
[4.795s] -- Up-to-date: /home/openark/ros2_ws/src/install/zed_interfaces/include/zed_interfaces/msg/detail/object__struct.hpp
[4.796s] -- Up-to-date: /home/openark/ros2_ws/src/install/zed_interfaces/include/zed_interfaces/msg/detail/pos_track_status__type_support.hpp
[4.798s] -- Up-to-date: /home/openark/ros2_ws/src/install/zed_interfaces/include/zed_interfaces/msg/detail/bounding_box2_df__builder.hpp
[4.799s] -- Up-to-date: /home/openark/ros2_ws/src/install/zed_interfaces/include/zed_interfaces/msg/detail/depth_info_stamped__type_support.hpp
[4.800s] -- Up-to-date: /home/openark/ros2_ws/src/install/zed_interfaces/include/zed_interfaces/msg/detail/skeleton2_d__builder.hpp
[4.801s] -- Up-to-date: /home/openark/ros2_ws/src/install/zed_interfaces/include/zed_interfaces/msg/detail/bounding_box2_di__type_support.hpp
[4.802s] -- Up-to-date: /home/openark/ros2_ws/src/install/zed_interfaces/include/zed_interfaces/msg/detail/keypoint2_di__builder.hpp
[4.803s] -- Up-to-date: /home/openark/ros2_ws/src/install/zed_interfaces/include/zed_interfaces/msg/detail/objects_stamped__builder.hpp
[4.804s] -- Up-to-date: /home/openark/ros2_ws/src/install/zed_interfaces/include/zed_interfaces/msg/detail/heartbeat__traits.hpp
[4.804s] -- Up-to-date: /home/openark/ros2_ws/src/install/zed_interfaces/include/zed_interfaces/msg/detail/plane_stamped__traits.hpp
[4.806s] -- Up-to-date: /home/openark/ros2_ws/src/install/zed_interfaces/include/zed_interfaces/msg/detail/skeleton3_d__struct.hpp
[4.807s] -- Up-to-date: /home/openark/ros2_ws/src/install/zed_interfaces/include/zed_interfaces/msg/detail/keypoint3_d__builder.hpp
[4.807s] -- Up-to-date: /home/openark/ros2_ws/src/install/zed_interfaces/include/zed_interfaces/msg/detail/bounding_box2_di__builder.hpp
[4.807s] -- Up-to-date: /home/openark/ros2_ws/src/install/zed_interfaces/include/zed_interfaces/msg/detail/heartbeat__type_support.hpp
[4.808s] -- Up-to-date: /home/openark/ros2_ws/src/install/zed_interfaces/include/zed_interfaces/msg/detail/bounding_box3_d__traits.hpp
[4.808s] -- Up-to-date: /home/openark/ros2_ws/src/install/zed_interfaces/include/zed_interfaces/msg/detail/bounding_box2_di__traits.hpp
[4.809s] -- Up-to-date: /home/openark/ros2_ws/src/install/zed_interfaces/include/zed_interfaces/msg/detail/heartbeat__builder.hpp
[4.809s] -- Up-to-date: /home/openark/ros2_ws/src/install/zed_interfaces/include/zed_interfaces/msg/detail/keypoint2_di__type_support.hpp
[4.810s] -- Up-to-date: /home/openark/ros2_ws/src/install/zed_interfaces/include/zed_interfaces/msg/detail/object__traits.hpp
[4.811s] -- Up-to-date: /home/openark/ros2_ws/src/install/zed_interfaces/include/zed_interfaces/msg/detail/plane_stamped__builder.hpp
[4.811s] -- Up-to-date: /home/openark/ros2_ws/src/install/zed_interfaces/include/zed_interfaces/msg/detail/keypoint3_d__struct.hpp
[4.811s] -- Up-to-date: /home/openark/ros2_ws/src/install/zed_interfaces/include/zed_interfaces/msg/detail/pos_track_status__builder.hpp
[4.811s] -- Up-to-date: /home/openark/ros2_ws/src/install/zed_interfaces/include/zed_interfaces/msg/detail/objects_stamped__type_support.hpp
[4.811s] -- Up-to-date: /home/openark/ros2_ws/src/install/zed_interfaces/include/zed_interfaces/msg/detail/plane_stamped__struct.hpp
[4.813s] -- Up-to-date: /home/openark/ros2_ws/src/install/zed_interfaces/include/zed_interfaces/msg/detail/skeleton2_d__struct.hpp
[4.813s] -- Up-to-date: /home/openark/ros2_ws/src/install/zed_interfaces/include/zed_interfaces/msg/detail/bounding_box2_di__struct.hpp
[4.813s] -- Up-to-date: /home/openark/ros2_ws/src/install/zed_interfaces/include/zed_interfaces/msg/detail/keypoint3_d__type_support.hpp
[4.814s] -- Up-to-date: /home/openark/ros2_ws/src/install/zed_interfaces/include/zed_interfaces/msg/detail/heartbeat__struct.hpp
[4.814s] -- Up-to-date: /home/openark/ros2_ws/src/install/zed_interfaces/include/zed_interfaces/msg/detail/depth_info_stamped__struct.hpp
[4.815s] -- Up-to-date: /home/openark/ros2_ws/src/install/zed_interfaces/include/zed_interfaces/msg/detail/keypoint2_di__traits.hpp
[4.816s] -- Up-to-date: /home/openark/ros2_ws/src/install/zed_interfaces/include/zed_interfaces/msg/detail/depth_info_stamped__builder.hpp
[4.816s] -- Up-to-date: /home/openark/ros2_ws/src/install/zed_interfaces/include/zed_interfaces/msg/detail/object__type_support.hpp
[4.817s] -- Up-to-date: /home/openark/ros2_ws/src/install/zed_interfaces/include/zed_interfaces/msg/detail/object__builder.hpp
[4.817s] -- Up-to-date: /home/openark/ros2_ws/src/install/zed_interfaces/include/zed_interfaces/msg/detail/keypoint3_d__traits.hpp
[4.817s] -- Up-to-date: /home/openark/ros2_ws/src/install/zed_interfaces/include/zed_interfaces/msg/detail/skeleton3_d__type_support.hpp
[4.817s] -- Up-to-date: /home/openark/ros2_ws/src/install/zed_interfaces/include/zed_interfaces/msg/detail/pos_track_status__struct.hpp
[4.818s] -- Up-to-date: /home/openark/ros2_ws/src/install/zed_interfaces/include/zed_interfaces/msg/detail/skeleton3_d__builder.hpp
[4.818s] -- Up-to-date: /home/openark/ros2_ws/src/install/zed_interfaces/include/zed_interfaces/msg/detail/keypoint2_df__builder.hpp
[4.818s] -- Up-to-date: /home/openark/ros2_ws/src/install/zed_interfaces/include/zed_interfaces/msg/detail/bounding_box3_d__type_support.hpp
[4.819s] -- Up-to-date: /home/openark/ros2_ws/src/install/zed_interfaces/include/zed_interfaces/msg/pos_track_status.hpp
[4.819s] -- Up-to-date: /home/openark/ros2_ws/src/install/zed_interfaces/include/zed_interfaces/msg/objects_stamped.hpp
[4.820s] -- Up-to-date: /home/openark/ros2_ws/src/install/zed_interfaces/include/zed_interfaces/msg/object.hpp
[4.821s] -- Up-to-date: /home/openark/ros2_ws/src/install/zed_interfaces/include/zed_interfaces/msg/keypoint2_df.hpp
[4.821s] -- Up-to-date: /home/openark/ros2_ws/src/install/zed_interfaces/include/zed_interfaces/msg/bounding_box2_df.hpp
[4.821s] -- Up-to-date: /home/openark/ros2_ws/src/install/zed_interfaces/include/zed_interfaces/msg/keypoint3_d.hpp
[4.822s] -- Up-to-date: /home/openark/ros2_ws/src/install/zed_interfaces/include/zed_interfaces/msg/rosidl_generator_cpp__visibility_control.hpp
[4.822s] -- Up-to-date: /home/openark/ros2_ws/src/install/zed_interfaces/include/zed_interfaces/msg/bounding_box3_d.hpp
[4.822s] -- Up-to-date: /home/openark/ros2_ws/src/install/zed_interfaces/include/zed_interfaces/msg/heartbeat.hpp
[4.823s] -- Up-to-date: /home/openark/ros2_ws/src/install/zed_interfaces/include/zed_interfaces/msg/skeleton3_d.hpp
[4.823s] -- Up-to-date: /home/openark/ros2_ws/src/install/zed_interfaces/include/zed_interfaces/srv
[4.825s] -- Up-to-date: /home/openark/ros2_ws/src/install/zed_interfaces/include/zed_interfaces/srv/start_svo_rec.hpp
[4.825s] -- Up-to-date: /home/openark/ros2_ws/src/install/zed_interfaces/include/zed_interfaces/srv/set_pose.hpp
[4.826s] -- Up-to-date: /home/openark/ros2_ws/src/install/zed_interfaces/include/zed_interfaces/srv/detail
[4.826s] -- Up-to-date: /home/openark/ros2_ws/src/install/zed_interfaces/include/zed_interfaces/srv/detail/set_roi__type_support.hpp
[4.827s] -- Up-to-date: /home/openark/ros2_ws/src/install/zed_interfaces/include/zed_interfaces/srv/detail/start_svo_rec__traits.hpp
[4.828s] -- Up-to-date: /home/openark/ros2_ws/src/install/zed_interfaces/include/zed_interfaces/srv/detail/set_pose__traits.hpp
[4.829s] -- Up-to-date: /home/openark/ros2_ws/src/install/zed_interfaces/include/zed_interfaces/srv/detail/set_roi__traits.hpp
[4.829s] -- Up-to-date: /home/openark/ros2_ws/src/install/zed_interfaces/include/zed_interfaces/srv/detail/set_roi__struct.hpp
[4.830s] -- Up-to-date: /home/openark/ros2_ws/src/install/zed_interfaces/include/zed_interfaces/srv/detail/set_roi__builder.hpp
[4.831s] -- Up-to-date: /home/openark/ros2_ws/src/install/zed_interfaces/include/zed_interfaces/srv/detail/start_svo_rec__type_support.hpp
[4.831s] -- Up-to-date: /home/openark/ros2_ws/src/install/zed_interfaces/include/zed_interfaces/srv/detail/set_pose__type_support.hpp
[4.832s] -- Up-to-date: /home/openark/ros2_ws/src/install/zed_interfaces/include/zed_interfaces/srv/detail/start_svo_rec__struct.hpp
[4.832s] -- Up-to-date: /home/openark/ros2_ws/src/install/zed_interfaces/include/zed_interfaces/srv/detail/start_svo_rec__builder.hpp
[4.834s] -- Up-to-date: /home/openark/ros2_ws/src/install/zed_interfaces/include/zed_interfaces/srv/detail/set_pose__builder.hpp
[4.834s] -- Up-to-date: /home/openark/ros2_ws/src/install/zed_interfaces/include/zed_interfaces/srv/detail/set_pose__struct.hpp
[4.834s] -- Up-to-date: /home/openark/ros2_ws/src/install/zed_interfaces/include/zed_interfaces/srv/set_roi.hpp
[4.834s] -- Up-to-date: /home/openark/ros2_ws/src/install/zed_interfaces/include/zed_interfaces
[4.835s] -- Up-to-date: /home/openark/ros2_ws/src/install/zed_interfaces/include/zed_interfaces/msg
[4.835s] -- Up-to-date: /home/openark/ros2_ws/src/install/zed_interfaces/include/zed_interfaces/msg/detail
[4.835s] -- Up-to-date: /home/openark/ros2_ws/src/install/zed_interfaces/include/zed_interfaces/msg/detail/skeleton2_d__rosidl_typesupport_introspection_cpp.hpp
[4.835s] -- Up-to-date: /home/openark/ros2_ws/src/install/zed_interfaces/include/zed_interfaces/msg/detail/heartbeat__type_support.cpp
[4.835s] -- Up-to-date: /home/openark/ros2_ws/src/install/zed_interfaces/include/zed_interfaces/msg/detail/keypoint3_d__rosidl_typesupport_introspection_cpp.hpp
[4.836s] -- Up-to-date: /home/openark/ros2_ws/src/install/zed_interfaces/include/zed_interfaces/msg/detail/pos_track_status__type_support.cpp
[4.836s] -- Up-to-date: /home/openark/ros2_ws/src/install/zed_interfaces/include/zed_interfaces/msg/detail/depth_info_stamped__rosidl_typesupport_introspection_cpp.hpp
[4.836s] -- Up-to-date: /home/openark/ros2_ws/src/install/zed_interfaces/include/zed_interfaces/msg/detail/keypoint2_di__type_support.cpp
[4.836s] -- Up-to-date: /home/openark/ros2_ws/src/install/zed_interfaces/include/zed_interfaces/msg/detail/plane_stamped__rosidl_typesupport_introspection_cpp.hpp
[4.836s] -- Up-to-date: /home/openark/ros2_ws/src/install/zed_interfaces/include/zed_interfaces/msg/detail/pos_track_status__rosidl_typesupport_introspection_cpp.hpp
[4.836s] -- Up-to-date: /home/openark/ros2_ws/src/install/zed_interfaces/include/zed_interfaces/msg/detail/objects_stamped__type_support.cpp
[4.837s] -- Up-to-date: /home/openark/ros2_ws/src/install/zed_interfaces/include/zed_interfaces/msg/detail/bounding_box3_d__rosidl_typesupport_introspection_cpp.hpp
[4.837s] -- Up-to-date: /home/openark/ros2_ws/src/install/zed_interfaces/include/zed_interfaces/msg/detail/keypoint2_di__rosidl_typesupport_introspection_cpp.hpp
[4.838s] -- Up-to-date: /home/openark/ros2_ws/src/install/zed_interfaces/include/zed_interfaces/msg/detail/object__type_support.cpp
[4.839s] -- Up-to-date: /home/openark/ros2_ws/src/install/zed_interfaces/include/zed_interfaces/msg/detail/skeleton3_d__rosidl_typesupport_introspection_cpp.hpp
[4.839s] -- Up-to-date: /home/openark/ros2_ws/src/install/zed_interfaces/include/zed_interfaces/msg/detail/keypoint2_df__rosidl_typesupport_introspection_cpp.hpp
[4.839s] -- Up-to-date: /home/openark/ros2_ws/src/install/zed_interfaces/include/zed_interfaces/msg/detail/heartbeat__rosidl_typesupport_introspection_cpp.hpp
[4.839s] -- Up-to-date: /home/openark/ros2_ws/src/install/zed_interfaces/include/zed_interfaces/msg/detail/keypoint3_d__type_support.cpp
[4.840s] -- Up-to-date: /home/openark/ros2_ws/src/install/zed_interfaces/include/zed_interfaces/msg/detail/bounding_box2_di__rosidl_typesupport_introspection_cpp.hpp
[4.840s] -- Up-to-date: /home/openark/ros2_ws/src/install/zed_interfaces/include/zed_interfaces/msg/detail/keypoint2_df__type_support.cpp
[4.840s] -- Up-to-date: /home/openark/ros2_ws/src/install/zed_interfaces/include/zed_interfaces/msg/detail/bounding_box2_df__type_support.cpp
[4.841s] -- Up-to-date: /home/openark/ros2_ws/src/install/zed_interfaces/include/zed_interfaces/msg/detail/depth_info_stamped__type_support.cpp
[4.841s] -- Up-to-date: /home/openark/ros2_ws/src/install/zed_interfaces/include/zed_interfaces/msg/detail/bounding_box2_di__type_support.cpp
[4.841s] -- Up-to-date: /home/openark/ros2_ws/src/install/zed_interfaces/include/zed_interfaces/msg/detail/bounding_box2_df__rosidl_typesupport_introspection_cpp.hpp
[4.842s] -- Up-to-date: /home/openark/ros2_ws/src/install/zed_interfaces/include/zed_interfaces/msg/detail/skeleton2_d__type_support.cpp
[4.842s] -- Up-to-date: /home/openark/ros2_ws/src/install/zed_interfaces/include/zed_interfaces/msg/detail/objects_stamped__rosidl_typesupport_introspection_cpp.hpp
[4.842s] -- Up-to-date: /home/openark/ros2_ws/src/install/zed_interfaces/include/zed_interfaces/msg/detail/bounding_box3_d__type_support.cpp
[4.843s] -- Up-to-date: /home/openark/ros2_ws/src/install/zed_interfaces/include/zed_interfaces/msg/detail/skeleton3_d__type_support.cpp
[4.843s] -- Up-to-date: /home/openark/ros2_ws/src/install/zed_interfaces/include/zed_interfaces/msg/detail/plane_stamped__type_support.cpp
[4.843s] -- Up-to-date: /home/openark/ros2_ws/src/install/zed_interfaces/include/zed_interfaces/msg/detail/object__rosidl_typesupport_introspection_cpp.hpp
[4.844s] -- Up-to-date: /home/openark/ros2_ws/src/install/zed_interfaces/include/zed_interfaces/srv
[4.844s] -- Up-to-date: /home/openark/ros2_ws/src/install/zed_interfaces/include/zed_interfaces/srv/detail
[4.845s] -- Up-to-date: /home/openark/ros2_ws/src/install/zed_interfaces/include/zed_interfaces/srv/detail/set_roi__type_support.cpp
[4.845s] -- Up-to-date: /home/openark/ros2_ws/src/install/zed_interfaces/include/zed_interfaces/srv/detail/start_svo_rec__type_support.cpp
[4.845s] -- Up-to-date: /home/openark/ros2_ws/src/install/zed_interfaces/include/zed_interfaces/srv/detail/set_pose__rosidl_typesupport_introspection_cpp.hpp
[4.845s] -- Up-to-date: /home/openark/ros2_ws/src/install/zed_interfaces/include/zed_interfaces/srv/detail/start_svo_rec__rosidl_typesupport_introspection_cpp.hpp
[4.846s] -- Up-to-date: /home/openark/ros2_ws/src/install/zed_interfaces/include/zed_interfaces/srv/detail/set_pose__type_support.cpp
[4.846s] -- Up-to-date: /home/openark/ros2_ws/src/install/zed_interfaces/include/zed_interfaces/srv/detail/set_roi__rosidl_typesupport_introspection_cpp.hpp
[4.847s] -- Up-to-date: /home/openark/ros2_ws/src/install/zed_interfaces/lib/libzed_interfaces__rosidl_typesupport_introspection_cpp.so
[4.847s] -- Up-to-date: /home/openark/ros2_ws/src/install/zed_interfaces/lib/libzed_interfaces__rosidl_typesupport_cpp.so
[4.849s] -- Up-to-date: /home/openark/ros2_ws/src/install/zed_interfaces/share/zed_interfaces/environment/pythonpath.sh
[4.849s] -- Up-to-date: /home/openark/ros2_ws/src/install/zed_interfaces/share/zed_interfaces/environment/pythonpath.dsv
[4.850s] -- Up-to-date: /home/openark/ros2_ws/src/install/zed_interfaces/lib/python3.8/site-packages/zed_interfaces/__init__.py
[4.851s] -- Up-to-date: /home/openark/ros2_ws/src/install/zed_interfaces/lib/python3.8/site-packages/zed_interfaces/msg
[4.852s] -- Up-to-date: /home/openark/ros2_ws/src/install/zed_interfaces/lib/python3.8/site-packages/zed_interfaces/msg/_keypoint2_di_s.c
[4.854s] -- Up-to-date: /home/openark/ros2_ws/src/install/zed_interfaces/lib/python3.8/site-packages/zed_interfaces/msg/_objects_stamped_s.c
[4.855s] -- Up-to-date: /home/openark/ros2_ws/src/install/zed_interfaces/lib/python3.8/site-packages/zed_interfaces/msg/_bounding_box2_df_s.c
[4.856s] -- Up-to-date: /home/openark/ros2_ws/src/install/zed_interfaces/lib/python3.8/site-packages/zed_interfaces/msg/__init__.py
[4.856s] -- Up-to-date: /home/openark/ros2_ws/src/install/zed_interfaces/lib/python3.8/site-packages/zed_interfaces/msg/_object_s.c
[4.857s] -- Up-to-date: /home/openark/ros2_ws/src/install/zed_interfaces/lib/python3.8/site-packages/zed_interfaces/msg/_heartbeat_s.c
[4.858s] -- Up-to-date: /home/openark/ros2_ws/src/install/zed_interfaces/lib/python3.8/site-packages/zed_interfaces/msg/_keypoint2_di.py
[4.859s] -- Up-to-date: /home/openark/ros2_ws/src/install/zed_interfaces/lib/python3.8/site-packages/zed_interfaces/msg/_objects_stamped.py
[4.859s] -- Up-to-date: /home/openark/ros2_ws/src/install/zed_interfaces/lib/python3.8/site-packages/zed_interfaces/msg/_keypoint3_d.py
[4.859s] -- Up-to-date: /home/openark/ros2_ws/src/install/zed_interfaces/lib/python3.8/site-packages/zed_interfaces/msg/_plane_stamped.py
[4.860s] -- Up-to-date: /home/openark/ros2_ws/src/install/zed_interfaces/lib/python3.8/site-packages/zed_interfaces/msg/_object.py
[4.861s] -- Up-to-date: /home/openark/ros2_ws/src/install/zed_interfaces/lib/python3.8/site-packages/zed_interfaces/msg/_depth_info_stamped.py
[4.862s] -- Up-to-date: /home/openark/ros2_ws/src/install/zed_interfaces/lib/python3.8/site-packages/zed_interfaces/msg/_bounding_box2_di.py
[4.862s] -- Up-to-date: /home/openark/ros2_ws/src/install/zed_interfaces/lib/python3.8/site-packages/zed_interfaces/msg/_plane_stamped_s.c
[4.862s] -- Up-to-date: /home/openark/ros2_ws/src/install/zed_interfaces/lib/python3.8/site-packages/zed_interfaces/msg/_pos_track_status_s.c
[4.862s] -- Up-to-date: /home/openark/ros2_ws/src/install/zed_interfaces/lib/python3.8/site-packages/zed_interfaces/msg/_skeleton2_d_s.c
[4.863s] -- Up-to-date: /home/openark/ros2_ws/src/install/zed_interfaces/lib/python3.8/site-packages/zed_interfaces/msg/_bounding_box3_d.py
[4.863s] -- Up-to-date: /home/openark/ros2_ws/src/install/zed_interfaces/lib/python3.8/site-packages/zed_interfaces/msg/_keypoint3_d_s.c
[4.863s] -- Up-to-date: /home/openark/ros2_ws/src/install/zed_interfaces/lib/python3.8/site-packages/zed_interfaces/msg/_skeleton3_d.py
[4.863s] -- Up-to-date: /home/openark/ros2_ws/src/install/zed_interfaces/lib/python3.8/site-packages/zed_interfaces/msg/_bounding_box2_df.py
[4.864s] -- Up-to-date: /home/openark/ros2_ws/src/install/zed_interfaces/lib/python3.8/site-packages/zed_interfaces/msg/_keypoint2_df.py
[4.864s] -- Up-to-date: /home/openark/ros2_ws/src/install/zed_interfaces/lib/python3.8/site-packages/zed_interfaces/msg/_keypoint2_df_s.c
[4.864s] -- Up-to-date: /home/openark/ros2_ws/src/install/zed_interfaces/lib/python3.8/site-packages/zed_interfaces/msg/_bounding_box2_di_s.c
[4.864s] -- Up-to-date: /home/openark/ros2_ws/src/install/zed_interfaces/lib/python3.8/site-packages/zed_interfaces/msg/_bounding_box3_d_s.c
[4.865s] -- Up-to-date: /home/openark/ros2_ws/src/install/zed_interfaces/lib/python3.8/site-packages/zed_interfaces/msg/_skeleton3_d_s.c
[4.865s] -- Up-to-date: /home/openark/ros2_ws/src/install/zed_interfaces/lib/python3.8/site-packages/zed_interfaces/msg/_pos_track_status.py
[4.865s] -- Up-to-date: /home/openark/ros2_ws/src/install/zed_interfaces/lib/python3.8/site-packages/zed_interfaces/msg/_heartbeat.py
[4.865s] -- Up-to-date: /home/openark/ros2_ws/src/install/zed_interfaces/lib/python3.8/site-packages/zed_interfaces/msg/_depth_info_stamped_s.c
[4.865s] -- Up-to-date: /home/openark/ros2_ws/src/install/zed_interfaces/lib/python3.8/site-packages/zed_interfaces/msg/_skeleton2_d.py
[4.866s] -- Up-to-date: /home/openark/ros2_ws/src/install/zed_interfaces/lib/python3.8/site-packages/zed_interfaces/srv
[4.866s] -- Up-to-date: /home/openark/ros2_ws/src/install/zed_interfaces/lib/python3.8/site-packages/zed_interfaces/srv/_set_pose.py
[4.866s] -- Up-to-date: /home/openark/ros2_ws/src/install/zed_interfaces/lib/python3.8/site-packages/zed_interfaces/srv/__init__.py
[4.867s] -- Up-to-date: /home/openark/ros2_ws/src/install/zed_interfaces/lib/python3.8/site-packages/zed_interfaces/srv/_set_roi_s.c
[4.868s] -- Up-to-date: /home/openark/ros2_ws/src/install/zed_interfaces/lib/python3.8/site-packages/zed_interfaces/srv/_start_svo_rec.py
[4.868s] -- Up-to-date: /home/openark/ros2_ws/src/install/zed_interfaces/lib/python3.8/site-packages/zed_interfaces/srv/_set_pose_s.c
[4.869s] -- Up-to-date: /home/openark/ros2_ws/src/install/zed_interfaces/lib/python3.8/site-packages/zed_interfaces/srv/_set_roi.py
[4.869s] -- Up-to-date: /home/openark/ros2_ws/src/install/zed_interfaces/lib/python3.8/site-packages/zed_interfaces/srv/_start_svo_rec_s.c
[4.870s] -- Up-to-date: /home/openark/ros2_ws/src/install/zed_interfaces/lib/python3.8/site-packages/zed_interfaces/zed_interfaces_s__rosidl_typesupport_fastrtps_c.cpython-38-x86_64-linux-gnu.so
[4.870s] -- Up-to-date: /home/openark/ros2_ws/src/install/zed_interfaces/lib/python3.8/site-packages/zed_interfaces/zed_interfaces_s__rosidl_typesupport_introspection_c.cpython-38-x86_64-linux-gnu.so
[4.871s] -- Up-to-date: /home/openark/ros2_ws/src/install/zed_interfaces/lib/python3.8/site-packages/zed_interfaces/zed_interfaces_s__rosidl_typesupport_c.cpython-38-x86_64-linux-gnu.so
[4.871s] -- Up-to-date: /home/openark/ros2_ws/src/install/zed_interfaces/lib/libzed_interfaces__python.so
[4.872s] -- Up-to-date: /home/openark/ros2_ws/src/install/zed_interfaces/share/zed_interfaces/msg/Object.idl
[4.873s] -- Up-to-date: /home/openark/ros2_ws/src/install/zed_interfaces/share/zed_interfaces/msg/ObjectsStamped.idl
[4.873s] -- Up-to-date: /home/openark/ros2_ws/src/install/zed_interfaces/share/zed_interfaces/msg/Keypoint2Di.idl
[4.873s] -- Up-to-date: /home/openark/ros2_ws/src/install/zed_interfaces/share/zed_interfaces/msg/Keypoint2Df.idl
[4.874s] -- Up-to-date: /home/openark/ros2_ws/src/install/zed_interfaces/share/zed_interfaces/msg/Keypoint3D.idl
[4.874s] -- Up-to-date: /home/openark/ros2_ws/src/install/zed_interfaces/share/zed_interfaces/msg/BoundingBox2Di.idl
[4.874s] -- Up-to-date: /home/openark/ros2_ws/src/install/zed_interfaces/share/zed_interfaces/msg/BoundingBox2Df.idl
[4.875s] -- Up-to-date: /home/openark/ros2_ws/src/install/zed_interfaces/share/zed_interfaces/msg/BoundingBox3D.idl
[4.875s] -- Up-to-date: /home/openark/ros2_ws/src/install/zed_interfaces/share/zed_interfaces/msg/Skeleton2D.idl
[4.875s] -- Up-to-date: /home/openark/ros2_ws/src/install/zed_interfaces/share/zed_interfaces/msg/Skeleton3D.idl
[4.875s] -- Up-to-date: /home/openark/ros2_ws/src/install/zed_interfaces/share/zed_interfaces/msg/DepthInfoStamped.idl
[4.875s] -- Up-to-date: /home/openark/ros2_ws/src/install/zed_interfaces/share/zed_interfaces/msg/PlaneStamped.idl
[4.875s] -- Up-to-date: /home/openark/ros2_ws/src/install/zed_interfaces/share/zed_interfaces/msg/PosTrackStatus.idl
[4.875s] -- Up-to-date: /home/openark/ros2_ws/src/install/zed_interfaces/share/zed_interfaces/msg/Heartbeat.idl
[4.876s] -- Up-to-date: /home/openark/ros2_ws/src/install/zed_interfaces/share/zed_interfaces/srv/SetPose.idl
[4.876s] -- Up-to-date: /home/openark/ros2_ws/src/install/zed_interfaces/share/zed_interfaces/srv/StartSvoRec.idl
[4.876s] -- Up-to-date: /home/openark/ros2_ws/src/install/zed_interfaces/share/zed_interfaces/srv/SetROI.idl
[4.876s] -- Up-to-date: /home/openark/ros2_ws/src/install/zed_interfaces/share/zed_interfaces/msg/Object.msg
[4.877s] -- Up-to-date: /home/openark/ros2_ws/src/install/zed_interfaces/share/zed_interfaces/msg/ObjectsStamped.msg
[4.878s] -- Up-to-date: /home/openark/ros2_ws/src/install/zed_interfaces/share/zed_interfaces/msg/Keypoint2Di.msg
[4.878s] -- Up-to-date: /home/openark/ros2_ws/src/install/zed_interfaces/share/zed_interfaces/msg/Keypoint2Df.msg
[4.878s] -- Up-to-date: /home/openark/ros2_ws/src/install/zed_interfaces/share/zed_interfaces/msg/Keypoint3D.msg
[4.879s] -- Up-to-date: /home/openark/ros2_ws/src/install/zed_interfaces/share/zed_interfaces/msg/BoundingBox2Di.msg
[4.880s] -- Up-to-date: /home/openark/ros2_ws/src/install/zed_interfaces/share/zed_interfaces/msg/BoundingBox2Df.msg
[4.880s] -- Up-to-date: /home/openark/ros2_ws/src/install/zed_interfaces/share/zed_interfaces/msg/BoundingBox3D.msg
[4.880s] -- Up-to-date: /home/openark/ros2_ws/src/install/zed_interfaces/share/zed_interfaces/msg/Skeleton2D.msg
[4.880s] -- Up-to-date: /home/openark/ros2_ws/src/install/zed_interfaces/share/zed_interfaces/msg/Skeleton3D.msg
[4.881s] -- Up-to-date: /home/openark/ros2_ws/src/install/zed_interfaces/share/zed_interfaces/msg/DepthInfoStamped.msg
[4.881s] -- Up-to-date: /home/openark/ros2_ws/src/install/zed_interfaces/share/zed_interfaces/msg/PlaneStamped.msg
[4.881s] -- Up-to-date: /home/openark/ros2_ws/src/install/zed_interfaces/share/zed_interfaces/msg/PosTrackStatus.msg
[4.881s] -- Up-to-date: /home/openark/ros2_ws/src/install/zed_interfaces/share/zed_interfaces/msg/Heartbeat.msg
[4.882s] -- Up-to-date: /home/openark/ros2_ws/src/install/zed_interfaces/share/zed_interfaces/srv/SetPose.srv
[4.882s] -- Up-to-date: /home/openark/ros2_ws/src/install/zed_interfaces/share/zed_interfaces/srv/SetPose_Request.msg
[4.882s] -- Up-to-date: /home/openark/ros2_ws/src/install/zed_interfaces/share/zed_interfaces/srv/SetPose_Response.msg
[4.883s] -- Up-to-date: /home/openark/ros2_ws/src/install/zed_interfaces/share/zed_interfaces/srv/StartSvoRec.srv
[4.883s] -- Up-to-date: /home/openark/ros2_ws/src/install/zed_interfaces/share/zed_interfaces/srv/StartSvoRec_Request.msg
[4.883s] -- Up-to-date: /home/openark/ros2_ws/src/install/zed_interfaces/share/zed_interfaces/srv/StartSvoRec_Response.msg
[4.883s] -- Up-to-date: /home/openark/ros2_ws/src/install/zed_interfaces/share/zed_interfaces/srv/SetROI.srv
[4.883s] -- Up-to-date: /home/openark/ros2_ws/src/install/zed_interfaces/share/zed_interfaces/srv/SetROI_Request.msg
[4.883s] -- Up-to-date: /home/openark/ros2_ws/src/install/zed_interfaces/share/zed_interfaces/srv/SetROI_Response.msg
[4.883s] -- Up-to-date: /home/openark/ros2_ws/src/install/zed_interfaces/share/zed_interfaces/meshes
[4.883s] -- Up-to-date: /home/openark/ros2_ws/src/install/zed_interfaces/share/zed_interfaces/meshes/zedx.stl
[4.883s] -- Up-to-date: /home/openark/ros2_ws/src/install/zed_interfaces/share/zed_interfaces/meshes/zed2.stl
[4.883s] -- Up-to-date: /home/openark/ros2_ws/src/install/zed_interfaces/share/zed_interfaces/meshes/zed2i.stl
[4.883s] -- Up-to-date: /home/openark/ros2_ws/src/install/zed_interfaces/share/zed_interfaces/meshes/zedm.stl
[4.884s] -- Up-to-date: /home/openark/ros2_ws/src/install/zed_interfaces/share/zed_interfaces/meshes/zedxm.stl
[4.884s] -- Up-to-date: /home/openark/ros2_ws/src/install/zed_interfaces/share/zed_interfaces/meshes/zed.stl
[4.884s] -- Up-to-date: /home/openark/ros2_ws/src/install/zed_interfaces/share/ament_index/resource_index/package_run_dependencies/zed_interfaces
[4.884s] -- Up-to-date: /home/openark/ros2_ws/src/install/zed_interfaces/share/ament_index/resource_index/parent_prefix_path/zed_interfaces
[4.884s] -- Up-to-date: /home/openark/ros2_ws/src/install/zed_interfaces/share/zed_interfaces/environment/ament_prefix_path.sh
[4.884s] -- Up-to-date: /home/openark/ros2_ws/src/install/zed_interfaces/share/zed_interfaces/environment/ament_prefix_path.dsv
[4.884s] -- Up-to-date: /home/openark/ros2_ws/src/install/zed_interfaces/share/zed_interfaces/environment/path.sh
[4.885s] -- Up-to-date: /home/openark/ros2_ws/src/install/zed_interfaces/share/zed_interfaces/environment/path.dsv
[4.885s] -- Up-to-date: /home/openark/ros2_ws/src/install/zed_interfaces/share/zed_interfaces/local_setup.bash
[4.886s] -- Up-to-date: /home/openark/ros2_ws/src/install/zed_interfaces/share/zed_interfaces/local_setup.sh
[4.886s] -- Up-to-date: /home/openark/ros2_ws/src/install/zed_interfaces/share/zed_interfaces/local_setup.zsh
[4.886s] -- Up-to-date: /home/openark/ros2_ws/src/install/zed_interfaces/share/zed_interfaces/local_setup.dsv
[4.887s] -- Installing: /home/openark/ros2_ws/src/install/zed_interfaces/share/zed_interfaces/package.dsv
[4.888s] -- Up-to-date: /home/openark/ros2_ws/src/install/zed_interfaces/share/ament_index/resource_index/packages/zed_interfaces
[4.889s] -- Up-to-date: /home/openark/ros2_ws/src/install/zed_interfaces/share/zed_interfaces/cmake/zed_interfaces__rosidl_generator_cExport.cmake
[4.890s] -- Up-to-date: /home/openark/ros2_ws/src/install/zed_interfaces/share/zed_interfaces/cmake/zed_interfaces__rosidl_generator_cExport-noconfig.cmake
[4.890s] -- Up-to-date: /home/openark/ros2_ws/src/install/zed_interfaces/share/zed_interfaces/cmake/zed_interfaces__rosidl_typesupport_introspection_cExport.cmake
[4.891s] -- Up-to-date: /home/openark/ros2_ws/src/install/zed_interfaces/share/zed_interfaces/cmake/zed_interfaces__rosidl_typesupport_introspection_cExport-noconfig.cmake
[4.891s] -- Up-to-date: /home/openark/ros2_ws/src/install/zed_interfaces/share/zed_interfaces/cmake/zed_interfaces__rosidl_typesupport_cExport.cmake
[4.891s] -- Up-to-date: /home/openark/ros2_ws/src/install/zed_interfaces/share/zed_interfaces/cmake/zed_interfaces__rosidl_typesupport_cExport-noconfig.cmake
[4.892s] -- Up-to-date: /home/openark/ros2_ws/src/install/zed_interfaces/share/zed_interfaces/cmake/zed_interfaces__rosidl_generator_cppExport.cmake
[4.892s] -- Up-to-date: /home/openark/ros2_ws/src/install/zed_interfaces/share/zed_interfaces/cmake/zed_interfaces__rosidl_typesupport_introspection_cppExport.cmake
[4.892s] -- Up-to-date: /home/openark/ros2_ws/src/install/zed_interfaces/share/zed_interfaces/cmake/zed_interfaces__rosidl_typesupport_introspection_cppExport-noconfig.cmake
[4.893s] -- Up-to-date: /home/openark/ros2_ws/src/install/zed_interfaces/share/zed_interfaces/cmake/zed_interfaces__rosidl_typesupport_cppExport.cmake
[4.893s] -- Up-to-date: /home/openark/ros2_ws/src/install/zed_interfaces/share/zed_interfaces/cmake/zed_interfaces__rosidl_typesupport_cppExport-noconfig.cmake
[4.894s] -- Up-to-date: /home/openark/ros2_ws/src/install/zed_interfaces/share/zed_interfaces/cmake/rosidl_cmake-extras.cmake
[4.894s] -- Up-to-date: /home/openark/ros2_ws/src/install/zed_interfaces/share/zed_interfaces/cmake/ament_cmake_export_dependencies-extras.cmake
[4.895s] -- Up-to-date: /home/openark/ros2_ws/src/install/zed_interfaces/share/zed_interfaces/cmake/ament_cmake_export_libraries-extras.cmake
[4.895s] -- Up-to-date: /home/openark/ros2_ws/src/install/zed_interfaces/share/zed_interfaces/cmake/ament_cmake_export_targets-extras.cmake
[4.895s] -- Up-to-date: /home/openark/ros2_ws/src/install/zed_interfaces/share/zed_interfaces/cmake/ament_cmake_export_include_directories-extras.cmake
[4.897s] -- Up-to-date: /home/openark/ros2_ws/src/install/zed_interfaces/share/zed_interfaces/cmake/rosidl_cmake_export_typesupport_libraries-extras.cmake
[4.898s] -- Up-to-date: /home/openark/ros2_ws/src/install/zed_interfaces/share/zed_interfaces/cmake/rosidl_cmake_export_typesupport_targets-extras.cmake
[4.899s] -- Up-to-date: /home/openark/ros2_ws/src/install/zed_interfaces/share/zed_interfaces/cmake/zed_interfacesConfig.cmake
[4.900s] -- Up-to-date: /home/openark/ros2_ws/src/install/zed_interfaces/share/zed_interfaces/cmake/zed_interfacesConfig-version.cmake
[4.902s] -- Up-to-date: /home/openark/ros2_ws/src/install/zed_interfaces/share/zed_interfaces/package.xml
[7.200s] Invoked command in '/home/openark/ros2_ws/src/build/zed_interfaces' returned '0': CMAKE_PREFIX_PATH=/home/openark/ros2_ws/install/zed_ros2:/home/openark/ros2_ws/install/zed_multi_camera:/home/openark/ros2_ws/install/zed_display_rviz2:/home/openark/ros2_ws/install/zed_wrapper:/home/openark/ros2_ws/install/zed_tutorial_video:/home/openark/ros2_ws/install/zed_tutorial_pos_tracking:/home/openark/ros2_ws/install/zed_tutorial_depth:/home/openark/ros2_ws/install/zed_topic_benchmark_interfaces:/home/openark/ros2_ws/install/zed_rgb_convert:/home/openark/ros2_ws/install/zed_components:/home/openark/ros2_ws/install/rviz_plugin_zed_od:/home/openark/ros2_ws/install/zed_interfaces:/home/openark/ros2_ws/install/examples_rclpy_minimal_subscriber:/home/openark/ros2_ws/install/examples_rclpy_minimal_service:/home/openark/ros2_ws/install/examples_rclpy_minimal_publisher:/home/openark/ros2_ws/install/examples_rclpy_minimal_client:/home/openark/ros2_ws/install/examples_rclpy_minimal_action_server:/home/openark/ros2_ws/install/examples_rclpy_minimal_action_client:/home/openark/ros2_ws/install/examples_rclpy_executors:/opt/ros/foxy:/home/openark/ros2_ws/install/septentrio_gnss_driver:/home/openark/ros2_ws/install/roar_septentrio_interface:/home/openark/ros2_ws/install/examples_rclcpp_multithreaded_executor:/home/openark/ros2_ws/install/examples_rclcpp_minimal_timer:/home/openark/ros2_ws/install/examples_rclcpp_minimal_subscriber:/home/openark/ros2_ws/install/examples_rclcpp_minimal_service:/home/openark/ros2_ws/install/examples_rclcpp_minimal_publisher:/home/openark/ros2_ws/install/examples_rclcpp_minimal_composition:/home/openark/ros2_ws/install/examples_rclcpp_minimal_client:/home/openark/ros2_ws/install/examples_rclcpp_minimal_action_server:/home/openark/ros2_ws/install/examples_rclcpp_minimal_action_client /usr/bin/cmake --install /home/openark/ros2_ws/src/build/zed_interfaces
