[3.859s] Invoking command in '/home/openark/ros2_ws/build/examples_rclpy_executors': PYTHONPATH=/home/openark/ros2_ws/build/examples_rclpy_executors/prefix_override:/home/openark/ros2_ws/install/examples_rclpy_executors/lib/python3.8/site-packages:${PYTHONPATH} /usr/bin/python3 setup.py develop --editable --build-directory /home/openark/ros2_ws/build/examples_rclpy_executors/build --no-deps install_data
[11.994s] running develop
[11.994s] running egg_info
[11.994s] writing examples_rclpy_executors.egg-info/PKG-INFO
[11.994s] writing dependency_links to examples_rclpy_executors.egg-info/dependency_links.txt
[11.995s] writing entry points to examples_rclpy_executors.egg-info/entry_points.txt
[11.995s] writing requirements to examples_rclpy_executors.egg-info/requires.txt
[11.995s] writing top-level names to examples_rclpy_executors.egg-info/top_level.txt
[11.995s] reading manifest file 'examples_rclpy_executors.egg-info/SOURCES.txt'
[11.995s] writing manifest file 'examples_rclpy_executors.egg-info/SOURCES.txt'
[11.995s] running build_ext
[11.996s] Creating /home/openark/ros2_ws/install/examples_rclpy_executors/lib/python3.8/site-packages/examples-rclpy-executors.egg-link (link to .)
[11.996s] Installing callback_group script to /home/openark/ros2_ws/install/examples_rclpy_executors/lib/examples_rclpy_executors
[11.996s] Installing composed script to /home/openark/ros2_ws/install/examples_rclpy_executors/lib/examples_rclpy_executors
[11.996s] Installing custom_callback_group script to /home/openark/ros2_ws/install/examples_rclpy_executors/lib/examples_rclpy_executors
[11.996s] Installing custom_executor script to /home/openark/ros2_ws/install/examples_rclpy_executors/lib/examples_rclpy_executors
[11.997s] Installing listener script to /home/openark/ros2_ws/install/examples_rclpy_executors/lib/examples_rclpy_executors
[11.997s] Installing talker script to /home/openark/ros2_ws/install/examples_rclpy_executors/lib/examples_rclpy_executors
[11.997s] 
[11.997s] Installed /home/openark/ros2_ws/build/examples_rclpy_executors
[11.997s] running install_data
[13.520s] Invoked command in '/home/openark/ros2_ws/build/examples_rclpy_executors' returned '0': PYTHONPATH=/home/openark/ros2_ws/build/examples_rclpy_executors/prefix_override:/home/openark/ros2_ws/install/examples_rclpy_executors/lib/python3.8/site-packages:${PYTHONPATH} /usr/bin/python3 setup.py develop --editable --build-directory /home/openark/ros2_ws/build/examples_rclpy_executors/build --no-deps install_data
