[2.261s] Invoking command in '/home/openark/ros2_ws/build/roar_septentrio_interface': CMAKE_PREFIX_PATH=${CMAKE_PREFIX_PATH}:/home/openark/ros2_ws/install/examples_rclpy_minimal_subscriber:/home/openark/ros2_ws/install/examples_rclpy_minimal_service:/home/openark/ros2_ws/install/examples_rclpy_minimal_publisher:/home/openark/ros2_ws/install/examples_rclpy_minimal_client:/home/openark/ros2_ws/install/examples_rclpy_minimal_action_server:/home/openark/ros2_ws/install/examples_rclpy_minimal_action_client:/home/openark/ros2_ws/install/examples_rclpy_executors:/home/openark/ros2_ws/src/install/examples_rclpy_minimal_subscriber:/home/openark/ros2_ws/src/install/examples_rclpy_minimal_service:/home/openark/ros2_ws/src/install/examples_rclpy_minimal_publisher:/home/openark/ros2_ws/src/install/examples_rclpy_minimal_client:/home/openark/ros2_ws/src/install/examples_rclpy_minimal_action_server:/home/openark/ros2_ws/src/install/examples_rclpy_minimal_action_client:/home/openark/ros2_ws/src/install/examples_rclpy_executors:/opt/ros/foxy /usr/bin/cmake /home/openark/ros2_ws/src/roar_septentrio_interface -DCMAKE_INSTALL_PREFIX=/home/openark/ros2_ws/install/roar_septentrio_interface
[2.598s] -- The C compiler identification is GNU 9.4.0
[2.806s] -- The CXX compiler identification is GNU 9.4.0
[2.831s] -- Check for working C compiler: /usr/bin/cc
[2.991s] -- Check for working C compiler: /usr/bin/cc -- works
[2.993s] -- Detecting C compiler ABI info
[3.174s] -- Detecting C compiler ABI info - done
[3.217s] -- Detecting C compile features
[3.219s] -- Detecting C compile features - done
[3.226s] -- Check for working CXX compiler: /usr/bin/c++
[3.426s] -- Check for working CXX compiler: /usr/bin/c++ -- works
[3.429s] -- Detecting CXX compiler ABI info
[3.607s] -- Detecting CXX compiler ABI info - done
[3.634s] -- Detecting CXX compile features
[3.636s] -- Detecting CXX compile features - done
[3.645s] -- Found ament_cmake: 0.9.12 (/opt/ros/foxy/share/ament_cmake/cmake)
[3.699s] -- Found PythonInterp: /usr/bin/python3 (found suitable version "3.8.10", minimum required is "3") 
[3.701s] -- Using PYTHON_EXECUTABLE: /usr/bin/python3
[4.223s] -- Found ament_cmake_auto: 0.9.12 (/opt/ros/foxy/share/ament_cmake_auto/cmake)
[4.455s] -- Using all available rosidl_typesupport_c: rosidl_typesupport_fastrtps_c;rosidl_typesupport_introspection_c
[4.471s] -- Found rosidl_adapter: 1.3.1 (/opt/ros/foxy/share/rosidl_adapter/cmake)
[4.678s] -- Found OpenSSL: /usr/lib/x86_64-linux-gnu/libcrypto.so (found version "1.1.1f")  
[4.793s] -- Found FastRTPS: /opt/ros/foxy/include  
[4.975s] -- Using all available rosidl_typesupport_cpp: rosidl_typesupport_fastrtps_cpp;rosidl_typesupport_introspection_cpp
[5.109s] -- Found rmw_implementation_cmake: 1.0.4 (/opt/ros/foxy/share/rmw_implementation_cmake/cmake)
[5.116s] -- Using RMW implementation 'rmw_fastrtps_cpp' as default
[5.116s] -- Looking for pthread.h
[5.234s] -- Looking for pthread.h - found
[5.235s] -- Performing Test CMAKE_HAVE_LIBC_PTHREAD
[5.361s] -- Performing Test CMAKE_HAVE_LIBC_PTHREAD - Failed
[5.362s] -- Looking for pthread_create in pthreads
[5.464s] -- Looking for pthread_create in pthreads - not found
[5.466s] -- Looking for pthread_create in pthread
[5.601s] -- Looking for pthread_create in pthread - found
[5.604s] -- Found Threads: TRUE  
[7.486s] -- Found GeographicLib: /usr/lib/x86_64-linux-gnu  
[7.512s] -- Configuring done
[7.538s] -- Generating done
[7.542s] -- Build files have been written to: /home/openark/ros2_ws/build/roar_septentrio_interface
[7.554s] Invoked command in '/home/openark/ros2_ws/build/roar_septentrio_interface' returned '0': CMAKE_PREFIX_PATH=${CMAKE_PREFIX_PATH}:/home/openark/ros2_ws/install/examples_rclpy_minimal_subscriber:/home/openark/ros2_ws/install/examples_rclpy_minimal_service:/home/openark/ros2_ws/install/examples_rclpy_minimal_publisher:/home/openark/ros2_ws/install/examples_rclpy_minimal_client:/home/openark/ros2_ws/install/examples_rclpy_minimal_action_server:/home/openark/ros2_ws/install/examples_rclpy_minimal_action_client:/home/openark/ros2_ws/install/examples_rclpy_executors:/home/openark/ros2_ws/src/install/examples_rclpy_minimal_subscriber:/home/openark/ros2_ws/src/install/examples_rclpy_minimal_service:/home/openark/ros2_ws/src/install/examples_rclpy_minimal_publisher:/home/openark/ros2_ws/src/install/examples_rclpy_minimal_client:/home/openark/ros2_ws/src/install/examples_rclpy_minimal_action_server:/home/openark/ros2_ws/src/install/examples_rclpy_minimal_action_client:/home/openark/ros2_ws/src/install/examples_rclpy_executors:/opt/ros/foxy /usr/bin/cmake /home/openark/ros2_ws/src/roar_septentrio_interface -DCMAKE_INSTALL_PREFIX=/home/openark/ros2_ws/install/roar_septentrio_interface
[7.558s] Invoking command in '/home/openark/ros2_ws/build/roar_septentrio_interface': CMAKE_PREFIX_PATH=${CMAKE_PREFIX_PATH}:/home/openark/ros2_ws/install/examples_rclpy_minimal_subscriber:/home/openark/ros2_ws/install/examples_rclpy_minimal_service:/home/openark/ros2_ws/install/examples_rclpy_minimal_publisher:/home/openark/ros2_ws/install/examples_rclpy_minimal_client:/home/openark/ros2_ws/install/examples_rclpy_minimal_action_server:/home/openark/ros2_ws/install/examples_rclpy_minimal_action_client:/home/openark/ros2_ws/install/examples_rclpy_executors:/home/openark/ros2_ws/src/install/examples_rclpy_minimal_subscriber:/home/openark/ros2_ws/src/install/examples_rclpy_minimal_service:/home/openark/ros2_ws/src/install/examples_rclpy_minimal_publisher:/home/openark/ros2_ws/src/install/examples_rclpy_minimal_client:/home/openark/ros2_ws/src/install/examples_rclpy_minimal_action_server:/home/openark/ros2_ws/src/install/examples_rclpy_minimal_action_client:/home/openark/ros2_ws/src/install/examples_rclpy_executors:/opt/ros/foxy /usr/bin/cmake --build /home/openark/ros2_ws/build/roar_septentrio_interface -- -j12 -l12
[7.615s] [35m[1mScanning dependencies of target roar_septentrio_interface_node[0m
[7.696s] [ 50%] [32mBuilding CXX object CMakeFiles/roar_septentrio_interface_node.dir/src/roar_septentrio_interface_node.cpp.o[0m
[20.836s] [100%] [32m[1mLinking CXX executable roar_septentrio_interface_node[0m
[22.311s] [100%] Built target roar_septentrio_interface_node
[22.361s] Invoked command in '/home/openark/ros2_ws/build/roar_septentrio_interface' returned '0': CMAKE_PREFIX_PATH=${CMAKE_PREFIX_PATH}:/home/openark/ros2_ws/install/examples_rclpy_minimal_subscriber:/home/openark/ros2_ws/install/examples_rclpy_minimal_service:/home/openark/ros2_ws/install/examples_rclpy_minimal_publisher:/home/openark/ros2_ws/install/examples_rclpy_minimal_client:/home/openark/ros2_ws/install/examples_rclpy_minimal_action_server:/home/openark/ros2_ws/install/examples_rclpy_minimal_action_client:/home/openark/ros2_ws/install/examples_rclpy_executors:/home/openark/ros2_ws/src/install/examples_rclpy_minimal_subscriber:/home/openark/ros2_ws/src/install/examples_rclpy_minimal_service:/home/openark/ros2_ws/src/install/examples_rclpy_minimal_publisher:/home/openark/ros2_ws/src/install/examples_rclpy_minimal_client:/home/openark/ros2_ws/src/install/examples_rclpy_minimal_action_server:/home/openark/ros2_ws/src/install/examples_rclpy_minimal_action_client:/home/openark/ros2_ws/src/install/examples_rclpy_executors:/opt/ros/foxy /usr/bin/cmake --build /home/openark/ros2_ws/build/roar_septentrio_interface -- -j12 -l12
[22.564s] Invoking command in '/home/openark/ros2_ws/build/roar_septentrio_interface': CMAKE_PREFIX_PATH=${CMAKE_PREFIX_PATH}:/home/openark/ros2_ws/install/examples_rclpy_minimal_subscriber:/home/openark/ros2_ws/install/examples_rclpy_minimal_service:/home/openark/ros2_ws/install/examples_rclpy_minimal_publisher:/home/openark/ros2_ws/install/examples_rclpy_minimal_client:/home/openark/ros2_ws/install/examples_rclpy_minimal_action_server:/home/openark/ros2_ws/install/examples_rclpy_minimal_action_client:/home/openark/ros2_ws/install/examples_rclpy_executors:/home/openark/ros2_ws/src/install/examples_rclpy_minimal_subscriber:/home/openark/ros2_ws/src/install/examples_rclpy_minimal_service:/home/openark/ros2_ws/src/install/examples_rclpy_minimal_publisher:/home/openark/ros2_ws/src/install/examples_rclpy_minimal_client:/home/openark/ros2_ws/src/install/examples_rclpy_minimal_action_server:/home/openark/ros2_ws/src/install/examples_rclpy_minimal_action_client:/home/openark/ros2_ws/src/install/examples_rclpy_executors:/opt/ros/foxy /usr/bin/cmake --install /home/openark/ros2_ws/build/roar_septentrio_interface
[22.605s] -- Install configuration: ""
[22.606s] -- Installing: /home/openark/ros2_ws/install/roar_septentrio_interface/lib/roar_septentrio_interface/roar_septentrio_interface_node
[22.613s] -- Set runtime path of "/home/openark/ros2_ws/install/roar_septentrio_interface/lib/roar_septentrio_interface/roar_septentrio_interface_node" to ""
[22.614s] -- Installing: /home/openark/ros2_ws/install/roar_septentrio_interface/share/roar_septentrio_interface/include
[22.615s] -- Installing: /home/openark/ros2_ws/install/roar_septentrio_interface/share/roar_septentrio_interface/include/.gitkeep
[22.618s] -- Installing: /home/openark/ros2_ws/install/roar_septentrio_interface/share/roar_septentrio_interface/include/roar_septentrio_interface
[22.620s] -- Installing: /home/openark/ros2_ws/install/roar_septentrio_interface/share/roar_septentrio_interface/include/roar_septentrio_interface/roar_septentrio_interface_node.hpp
[22.625s] -- Installing: /home/openark/ros2_ws/install/roar_septentrio_interface/share/roar_septentrio_interface/launch
[22.626s] -- Installing: /home/openark/ros2_ws/install/roar_septentrio_interface/share/roar_septentrio_interface/launch/interface.launch.py
[22.626s] -- Installing: /home/openark/ros2_ws/install/roar_septentrio_interface/share/roar_septentrio_interface/launch/.gitkeep
[22.626s] -- Installing: /home/openark/ros2_ws/install/roar_septentrio_interface/share/roar_septentrio_interface/param
[22.627s] -- Installing: /home/openark/ros2_ws/install/roar_septentrio_interface/share/roar_septentrio_interface/param/.gitkeep
[22.627s] -- Installing: /home/openark/ros2_ws/install/roar_septentrio_interface/share/roar_septentrio_interface/param/config.yaml
[22.628s] -- Installing: /home/openark/ros2_ws/install/roar_septentrio_interface/share/ament_index/resource_index/package_run_dependencies/roar_septentrio_interface
[22.628s] -- Installing: /home/openark/ros2_ws/install/roar_septentrio_interface/share/ament_index/resource_index/parent_prefix_path/roar_septentrio_interface
[22.629s] -- Installing: /home/openark/ros2_ws/install/roar_septentrio_interface/share/roar_septentrio_interface/environment/ament_prefix_path.sh
[22.629s] -- Installing: /home/openark/ros2_ws/install/roar_septentrio_interface/share/roar_septentrio_interface/environment/ament_prefix_path.dsv
[22.630s] -- Installing: /home/openark/ros2_ws/install/roar_septentrio_interface/share/roar_septentrio_interface/environment/path.sh
[22.630s] -- Installing: /home/openark/ros2_ws/install/roar_septentrio_interface/share/roar_septentrio_interface/environment/path.dsv
[22.631s] -- Installing: /home/openark/ros2_ws/install/roar_septentrio_interface/share/roar_septentrio_interface/local_setup.bash
[22.631s] -- Installing: /home/openark/ros2_ws/install/roar_septentrio_interface/share/roar_septentrio_interface/local_setup.sh
[22.631s] -- Installing: /home/openark/ros2_ws/install/roar_septentrio_interface/share/roar_septentrio_interface/local_setup.zsh
[22.632s] -- Installing: /home/openark/ros2_ws/install/roar_septentrio_interface/share/roar_septentrio_interface/local_setup.dsv
[22.632s] -- Installing: /home/openark/ros2_ws/install/roar_septentrio_interface/share/roar_septentrio_interface/package.dsv
[22.634s] -- Installing: /home/openark/ros2_ws/install/roar_septentrio_interface/share/ament_index/resource_index/packages/roar_septentrio_interface
[22.634s] -- Installing: /home/openark/ros2_ws/install/roar_septentrio_interface/share/roar_septentrio_interface/cmake/roar_septentrio_interfaceConfig.cmake
[22.634s] -- Installing: /home/openark/ros2_ws/install/roar_septentrio_interface/share/roar_septentrio_interface/cmake/roar_septentrio_interfaceConfig-version.cmake
[22.634s] -- Installing: /home/openark/ros2_ws/install/roar_septentrio_interface/share/roar_septentrio_interface/package.xml
[22.661s] Invoked command in '/home/openark/ros2_ws/build/roar_septentrio_interface' returned '0': CMAKE_PREFIX_PATH=${CMAKE_PREFIX_PATH}:/home/openark/ros2_ws/install/examples_rclpy_minimal_subscriber:/home/openark/ros2_ws/install/examples_rclpy_minimal_service:/home/openark/ros2_ws/install/examples_rclpy_minimal_publisher:/home/openark/ros2_ws/install/examples_rclpy_minimal_client:/home/openark/ros2_ws/install/examples_rclpy_minimal_action_server:/home/openark/ros2_ws/install/examples_rclpy_minimal_action_client:/home/openark/ros2_ws/install/examples_rclpy_executors:/home/openark/ros2_ws/src/install/examples_rclpy_minimal_subscriber:/home/openark/ros2_ws/src/install/examples_rclpy_minimal_service:/home/openark/ros2_ws/src/install/examples_rclpy_minimal_publisher:/home/openark/ros2_ws/src/install/examples_rclpy_minimal_client:/home/openark/ros2_ws/src/install/examples_rclpy_minimal_action_server:/home/openark/ros2_ws/src/install/examples_rclpy_minimal_action_client:/home/openark/ros2_ws/src/install/examples_rclpy_executors:/opt/ros/foxy /usr/bin/cmake --install /home/openark/ros2_ws/build/roar_septentrio_interface
