[1.423s] Invoking command in '/home/openark/ros2_ws/src/build/examples_rclcpp_minimal_client': CMAKE_PREFIX_PATH=${CMAKE_PREFIX_PATH}:/home/openark/ros2_ws/install/examples_rclpy_minimal_subscriber:/home/openark/ros2_ws/install/examples_rclpy_minimal_service:/home/openark/ros2_ws/install/examples_rclpy_minimal_publisher:/home/openark/ros2_ws/install/examples_rclpy_minimal_client:/home/openark/ros2_ws/install/examples_rclpy_minimal_action_server:/home/openark/ros2_ws/install/examples_rclpy_minimal_action_client:/home/openark/ros2_ws/install/examples_rclpy_executors:/opt/ros/foxy /usr/bin/cmake /home/openark/ros2_ws/src/examples/rclcpp/services/minimal_client -DCMAKE_INSTALL_PREFIX=/home/openark/ros2_ws/src/install/examples_rclcpp_minimal_client
[2.725s] -- The C compiler identification is GNU 9.4.0
[2.725s] -- The CXX compiler identification is GNU 9.4.0
[2.725s] -- Check for working C compiler: /usr/bin/cc
[2.725s] -- Check for working C compiler: /usr/bin/cc -- works
[2.732s] -- Detecting C compiler ABI info
[2.732s] -- Detecting C compiler ABI info - done
[2.732s] -- Detecting C compile features
[2.739s] -- Detecting C compile features - done
[2.740s] -- Check for working CXX compiler: /usr/bin/c++
[2.740s] -- Check for working CXX compiler: /usr/bin/c++ -- works
[2.740s] -- Detecting CXX compiler ABI info
[2.740s] -- Detecting CXX compiler ABI info - done
[2.740s] -- Detecting CXX compile features
[2.740s] -- Detecting CXX compile features - done
[2.741s] -- Found ament_cmake: 0.9.12 (/opt/ros/foxy/share/ament_cmake/cmake)
[2.741s] -- Found PythonInterp: /usr/bin/python3 (found suitable version "3.8.10", minimum required is "3") 
[2.741s] -- Using PYTHON_EXECUTABLE: /usr/bin/python3
[3.331s] -- Found example_interfaces: 0.9.1 (/opt/ros/foxy/share/example_interfaces/cmake)
[3.470s] -- Using all available rosidl_typesupport_c: rosidl_typesupport_fastrtps_c;rosidl_typesupport_introspection_c
[3.499s] -- Found rosidl_adapter: 1.3.1 (/opt/ros/foxy/share/rosidl_adapter/cmake)
[3.788s] -- Found OpenSSL: /usr/lib/x86_64-linux-gnu/libcrypto.so (found version "1.1.1f")  
[3.901s] -- Found FastRTPS: /opt/ros/foxy/include  
[4.114s] -- Using all available rosidl_typesupport_cpp: rosidl_typesupport_fastrtps_cpp;rosidl_typesupport_introspection_cpp
[4.520s] -- Found rclcpp: 2.4.3 (/opt/ros/foxy/share/rclcpp/cmake)
[4.666s] -- Found rmw_implementation_cmake: 1.0.4 (/opt/ros/foxy/share/rmw_implementation_cmake/cmake)
[4.674s] -- Using RMW implementation 'rmw_fastrtps_cpp' as default
[4.680s] -- Looking for pthread.h
[4.920s] -- Looking for pthread.h - found
[4.921s] -- Performing Test CMAKE_HAVE_LIBC_PTHREAD
[5.118s] -- Performing Test CMAKE_HAVE_LIBC_PTHREAD - Failed
[5.118s] -- Looking for pthread_create in pthreads
[5.262s] -- Looking for pthread_create in pthreads - not found
[5.262s] -- Looking for pthread_create in pthread
[5.399s] -- Looking for pthread_create in pthread - found
[5.402s] -- Found Threads: TRUE  
[5.845s] -- Found ament_lint_auto: 0.9.8 (/opt/ros/foxy/share/ament_lint_auto/cmake)
[6.100s] -- Added test 'copyright' to check source files copyright and LICENSE
[6.109s] -- Added test 'cppcheck' to perform static code analysis on C / C++ code
[6.109s] -- Configured cppcheck include dirs: 
[6.109s] -- Configured cppcheck exclude dirs and/or files: 
[6.111s] -- Added test 'cpplint' to check C / C++ code against the Google style
[6.111s] -- Configured cpplint exclude dirs and/or files: 
[6.113s] -- Added test 'lint_cmake' to check CMake code style
[6.115s] -- Added test 'uncrustify' to check C / C++ code style
[6.116s] -- Configured uncrustify additional arguments: 
[6.117s] -- Added test 'xmllint' to check XML markup files
[6.124s] -- Configuring done
[6.144s] -- Generating done
[6.144s] -- Build files have been written to: /home/openark/ros2_ws/src/build/examples_rclcpp_minimal_client
[6.170s] Invoked command in '/home/openark/ros2_ws/src/build/examples_rclcpp_minimal_client' returned '0': CMAKE_PREFIX_PATH=${CMAKE_PREFIX_PATH}:/home/openark/ros2_ws/install/examples_rclpy_minimal_subscriber:/home/openark/ros2_ws/install/examples_rclpy_minimal_service:/home/openark/ros2_ws/install/examples_rclpy_minimal_publisher:/home/openark/ros2_ws/install/examples_rclpy_minimal_client:/home/openark/ros2_ws/install/examples_rclpy_minimal_action_server:/home/openark/ros2_ws/install/examples_rclpy_minimal_action_client:/home/openark/ros2_ws/install/examples_rclpy_executors:/opt/ros/foxy /usr/bin/cmake /home/openark/ros2_ws/src/examples/rclcpp/services/minimal_client -DCMAKE_INSTALL_PREFIX=/home/openark/ros2_ws/src/install/examples_rclcpp_minimal_client
[6.172s] Invoking command in '/home/openark/ros2_ws/src/build/examples_rclcpp_minimal_client': CMAKE_PREFIX_PATH=${CMAKE_PREFIX_PATH}:/home/openark/ros2_ws/install/examples_rclpy_minimal_subscriber:/home/openark/ros2_ws/install/examples_rclpy_minimal_service:/home/openark/ros2_ws/install/examples_rclpy_minimal_publisher:/home/openark/ros2_ws/install/examples_rclpy_minimal_client:/home/openark/ros2_ws/install/examples_rclpy_minimal_action_server:/home/openark/ros2_ws/install/examples_rclpy_minimal_action_client:/home/openark/ros2_ws/install/examples_rclpy_executors:/opt/ros/foxy /usr/bin/cmake --build /home/openark/ros2_ws/src/build/examples_rclcpp_minimal_client -- -j12 -l12
[6.316s] [35m[1mScanning dependencies of target client_main[0m
[6.481s] [ 50%] [32mBuilding CXX object CMakeFiles/client_main.dir/main.cpp.o[0m
[19.163s] [100%] [32m[1mLinking CXX executable client_main[0m
[19.870s] [100%] Built target client_main
[19.925s] Invoked command in '/home/openark/ros2_ws/src/build/examples_rclcpp_minimal_client' returned '0': CMAKE_PREFIX_PATH=${CMAKE_PREFIX_PATH}:/home/openark/ros2_ws/install/examples_rclpy_minimal_subscriber:/home/openark/ros2_ws/install/examples_rclpy_minimal_service:/home/openark/ros2_ws/install/examples_rclpy_minimal_publisher:/home/openark/ros2_ws/install/examples_rclpy_minimal_client:/home/openark/ros2_ws/install/examples_rclpy_minimal_action_server:/home/openark/ros2_ws/install/examples_rclpy_minimal_action_client:/home/openark/ros2_ws/install/examples_rclpy_executors:/opt/ros/foxy /usr/bin/cmake --build /home/openark/ros2_ws/src/build/examples_rclcpp_minimal_client -- -j12 -l12
[20.283s] Invoking command in '/home/openark/ros2_ws/src/build/examples_rclcpp_minimal_client': CMAKE_PREFIX_PATH=${CMAKE_PREFIX_PATH}:/home/openark/ros2_ws/install/examples_rclpy_minimal_subscriber:/home/openark/ros2_ws/install/examples_rclpy_minimal_service:/home/openark/ros2_ws/install/examples_rclpy_minimal_publisher:/home/openark/ros2_ws/install/examples_rclpy_minimal_client:/home/openark/ros2_ws/install/examples_rclpy_minimal_action_server:/home/openark/ros2_ws/install/examples_rclpy_minimal_action_client:/home/openark/ros2_ws/install/examples_rclpy_executors:/opt/ros/foxy /usr/bin/cmake --install /home/openark/ros2_ws/src/build/examples_rclcpp_minimal_client
[24.961s] -- Install configuration: ""
[24.961s] -- Installing: /home/openark/ros2_ws/src/install/examples_rclcpp_minimal_client/lib/examples_rclcpp_minimal_client/client_main
[24.962s] -- Set runtime path of "/home/openark/ros2_ws/src/install/examples_rclcpp_minimal_client/lib/examples_rclcpp_minimal_client/client_main" to ""
[24.962s] -- Installing: /home/openark/ros2_ws/src/install/examples_rclcpp_minimal_client/share/ament_index/resource_index/package_run_dependencies/examples_rclcpp_minimal_client
[24.963s] -- Installing: /home/openark/ros2_ws/src/install/examples_rclcpp_minimal_client/share/ament_index/resource_index/parent_prefix_path/examples_rclcpp_minimal_client
[24.964s] -- Installing: /home/openark/ros2_ws/src/install/examples_rclcpp_minimal_client/share/examples_rclcpp_minimal_client/environment/ament_prefix_path.sh
[24.968s] -- Installing: /home/openark/ros2_ws/src/install/examples_rclcpp_minimal_client/share/examples_rclcpp_minimal_client/environment/ament_prefix_path.dsv
[24.969s] -- Installing: /home/openark/ros2_ws/src/install/examples_rclcpp_minimal_client/share/examples_rclcpp_minimal_client/environment/path.sh
[24.970s] -- Installing: /home/openark/ros2_ws/src/install/examples_rclcpp_minimal_client/share/examples_rclcpp_minimal_client/environment/path.dsv
[24.970s] -- Installing: /home/openark/ros2_ws/src/install/examples_rclcpp_minimal_client/share/examples_rclcpp_minimal_client/local_setup.bash
[24.970s] -- Installing: /home/openark/ros2_ws/src/install/examples_rclcpp_minimal_client/share/examples_rclcpp_minimal_client/local_setup.sh
[24.970s] -- Installing: /home/openark/ros2_ws/src/install/examples_rclcpp_minimal_client/share/examples_rclcpp_minimal_client/local_setup.zsh
[24.970s] -- Installing: /home/openark/ros2_ws/src/install/examples_rclcpp_minimal_client/share/examples_rclcpp_minimal_client/local_setup.dsv
[24.971s] -- Installing: /home/openark/ros2_ws/src/install/examples_rclcpp_minimal_client/share/examples_rclcpp_minimal_client/package.dsv
[24.971s] -- Installing: /home/openark/ros2_ws/src/install/examples_rclcpp_minimal_client/share/ament_index/resource_index/packages/examples_rclcpp_minimal_client
[24.971s] -- Installing: /home/openark/ros2_ws/src/install/examples_rclcpp_minimal_client/share/examples_rclcpp_minimal_client/cmake/examples_rclcpp_minimal_clientConfig.cmake
[24.971s] -- Installing: /home/openark/ros2_ws/src/install/examples_rclcpp_minimal_client/share/examples_rclcpp_minimal_client/cmake/examples_rclcpp_minimal_clientConfig-version.cmake
[24.972s] -- Installing: /home/openark/ros2_ws/src/install/examples_rclcpp_minimal_client/share/examples_rclcpp_minimal_client/package.xml
[25.574s] Invoked command in '/home/openark/ros2_ws/src/build/examples_rclcpp_minimal_client' returned '0': CMAKE_PREFIX_PATH=${CMAKE_PREFIX_PATH}:/home/openark/ros2_ws/install/examples_rclpy_minimal_subscriber:/home/openark/ros2_ws/install/examples_rclpy_minimal_service:/home/openark/ros2_ws/install/examples_rclpy_minimal_publisher:/home/openark/ros2_ws/install/examples_rclpy_minimal_client:/home/openark/ros2_ws/install/examples_rclpy_minimal_action_server:/home/openark/ros2_ws/install/examples_rclpy_minimal_action_client:/home/openark/ros2_ws/install/examples_rclpy_executors:/opt/ros/foxy /usr/bin/cmake --install /home/openark/ros2_ws/src/build/examples_rclcpp_minimal_client
