[2.730s] Invoking command in '/home/openark/ros2_ws/build/examples_rclcpp_minimal_client': CMAKE_PREFIX_PATH=${CMAKE_PREFIX_PATH}:/home/openark/ros2_ws/install/examples_rclpy_minimal_subscriber:/home/openark/ros2_ws/install/examples_rclpy_minimal_service:/home/openark/ros2_ws/install/examples_rclpy_minimal_publisher:/home/openark/ros2_ws/install/examples_rclpy_minimal_client:/home/openark/ros2_ws/install/examples_rclpy_minimal_action_server:/home/openark/ros2_ws/install/examples_rclpy_minimal_action_client:/home/openark/ros2_ws/install/examples_rclpy_executors:/home/openark/ros2_ws/src/install/examples_rclpy_minimal_subscriber:/home/openark/ros2_ws/src/install/examples_rclpy_minimal_service:/home/openark/ros2_ws/src/install/examples_rclpy_minimal_publisher:/home/openark/ros2_ws/src/install/examples_rclpy_minimal_client:/home/openark/ros2_ws/src/install/examples_rclpy_minimal_action_server:/home/openark/ros2_ws/src/install/examples_rclpy_minimal_action_client:/home/openark/ros2_ws/src/install/examples_rclpy_executors:/opt/ros/foxy /usr/bin/cmake --build /home/openark/ros2_ws/build/examples_rclcpp_minimal_client -- -j12 -l12
[4.032s] -- Configuring incomplete, errors occurred!
[4.032s] See also "/home/openark/ros2_ws/build/examples_rclcpp_minimal_client/CMakeFiles/CMakeOutput.log".
[4.033s] See also "/home/openark/ros2_ws/build/examples_rclcpp_minimal_client/CMakeFiles/CMakeError.log".
[4.033s] CMake Error at /home/openark/ros2_ws/build/examples_rclcpp_minimal_client/CMakeFiles/3.16.3/CMakeSystem.cmake:1:
[4.034s]   Parse error.  Expected a command name, got unquoted argument with text
[4.034s]   "<<<<<<<".
[4.034s] Call Stack (most recent call first):
[4.035s]   CMakeLists.txt:2 (project)
[4.036s] 
[4.037s] 
[4.040s] CMake Error at /home/openark/ros2_ws/build/examples_rclcpp_minimal_client/CMakeFiles/3.16.3/CMakeSystem.cmake:1:
[4.040s]   Parse error.  Expected a command name, got unquoted argument with text
[4.040s]   "<<<<<<<".
[4.041s] Call Stack (most recent call first):
[4.041s]   CMakeLists.txt:2 (project)
[4.041s] 
[4.041s] 
[4.041s] make: *** [Makefile:266: cmake_check_build_system] Error 1
[4.101s] Invoked command in '/home/openark/ros2_ws/build/examples_rclcpp_minimal_client' returned '2': CMAKE_PREFIX_PATH=${CMAKE_PREFIX_PATH}:/home/openark/ros2_ws/install/examples_rclpy_minimal_subscriber:/home/openark/ros2_ws/install/examples_rclpy_minimal_service:/home/openark/ros2_ws/install/examples_rclpy_minimal_publisher:/home/openark/ros2_ws/install/examples_rclpy_minimal_client:/home/openark/ros2_ws/install/examples_rclpy_minimal_action_server:/home/openark/ros2_ws/install/examples_rclpy_minimal_action_client:/home/openark/ros2_ws/install/examples_rclpy_executors:/home/openark/ros2_ws/src/install/examples_rclpy_minimal_subscriber:/home/openark/ros2_ws/src/install/examples_rclpy_minimal_service:/home/openark/ros2_ws/src/install/examples_rclpy_minimal_publisher:/home/openark/ros2_ws/src/install/examples_rclpy_minimal_client:/home/openark/ros2_ws/src/install/examples_rclpy_minimal_action_server:/home/openark/ros2_ws/src/install/examples_rclpy_minimal_action_client:/home/openark/ros2_ws/src/install/examples_rclpy_executors:/opt/ros/foxy /usr/bin/cmake --build /home/openark/ros2_ws/build/examples_rclcpp_minimal_client -- -j12 -l12
