[8.270s] Invoking command in '/home/openark/ros2_ws/src/examples/rclpy/services/minimal_client': PYTHONPATH=/home/openark/ros2_ws/src/build/examples_rclpy_minimal_client/prefix_override:/home/openark/ros2_ws/src/install/examples_rclpy_minimal_client/lib/python3.8/site-packages:${PYTHONPATH} /usr/bin/python3 setup.py egg_info --egg-base ../../../../build/examples_rclpy_minimal_client build --build-base /home/openark/ros2_ws/src/build/examples_rclpy_minimal_client/build install --record /home/openark/ros2_ws/src/build/examples_rclpy_minimal_client/install.log --install-scripts $base/lib/examples_rclpy_minimal_client --single-version-externally-managed
[8.903s] running egg_info
[8.904s] creating ../../../../build/examples_rclpy_minimal_client/examples_rclpy_minimal_client.egg-info
[8.905s] writing ../../../../build/examples_rclpy_minimal_client/examples_rclpy_minimal_client.egg-info/PKG-INFO
[8.908s] writing dependency_links to ../../../../build/examples_rclpy_minimal_client/examples_rclpy_minimal_client.egg-info/dependency_links.txt
[8.909s] writing entry points to ../../../../build/examples_rclpy_minimal_client/examples_rclpy_minimal_client.egg-info/entry_points.txt
[8.910s] writing requirements to ../../../../build/examples_rclpy_minimal_client/examples_rclpy_minimal_client.egg-info/requires.txt
[8.910s] writing top-level names to ../../../../build/examples_rclpy_minimal_client/examples_rclpy_minimal_client.egg-info/top_level.txt
[8.912s] writing manifest file '../../../../build/examples_rclpy_minimal_client/examples_rclpy_minimal_client.egg-info/SOURCES.txt'
[9.000s] reading manifest file '../../../../build/examples_rclpy_minimal_client/examples_rclpy_minimal_client.egg-info/SOURCES.txt'
[9.003s] writing manifest file '../../../../build/examples_rclpy_minimal_client/examples_rclpy_minimal_client.egg-info/SOURCES.txt'
[9.004s] running build
[9.004s] running build_py
[9.004s] creating /home/openark/ros2_ws/src/build/examples_rclpy_minimal_client/build
[9.004s] creating /home/openark/ros2_ws/src/build/examples_rclpy_minimal_client/build/lib
[9.004s] creating /home/openark/ros2_ws/src/build/examples_rclpy_minimal_client/build/lib/examples_rclpy_minimal_client
[9.005s] copying examples_rclpy_minimal_client/client_async_member_function.py -> /home/openark/ros2_ws/src/build/examples_rclpy_minimal_client/build/lib/examples_rclpy_minimal_client
[9.006s] copying examples_rclpy_minimal_client/__init__.py -> /home/openark/ros2_ws/src/build/examples_rclpy_minimal_client/build/lib/examples_rclpy_minimal_client
[9.007s] copying examples_rclpy_minimal_client/client.py -> /home/openark/ros2_ws/src/build/examples_rclpy_minimal_client/build/lib/examples_rclpy_minimal_client
[9.009s] copying examples_rclpy_minimal_client/client_async.py -> /home/openark/ros2_ws/src/build/examples_rclpy_minimal_client/build/lib/examples_rclpy_minimal_client
[9.010s] copying examples_rclpy_minimal_client/client_async_callback.py -> /home/openark/ros2_ws/src/build/examples_rclpy_minimal_client/build/lib/examples_rclpy_minimal_client
[9.016s] running install
[9.016s] running install_lib
[9.017s] creating /home/openark/ros2_ws/src/install/examples_rclpy_minimal_client/lib/python3.8/site-packages/examples_rclpy_minimal_client
[9.017s] copying /home/openark/ros2_ws/src/build/examples_rclpy_minimal_client/build/lib/examples_rclpy_minimal_client/client_async_member_function.py -> /home/openark/ros2_ws/src/install/examples_rclpy_minimal_client/lib/python3.8/site-packages/examples_rclpy_minimal_client
[9.017s] copying /home/openark/ros2_ws/src/build/examples_rclpy_minimal_client/build/lib/examples_rclpy_minimal_client/__init__.py -> /home/openark/ros2_ws/src/install/examples_rclpy_minimal_client/lib/python3.8/site-packages/examples_rclpy_minimal_client
[9.018s] copying /home/openark/ros2_ws/src/build/examples_rclpy_minimal_client/build/lib/examples_rclpy_minimal_client/client.py -> /home/openark/ros2_ws/src/install/examples_rclpy_minimal_client/lib/python3.8/site-packages/examples_rclpy_minimal_client
[9.018s] copying /home/openark/ros2_ws/src/build/examples_rclpy_minimal_client/build/lib/examples_rclpy_minimal_client/client_async.py -> /home/openark/ros2_ws/src/install/examples_rclpy_minimal_client/lib/python3.8/site-packages/examples_rclpy_minimal_client
[9.018s] copying /home/openark/ros2_ws/src/build/examples_rclpy_minimal_client/build/lib/examples_rclpy_minimal_client/client_async_callback.py -> /home/openark/ros2_ws/src/install/examples_rclpy_minimal_client/lib/python3.8/site-packages/examples_rclpy_minimal_client
[9.020s] byte-compiling /home/openark/ros2_ws/src/install/examples_rclpy_minimal_client/lib/python3.8/site-packages/examples_rclpy_minimal_client/client_async_member_function.py to client_async_member_function.cpython-38.pyc
[9.025s] byte-compiling /home/openark/ros2_ws/src/install/examples_rclpy_minimal_client/lib/python3.8/site-packages/examples_rclpy_minimal_client/__init__.py to __init__.cpython-38.pyc
[9.026s] byte-compiling /home/openark/ros2_ws/src/install/examples_rclpy_minimal_client/lib/python3.8/site-packages/examples_rclpy_minimal_client/client.py to client.cpython-38.pyc
[9.027s] byte-compiling /home/openark/ros2_ws/src/install/examples_rclpy_minimal_client/lib/python3.8/site-packages/examples_rclpy_minimal_client/client_async.py to client_async.cpython-38.pyc
[9.027s] byte-compiling /home/openark/ros2_ws/src/install/examples_rclpy_minimal_client/lib/python3.8/site-packages/examples_rclpy_minimal_client/client_async_callback.py to client_async_callback.cpython-38.pyc
[9.027s] running install_data
[9.028s] creating /home/openark/ros2_ws/src/install/examples_rclpy_minimal_client/share/ament_index
[9.029s] creating /home/openark/ros2_ws/src/install/examples_rclpy_minimal_client/share/ament_index/resource_index
[9.029s] creating /home/openark/ros2_ws/src/install/examples_rclpy_minimal_client/share/ament_index/resource_index/packages
[9.029s] copying resource/examples_rclpy_minimal_client -> /home/openark/ros2_ws/src/install/examples_rclpy_minimal_client/share/ament_index/resource_index/packages
[9.029s] copying package.xml -> /home/openark/ros2_ws/src/install/examples_rclpy_minimal_client/share/examples_rclpy_minimal_client
[9.029s] running install_egg_info
[9.033s] Copying ../../../../build/examples_rclpy_minimal_client/examples_rclpy_minimal_client.egg-info to /home/openark/ros2_ws/src/install/examples_rclpy_minimal_client/lib/python3.8/site-packages/examples_rclpy_minimal_client-0.9.4-py3.8.egg-info
[9.035s] running install_scripts
[9.079s] Installing client script to /home/openark/ros2_ws/src/install/examples_rclpy_minimal_client/lib/examples_rclpy_minimal_client
[9.080s] Installing client_async script to /home/openark/ros2_ws/src/install/examples_rclpy_minimal_client/lib/examples_rclpy_minimal_client
[9.080s] Installing client_async_callback script to /home/openark/ros2_ws/src/install/examples_rclpy_minimal_client/lib/examples_rclpy_minimal_client
[9.080s] Installing client_async_member_function script to /home/openark/ros2_ws/src/install/examples_rclpy_minimal_client/lib/examples_rclpy_minimal_client
[9.080s] writing list of installed files to '/home/openark/ros2_ws/src/build/examples_rclpy_minimal_client/install.log'
[9.490s] Invoked command in '/home/openark/ros2_ws/src/examples/rclpy/services/minimal_client' returned '0': PYTHONPATH=/home/openark/ros2_ws/src/build/examples_rclpy_minimal_client/prefix_override:/home/openark/ros2_ws/src/install/examples_rclpy_minimal_client/lib/python3.8/site-packages:${PYTHONPATH} /usr/bin/python3 setup.py egg_info --egg-base ../../../../build/examples_rclpy_minimal_client build --build-base /home/openark/ros2_ws/src/build/examples_rclpy_minimal_client/build install --record /home/openark/ros2_ws/src/build/examples_rclpy_minimal_client/install.log --install-scripts $base/lib/examples_rclpy_minimal_client --single-version-externally-managed
