[3.555s] Invoking command in '/home/openark/ros2_ws/build/roar_septentrio_interface': CMAKE_PREFIX_PATH=${CMAKE_PREFIX_PATH}:/home/openark/ros2_ws/install/septentrio_gnss_driver:/home/openark/ros2_ws/install/examples_rclpy_minimal_subscriber:/home/openark/ros2_ws/install/examples_rclpy_minimal_service:/home/openark/ros2_ws/install/examples_rclpy_minimal_publisher:/home/openark/ros2_ws/install/examples_rclpy_minimal_client:/home/openark/ros2_ws/install/examples_rclpy_minimal_action_server:/home/openark/ros2_ws/install/examples_rclpy_minimal_action_client:/home/openark/ros2_ws/install/examples_rclpy_executors:/home/openark/ros2_ws/src/install/zed_tutorial_pos_tracking:/home/openark/ros2_ws/src/install/examples_rclpy_minimal_subscriber:/home/openark/ros2_ws/src/install/examples_rclpy_minimal_service:/home/openark/ros2_ws/src/install/examples_rclpy_minimal_publisher:/home/openark/ros2_ws/src/install/examples_rclpy_minimal_client:/home/openark/ros2_ws/src/install/examples_rclpy_minimal_action_server:/home/openark/ros2_ws/src/install/examples_rclpy_minimal_action_client:/home/openark/ros2_ws/src/install/examples_rclpy_executors:/opt/ros/foxy /usr/bin/cmake --build /home/openark/ros2_ws/build/roar_septentrio_interface -- -j12 -l12
[4.079s] [100%] Built target roar_septentrio_interface_node
[4.108s] Invoked command in '/home/openark/ros2_ws/build/roar_septentrio_interface' returned '0': CMAKE_PREFIX_PATH=${CMAKE_PREFIX_PATH}:/home/openark/ros2_ws/install/septentrio_gnss_driver:/home/openark/ros2_ws/install/examples_rclpy_minimal_subscriber:/home/openark/ros2_ws/install/examples_rclpy_minimal_service:/home/openark/ros2_ws/install/examples_rclpy_minimal_publisher:/home/openark/ros2_ws/install/examples_rclpy_minimal_client:/home/openark/ros2_ws/install/examples_rclpy_minimal_action_server:/home/openark/ros2_ws/install/examples_rclpy_minimal_action_client:/home/openark/ros2_ws/install/examples_rclpy_executors:/home/openark/ros2_ws/src/install/zed_tutorial_pos_tracking:/home/openark/ros2_ws/src/install/examples_rclpy_minimal_subscriber:/home/openark/ros2_ws/src/install/examples_rclpy_minimal_service:/home/openark/ros2_ws/src/install/examples_rclpy_minimal_publisher:/home/openark/ros2_ws/src/install/examples_rclpy_minimal_client:/home/openark/ros2_ws/src/install/examples_rclpy_minimal_action_server:/home/openark/ros2_ws/src/install/examples_rclpy_minimal_action_client:/home/openark/ros2_ws/src/install/examples_rclpy_executors:/opt/ros/foxy /usr/bin/cmake --build /home/openark/ros2_ws/build/roar_septentrio_interface -- -j12 -l12
[4.174s] Invoking command in '/home/openark/ros2_ws/build/roar_septentrio_interface': CMAKE_PREFIX_PATH=${CMAKE_PREFIX_PATH}:/home/openark/ros2_ws/install/septentrio_gnss_driver:/home/openark/ros2_ws/install/examples_rclpy_minimal_subscriber:/home/openark/ros2_ws/install/examples_rclpy_minimal_service:/home/openark/ros2_ws/install/examples_rclpy_minimal_publisher:/home/openark/ros2_ws/install/examples_rclpy_minimal_client:/home/openark/ros2_ws/install/examples_rclpy_minimal_action_server:/home/openark/ros2_ws/install/examples_rclpy_minimal_action_client:/home/openark/ros2_ws/install/examples_rclpy_executors:/home/openark/ros2_ws/src/install/zed_tutorial_pos_tracking:/home/openark/ros2_ws/src/install/examples_rclpy_minimal_subscriber:/home/openark/ros2_ws/src/install/examples_rclpy_minimal_service:/home/openark/ros2_ws/src/install/examples_rclpy_minimal_publisher:/home/openark/ros2_ws/src/install/examples_rclpy_minimal_client:/home/openark/ros2_ws/src/install/examples_rclpy_minimal_action_server:/home/openark/ros2_ws/src/install/examples_rclpy_minimal_action_client:/home/openark/ros2_ws/src/install/examples_rclpy_executors:/opt/ros/foxy /usr/bin/cmake --install /home/openark/ros2_ws/build/roar_septentrio_interface
[4.193s] -- Install configuration: "Release"
[4.194s] -- Execute custom install script
[4.201s] -- Up-to-date symlink: /home/openark/ros2_ws/install/roar_septentrio_interface/lib/roar_septentrio_interface/roar_septentrio_interface_node
[4.201s] -- Up-to-date symlink: /home/openark/ros2_ws/install/roar_septentrio_interface/share/roar_septentrio_interface/include/.gitkeep
[4.202s] -- Up-to-date symlink: /home/openark/ros2_ws/install/roar_septentrio_interface/share/roar_septentrio_interface/include/roar_septentrio_interface/roar_septentrio_interface_node.hpp
[4.202s] -- Up-to-date symlink: /home/openark/ros2_ws/install/roar_septentrio_interface/share/roar_septentrio_interface/launch/.gitkeep
[4.203s] -- Up-to-date symlink: /home/openark/ros2_ws/install/roar_septentrio_interface/share/roar_septentrio_interface/launch/interface.launch.py
[4.204s] -- Up-to-date symlink: /home/openark/ros2_ws/install/roar_septentrio_interface/share/roar_septentrio_interface/param/.gitkeep
[4.204s] -- Up-to-date symlink: /home/openark/ros2_ws/install/roar_septentrio_interface/share/roar_septentrio_interface/param/config.yaml
[4.207s] -- Up-to-date symlink: /home/openark/ros2_ws/install/roar_septentrio_interface/share/ament_index/resource_index/package_run_dependencies/roar_septentrio_interface
[4.208s] -- Up-to-date symlink: /home/openark/ros2_ws/install/roar_septentrio_interface/share/ament_index/resource_index/parent_prefix_path/roar_septentrio_interface
[4.208s] -- Up-to-date symlink: /home/openark/ros2_ws/install/roar_septentrio_interface/share/roar_septentrio_interface/environment/ament_prefix_path.sh
[4.212s] -- Up-to-date symlink: /home/openark/ros2_ws/install/roar_septentrio_interface/share/roar_septentrio_interface/environment/ament_prefix_path.dsv
[4.212s] -- Up-to-date symlink: /home/openark/ros2_ws/install/roar_septentrio_interface/share/roar_septentrio_interface/environment/path.sh
[4.212s] -- Up-to-date symlink: /home/openark/ros2_ws/install/roar_septentrio_interface/share/roar_septentrio_interface/environment/path.dsv
[4.213s] -- Up-to-date symlink: /home/openark/ros2_ws/install/roar_septentrio_interface/share/roar_septentrio_interface/local_setup.bash
[4.213s] -- Up-to-date symlink: /home/openark/ros2_ws/install/roar_septentrio_interface/share/roar_septentrio_interface/local_setup.sh
[4.214s] -- Up-to-date symlink: /home/openark/ros2_ws/install/roar_septentrio_interface/share/roar_septentrio_interface/local_setup.zsh
[4.216s] -- Up-to-date symlink: /home/openark/ros2_ws/install/roar_septentrio_interface/share/roar_septentrio_interface/local_setup.dsv
[4.217s] -- Symlinking: /home/openark/ros2_ws/install/roar_septentrio_interface/share/roar_septentrio_interface/package.dsv
[4.239s] -- Up-to-date symlink: /home/openark/ros2_ws/install/roar_septentrio_interface/share/ament_index/resource_index/packages/roar_septentrio_interface
[4.239s] -- Up-to-date symlink: /home/openark/ros2_ws/install/roar_septentrio_interface/share/roar_septentrio_interface/cmake/roar_septentrio_interfaceConfig.cmake
[4.240s] -- Up-to-date symlink: /home/openark/ros2_ws/install/roar_septentrio_interface/share/roar_septentrio_interface/cmake/roar_septentrio_interfaceConfig-version.cmake
[4.242s] -- Up-to-date symlink: /home/openark/ros2_ws/install/roar_septentrio_interface/share/roar_septentrio_interface/package.xml
[4.252s] Invoked command in '/home/openark/ros2_ws/build/roar_septentrio_interface' returned '0': CMAKE_PREFIX_PATH=${CMAKE_PREFIX_PATH}:/home/openark/ros2_ws/install/septentrio_gnss_driver:/home/openark/ros2_ws/install/examples_rclpy_minimal_subscriber:/home/openark/ros2_ws/install/examples_rclpy_minimal_service:/home/openark/ros2_ws/install/examples_rclpy_minimal_publisher:/home/openark/ros2_ws/install/examples_rclpy_minimal_client:/home/openark/ros2_ws/install/examples_rclpy_minimal_action_server:/home/openark/ros2_ws/install/examples_rclpy_minimal_action_client:/home/openark/ros2_ws/install/examples_rclpy_executors:/home/openark/ros2_ws/src/install/zed_tutorial_pos_tracking:/home/openark/ros2_ws/src/install/examples_rclpy_minimal_subscriber:/home/openark/ros2_ws/src/install/examples_rclpy_minimal_service:/home/openark/ros2_ws/src/install/examples_rclpy_minimal_publisher:/home/openark/ros2_ws/src/install/examples_rclpy_minimal_client:/home/openark/ros2_ws/src/install/examples_rclpy_minimal_action_server:/home/openark/ros2_ws/src/install/examples_rclpy_minimal_action_client:/home/openark/ros2_ws/src/install/examples_rclpy_executors:/opt/ros/foxy /usr/bin/cmake --install /home/openark/ros2_ws/build/roar_septentrio_interface
