[2.723s] Invoking command in '/home/openark/ros2_ws/src/build/zed_interfaces': CMAKE_PREFIX_PATH=/home/openark/ros2_ws/install/zed_ros2:/home/openark/ros2_ws/install/zed_multi_camera:/home/openark/ros2_ws/install/zed_display_rviz2:/home/openark/ros2_ws/install/zed_wrapper:/home/openark/ros2_ws/install/zed_tutorial_video:/home/openark/ros2_ws/install/zed_tutorial_pos_tracking:/home/openark/ros2_ws/install/zed_tutorial_depth:/home/openark/ros2_ws/install/zed_topic_benchmark_interfaces:/home/openark/ros2_ws/install/zed_rgb_convert:/home/openark/ros2_ws/install/zed_components:/home/openark/ros2_ws/install/rviz_plugin_zed_od:/home/openark/ros2_ws/install/zed_interfaces:/home/openark/ros2_ws/install/examples_rclpy_minimal_subscriber:/home/openark/ros2_ws/install/examples_rclpy_minimal_service:/home/openark/ros2_ws/install/examples_rclpy_minimal_publisher:/home/openark/ros2_ws/install/examples_rclpy_minimal_client:/home/openark/ros2_ws/install/examples_rclpy_minimal_action_server:/home/openark/ros2_ws/install/examples_rclpy_minimal_action_client:/home/openark/ros2_ws/install/examples_rclpy_executors:/opt/ros/foxy:/home/openark/ros2_ws/install/septentrio_gnss_driver:/home/openark/ros2_ws/install/roar_septentrio_interface:/home/openark/ros2_ws/install/examples_rclcpp_multithreaded_executor:/home/openark/ros2_ws/install/examples_rclcpp_minimal_timer:/home/openark/ros2_ws/install/examples_rclcpp_minimal_subscriber:/home/openark/ros2_ws/install/examples_rclcpp_minimal_service:/home/openark/ros2_ws/install/examples_rclcpp_minimal_publisher:/home/openark/ros2_ws/install/examples_rclcpp_minimal_composition:/home/openark/ros2_ws/install/examples_rclcpp_minimal_client:/home/openark/ros2_ws/install/examples_rclcpp_minimal_action_server:/home/openark/ros2_ws/install/examples_rclcpp_minimal_action_client /usr/bin/cmake --build /home/openark/ros2_ws/src/build/zed_interfaces -- -j12 -l12
[3.772s] [ 12%] Built target zed_interfaces__rosidl_generator_c
[3.774s] [ 12%] Built target zed_interfaces__cpp
[3.774s] [ 24%] Built target zed_interfaces__rosidl_typesupport_c
[3.774s] [ 36%] Built target zed_interfaces__rosidl_typesupport_introspection_c
[3.774s] [ 48%] Built target zed_interfaces__rosidl_typesupport_introspection_cpp
[3.775s] [ 60%] Built target zed_interfaces__rosidl_typesupport_cpp
[3.775s] [ 72%] Built target zed_interfaces__rosidl_typesupport_fastrtps_cpp
[3.776s] [ 84%] Built target zed_interfaces__rosidl_typesupport_fastrtps_c
[3.777s] [ 84%] Built target zed_interfaces
[3.778s] [ 85%] Built target zed_interfaces__py
[3.778s] [ 96%] Built target zed_interfaces__python
[3.779s] [ 97%] Built target zed_interfaces__rosidl_typesupport_c__pyext
[3.780s] [ 99%] Built target zed_interfaces__rosidl_typesupport_introspection_c__pyext
[3.781s] [100%] Built target zed_interfaces__rosidl_typesupport_fastrtps_c__pyext
[3.844s] Invoked command in '/home/openark/ros2_ws/src/build/zed_interfaces' returned '0': CMAKE_PREFIX_PATH=/home/openark/ros2_ws/install/zed_ros2:/home/openark/ros2_ws/install/zed_multi_camera:/home/openark/ros2_ws/install/zed_display_rviz2:/home/openark/ros2_ws/install/zed_wrapper:/home/openark/ros2_ws/install/zed_tutorial_video:/home/openark/ros2_ws/install/zed_tutorial_pos_tracking:/home/openark/ros2_ws/install/zed_tutorial_depth:/home/openark/ros2_ws/install/zed_topic_benchmark_interfaces:/home/openark/ros2_ws/install/zed_rgb_convert:/home/openark/ros2_ws/install/zed_components:/home/openark/ros2_ws/install/rviz_plugin_zed_od:/home/openark/ros2_ws/install/zed_interfaces:/home/openark/ros2_ws/install/examples_rclpy_minimal_subscriber:/home/openark/ros2_ws/install/examples_rclpy_minimal_service:/home/openark/ros2_ws/install/examples_rclpy_minimal_publisher:/home/openark/ros2_ws/install/examples_rclpy_minimal_client:/home/openark/ros2_ws/install/examples_rclpy_minimal_action_server:/home/openark/ros2_ws/install/examples_rclpy_minimal_action_client:/home/openark/ros2_ws/install/examples_rclpy_executors:/opt/ros/foxy:/home/openark/ros2_ws/install/septentrio_gnss_driver:/home/openark/ros2_ws/install/roar_septentrio_interface:/home/openark/ros2_ws/install/examples_rclcpp_multithreaded_executor:/home/openark/ros2_ws/install/examples_rclcpp_minimal_timer:/home/openark/ros2_ws/install/examples_rclcpp_minimal_subscriber:/home/openark/ros2_ws/install/examples_rclcpp_minimal_service:/home/openark/ros2_ws/install/examples_rclcpp_minimal_publisher:/home/openark/ros2_ws/install/examples_rclcpp_minimal_composition:/home/openark/ros2_ws/install/examples_rclcpp_minimal_client:/home/openark/ros2_ws/install/examples_rclcpp_minimal_action_server:/home/openark/ros2_ws/install/examples_rclcpp_minimal_action_client /usr/bin/cmake --build /home/openark/ros2_ws/src/build/zed_interfaces -- -j12 -l12
[5.785s] Invoking command in '/home/openark/ros2_ws/src/build/zed_interfaces': CMAKE_PREFIX_PATH=/home/openark/ros2_ws/install/zed_ros2:/home/openark/ros2_ws/install/zed_multi_camera:/home/openark/ros2_ws/install/zed_display_rviz2:/home/openark/ros2_ws/install/zed_wrapper:/home/openark/ros2_ws/install/zed_tutorial_video:/home/openark/ros2_ws/install/zed_tutorial_pos_tracking:/home/openark/ros2_ws/install/zed_tutorial_depth:/home/openark/ros2_ws/install/zed_topic_benchmark_interfaces:/home/openark/ros2_ws/install/zed_rgb_convert:/home/openark/ros2_ws/install/zed_components:/home/openark/ros2_ws/install/rviz_plugin_zed_od:/home/openark/ros2_ws/install/zed_interfaces:/home/openark/ros2_ws/install/examples_rclpy_minimal_subscriber:/home/openark/ros2_ws/install/examples_rclpy_minimal_service:/home/openark/ros2_ws/install/examples_rclpy_minimal_publisher:/home/openark/ros2_ws/install/examples_rclpy_minimal_client:/home/openark/ros2_ws/install/examples_rclpy_minimal_action_server:/home/openark/ros2_ws/install/examples_rclpy_minimal_action_client:/home/openark/ros2_ws/install/examples_rclpy_executors:/opt/ros/foxy:/home/openark/ros2_ws/install/septentrio_gnss_driver:/home/openark/ros2_ws/install/roar_septentrio_interface:/home/openark/ros2_ws/install/examples_rclcpp_multithreaded_executor:/home/openark/ros2_ws/install/examples_rclcpp_minimal_timer:/home/openark/ros2_ws/install/examples_rclcpp_minimal_subscriber:/home/openark/ros2_ws/install/examples_rclcpp_minimal_service:/home/openark/ros2_ws/install/examples_rclcpp_minimal_publisher:/home/openark/ros2_ws/install/examples_rclcpp_minimal_composition:/home/openark/ros2_ws/install/examples_rclcpp_minimal_client:/home/openark/ros2_ws/install/examples_rclcpp_minimal_action_server:/home/openark/ros2_ws/install/examples_rclcpp_minimal_action_client /usr/bin/cmake --install /home/openark/ros2_ws/src/build/zed_interfaces
[6.009s] -- Install configuration: ""
[6.010s] -- Up-to-date: /home/openark/ros2_ws/src/install/zed_interfaces/share/ament_index/resource_index/rosidl_interfaces/zed_interfaces
[6.010s] -- Up-to-date: /home/openark/ros2_ws/src/install/zed_interfaces/include/zed_interfaces
[6.010s] -- Up-to-date: /home/openark/ros2_ws/src/install/zed_interfaces/include/zed_interfaces/msg
[6.010s] -- Up-to-date: /home/openark/ros2_ws/src/install/zed_interfaces/include/zed_interfaces/msg/keypoint2_di.h
[6.010s] -- Up-to-date: /home/openark/ros2_ws/src/install/zed_interfaces/include/zed_interfaces/msg/keypoint2_df.h
[6.011s] -- Up-to-date: /home/openark/ros2_ws/src/install/zed_interfaces/include/zed_interfaces/msg/depth_info_stamped.h
[6.011s] -- Up-to-date: /home/openark/ros2_ws/src/install/zed_interfaces/include/zed_interfaces/msg/bounding_box3_d.h
[6.011s] -- Up-to-date: /home/openark/ros2_ws/src/install/zed_interfaces/include/zed_interfaces/msg/objects_stamped.h
[6.011s] -- Up-to-date: /home/openark/ros2_ws/src/install/zed_interfaces/include/zed_interfaces/msg/rosidl_generator_c__visibility_control.h
[6.011s] -- Up-to-date: /home/openark/ros2_ws/src/install/zed_interfaces/include/zed_interfaces/msg/skeleton3_d.h
[6.012s] -- Up-to-date: /home/openark/ros2_ws/src/install/zed_interfaces/include/zed_interfaces/msg/object.h
[6.012s] -- Up-to-date: /home/openark/ros2_ws/src/install/zed_interfaces/include/zed_interfaces/msg/detail
[6.013s] -- Up-to-date: /home/openark/ros2_ws/src/install/zed_interfaces/include/zed_interfaces/msg/detail/keypoint2_df__type_support.h
[6.013s] -- Up-to-date: /home/openark/ros2_ws/src/install/zed_interfaces/include/zed_interfaces/msg/detail/bounding_box2_di__functions.c
[6.013s] -- Up-to-date: /home/openark/ros2_ws/src/install/zed_interfaces/include/zed_interfaces/msg/detail/heartbeat__struct.h
[6.013s] -- Up-to-date: /home/openark/ros2_ws/src/install/zed_interfaces/include/zed_interfaces/msg/detail/keypoint3_d__functions.h
[6.013s] -- Up-to-date: /home/openark/ros2_ws/src/install/zed_interfaces/include/zed_interfaces/msg/detail/objects_stamped__struct.h
[6.014s] -- Up-to-date: /home/openark/ros2_ws/src/install/zed_interfaces/include/zed_interfaces/msg/detail/depth_info_stamped__functions.h
[6.014s] -- Up-to-date: /home/openark/ros2_ws/src/install/zed_interfaces/include/zed_interfaces/msg/detail/skeleton2_d__functions.h
[6.014s] -- Up-to-date: /home/openark/ros2_ws/src/install/zed_interfaces/include/zed_interfaces/msg/detail/keypoint2_di__type_support.h
[6.015s] -- Up-to-date: /home/openark/ros2_ws/src/install/zed_interfaces/include/zed_interfaces/msg/detail/bounding_box3_d__struct.h
[6.015s] -- Up-to-date: /home/openark/ros2_ws/src/install/zed_interfaces/include/zed_interfaces/msg/detail/object__functions.c
[6.015s] -- Up-to-date: /home/openark/ros2_ws/src/install/zed_interfaces/include/zed_interfaces/msg/detail/bounding_box2_df__functions.h
[6.015s] -- Up-to-date: /home/openark/ros2_ws/src/install/zed_interfaces/include/zed_interfaces/msg/detail/skeleton2_d__struct.h
[6.016s] -- Up-to-date: /home/openark/ros2_ws/src/install/zed_interfaces/include/zed_interfaces/msg/detail/keypoint3_d__functions.c
[6.016s] -- Up-to-date: /home/openark/ros2_ws/src/install/zed_interfaces/include/zed_interfaces/msg/detail/bounding_box3_d__type_support.h
[6.016s] -- Up-to-date: /home/openark/ros2_ws/src/install/zed_interfaces/include/zed_interfaces/msg/detail/heartbeat__type_support.h
[6.017s] -- Up-to-date: /home/openark/ros2_ws/src/install/zed_interfaces/include/zed_interfaces/msg/detail/bounding_box2_df__struct.h
[6.017s] -- Up-to-date: /home/openark/ros2_ws/src/install/zed_interfaces/include/zed_interfaces/msg/detail/skeleton2_d__type_support.h
[6.017s] -- Up-to-date: /home/openark/ros2_ws/src/install/zed_interfaces/include/zed_interfaces/msg/detail/objects_stamped__functions.h
[6.018s] -- Up-to-date: /home/openark/ros2_ws/src/install/zed_interfaces/include/zed_interfaces/msg/detail/keypoint3_d__struct.h
[6.018s] -- Up-to-date: /home/openark/ros2_ws/src/install/zed_interfaces/include/zed_interfaces/msg/detail/keypoint2_df__struct.h
[6.018s] -- Up-to-date: /home/openark/ros2_ws/src/install/zed_interfaces/include/zed_interfaces/msg/detail/skeleton3_d__functions.h
[6.018s] -- Up-to-date: /home/openark/ros2_ws/src/install/zed_interfaces/include/zed_interfaces/msg/detail/plane_stamped__functions.h
[6.018s] -- Up-to-date: /home/openark/ros2_ws/src/install/zed_interfaces/include/zed_interfaces/msg/detail/pos_track_status__functions.h
[6.019s] -- Up-to-date: /home/openark/ros2_ws/src/install/zed_interfaces/include/zed_interfaces/msg/detail/heartbeat__functions.h
[6.019s] -- Up-to-date: /home/openark/ros2_ws/src/install/zed_interfaces/include/zed_interfaces/msg/detail/pos_track_status__type_support.h
[6.019s] -- Up-to-date: /home/openark/ros2_ws/src/install/zed_interfaces/include/zed_interfaces/msg/detail/keypoint2_df__functions.h
[6.021s] -- Up-to-date: /home/openark/ros2_ws/src/install/zed_interfaces/include/zed_interfaces/msg/detail/object__functions.h
[6.021s] -- Up-to-date: /home/openark/ros2_ws/src/install/zed_interfaces/include/zed_interfaces/msg/detail/keypoint2_df__functions.c
[6.022s] -- Up-to-date: /home/openark/ros2_ws/src/install/zed_interfaces/include/zed_interfaces/msg/detail/keypoint3_d__type_support.h
[6.022s] -- Up-to-date: /home/openark/ros2_ws/src/install/zed_interfaces/include/zed_interfaces/msg/detail/bounding_box3_d__functions.c
[6.023s] -- Up-to-date: /home/openark/ros2_ws/src/install/zed_interfaces/include/zed_interfaces/msg/detail/plane_stamped__type_support.h
[6.023s] -- Up-to-date: /home/openark/ros2_ws/src/install/zed_interfaces/include/zed_interfaces/msg/detail/bounding_box2_di__type_support.h
[6.023s] -- Up-to-date: /home/openark/ros2_ws/src/install/zed_interfaces/include/zed_interfaces/msg/detail/bounding_box2_df__type_support.h
[6.023s] -- Up-to-date: /home/openark/ros2_ws/src/install/zed_interfaces/include/zed_interfaces/msg/detail/heartbeat__functions.c
[6.024s] -- Up-to-date: /home/openark/ros2_ws/src/install/zed_interfaces/include/zed_interfaces/msg/detail/skeleton2_d__functions.c
[6.024s] -- Up-to-date: /home/openark/ros2_ws/src/install/zed_interfaces/include/zed_interfaces/msg/detail/keypoint2_di__functions.c
[6.024s] -- Up-to-date: /home/openark/ros2_ws/src/install/zed_interfaces/include/zed_interfaces/msg/detail/pos_track_status__functions.c
[6.025s] -- Up-to-date: /home/openark/ros2_ws/src/install/zed_interfaces/include/zed_interfaces/msg/detail/pos_track_status__struct.h
[6.025s] -- Up-to-date: /home/openark/ros2_ws/src/install/zed_interfaces/include/zed_interfaces/msg/detail/keypoint2_di__struct.h
[6.025s] -- Up-to-date: /home/openark/ros2_ws/src/install/zed_interfaces/include/zed_interfaces/msg/detail/objects_stamped__functions.c
[6.026s] -- Up-to-date: /home/openark/ros2_ws/src/install/zed_interfaces/include/zed_interfaces/msg/detail/object__struct.h
[6.026s] -- Up-to-date: /home/openark/ros2_ws/src/install/zed_interfaces/include/zed_interfaces/msg/detail/object__type_support.h
[6.026s] -- Up-to-date: /home/openark/ros2_ws/src/install/zed_interfaces/include/zed_interfaces/msg/detail/keypoint2_di__functions.h
[6.027s] -- Up-to-date: /home/openark/ros2_ws/src/install/zed_interfaces/include/zed_interfaces/msg/detail/objects_stamped__type_support.h
[6.027s] -- Up-to-date: /home/openark/ros2_ws/src/install/zed_interfaces/include/zed_interfaces/msg/detail/skeleton3_d__type_support.h
[6.027s] -- Up-to-date: /home/openark/ros2_ws/src/install/zed_interfaces/include/zed_interfaces/msg/detail/depth_info_stamped__struct.h
[6.027s] -- Up-to-date: /home/openark/ros2_ws/src/install/zed_interfaces/include/zed_interfaces/msg/detail/bounding_box2_di__struct.h
[6.028s] -- Up-to-date: /home/openark/ros2_ws/src/install/zed_interfaces/include/zed_interfaces/msg/detail/skeleton3_d__struct.h
[6.029s] -- Up-to-date: /home/openark/ros2_ws/src/install/zed_interfaces/include/zed_interfaces/msg/detail/bounding_box3_d__functions.h
[6.030s] -- Up-to-date: /home/openark/ros2_ws/src/install/zed_interfaces/include/zed_interfaces/msg/detail/plane_stamped__struct.h
[6.032s] -- Up-to-date: /home/openark/ros2_ws/src/install/zed_interfaces/include/zed_interfaces/msg/detail/skeleton3_d__functions.c
[6.033s] -- Up-to-date: /home/openark/ros2_ws/src/install/zed_interfaces/include/zed_interfaces/msg/detail/plane_stamped__functions.c
[6.033s] -- Up-to-date: /home/openark/ros2_ws/src/install/zed_interfaces/include/zed_interfaces/msg/detail/depth_info_stamped__type_support.h
[6.034s] -- Up-to-date: /home/openark/ros2_ws/src/install/zed_interfaces/include/zed_interfaces/msg/detail/bounding_box2_di__functions.h
[6.034s] -- Up-to-date: /home/openark/ros2_ws/src/install/zed_interfaces/include/zed_interfaces/msg/detail/depth_info_stamped__functions.c
[6.034s] -- Up-to-date: /home/openark/ros2_ws/src/install/zed_interfaces/include/zed_interfaces/msg/detail/bounding_box2_df__functions.c
[6.035s] -- Up-to-date: /home/openark/ros2_ws/src/install/zed_interfaces/include/zed_interfaces/msg/plane_stamped.h
[6.035s] -- Up-to-date: /home/openark/ros2_ws/src/install/zed_interfaces/include/zed_interfaces/msg/pos_track_status.h
[6.036s] -- Up-to-date: /home/openark/ros2_ws/src/install/zed_interfaces/include/zed_interfaces/msg/bounding_box2_df.h
[6.038s] -- Up-to-date: /home/openark/ros2_ws/src/install/zed_interfaces/include/zed_interfaces/msg/keypoint3_d.h
[6.040s] -- Up-to-date: /home/openark/ros2_ws/src/install/zed_interfaces/include/zed_interfaces/msg/heartbeat.h
[6.040s] -- Up-to-date: /home/openark/ros2_ws/src/install/zed_interfaces/include/zed_interfaces/msg/skeleton2_d.h
[6.041s] -- Up-to-date: /home/openark/ros2_ws/src/install/zed_interfaces/include/zed_interfaces/msg/bounding_box2_di.h
[6.042s] -- Up-to-date: /home/openark/ros2_ws/src/install/zed_interfaces/include/zed_interfaces/srv
[6.043s] -- Up-to-date: /home/openark/ros2_ws/src/install/zed_interfaces/include/zed_interfaces/srv/set_roi.h
[6.044s] -- Up-to-date: /home/openark/ros2_ws/src/install/zed_interfaces/include/zed_interfaces/srv/set_pose.h
[6.048s] -- Up-to-date: /home/openark/ros2_ws/src/install/zed_interfaces/include/zed_interfaces/srv/detail
[6.048s] -- Up-to-date: /home/openark/ros2_ws/src/install/zed_interfaces/include/zed_interfaces/srv/detail/set_pose__type_support.h
[6.049s] -- Up-to-date: /home/openark/ros2_ws/src/install/zed_interfaces/include/zed_interfaces/srv/detail/start_svo_rec__functions.h
[6.049s] -- Up-to-date: /home/openark/ros2_ws/src/install/zed_interfaces/include/zed_interfaces/srv/detail/set_pose__struct.h
[6.050s] -- Up-to-date: /home/openark/ros2_ws/src/install/zed_interfaces/include/zed_interfaces/srv/detail/set_roi__functions.h
[6.050s] -- Up-to-date: /home/openark/ros2_ws/src/install/zed_interfaces/include/zed_interfaces/srv/detail/set_pose__functions.c
[6.051s] -- Up-to-date: /home/openark/ros2_ws/src/install/zed_interfaces/include/zed_interfaces/srv/detail/start_svo_rec__struct.h
[6.052s] -- Up-to-date: /home/openark/ros2_ws/src/install/zed_interfaces/include/zed_interfaces/srv/detail/set_roi__functions.c
[6.052s] -- Up-to-date: /home/openark/ros2_ws/src/install/zed_interfaces/include/zed_interfaces/srv/detail/start_svo_rec__type_support.h
[6.052s] -- Up-to-date: /home/openark/ros2_ws/src/install/zed_interfaces/include/zed_interfaces/srv/detail/set_roi__struct.h
[6.053s] -- Up-to-date: /home/openark/ros2_ws/src/install/zed_interfaces/include/zed_interfaces/srv/detail/set_pose__functions.h
[6.053s] -- Up-to-date: /home/openark/ros2_ws/src/install/zed_interfaces/include/zed_interfaces/srv/detail/start_svo_rec__functions.c
[6.054s] -- Up-to-date: /home/openark/ros2_ws/src/install/zed_interfaces/include/zed_interfaces/srv/detail/set_roi__type_support.h
[6.055s] -- Up-to-date: /home/openark/ros2_ws/src/install/zed_interfaces/include/zed_interfaces/srv/start_svo_rec.h
[6.056s] -- Up-to-date: /home/openark/ros2_ws/src/install/zed_interfaces/share/zed_interfaces/environment/library_path.sh
[6.056s] -- Up-to-date: /home/openark/ros2_ws/src/install/zed_interfaces/share/zed_interfaces/environment/library_path.dsv
[6.056s] -- Up-to-date: /home/openark/ros2_ws/src/install/zed_interfaces/lib/libzed_interfaces__rosidl_generator_c.so
[6.057s] -- Up-to-date: /home/openark/ros2_ws/src/install/zed_interfaces/include/zed_interfaces
[6.058s] -- Up-to-date: /home/openark/ros2_ws/src/install/zed_interfaces/include/zed_interfaces/msg
[6.058s] -- Up-to-date: /home/openark/ros2_ws/src/install/zed_interfaces/include/zed_interfaces/msg/detail
[6.058s] -- Up-to-date: /home/openark/ros2_ws/src/install/zed_interfaces/include/zed_interfaces/msg/detail/depth_info_stamped__rosidl_typesupport_fastrtps_c.h
[6.059s] -- Up-to-date: /home/openark/ros2_ws/src/install/zed_interfaces/include/zed_interfaces/msg/detail/bounding_box2_di__rosidl_typesupport_fastrtps_c.h
[6.059s] -- Up-to-date: /home/openark/ros2_ws/src/install/zed_interfaces/include/zed_interfaces/msg/detail/object__rosidl_typesupport_fastrtps_c.h
[6.059s] -- Up-to-date: /home/openark/ros2_ws/src/install/zed_interfaces/include/zed_interfaces/msg/detail/heartbeat__rosidl_typesupport_fastrtps_c.h
[6.059s] -- Up-to-date: /home/openark/ros2_ws/src/install/zed_interfaces/include/zed_interfaces/msg/detail/plane_stamped__rosidl_typesupport_fastrtps_c.h
[6.059s] -- Up-to-date: /home/openark/ros2_ws/src/install/zed_interfaces/include/zed_interfaces/msg/detail/objects_stamped__rosidl_typesupport_fastrtps_c.h
[6.059s] -- Up-to-date: /home/openark/ros2_ws/src/install/zed_interfaces/include/zed_interfaces/msg/detail/skeleton2_d__rosidl_typesupport_fastrtps_c.h
[6.060s] -- Up-to-date: /home/openark/ros2_ws/src/install/zed_interfaces/include/zed_interfaces/msg/detail/keypoint3_d__rosidl_typesupport_fastrtps_c.h
[6.060s] -- Up-to-date: /home/openark/ros2_ws/src/install/zed_interfaces/include/zed_interfaces/msg/detail/skeleton3_d__rosidl_typesupport_fastrtps_c.h
[6.060s] -- Up-to-date: /home/openark/ros2_ws/src/install/zed_interfaces/include/zed_interfaces/msg/detail/pos_track_status__rosidl_typesupport_fastrtps_c.h
[6.061s] -- Up-to-date: /home/openark/ros2_ws/src/install/zed_interfaces/include/zed_interfaces/msg/detail/keypoint2_df__rosidl_typesupport_fastrtps_c.h
[6.061s] -- Up-to-date: /home/openark/ros2_ws/src/install/zed_interfaces/include/zed_interfaces/msg/detail/bounding_box2_df__rosidl_typesupport_fastrtps_c.h
[6.062s] -- Up-to-date: /home/openark/ros2_ws/src/install/zed_interfaces/include/zed_interfaces/msg/detail/bounding_box3_d__rosidl_typesupport_fastrtps_c.h
[6.062s] -- Up-to-date: /home/openark/ros2_ws/src/install/zed_interfaces/include/zed_interfaces/msg/detail/keypoint2_di__rosidl_typesupport_fastrtps_c.h
[6.062s] -- Up-to-date: /home/openark/ros2_ws/src/install/zed_interfaces/include/zed_interfaces/msg/rosidl_typesupport_fastrtps_c__visibility_control.h
[6.062s] -- Up-to-date: /home/openark/ros2_ws/src/install/zed_interfaces/include/zed_interfaces/srv
[6.062s] -- Up-to-date: /home/openark/ros2_ws/src/install/zed_interfaces/include/zed_interfaces/srv/detail
[6.062s] -- Up-to-date: /home/openark/ros2_ws/src/install/zed_interfaces/include/zed_interfaces/srv/detail/set_roi__rosidl_typesupport_fastrtps_c.h
[6.062s] -- Up-to-date: /home/openark/ros2_ws/src/install/zed_interfaces/include/zed_interfaces/srv/detail/start_svo_rec__rosidl_typesupport_fastrtps_c.h
[6.062s] -- Up-to-date: /home/openark/ros2_ws/src/install/zed_interfaces/include/zed_interfaces/srv/detail/set_pose__rosidl_typesupport_fastrtps_c.h
[6.062s] -- Up-to-date: /home/openark/ros2_ws/src/install/zed_interfaces/lib/libzed_interfaces__rosidl_typesupport_fastrtps_c.so
[6.063s] -- Up-to-date: /home/openark/ros2_ws/src/install/zed_interfaces/include/zed_interfaces
[6.063s] -- Up-to-date: /home/openark/ros2_ws/src/install/zed_interfaces/include/zed_interfaces/msg
[6.063s] -- Up-to-date: /home/openark/ros2_ws/src/install/zed_interfaces/include/zed_interfaces/msg/detail
[6.063s] -- Up-to-date: /home/openark/ros2_ws/src/install/zed_interfaces/include/zed_interfaces/msg/detail/keypoint3_d__rosidl_typesupport_fastrtps_cpp.hpp
[6.063s] -- Up-to-date: /home/openark/ros2_ws/src/install/zed_interfaces/include/zed_interfaces/msg/detail/skeleton3_d__rosidl_typesupport_fastrtps_cpp.hpp
[6.063s] -- Up-to-date: /home/openark/ros2_ws/src/install/zed_interfaces/include/zed_interfaces/msg/detail/objects_stamped__rosidl_typesupport_fastrtps_cpp.hpp
[6.063s] -- Up-to-date: /home/openark/ros2_ws/src/install/zed_interfaces/include/zed_interfaces/msg/detail/bounding_box2_df__rosidl_typesupport_fastrtps_cpp.hpp
[6.063s] -- Up-to-date: /home/openark/ros2_ws/src/install/zed_interfaces/include/zed_interfaces/msg/detail/dds_fastrtps
[6.064s] -- Up-to-date: /home/openark/ros2_ws/src/install/zed_interfaces/include/zed_interfaces/msg/detail/bounding_box3_d__rosidl_typesupport_fastrtps_cpp.hpp
[6.064s] -- Up-to-date: /home/openark/ros2_ws/src/install/zed_interfaces/include/zed_interfaces/msg/detail/bounding_box2_di__rosidl_typesupport_fastrtps_cpp.hpp
[6.064s] -- Up-to-date: /home/openark/ros2_ws/src/install/zed_interfaces/include/zed_interfaces/msg/detail/keypoint2_df__rosidl_typesupport_fastrtps_cpp.hpp
[6.064s] -- Up-to-date: /home/openark/ros2_ws/src/install/zed_interfaces/include/zed_interfaces/msg/detail/skeleton2_d__rosidl_typesupport_fastrtps_cpp.hpp
[6.065s] -- Up-to-date: /home/openark/ros2_ws/src/install/zed_interfaces/include/zed_interfaces/msg/detail/keypoint2_di__rosidl_typesupport_fastrtps_cpp.hpp
[6.066s] -- Up-to-date: /home/openark/ros2_ws/src/install/zed_interfaces/include/zed_interfaces/msg/detail/plane_stamped__rosidl_typesupport_fastrtps_cpp.hpp
[6.066s] -- Up-to-date: /home/openark/ros2_ws/src/install/zed_interfaces/include/zed_interfaces/msg/detail/object__rosidl_typesupport_fastrtps_cpp.hpp
[6.067s] -- Up-to-date: /home/openark/ros2_ws/src/install/zed_interfaces/include/zed_interfaces/msg/detail/heartbeat__rosidl_typesupport_fastrtps_cpp.hpp
[6.068s] -- Up-to-date: /home/openark/ros2_ws/src/install/zed_interfaces/include/zed_interfaces/msg/detail/depth_info_stamped__rosidl_typesupport_fastrtps_cpp.hpp
[6.068s] -- Up-to-date: /home/openark/ros2_ws/src/install/zed_interfaces/include/zed_interfaces/msg/detail/pos_track_status__rosidl_typesupport_fastrtps_cpp.hpp
[6.069s] -- Up-to-date: /home/openark/ros2_ws/src/install/zed_interfaces/include/zed_interfaces/msg/rosidl_typesupport_fastrtps_cpp__visibility_control.h
[6.071s] -- Up-to-date: /home/openark/ros2_ws/src/install/zed_interfaces/include/zed_interfaces/srv
[6.072s] -- Up-to-date: /home/openark/ros2_ws/src/install/zed_interfaces/include/zed_interfaces/srv/detail
[6.073s] -- Up-to-date: /home/openark/ros2_ws/src/install/zed_interfaces/include/zed_interfaces/srv/detail/set_pose__rosidl_typesupport_fastrtps_cpp.hpp
[6.073s] -- Up-to-date: /home/openark/ros2_ws/src/install/zed_interfaces/include/zed_interfaces/srv/detail/set_roi__rosidl_typesupport_fastrtps_cpp.hpp
[6.077s] -- Up-to-date: /home/openark/ros2_ws/src/install/zed_interfaces/include/zed_interfaces/srv/detail/dds_fastrtps
[6.079s] -- Up-to-date: /home/openark/ros2_ws/src/install/zed_interfaces/include/zed_interfaces/srv/detail/start_svo_rec__rosidl_typesupport_fastrtps_cpp.hpp
[6.080s] -- Up-to-date: /home/openark/ros2_ws/src/install/zed_interfaces/lib/libzed_interfaces__rosidl_typesupport_fastrtps_cpp.so
[6.081s] -- Up-to-date: /home/openark/ros2_ws/src/install/zed_interfaces/include/zed_interfaces
[6.084s] -- Up-to-date: /home/openark/ros2_ws/src/install/zed_interfaces/include/zed_interfaces/msg
[6.089s] -- Up-to-date: /home/openark/ros2_ws/src/install/zed_interfaces/include/zed_interfaces/msg/rosidl_typesupport_introspection_c__visibility_control.h
[6.089s] -- Up-to-date: /home/openark/ros2_ws/src/install/zed_interfaces/include/zed_interfaces/msg/detail
[6.090s] -- Up-to-date: /home/openark/ros2_ws/src/install/zed_interfaces/include/zed_interfaces/msg/detail/bounding_box2_df__rosidl_typesupport_introspection_c.h
[6.090s] -- Up-to-date: /home/openark/ros2_ws/src/install/zed_interfaces/include/zed_interfaces/msg/detail/depth_info_stamped__type_support.c
[6.091s] -- Up-to-date: /home/openark/ros2_ws/src/install/zed_interfaces/include/zed_interfaces/msg/detail/keypoint2_df__rosidl_typesupport_introspection_c.h
[6.093s] -- Up-to-date: /home/openark/ros2_ws/src/install/zed_interfaces/include/zed_interfaces/msg/detail/skeleton2_d__type_support.c
[6.094s] -- Up-to-date: /home/openark/ros2_ws/src/install/zed_interfaces/include/zed_interfaces/msg/detail/bounding_box2_df__type_support.c
[6.095s] -- Up-to-date: /home/openark/ros2_ws/src/install/zed_interfaces/include/zed_interfaces/msg/detail/objects_stamped__type_support.c
[6.096s] -- Up-to-date: /home/openark/ros2_ws/src/install/zed_interfaces/include/zed_interfaces/msg/detail/bounding_box3_d__type_support.c
[6.096s] -- Up-to-date: /home/openark/ros2_ws/src/install/zed_interfaces/include/zed_interfaces/msg/detail/heartbeat__type_support.c
[6.099s] -- Up-to-date: /home/openark/ros2_ws/src/install/zed_interfaces/include/zed_interfaces/msg/detail/object__rosidl_typesupport_introspection_c.h
[6.101s] -- Up-to-date: /home/openark/ros2_ws/src/install/zed_interfaces/include/zed_interfaces/msg/detail/objects_stamped__rosidl_typesupport_introspection_c.h
[6.103s] -- Up-to-date: /home/openark/ros2_ws/src/install/zed_interfaces/include/zed_interfaces/msg/detail/keypoint2_di__rosidl_typesupport_introspection_c.h
[6.105s] -- Up-to-date: /home/openark/ros2_ws/src/install/zed_interfaces/include/zed_interfaces/msg/detail/keypoint3_d__rosidl_typesupport_introspection_c.h
[6.105s] -- Up-to-date: /home/openark/ros2_ws/src/install/zed_interfaces/include/zed_interfaces/msg/detail/skeleton3_d__rosidl_typesupport_introspection_c.h
[6.107s] -- Up-to-date: /home/openark/ros2_ws/src/install/zed_interfaces/include/zed_interfaces/msg/detail/keypoint2_di__type_support.c
[6.107s] -- Up-to-date: /home/openark/ros2_ws/src/install/zed_interfaces/include/zed_interfaces/msg/detail/skeleton2_d__rosidl_typesupport_introspection_c.h
[6.108s] -- Up-to-date: /home/openark/ros2_ws/src/install/zed_interfaces/include/zed_interfaces/msg/detail/bounding_box2_di__rosidl_typesupport_introspection_c.h
[6.112s] -- Up-to-date: /home/openark/ros2_ws/src/install/zed_interfaces/include/zed_interfaces/msg/detail/object__type_support.c
[6.113s] -- Up-to-date: /home/openark/ros2_ws/src/install/zed_interfaces/include/zed_interfaces/msg/detail/plane_stamped__rosidl_typesupport_introspection_c.h
[6.115s] -- Up-to-date: /home/openark/ros2_ws/src/install/zed_interfaces/include/zed_interfaces/msg/detail/heartbeat__rosidl_typesupport_introspection_c.h
[6.116s] -- Up-to-date: /home/openark/ros2_ws/src/install/zed_interfaces/include/zed_interfaces/msg/detail/keypoint2_df__type_support.c
[6.116s] -- Up-to-date: /home/openark/ros2_ws/src/install/zed_interfaces/include/zed_interfaces/msg/detail/pos_track_status__rosidl_typesupport_introspection_c.h
[6.116s] -- Up-to-date: /home/openark/ros2_ws/src/install/zed_interfaces/include/zed_interfaces/msg/detail/depth_info_stamped__rosidl_typesupport_introspection_c.h
[6.118s] -- Up-to-date: /home/openark/ros2_ws/src/install/zed_interfaces/include/zed_interfaces/msg/detail/bounding_box3_d__rosidl_typesupport_introspection_c.h
[6.118s] -- Up-to-date: /home/openark/ros2_ws/src/install/zed_interfaces/include/zed_interfaces/msg/detail/skeleton3_d__type_support.c
[6.118s] -- Up-to-date: /home/openark/ros2_ws/src/install/zed_interfaces/include/zed_interfaces/msg/detail/plane_stamped__type_support.c
[6.118s] -- Up-to-date: /home/openark/ros2_ws/src/install/zed_interfaces/include/zed_interfaces/msg/detail/bounding_box2_di__type_support.c
[6.119s] -- Up-to-date: /home/openark/ros2_ws/src/install/zed_interfaces/include/zed_interfaces/msg/detail/keypoint3_d__type_support.c
[6.119s] -- Up-to-date: /home/openark/ros2_ws/src/install/zed_interfaces/include/zed_interfaces/msg/detail/pos_track_status__type_support.c
[6.120s] -- Up-to-date: /home/openark/ros2_ws/src/install/zed_interfaces/include/zed_interfaces/srv
[6.120s] -- Up-to-date: /home/openark/ros2_ws/src/install/zed_interfaces/include/zed_interfaces/srv/detail
[6.120s] -- Up-to-date: /home/openark/ros2_ws/src/install/zed_interfaces/include/zed_interfaces/srv/detail/set_roi__rosidl_typesupport_introspection_c.h
[6.120s] -- Up-to-date: /home/openark/ros2_ws/src/install/zed_interfaces/include/zed_interfaces/srv/detail/start_svo_rec__rosidl_typesupport_introspection_c.h
[6.120s] -- Up-to-date: /home/openark/ros2_ws/src/install/zed_interfaces/include/zed_interfaces/srv/detail/set_pose__rosidl_typesupport_introspection_c.h
[6.120s] -- Up-to-date: /home/openark/ros2_ws/src/install/zed_interfaces/include/zed_interfaces/srv/detail/set_pose__type_support.c
[6.120s] -- Up-to-date: /home/openark/ros2_ws/src/install/zed_interfaces/include/zed_interfaces/srv/detail/start_svo_rec__type_support.c
[6.120s] -- Up-to-date: /home/openark/ros2_ws/src/install/zed_interfaces/include/zed_interfaces/srv/detail/set_roi__type_support.c
[6.120s] -- Up-to-date: /home/openark/ros2_ws/src/install/zed_interfaces/lib/libzed_interfaces__rosidl_typesupport_introspection_c.so
[6.121s] -- Up-to-date: /home/openark/ros2_ws/src/install/zed_interfaces/lib/libzed_interfaces__rosidl_typesupport_c.so
[6.121s] -- Up-to-date: /home/openark/ros2_ws/src/install/zed_interfaces/include/zed_interfaces
[6.121s] -- Up-to-date: /home/openark/ros2_ws/src/install/zed_interfaces/include/zed_interfaces/msg
[6.121s] -- Up-to-date: /home/openark/ros2_ws/src/install/zed_interfaces/include/zed_interfaces/msg/keypoint2_di.hpp
[6.121s] -- Up-to-date: /home/openark/ros2_ws/src/install/zed_interfaces/include/zed_interfaces/msg/skeleton2_d.hpp
[6.121s] -- Up-to-date: /home/openark/ros2_ws/src/install/zed_interfaces/include/zed_interfaces/msg/bounding_box2_di.hpp
[6.121s] -- Up-to-date: /home/openark/ros2_ws/src/install/zed_interfaces/include/zed_interfaces/msg/depth_info_stamped.hpp
[6.121s] -- Up-to-date: /home/openark/ros2_ws/src/install/zed_interfaces/include/zed_interfaces/msg/plane_stamped.hpp
[6.121s] -- Up-to-date: /home/openark/ros2_ws/src/install/zed_interfaces/include/zed_interfaces/msg/detail
[6.122s] -- Up-to-date: /home/openark/ros2_ws/src/install/zed_interfaces/include/zed_interfaces/msg/detail/bounding_box2_df__traits.hpp
[6.122s] -- Up-to-date: /home/openark/ros2_ws/src/install/zed_interfaces/include/zed_interfaces/msg/detail/keypoint2_df__traits.hpp
[6.122s] -- Up-to-date: /home/openark/ros2_ws/src/install/zed_interfaces/include/zed_interfaces/msg/detail/bounding_box2_df__type_support.hpp
[6.122s] -- Up-to-date: /home/openark/ros2_ws/src/install/zed_interfaces/include/zed_interfaces/msg/detail/skeleton3_d__traits.hpp
[6.122s] -- Up-to-date: /home/openark/ros2_ws/src/install/zed_interfaces/include/zed_interfaces/msg/detail/bounding_box2_df__struct.hpp
[6.122s] -- Up-to-date: /home/openark/ros2_ws/src/install/zed_interfaces/include/zed_interfaces/msg/detail/bounding_box3_d__builder.hpp
[6.122s] -- Up-to-date: /home/openark/ros2_ws/src/install/zed_interfaces/include/zed_interfaces/msg/detail/plane_stamped__type_support.hpp
[6.122s] -- Up-to-date: /home/openark/ros2_ws/src/install/zed_interfaces/include/zed_interfaces/msg/detail/keypoint2_df__type_support.hpp
[6.122s] -- Up-to-date: /home/openark/ros2_ws/src/install/zed_interfaces/include/zed_interfaces/msg/detail/skeleton2_d__type_support.hpp
[6.122s] -- Up-to-date: /home/openark/ros2_ws/src/install/zed_interfaces/include/zed_interfaces/msg/detail/skeleton2_d__traits.hpp
[6.123s] -- Up-to-date: /home/openark/ros2_ws/src/install/zed_interfaces/include/zed_interfaces/msg/detail/objects_stamped__traits.hpp
[6.123s] -- Up-to-date: /home/openark/ros2_ws/src/install/zed_interfaces/include/zed_interfaces/msg/detail/pos_track_status__traits.hpp
[6.123s] -- Up-to-date: /home/openark/ros2_ws/src/install/zed_interfaces/include/zed_interfaces/msg/detail/depth_info_stamped__traits.hpp
[6.123s] -- Up-to-date: /home/openark/ros2_ws/src/install/zed_interfaces/include/zed_interfaces/msg/detail/bounding_box3_d__struct.hpp
[6.123s] -- Up-to-date: /home/openark/ros2_ws/src/install/zed_interfaces/include/zed_interfaces/msg/detail/keypoint2_df__struct.hpp
[6.123s] -- Up-to-date: /home/openark/ros2_ws/src/install/zed_interfaces/include/zed_interfaces/msg/detail/keypoint2_di__struct.hpp
[6.123s] -- Up-to-date: /home/openark/ros2_ws/src/install/zed_interfaces/include/zed_interfaces/msg/detail/objects_stamped__struct.hpp
[6.123s] -- Up-to-date: /home/openark/ros2_ws/src/install/zed_interfaces/include/zed_interfaces/msg/detail/object__struct.hpp
[6.123s] -- Up-to-date: /home/openark/ros2_ws/src/install/zed_interfaces/include/zed_interfaces/msg/detail/pos_track_status__type_support.hpp
[6.123s] -- Up-to-date: /home/openark/ros2_ws/src/install/zed_interfaces/include/zed_interfaces/msg/detail/bounding_box2_df__builder.hpp
[6.123s] -- Up-to-date: /home/openark/ros2_ws/src/install/zed_interfaces/include/zed_interfaces/msg/detail/depth_info_stamped__type_support.hpp
[6.124s] -- Up-to-date: /home/openark/ros2_ws/src/install/zed_interfaces/include/zed_interfaces/msg/detail/skeleton2_d__builder.hpp
[6.124s] -- Up-to-date: /home/openark/ros2_ws/src/install/zed_interfaces/include/zed_interfaces/msg/detail/bounding_box2_di__type_support.hpp
[6.124s] -- Up-to-date: /home/openark/ros2_ws/src/install/zed_interfaces/include/zed_interfaces/msg/detail/keypoint2_di__builder.hpp
[6.124s] -- Up-to-date: /home/openark/ros2_ws/src/install/zed_interfaces/include/zed_interfaces/msg/detail/objects_stamped__builder.hpp
[6.124s] -- Up-to-date: /home/openark/ros2_ws/src/install/zed_interfaces/include/zed_interfaces/msg/detail/heartbeat__traits.hpp
[6.124s] -- Up-to-date: /home/openark/ros2_ws/src/install/zed_interfaces/include/zed_interfaces/msg/detail/plane_stamped__traits.hpp
[6.124s] -- Up-to-date: /home/openark/ros2_ws/src/install/zed_interfaces/include/zed_interfaces/msg/detail/skeleton3_d__struct.hpp
[6.124s] -- Up-to-date: /home/openark/ros2_ws/src/install/zed_interfaces/include/zed_interfaces/msg/detail/keypoint3_d__builder.hpp
[6.124s] -- Up-to-date: /home/openark/ros2_ws/src/install/zed_interfaces/include/zed_interfaces/msg/detail/bounding_box2_di__builder.hpp
[6.124s] -- Up-to-date: /home/openark/ros2_ws/src/install/zed_interfaces/include/zed_interfaces/msg/detail/heartbeat__type_support.hpp
[6.125s] -- Up-to-date: /home/openark/ros2_ws/src/install/zed_interfaces/include/zed_interfaces/msg/detail/bounding_box3_d__traits.hpp
[6.125s] -- Up-to-date: /home/openark/ros2_ws/src/install/zed_interfaces/include/zed_interfaces/msg/detail/bounding_box2_di__traits.hpp
[6.125s] -- Up-to-date: /home/openark/ros2_ws/src/install/zed_interfaces/include/zed_interfaces/msg/detail/heartbeat__builder.hpp
[6.125s] -- Up-to-date: /home/openark/ros2_ws/src/install/zed_interfaces/include/zed_interfaces/msg/detail/keypoint2_di__type_support.hpp
[6.125s] -- Up-to-date: /home/openark/ros2_ws/src/install/zed_interfaces/include/zed_interfaces/msg/detail/object__traits.hpp
[6.127s] -- Up-to-date: /home/openark/ros2_ws/src/install/zed_interfaces/include/zed_interfaces/msg/detail/plane_stamped__builder.hpp
[6.128s] -- Up-to-date: /home/openark/ros2_ws/src/install/zed_interfaces/include/zed_interfaces/msg/detail/keypoint3_d__struct.hpp
[6.128s] -- Up-to-date: /home/openark/ros2_ws/src/install/zed_interfaces/include/zed_interfaces/msg/detail/pos_track_status__builder.hpp
[6.129s] -- Up-to-date: /home/openark/ros2_ws/src/install/zed_interfaces/include/zed_interfaces/msg/detail/objects_stamped__type_support.hpp
[6.129s] -- Up-to-date: /home/openark/ros2_ws/src/install/zed_interfaces/include/zed_interfaces/msg/detail/plane_stamped__struct.hpp
[6.129s] -- Up-to-date: /home/openark/ros2_ws/src/install/zed_interfaces/include/zed_interfaces/msg/detail/skeleton2_d__struct.hpp
[6.129s] -- Up-to-date: /home/openark/ros2_ws/src/install/zed_interfaces/include/zed_interfaces/msg/detail/bounding_box2_di__struct.hpp
[6.129s] -- Up-to-date: /home/openark/ros2_ws/src/install/zed_interfaces/include/zed_interfaces/msg/detail/keypoint3_d__type_support.hpp
[6.129s] -- Up-to-date: /home/openark/ros2_ws/src/install/zed_interfaces/include/zed_interfaces/msg/detail/heartbeat__struct.hpp
[6.129s] -- Up-to-date: /home/openark/ros2_ws/src/install/zed_interfaces/include/zed_interfaces/msg/detail/depth_info_stamped__struct.hpp
[6.130s] -- Up-to-date: /home/openark/ros2_ws/src/install/zed_interfaces/include/zed_interfaces/msg/detail/keypoint2_di__traits.hpp
[6.130s] -- Up-to-date: /home/openark/ros2_ws/src/install/zed_interfaces/include/zed_interfaces/msg/detail/depth_info_stamped__builder.hpp
[6.131s] -- Up-to-date: /home/openark/ros2_ws/src/install/zed_interfaces/include/zed_interfaces/msg/detail/object__type_support.hpp
[6.131s] -- Up-to-date: /home/openark/ros2_ws/src/install/zed_interfaces/include/zed_interfaces/msg/detail/object__builder.hpp
[6.131s] -- Up-to-date: /home/openark/ros2_ws/src/install/zed_interfaces/include/zed_interfaces/msg/detail/keypoint3_d__traits.hpp
[6.131s] -- Up-to-date: /home/openark/ros2_ws/src/install/zed_interfaces/include/zed_interfaces/msg/detail/skeleton3_d__type_support.hpp
[6.132s] -- Up-to-date: /home/openark/ros2_ws/src/install/zed_interfaces/include/zed_interfaces/msg/detail/pos_track_status__struct.hpp
[6.132s] -- Up-to-date: /home/openark/ros2_ws/src/install/zed_interfaces/include/zed_interfaces/msg/detail/skeleton3_d__builder.hpp
[6.132s] -- Up-to-date: /home/openark/ros2_ws/src/install/zed_interfaces/include/zed_interfaces/msg/detail/keypoint2_df__builder.hpp
[6.133s] -- Up-to-date: /home/openark/ros2_ws/src/install/zed_interfaces/include/zed_interfaces/msg/detail/bounding_box3_d__type_support.hpp
[6.133s] -- Up-to-date: /home/openark/ros2_ws/src/install/zed_interfaces/include/zed_interfaces/msg/pos_track_status.hpp
[6.134s] -- Up-to-date: /home/openark/ros2_ws/src/install/zed_interfaces/include/zed_interfaces/msg/objects_stamped.hpp
[6.135s] -- Up-to-date: /home/openark/ros2_ws/src/install/zed_interfaces/include/zed_interfaces/msg/object.hpp
[6.135s] -- Up-to-date: /home/openark/ros2_ws/src/install/zed_interfaces/include/zed_interfaces/msg/keypoint2_df.hpp
[6.135s] -- Up-to-date: /home/openark/ros2_ws/src/install/zed_interfaces/include/zed_interfaces/msg/bounding_box2_df.hpp
[6.137s] -- Up-to-date: /home/openark/ros2_ws/src/install/zed_interfaces/include/zed_interfaces/msg/keypoint3_d.hpp
[6.137s] -- Up-to-date: /home/openark/ros2_ws/src/install/zed_interfaces/include/zed_interfaces/msg/rosidl_generator_cpp__visibility_control.hpp
[6.137s] -- Up-to-date: /home/openark/ros2_ws/src/install/zed_interfaces/include/zed_interfaces/msg/bounding_box3_d.hpp
[6.138s] -- Up-to-date: /home/openark/ros2_ws/src/install/zed_interfaces/include/zed_interfaces/msg/heartbeat.hpp
[6.138s] -- Up-to-date: /home/openark/ros2_ws/src/install/zed_interfaces/include/zed_interfaces/msg/skeleton3_d.hpp
[6.139s] -- Up-to-date: /home/openark/ros2_ws/src/install/zed_interfaces/include/zed_interfaces/srv
[6.139s] -- Up-to-date: /home/openark/ros2_ws/src/install/zed_interfaces/include/zed_interfaces/srv/start_svo_rec.hpp
[6.140s] -- Up-to-date: /home/openark/ros2_ws/src/install/zed_interfaces/include/zed_interfaces/srv/set_pose.hpp
[6.140s] -- Up-to-date: /home/openark/ros2_ws/src/install/zed_interfaces/include/zed_interfaces/srv/detail
[6.140s] -- Up-to-date: /home/openark/ros2_ws/src/install/zed_interfaces/include/zed_interfaces/srv/detail/set_roi__type_support.hpp
[6.141s] -- Up-to-date: /home/openark/ros2_ws/src/install/zed_interfaces/include/zed_interfaces/srv/detail/start_svo_rec__traits.hpp
[6.141s] -- Up-to-date: /home/openark/ros2_ws/src/install/zed_interfaces/include/zed_interfaces/srv/detail/set_pose__traits.hpp
[6.142s] -- Up-to-date: /home/openark/ros2_ws/src/install/zed_interfaces/include/zed_interfaces/srv/detail/set_roi__traits.hpp
[6.142s] -- Up-to-date: /home/openark/ros2_ws/src/install/zed_interfaces/include/zed_interfaces/srv/detail/set_roi__struct.hpp
[6.143s] -- Up-to-date: /home/openark/ros2_ws/src/install/zed_interfaces/include/zed_interfaces/srv/detail/set_roi__builder.hpp
[6.143s] -- Up-to-date: /home/openark/ros2_ws/src/install/zed_interfaces/include/zed_interfaces/srv/detail/start_svo_rec__type_support.hpp
[6.143s] -- Up-to-date: /home/openark/ros2_ws/src/install/zed_interfaces/include/zed_interfaces/srv/detail/set_pose__type_support.hpp
[6.144s] -- Up-to-date: /home/openark/ros2_ws/src/install/zed_interfaces/include/zed_interfaces/srv/detail/start_svo_rec__struct.hpp
[6.144s] -- Up-to-date: /home/openark/ros2_ws/src/install/zed_interfaces/include/zed_interfaces/srv/detail/start_svo_rec__builder.hpp
[6.145s] -- Up-to-date: /home/openark/ros2_ws/src/install/zed_interfaces/include/zed_interfaces/srv/detail/set_pose__builder.hpp
[6.145s] -- Up-to-date: /home/openark/ros2_ws/src/install/zed_interfaces/include/zed_interfaces/srv/detail/set_pose__struct.hpp
[6.145s] -- Up-to-date: /home/openark/ros2_ws/src/install/zed_interfaces/include/zed_interfaces/srv/set_roi.hpp
[6.147s] -- Up-to-date: /home/openark/ros2_ws/src/install/zed_interfaces/include/zed_interfaces
[6.147s] -- Up-to-date: /home/openark/ros2_ws/src/install/zed_interfaces/include/zed_interfaces/msg
[6.148s] -- Up-to-date: /home/openark/ros2_ws/src/install/zed_interfaces/include/zed_interfaces/msg/detail
[6.148s] -- Up-to-date: /home/openark/ros2_ws/src/install/zed_interfaces/include/zed_interfaces/msg/detail/skeleton2_d__rosidl_typesupport_introspection_cpp.hpp
[6.148s] -- Up-to-date: /home/openark/ros2_ws/src/install/zed_interfaces/include/zed_interfaces/msg/detail/heartbeat__type_support.cpp
[6.148s] -- Up-to-date: /home/openark/ros2_ws/src/install/zed_interfaces/include/zed_interfaces/msg/detail/keypoint3_d__rosidl_typesupport_introspection_cpp.hpp
[6.149s] -- Up-to-date: /home/openark/ros2_ws/src/install/zed_interfaces/include/zed_interfaces/msg/detail/pos_track_status__type_support.cpp
[6.149s] -- Up-to-date: /home/openark/ros2_ws/src/install/zed_interfaces/include/zed_interfaces/msg/detail/depth_info_stamped__rosidl_typesupport_introspection_cpp.hpp
[6.150s] -- Up-to-date: /home/openark/ros2_ws/src/install/zed_interfaces/include/zed_interfaces/msg/detail/keypoint2_di__type_support.cpp
[6.151s] -- Up-to-date: /home/openark/ros2_ws/src/install/zed_interfaces/include/zed_interfaces/msg/detail/plane_stamped__rosidl_typesupport_introspection_cpp.hpp
[6.151s] -- Up-to-date: /home/openark/ros2_ws/src/install/zed_interfaces/include/zed_interfaces/msg/detail/pos_track_status__rosidl_typesupport_introspection_cpp.hpp
[6.151s] -- Up-to-date: /home/openark/ros2_ws/src/install/zed_interfaces/include/zed_interfaces/msg/detail/objects_stamped__type_support.cpp
[6.151s] -- Up-to-date: /home/openark/ros2_ws/src/install/zed_interfaces/include/zed_interfaces/msg/detail/bounding_box3_d__rosidl_typesupport_introspection_cpp.hpp
[6.152s] -- Up-to-date: /home/openark/ros2_ws/src/install/zed_interfaces/include/zed_interfaces/msg/detail/keypoint2_di__rosidl_typesupport_introspection_cpp.hpp
[6.152s] -- Up-to-date: /home/openark/ros2_ws/src/install/zed_interfaces/include/zed_interfaces/msg/detail/object__type_support.cpp
[6.152s] -- Up-to-date: /home/openark/ros2_ws/src/install/zed_interfaces/include/zed_interfaces/msg/detail/skeleton3_d__rosidl_typesupport_introspection_cpp.hpp
[6.152s] -- Up-to-date: /home/openark/ros2_ws/src/install/zed_interfaces/include/zed_interfaces/msg/detail/keypoint2_df__rosidl_typesupport_introspection_cpp.hpp
[6.152s] -- Up-to-date: /home/openark/ros2_ws/src/install/zed_interfaces/include/zed_interfaces/msg/detail/heartbeat__rosidl_typesupport_introspection_cpp.hpp
[6.152s] -- Up-to-date: /home/openark/ros2_ws/src/install/zed_interfaces/include/zed_interfaces/msg/detail/keypoint3_d__type_support.cpp
[6.152s] -- Up-to-date: /home/openark/ros2_ws/src/install/zed_interfaces/include/zed_interfaces/msg/detail/bounding_box2_di__rosidl_typesupport_introspection_cpp.hpp
[6.152s] -- Up-to-date: /home/openark/ros2_ws/src/install/zed_interfaces/include/zed_interfaces/msg/detail/keypoint2_df__type_support.cpp
[6.152s] -- Up-to-date: /home/openark/ros2_ws/src/install/zed_interfaces/include/zed_interfaces/msg/detail/bounding_box2_df__type_support.cpp
[6.153s] -- Up-to-date: /home/openark/ros2_ws/src/install/zed_interfaces/include/zed_interfaces/msg/detail/depth_info_stamped__type_support.cpp
[6.153s] -- Up-to-date: /home/openark/ros2_ws/src/install/zed_interfaces/include/zed_interfaces/msg/detail/bounding_box2_di__type_support.cpp
[6.153s] -- Up-to-date: /home/openark/ros2_ws/src/install/zed_interfaces/include/zed_interfaces/msg/detail/bounding_box2_df__rosidl_typesupport_introspection_cpp.hpp
[6.153s] -- Up-to-date: /home/openark/ros2_ws/src/install/zed_interfaces/include/zed_interfaces/msg/detail/skeleton2_d__type_support.cpp
[6.153s] -- Up-to-date: /home/openark/ros2_ws/src/install/zed_interfaces/include/zed_interfaces/msg/detail/objects_stamped__rosidl_typesupport_introspection_cpp.hpp
[6.153s] -- Up-to-date: /home/openark/ros2_ws/src/install/zed_interfaces/include/zed_interfaces/msg/detail/bounding_box3_d__type_support.cpp
[6.154s] -- Up-to-date: /home/openark/ros2_ws/src/install/zed_interfaces/include/zed_interfaces/msg/detail/skeleton3_d__type_support.cpp
[6.154s] -- Up-to-date: /home/openark/ros2_ws/src/install/zed_interfaces/include/zed_interfaces/msg/detail/plane_stamped__type_support.cpp
[6.154s] -- Up-to-date: /home/openark/ros2_ws/src/install/zed_interfaces/include/zed_interfaces/msg/detail/object__rosidl_typesupport_introspection_cpp.hpp
[6.154s] -- Up-to-date: /home/openark/ros2_ws/src/install/zed_interfaces/include/zed_interfaces/srv
[6.156s] -- Up-to-date: /home/openark/ros2_ws/src/install/zed_interfaces/include/zed_interfaces/srv/detail
[6.156s] -- Up-to-date: /home/openark/ros2_ws/src/install/zed_interfaces/include/zed_interfaces/srv/detail/set_roi__type_support.cpp
[6.156s] -- Up-to-date: /home/openark/ros2_ws/src/install/zed_interfaces/include/zed_interfaces/srv/detail/start_svo_rec__type_support.cpp
[6.156s] -- Up-to-date: /home/openark/ros2_ws/src/install/zed_interfaces/include/zed_interfaces/srv/detail/set_pose__rosidl_typesupport_introspection_cpp.hpp
[6.156s] -- Up-to-date: /home/openark/ros2_ws/src/install/zed_interfaces/include/zed_interfaces/srv/detail/start_svo_rec__rosidl_typesupport_introspection_cpp.hpp
[6.156s] -- Up-to-date: /home/openark/ros2_ws/src/install/zed_interfaces/include/zed_interfaces/srv/detail/set_pose__type_support.cpp
[6.156s] -- Up-to-date: /home/openark/ros2_ws/src/install/zed_interfaces/include/zed_interfaces/srv/detail/set_roi__rosidl_typesupport_introspection_cpp.hpp
[6.157s] -- Up-to-date: /home/openark/ros2_ws/src/install/zed_interfaces/lib/libzed_interfaces__rosidl_typesupport_introspection_cpp.so
[6.157s] -- Up-to-date: /home/openark/ros2_ws/src/install/zed_interfaces/lib/libzed_interfaces__rosidl_typesupport_cpp.so
[6.157s] -- Up-to-date: /home/openark/ros2_ws/src/install/zed_interfaces/share/zed_interfaces/environment/pythonpath.sh
[6.157s] -- Up-to-date: /home/openark/ros2_ws/src/install/zed_interfaces/share/zed_interfaces/environment/pythonpath.dsv
[6.157s] -- Up-to-date: /home/openark/ros2_ws/src/install/zed_interfaces/lib/python3.8/site-packages/zed_interfaces/__init__.py
[6.157s] -- Up-to-date: /home/openark/ros2_ws/src/install/zed_interfaces/lib/python3.8/site-packages/zed_interfaces/msg
[6.157s] -- Up-to-date: /home/openark/ros2_ws/src/install/zed_interfaces/lib/python3.8/site-packages/zed_interfaces/msg/_keypoint2_di_s.c
[6.157s] -- Up-to-date: /home/openark/ros2_ws/src/install/zed_interfaces/lib/python3.8/site-packages/zed_interfaces/msg/_objects_stamped_s.c
[6.157s] -- Up-to-date: /home/openark/ros2_ws/src/install/zed_interfaces/lib/python3.8/site-packages/zed_interfaces/msg/_bounding_box2_df_s.c
[6.158s] -- Up-to-date: /home/openark/ros2_ws/src/install/zed_interfaces/lib/python3.8/site-packages/zed_interfaces/msg/__init__.py
[6.158s] -- Up-to-date: /home/openark/ros2_ws/src/install/zed_interfaces/lib/python3.8/site-packages/zed_interfaces/msg/_object_s.c
[6.158s] -- Up-to-date: /home/openark/ros2_ws/src/install/zed_interfaces/lib/python3.8/site-packages/zed_interfaces/msg/_heartbeat_s.c
[6.158s] -- Up-to-date: /home/openark/ros2_ws/src/install/zed_interfaces/lib/python3.8/site-packages/zed_interfaces/msg/_keypoint2_di.py
[6.158s] -- Up-to-date: /home/openark/ros2_ws/src/install/zed_interfaces/lib/python3.8/site-packages/zed_interfaces/msg/_objects_stamped.py
[6.158s] -- Up-to-date: /home/openark/ros2_ws/src/install/zed_interfaces/lib/python3.8/site-packages/zed_interfaces/msg/_keypoint3_d.py
[6.160s] -- Up-to-date: /home/openark/ros2_ws/src/install/zed_interfaces/lib/python3.8/site-packages/zed_interfaces/msg/_plane_stamped.py
[6.160s] -- Up-to-date: /home/openark/ros2_ws/src/install/zed_interfaces/lib/python3.8/site-packages/zed_interfaces/msg/_object.py
[6.160s] -- Up-to-date: /home/openark/ros2_ws/src/install/zed_interfaces/lib/python3.8/site-packages/zed_interfaces/msg/_depth_info_stamped.py
[6.161s] -- Up-to-date: /home/openark/ros2_ws/src/install/zed_interfaces/lib/python3.8/site-packages/zed_interfaces/msg/_bounding_box2_di.py
[6.165s] -- Up-to-date: /home/openark/ros2_ws/src/install/zed_interfaces/lib/python3.8/site-packages/zed_interfaces/msg/_plane_stamped_s.c
[6.166s] -- Up-to-date: /home/openark/ros2_ws/src/install/zed_interfaces/lib/python3.8/site-packages/zed_interfaces/msg/_pos_track_status_s.c
[6.166s] -- Up-to-date: /home/openark/ros2_ws/src/install/zed_interfaces/lib/python3.8/site-packages/zed_interfaces/msg/_skeleton2_d_s.c
[6.166s] -- Up-to-date: /home/openark/ros2_ws/src/install/zed_interfaces/lib/python3.8/site-packages/zed_interfaces/msg/_bounding_box3_d.py
[6.167s] -- Up-to-date: /home/openark/ros2_ws/src/install/zed_interfaces/lib/python3.8/site-packages/zed_interfaces/msg/_keypoint3_d_s.c
[6.167s] -- Up-to-date: /home/openark/ros2_ws/src/install/zed_interfaces/lib/python3.8/site-packages/zed_interfaces/msg/_skeleton3_d.py
[6.168s] -- Up-to-date: /home/openark/ros2_ws/src/install/zed_interfaces/lib/python3.8/site-packages/zed_interfaces/msg/_bounding_box2_df.py
[6.169s] -- Up-to-date: /home/openark/ros2_ws/src/install/zed_interfaces/lib/python3.8/site-packages/zed_interfaces/msg/_keypoint2_df.py
[6.169s] -- Up-to-date: /home/openark/ros2_ws/src/install/zed_interfaces/lib/python3.8/site-packages/zed_interfaces/msg/_keypoint2_df_s.c
[6.170s] -- Up-to-date: /home/openark/ros2_ws/src/install/zed_interfaces/lib/python3.8/site-packages/zed_interfaces/msg/_bounding_box2_di_s.c
[6.171s] -- Up-to-date: /home/openark/ros2_ws/src/install/zed_interfaces/lib/python3.8/site-packages/zed_interfaces/msg/_bounding_box3_d_s.c
[6.173s] -- Up-to-date: /home/openark/ros2_ws/src/install/zed_interfaces/lib/python3.8/site-packages/zed_interfaces/msg/_skeleton3_d_s.c
[6.173s] -- Up-to-date: /home/openark/ros2_ws/src/install/zed_interfaces/lib/python3.8/site-packages/zed_interfaces/msg/_pos_track_status.py
[6.174s] -- Up-to-date: /home/openark/ros2_ws/src/install/zed_interfaces/lib/python3.8/site-packages/zed_interfaces/msg/_heartbeat.py
[6.174s] -- Up-to-date: /home/openark/ros2_ws/src/install/zed_interfaces/lib/python3.8/site-packages/zed_interfaces/msg/_depth_info_stamped_s.c
[6.174s] -- Up-to-date: /home/openark/ros2_ws/src/install/zed_interfaces/lib/python3.8/site-packages/zed_interfaces/msg/_skeleton2_d.py
[6.174s] -- Up-to-date: /home/openark/ros2_ws/src/install/zed_interfaces/lib/python3.8/site-packages/zed_interfaces/srv
[6.175s] -- Up-to-date: /home/openark/ros2_ws/src/install/zed_interfaces/lib/python3.8/site-packages/zed_interfaces/srv/_set_pose.py
[6.175s] -- Up-to-date: /home/openark/ros2_ws/src/install/zed_interfaces/lib/python3.8/site-packages/zed_interfaces/srv/__init__.py
[6.176s] -- Up-to-date: /home/openark/ros2_ws/src/install/zed_interfaces/lib/python3.8/site-packages/zed_interfaces/srv/_set_roi_s.c
[6.176s] -- Up-to-date: /home/openark/ros2_ws/src/install/zed_interfaces/lib/python3.8/site-packages/zed_interfaces/srv/_start_svo_rec.py
[6.177s] -- Up-to-date: /home/openark/ros2_ws/src/install/zed_interfaces/lib/python3.8/site-packages/zed_interfaces/srv/_set_pose_s.c
[6.177s] -- Up-to-date: /home/openark/ros2_ws/src/install/zed_interfaces/lib/python3.8/site-packages/zed_interfaces/srv/_set_roi.py
[6.178s] -- Up-to-date: /home/openark/ros2_ws/src/install/zed_interfaces/lib/python3.8/site-packages/zed_interfaces/srv/_start_svo_rec_s.c
[6.179s] -- Up-to-date: /home/openark/ros2_ws/src/install/zed_interfaces/lib/python3.8/site-packages/zed_interfaces/zed_interfaces_s__rosidl_typesupport_fastrtps_c.cpython-38-x86_64-linux-gnu.so
[6.179s] -- Up-to-date: /home/openark/ros2_ws/src/install/zed_interfaces/lib/python3.8/site-packages/zed_interfaces/zed_interfaces_s__rosidl_typesupport_introspection_c.cpython-38-x86_64-linux-gnu.so
[6.180s] -- Up-to-date: /home/openark/ros2_ws/src/install/zed_interfaces/lib/python3.8/site-packages/zed_interfaces/zed_interfaces_s__rosidl_typesupport_c.cpython-38-x86_64-linux-gnu.so
[6.180s] -- Up-to-date: /home/openark/ros2_ws/src/install/zed_interfaces/lib/libzed_interfaces__python.so
[6.181s] -- Up-to-date: /home/openark/ros2_ws/src/install/zed_interfaces/share/zed_interfaces/msg/Object.idl
[6.181s] -- Up-to-date: /home/openark/ros2_ws/src/install/zed_interfaces/share/zed_interfaces/msg/ObjectsStamped.idl
[6.182s] -- Up-to-date: /home/openark/ros2_ws/src/install/zed_interfaces/share/zed_interfaces/msg/Keypoint2Di.idl
[6.182s] -- Up-to-date: /home/openark/ros2_ws/src/install/zed_interfaces/share/zed_interfaces/msg/Keypoint2Df.idl
[6.184s] -- Up-to-date: /home/openark/ros2_ws/src/install/zed_interfaces/share/zed_interfaces/msg/Keypoint3D.idl
[6.184s] -- Up-to-date: /home/openark/ros2_ws/src/install/zed_interfaces/share/zed_interfaces/msg/BoundingBox2Di.idl
[6.185s] -- Up-to-date: /home/openark/ros2_ws/src/install/zed_interfaces/share/zed_interfaces/msg/BoundingBox2Df.idl
[6.185s] -- Up-to-date: /home/openark/ros2_ws/src/install/zed_interfaces/share/zed_interfaces/msg/BoundingBox3D.idl
[6.186s] -- Up-to-date: /home/openark/ros2_ws/src/install/zed_interfaces/share/zed_interfaces/msg/Skeleton2D.idl
[6.186s] -- Up-to-date: /home/openark/ros2_ws/src/install/zed_interfaces/share/zed_interfaces/msg/Skeleton3D.idl
[6.187s] -- Up-to-date: /home/openark/ros2_ws/src/install/zed_interfaces/share/zed_interfaces/msg/DepthInfoStamped.idl
[6.187s] -- Up-to-date: /home/openark/ros2_ws/src/install/zed_interfaces/share/zed_interfaces/msg/PlaneStamped.idl
[6.187s] -- Up-to-date: /home/openark/ros2_ws/src/install/zed_interfaces/share/zed_interfaces/msg/PosTrackStatus.idl
[6.188s] -- Up-to-date: /home/openark/ros2_ws/src/install/zed_interfaces/share/zed_interfaces/msg/Heartbeat.idl
[6.189s] -- Up-to-date: /home/openark/ros2_ws/src/install/zed_interfaces/share/zed_interfaces/srv/SetPose.idl
[6.189s] -- Up-to-date: /home/openark/ros2_ws/src/install/zed_interfaces/share/zed_interfaces/srv/StartSvoRec.idl
[6.190s] -- Up-to-date: /home/openark/ros2_ws/src/install/zed_interfaces/share/zed_interfaces/srv/SetROI.idl
[6.191s] -- Up-to-date: /home/openark/ros2_ws/src/install/zed_interfaces/share/zed_interfaces/msg/Object.msg
[6.191s] -- Up-to-date: /home/openark/ros2_ws/src/install/zed_interfaces/share/zed_interfaces/msg/ObjectsStamped.msg
[6.192s] -- Up-to-date: /home/openark/ros2_ws/src/install/zed_interfaces/share/zed_interfaces/msg/Keypoint2Di.msg
[6.193s] -- Up-to-date: /home/openark/ros2_ws/src/install/zed_interfaces/share/zed_interfaces/msg/Keypoint2Df.msg
[6.193s] -- Up-to-date: /home/openark/ros2_ws/src/install/zed_interfaces/share/zed_interfaces/msg/Keypoint3D.msg
[6.193s] -- Up-to-date: /home/openark/ros2_ws/src/install/zed_interfaces/share/zed_interfaces/msg/BoundingBox2Di.msg
[6.194s] -- Up-to-date: /home/openark/ros2_ws/src/install/zed_interfaces/share/zed_interfaces/msg/BoundingBox2Df.msg
[6.194s] -- Up-to-date: /home/openark/ros2_ws/src/install/zed_interfaces/share/zed_interfaces/msg/BoundingBox3D.msg
[6.195s] -- Up-to-date: /home/openark/ros2_ws/src/install/zed_interfaces/share/zed_interfaces/msg/Skeleton2D.msg
[6.195s] -- Up-to-date: /home/openark/ros2_ws/src/install/zed_interfaces/share/zed_interfaces/msg/Skeleton3D.msg
[6.196s] -- Up-to-date: /home/openark/ros2_ws/src/install/zed_interfaces/share/zed_interfaces/msg/DepthInfoStamped.msg
[6.196s] -- Up-to-date: /home/openark/ros2_ws/src/install/zed_interfaces/share/zed_interfaces/msg/PlaneStamped.msg
[6.196s] -- Up-to-date: /home/openark/ros2_ws/src/install/zed_interfaces/share/zed_interfaces/msg/PosTrackStatus.msg
[6.197s] -- Up-to-date: /home/openark/ros2_ws/src/install/zed_interfaces/share/zed_interfaces/msg/Heartbeat.msg
[6.197s] -- Up-to-date: /home/openark/ros2_ws/src/install/zed_interfaces/share/zed_interfaces/srv/SetPose.srv
[6.198s] -- Up-to-date: /home/openark/ros2_ws/src/install/zed_interfaces/share/zed_interfaces/srv/SetPose_Request.msg
[6.198s] -- Up-to-date: /home/openark/ros2_ws/src/install/zed_interfaces/share/zed_interfaces/srv/SetPose_Response.msg
[6.198s] -- Up-to-date: /home/openark/ros2_ws/src/install/zed_interfaces/share/zed_interfaces/srv/StartSvoRec.srv
[6.198s] -- Up-to-date: /home/openark/ros2_ws/src/install/zed_interfaces/share/zed_interfaces/srv/StartSvoRec_Request.msg
[6.198s] -- Up-to-date: /home/openark/ros2_ws/src/install/zed_interfaces/share/zed_interfaces/srv/StartSvoRec_Response.msg
[6.199s] -- Up-to-date: /home/openark/ros2_ws/src/install/zed_interfaces/share/zed_interfaces/srv/SetROI.srv
[6.199s] -- Up-to-date: /home/openark/ros2_ws/src/install/zed_interfaces/share/zed_interfaces/srv/SetROI_Request.msg
[6.199s] -- Up-to-date: /home/openark/ros2_ws/src/install/zed_interfaces/share/zed_interfaces/srv/SetROI_Response.msg
[6.199s] -- Up-to-date: /home/openark/ros2_ws/src/install/zed_interfaces/share/zed_interfaces/meshes
[6.199s] -- Up-to-date: /home/openark/ros2_ws/src/install/zed_interfaces/share/zed_interfaces/meshes/zedx.stl
[6.199s] -- Up-to-date: /home/openark/ros2_ws/src/install/zed_interfaces/share/zed_interfaces/meshes/zed2.stl
[6.199s] -- Up-to-date: /home/openark/ros2_ws/src/install/zed_interfaces/share/zed_interfaces/meshes/zed2i.stl
[6.199s] -- Up-to-date: /home/openark/ros2_ws/src/install/zed_interfaces/share/zed_interfaces/meshes/zedm.stl
[6.199s] -- Up-to-date: /home/openark/ros2_ws/src/install/zed_interfaces/share/zed_interfaces/meshes/zedxm.stl
[6.199s] -- Up-to-date: /home/openark/ros2_ws/src/install/zed_interfaces/share/zed_interfaces/meshes/zed.stl
[6.200s] -- Up-to-date: /home/openark/ros2_ws/src/install/zed_interfaces/share/ament_index/resource_index/package_run_dependencies/zed_interfaces
[6.200s] -- Up-to-date: /home/openark/ros2_ws/src/install/zed_interfaces/share/ament_index/resource_index/parent_prefix_path/zed_interfaces
[6.200s] -- Up-to-date: /home/openark/ros2_ws/src/install/zed_interfaces/share/zed_interfaces/environment/ament_prefix_path.sh
[6.200s] -- Up-to-date: /home/openark/ros2_ws/src/install/zed_interfaces/share/zed_interfaces/environment/ament_prefix_path.dsv
[6.200s] -- Up-to-date: /home/openark/ros2_ws/src/install/zed_interfaces/share/zed_interfaces/environment/path.sh
[6.200s] -- Up-to-date: /home/openark/ros2_ws/src/install/zed_interfaces/share/zed_interfaces/environment/path.dsv
[6.200s] -- Up-to-date: /home/openark/ros2_ws/src/install/zed_interfaces/share/zed_interfaces/local_setup.bash
[6.200s] -- Up-to-date: /home/openark/ros2_ws/src/install/zed_interfaces/share/zed_interfaces/local_setup.sh
[6.200s] -- Up-to-date: /home/openark/ros2_ws/src/install/zed_interfaces/share/zed_interfaces/local_setup.zsh
[6.200s] -- Up-to-date: /home/openark/ros2_ws/src/install/zed_interfaces/share/zed_interfaces/local_setup.dsv
[6.201s] -- Installing: /home/openark/ros2_ws/src/install/zed_interfaces/share/zed_interfaces/package.dsv
[6.201s] -- Up-to-date: /home/openark/ros2_ws/src/install/zed_interfaces/share/ament_index/resource_index/packages/zed_interfaces
[6.201s] -- Up-to-date: /home/openark/ros2_ws/src/install/zed_interfaces/share/zed_interfaces/cmake/zed_interfaces__rosidl_generator_cExport.cmake
[6.201s] -- Up-to-date: /home/openark/ros2_ws/src/install/zed_interfaces/share/zed_interfaces/cmake/zed_interfaces__rosidl_generator_cExport-noconfig.cmake
[6.201s] -- Up-to-date: /home/openark/ros2_ws/src/install/zed_interfaces/share/zed_interfaces/cmake/zed_interfaces__rosidl_typesupport_introspection_cExport.cmake
[6.201s] -- Up-to-date: /home/openark/ros2_ws/src/install/zed_interfaces/share/zed_interfaces/cmake/zed_interfaces__rosidl_typesupport_introspection_cExport-noconfig.cmake
[6.201s] -- Up-to-date: /home/openark/ros2_ws/src/install/zed_interfaces/share/zed_interfaces/cmake/zed_interfaces__rosidl_typesupport_cExport.cmake
[6.201s] -- Up-to-date: /home/openark/ros2_ws/src/install/zed_interfaces/share/zed_interfaces/cmake/zed_interfaces__rosidl_typesupport_cExport-noconfig.cmake
[6.202s] -- Up-to-date: /home/openark/ros2_ws/src/install/zed_interfaces/share/zed_interfaces/cmake/zed_interfaces__rosidl_generator_cppExport.cmake
[6.202s] -- Up-to-date: /home/openark/ros2_ws/src/install/zed_interfaces/share/zed_interfaces/cmake/zed_interfaces__rosidl_typesupport_introspection_cppExport.cmake
[6.202s] -- Up-to-date: /home/openark/ros2_ws/src/install/zed_interfaces/share/zed_interfaces/cmake/zed_interfaces__rosidl_typesupport_introspection_cppExport-noconfig.cmake
[6.202s] -- Up-to-date: /home/openark/ros2_ws/src/install/zed_interfaces/share/zed_interfaces/cmake/zed_interfaces__rosidl_typesupport_cppExport.cmake
[6.202s] -- Up-to-date: /home/openark/ros2_ws/src/install/zed_interfaces/share/zed_interfaces/cmake/zed_interfaces__rosidl_typesupport_cppExport-noconfig.cmake
[6.204s] -- Up-to-date: /home/openark/ros2_ws/src/install/zed_interfaces/share/zed_interfaces/cmake/rosidl_cmake-extras.cmake
[6.204s] -- Up-to-date: /home/openark/ros2_ws/src/install/zed_interfaces/share/zed_interfaces/cmake/ament_cmake_export_dependencies-extras.cmake
[6.204s] -- Up-to-date: /home/openark/ros2_ws/src/install/zed_interfaces/share/zed_interfaces/cmake/ament_cmake_export_libraries-extras.cmake
[6.205s] -- Up-to-date: /home/openark/ros2_ws/src/install/zed_interfaces/share/zed_interfaces/cmake/ament_cmake_export_targets-extras.cmake
[6.207s] -- Up-to-date: /home/openark/ros2_ws/src/install/zed_interfaces/share/zed_interfaces/cmake/ament_cmake_export_include_directories-extras.cmake
[6.207s] -- Up-to-date: /home/openark/ros2_ws/src/install/zed_interfaces/share/zed_interfaces/cmake/rosidl_cmake_export_typesupport_libraries-extras.cmake
[6.207s] -- Up-to-date: /home/openark/ros2_ws/src/install/zed_interfaces/share/zed_interfaces/cmake/rosidl_cmake_export_typesupport_targets-extras.cmake
[6.207s] -- Up-to-date: /home/openark/ros2_ws/src/install/zed_interfaces/share/zed_interfaces/cmake/zed_interfacesConfig.cmake
[6.208s] -- Up-to-date: /home/openark/ros2_ws/src/install/zed_interfaces/share/zed_interfaces/cmake/zed_interfacesConfig-version.cmake
[6.208s] -- Up-to-date: /home/openark/ros2_ws/src/install/zed_interfaces/share/zed_interfaces/package.xml
[10.424s] Invoked command in '/home/openark/ros2_ws/src/build/zed_interfaces' returned '0': CMAKE_PREFIX_PATH=/home/openark/ros2_ws/install/zed_ros2:/home/openark/ros2_ws/install/zed_multi_camera:/home/openark/ros2_ws/install/zed_display_rviz2:/home/openark/ros2_ws/install/zed_wrapper:/home/openark/ros2_ws/install/zed_tutorial_video:/home/openark/ros2_ws/install/zed_tutorial_pos_tracking:/home/openark/ros2_ws/install/zed_tutorial_depth:/home/openark/ros2_ws/install/zed_topic_benchmark_interfaces:/home/openark/ros2_ws/install/zed_rgb_convert:/home/openark/ros2_ws/install/zed_components:/home/openark/ros2_ws/install/rviz_plugin_zed_od:/home/openark/ros2_ws/install/zed_interfaces:/home/openark/ros2_ws/install/examples_rclpy_minimal_subscriber:/home/openark/ros2_ws/install/examples_rclpy_minimal_service:/home/openark/ros2_ws/install/examples_rclpy_minimal_publisher:/home/openark/ros2_ws/install/examples_rclpy_minimal_client:/home/openark/ros2_ws/install/examples_rclpy_minimal_action_server:/home/openark/ros2_ws/install/examples_rclpy_minimal_action_client:/home/openark/ros2_ws/install/examples_rclpy_executors:/opt/ros/foxy:/home/openark/ros2_ws/install/septentrio_gnss_driver:/home/openark/ros2_ws/install/roar_septentrio_interface:/home/openark/ros2_ws/install/examples_rclcpp_multithreaded_executor:/home/openark/ros2_ws/install/examples_rclcpp_minimal_timer:/home/openark/ros2_ws/install/examples_rclcpp_minimal_subscriber:/home/openark/ros2_ws/install/examples_rclcpp_minimal_service:/home/openark/ros2_ws/install/examples_rclcpp_minimal_publisher:/home/openark/ros2_ws/install/examples_rclcpp_minimal_composition:/home/openark/ros2_ws/install/examples_rclcpp_minimal_client:/home/openark/ros2_ws/install/examples_rclcpp_minimal_action_server:/home/openark/ros2_ws/install/examples_rclcpp_minimal_action_client /usr/bin/cmake --install /home/openark/ros2_ws/src/build/zed_interfaces
