[0.258s] Invoking command in '/home/openark/ros2_ws/build/septentrio_gnss_driver': /usr/bin/cmake /home/openark/ros2_ws/src/septentrio_gnss_driver -DCATKIN_INSTALL_INTO_PREFIX_ROOT=0 -DCMAKE_INSTALL_PREFIX=/home/openark/ros2_ws/install/septentrio_gnss_driver
[0.284s] CMake Error at CMakeLists.txt:19 (find_package):
[0.285s]   By not providing "Findcatkin.cmake" in CMAKE_MODULE_PATH this project has
[0.285s]   asked CMake to find a package configuration file provided by "catkin", but
[0.286s]   CMake did not find one.
[0.286s] 
[0.286s]   Could not find a package configuration file provided by "catkin" with any
[0.287s]   of the following names:
[0.287s] 
[0.287s]     catkinConfig.cmake
[0.288s]     catkin-config.cmake
[0.288s] 
[0.289s]   Add the installation prefix of "catkin" to CMAKE_PREFIX_PATH or set
[0.289s]   "catkin_DIR" to a directory containing one of the above files.  If "catkin"
[0.290s]   provides a separate development package or SDK, be sure it has been
[0.290s]   installed.
[0.291s] 
[0.292s] 
[0.292s] -- Configuring incomplete, errors occurred!
[0.292s] See also "/home/openark/ros2_ws/build/septentrio_gnss_driver/CMakeFiles/CMakeOutput.log".
[0.293s] See also "/home/openark/ros2_ws/build/septentrio_gnss_driver/CMakeFiles/CMakeError.log".
[0.294s] Invoked command in '/home/openark/ros2_ws/build/septentrio_gnss_driver' returned '1': /usr/bin/cmake /home/openark/ros2_ws/src/septentrio_gnss_driver -DCATKIN_INSTALL_INTO_PREFIX_ROOT=0 -DCMAKE_INSTALL_PREFIX=/home/openark/ros2_ws/install/septentrio_gnss_driver
