Performing C SOURCE FILE Test CMAKE_HAVE_LIBC_PTHREAD failed with the following output:
Change Dir: /home/openark/ros2_ws/src/build/examples_rclcpp_multithreaded_executor/CMakeFiles/CMakeTmp

<<<<<<< HEAD
Run Build Command(s):/usr/bin/make cmTC_13651/fast && /usr/bin/make -f CMakeFiles/cmTC_13651.dir/build.make CMakeFiles/cmTC_13651.dir/build
make[1]: Entering directory '/home/openark/ros2_ws/src/build/examples_rclcpp_multithreaded_executor/CMakeFiles/CMakeTmp'
Building C object CMakeFiles/cmTC_13651.dir/src.c.o
/usr/bin/cc   -DCMAKE_HAVE_LIBC_PTHREAD   -o CMakeFiles/cmTC_13651.dir/src.c.o   -c /home/openark/ros2_ws/src/build/examples_rclcpp_multithreaded_executor/CMakeFiles/CMakeTmp/src.c
Linking C executable cmTC_13651
/usr/bin/cmake -E cmake_link_script CMakeFiles/cmTC_13651.dir/link.txt --verbose=1
/usr/bin/cc  -DCMAKE_HAVE_LIBC_PTHREAD    CMakeFiles/cmTC_13651.dir/src.c.o  -o cmTC_13651 
/usr/bin/ld: CMakeFiles/cmTC_13651.dir/src.c.o: in function `main':
=======
Run Build Command(s):/usr/bin/make cmTC_49c10/fast && /usr/bin/make -f CMakeFiles/cmTC_49c10.dir/build.make CMakeFiles/cmTC_49c10.dir/build
make[1]: Entering directory '/home/openark/ros2_ws/src/build/examples_rclcpp_multithreaded_executor/CMakeFiles/CMakeTmp'
Building C object CMakeFiles/cmTC_49c10.dir/src.c.o
/usr/bin/cc   -DCMAKE_HAVE_LIBC_PTHREAD   -o CMakeFiles/cmTC_49c10.dir/src.c.o   -c /home/openark/ros2_ws/src/build/examples_rclcpp_multithreaded_executor/CMakeFiles/CMakeTmp/src.c
Linking C executable cmTC_49c10
/usr/bin/cmake -E cmake_link_script CMakeFiles/cmTC_49c10.dir/link.txt --verbose=1
/usr/bin/cc  -DCMAKE_HAVE_LIBC_PTHREAD    CMakeFiles/cmTC_49c10.dir/src.c.o  -o cmTC_49c10 
/usr/bin/ld: CMakeFiles/cmTC_49c10.dir/src.c.o: in function `main':
>>>>>>> a78d895c08221f1d9ededfbef80db89bbb4edab8
src.c:(.text+0x46): undefined reference to `pthread_create'
/usr/bin/ld: src.c:(.text+0x52): undefined reference to `pthread_detach'
/usr/bin/ld: src.c:(.text+0x63): undefined reference to `pthread_join'
collect2: error: ld returned 1 exit status
<<<<<<< HEAD
make[1]: *** [CMakeFiles/cmTC_13651.dir/build.make:87: cmTC_13651] Error 1
make[1]: Leaving directory '/home/openark/ros2_ws/src/build/examples_rclcpp_multithreaded_executor/CMakeFiles/CMakeTmp'
make: *** [Makefile:121: cmTC_13651/fast] Error 2
=======
make[1]: *** [CMakeFiles/cmTC_49c10.dir/build.make:87: cmTC_49c10] Error 1
make[1]: Leaving directory '/home/openark/ros2_ws/src/build/examples_rclcpp_multithreaded_executor/CMakeFiles/CMakeTmp'
make: *** [Makefile:121: cmTC_49c10/fast] Error 2
>>>>>>> a78d895c08221f1d9ededfbef80db89bbb4edab8


Source file was:
#include <pthread.h>

void* test_func(void* data)
{
  return data;
}

int main(void)
{
  pthread_t thread;
  pthread_create(&thread, NULL, test_func, NULL);
  pthread_detach(thread);
  pthread_join(thread, NULL);
  pthread_atfork(NULL, NULL, NULL);
  pthread_exit(NULL);

  return 0;
}

Determining if the function pthread_create exists in the pthreads failed with the following output:
Change Dir: /home/openark/ros2_ws/src/build/examples_rclcpp_multithreaded_executor/CMakeFiles/CMakeTmp

<<<<<<< HEAD
Run Build Command(s):/usr/bin/make cmTC_fba7d/fast && /usr/bin/make -f CMakeFiles/cmTC_fba7d.dir/build.make CMakeFiles/cmTC_fba7d.dir/build
make[1]: Entering directory '/home/openark/ros2_ws/src/build/examples_rclcpp_multithreaded_executor/CMakeFiles/CMakeTmp'
Building C object CMakeFiles/cmTC_fba7d.dir/CheckFunctionExists.c.o
/usr/bin/cc   -DCHECK_FUNCTION_EXISTS=pthread_create   -o CMakeFiles/cmTC_fba7d.dir/CheckFunctionExists.c.o   -c /usr/share/cmake-3.16/Modules/CheckFunctionExists.c
Linking C executable cmTC_fba7d
/usr/bin/cmake -E cmake_link_script CMakeFiles/cmTC_fba7d.dir/link.txt --verbose=1
/usr/bin/cc  -DCHECK_FUNCTION_EXISTS=pthread_create    CMakeFiles/cmTC_fba7d.dir/CheckFunctionExists.c.o  -o cmTC_fba7d  -lpthreads 
/usr/bin/ld: cannot find -lpthreads
collect2: error: ld returned 1 exit status
make[1]: *** [CMakeFiles/cmTC_fba7d.dir/build.make:87: cmTC_fba7d] Error 1
make[1]: Leaving directory '/home/openark/ros2_ws/src/build/examples_rclcpp_multithreaded_executor/CMakeFiles/CMakeTmp'
make: *** [Makefile:121: cmTC_fba7d/fast] Error 2
=======
Run Build Command(s):/usr/bin/make cmTC_4083e/fast && /usr/bin/make -f CMakeFiles/cmTC_4083e.dir/build.make CMakeFiles/cmTC_4083e.dir/build
make[1]: Entering directory '/home/openark/ros2_ws/src/build/examples_rclcpp_multithreaded_executor/CMakeFiles/CMakeTmp'
Building C object CMakeFiles/cmTC_4083e.dir/CheckFunctionExists.c.o
/usr/bin/cc   -DCHECK_FUNCTION_EXISTS=pthread_create   -o CMakeFiles/cmTC_4083e.dir/CheckFunctionExists.c.o   -c /usr/share/cmake-3.16/Modules/CheckFunctionExists.c
Linking C executable cmTC_4083e
/usr/bin/cmake -E cmake_link_script CMakeFiles/cmTC_4083e.dir/link.txt --verbose=1
/usr/bin/cc  -DCHECK_FUNCTION_EXISTS=pthread_create    CMakeFiles/cmTC_4083e.dir/CheckFunctionExists.c.o  -o cmTC_4083e  -lpthreads 
/usr/bin/ld: cannot find -lpthreads
collect2: error: ld returned 1 exit status
make[1]: *** [CMakeFiles/cmTC_4083e.dir/build.make:87: cmTC_4083e] Error 1
make[1]: Leaving directory '/home/openark/ros2_ws/src/build/examples_rclcpp_multithreaded_executor/CMakeFiles/CMakeTmp'
make: *** [Makefile:121: cmTC_4083e/fast] Error 2
>>>>>>> a78d895c08221f1d9ededfbef80db89bbb4edab8



