[1.890s] Invoking command in '/home/openark/ros2_ws/build/examples_rclcpp_minimal_composition': CMAKE_PREFIX_PATH=${CMAKE_PREFIX_PATH}:/home/openark/ros2_ws/install/septentrio_gnss_driver:/home/openark/ros2_ws/install/examples_rclpy_minimal_subscriber:/home/openark/ros2_ws/install/examples_rclpy_minimal_service:/home/openark/ros2_ws/install/examples_rclpy_minimal_publisher:/home/openark/ros2_ws/install/examples_rclpy_minimal_client:/home/openark/ros2_ws/install/examples_rclpy_minimal_action_server:/home/openark/ros2_ws/install/examples_rclpy_minimal_action_client:/home/openark/ros2_ws/install/examples_rclpy_executors:/home/openark/ros2_ws/src/install/zed_tutorial_pos_tracking:/home/openark/ros2_ws/src/install/examples_rclpy_minimal_subscriber:/home/openark/ros2_ws/src/install/examples_rclpy_minimal_service:/home/openark/ros2_ws/src/install/examples_rclpy_minimal_publisher:/home/openark/ros2_ws/src/install/examples_rclpy_minimal_client:/home/openark/ros2_ws/src/install/examples_rclpy_minimal_action_server:/home/openark/ros2_ws/src/install/examples_rclpy_minimal_action_client:/home/openark/ros2_ws/src/install/examples_rclpy_executors:/opt/ros/foxy /usr/bin/cmake /home/openark/ros2_ws/src/examples/rclcpp/composition/minimal_composition -DCMAKE_INSTALL_PREFIX=/home/openark/ros2_ws/install/examples_rclcpp_minimal_composition
[4.339s] -- The C compiler identification is GNU 9.4.0
[4.339s] -- The CXX compiler identification is GNU 9.4.0
[4.340s] -- Check for working C compiler: /usr/bin/cc
[4.340s] -- Check for working C compiler: /usr/bin/cc -- works
[4.340s] -- Detecting C compiler ABI info
[4.340s] -- Detecting C compiler ABI info - done
[4.340s] -- Detecting C compile features
[4.341s] -- Detecting C compile features - done
[4.341s] -- Check for working CXX compiler: /usr/bin/c++
[4.341s] -- Check for working CXX compiler: /usr/bin/c++ -- works
[4.341s] -- Detecting CXX compiler ABI info
[4.341s] -- Detecting CXX compiler ABI info - done
[4.342s] -- Detecting CXX compile features
[4.342s] -- Detecting CXX compile features - done
[4.343s] -- Found ament_cmake: 0.9.12 (/opt/ros/foxy/share/ament_cmake/cmake)
[4.344s] -- Found PythonInterp: /usr/bin/python3 (found suitable version "3.8.10", minimum required is "3") 
[4.345s] -- Using PYTHON_EXECUTABLE: /usr/bin/python3
[4.346s] -- Found rclcpp: 2.4.3 (/opt/ros/foxy/share/rclcpp/cmake)
[4.347s] -- Using all available rosidl_typesupport_c: rosidl_typesupport_fastrtps_c;rosidl_typesupport_introspection_c
[4.347s] -- Found rosidl_adapter: 1.3.1 (/opt/ros/foxy/share/rosidl_adapter/cmake)
[4.378s] -- Found OpenSSL: /usr/lib/x86_64-linux-gnu/libcrypto.so (found version "1.1.1f")  
[4.464s] -- Found FastRTPS: /opt/ros/foxy/include  
[4.743s] -- Using all available rosidl_typesupport_cpp: rosidl_typesupport_fastrtps_cpp;rosidl_typesupport_introspection_cpp
[4.983s] -- Found rmw_implementation_cmake: 1.0.4 (/opt/ros/foxy/share/rmw_implementation_cmake/cmake)
[4.995s] -- Using RMW implementation 'rmw_fastrtps_cpp' as default
[5.000s] -- Looking for pthread.h
[5.153s] -- Looking for pthread.h - found
[5.154s] -- Performing Test CMAKE_HAVE_LIBC_PTHREAD
[5.417s] -- Performing Test CMAKE_HAVE_LIBC_PTHREAD - Failed
[5.418s] -- Looking for pthread_create in pthreads
[5.556s] -- Looking for pthread_create in pthreads - not found
[5.557s] -- Looking for pthread_create in pthread
[5.752s] -- Looking for pthread_create in pthread - found
[5.755s] -- Found Threads: TRUE  
[6.246s] -- Found rclcpp_components: 2.4.3 (/opt/ros/foxy/share/rclcpp_components/cmake)
[6.464s] -- Found ament_lint_auto: 0.9.8 (/opt/ros/foxy/share/ament_lint_auto/cmake)
[6.746s] -- Added test 'copyright' to check source files copyright and LICENSE
[6.751s] -- Added test 'cppcheck' to perform static code analysis on C / C++ code
[6.751s] -- Configured cppcheck include dirs: /home/openark/ros2_ws/src/examples/rclcpp/composition/minimal_composition/include
[6.752s] -- Configured cppcheck exclude dirs and/or files: 
[6.755s] -- Added test 'cpplint' to check C / C++ code against the Google style
[6.755s] -- Configured cpplint exclude dirs and/or files: 
[6.759s] -- Added test 'lint_cmake' to check CMake code style
[6.764s] -- Added test 'uncrustify' to check C / C++ code style
[6.764s] -- Configured uncrustify additional arguments: 
[6.767s] -- Added test 'xmllint' to check XML markup files
[6.775s] -- Configuring done
[6.957s] -- Generating done
[6.959s] -- Build files have been written to: /home/openark/ros2_ws/build/examples_rclcpp_minimal_composition
[8.707s] Invoked command in '/home/openark/ros2_ws/build/examples_rclcpp_minimal_composition' returned '0': CMAKE_PREFIX_PATH=${CMAKE_PREFIX_PATH}:/home/openark/ros2_ws/install/septentrio_gnss_driver:/home/openark/ros2_ws/install/examples_rclpy_minimal_subscriber:/home/openark/ros2_ws/install/examples_rclpy_minimal_service:/home/openark/ros2_ws/install/examples_rclpy_minimal_publisher:/home/openark/ros2_ws/install/examples_rclpy_minimal_client:/home/openark/ros2_ws/install/examples_rclpy_minimal_action_server:/home/openark/ros2_ws/install/examples_rclpy_minimal_action_client:/home/openark/ros2_ws/install/examples_rclpy_executors:/home/openark/ros2_ws/src/install/zed_tutorial_pos_tracking:/home/openark/ros2_ws/src/install/examples_rclpy_minimal_subscriber:/home/openark/ros2_ws/src/install/examples_rclpy_minimal_service:/home/openark/ros2_ws/src/install/examples_rclpy_minimal_publisher:/home/openark/ros2_ws/src/install/examples_rclpy_minimal_client:/home/openark/ros2_ws/src/install/examples_rclpy_minimal_action_server:/home/openark/ros2_ws/src/install/examples_rclpy_minimal_action_client:/home/openark/ros2_ws/src/install/examples_rclpy_executors:/opt/ros/foxy /usr/bin/cmake /home/openark/ros2_ws/src/examples/rclcpp/composition/minimal_composition -DCMAKE_INSTALL_PREFIX=/home/openark/ros2_ws/install/examples_rclcpp_minimal_composition
[8.709s] Invoking command in '/home/openark/ros2_ws/build/examples_rclcpp_minimal_composition': CMAKE_PREFIX_PATH=${CMAKE_PREFIX_PATH}:/home/openark/ros2_ws/install/septentrio_gnss_driver:/home/openark/ros2_ws/install/examples_rclpy_minimal_subscriber:/home/openark/ros2_ws/install/examples_rclpy_minimal_service:/home/openark/ros2_ws/install/examples_rclpy_minimal_publisher:/home/openark/ros2_ws/install/examples_rclpy_minimal_client:/home/openark/ros2_ws/install/examples_rclpy_minimal_action_server:/home/openark/ros2_ws/install/examples_rclpy_minimal_action_client:/home/openark/ros2_ws/install/examples_rclpy_executors:/home/openark/ros2_ws/src/install/zed_tutorial_pos_tracking:/home/openark/ros2_ws/src/install/examples_rclpy_minimal_subscriber:/home/openark/ros2_ws/src/install/examples_rclpy_minimal_service:/home/openark/ros2_ws/src/install/examples_rclpy_minimal_publisher:/home/openark/ros2_ws/src/install/examples_rclpy_minimal_client:/home/openark/ros2_ws/src/install/examples_rclpy_minimal_action_server:/home/openark/ros2_ws/src/install/examples_rclpy_minimal_action_client:/home/openark/ros2_ws/src/install/examples_rclpy_executors:/opt/ros/foxy /usr/bin/cmake --build /home/openark/ros2_ws/build/examples_rclcpp_minimal_composition -- -j12 -l12
[8.864s] [35m[1mScanning dependencies of target composition_nodes[0m
[9.055s] [ 22%] [32mBuilding CXX object CMakeFiles/composition_nodes.dir/src/subscriber_node.cpp.o[0m
[9.056s] [ 22%] [32mBuilding CXX object CMakeFiles/composition_nodes.dir/src/publisher_node.cpp.o[0m
[25.000s] [ 33%] [32m[1mLinking CXX shared library libcomposition_nodes.so[0m
[26.038s] [ 33%] Built target composition_nodes
[26.130s] [35m[1mScanning dependencies of target composition_composed[0m
[26.132s] [35m[1mScanning dependencies of target composition_subscriber[0m
[26.144s] [35m[1mScanning dependencies of target composition_publisher[0m
[26.360s] [ 44%] [32mBuilding CXX object CMakeFiles/composition_composed.dir/src/composed.cpp.o[0m
[26.385s] [ 55%] [32mBuilding CXX object CMakeFiles/composition_subscriber.dir/src/standalone_subscriber.cpp.o[0m
[26.393s] [ 66%] [32mBuilding CXX object CMakeFiles/composition_publisher.dir/src/standalone_publisher.cpp.o[0m
[31.232s] [ 77%] [32m[1mLinking CXX executable composition_publisher[0m
[31.459s] [ 88%] [32m[1mLinking CXX executable composition_composed[0m
[31.505s] [100%] [32m[1mLinking CXX executable composition_subscriber[0m
[31.570s] [100%] Built target composition_publisher
[31.741s] [100%] Built target composition_composed
[31.854s] [100%] Built target composition_subscriber
[32.689s] Invoked command in '/home/openark/ros2_ws/build/examples_rclcpp_minimal_composition' returned '0': CMAKE_PREFIX_PATH=${CMAKE_PREFIX_PATH}:/home/openark/ros2_ws/install/septentrio_gnss_driver:/home/openark/ros2_ws/install/examples_rclpy_minimal_subscriber:/home/openark/ros2_ws/install/examples_rclpy_minimal_service:/home/openark/ros2_ws/install/examples_rclpy_minimal_publisher:/home/openark/ros2_ws/install/examples_rclpy_minimal_client:/home/openark/ros2_ws/install/examples_rclpy_minimal_action_server:/home/openark/ros2_ws/install/examples_rclpy_minimal_action_client:/home/openark/ros2_ws/install/examples_rclpy_executors:/home/openark/ros2_ws/src/install/zed_tutorial_pos_tracking:/home/openark/ros2_ws/src/install/examples_rclpy_minimal_subscriber:/home/openark/ros2_ws/src/install/examples_rclpy_minimal_service:/home/openark/ros2_ws/src/install/examples_rclpy_minimal_publisher:/home/openark/ros2_ws/src/install/examples_rclpy_minimal_client:/home/openark/ros2_ws/src/install/examples_rclpy_minimal_action_server:/home/openark/ros2_ws/src/install/examples_rclpy_minimal_action_client:/home/openark/ros2_ws/src/install/examples_rclpy_executors:/opt/ros/foxy /usr/bin/cmake --build /home/openark/ros2_ws/build/examples_rclcpp_minimal_composition -- -j12 -l12
[36.455s] Invoking command in '/home/openark/ros2_ws/build/examples_rclcpp_minimal_composition': CMAKE_PREFIX_PATH=${CMAKE_PREFIX_PATH}:/home/openark/ros2_ws/install/septentrio_gnss_driver:/home/openark/ros2_ws/install/examples_rclpy_minimal_subscriber:/home/openark/ros2_ws/install/examples_rclpy_minimal_service:/home/openark/ros2_ws/install/examples_rclpy_minimal_publisher:/home/openark/ros2_ws/install/examples_rclpy_minimal_client:/home/openark/ros2_ws/install/examples_rclpy_minimal_action_server:/home/openark/ros2_ws/install/examples_rclpy_minimal_action_client:/home/openark/ros2_ws/install/examples_rclpy_executors:/home/openark/ros2_ws/src/install/zed_tutorial_pos_tracking:/home/openark/ros2_ws/src/install/examples_rclpy_minimal_subscriber:/home/openark/ros2_ws/src/install/examples_rclpy_minimal_service:/home/openark/ros2_ws/src/install/examples_rclpy_minimal_publisher:/home/openark/ros2_ws/src/install/examples_rclpy_minimal_client:/home/openark/ros2_ws/src/install/examples_rclpy_minimal_action_server:/home/openark/ros2_ws/src/install/examples_rclpy_minimal_action_client:/home/openark/ros2_ws/src/install/examples_rclpy_executors:/opt/ros/foxy /usr/bin/cmake --install /home/openark/ros2_ws/build/examples_rclcpp_minimal_composition
[36.470s] -- Install configuration: ""
[36.470s] -- Installing: /home/openark/ros2_ws/install/examples_rclcpp_minimal_composition/share/examples_rclcpp_minimal_composition/package.dsv
[36.987s] Invoked command in '/home/openark/ros2_ws/build/examples_rclcpp_minimal_composition' returned '0': CMAKE_PREFIX_PATH=${CMAKE_PREFIX_PATH}:/home/openark/ros2_ws/install/septentrio_gnss_driver:/home/openark/ros2_ws/install/examples_rclpy_minimal_subscriber:/home/openark/ros2_ws/install/examples_rclpy_minimal_service:/home/openark/ros2_ws/install/examples_rclpy_minimal_publisher:/home/openark/ros2_ws/install/examples_rclpy_minimal_client:/home/openark/ros2_ws/install/examples_rclpy_minimal_action_server:/home/openark/ros2_ws/install/examples_rclpy_minimal_action_client:/home/openark/ros2_ws/install/examples_rclpy_executors:/home/openark/ros2_ws/src/install/zed_tutorial_pos_tracking:/home/openark/ros2_ws/src/install/examples_rclpy_minimal_subscriber:/home/openark/ros2_ws/src/install/examples_rclpy_minimal_service:/home/openark/ros2_ws/src/install/examples_rclpy_minimal_publisher:/home/openark/ros2_ws/src/install/examples_rclpy_minimal_client:/home/openark/ros2_ws/src/install/examples_rclpy_minimal_action_server:/home/openark/ros2_ws/src/install/examples_rclpy_minimal_action_client:/home/openark/ros2_ws/src/install/examples_rclpy_executors:/opt/ros/foxy /usr/bin/cmake --install /home/openark/ros2_ws/build/examples_rclcpp_minimal_composition
