[1.807s] Invoking command in '/home/openark/ros2_ws/build/rviz_plugin_zed_od': CMAKE_PREFIX_PATH=/home/openark/ros2_ws/install/zed_interfaces:/home/openark/ros2_ws/install/zed_ros2:/home/openark/ros2_ws/install/zed_multi_camera:/home/openark/ros2_ws/install/zed_display_rviz2:/home/openark/ros2_ws/install/zed_wrapper:/home/openark/ros2_ws/install/zed_tutorial_video:/home/openark/ros2_ws/install/zed_tutorial_pos_tracking:/home/openark/ros2_ws/install/zed_tutorial_depth:/home/openark/ros2_ws/install/zed_topic_benchmark_interfaces:/home/openark/ros2_ws/install/zed_rgb_convert:/home/openark/ros2_ws/install/zed_components:/home/openark/ros2_ws/install/rviz_plugin_zed_od:/home/openark/ros2_ws/install/examples_rclpy_minimal_subscriber:/home/openark/ros2_ws/install/examples_rclpy_minimal_service:/home/openark/ros2_ws/install/examples_rclpy_minimal_publisher:/home/openark/ros2_ws/install/examples_rclpy_minimal_client:/home/openark/ros2_ws/install/examples_rclpy_minimal_action_server:/home/openark/ros2_ws/install/examples_rclpy_minimal_action_client:/home/openark/ros2_ws/install/examples_rclpy_executors:/home/openark/ros2_ws/src/install/zed_tutorial_pos_tracking:/home/openark/ros2_ws/src/install/examples_rclpy_minimal_subscriber:/home/openark/ros2_ws/src/install/examples_rclpy_minimal_service:/home/openark/ros2_ws/src/install/examples_rclpy_minimal_publisher:/home/openark/ros2_ws/src/install/examples_rclpy_minimal_client:/home/openark/ros2_ws/src/install/examples_rclpy_minimal_action_server:/home/openark/ros2_ws/src/install/examples_rclpy_minimal_action_client:/home/openark/ros2_ws/src/install/examples_rclpy_executors:/opt/ros/foxy:/home/openark/ros2_ws/install/septentrio_gnss_driver:/home/openark/ros2_ws/install/roar_septentrio_interface:/home/openark/ros2_ws/install/examples_rclcpp_multithreaded_executor:/home/openark/ros2_ws/install/examples_rclcpp_minimal_timer:/home/openark/ros2_ws/install/examples_rclcpp_minimal_subscriber:/home/openark/ros2_ws/install/examples_rclcpp_minimal_service:/home/openark/ros2_ws/install/examples_rclcpp_minimal_publisher:/home/openark/ros2_ws/install/examples_rclcpp_minimal_composition:/home/openark/ros2_ws/install/examples_rclcpp_minimal_client:/home/openark/ros2_ws/install/examples_rclcpp_minimal_action_server:/home/openark/ros2_ws/install/examples_rclcpp_minimal_action_client:/home/openark/ros2_ws/src/install/zed_ros2:/home/openark/ros2_ws/src/install/zed_multi_camera:/home/openark/ros2_ws/src/install/zed_display_rviz2:/home/openark/ros2_ws/src/install/zed_wrapper:/home/openark/ros2_ws/src/install/zed_tutorial_video:/home/openark/ros2_ws/src/install/zed_tutorial_depth:/home/openark/ros2_ws/src/install/zed_topic_benchmark_interfaces:/home/openark/ros2_ws/src/install/zed_rgb_convert:/home/openark/ros2_ws/src/install/zed_components:/home/openark/ros2_ws/src/install/rviz_plugin_zed_od:/home/openark/ros2_ws/src/install/zed_interfaces:/home/openark/ros2_ws/src/install/septentrio_gnss_driver:/home/openark/ros2_ws/src/install/roar_septentrio_interface:/home/openark/ros2_ws/src/install/examples_rclcpp_multithreaded_executor:/home/openark/ros2_ws/src/install/examples_rclcpp_minimal_timer:/home/openark/ros2_ws/src/install/examples_rclcpp_minimal_subscriber:/home/openark/ros2_ws/src/install/examples_rclcpp_minimal_service:/home/openark/ros2_ws/src/install/examples_rclcpp_minimal_publisher:/home/openark/ros2_ws/src/install/examples_rclcpp_minimal_composition:/home/openark/ros2_ws/src/install/examples_rclcpp_minimal_client:/home/openark/ros2_ws/src/install/examples_rclcpp_minimal_action_server:/home/openark/ros2_ws/src/install/examples_rclcpp_minimal_action_client LD_LIBRARY_PATH=/home/openark/ros2_ws/install/zed_interfaces/lib:/lib/x86_64-linux-gnu:/usr/lib/x86_64-linux-gnu:/lib/x86_64-linux-gnu:/usr/lib/x86_64-linux-gnu:/home/openark/ros2_ws/install/zed_topic_benchmark_interfaces/lib:/home/openark/ros2_ws/install/zed_rgb_convert/lib:/home/openark/ros2_ws/install/zed_components/lib:/home/openark/ros2_ws/install/rviz_plugin_zed_od/lib:/home/openark/ros2_ws/install/septentrio_gnss_driver/lib:/home/openark/ros2_ws/install/examples_rclcpp_minimal_composition/lib:/home/openark/ros2_ws/src/install/zed_topic_benchmark_interfaces/lib:/home/openark/ros2_ws/src/install/zed_rgb_convert/lib:/home/openark/ros2_ws/src/install/zed_components/lib:/home/openark/ros2_ws/src/install/rviz_plugin_zed_od/lib:/home/openark/ros2_ws/src/install/zed_interfaces/lib:/home/openark/ros2_ws/src/install/septentrio_gnss_driver/lib:/home/openark/ros2_ws/src/install/examples_rclcpp_minimal_composition/lib:/opt/ros/foxy/opt/yaml_cpp_vendor/lib:/opt/ros/foxy/opt/rviz_ogre_vendor/lib:/opt/ros/foxy/lib/x86_64-linux-gnu:/opt/ros/foxy/lib:/usr/local/cuda-12.2/lib64:/usr/local/cuda-12.2/extras/CUPTI/lib64:/usr/local/cuda-12.2/lib64:/usr/local/cuda-12.2/extras/CUPTI/lib64 PYTHONPATH=/home/openark/ros2_ws/install/zed_interfaces/lib/python3.8/site-packages:/home/openark/ros2_ws/build/examples_rclpy_minimal_subscriber:/home/openark/ros2_ws/build/examples_rclpy_minimal_service:/home/openark/ros2_ws/build/examples_rclpy_minimal_publisher:/home/openark/ros2_ws/build/examples_rclpy_minimal_client:/home/openark/ros2_ws/build/examples_rclpy_minimal_action_server:/home/openark/ros2_ws/build/examples_rclpy_minimal_action_client:/home/openark/ros2_ws/build/examples_rclpy_executors:/home/openark/ros2_ws/install/zed_topic_benchmark_interfaces/lib/python3.8/site-packages:/home/openark/ros2_ws/install/septentrio_gnss_driver/lib/python3.8/site-packages:/home/openark/ros2_ws/install/examples_rclpy_minimal_subscriber/lib/python3.8/site-packages:/home/openark/ros2_ws/install/examples_rclpy_minimal_service/lib/python3.8/site-packages:/home/openark/ros2_ws/install/examples_rclpy_minimal_publisher/lib/python3.8/site-packages:/home/openark/ros2_ws/install/examples_rclpy_minimal_client/lib/python3.8/site-packages:/home/openark/ros2_ws/install/examples_rclpy_minimal_action_server/lib/python3.8/site-packages:/home/openark/ros2_ws/install/examples_rclpy_minimal_action_client/lib/python3.8/site-packages:/home/openark/ros2_ws/install/examples_rclpy_executors/lib/python3.8/site-packages:/home/openark/ros2_ws/src/install/zed_topic_benchmark_interfaces/lib/python3.8/site-packages:/home/openark/ros2_ws/src/install/zed_interfaces/lib/python3.8/site-packages:/home/openark/ros2_ws/src/install/septentrio_gnss_driver/lib/python3.8/site-packages:/home/openark/ros2_ws/src/install/examples_rclpy_minimal_subscriber/lib/python3.8/site-packages:/home/openark/ros2_ws/src/install/examples_rclpy_minimal_service/lib/python3.8/site-packages:/home/openark/ros2_ws/src/install/examples_rclpy_minimal_publisher/lib/python3.8/site-packages:/home/openark/ros2_ws/src/install/examples_rclpy_minimal_client/lib/python3.8/site-packages:/home/openark/ros2_ws/src/install/examples_rclpy_minimal_action_server/lib/python3.8/site-packages:/home/openark/ros2_ws/src/install/examples_rclpy_minimal_action_client/lib/python3.8/site-packages:/home/openark/ros2_ws/src/install/examples_rclpy_executors/lib/python3.8/site-packages:/opt/ros/foxy/lib/python3.8/site-packages /usr/bin/cmake /home/openark/ros2_ws/src/zed-ros2-examples/rviz-plugin-zed-od -DCMAKE_INSTALL_PREFIX=/home/openark/ros2_ws/install/rviz_plugin_zed_od
[1.820s] -- Enabling tests requiring a display
[1.821s] -- Found ament_cmake_auto: 0.9.12 (/opt/ros/foxy/share/ament_cmake_auto/cmake)
[1.871s] -- Using PYTHON_EXECUTABLE: /usr/bin/python3
[2.127s] -- Override CMake install command with custom implementation using symlinks instead of copying resources
[2.222s] -- Setting OGRE_DIR to: '/opt/ros/foxy/share/rviz_ogre_vendor/cmake/../../../opt/rviz_ogre_vendor/lib/OGRE/cmake'
[2.223s] -- Found OGRE
[2.224s] --   static     : OFF
[2.224s] --   components : HLMS;MeshLodGenerator;Overlay;Paging;Property;RTShaderSystem;Terrain;Volume
[2.225s] --   plugins    : Plugin_BSPSceneManager;Plugin_OctreeSceneManager;Plugin_PCZSceneManager;Plugin_ParticleFX;RenderSystem_GL;RenderSystem_GL3Plus;Codec_STBI
[2.225s] --   media      : /opt/ros/foxy/opt/rviz_ogre_vendor/share/OGRE/Media
[2.225s] -- OGRE_LIBRARIES: OgreHLMS;OgreMeshLodGenerator;OgreOverlay;OgrePaging;OgreProperty;OgreRTShaderSystem;OgreTerrain;OgreVolume;OgreMain
[2.225s] -- OGRE_LIBRARY_DIRS: /opt/ros/foxy/opt/rviz_ogre_vendor/lib
[2.225s] -- OGRE_PLUGINS: Plugin_BSPSceneManager;Plugin_OctreeSceneManager;Plugin_PCZSceneManager;Plugin_ParticleFX;RenderSystem_GL;RenderSystem_GL3Plus;Codec_STBI
[2.225s] -- OGRE_PLUGIN_DIR: /opt/ros/foxy/opt/rviz_ogre_vendor/lib/OGRE
[2.225s] -- rviz_ogre_vendor::OgreOverlay for IMPORTED_LOCATION_RELEASE: /opt/ros/foxy/opt/rviz_ogre_vendor/lib/libOgreOverlay.so
[2.226s] -- rviz_ogre_vendor::OgreOverlay for IMPORTED_LOCATION_DEBUG: /opt/ros/foxy/opt/rviz_ogre_vendor/lib/libOgreOverlay.so
[2.226s] -- rviz_ogre_vendor::OgreMain for IMPORTED_LOCATION_RELEASE: /opt/ros/foxy/opt/rviz_ogre_vendor/lib/libOgreMain.so
[2.226s] -- rviz_ogre_vendor::OgreMain for IMPORTED_LOCATION_DEBUG: /opt/ros/foxy/opt/rviz_ogre_vendor/lib/libOgreMain.so
[2.237s] -- Could not find freeimage library
[2.287s] -- rviz_ogre_vendor::RenderSystem_GL for IMPORTED_LOCATION_RELEASE: _render_system_gl_static_library_abs-NOTFOUND
[2.287s] -- rviz_ogre_vendor::RenderSystem_GL for IMPORTED_LOCATION_DEBUG: _render_system_gl_static_library_abs-NOTFOUND
[2.309s] -- Using all available rosidl_typesupport_c: rosidl_typesupport_fastrtps_c;rosidl_typesupport_introspection_c
[2.313s] -- Found rosidl_adapter: 1.3.1 (/opt/ros/foxy/share/rosidl_adapter/cmake)
[2.567s] -- Using all available rosidl_typesupport_cpp: rosidl_typesupport_fastrtps_cpp;rosidl_typesupport_introspection_cpp
[2.833s] -- Found rviz_common: 8.2.8 (/opt/ros/foxy/share/rviz_common/cmake)
[2.848s] -- library: libassimp.so.5
[2.871s] -- library: /usr/lib/x86_64-linux-gnu/libcurl.so
[2.938s] -- Found rmw_implementation_cmake: 1.0.4 (/opt/ros/foxy/share/rmw_implementation_cmake/cmake)
[2.941s] -- Using RMW implementation 'rmw_fastrtps_cpp' as default
[3.586s] -- Setting yaml-cpp_DIR to: '/opt/ros/foxy/share/yaml_cpp_vendor/cmake/../../../opt/yaml_cpp_vendor/lib/cmake/yaml-cpp'
[3.590s] -- Found ament_lint_auto: 0.9.8 (/opt/ros/foxy/share/ament_lint_auto/cmake)
[3.622s] -- Added test 'copyright' to check source files copyright and LICENSE
[3.623s] -- Added test 'cppcheck' to perform static code analysis on C / C++ code
[3.624s] -- Configured cppcheck include dirs: /home/openark/ros2_ws/src/zed-ros2-examples/rviz-plugin-zed-od/src/include;/home/openark/ros2_ws/src/zed-ros2-examples/rviz-plugin-zed-od/src/plugin/include;$<BUILD_INTERFACE:/home/openark/ros2_ws/src/zed-ros2-examples/rviz-plugin-zed-od/include>
[3.624s] -- Configured cppcheck exclude dirs and/or files: 
[3.625s] -- Added test 'cpplint' to check C / C++ code against the Google style
[3.625s] -- Configured cpplint exclude dirs and/or files: 
[3.626s] -- Added test 'lint_cmake' to check CMake code style
[3.627s] -- Added test 'uncrustify' to check C / C++ code style
[3.627s] -- Configured uncrustify additional arguments: 
[3.627s] -- Added test 'xmllint' to check XML markup files
[3.633s] -- Configuring done
[3.691s] -- Generating done
[3.693s] -- Build files have been written to: /home/openark/ros2_ws/build/rviz_plugin_zed_od
