[5.770s] Invoking command in '/home/openark/ros2_ws/src/build/roar_septentrio_interface': CMAKE_PREFIX_PATH=/home/openark/ros2_ws/install/zed_ros2:/home/openark/ros2_ws/install/zed_multi_camera:/home/openark/ros2_ws/install/zed_display_rviz2:/home/openark/ros2_ws/install/zed_wrapper:/home/openark/ros2_ws/install/zed_tutorial_video:/home/openark/ros2_ws/install/zed_tutorial_pos_tracking:/home/openark/ros2_ws/install/zed_tutorial_depth:/home/openark/ros2_ws/install/zed_topic_benchmark_interfaces:/home/openark/ros2_ws/install/zed_rgb_convert:/home/openark/ros2_ws/install/zed_components:/home/openark/ros2_ws/install/rviz_plugin_zed_od:/home/openark/ros2_ws/install/zed_interfaces:/home/openark/ros2_ws/install/examples_rclpy_minimal_subscriber:/home/openark/ros2_ws/install/examples_rclpy_minimal_service:/home/openark/ros2_ws/install/examples_rclpy_minimal_publisher:/home/openark/ros2_ws/install/examples_rclpy_minimal_client:/home/openark/ros2_ws/install/examples_rclpy_minimal_action_server:/home/openark/ros2_ws/install/examples_rclpy_minimal_action_client:/home/openark/ros2_ws/install/examples_rclpy_executors:/opt/ros/foxy:/home/openark/ros2_ws/install/septentrio_gnss_driver:/home/openark/ros2_ws/install/roar_septentrio_interface:/home/openark/ros2_ws/install/examples_rclcpp_multithreaded_executor:/home/openark/ros2_ws/install/examples_rclcpp_minimal_timer:/home/openark/ros2_ws/install/examples_rclcpp_minimal_subscriber:/home/openark/ros2_ws/install/examples_rclcpp_minimal_service:/home/openark/ros2_ws/install/examples_rclcpp_minimal_publisher:/home/openark/ros2_ws/install/examples_rclcpp_minimal_composition:/home/openark/ros2_ws/install/examples_rclcpp_minimal_client:/home/openark/ros2_ws/install/examples_rclcpp_minimal_action_server:/home/openark/ros2_ws/install/examples_rclcpp_minimal_action_client /usr/bin/cmake --build /home/openark/ros2_ws/src/build/roar_septentrio_interface -- -j12 -l12
[6.256s] [ 50%] [32mBuilding CXX object CMakeFiles/roar_septentrio_interface_node.dir/src/roar_septentrio_interface_node.cpp.o[0m
[9.133s] In file included from [01m[K/opt/ros/foxy/include/rclcpp/service.hpp:34[m[K,
[9.136s]                  from [01m[K/opt/ros/foxy/include/rclcpp/callback_group.hpp:25[m[K,
[9.140s]                  from [01m[K/opt/ros/foxy/include/rclcpp/any_executable.hpp:20[m[K,
[9.142s]                  from [01m[K/opt/ros/foxy/include/rclcpp/memory_strategy.hpp:24[m[K,
[9.151s]                  from [01m[K/opt/ros/foxy/include/rclcpp/memory_strategies.hpp:18[m[K,
[9.152s]                  from [01m[K/opt/ros/foxy/include/rclcpp/executor_options.hpp:20[m[K,
[9.152s]                  from [01m[K/opt/ros/foxy/include/rclcpp/executor.hpp:33[m[K,
[9.152s]                  from [01m[K/opt/ros/foxy/include/rclcpp/executors/multi_threaded_executor.hpp:26[m[K,
[9.152s]                  from [01m[K/opt/ros/foxy/include/rclcpp/executors.hpp:21[m[K,
[9.153s]                  from [01m[K/opt/ros/foxy/include/rclcpp/rclcpp.hpp:146[m[K,
[9.153s]                  from [01m[K/home/openark/ros2_ws/src/roar_septentrio_interface/include/roar_septentrio_interface/roar_septentrio_interface_node.hpp:5[m[K,
[9.153s]                  from [01m[K/home/openark/ros2_ws/src/roar_septentrio_interface/src/roar_septentrio_interface_node.cpp:1[m[K:
[9.153s] [01m[K/home/openark/ros2_ws/src/roar_septentrio_interface/src/roar_septentrio_interface_node.cpp:[m[K In member function ‘[01m[Kvoid ROAR::SeptentrioInterface::SeptentrioInterfaceNode::gps_callback(gps_msgs::msg::GPSFix_<std::allocator<void> >::SharedPtr)[m[K’:
[9.154s] [01m[K/home/openark/ros2_ws/src/roar_septentrio_interface/src/roar_septentrio_interface_node.cpp:104:66:[m[K [01;31m[Kerror: [m[K‘[01m[Kusing element_type = struct gps_msgs::msg::GPSFix_<std::allocator<void> >[m[K’ {aka ‘[01m[Kstruct gps_msgs::msg::GPSFix_<std::allocator<void> >[m[K’} has no member named ‘[01m[Klatitue[m[K’; did you mean ‘[01m[Klatitude[m[K’?
[9.154s]   104 |                                             << "\nGPS: " << msg->[01;31m[Klatitue[m[K << de << ", " << msg->longitud", " << msg->altitude
[9.154s]       |                                                                  [01;31m[K^~~~~~~[m[K
[9.154s] [01m[K/home/openark/ros2_ws/src/roar_septentrio_interface/src/roar_septentrio_interface_node.cpp:104:77:[m[K [01;31m[Kerror: [m[K‘[01m[Kde[m[K’ was not declared in this scope; did you mean ‘[01m[KNode[m[K’?
[9.154s]   104 |                                             << "\nGPS: " << msg->latitue << [01;31m[Kde[m[K << ", " << msg->longitud", " << msg->altitude
[9.154s]       |                                                                             [01;31m[K^~[m[K
[9.154s] [01m[K/home/openark/ros2_ws/src/roar_septentrio_interface/src/roar_septentrio_interface_node.cpp:104:96:[m[K [01;31m[Kerror: [m[K‘[01m[Kusing element_type = struct gps_msgs::msg::GPSFix_<std::allocator<void> >[m[K’ {aka ‘[01m[Kstruct gps_msgs::msg::GPSFix_<std::allocator<void> >[m[K’} has no member named ‘[01m[Klongitud[m[K’; did you mean ‘[01m[Klongitude[m[K’?
[9.155s]   104 |                                             << "\nGPS: " << msg->latitue << de << ", " << msg->[01;31m[Klongitud[m[K", " << msg->altitude
[9.155s]       |                                                                                                [01;31m[K^~~~~~~~[m[K
[11.870s] make[2]: *** [CMakeFiles/roar_septentrio_interface_node.dir/build.make:63: CMakeFiles/roar_septentrio_interface_node.dir/src/roar_septentrio_interface_node.cpp.o] Error 1
[11.871s] make[1]: *** [CMakeFiles/Makefile2:78: CMakeFiles/roar_septentrio_interface_node.dir/all] Error 2
[11.871s] make: *** [Makefile:141: all] Error 2
[13.031s] Invoked command in '/home/openark/ros2_ws/src/build/roar_septentrio_interface' returned '2': CMAKE_PREFIX_PATH=/home/openark/ros2_ws/install/zed_ros2:/home/openark/ros2_ws/install/zed_multi_camera:/home/openark/ros2_ws/install/zed_display_rviz2:/home/openark/ros2_ws/install/zed_wrapper:/home/openark/ros2_ws/install/zed_tutorial_video:/home/openark/ros2_ws/install/zed_tutorial_pos_tracking:/home/openark/ros2_ws/install/zed_tutorial_depth:/home/openark/ros2_ws/install/zed_topic_benchmark_interfaces:/home/openark/ros2_ws/install/zed_rgb_convert:/home/openark/ros2_ws/install/zed_components:/home/openark/ros2_ws/install/rviz_plugin_zed_od:/home/openark/ros2_ws/install/zed_interfaces:/home/openark/ros2_ws/install/examples_rclpy_minimal_subscriber:/home/openark/ros2_ws/install/examples_rclpy_minimal_service:/home/openark/ros2_ws/install/examples_rclpy_minimal_publisher:/home/openark/ros2_ws/install/examples_rclpy_minimal_client:/home/openark/ros2_ws/install/examples_rclpy_minimal_action_server:/home/openark/ros2_ws/install/examples_rclpy_minimal_action_client:/home/openark/ros2_ws/install/examples_rclpy_executors:/opt/ros/foxy:/home/openark/ros2_ws/install/septentrio_gnss_driver:/home/openark/ros2_ws/install/roar_septentrio_interface:/home/openark/ros2_ws/install/examples_rclcpp_multithreaded_executor:/home/openark/ros2_ws/install/examples_rclcpp_minimal_timer:/home/openark/ros2_ws/install/examples_rclcpp_minimal_subscriber:/home/openark/ros2_ws/install/examples_rclcpp_minimal_service:/home/openark/ros2_ws/install/examples_rclcpp_minimal_publisher:/home/openark/ros2_ws/install/examples_rclcpp_minimal_composition:/home/openark/ros2_ws/install/examples_rclcpp_minimal_client:/home/openark/ros2_ws/install/examples_rclcpp_minimal_action_server:/home/openark/ros2_ws/install/examples_rclcpp_minimal_action_client /usr/bin/cmake --build /home/openark/ros2_ws/src/build/roar_septentrio_interface -- -j12 -l12
