[3.692s] Invoking command in '/home/openark/ros2_ws/build/roar_septentrio_interface': CMAKE_PREFIX_PATH=${CMAKE_PREFIX_PATH}:/home/openark/ros2_ws/install/examples_rclpy_minimal_subscriber:/home/openark/ros2_ws/install/examples_rclpy_minimal_service:/home/openark/ros2_ws/install/examples_rclpy_minimal_publisher:/home/openark/ros2_ws/install/examples_rclpy_minimal_client:/home/openark/ros2_ws/install/examples_rclpy_minimal_action_server:/home/openark/ros2_ws/install/examples_rclpy_minimal_action_client:/home/openark/ros2_ws/install/examples_rclpy_executors:/home/openark/ros2_ws/src/install/examples_rclpy_minimal_subscriber:/home/openark/ros2_ws/src/install/examples_rclpy_minimal_service:/home/openark/ros2_ws/src/install/examples_rclpy_minimal_publisher:/home/openark/ros2_ws/src/install/examples_rclpy_minimal_client:/home/openark/ros2_ws/src/install/examples_rclpy_minimal_action_server:/home/openark/ros2_ws/src/install/examples_rclpy_minimal_action_client:/home/openark/ros2_ws/src/install/examples_rclpy_executors:/opt/ros/foxy /usr/bin/cmake --build /home/openark/ros2_ws/build/roar_septentrio_interface -- -j12 -l12
[3.795s] [100%] Built target roar_septentrio_interface_node
[4.122s] Invoked command in '/home/openark/ros2_ws/build/roar_septentrio_interface' returned '0': CMAKE_PREFIX_PATH=${CMAKE_PREFIX_PATH}:/home/openark/ros2_ws/install/examples_rclpy_minimal_subscriber:/home/openark/ros2_ws/install/examples_rclpy_minimal_service:/home/openark/ros2_ws/install/examples_rclpy_minimal_publisher:/home/openark/ros2_ws/install/examples_rclpy_minimal_client:/home/openark/ros2_ws/install/examples_rclpy_minimal_action_server:/home/openark/ros2_ws/install/examples_rclpy_minimal_action_client:/home/openark/ros2_ws/install/examples_rclpy_executors:/home/openark/ros2_ws/src/install/examples_rclpy_minimal_subscriber:/home/openark/ros2_ws/src/install/examples_rclpy_minimal_service:/home/openark/ros2_ws/src/install/examples_rclpy_minimal_publisher:/home/openark/ros2_ws/src/install/examples_rclpy_minimal_client:/home/openark/ros2_ws/src/install/examples_rclpy_minimal_action_server:/home/openark/ros2_ws/src/install/examples_rclpy_minimal_action_client:/home/openark/ros2_ws/src/install/examples_rclpy_executors:/opt/ros/foxy /usr/bin/cmake --build /home/openark/ros2_ws/build/roar_septentrio_interface -- -j12 -l12
[4.837s] Invoking command in '/home/openark/ros2_ws/build/roar_septentrio_interface': CMAKE_PREFIX_PATH=${CMAKE_PREFIX_PATH}:/home/openark/ros2_ws/install/examples_rclpy_minimal_subscriber:/home/openark/ros2_ws/install/examples_rclpy_minimal_service:/home/openark/ros2_ws/install/examples_rclpy_minimal_publisher:/home/openark/ros2_ws/install/examples_rclpy_minimal_client:/home/openark/ros2_ws/install/examples_rclpy_minimal_action_server:/home/openark/ros2_ws/install/examples_rclpy_minimal_action_client:/home/openark/ros2_ws/install/examples_rclpy_executors:/home/openark/ros2_ws/src/install/examples_rclpy_minimal_subscriber:/home/openark/ros2_ws/src/install/examples_rclpy_minimal_service:/home/openark/ros2_ws/src/install/examples_rclpy_minimal_publisher:/home/openark/ros2_ws/src/install/examples_rclpy_minimal_client:/home/openark/ros2_ws/src/install/examples_rclpy_minimal_action_server:/home/openark/ros2_ws/src/install/examples_rclpy_minimal_action_client:/home/openark/ros2_ws/src/install/examples_rclpy_executors:/opt/ros/foxy /usr/bin/cmake --install /home/openark/ros2_ws/build/roar_septentrio_interface
[4.860s] -- Install configuration: ""
[4.861s] -- Up-to-date: /home/openark/ros2_ws/install/roar_septentrio_interface/lib/roar_septentrio_interface/roar_septentrio_interface_node
[4.862s] -- Up-to-date: /home/openark/ros2_ws/install/roar_septentrio_interface/share/roar_septentrio_interface/include
[4.867s] -- Up-to-date: /home/openark/ros2_ws/install/roar_septentrio_interface/share/roar_septentrio_interface/include/.gitkeep
[4.868s] -- Up-to-date: /home/openark/ros2_ws/install/roar_septentrio_interface/share/roar_septentrio_interface/include/roar_septentrio_interface
[4.869s] -- Up-to-date: /home/openark/ros2_ws/install/roar_septentrio_interface/share/roar_septentrio_interface/include/roar_septentrio_interface/roar_septentrio_interface_node.hpp
[4.869s] -- Up-to-date: /home/openark/ros2_ws/install/roar_septentrio_interface/share/roar_septentrio_interface/launch
[4.872s] -- Up-to-date: /home/openark/ros2_ws/install/roar_septentrio_interface/share/roar_septentrio_interface/launch/interface.launch.py
[4.875s] -- Up-to-date: /home/openark/ros2_ws/install/roar_septentrio_interface/share/roar_septentrio_interface/launch/.gitkeep
[4.876s] -- Up-to-date: /home/openark/ros2_ws/install/roar_septentrio_interface/share/roar_septentrio_interface/param
[4.876s] -- Up-to-date: /home/openark/ros2_ws/install/roar_septentrio_interface/share/roar_septentrio_interface/param/.gitkeep
[4.876s] -- Up-to-date: /home/openark/ros2_ws/install/roar_septentrio_interface/share/roar_septentrio_interface/param/config.yaml
[4.877s] -- Up-to-date: /home/openark/ros2_ws/install/roar_septentrio_interface/share/ament_index/resource_index/package_run_dependencies/roar_septentrio_interface
[4.878s] -- Up-to-date: /home/openark/ros2_ws/install/roar_septentrio_interface/share/ament_index/resource_index/parent_prefix_path/roar_septentrio_interface
[4.879s] -- Up-to-date: /home/openark/ros2_ws/install/roar_septentrio_interface/share/roar_septentrio_interface/environment/ament_prefix_path.sh
[4.881s] -- Up-to-date: /home/openark/ros2_ws/install/roar_septentrio_interface/share/roar_septentrio_interface/environment/ament_prefix_path.dsv
[4.885s] -- Up-to-date: /home/openark/ros2_ws/install/roar_septentrio_interface/share/roar_septentrio_interface/environment/path.sh
[4.885s] -- Up-to-date: /home/openark/ros2_ws/install/roar_septentrio_interface/share/roar_septentrio_interface/environment/path.dsv
[4.886s] -- Up-to-date: /home/openark/ros2_ws/install/roar_septentrio_interface/share/roar_septentrio_interface/local_setup.bash
[4.886s] -- Up-to-date: /home/openark/ros2_ws/install/roar_septentrio_interface/share/roar_septentrio_interface/local_setup.sh
[4.886s] -- Up-to-date: /home/openark/ros2_ws/install/roar_septentrio_interface/share/roar_septentrio_interface/local_setup.zsh
[4.886s] -- Up-to-date: /home/openark/ros2_ws/install/roar_septentrio_interface/share/roar_septentrio_interface/local_setup.dsv
[4.887s] -- Installing: /home/openark/ros2_ws/install/roar_septentrio_interface/share/roar_septentrio_interface/package.dsv
[4.887s] -- Up-to-date: /home/openark/ros2_ws/install/roar_septentrio_interface/share/ament_index/resource_index/packages/roar_septentrio_interface
[4.887s] -- Up-to-date: /home/openark/ros2_ws/install/roar_septentrio_interface/share/roar_septentrio_interface/cmake/roar_septentrio_interfaceConfig.cmake
[4.888s] -- Up-to-date: /home/openark/ros2_ws/install/roar_septentrio_interface/share/roar_septentrio_interface/cmake/roar_septentrio_interfaceConfig-version.cmake
[4.888s] -- Up-to-date: /home/openark/ros2_ws/install/roar_septentrio_interface/share/roar_septentrio_interface/package.xml
[4.931s] Invoked command in '/home/openark/ros2_ws/build/roar_septentrio_interface' returned '0': CMAKE_PREFIX_PATH=${CMAKE_PREFIX_PATH}:/home/openark/ros2_ws/install/examples_rclpy_minimal_subscriber:/home/openark/ros2_ws/install/examples_rclpy_minimal_service:/home/openark/ros2_ws/install/examples_rclpy_minimal_publisher:/home/openark/ros2_ws/install/examples_rclpy_minimal_client:/home/openark/ros2_ws/install/examples_rclpy_minimal_action_server:/home/openark/ros2_ws/install/examples_rclpy_minimal_action_client:/home/openark/ros2_ws/install/examples_rclpy_executors:/home/openark/ros2_ws/src/install/examples_rclpy_minimal_subscriber:/home/openark/ros2_ws/src/install/examples_rclpy_minimal_service:/home/openark/ros2_ws/src/install/examples_rclpy_minimal_publisher:/home/openark/ros2_ws/src/install/examples_rclpy_minimal_client:/home/openark/ros2_ws/src/install/examples_rclpy_minimal_action_server:/home/openark/ros2_ws/src/install/examples_rclpy_minimal_action_client:/home/openark/ros2_ws/src/install/examples_rclpy_executors:/opt/ros/foxy /usr/bin/cmake --install /home/openark/ros2_ws/build/roar_septentrio_interface
