[0.367s] Invoking command in '/home/openark/ros2_ws/build/zed_multi_camera': CMAKE_PREFIX_PATH=/home/openark/ros2_ws/install/zed_wrapper:/home/openark/ros2_ws/install/zed_components:/home/openark/ros2_ws/install/zed_interfaces:/home/openark/ros2_ws/install/zed_ros2:/home/openark/ros2_ws/install/examples_rclcpp_multithreaded_executor:/home/openark/ros2_ws/install/examples_rclcpp_minimal_timer:/home/openark/ros2_ws/install/examples_rclcpp_minimal_subscriber:/home/openark/ros2_ws/install/examples_rclcpp_minimal_service:/home/openark/ros2_ws/install/examples_rclcpp_minimal_publisher:/home/openark/ros2_ws/install/examples_rclcpp_minimal_composition:/home/openark/ros2_ws/install/examples_rclcpp_minimal_client:/home/openark/ros2_ws/install/examples_rclcpp_minimal_action_server:/home/openark/ros2_ws/install/examples_rclcpp_minimal_action_client:/home/openark/ros2_ws/install/examples_rclpy_minimal_subscriber:/home/openark/ros2_ws/install/examples_rclpy_minimal_service:/home/openark/ros2_ws/install/examples_rclpy_minimal_publisher:/home/openark/ros2_ws/install/examples_rclpy_minimal_client:/home/openark/ros2_ws/install/examples_rclpy_minimal_action_server:/home/openark/ros2_ws/install/examples_rclpy_minimal_action_client:/home/openark/ros2_ws/install/examples_rclpy_executors:/opt/ros/foxy /usr/bin/cmake /home/openark/ros2_ws/src/zed-ros2-examples/tutorials/zed_multi_camera -DCMAKE_BUILD_TYPE=Release -DAMENT_CMAKE_SYMLINK_INSTALL=1 -DCMAKE_INSTALL_PREFIX=/home/openark/ros2_ws/install/zed_multi_camera
[0.424s] -- The C compiler identification is GNU 9.4.0
[0.487s] -- The CXX compiler identification is GNU 9.4.0
[0.494s] -- Check for working C compiler: /usr/bin/cc
[0.577s] -- Check for working C compiler: /usr/bin/cc -- works
[0.577s] -- Detecting C compiler ABI info
[0.663s] -- Detecting C compiler ABI info - done
[0.677s] -- Detecting C compile features
[0.677s] -- Detecting C compile features - done
[0.682s] -- Check for working CXX compiler: /usr/bin/c++
[0.787s] -- Check for working CXX compiler: /usr/bin/c++ -- works
[0.790s] -- Detecting CXX compiler ABI info
[0.890s] -- Detecting CXX compiler ABI info - done
[0.912s] -- Detecting CXX compile features
[0.912s] -- Detecting CXX compile features - done
[0.912s] -- Found ament_cmake_auto: 0.9.12 (/opt/ros/foxy/share/ament_cmake_auto/cmake)
[0.963s] -- Found PythonInterp: /usr/bin/python3 (found suitable version "3.8.10", minimum required is "3") 
[0.963s] -- Using PYTHON_EXECUTABLE: /usr/bin/python3
[1.200s] -- Override CMake install command with custom implementation using symlinks instead of copying resources
[1.332s] -- Found ament_lint_auto: 0.9.8 (/opt/ros/foxy/share/ament_lint_auto/cmake)
[1.383s] -- Added test 'copyright' to check source files copyright and LICENSE
[1.385s] -- Added test 'flake8' to check Python code syntax and style conventions
[1.386s] -- Added test 'lint_cmake' to check CMake code style
[1.386s] -- Added test 'pep257' to check Python code against some of the style conventions in PEP 257
[1.388s] -- Added test 'xmllint' to check XML markup files
[1.391s] -- Configuring done
[1.393s] -- Generating done
[1.394s] -- Build files have been written to: /home/openark/ros2_ws/build/zed_multi_camera
[1.398s] Invoked command in '/home/openark/ros2_ws/build/zed_multi_camera' returned '0': CMAKE_PREFIX_PATH=/home/openark/ros2_ws/install/zed_wrapper:/home/openark/ros2_ws/install/zed_components:/home/openark/ros2_ws/install/zed_interfaces:/home/openark/ros2_ws/install/zed_ros2:/home/openark/ros2_ws/install/examples_rclcpp_multithreaded_executor:/home/openark/ros2_ws/install/examples_rclcpp_minimal_timer:/home/openark/ros2_ws/install/examples_rclcpp_minimal_subscriber:/home/openark/ros2_ws/install/examples_rclcpp_minimal_service:/home/openark/ros2_ws/install/examples_rclcpp_minimal_publisher:/home/openark/ros2_ws/install/examples_rclcpp_minimal_composition:/home/openark/ros2_ws/install/examples_rclcpp_minimal_client:/home/openark/ros2_ws/install/examples_rclcpp_minimal_action_server:/home/openark/ros2_ws/install/examples_rclcpp_minimal_action_client:/home/openark/ros2_ws/install/examples_rclpy_minimal_subscriber:/home/openark/ros2_ws/install/examples_rclpy_minimal_service:/home/openark/ros2_ws/install/examples_rclpy_minimal_publisher:/home/openark/ros2_ws/install/examples_rclpy_minimal_client:/home/openark/ros2_ws/install/examples_rclpy_minimal_action_server:/home/openark/ros2_ws/install/examples_rclpy_minimal_action_client:/home/openark/ros2_ws/install/examples_rclpy_executors:/opt/ros/foxy /usr/bin/cmake /home/openark/ros2_ws/src/zed-ros2-examples/tutorials/zed_multi_camera -DCMAKE_BUILD_TYPE=Release -DAMENT_CMAKE_SYMLINK_INSTALL=1 -DCMAKE_INSTALL_PREFIX=/home/openark/ros2_ws/install/zed_multi_camera
[1.403s] Invoking command in '/home/openark/ros2_ws/build/zed_multi_camera': CMAKE_PREFIX_PATH=/home/openark/ros2_ws/install/zed_wrapper:/home/openark/ros2_ws/install/zed_components:/home/openark/ros2_ws/install/zed_interfaces:/home/openark/ros2_ws/install/zed_ros2:/home/openark/ros2_ws/install/examples_rclcpp_multithreaded_executor:/home/openark/ros2_ws/install/examples_rclcpp_minimal_timer:/home/openark/ros2_ws/install/examples_rclcpp_minimal_subscriber:/home/openark/ros2_ws/install/examples_rclcpp_minimal_service:/home/openark/ros2_ws/install/examples_rclcpp_minimal_publisher:/home/openark/ros2_ws/install/examples_rclcpp_minimal_composition:/home/openark/ros2_ws/install/examples_rclcpp_minimal_client:/home/openark/ros2_ws/install/examples_rclcpp_minimal_action_server:/home/openark/ros2_ws/install/examples_rclcpp_minimal_action_client:/home/openark/ros2_ws/install/examples_rclpy_minimal_subscriber:/home/openark/ros2_ws/install/examples_rclpy_minimal_service:/home/openark/ros2_ws/install/examples_rclpy_minimal_publisher:/home/openark/ros2_ws/install/examples_rclpy_minimal_client:/home/openark/ros2_ws/install/examples_rclpy_minimal_action_server:/home/openark/ros2_ws/install/examples_rclpy_minimal_action_client:/home/openark/ros2_ws/install/examples_rclpy_executors:/opt/ros/foxy /usr/bin/cmake --build /home/openark/ros2_ws/build/zed_multi_camera -- -j12 -l12
[1.448s] Invoked command in '/home/openark/ros2_ws/build/zed_multi_camera' returned '0': CMAKE_PREFIX_PATH=/home/openark/ros2_ws/install/zed_wrapper:/home/openark/ros2_ws/install/zed_components:/home/openark/ros2_ws/install/zed_interfaces:/home/openark/ros2_ws/install/zed_ros2:/home/openark/ros2_ws/install/examples_rclcpp_multithreaded_executor:/home/openark/ros2_ws/install/examples_rclcpp_minimal_timer:/home/openark/ros2_ws/install/examples_rclcpp_minimal_subscriber:/home/openark/ros2_ws/install/examples_rclcpp_minimal_service:/home/openark/ros2_ws/install/examples_rclcpp_minimal_publisher:/home/openark/ros2_ws/install/examples_rclcpp_minimal_composition:/home/openark/ros2_ws/install/examples_rclcpp_minimal_client:/home/openark/ros2_ws/install/examples_rclcpp_minimal_action_server:/home/openark/ros2_ws/install/examples_rclcpp_minimal_action_client:/home/openark/ros2_ws/install/examples_rclpy_minimal_subscriber:/home/openark/ros2_ws/install/examples_rclpy_minimal_service:/home/openark/ros2_ws/install/examples_rclpy_minimal_publisher:/home/openark/ros2_ws/install/examples_rclpy_minimal_client:/home/openark/ros2_ws/install/examples_rclpy_minimal_action_server:/home/openark/ros2_ws/install/examples_rclpy_minimal_action_client:/home/openark/ros2_ws/install/examples_rclpy_executors:/opt/ros/foxy /usr/bin/cmake --build /home/openark/ros2_ws/build/zed_multi_camera -- -j12 -l12
[1.477s] Invoking command in '/home/openark/ros2_ws/build/zed_multi_camera': CMAKE_PREFIX_PATH=/home/openark/ros2_ws/install/zed_wrapper:/home/openark/ros2_ws/install/zed_components:/home/openark/ros2_ws/install/zed_interfaces:/home/openark/ros2_ws/install/zed_ros2:/home/openark/ros2_ws/install/examples_rclcpp_multithreaded_executor:/home/openark/ros2_ws/install/examples_rclcpp_minimal_timer:/home/openark/ros2_ws/install/examples_rclcpp_minimal_subscriber:/home/openark/ros2_ws/install/examples_rclcpp_minimal_service:/home/openark/ros2_ws/install/examples_rclcpp_minimal_publisher:/home/openark/ros2_ws/install/examples_rclcpp_minimal_composition:/home/openark/ros2_ws/install/examples_rclcpp_minimal_client:/home/openark/ros2_ws/install/examples_rclcpp_minimal_action_server:/home/openark/ros2_ws/install/examples_rclcpp_minimal_action_client:/home/openark/ros2_ws/install/examples_rclpy_minimal_subscriber:/home/openark/ros2_ws/install/examples_rclpy_minimal_service:/home/openark/ros2_ws/install/examples_rclpy_minimal_publisher:/home/openark/ros2_ws/install/examples_rclpy_minimal_client:/home/openark/ros2_ws/install/examples_rclpy_minimal_action_server:/home/openark/ros2_ws/install/examples_rclpy_minimal_action_client:/home/openark/ros2_ws/install/examples_rclpy_executors:/opt/ros/foxy /usr/bin/cmake --install /home/openark/ros2_ws/build/zed_multi_camera
[1.487s] -- Install configuration: "Release"
[1.487s] -- Execute custom install script
[1.488s] -- Symlinking: /home/openark/ros2_ws/install/zed_multi_camera/share/zed_multi_camera/launch/zed_multi_camera.launch.py
[1.499s] -- Symlinking: /home/openark/ros2_ws/install/zed_multi_camera/share/ament_index/resource_index/package_run_dependencies/zed_multi_camera
[1.510s] -- Symlinking: /home/openark/ros2_ws/install/zed_multi_camera/share/ament_index/resource_index/parent_prefix_path/zed_multi_camera
[1.520s] -- Symlinking: /home/openark/ros2_ws/install/zed_multi_camera/share/zed_multi_camera/environment/ament_prefix_path.sh
[1.531s] -- Symlinking: /home/openark/ros2_ws/install/zed_multi_camera/share/zed_multi_camera/environment/ament_prefix_path.dsv
[1.542s] -- Symlinking: /home/openark/ros2_ws/install/zed_multi_camera/share/zed_multi_camera/environment/path.sh
[1.553s] -- Symlinking: /home/openark/ros2_ws/install/zed_multi_camera/share/zed_multi_camera/environment/path.dsv
[1.564s] -- Symlinking: /home/openark/ros2_ws/install/zed_multi_camera/share/zed_multi_camera/local_setup.bash
[1.574s] -- Symlinking: /home/openark/ros2_ws/install/zed_multi_camera/share/zed_multi_camera/local_setup.sh
[1.585s] -- Symlinking: /home/openark/ros2_ws/install/zed_multi_camera/share/zed_multi_camera/local_setup.zsh
[1.596s] -- Symlinking: /home/openark/ros2_ws/install/zed_multi_camera/share/zed_multi_camera/local_setup.dsv
[1.607s] -- Symlinking: /home/openark/ros2_ws/install/zed_multi_camera/share/zed_multi_camera/package.dsv
[1.617s] -- Symlinking: /home/openark/ros2_ws/install/zed_multi_camera/share/ament_index/resource_index/packages/zed_multi_camera
[1.629s] -- Symlinking: /home/openark/ros2_ws/install/zed_multi_camera/share/zed_multi_camera/cmake/zed_multi_cameraConfig.cmake
[1.639s] -- Symlinking: /home/openark/ros2_ws/install/zed_multi_camera/share/zed_multi_camera/cmake/zed_multi_cameraConfig-version.cmake
[1.650s] -- Symlinking: /home/openark/ros2_ws/install/zed_multi_camera/share/zed_multi_camera/package.xml
[1.663s] Invoked command in '/home/openark/ros2_ws/build/zed_multi_camera' returned '0': CMAKE_PREFIX_PATH=/home/openark/ros2_ws/install/zed_wrapper:/home/openark/ros2_ws/install/zed_components:/home/openark/ros2_ws/install/zed_interfaces:/home/openark/ros2_ws/install/zed_ros2:/home/openark/ros2_ws/install/examples_rclcpp_multithreaded_executor:/home/openark/ros2_ws/install/examples_rclcpp_minimal_timer:/home/openark/ros2_ws/install/examples_rclcpp_minimal_subscriber:/home/openark/ros2_ws/install/examples_rclcpp_minimal_service:/home/openark/ros2_ws/install/examples_rclcpp_minimal_publisher:/home/openark/ros2_ws/install/examples_rclcpp_minimal_composition:/home/openark/ros2_ws/install/examples_rclcpp_minimal_client:/home/openark/ros2_ws/install/examples_rclcpp_minimal_action_server:/home/openark/ros2_ws/install/examples_rclcpp_minimal_action_client:/home/openark/ros2_ws/install/examples_rclpy_minimal_subscriber:/home/openark/ros2_ws/install/examples_rclpy_minimal_service:/home/openark/ros2_ws/install/examples_rclpy_minimal_publisher:/home/openark/ros2_ws/install/examples_rclpy_minimal_client:/home/openark/ros2_ws/install/examples_rclpy_minimal_action_server:/home/openark/ros2_ws/install/examples_rclpy_minimal_action_client:/home/openark/ros2_ws/install/examples_rclpy_executors:/opt/ros/foxy /usr/bin/cmake --install /home/openark/ros2_ws/build/zed_multi_camera
