[8.312s] Invoking command in '/home/openark/ros2_ws/src/examples/rclpy/actions/minimal_action_server': PYTHONPATH=/home/openark/ros2_ws/build/examples_rclpy_minimal_action_server/prefix_override:/home/openark/ros2_ws/install/examples_rclpy_minimal_action_server/lib/python3.8/site-packages:${PYTHONPATH} /usr/bin/python3 setup.py egg_info --egg-base ../../../../../build/examples_rclpy_minimal_action_server build --build-base /home/openark/ros2_ws/build/examples_rclpy_minimal_action_server/build install --record /home/openark/ros2_ws/build/examples_rclpy_minimal_action_server/install.log --install-scripts $base/lib/examples_rclpy_minimal_action_server --single-version-externally-managed
[8.813s] running egg_info
[8.814s] writing ../../../../../build/examples_rclpy_minimal_action_server/examples_rclpy_minimal_action_server.egg-info/PKG-INFO
[8.814s] writing dependency_links to ../../../../../build/examples_rclpy_minimal_action_server/examples_rclpy_minimal_action_server.egg-info/dependency_links.txt
[8.814s] writing entry points to ../../../../../build/examples_rclpy_minimal_action_server/examples_rclpy_minimal_action_server.egg-info/entry_points.txt
[8.815s] writing requirements to ../../../../../build/examples_rclpy_minimal_action_server/examples_rclpy_minimal_action_server.egg-info/requires.txt
[8.816s] writing top-level names to ../../../../../build/examples_rclpy_minimal_action_server/examples_rclpy_minimal_action_server.egg-info/top_level.txt
[8.877s] reading manifest file '../../../../../build/examples_rclpy_minimal_action_server/examples_rclpy_minimal_action_server.egg-info/SOURCES.txt'
[8.879s] writing manifest file '../../../../../build/examples_rclpy_minimal_action_server/examples_rclpy_minimal_action_server.egg-info/SOURCES.txt'
[8.880s] running build
[8.881s] running build_py
[8.882s] running install
[8.883s] running install_lib
[8.885s] running install_data
[8.885s] running install_egg_info
[8.888s] removing '/home/openark/ros2_ws/install/examples_rclpy_minimal_action_server/lib/python3.8/site-packages/examples_rclpy_minimal_action_server-0.9.4-py3.8.egg-info' (and everything under it)
[8.889s] Copying ../../../../../build/examples_rclpy_minimal_action_server/examples_rclpy_minimal_action_server.egg-info to /home/openark/ros2_ws/install/examples_rclpy_minimal_action_server/lib/python3.8/site-packages/examples_rclpy_minimal_action_server-0.9.4-py3.8.egg-info
[8.890s] running install_scripts
[8.922s] Installing server script to /home/openark/ros2_ws/install/examples_rclpy_minimal_action_server/lib/examples_rclpy_minimal_action_server
[8.922s] Installing server_defer script to /home/openark/ros2_ws/install/examples_rclpy_minimal_action_server/lib/examples_rclpy_minimal_action_server
[8.925s] Installing server_not_composable script to /home/openark/ros2_ws/install/examples_rclpy_minimal_action_server/lib/examples_rclpy_minimal_action_server
[8.926s] Installing server_queue_goals script to /home/openark/ros2_ws/install/examples_rclpy_minimal_action_server/lib/examples_rclpy_minimal_action_server
[8.927s] Installing server_single_goal script to /home/openark/ros2_ws/install/examples_rclpy_minimal_action_server/lib/examples_rclpy_minimal_action_server
[8.928s] writing list of installed files to '/home/openark/ros2_ws/build/examples_rclpy_minimal_action_server/install.log'
[9.493s] Invoked command in '/home/openark/ros2_ws/src/examples/rclpy/actions/minimal_action_server' returned '0': PYTHONPATH=/home/openark/ros2_ws/build/examples_rclpy_minimal_action_server/prefix_override:/home/openark/ros2_ws/install/examples_rclpy_minimal_action_server/lib/python3.8/site-packages:${PYTHONPATH} /usr/bin/python3 setup.py egg_info --egg-base ../../../../../build/examples_rclpy_minimal_action_server build --build-base /home/openark/ros2_ws/build/examples_rclpy_minimal_action_server/build install --record /home/openark/ros2_ws/build/examples_rclpy_minimal_action_server/install.log --install-scripts $base/lib/examples_rclpy_minimal_action_server --single-version-externally-managed
