Performing C SOURCE FILE Test CMAKE_HAVE_LIBC_PTHREAD failed with the following output:
Change Dir: /home/openark/ros2_ws/src/build/examples_rclcpp_minimal_client/CMakeFiles/CMakeTmp

<<<<<<< HEAD
Run Build Command(s):/usr/bin/make cmTC_fd70b/fast && /usr/bin/make -f CMakeFiles/cmTC_fd70b.dir/build.make CMakeFiles/cmTC_fd70b.dir/build
make[1]: Entering directory '/home/openark/ros2_ws/src/build/examples_rclcpp_minimal_client/CMakeFiles/CMakeTmp'
Building C object CMakeFiles/cmTC_fd70b.dir/src.c.o
/usr/bin/cc   -DCMAKE_HAVE_LIBC_PTHREAD   -o CMakeFiles/cmTC_fd70b.dir/src.c.o   -c /home/openark/ros2_ws/src/build/examples_rclcpp_minimal_client/CMakeFiles/CMakeTmp/src.c
Linking C executable cmTC_fd70b
/usr/bin/cmake -E cmake_link_script CMakeFiles/cmTC_fd70b.dir/link.txt --verbose=1
/usr/bin/cc  -DCMAKE_HAVE_LIBC_PTHREAD    CMakeFiles/cmTC_fd70b.dir/src.c.o  -o cmTC_fd70b 
/usr/bin/ld: CMakeFiles/cmTC_fd70b.dir/src.c.o: in function `main':
=======
Run Build Command(s):/usr/bin/make cmTC_3bcfc/fast && /usr/bin/make -f CMakeFiles/cmTC_3bcfc.dir/build.make CMakeFiles/cmTC_3bcfc.dir/build
make[1]: Entering directory '/home/openark/ros2_ws/src/build/examples_rclcpp_minimal_client/CMakeFiles/CMakeTmp'
Building C object CMakeFiles/cmTC_3bcfc.dir/src.c.o
/usr/bin/cc   -DCMAKE_HAVE_LIBC_PTHREAD   -o CMakeFiles/cmTC_3bcfc.dir/src.c.o   -c /home/openark/ros2_ws/src/build/examples_rclcpp_minimal_client/CMakeFiles/CMakeTmp/src.c
Linking C executable cmTC_3bcfc
/usr/bin/cmake -E cmake_link_script CMakeFiles/cmTC_3bcfc.dir/link.txt --verbose=1
/usr/bin/cc  -DCMAKE_HAVE_LIBC_PTHREAD    CMakeFiles/cmTC_3bcfc.dir/src.c.o  -o cmTC_3bcfc 
/usr/bin/ld: CMakeFiles/cmTC_3bcfc.dir/src.c.o: in function `main':
>>>>>>> a78d895c08221f1d9ededfbef80db89bbb4edab8
src.c:(.text+0x46): undefined reference to `pthread_create'
/usr/bin/ld: src.c:(.text+0x52): undefined reference to `pthread_detach'
/usr/bin/ld: src.c:(.text+0x63): undefined reference to `pthread_join'
collect2: error: ld returned 1 exit status
<<<<<<< HEAD
make[1]: *** [CMakeFiles/cmTC_fd70b.dir/build.make:87: cmTC_fd70b] Error 1
make[1]: Leaving directory '/home/openark/ros2_ws/src/build/examples_rclcpp_minimal_client/CMakeFiles/CMakeTmp'
make: *** [Makefile:121: cmTC_fd70b/fast] Error 2
=======
make[1]: *** [CMakeFiles/cmTC_3bcfc.dir/build.make:87: cmTC_3bcfc] Error 1
make[1]: Leaving directory '/home/openark/ros2_ws/src/build/examples_rclcpp_minimal_client/CMakeFiles/CMakeTmp'
make: *** [Makefile:121: cmTC_3bcfc/fast] Error 2
>>>>>>> a78d895c08221f1d9ededfbef80db89bbb4edab8


Source file was:
#include <pthread.h>

void* test_func(void* data)
{
  return data;
}

int main(void)
{
  pthread_t thread;
  pthread_create(&thread, NULL, test_func, NULL);
  pthread_detach(thread);
  pthread_join(thread, NULL);
  pthread_atfork(NULL, NULL, NULL);
  pthread_exit(NULL);

  return 0;
}

Determining if the function pthread_create exists in the pthreads failed with the following output:
Change Dir: /home/openark/ros2_ws/src/build/examples_rclcpp_minimal_client/CMakeFiles/CMakeTmp

<<<<<<< HEAD
Run Build Command(s):/usr/bin/make cmTC_68de6/fast && /usr/bin/make -f CMakeFiles/cmTC_68de6.dir/build.make CMakeFiles/cmTC_68de6.dir/build
make[1]: Entering directory '/home/openark/ros2_ws/src/build/examples_rclcpp_minimal_client/CMakeFiles/CMakeTmp'
Building C object CMakeFiles/cmTC_68de6.dir/CheckFunctionExists.c.o
/usr/bin/cc   -DCHECK_FUNCTION_EXISTS=pthread_create   -o CMakeFiles/cmTC_68de6.dir/CheckFunctionExists.c.o   -c /usr/share/cmake-3.16/Modules/CheckFunctionExists.c
Linking C executable cmTC_68de6
/usr/bin/cmake -E cmake_link_script CMakeFiles/cmTC_68de6.dir/link.txt --verbose=1
/usr/bin/cc  -DCHECK_FUNCTION_EXISTS=pthread_create    CMakeFiles/cmTC_68de6.dir/CheckFunctionExists.c.o  -o cmTC_68de6  -lpthreads 
/usr/bin/ld: cannot find -lpthreads
collect2: error: ld returned 1 exit status
make[1]: *** [CMakeFiles/cmTC_68de6.dir/build.make:87: cmTC_68de6] Error 1
make[1]: Leaving directory '/home/openark/ros2_ws/src/build/examples_rclcpp_minimal_client/CMakeFiles/CMakeTmp'
make: *** [Makefile:121: cmTC_68de6/fast] Error 2
=======
Run Build Command(s):/usr/bin/make cmTC_31964/fast && /usr/bin/make -f CMakeFiles/cmTC_31964.dir/build.make CMakeFiles/cmTC_31964.dir/build
make[1]: Entering directory '/home/openark/ros2_ws/src/build/examples_rclcpp_minimal_client/CMakeFiles/CMakeTmp'
Building C object CMakeFiles/cmTC_31964.dir/CheckFunctionExists.c.o
/usr/bin/cc   -DCHECK_FUNCTION_EXISTS=pthread_create   -o CMakeFiles/cmTC_31964.dir/CheckFunctionExists.c.o   -c /usr/share/cmake-3.16/Modules/CheckFunctionExists.c
Linking C executable cmTC_31964
/usr/bin/cmake -E cmake_link_script CMakeFiles/cmTC_31964.dir/link.txt --verbose=1
/usr/bin/cc  -DCHECK_FUNCTION_EXISTS=pthread_create    CMakeFiles/cmTC_31964.dir/CheckFunctionExists.c.o  -o cmTC_31964  -lpthreads 
/usr/bin/ld: cannot find -lpthreads
collect2: error: ld returned 1 exit status
make[1]: *** [CMakeFiles/cmTC_31964.dir/build.make:87: cmTC_31964] Error 1
make[1]: Leaving directory '/home/openark/ros2_ws/src/build/examples_rclcpp_minimal_client/CMakeFiles/CMakeTmp'
make: *** [Makefile:121: cmTC_31964/fast] Error 2
>>>>>>> a78d895c08221f1d9ededfbef80db89bbb4edab8



