[2.858s] Invoking command in '/home/openark/ros2_ws/build/septentrio_gnss_driver': CMAKE_PREFIX_PATH=${CMAKE_PREFIX_PATH}:/home/openark/ros2_ws/install/examples_rclpy_minimal_subscriber:/home/openark/ros2_ws/install/examples_rclpy_minimal_service:/home/openark/ros2_ws/install/examples_rclpy_minimal_publisher:/home/openark/ros2_ws/install/examples_rclpy_minimal_client:/home/openark/ros2_ws/install/examples_rclpy_minimal_action_server:/home/openark/ros2_ws/install/examples_rclpy_minimal_action_client:/home/openark/ros2_ws/install/examples_rclpy_executors:/home/openark/ros2_ws/src/install/examples_rclpy_minimal_subscriber:/home/openark/ros2_ws/src/install/examples_rclpy_minimal_service:/home/openark/ros2_ws/src/install/examples_rclpy_minimal_publisher:/home/openark/ros2_ws/src/install/examples_rclpy_minimal_client:/home/openark/ros2_ws/src/install/examples_rclpy_minimal_action_server:/home/openark/ros2_ws/src/install/examples_rclpy_minimal_action_client:/home/openark/ros2_ws/src/install/examples_rclpy_executors:/opt/ros/foxy /usr/bin/cmake --build /home/openark/ros2_ws/build/septentrio_gnss_driver -- -j12 -l12
[3.340s] [  1%] Built target gtest_main
[3.340s] [  1%] Built target gtest
[3.342s] [  1%] Built target septentrio_gnss_driver__cpp
[3.342s] [ 13%] Built target septentrio_gnss_driver__rosidl_generator_c
[3.343s] [ 24%] Built target septentrio_gnss_driver__rosidl_typesupport_cpp
[3.343s] [ 35%] Built target septentrio_gnss_driver__rosidl_typesupport_introspection_cpp
[3.344s] [ 57%] Built target septentrio_gnss_driver__rosidl_typesupport_fastrtps_cpp
[3.345s] [ 57%] Built target septentrio_gnss_driver__rosidl_typesupport_c
[3.346s] [ 68%] Built target septentrio_gnss_driver__rosidl_typesupport_introspection_c
[3.347s] [ 79%] Built target septentrio_gnss_driver__rosidl_typesupport_fastrtps_c
[3.347s] [ 79%] Built target septentrio_gnss_driver
[3.349s] [ 80%] Built target septentrio_gnss_driver__py
[3.349s] [ 90%] Built target septentrio_gnss_driver__python
[3.350s] [ 92%] Built target septentrio_gnss_driver__rosidl_typesupport_introspection_c__pyext
[3.350s] [ 92%] Built target septentrio_gnss_driver__rosidl_typesupport_fastrtps_c__pyext
[3.350s] [ 92%] Built target septentrio_gnss_driver__rosidl_typesupport_c__pyext
[3.350s] [ 97%] Built target septentrio_gnss_driver_core
[3.351s] [ 98%] Built target test_string_utilities
[3.352s] [ 99%] Built target septentrio_gnss_driver_node
[3.354s] [100%] Built target test_parsing_utilities
[3.375s] Invoked command in '/home/openark/ros2_ws/build/septentrio_gnss_driver' returned '0': CMAKE_PREFIX_PATH=${CMAKE_PREFIX_PATH}:/home/openark/ros2_ws/install/examples_rclpy_minimal_subscriber:/home/openark/ros2_ws/install/examples_rclpy_minimal_service:/home/openark/ros2_ws/install/examples_rclpy_minimal_publisher:/home/openark/ros2_ws/install/examples_rclpy_minimal_client:/home/openark/ros2_ws/install/examples_rclpy_minimal_action_server:/home/openark/ros2_ws/install/examples_rclpy_minimal_action_client:/home/openark/ros2_ws/install/examples_rclpy_executors:/home/openark/ros2_ws/src/install/examples_rclpy_minimal_subscriber:/home/openark/ros2_ws/src/install/examples_rclpy_minimal_service:/home/openark/ros2_ws/src/install/examples_rclpy_minimal_publisher:/home/openark/ros2_ws/src/install/examples_rclpy_minimal_client:/home/openark/ros2_ws/src/install/examples_rclpy_minimal_action_server:/home/openark/ros2_ws/src/install/examples_rclpy_minimal_action_client:/home/openark/ros2_ws/src/install/examples_rclpy_executors:/opt/ros/foxy /usr/bin/cmake --build /home/openark/ros2_ws/build/septentrio_gnss_driver -- -j12 -l12
[4.206s] Invoking command in '/home/openark/ros2_ws/build/septentrio_gnss_driver': CMAKE_PREFIX_PATH=${CMAKE_PREFIX_PATH}:/home/openark/ros2_ws/install/examples_rclpy_minimal_subscriber:/home/openark/ros2_ws/install/examples_rclpy_minimal_service:/home/openark/ros2_ws/install/examples_rclpy_minimal_publisher:/home/openark/ros2_ws/install/examples_rclpy_minimal_client:/home/openark/ros2_ws/install/examples_rclpy_minimal_action_server:/home/openark/ros2_ws/install/examples_rclpy_minimal_action_client:/home/openark/ros2_ws/install/examples_rclpy_executors:/home/openark/ros2_ws/src/install/examples_rclpy_minimal_subscriber:/home/openark/ros2_ws/src/install/examples_rclpy_minimal_service:/home/openark/ros2_ws/src/install/examples_rclpy_minimal_publisher:/home/openark/ros2_ws/src/install/examples_rclpy_minimal_client:/home/openark/ros2_ws/src/install/examples_rclpy_minimal_action_server:/home/openark/ros2_ws/src/install/examples_rclpy_minimal_action_client:/home/openark/ros2_ws/src/install/examples_rclpy_executors:/opt/ros/foxy /usr/bin/cmake --install /home/openark/ros2_ws/build/septentrio_gnss_driver
[4.242s] -- Install configuration: "Release"
[4.244s] -- Up-to-date: /home/openark/ros2_ws/install/septentrio_gnss_driver/include/septentrio_gnss_driver
[4.244s] -- Up-to-date: /home/openark/ros2_ws/install/septentrio_gnss_driver/include/septentrio_gnss_driver/msg
[4.244s] -- Up-to-date: /home/openark/ros2_ws/install/septentrio_gnss_driver/include/septentrio_gnss_driver/msg/detail
[4.245s] -- Up-to-date: /home/openark/ros2_ws/install/septentrio_gnss_driver/include/septentrio_gnss_driver/msg/detail/vel_sensor_setup__functions.c
[4.250s] -- Up-to-date: /home/openark/ros2_ws/install/septentrio_gnss_driver/include/septentrio_gnss_driver/msg/detail/meas_epoch_channel_type2__functions.c
[4.250s] -- Up-to-date: /home/openark/ros2_ws/install/septentrio_gnss_driver/include/septentrio_gnss_driver/msg/detail/pvt_geodetic__functions.c
[4.251s] -- Up-to-date: /home/openark/ros2_ws/install/septentrio_gnss_driver/include/septentrio_gnss_driver/msg/detail/aim_plus_status__functions.c
[4.251s] -- Up-to-date: /home/openark/ros2_ws/install/septentrio_gnss_driver/include/septentrio_gnss_driver/msg/detail/gal_auth_status__functions.c
[4.251s] -- Up-to-date: /home/openark/ros2_ws/install/septentrio_gnss_driver/include/septentrio_gnss_driver/msg/detail/receiver_time__functions.c
[4.252s] -- Up-to-date: /home/openark/ros2_ws/install/septentrio_gnss_driver/include/septentrio_gnss_driver/msg/detail/att_cov_euler__functions.c
[4.252s] -- Up-to-date: /home/openark/ros2_ws/install/septentrio_gnss_driver/include/septentrio_gnss_driver/msg/detail/vel_cov_cartesian__functions.c
[4.253s] -- Up-to-date: /home/openark/ros2_ws/install/septentrio_gnss_driver/include/septentrio_gnss_driver/msg/detail/pos_cov_geodetic__functions.c
[4.253s] -- Up-to-date: /home/openark/ros2_ws/install/septentrio_gnss_driver/include/septentrio_gnss_driver/msg/detail/vel_cov_geodetic__functions.c
[4.254s] -- Up-to-date: /home/openark/ros2_ws/install/septentrio_gnss_driver/include/septentrio_gnss_driver/msg/detail/base_vector_cart__functions.c
[4.254s] -- Up-to-date: /home/openark/ros2_ws/install/septentrio_gnss_driver/include/septentrio_gnss_driver/msg/detail/block_header__functions.c
[4.254s] -- Up-to-date: /home/openark/ros2_ws/install/septentrio_gnss_driver/include/septentrio_gnss_driver/msg/detail/ins_nav_geod__functions.c
[4.254s] -- Up-to-date: /home/openark/ros2_ws/install/septentrio_gnss_driver/include/septentrio_gnss_driver/msg/detail/imu_setup__functions.c
[4.254s] -- Up-to-date: /home/openark/ros2_ws/install/septentrio_gnss_driver/include/septentrio_gnss_driver/msg/detail/rf_band__functions.c
[4.254s] -- Up-to-date: /home/openark/ros2_ws/install/septentrio_gnss_driver/include/septentrio_gnss_driver/msg/detail/base_vector_geod__functions.c
[4.255s] -- Up-to-date: /home/openark/ros2_ws/install/septentrio_gnss_driver/include/septentrio_gnss_driver/msg/detail/rf_status__functions.c
[4.255s] -- Up-to-date: /home/openark/ros2_ws/install/septentrio_gnss_driver/include/septentrio_gnss_driver/msg/detail/ext_sensor_meas__functions.c
[4.255s] -- Up-to-date: /home/openark/ros2_ws/install/septentrio_gnss_driver/include/septentrio_gnss_driver/msg/detail/att_euler__functions.c
[4.255s] -- Up-to-date: /home/openark/ros2_ws/install/septentrio_gnss_driver/include/septentrio_gnss_driver/msg/detail/pos_cov_cartesian__functions.c
[4.255s] -- Up-to-date: /home/openark/ros2_ws/install/septentrio_gnss_driver/include/septentrio_gnss_driver/msg/detail/vector_info_geod__functions.c
[4.255s] -- Up-to-date: /home/openark/ros2_ws/install/septentrio_gnss_driver/include/septentrio_gnss_driver/msg/detail/pvt_cartesian__functions.c
[4.256s] -- Up-to-date: /home/openark/ros2_ws/install/septentrio_gnss_driver/include/septentrio_gnss_driver/msg/detail/meas_epoch_channel_type1__functions.c
[4.256s] -- Up-to-date: /home/openark/ros2_ws/install/septentrio_gnss_driver/include/septentrio_gnss_driver/msg/detail/ins_nav_cart__functions.c
[4.256s] -- Up-to-date: /home/openark/ros2_ws/install/septentrio_gnss_driver/include/septentrio_gnss_driver/msg/detail/meas_epoch__functions.c
[4.256s] -- Up-to-date: /home/openark/ros2_ws/install/septentrio_gnss_driver/include/septentrio_gnss_driver/msg/detail/vector_info_cart__functions.c
[4.256s] -- Up-to-date: /home/openark/ros2_ws/install/septentrio_gnss_driver/lib/libseptentrio_gnss_driver__rosidl_generator_c.so
[4.257s] -- Up-to-date: /home/openark/ros2_ws/install/septentrio_gnss_driver/include/septentrio_gnss_driver
[4.257s] -- Up-to-date: /home/openark/ros2_ws/install/septentrio_gnss_driver/include/septentrio_gnss_driver/msg
[4.257s] -- Up-to-date: /home/openark/ros2_ws/install/septentrio_gnss_driver/include/septentrio_gnss_driver/msg/detail
[4.257s] -- Up-to-date: /home/openark/ros2_ws/install/septentrio_gnss_driver/include/septentrio_gnss_driver
[4.257s] -- Up-to-date: /home/openark/ros2_ws/install/septentrio_gnss_driver/include/septentrio_gnss_driver/msg
[4.257s] -- Up-to-date: /home/openark/ros2_ws/install/septentrio_gnss_driver/include/septentrio_gnss_driver/msg/detail
[4.257s] -- Up-to-date: /home/openark/ros2_ws/install/septentrio_gnss_driver/include/septentrio_gnss_driver/msg/detail/dds_fastrtps
[4.257s] -- Up-to-date: /home/openark/ros2_ws/install/septentrio_gnss_driver/include/septentrio_gnss_driver
[4.257s] -- Up-to-date: /home/openark/ros2_ws/install/septentrio_gnss_driver/include/septentrio_gnss_driver/msg
[4.257s] -- Up-to-date: /home/openark/ros2_ws/install/septentrio_gnss_driver/include/septentrio_gnss_driver/msg/detail
[4.258s] -- Up-to-date: /home/openark/ros2_ws/install/septentrio_gnss_driver/include/septentrio_gnss_driver/msg/detail/imu_setup__type_support.c
[4.258s] -- Up-to-date: /home/openark/ros2_ws/install/septentrio_gnss_driver/include/septentrio_gnss_driver/msg/detail/base_vector_cart__type_support.c
[4.258s] -- Up-to-date: /home/openark/ros2_ws/install/septentrio_gnss_driver/include/septentrio_gnss_driver/msg/detail/rf_status__type_support.c
[4.258s] -- Up-to-date: /home/openark/ros2_ws/install/septentrio_gnss_driver/include/septentrio_gnss_driver/msg/detail/meas_epoch__type_support.c
[4.258s] -- Up-to-date: /home/openark/ros2_ws/install/septentrio_gnss_driver/include/septentrio_gnss_driver/msg/detail/block_header__type_support.c
[4.258s] -- Up-to-date: /home/openark/ros2_ws/install/septentrio_gnss_driver/include/septentrio_gnss_driver/msg/detail/base_vector_geod__type_support.c
[4.258s] -- Up-to-date: /home/openark/ros2_ws/install/septentrio_gnss_driver/include/septentrio_gnss_driver/msg/detail/pvt_cartesian__type_support.c
[4.258s] -- Up-to-date: /home/openark/ros2_ws/install/septentrio_gnss_driver/include/septentrio_gnss_driver/msg/detail/pvt_geodetic__type_support.c
[4.258s] -- Up-to-date: /home/openark/ros2_ws/install/septentrio_gnss_driver/include/septentrio_gnss_driver/msg/detail/pos_cov_geodetic__type_support.c
[4.258s] -- Up-to-date: /home/openark/ros2_ws/install/septentrio_gnss_driver/include/septentrio_gnss_driver/msg/detail/receiver_time__type_support.c
[4.259s] -- Up-to-date: /home/openark/ros2_ws/install/septentrio_gnss_driver/include/septentrio_gnss_driver/msg/detail/ins_nav_cart__type_support.c
[4.259s] -- Up-to-date: /home/openark/ros2_ws/install/septentrio_gnss_driver/include/septentrio_gnss_driver/msg/detail/meas_epoch_channel_type1__type_support.c
[4.259s] -- Up-to-date: /home/openark/ros2_ws/install/septentrio_gnss_driver/include/septentrio_gnss_driver/msg/detail/rf_band__type_support.c
[4.259s] -- Up-to-date: /home/openark/ros2_ws/install/septentrio_gnss_driver/include/septentrio_gnss_driver/msg/detail/pos_cov_cartesian__type_support.c
[4.259s] -- Up-to-date: /home/openark/ros2_ws/install/septentrio_gnss_driver/include/septentrio_gnss_driver/msg/detail/ext_sensor_meas__type_support.c
[4.259s] -- Up-to-date: /home/openark/ros2_ws/install/septentrio_gnss_driver/include/septentrio_gnss_driver/msg/detail/vel_cov_geodetic__type_support.c
[4.259s] -- Up-to-date: /home/openark/ros2_ws/install/septentrio_gnss_driver/include/septentrio_gnss_driver/msg/detail/aim_plus_status__type_support.c
[4.260s] -- Up-to-date: /home/openark/ros2_ws/install/septentrio_gnss_driver/include/septentrio_gnss_driver/msg/detail/att_euler__type_support.c
[4.260s] -- Up-to-date: /home/openark/ros2_ws/install/septentrio_gnss_driver/include/septentrio_gnss_driver/msg/detail/vel_cov_cartesian__type_support.c
[4.261s] -- Up-to-date: /home/openark/ros2_ws/install/septentrio_gnss_driver/include/septentrio_gnss_driver/msg/detail/vel_sensor_setup__type_support.c
[4.261s] -- Up-to-date: /home/openark/ros2_ws/install/septentrio_gnss_driver/include/septentrio_gnss_driver/msg/detail/meas_epoch_channel_type2__type_support.c
[4.261s] -- Up-to-date: /home/openark/ros2_ws/install/septentrio_gnss_driver/include/septentrio_gnss_driver/msg/detail/vector_info_geod__type_support.c
[4.262s] -- Up-to-date: /home/openark/ros2_ws/install/septentrio_gnss_driver/include/septentrio_gnss_driver/msg/detail/gal_auth_status__type_support.c
[4.262s] -- Up-to-date: /home/openark/ros2_ws/install/septentrio_gnss_driver/include/septentrio_gnss_driver/msg/detail/ins_nav_geod__type_support.c
[4.262s] -- Up-to-date: /home/openark/ros2_ws/install/septentrio_gnss_driver/include/septentrio_gnss_driver/msg/detail/vector_info_cart__type_support.c
[4.262s] -- Up-to-date: /home/openark/ros2_ws/install/septentrio_gnss_driver/include/septentrio_gnss_driver/msg/detail/att_cov_euler__type_support.c
[4.263s] -- Up-to-date: /home/openark/ros2_ws/install/septentrio_gnss_driver/lib/libseptentrio_gnss_driver__rosidl_typesupport_introspection_c.so
[4.263s] -- Up-to-date: /home/openark/ros2_ws/install/septentrio_gnss_driver/lib/libseptentrio_gnss_driver__rosidl_typesupport_c.so
[4.263s] -- Up-to-date: /home/openark/ros2_ws/install/septentrio_gnss_driver/include/septentrio_gnss_driver
[4.263s] -- Up-to-date: /home/openark/ros2_ws/install/septentrio_gnss_driver/include/septentrio_gnss_driver/msg
[4.263s] -- Up-to-date: /home/openark/ros2_ws/install/septentrio_gnss_driver/include/septentrio_gnss_driver/msg/detail
[4.263s] -- Up-to-date: /home/openark/ros2_ws/install/septentrio_gnss_driver/include/septentrio_gnss_driver
[4.263s] -- Up-to-date: /home/openark/ros2_ws/install/septentrio_gnss_driver/include/septentrio_gnss_driver/msg
[4.263s] -- Up-to-date: /home/openark/ros2_ws/install/septentrio_gnss_driver/include/septentrio_gnss_driver/msg/detail
[4.263s] -- Up-to-date: /home/openark/ros2_ws/install/septentrio_gnss_driver/include/septentrio_gnss_driver/msg/detail/pvt_cartesian__type_support.cpp
[4.264s] -- Up-to-date: /home/openark/ros2_ws/install/septentrio_gnss_driver/include/septentrio_gnss_driver/msg/detail/vel_cov_geodetic__type_support.cpp
[4.264s] -- Up-to-date: /home/openark/ros2_ws/install/septentrio_gnss_driver/include/septentrio_gnss_driver/msg/detail/meas_epoch_channel_type1__type_support.cpp
[4.264s] -- Up-to-date: /home/openark/ros2_ws/install/septentrio_gnss_driver/include/septentrio_gnss_driver/msg/detail/rf_band__type_support.cpp
[4.264s] -- Up-to-date: /home/openark/ros2_ws/install/septentrio_gnss_driver/include/septentrio_gnss_driver/msg/detail/imu_setup__type_support.cpp
[4.264s] -- Up-to-date: /home/openark/ros2_ws/install/septentrio_gnss_driver/include/septentrio_gnss_driver/msg/detail/meas_epoch__type_support.cpp
[4.264s] -- Up-to-date: /home/openark/ros2_ws/install/septentrio_gnss_driver/include/septentrio_gnss_driver/msg/detail/base_vector_geod__type_support.cpp
[4.264s] -- Up-to-date: /home/openark/ros2_ws/install/septentrio_gnss_driver/include/septentrio_gnss_driver/msg/detail/ext_sensor_meas__type_support.cpp
[4.265s] -- Up-to-date: /home/openark/ros2_ws/install/septentrio_gnss_driver/include/septentrio_gnss_driver/msg/detail/receiver_time__type_support.cpp
[4.265s] -- Up-to-date: /home/openark/ros2_ws/install/septentrio_gnss_driver/include/septentrio_gnss_driver/msg/detail/vel_cov_cartesian__type_support.cpp
[4.265s] -- Up-to-date: /home/openark/ros2_ws/install/septentrio_gnss_driver/include/septentrio_gnss_driver/msg/detail/ins_nav_cart__type_support.cpp
[4.265s] -- Up-to-date: /home/openark/ros2_ws/install/septentrio_gnss_driver/include/septentrio_gnss_driver/msg/detail/ins_nav_geod__type_support.cpp
[4.265s] -- Up-to-date: /home/openark/ros2_ws/install/septentrio_gnss_driver/include/septentrio_gnss_driver/msg/detail/meas_epoch_channel_type2__type_support.cpp
[4.265s] -- Up-to-date: /home/openark/ros2_ws/install/septentrio_gnss_driver/include/septentrio_gnss_driver/msg/detail/att_cov_euler__type_support.cpp
[4.265s] -- Up-to-date: /home/openark/ros2_ws/install/septentrio_gnss_driver/include/septentrio_gnss_driver/msg/detail/gal_auth_status__type_support.cpp
[4.266s] -- Up-to-date: /home/openark/ros2_ws/install/septentrio_gnss_driver/include/septentrio_gnss_driver/msg/detail/vel_sensor_setup__type_support.cpp
[4.266s] -- Up-to-date: /home/openark/ros2_ws/install/septentrio_gnss_driver/include/septentrio_gnss_driver/msg/detail/aim_plus_status__type_support.cpp
[4.266s] -- Up-to-date: /home/openark/ros2_ws/install/septentrio_gnss_driver/include/septentrio_gnss_driver/msg/detail/base_vector_cart__type_support.cpp
[4.266s] -- Up-to-date: /home/openark/ros2_ws/install/septentrio_gnss_driver/include/septentrio_gnss_driver/msg/detail/block_header__type_support.cpp
[4.266s] -- Up-to-date: /home/openark/ros2_ws/install/septentrio_gnss_driver/include/septentrio_gnss_driver/msg/detail/pos_cov_geodetic__type_support.cpp
[4.266s] -- Up-to-date: /home/openark/ros2_ws/install/septentrio_gnss_driver/include/septentrio_gnss_driver/msg/detail/vector_info_geod__type_support.cpp
[4.266s] -- Up-to-date: /home/openark/ros2_ws/install/septentrio_gnss_driver/include/septentrio_gnss_driver/msg/detail/pos_cov_cartesian__type_support.cpp
[4.267s] -- Up-to-date: /home/openark/ros2_ws/install/septentrio_gnss_driver/include/septentrio_gnss_driver/msg/detail/pvt_geodetic__type_support.cpp
[4.267s] -- Up-to-date: /home/openark/ros2_ws/install/septentrio_gnss_driver/include/septentrio_gnss_driver/msg/detail/vector_info_cart__type_support.cpp
[4.267s] -- Up-to-date: /home/openark/ros2_ws/install/septentrio_gnss_driver/include/septentrio_gnss_driver/msg/detail/rf_status__type_support.cpp
[4.267s] -- Up-to-date: /home/openark/ros2_ws/install/septentrio_gnss_driver/include/septentrio_gnss_driver/msg/detail/att_euler__type_support.cpp
[4.267s] -- Up-to-date: /home/openark/ros2_ws/install/septentrio_gnss_driver/lib/libseptentrio_gnss_driver__rosidl_typesupport_introspection_cpp.so
[4.267s] -- Up-to-date: /home/openark/ros2_ws/install/septentrio_gnss_driver/lib/libseptentrio_gnss_driver__rosidl_typesupport_cpp.so
[4.324s] -- Up-to-date: /home/openark/ros2_ws/install/septentrio_gnss_driver/lib/python3.8/site-packages/septentrio_gnss_driver/msg
[4.326s] -- Up-to-date: /home/openark/ros2_ws/install/septentrio_gnss_driver/lib/python3.8/site-packages/septentrio_gnss_driver/msg/_ins_nav_cart_s.c
[4.327s] -- Up-to-date: /home/openark/ros2_ws/install/septentrio_gnss_driver/lib/python3.8/site-packages/septentrio_gnss_driver/msg/_vel_sensor_setup_s.c
[4.328s] -- Up-to-date: /home/openark/ros2_ws/install/septentrio_gnss_driver/lib/python3.8/site-packages/septentrio_gnss_driver/msg/_att_euler_s.c
[4.328s] -- Up-to-date: /home/openark/ros2_ws/install/septentrio_gnss_driver/lib/python3.8/site-packages/septentrio_gnss_driver/msg/_ext_sensor_meas_s.c
[4.329s] -- Up-to-date: /home/openark/ros2_ws/install/septentrio_gnss_driver/lib/python3.8/site-packages/septentrio_gnss_driver/msg/_pvt_cartesian_s.c
[4.330s] -- Up-to-date: /home/openark/ros2_ws/install/septentrio_gnss_driver/lib/python3.8/site-packages/septentrio_gnss_driver/msg/_vel_cov_cartesian_s.c
[4.330s] -- Up-to-date: /home/openark/ros2_ws/install/septentrio_gnss_driver/lib/python3.8/site-packages/septentrio_gnss_driver/msg/_pvt_geodetic_s.c
[4.332s] -- Up-to-date: /home/openark/ros2_ws/install/septentrio_gnss_driver/lib/python3.8/site-packages/septentrio_gnss_driver/msg/_ins_nav_geod_s.c
[4.334s] -- Up-to-date: /home/openark/ros2_ws/install/septentrio_gnss_driver/lib/python3.8/site-packages/septentrio_gnss_driver/msg/_pos_cov_geodetic_s.c
[4.336s] -- Up-to-date: /home/openark/ros2_ws/install/septentrio_gnss_driver/lib/python3.8/site-packages/septentrio_gnss_driver/msg/_rf_band_s.c
[4.336s] -- Up-to-date: /home/openark/ros2_ws/install/septentrio_gnss_driver/lib/python3.8/site-packages/septentrio_gnss_driver/msg/_meas_epoch_s.c
[4.337s] -- Up-to-date: /home/openark/ros2_ws/install/septentrio_gnss_driver/lib/python3.8/site-packages/septentrio_gnss_driver/msg/_rf_status_s.c
[4.337s] -- Up-to-date: /home/openark/ros2_ws/install/septentrio_gnss_driver/lib/python3.8/site-packages/septentrio_gnss_driver/msg/_base_vector_geod_s.c
[4.337s] -- Up-to-date: /home/openark/ros2_ws/install/septentrio_gnss_driver/lib/python3.8/site-packages/septentrio_gnss_driver/msg/_aim_plus_status_s.c
[4.338s] -- Up-to-date: /home/openark/ros2_ws/install/septentrio_gnss_driver/lib/python3.8/site-packages/septentrio_gnss_driver/msg/_imu_setup_s.c
[4.341s] -- Up-to-date: /home/openark/ros2_ws/install/septentrio_gnss_driver/lib/python3.8/site-packages/septentrio_gnss_driver/msg/_meas_epoch_channel_type2_s.c
[4.341s] -- Up-to-date: /home/openark/ros2_ws/install/septentrio_gnss_driver/lib/python3.8/site-packages/septentrio_gnss_driver/msg/_vel_cov_geodetic_s.c
[4.341s] -- Up-to-date: /home/openark/ros2_ws/install/septentrio_gnss_driver/lib/python3.8/site-packages/septentrio_gnss_driver/msg/_vector_info_cart_s.c
[4.341s] -- Up-to-date: /home/openark/ros2_ws/install/septentrio_gnss_driver/lib/python3.8/site-packages/septentrio_gnss_driver/msg/_base_vector_cart_s.c
[4.341s] -- Up-to-date: /home/openark/ros2_ws/install/septentrio_gnss_driver/lib/python3.8/site-packages/septentrio_gnss_driver/msg/_meas_epoch_channel_type1_s.c
[4.341s] -- Up-to-date: /home/openark/ros2_ws/install/septentrio_gnss_driver/lib/python3.8/site-packages/septentrio_gnss_driver/msg/_receiver_time_s.c
[4.341s] -- Up-to-date: /home/openark/ros2_ws/install/septentrio_gnss_driver/lib/python3.8/site-packages/septentrio_gnss_driver/msg/_block_header_s.c
[4.342s] -- Up-to-date: /home/openark/ros2_ws/install/septentrio_gnss_driver/lib/python3.8/site-packages/septentrio_gnss_driver/msg/_pos_cov_cartesian_s.c
[4.342s] -- Up-to-date: /home/openark/ros2_ws/install/septentrio_gnss_driver/lib/python3.8/site-packages/septentrio_gnss_driver/msg/_vector_info_geod_s.c
[4.342s] -- Up-to-date: /home/openark/ros2_ws/install/septentrio_gnss_driver/lib/python3.8/site-packages/septentrio_gnss_driver/msg/_att_cov_euler_s.c
[4.342s] -- Up-to-date: /home/openark/ros2_ws/install/septentrio_gnss_driver/lib/python3.8/site-packages/septentrio_gnss_driver/msg/_gal_auth_status_s.c
[4.342s] -- Up-to-date: /home/openark/ros2_ws/install/septentrio_gnss_driver/lib/libseptentrio_gnss_driver_core.so
[4.342s] -- Up-to-date: /home/openark/ros2_ws/install/septentrio_gnss_driver/lib/septentrio_gnss_driver/septentrio_gnss_driver_node
[4.343s] -- Up-to-date: /home/openark/ros2_ws/install/septentrio_gnss_driver/include/
[4.343s] -- Up-to-date: /home/openark/ros2_ws/install/septentrio_gnss_driver/include//septentrio_gnss_driver
[4.343s] -- Up-to-date: /home/openark/ros2_ws/install/septentrio_gnss_driver/include//septentrio_gnss_driver/abstraction
[4.343s] -- Up-to-date: /home/openark/ros2_ws/install/septentrio_gnss_driver/include//septentrio_gnss_driver/communication
[4.343s] -- Up-to-date: /home/openark/ros2_ws/install/septentrio_gnss_driver/include//septentrio_gnss_driver/node
[4.343s] -- Up-to-date: /home/openark/ros2_ws/install/septentrio_gnss_driver/include//septentrio_gnss_driver/crc
[4.343s] -- Up-to-date: /home/openark/ros2_ws/install/septentrio_gnss_driver/include//septentrio_gnss_driver/parsers
[4.343s] -- Up-to-date: /home/openark/ros2_ws/install/septentrio_gnss_driver/include//septentrio_gnss_driver/parsers/nmea_parsers
[4.343s] -- Up-to-date: /home/openark/ros2_ws/install/septentrio_gnss_driver/include//septentrio_gnss_driver/plugin
[4.343s] -- Up-to-date: /home/openark/ros2_ws/install/septentrio_gnss_driver/share/septentrio_gnss_driver/launch
[4.343s] -- Up-to-date: /home/openark/ros2_ws/install/septentrio_gnss_driver/share/septentrio_gnss_driver/config
[4.344s] -- Up-to-date: /home/openark/ros2_ws/install/septentrio_gnss_driver/share/septentrio_gnss_driver/config/rover.yaml
[4.344s] -- Up-to-date: /home/openark/ros2_ws/install/septentrio_gnss_driver/share/septentrio_gnss_driver/config/rover_node.yaml
[4.344s] -- Up-to-date: /home/openark/ros2_ws/install/septentrio_gnss_driver/share/septentrio_gnss_driver/config/ins.yaml
[4.344s] -- Up-to-date: /home/openark/ros2_ws/install/septentrio_gnss_driver/share/ament_index/resource_index/parent_prefix_path/septentrio_gnss_driver
[4.344s] -- Installing: /home/openark/ros2_ws/install/septentrio_gnss_driver/share/septentrio_gnss_driver/package.dsv
[4.344s] -- Up-to-date: /home/openark/ros2_ws/install/septentrio_gnss_driver/share/septentrio_gnss_driver/cmake/septentrio_gnss_driver__rosidl_generator_cExport.cmake
[4.344s] -- Up-to-date: /home/openark/ros2_ws/install/septentrio_gnss_driver/share/septentrio_gnss_driver/cmake/septentrio_gnss_driver__rosidl_generator_cExport-release.cmake
[4.344s] -- Up-to-date: /home/openark/ros2_ws/install/septentrio_gnss_driver/share/septentrio_gnss_driver/cmake/septentrio_gnss_driver__rosidl_typesupport_introspection_cExport.cmake
[4.345s] -- Up-to-date: /home/openark/ros2_ws/install/septentrio_gnss_driver/share/septentrio_gnss_driver/cmake/septentrio_gnss_driver__rosidl_typesupport_introspection_cExport-release.cmake
[4.345s] -- Up-to-date: /home/openark/ros2_ws/install/septentrio_gnss_driver/share/septentrio_gnss_driver/cmake/septentrio_gnss_driver__rosidl_typesupport_cExport.cmake
[4.345s] -- Up-to-date: /home/openark/ros2_ws/install/septentrio_gnss_driver/share/septentrio_gnss_driver/cmake/septentrio_gnss_driver__rosidl_typesupport_cExport-release.cmake
[4.345s] -- Up-to-date: /home/openark/ros2_ws/install/septentrio_gnss_driver/share/septentrio_gnss_driver/cmake/septentrio_gnss_driver__rosidl_generator_cppExport.cmake
[4.345s] -- Up-to-date: /home/openark/ros2_ws/install/septentrio_gnss_driver/share/septentrio_gnss_driver/cmake/septentrio_gnss_driver__rosidl_typesupport_introspection_cppExport.cmake
[4.345s] -- Up-to-date: /home/openark/ros2_ws/install/septentrio_gnss_driver/share/septentrio_gnss_driver/cmake/septentrio_gnss_driver__rosidl_typesupport_introspection_cppExport-release.cmake
[4.345s] -- Up-to-date: /home/openark/ros2_ws/install/septentrio_gnss_driver/share/septentrio_gnss_driver/cmake/septentrio_gnss_driver__rosidl_typesupport_cppExport.cmake
[4.345s] -- Up-to-date: /home/openark/ros2_ws/install/septentrio_gnss_driver/share/septentrio_gnss_driver/cmake/septentrio_gnss_driver__rosidl_typesupport_cppExport-release.cmake
[4.345s] -- Up-to-date: /home/openark/ros2_ws/install/septentrio_gnss_driver/share/septentrio_gnss_driver/cmake/septentrio_gnss_driver_coreExport.cmake
[4.345s] -- Up-to-date: /home/openark/ros2_ws/install/septentrio_gnss_driver/share/septentrio_gnss_driver/cmake/septentrio_gnss_driver_coreExport-release.cmake
[4.592s] Invoked command in '/home/openark/ros2_ws/build/septentrio_gnss_driver' returned '0': CMAKE_PREFIX_PATH=${CMAKE_PREFIX_PATH}:/home/openark/ros2_ws/install/examples_rclpy_minimal_subscriber:/home/openark/ros2_ws/install/examples_rclpy_minimal_service:/home/openark/ros2_ws/install/examples_rclpy_minimal_publisher:/home/openark/ros2_ws/install/examples_rclpy_minimal_client:/home/openark/ros2_ws/install/examples_rclpy_minimal_action_server:/home/openark/ros2_ws/install/examples_rclpy_minimal_action_client:/home/openark/ros2_ws/install/examples_rclpy_executors:/home/openark/ros2_ws/src/install/examples_rclpy_minimal_subscriber:/home/openark/ros2_ws/src/install/examples_rclpy_minimal_service:/home/openark/ros2_ws/src/install/examples_rclpy_minimal_publisher:/home/openark/ros2_ws/src/install/examples_rclpy_minimal_client:/home/openark/ros2_ws/src/install/examples_rclpy_minimal_action_server:/home/openark/ros2_ws/src/install/examples_rclpy_minimal_action_client:/home/openark/ros2_ws/src/install/examples_rclpy_executors:/opt/ros/foxy /usr/bin/cmake --install /home/openark/ros2_ws/build/septentrio_gnss_driver
