[6.411s] Invoking command in '/home/openark/ros2_ws/src/examples/rclpy/services/minimal_service': PYTHONPATH=/home/openark/ros2_ws/src/build/examples_rclpy_minimal_service/prefix_override:/home/openark/ros2_ws/src/install/examples_rclpy_minimal_service/lib/python3.8/site-packages:${PYTHONPATH} /usr/bin/python3 setup.py egg_info --egg-base ../../../../build/examples_rclpy_minimal_service build --build-base /home/openark/ros2_ws/src/build/examples_rclpy_minimal_service/build install --record /home/openark/ros2_ws/src/build/examples_rclpy_minimal_service/install.log --install-scripts $base/lib/examples_rclpy_minimal_service --single-version-externally-managed
[6.969s] running egg_info
[6.969s] creating ../../../../build/examples_rclpy_minimal_service/examples_rclpy_minimal_service.egg-info
[6.969s] writing ../../../../build/examples_rclpy_minimal_service/examples_rclpy_minimal_service.egg-info/PKG-INFO
[6.969s] writing dependency_links to ../../../../build/examples_rclpy_minimal_service/examples_rclpy_minimal_service.egg-info/dependency_links.txt
[6.969s] writing entry points to ../../../../build/examples_rclpy_minimal_service/examples_rclpy_minimal_service.egg-info/entry_points.txt
[6.970s] writing requirements to ../../../../build/examples_rclpy_minimal_service/examples_rclpy_minimal_service.egg-info/requires.txt
[6.970s] writing top-level names to ../../../../build/examples_rclpy_minimal_service/examples_rclpy_minimal_service.egg-info/top_level.txt
[6.970s] writing manifest file '../../../../build/examples_rclpy_minimal_service/examples_rclpy_minimal_service.egg-info/SOURCES.txt'
[7.022s] reading manifest file '../../../../build/examples_rclpy_minimal_service/examples_rclpy_minimal_service.egg-info/SOURCES.txt'
[7.025s] writing manifest file '../../../../build/examples_rclpy_minimal_service/examples_rclpy_minimal_service.egg-info/SOURCES.txt'
[7.025s] running build
[7.025s] running build_py
[7.025s] creating /home/openark/ros2_ws/src/build/examples_rclpy_minimal_service/build
[7.026s] creating /home/openark/ros2_ws/src/build/examples_rclpy_minimal_service/build/lib
[7.026s] creating /home/openark/ros2_ws/src/build/examples_rclpy_minimal_service/build/lib/examples_rclpy_minimal_service
[7.026s] copying examples_rclpy_minimal_service/__init__.py -> /home/openark/ros2_ws/src/build/examples_rclpy_minimal_service/build/lib/examples_rclpy_minimal_service
[7.026s] copying examples_rclpy_minimal_service/service_member_function.py -> /home/openark/ros2_ws/src/build/examples_rclpy_minimal_service/build/lib/examples_rclpy_minimal_service
[7.026s] copying examples_rclpy_minimal_service/service.py -> /home/openark/ros2_ws/src/build/examples_rclpy_minimal_service/build/lib/examples_rclpy_minimal_service
[7.027s] running install
[7.029s] running install_lib
[7.033s] running install_data
[7.034s] running install_egg_info
[7.038s] removing '/home/openark/ros2_ws/src/install/examples_rclpy_minimal_service/lib/python3.8/site-packages/examples_rclpy_minimal_service-0.9.4-py3.8.egg-info' (and everything under it)
[7.043s] Copying ../../../../build/examples_rclpy_minimal_service/examples_rclpy_minimal_service.egg-info to /home/openark/ros2_ws/src/install/examples_rclpy_minimal_service/lib/python3.8/site-packages/examples_rclpy_minimal_service-0.9.4-py3.8.egg-info
[7.045s] running install_scripts
[7.089s] Installing service script to /home/openark/ros2_ws/src/install/examples_rclpy_minimal_service/lib/examples_rclpy_minimal_service
[7.090s] Installing service_member_function script to /home/openark/ros2_ws/src/install/examples_rclpy_minimal_service/lib/examples_rclpy_minimal_service
[7.090s] writing list of installed files to '/home/openark/ros2_ws/src/build/examples_rclpy_minimal_service/install.log'
[7.505s] Invoked command in '/home/openark/ros2_ws/src/examples/rclpy/services/minimal_service' returned '0': PYTHONPATH=/home/openark/ros2_ws/src/build/examples_rclpy_minimal_service/prefix_override:/home/openark/ros2_ws/src/install/examples_rclpy_minimal_service/lib/python3.8/site-packages:${PYTHONPATH} /usr/bin/python3 setup.py egg_info --egg-base ../../../../build/examples_rclpy_minimal_service build --build-base /home/openark/ros2_ws/src/build/examples_rclpy_minimal_service/build install --record /home/openark/ros2_ws/src/build/examples_rclpy_minimal_service/install.log --install-scripts $base/lib/examples_rclpy_minimal_service --single-version-externally-managed
