[2.657s] Invoking command in '/home/openark/ros2_ws/src/build/zed_interfaces': CMAKE_PREFIX_PATH=/home/openark/ros2_ws/install/zed_ros2:/home/openark/ros2_ws/install/zed_multi_camera:/home/openark/ros2_ws/install/zed_display_rviz2:/home/openark/ros2_ws/install/zed_wrapper:/home/openark/ros2_ws/install/zed_tutorial_video:/home/openark/ros2_ws/install/zed_tutorial_pos_tracking:/home/openark/ros2_ws/install/zed_tutorial_depth:/home/openark/ros2_ws/install/zed_topic_benchmark_interfaces:/home/openark/ros2_ws/install/zed_rgb_convert:/home/openark/ros2_ws/install/zed_components:/home/openark/ros2_ws/install/rviz_plugin_zed_od:/home/openark/ros2_ws/install/zed_interfaces:/home/openark/ros2_ws/install/examples_rclpy_minimal_subscriber:/home/openark/ros2_ws/install/examples_rclpy_minimal_service:/home/openark/ros2_ws/install/examples_rclpy_minimal_publisher:/home/openark/ros2_ws/install/examples_rclpy_minimal_client:/home/openark/ros2_ws/install/examples_rclpy_minimal_action_server:/home/openark/ros2_ws/install/examples_rclpy_minimal_action_client:/home/openark/ros2_ws/install/examples_rclpy_executors:/home/openark/ros2_ws/src/install/examples_rclpy_minimal_subscriber:/home/openark/ros2_ws/src/install/examples_rclpy_minimal_service:/home/openark/ros2_ws/src/install/examples_rclpy_minimal_publisher:/home/openark/ros2_ws/src/install/examples_rclpy_minimal_client:/home/openark/ros2_ws/src/install/examples_rclpy_minimal_action_server:/home/openark/ros2_ws/src/install/examples_rclpy_minimal_action_client:/home/openark/ros2_ws/src/install/examples_rclpy_executors:/opt/ros/foxy:/home/openark/ros2_ws/install/septentrio_gnss_driver:/home/openark/ros2_ws/install/roar_septentrio_interface:/home/openark/ros2_ws/install/examples_rclcpp_multithreaded_executor:/home/openark/ros2_ws/install/examples_rclcpp_minimal_timer:/home/openark/ros2_ws/install/examples_rclcpp_minimal_subscriber:/home/openark/ros2_ws/install/examples_rclcpp_minimal_service:/home/openark/ros2_ws/install/examples_rclcpp_minimal_publisher:/home/openark/ros2_ws/install/examples_rclcpp_minimal_composition:/home/openark/ros2_ws/install/examples_rclcpp_minimal_client:/home/openark/ros2_ws/install/examples_rclcpp_minimal_action_server:/home/openark/ros2_ws/install/examples_rclcpp_minimal_action_client:/home/openark/ros2_ws/src/install/zed_ros2:/home/openark/ros2_ws/src/install/zed_multi_camera:/home/openark/ros2_ws/src/install/zed_display_rviz2:/home/openark/ros2_ws/src/install/zed_wrapper:/home/openark/ros2_ws/src/install/zed_tutorial_video:/home/openark/ros2_ws/src/install/zed_tutorial_pos_tracking:/home/openark/ros2_ws/src/install/zed_tutorial_depth:/home/openark/ros2_ws/src/install/zed_topic_benchmark_interfaces:/home/openark/ros2_ws/src/install/zed_rgb_convert:/home/openark/ros2_ws/src/install/zed_components:/home/openark/ros2_ws/src/install/rviz_plugin_zed_od:/home/openark/ros2_ws/src/install/zed_interfaces:/home/openark/ros2_ws/src/install/septentrio_gnss_driver:/home/openark/ros2_ws/src/install/roar_septentrio_interface:/home/openark/ros2_ws/src/install/examples_rclcpp_multithreaded_executor:/home/openark/ros2_ws/src/install/examples_rclcpp_minimal_timer:/home/openark/ros2_ws/src/install/examples_rclcpp_minimal_subscriber:/home/openark/ros2_ws/src/install/examples_rclcpp_minimal_service:/home/openark/ros2_ws/src/install/examples_rclcpp_minimal_publisher:/home/openark/ros2_ws/src/install/examples_rclcpp_minimal_composition:/home/openark/ros2_ws/src/install/examples_rclcpp_minimal_client:/home/openark/ros2_ws/src/install/examples_rclcpp_minimal_action_server:/home/openark/ros2_ws/src/install/examples_rclcpp_minimal_action_client /usr/bin/cmake --build /home/openark/ros2_ws/src/build/zed_interfaces -- -j12 -l12
[3.878s] [  0%] Built target zed_interfaces__cpp
[3.878s] [ 12%] Built target zed_interfaces__rosidl_generator_c
[3.879s] [ 24%] Built target zed_interfaces__rosidl_typesupport_introspection_cpp
[3.880s] [ 36%] Built target zed_interfaces__rosidl_typesupport_fastrtps_cpp
[3.881s] [ 48%] Built target zed_interfaces__rosidl_typesupport_cpp
[3.882s] [ 60%] Built target zed_interfaces__rosidl_typesupport_c
[3.883s] [ 72%] Built target zed_interfaces__rosidl_typesupport_introspection_c
[3.884s] [ 84%] Built target zed_interfaces__rosidl_typesupport_fastrtps_c
[3.884s] [ 84%] Built target zed_interfaces
[3.884s] [ 85%] Built target zed_interfaces__py
[3.886s] [ 96%] Built target zed_interfaces__python
[3.886s] [ 97%] Built target zed_interfaces__rosidl_typesupport_fastrtps_c__pyext
[3.886s] [ 99%] Built target zed_interfaces__rosidl_typesupport_c__pyext
[3.887s] [100%] Built target zed_interfaces__rosidl_typesupport_introspection_c__pyext
[3.916s] Invoked command in '/home/openark/ros2_ws/src/build/zed_interfaces' returned '0': CMAKE_PREFIX_PATH=/home/openark/ros2_ws/install/zed_ros2:/home/openark/ros2_ws/install/zed_multi_camera:/home/openark/ros2_ws/install/zed_display_rviz2:/home/openark/ros2_ws/install/zed_wrapper:/home/openark/ros2_ws/install/zed_tutorial_video:/home/openark/ros2_ws/install/zed_tutorial_pos_tracking:/home/openark/ros2_ws/install/zed_tutorial_depth:/home/openark/ros2_ws/install/zed_topic_benchmark_interfaces:/home/openark/ros2_ws/install/zed_rgb_convert:/home/openark/ros2_ws/install/zed_components:/home/openark/ros2_ws/install/rviz_plugin_zed_od:/home/openark/ros2_ws/install/zed_interfaces:/home/openark/ros2_ws/install/examples_rclpy_minimal_subscriber:/home/openark/ros2_ws/install/examples_rclpy_minimal_service:/home/openark/ros2_ws/install/examples_rclpy_minimal_publisher:/home/openark/ros2_ws/install/examples_rclpy_minimal_client:/home/openark/ros2_ws/install/examples_rclpy_minimal_action_server:/home/openark/ros2_ws/install/examples_rclpy_minimal_action_client:/home/openark/ros2_ws/install/examples_rclpy_executors:/home/openark/ros2_ws/src/install/examples_rclpy_minimal_subscriber:/home/openark/ros2_ws/src/install/examples_rclpy_minimal_service:/home/openark/ros2_ws/src/install/examples_rclpy_minimal_publisher:/home/openark/ros2_ws/src/install/examples_rclpy_minimal_client:/home/openark/ros2_ws/src/install/examples_rclpy_minimal_action_server:/home/openark/ros2_ws/src/install/examples_rclpy_minimal_action_client:/home/openark/ros2_ws/src/install/examples_rclpy_executors:/opt/ros/foxy:/home/openark/ros2_ws/install/septentrio_gnss_driver:/home/openark/ros2_ws/install/roar_septentrio_interface:/home/openark/ros2_ws/install/examples_rclcpp_multithreaded_executor:/home/openark/ros2_ws/install/examples_rclcpp_minimal_timer:/home/openark/ros2_ws/install/examples_rclcpp_minimal_subscriber:/home/openark/ros2_ws/install/examples_rclcpp_minimal_service:/home/openark/ros2_ws/install/examples_rclcpp_minimal_publisher:/home/openark/ros2_ws/install/examples_rclcpp_minimal_composition:/home/openark/ros2_ws/install/examples_rclcpp_minimal_client:/home/openark/ros2_ws/install/examples_rclcpp_minimal_action_server:/home/openark/ros2_ws/install/examples_rclcpp_minimal_action_client:/home/openark/ros2_ws/src/install/zed_ros2:/home/openark/ros2_ws/src/install/zed_multi_camera:/home/openark/ros2_ws/src/install/zed_display_rviz2:/home/openark/ros2_ws/src/install/zed_wrapper:/home/openark/ros2_ws/src/install/zed_tutorial_video:/home/openark/ros2_ws/src/install/zed_tutorial_pos_tracking:/home/openark/ros2_ws/src/install/zed_tutorial_depth:/home/openark/ros2_ws/src/install/zed_topic_benchmark_interfaces:/home/openark/ros2_ws/src/install/zed_rgb_convert:/home/openark/ros2_ws/src/install/zed_components:/home/openark/ros2_ws/src/install/rviz_plugin_zed_od:/home/openark/ros2_ws/src/install/zed_interfaces:/home/openark/ros2_ws/src/install/septentrio_gnss_driver:/home/openark/ros2_ws/src/install/roar_septentrio_interface:/home/openark/ros2_ws/src/install/examples_rclcpp_multithreaded_executor:/home/openark/ros2_ws/src/install/examples_rclcpp_minimal_timer:/home/openark/ros2_ws/src/install/examples_rclcpp_minimal_subscriber:/home/openark/ros2_ws/src/install/examples_rclcpp_minimal_service:/home/openark/ros2_ws/src/install/examples_rclcpp_minimal_publisher:/home/openark/ros2_ws/src/install/examples_rclcpp_minimal_composition:/home/openark/ros2_ws/src/install/examples_rclcpp_minimal_client:/home/openark/ros2_ws/src/install/examples_rclcpp_minimal_action_server:/home/openark/ros2_ws/src/install/examples_rclcpp_minimal_action_client /usr/bin/cmake --build /home/openark/ros2_ws/src/build/zed_interfaces -- -j12 -l12
[5.330s] Invoking command in '/home/openark/ros2_ws/src/build/zed_interfaces': CMAKE_PREFIX_PATH=/home/openark/ros2_ws/install/zed_ros2:/home/openark/ros2_ws/install/zed_multi_camera:/home/openark/ros2_ws/install/zed_display_rviz2:/home/openark/ros2_ws/install/zed_wrapper:/home/openark/ros2_ws/install/zed_tutorial_video:/home/openark/ros2_ws/install/zed_tutorial_pos_tracking:/home/openark/ros2_ws/install/zed_tutorial_depth:/home/openark/ros2_ws/install/zed_topic_benchmark_interfaces:/home/openark/ros2_ws/install/zed_rgb_convert:/home/openark/ros2_ws/install/zed_components:/home/openark/ros2_ws/install/rviz_plugin_zed_od:/home/openark/ros2_ws/install/zed_interfaces:/home/openark/ros2_ws/install/examples_rclpy_minimal_subscriber:/home/openark/ros2_ws/install/examples_rclpy_minimal_service:/home/openark/ros2_ws/install/examples_rclpy_minimal_publisher:/home/openark/ros2_ws/install/examples_rclpy_minimal_client:/home/openark/ros2_ws/install/examples_rclpy_minimal_action_server:/home/openark/ros2_ws/install/examples_rclpy_minimal_action_client:/home/openark/ros2_ws/install/examples_rclpy_executors:/home/openark/ros2_ws/src/install/examples_rclpy_minimal_subscriber:/home/openark/ros2_ws/src/install/examples_rclpy_minimal_service:/home/openark/ros2_ws/src/install/examples_rclpy_minimal_publisher:/home/openark/ros2_ws/src/install/examples_rclpy_minimal_client:/home/openark/ros2_ws/src/install/examples_rclpy_minimal_action_server:/home/openark/ros2_ws/src/install/examples_rclpy_minimal_action_client:/home/openark/ros2_ws/src/install/examples_rclpy_executors:/opt/ros/foxy:/home/openark/ros2_ws/install/septentrio_gnss_driver:/home/openark/ros2_ws/install/roar_septentrio_interface:/home/openark/ros2_ws/install/examples_rclcpp_multithreaded_executor:/home/openark/ros2_ws/install/examples_rclcpp_minimal_timer:/home/openark/ros2_ws/install/examples_rclcpp_minimal_subscriber:/home/openark/ros2_ws/install/examples_rclcpp_minimal_service:/home/openark/ros2_ws/install/examples_rclcpp_minimal_publisher:/home/openark/ros2_ws/install/examples_rclcpp_minimal_composition:/home/openark/ros2_ws/install/examples_rclcpp_minimal_client:/home/openark/ros2_ws/install/examples_rclcpp_minimal_action_server:/home/openark/ros2_ws/install/examples_rclcpp_minimal_action_client:/home/openark/ros2_ws/src/install/zed_ros2:/home/openark/ros2_ws/src/install/zed_multi_camera:/home/openark/ros2_ws/src/install/zed_display_rviz2:/home/openark/ros2_ws/src/install/zed_wrapper:/home/openark/ros2_ws/src/install/zed_tutorial_video:/home/openark/ros2_ws/src/install/zed_tutorial_pos_tracking:/home/openark/ros2_ws/src/install/zed_tutorial_depth:/home/openark/ros2_ws/src/install/zed_topic_benchmark_interfaces:/home/openark/ros2_ws/src/install/zed_rgb_convert:/home/openark/ros2_ws/src/install/zed_components:/home/openark/ros2_ws/src/install/rviz_plugin_zed_od:/home/openark/ros2_ws/src/install/zed_interfaces:/home/openark/ros2_ws/src/install/septentrio_gnss_driver:/home/openark/ros2_ws/src/install/roar_septentrio_interface:/home/openark/ros2_ws/src/install/examples_rclcpp_multithreaded_executor:/home/openark/ros2_ws/src/install/examples_rclcpp_minimal_timer:/home/openark/ros2_ws/src/install/examples_rclcpp_minimal_subscriber:/home/openark/ros2_ws/src/install/examples_rclcpp_minimal_service:/home/openark/ros2_ws/src/install/examples_rclcpp_minimal_publisher:/home/openark/ros2_ws/src/install/examples_rclcpp_minimal_composition:/home/openark/ros2_ws/src/install/examples_rclcpp_minimal_client:/home/openark/ros2_ws/src/install/examples_rclcpp_minimal_action_server:/home/openark/ros2_ws/src/install/examples_rclcpp_minimal_action_client /usr/bin/cmake --install /home/openark/ros2_ws/src/build/zed_interfaces
[5.719s] -- Install configuration: ""
[5.719s] -- Installing: /home/openark/ros2_ws/src/install/zed_interfaces/share/ament_index/resource_index/rosidl_interfaces/zed_interfaces
[5.719s] -- Up-to-date: /home/openark/ros2_ws/src/install/zed_interfaces/include/zed_interfaces
[5.719s] -- Up-to-date: /home/openark/ros2_ws/src/install/zed_interfaces/include/zed_interfaces/msg
[5.719s] -- Installing: /home/openark/ros2_ws/src/install/zed_interfaces/include/zed_interfaces/msg/keypoint2_di.h
[5.719s] -- Installing: /home/openark/ros2_ws/src/install/zed_interfaces/include/zed_interfaces/msg/keypoint2_df.h
[5.720s] -- Installing: /home/openark/ros2_ws/src/install/zed_interfaces/include/zed_interfaces/msg/depth_info_stamped.h
[5.720s] -- Installing: /home/openark/ros2_ws/src/install/zed_interfaces/include/zed_interfaces/msg/bounding_box3_d.h
[5.720s] -- Installing: /home/openark/ros2_ws/src/install/zed_interfaces/include/zed_interfaces/msg/objects_stamped.h
[5.720s] -- Installing: /home/openark/ros2_ws/src/install/zed_interfaces/include/zed_interfaces/msg/rosidl_generator_c__visibility_control.h
[5.720s] -- Installing: /home/openark/ros2_ws/src/install/zed_interfaces/include/zed_interfaces/msg/skeleton3_d.h
[5.721s] -- Installing: /home/openark/ros2_ws/src/install/zed_interfaces/include/zed_interfaces/msg/object.h
[5.721s] -- Up-to-date: /home/openark/ros2_ws/src/install/zed_interfaces/include/zed_interfaces/msg/detail
[5.721s] -- Installing: /home/openark/ros2_ws/src/install/zed_interfaces/include/zed_interfaces/msg/detail/keypoint2_df__type_support.h
[5.721s] -- Installing: /home/openark/ros2_ws/src/install/zed_interfaces/include/zed_interfaces/msg/detail/bounding_box2_di__functions.c
[5.721s] -- Installing: /home/openark/ros2_ws/src/install/zed_interfaces/include/zed_interfaces/msg/detail/heartbeat__struct.h
[5.721s] -- Installing: /home/openark/ros2_ws/src/install/zed_interfaces/include/zed_interfaces/msg/detail/keypoint3_d__functions.h
[5.722s] -- Installing: /home/openark/ros2_ws/src/install/zed_interfaces/include/zed_interfaces/msg/detail/objects_stamped__struct.h
[5.722s] -- Installing: /home/openark/ros2_ws/src/install/zed_interfaces/include/zed_interfaces/msg/detail/depth_info_stamped__functions.h
[5.722s] -- Installing: /home/openark/ros2_ws/src/install/zed_interfaces/include/zed_interfaces/msg/detail/skeleton2_d__functions.h
[5.722s] -- Installing: /home/openark/ros2_ws/src/install/zed_interfaces/include/zed_interfaces/msg/detail/keypoint2_di__type_support.h
[5.722s] -- Installing: /home/openark/ros2_ws/src/install/zed_interfaces/include/zed_interfaces/msg/detail/bounding_box3_d__struct.h
[5.722s] -- Installing: /home/openark/ros2_ws/src/install/zed_interfaces/include/zed_interfaces/msg/detail/object__functions.c
[5.723s] -- Installing: /home/openark/ros2_ws/src/install/zed_interfaces/include/zed_interfaces/msg/detail/bounding_box2_df__functions.h
[5.723s] -- Installing: /home/openark/ros2_ws/src/install/zed_interfaces/include/zed_interfaces/msg/detail/skeleton2_d__struct.h
[5.723s] -- Installing: /home/openark/ros2_ws/src/install/zed_interfaces/include/zed_interfaces/msg/detail/keypoint3_d__functions.c
[5.723s] -- Installing: /home/openark/ros2_ws/src/install/zed_interfaces/include/zed_interfaces/msg/detail/bounding_box3_d__type_support.h
[5.723s] -- Installing: /home/openark/ros2_ws/src/install/zed_interfaces/include/zed_interfaces/msg/detail/heartbeat__type_support.h
[5.723s] -- Installing: /home/openark/ros2_ws/src/install/zed_interfaces/include/zed_interfaces/msg/detail/bounding_box2_df__struct.h
[5.723s] -- Installing: /home/openark/ros2_ws/src/install/zed_interfaces/include/zed_interfaces/msg/detail/skeleton2_d__type_support.h
[5.724s] -- Installing: /home/openark/ros2_ws/src/install/zed_interfaces/include/zed_interfaces/msg/detail/objects_stamped__functions.h
[5.724s] -- Installing: /home/openark/ros2_ws/src/install/zed_interfaces/include/zed_interfaces/msg/detail/keypoint3_d__struct.h
[5.724s] -- Installing: /home/openark/ros2_ws/src/install/zed_interfaces/include/zed_interfaces/msg/detail/keypoint2_df__struct.h
[5.724s] -- Installing: /home/openark/ros2_ws/src/install/zed_interfaces/include/zed_interfaces/msg/detail/skeleton3_d__functions.h
[5.724s] -- Installing: /home/openark/ros2_ws/src/install/zed_interfaces/include/zed_interfaces/msg/detail/plane_stamped__functions.h
[5.724s] -- Installing: /home/openark/ros2_ws/src/install/zed_interfaces/include/zed_interfaces/msg/detail/pos_track_status__functions.h
[5.725s] -- Installing: /home/openark/ros2_ws/src/install/zed_interfaces/include/zed_interfaces/msg/detail/heartbeat__functions.h
[5.725s] -- Installing: /home/openark/ros2_ws/src/install/zed_interfaces/include/zed_interfaces/msg/detail/pos_track_status__type_support.h
[5.725s] -- Installing: /home/openark/ros2_ws/src/install/zed_interfaces/include/zed_interfaces/msg/detail/keypoint2_df__functions.h
[5.725s] -- Installing: /home/openark/ros2_ws/src/install/zed_interfaces/include/zed_interfaces/msg/detail/object__functions.h
[5.725s] -- Installing: /home/openark/ros2_ws/src/install/zed_interfaces/include/zed_interfaces/msg/detail/keypoint2_df__functions.c
[5.725s] -- Installing: /home/openark/ros2_ws/src/install/zed_interfaces/include/zed_interfaces/msg/detail/keypoint3_d__type_support.h
[5.726s] -- Installing: /home/openark/ros2_ws/src/install/zed_interfaces/include/zed_interfaces/msg/detail/bounding_box3_d__functions.c
[5.726s] -- Installing: /home/openark/ros2_ws/src/install/zed_interfaces/include/zed_interfaces/msg/detail/plane_stamped__type_support.h
[5.726s] -- Installing: /home/openark/ros2_ws/src/install/zed_interfaces/include/zed_interfaces/msg/detail/bounding_box2_di__type_support.h
[5.726s] -- Installing: /home/openark/ros2_ws/src/install/zed_interfaces/include/zed_interfaces/msg/detail/bounding_box2_df__type_support.h
[5.726s] -- Installing: /home/openark/ros2_ws/src/install/zed_interfaces/include/zed_interfaces/msg/detail/heartbeat__functions.c
[5.726s] -- Installing: /home/openark/ros2_ws/src/install/zed_interfaces/include/zed_interfaces/msg/detail/skeleton2_d__functions.c
[5.726s] -- Installing: /home/openark/ros2_ws/src/install/zed_interfaces/include/zed_interfaces/msg/detail/keypoint2_di__functions.c
[5.727s] -- Installing: /home/openark/ros2_ws/src/install/zed_interfaces/include/zed_interfaces/msg/detail/pos_track_status__functions.c
[5.727s] -- Installing: /home/openark/ros2_ws/src/install/zed_interfaces/include/zed_interfaces/msg/detail/pos_track_status__struct.h
[5.727s] -- Installing: /home/openark/ros2_ws/src/install/zed_interfaces/include/zed_interfaces/msg/detail/keypoint2_di__struct.h
[5.727s] -- Installing: /home/openark/ros2_ws/src/install/zed_interfaces/include/zed_interfaces/msg/detail/objects_stamped__functions.c
[5.727s] -- Installing: /home/openark/ros2_ws/src/install/zed_interfaces/include/zed_interfaces/msg/detail/object__struct.h
[5.727s] -- Installing: /home/openark/ros2_ws/src/install/zed_interfaces/include/zed_interfaces/msg/detail/object__type_support.h
[5.728s] -- Installing: /home/openark/ros2_ws/src/install/zed_interfaces/include/zed_interfaces/msg/detail/keypoint2_di__functions.h
[5.728s] -- Installing: /home/openark/ros2_ws/src/install/zed_interfaces/include/zed_interfaces/msg/detail/objects_stamped__type_support.h
[5.728s] -- Installing: /home/openark/ros2_ws/src/install/zed_interfaces/include/zed_interfaces/msg/detail/skeleton3_d__type_support.h
[5.731s] -- Installing: /home/openark/ros2_ws/src/install/zed_interfaces/include/zed_interfaces/msg/detail/depth_info_stamped__struct.h
[5.732s] -- Installing: /home/openark/ros2_ws/src/install/zed_interfaces/include/zed_interfaces/msg/detail/bounding_box2_di__struct.h
[5.732s] -- Installing: /home/openark/ros2_ws/src/install/zed_interfaces/include/zed_interfaces/msg/detail/skeleton3_d__struct.h
[5.732s] -- Installing: /home/openark/ros2_ws/src/install/zed_interfaces/include/zed_interfaces/msg/detail/bounding_box3_d__functions.h
[5.732s] -- Installing: /home/openark/ros2_ws/src/install/zed_interfaces/include/zed_interfaces/msg/detail/plane_stamped__struct.h
[5.733s] -- Installing: /home/openark/ros2_ws/src/install/zed_interfaces/include/zed_interfaces/msg/detail/skeleton3_d__functions.c
[5.733s] -- Installing: /home/openark/ros2_ws/src/install/zed_interfaces/include/zed_interfaces/msg/detail/plane_stamped__functions.c
[5.733s] -- Installing: /home/openark/ros2_ws/src/install/zed_interfaces/include/zed_interfaces/msg/detail/depth_info_stamped__type_support.h
[5.733s] -- Installing: /home/openark/ros2_ws/src/install/zed_interfaces/include/zed_interfaces/msg/detail/bounding_box2_di__functions.h
[5.734s] -- Installing: /home/openark/ros2_ws/src/install/zed_interfaces/include/zed_interfaces/msg/detail/depth_info_stamped__functions.c
[5.734s] -- Installing: /home/openark/ros2_ws/src/install/zed_interfaces/include/zed_interfaces/msg/detail/bounding_box2_df__functions.c
[5.734s] -- Installing: /home/openark/ros2_ws/src/install/zed_interfaces/include/zed_interfaces/msg/plane_stamped.h
[5.734s] -- Installing: /home/openark/ros2_ws/src/install/zed_interfaces/include/zed_interfaces/msg/pos_track_status.h
[5.735s] -- Installing: /home/openark/ros2_ws/src/install/zed_interfaces/include/zed_interfaces/msg/bounding_box2_df.h
[5.735s] -- Installing: /home/openark/ros2_ws/src/install/zed_interfaces/include/zed_interfaces/msg/keypoint3_d.h
[5.735s] -- Installing: /home/openark/ros2_ws/src/install/zed_interfaces/include/zed_interfaces/msg/heartbeat.h
[5.735s] -- Installing: /home/openark/ros2_ws/src/install/zed_interfaces/include/zed_interfaces/msg/skeleton2_d.h
[5.736s] -- Installing: /home/openark/ros2_ws/src/install/zed_interfaces/include/zed_interfaces/msg/bounding_box2_di.h
[5.736s] -- Up-to-date: /home/openark/ros2_ws/src/install/zed_interfaces/include/zed_interfaces/srv
[5.737s] -- Installing: /home/openark/ros2_ws/src/install/zed_interfaces/include/zed_interfaces/srv/set_roi.h
[5.737s] -- Installing: /home/openark/ros2_ws/src/install/zed_interfaces/include/zed_interfaces/srv/set_pose.h
[5.737s] -- Up-to-date: /home/openark/ros2_ws/src/install/zed_interfaces/include/zed_interfaces/srv/detail
[5.737s] -- Installing: /home/openark/ros2_ws/src/install/zed_interfaces/include/zed_interfaces/srv/detail/set_pose__type_support.h
[5.737s] -- Installing: /home/openark/ros2_ws/src/install/zed_interfaces/include/zed_interfaces/srv/detail/start_svo_rec__functions.h
[5.738s] -- Installing: /home/openark/ros2_ws/src/install/zed_interfaces/include/zed_interfaces/srv/detail/set_pose__struct.h
[5.738s] -- Installing: /home/openark/ros2_ws/src/install/zed_interfaces/include/zed_interfaces/srv/detail/set_roi__functions.h
[5.739s] -- Installing: /home/openark/ros2_ws/src/install/zed_interfaces/include/zed_interfaces/srv/detail/set_pose__functions.c
[5.739s] -- Installing: /home/openark/ros2_ws/src/install/zed_interfaces/include/zed_interfaces/srv/detail/start_svo_rec__struct.h
[5.739s] -- Installing: /home/openark/ros2_ws/src/install/zed_interfaces/include/zed_interfaces/srv/detail/set_roi__functions.c
[5.739s] -- Installing: /home/openark/ros2_ws/src/install/zed_interfaces/include/zed_interfaces/srv/detail/start_svo_rec__type_support.h
[5.740s] -- Installing: /home/openark/ros2_ws/src/install/zed_interfaces/include/zed_interfaces/srv/detail/set_roi__struct.h
[5.740s] -- Installing: /home/openark/ros2_ws/src/install/zed_interfaces/include/zed_interfaces/srv/detail/set_pose__functions.h
[5.740s] -- Installing: /home/openark/ros2_ws/src/install/zed_interfaces/include/zed_interfaces/srv/detail/start_svo_rec__functions.c
[5.741s] -- Installing: /home/openark/ros2_ws/src/install/zed_interfaces/include/zed_interfaces/srv/detail/set_roi__type_support.h
[5.741s] -- Installing: /home/openark/ros2_ws/src/install/zed_interfaces/include/zed_interfaces/srv/start_svo_rec.h
[5.741s] -- Up-to-date: /home/openark/ros2_ws/src/install/zed_interfaces/share/zed_interfaces/environment/library_path.sh
[5.741s] -- Installing: /home/openark/ros2_ws/src/install/zed_interfaces/share/zed_interfaces/environment/library_path.dsv
[5.742s] -- Installing: /home/openark/ros2_ws/src/install/zed_interfaces/lib/libzed_interfaces__rosidl_generator_c.so
[5.742s] -- Set runtime path of "/home/openark/ros2_ws/src/install/zed_interfaces/lib/libzed_interfaces__rosidl_generator_c.so" to ""
[5.742s] -- Up-to-date: /home/openark/ros2_ws/src/install/zed_interfaces/include/zed_interfaces
[5.743s] -- Up-to-date: /home/openark/ros2_ws/src/install/zed_interfaces/include/zed_interfaces/msg
[5.743s] -- Up-to-date: /home/openark/ros2_ws/src/install/zed_interfaces/include/zed_interfaces/msg/detail
[5.743s] -- Installing: /home/openark/ros2_ws/src/install/zed_interfaces/include/zed_interfaces/msg/detail/depth_info_stamped__rosidl_typesupport_fastrtps_c.h
[5.743s] -- Installing: /home/openark/ros2_ws/src/install/zed_interfaces/include/zed_interfaces/msg/detail/bounding_box2_di__rosidl_typesupport_fastrtps_c.h
[5.743s] -- Installing: /home/openark/ros2_ws/src/install/zed_interfaces/include/zed_interfaces/msg/detail/object__rosidl_typesupport_fastrtps_c.h
[5.744s] -- Installing: /home/openark/ros2_ws/src/install/zed_interfaces/include/zed_interfaces/msg/detail/heartbeat__rosidl_typesupport_fastrtps_c.h
[5.744s] -- Installing: /home/openark/ros2_ws/src/install/zed_interfaces/include/zed_interfaces/msg/detail/plane_stamped__rosidl_typesupport_fastrtps_c.h
[5.745s] -- Installing: /home/openark/ros2_ws/src/install/zed_interfaces/include/zed_interfaces/msg/detail/objects_stamped__rosidl_typesupport_fastrtps_c.h
[5.745s] -- Installing: /home/openark/ros2_ws/src/install/zed_interfaces/include/zed_interfaces/msg/detail/skeleton2_d__rosidl_typesupport_fastrtps_c.h
[5.745s] -- Installing: /home/openark/ros2_ws/src/install/zed_interfaces/include/zed_interfaces/msg/detail/keypoint3_d__rosidl_typesupport_fastrtps_c.h
[5.746s] -- Installing: /home/openark/ros2_ws/src/install/zed_interfaces/include/zed_interfaces/msg/detail/skeleton3_d__rosidl_typesupport_fastrtps_c.h
[5.746s] -- Installing: /home/openark/ros2_ws/src/install/zed_interfaces/include/zed_interfaces/msg/detail/pos_track_status__rosidl_typesupport_fastrtps_c.h
[5.747s] -- Installing: /home/openark/ros2_ws/src/install/zed_interfaces/include/zed_interfaces/msg/detail/keypoint2_df__rosidl_typesupport_fastrtps_c.h
[5.747s] -- Installing: /home/openark/ros2_ws/src/install/zed_interfaces/include/zed_interfaces/msg/detail/bounding_box2_df__rosidl_typesupport_fastrtps_c.h
[5.748s] -- Installing: /home/openark/ros2_ws/src/install/zed_interfaces/include/zed_interfaces/msg/detail/bounding_box3_d__rosidl_typesupport_fastrtps_c.h
[5.749s] -- Installing: /home/openark/ros2_ws/src/install/zed_interfaces/include/zed_interfaces/msg/detail/keypoint2_di__rosidl_typesupport_fastrtps_c.h
[5.749s] -- Installing: /home/openark/ros2_ws/src/install/zed_interfaces/include/zed_interfaces/msg/rosidl_typesupport_fastrtps_c__visibility_control.h
[5.749s] -- Up-to-date: /home/openark/ros2_ws/src/install/zed_interfaces/include/zed_interfaces/srv
[5.750s] -- Up-to-date: /home/openark/ros2_ws/src/install/zed_interfaces/include/zed_interfaces/srv/detail
[5.752s] -- Installing: /home/openark/ros2_ws/src/install/zed_interfaces/include/zed_interfaces/srv/detail/set_roi__rosidl_typesupport_fastrtps_c.h
[5.753s] -- Installing: /home/openark/ros2_ws/src/install/zed_interfaces/include/zed_interfaces/srv/detail/start_svo_rec__rosidl_typesupport_fastrtps_c.h
[5.754s] -- Installing: /home/openark/ros2_ws/src/install/zed_interfaces/include/zed_interfaces/srv/detail/set_pose__rosidl_typesupport_fastrtps_c.h
[5.754s] -- Installing: /home/openark/ros2_ws/src/install/zed_interfaces/lib/libzed_interfaces__rosidl_typesupport_fastrtps_c.so
[5.755s] -- Set runtime path of "/home/openark/ros2_ws/src/install/zed_interfaces/lib/libzed_interfaces__rosidl_typesupport_fastrtps_c.so" to ""
[5.755s] -- Up-to-date: /home/openark/ros2_ws/src/install/zed_interfaces/include/zed_interfaces
[5.756s] -- Up-to-date: /home/openark/ros2_ws/src/install/zed_interfaces/include/zed_interfaces/msg
[5.756s] -- Up-to-date: /home/openark/ros2_ws/src/install/zed_interfaces/include/zed_interfaces/msg/detail
[5.757s] -- Installing: /home/openark/ros2_ws/src/install/zed_interfaces/include/zed_interfaces/msg/detail/keypoint3_d__rosidl_typesupport_fastrtps_cpp.hpp
[5.757s] -- Installing: /home/openark/ros2_ws/src/install/zed_interfaces/include/zed_interfaces/msg/detail/skeleton3_d__rosidl_typesupport_fastrtps_cpp.hpp
[5.758s] -- Installing: /home/openark/ros2_ws/src/install/zed_interfaces/include/zed_interfaces/msg/detail/objects_stamped__rosidl_typesupport_fastrtps_cpp.hpp
[5.762s] -- Installing: /home/openark/ros2_ws/src/install/zed_interfaces/include/zed_interfaces/msg/detail/bounding_box2_df__rosidl_typesupport_fastrtps_cpp.hpp
[5.765s] -- Up-to-date: /home/openark/ros2_ws/src/install/zed_interfaces/include/zed_interfaces/msg/detail/dds_fastrtps
[5.766s] -- Installing: /home/openark/ros2_ws/src/install/zed_interfaces/include/zed_interfaces/msg/detail/bounding_box3_d__rosidl_typesupport_fastrtps_cpp.hpp
[5.767s] -- Installing: /home/openark/ros2_ws/src/install/zed_interfaces/include/zed_interfaces/msg/detail/bounding_box2_di__rosidl_typesupport_fastrtps_cpp.hpp
[5.768s] -- Installing: /home/openark/ros2_ws/src/install/zed_interfaces/include/zed_interfaces/msg/detail/keypoint2_df__rosidl_typesupport_fastrtps_cpp.hpp
[5.768s] -- Installing: /home/openark/ros2_ws/src/install/zed_interfaces/include/zed_interfaces/msg/detail/skeleton2_d__rosidl_typesupport_fastrtps_cpp.hpp
[5.770s] -- Installing: /home/openark/ros2_ws/src/install/zed_interfaces/include/zed_interfaces/msg/detail/keypoint2_di__rosidl_typesupport_fastrtps_cpp.hpp
[5.771s] -- Installing: /home/openark/ros2_ws/src/install/zed_interfaces/include/zed_interfaces/msg/detail/plane_stamped__rosidl_typesupport_fastrtps_cpp.hpp
[5.773s] -- Installing: /home/openark/ros2_ws/src/install/zed_interfaces/include/zed_interfaces/msg/detail/object__rosidl_typesupport_fastrtps_cpp.hpp
[5.773s] -- Installing: /home/openark/ros2_ws/src/install/zed_interfaces/include/zed_interfaces/msg/detail/heartbeat__rosidl_typesupport_fastrtps_cpp.hpp
[5.773s] -- Installing: /home/openark/ros2_ws/src/install/zed_interfaces/include/zed_interfaces/msg/detail/depth_info_stamped__rosidl_typesupport_fastrtps_cpp.hpp
[5.773s] -- Installing: /home/openark/ros2_ws/src/install/zed_interfaces/include/zed_interfaces/msg/detail/pos_track_status__rosidl_typesupport_fastrtps_cpp.hpp
[5.773s] -- Installing: /home/openark/ros2_ws/src/install/zed_interfaces/include/zed_interfaces/msg/rosidl_typesupport_fastrtps_cpp__visibility_control.h
[5.774s] -- Up-to-date: /home/openark/ros2_ws/src/install/zed_interfaces/include/zed_interfaces/srv
[5.774s] -- Up-to-date: /home/openark/ros2_ws/src/install/zed_interfaces/include/zed_interfaces/srv/detail
[5.774s] -- Installing: /home/openark/ros2_ws/src/install/zed_interfaces/include/zed_interfaces/srv/detail/set_pose__rosidl_typesupport_fastrtps_cpp.hpp
[5.774s] -- Installing: /home/openark/ros2_ws/src/install/zed_interfaces/include/zed_interfaces/srv/detail/set_roi__rosidl_typesupport_fastrtps_cpp.hpp
[5.774s] -- Up-to-date: /home/openark/ros2_ws/src/install/zed_interfaces/include/zed_interfaces/srv/detail/dds_fastrtps
[5.774s] -- Installing: /home/openark/ros2_ws/src/install/zed_interfaces/include/zed_interfaces/srv/detail/start_svo_rec__rosidl_typesupport_fastrtps_cpp.hpp
[5.775s] -- Installing: /home/openark/ros2_ws/src/install/zed_interfaces/lib/libzed_interfaces__rosidl_typesupport_fastrtps_cpp.so
[5.775s] -- Set runtime path of "/home/openark/ros2_ws/src/install/zed_interfaces/lib/libzed_interfaces__rosidl_typesupport_fastrtps_cpp.so" to ""
[5.775s] -- Up-to-date: /home/openark/ros2_ws/src/install/zed_interfaces/include/zed_interfaces
[5.775s] -- Up-to-date: /home/openark/ros2_ws/src/install/zed_interfaces/include/zed_interfaces/msg
[5.775s] -- Installing: /home/openark/ros2_ws/src/install/zed_interfaces/include/zed_interfaces/msg/rosidl_typesupport_introspection_c__visibility_control.h
[5.775s] -- Up-to-date: /home/openark/ros2_ws/src/install/zed_interfaces/include/zed_interfaces/msg/detail
[5.775s] -- Installing: /home/openark/ros2_ws/src/install/zed_interfaces/include/zed_interfaces/msg/detail/bounding_box2_df__rosidl_typesupport_introspection_c.h
[5.775s] -- Installing: /home/openark/ros2_ws/src/install/zed_interfaces/include/zed_interfaces/msg/detail/depth_info_stamped__type_support.c
[5.776s] -- Installing: /home/openark/ros2_ws/src/install/zed_interfaces/include/zed_interfaces/msg/detail/keypoint2_df__rosidl_typesupport_introspection_c.h
[5.776s] -- Installing: /home/openark/ros2_ws/src/install/zed_interfaces/include/zed_interfaces/msg/detail/skeleton2_d__type_support.c
[5.776s] -- Installing: /home/openark/ros2_ws/src/install/zed_interfaces/include/zed_interfaces/msg/detail/bounding_box2_df__type_support.c
[5.776s] -- Installing: /home/openark/ros2_ws/src/install/zed_interfaces/include/zed_interfaces/msg/detail/objects_stamped__type_support.c
[5.776s] -- Installing: /home/openark/ros2_ws/src/install/zed_interfaces/include/zed_interfaces/msg/detail/bounding_box3_d__type_support.c
[5.776s] -- Installing: /home/openark/ros2_ws/src/install/zed_interfaces/include/zed_interfaces/msg/detail/heartbeat__type_support.c
[5.776s] -- Installing: /home/openark/ros2_ws/src/install/zed_interfaces/include/zed_interfaces/msg/detail/object__rosidl_typesupport_introspection_c.h
[5.777s] -- Installing: /home/openark/ros2_ws/src/install/zed_interfaces/include/zed_interfaces/msg/detail/objects_stamped__rosidl_typesupport_introspection_c.h
[5.777s] -- Installing: /home/openark/ros2_ws/src/install/zed_interfaces/include/zed_interfaces/msg/detail/keypoint2_di__rosidl_typesupport_introspection_c.h
[5.777s] -- Installing: /home/openark/ros2_ws/src/install/zed_interfaces/include/zed_interfaces/msg/detail/keypoint3_d__rosidl_typesupport_introspection_c.h
[5.777s] -- Installing: /home/openark/ros2_ws/src/install/zed_interfaces/include/zed_interfaces/msg/detail/skeleton3_d__rosidl_typesupport_introspection_c.h
[5.777s] -- Installing: /home/openark/ros2_ws/src/install/zed_interfaces/include/zed_interfaces/msg/detail/keypoint2_di__type_support.c
[5.777s] -- Installing: /home/openark/ros2_ws/src/install/zed_interfaces/include/zed_interfaces/msg/detail/skeleton2_d__rosidl_typesupport_introspection_c.h
[5.777s] -- Installing: /home/openark/ros2_ws/src/install/zed_interfaces/include/zed_interfaces/msg/detail/bounding_box2_di__rosidl_typesupport_introspection_c.h
[5.777s] -- Installing: /home/openark/ros2_ws/src/install/zed_interfaces/include/zed_interfaces/msg/detail/object__type_support.c
[5.777s] -- Installing: /home/openark/ros2_ws/src/install/zed_interfaces/include/zed_interfaces/msg/detail/plane_stamped__rosidl_typesupport_introspection_c.h
[5.778s] -- Installing: /home/openark/ros2_ws/src/install/zed_interfaces/include/zed_interfaces/msg/detail/heartbeat__rosidl_typesupport_introspection_c.h
[5.778s] -- Installing: /home/openark/ros2_ws/src/install/zed_interfaces/include/zed_interfaces/msg/detail/keypoint2_df__type_support.c
[5.778s] -- Installing: /home/openark/ros2_ws/src/install/zed_interfaces/include/zed_interfaces/msg/detail/pos_track_status__rosidl_typesupport_introspection_c.h
[5.778s] -- Installing: /home/openark/ros2_ws/src/install/zed_interfaces/include/zed_interfaces/msg/detail/depth_info_stamped__rosidl_typesupport_introspection_c.h
[5.778s] -- Installing: /home/openark/ros2_ws/src/install/zed_interfaces/include/zed_interfaces/msg/detail/bounding_box3_d__rosidl_typesupport_introspection_c.h
[5.778s] -- Installing: /home/openark/ros2_ws/src/install/zed_interfaces/include/zed_interfaces/msg/detail/skeleton3_d__type_support.c
[5.778s] -- Installing: /home/openark/ros2_ws/src/install/zed_interfaces/include/zed_interfaces/msg/detail/plane_stamped__type_support.c
[5.779s] -- Installing: /home/openark/ros2_ws/src/install/zed_interfaces/include/zed_interfaces/msg/detail/bounding_box2_di__type_support.c
[5.779s] -- Installing: /home/openark/ros2_ws/src/install/zed_interfaces/include/zed_interfaces/msg/detail/keypoint3_d__type_support.c
[5.779s] -- Installing: /home/openark/ros2_ws/src/install/zed_interfaces/include/zed_interfaces/msg/detail/pos_track_status__type_support.c
[5.779s] -- Up-to-date: /home/openark/ros2_ws/src/install/zed_interfaces/include/zed_interfaces/srv
[5.779s] -- Up-to-date: /home/openark/ros2_ws/src/install/zed_interfaces/include/zed_interfaces/srv/detail
[5.779s] -- Installing: /home/openark/ros2_ws/src/install/zed_interfaces/include/zed_interfaces/srv/detail/set_roi__rosidl_typesupport_introspection_c.h
[5.779s] -- Installing: /home/openark/ros2_ws/src/install/zed_interfaces/include/zed_interfaces/srv/detail/start_svo_rec__rosidl_typesupport_introspection_c.h
[5.780s] -- Installing: /home/openark/ros2_ws/src/install/zed_interfaces/include/zed_interfaces/srv/detail/set_pose__rosidl_typesupport_introspection_c.h
[5.780s] -- Installing: /home/openark/ros2_ws/src/install/zed_interfaces/include/zed_interfaces/srv/detail/set_pose__type_support.c
[5.780s] -- Installing: /home/openark/ros2_ws/src/install/zed_interfaces/include/zed_interfaces/srv/detail/start_svo_rec__type_support.c
[5.781s] -- Installing: /home/openark/ros2_ws/src/install/zed_interfaces/include/zed_interfaces/srv/detail/set_roi__type_support.c
[5.781s] -- Installing: /home/openark/ros2_ws/src/install/zed_interfaces/lib/libzed_interfaces__rosidl_typesupport_introspection_c.so
[5.782s] -- Set runtime path of "/home/openark/ros2_ws/src/install/zed_interfaces/lib/libzed_interfaces__rosidl_typesupport_introspection_c.so" to ""
[5.782s] -- Installing: /home/openark/ros2_ws/src/install/zed_interfaces/lib/libzed_interfaces__rosidl_typesupport_c.so
[5.782s] -- Set runtime path of "/home/openark/ros2_ws/src/install/zed_interfaces/lib/libzed_interfaces__rosidl_typesupport_c.so" to ""
[5.782s] -- Up-to-date: /home/openark/ros2_ws/src/install/zed_interfaces/include/zed_interfaces
[5.782s] -- Up-to-date: /home/openark/ros2_ws/src/install/zed_interfaces/include/zed_interfaces/msg
[5.782s] -- Installing: /home/openark/ros2_ws/src/install/zed_interfaces/include/zed_interfaces/msg/keypoint2_di.hpp
[5.782s] -- Installing: /home/openark/ros2_ws/src/install/zed_interfaces/include/zed_interfaces/msg/skeleton2_d.hpp
[5.783s] -- Installing: /home/openark/ros2_ws/src/install/zed_interfaces/include/zed_interfaces/msg/bounding_box2_di.hpp
[5.783s] -- Installing: /home/openark/ros2_ws/src/install/zed_interfaces/include/zed_interfaces/msg/depth_info_stamped.hpp
[5.783s] -- Installing: /home/openark/ros2_ws/src/install/zed_interfaces/include/zed_interfaces/msg/plane_stamped.hpp
[5.783s] -- Up-to-date: /home/openark/ros2_ws/src/install/zed_interfaces/include/zed_interfaces/msg/detail
[5.783s] -- Installing: /home/openark/ros2_ws/src/install/zed_interfaces/include/zed_interfaces/msg/detail/bounding_box2_df__traits.hpp
[5.783s] -- Installing: /home/openark/ros2_ws/src/install/zed_interfaces/include/zed_interfaces/msg/detail/keypoint2_df__traits.hpp
[5.783s] -- Installing: /home/openark/ros2_ws/src/install/zed_interfaces/include/zed_interfaces/msg/detail/bounding_box2_df__type_support.hpp
[5.783s] -- Installing: /home/openark/ros2_ws/src/install/zed_interfaces/include/zed_interfaces/msg/detail/skeleton3_d__traits.hpp
[5.784s] -- Installing: /home/openark/ros2_ws/src/install/zed_interfaces/include/zed_interfaces/msg/detail/bounding_box2_df__struct.hpp
[5.784s] -- Installing: /home/openark/ros2_ws/src/install/zed_interfaces/include/zed_interfaces/msg/detail/bounding_box3_d__builder.hpp
[5.784s] -- Installing: /home/openark/ros2_ws/src/install/zed_interfaces/include/zed_interfaces/msg/detail/plane_stamped__type_support.hpp
[5.784s] -- Installing: /home/openark/ros2_ws/src/install/zed_interfaces/include/zed_interfaces/msg/detail/keypoint2_df__type_support.hpp
[5.784s] -- Installing: /home/openark/ros2_ws/src/install/zed_interfaces/include/zed_interfaces/msg/detail/skeleton2_d__type_support.hpp
[5.784s] -- Installing: /home/openark/ros2_ws/src/install/zed_interfaces/include/zed_interfaces/msg/detail/skeleton2_d__traits.hpp
[5.784s] -- Installing: /home/openark/ros2_ws/src/install/zed_interfaces/include/zed_interfaces/msg/detail/objects_stamped__traits.hpp
[5.784s] -- Installing: /home/openark/ros2_ws/src/install/zed_interfaces/include/zed_interfaces/msg/detail/pos_track_status__traits.hpp
[5.785s] -- Installing: /home/openark/ros2_ws/src/install/zed_interfaces/include/zed_interfaces/msg/detail/depth_info_stamped__traits.hpp
[5.785s] -- Installing: /home/openark/ros2_ws/src/install/zed_interfaces/include/zed_interfaces/msg/detail/bounding_box3_d__struct.hpp
[5.785s] -- Installing: /home/openark/ros2_ws/src/install/zed_interfaces/include/zed_interfaces/msg/detail/keypoint2_df__struct.hpp
[5.785s] -- Installing: /home/openark/ros2_ws/src/install/zed_interfaces/include/zed_interfaces/msg/detail/keypoint2_di__struct.hpp
[5.785s] -- Installing: /home/openark/ros2_ws/src/install/zed_interfaces/include/zed_interfaces/msg/detail/objects_stamped__struct.hpp
[5.785s] -- Installing: /home/openark/ros2_ws/src/install/zed_interfaces/include/zed_interfaces/msg/detail/object__struct.hpp
[5.785s] -- Installing: /home/openark/ros2_ws/src/install/zed_interfaces/include/zed_interfaces/msg/detail/pos_track_status__type_support.hpp
[5.786s] -- Installing: /home/openark/ros2_ws/src/install/zed_interfaces/include/zed_interfaces/msg/detail/bounding_box2_df__builder.hpp
[5.786s] -- Installing: /home/openark/ros2_ws/src/install/zed_interfaces/include/zed_interfaces/msg/detail/depth_info_stamped__type_support.hpp
[5.786s] -- Installing: /home/openark/ros2_ws/src/install/zed_interfaces/include/zed_interfaces/msg/detail/skeleton2_d__builder.hpp
[5.786s] -- Installing: /home/openark/ros2_ws/src/install/zed_interfaces/include/zed_interfaces/msg/detail/bounding_box2_di__type_support.hpp
[5.786s] -- Installing: /home/openark/ros2_ws/src/install/zed_interfaces/include/zed_interfaces/msg/detail/keypoint2_di__builder.hpp
[5.786s] -- Installing: /home/openark/ros2_ws/src/install/zed_interfaces/include/zed_interfaces/msg/detail/objects_stamped__builder.hpp
[5.786s] -- Installing: /home/openark/ros2_ws/src/install/zed_interfaces/include/zed_interfaces/msg/detail/heartbeat__traits.hpp
[5.786s] -- Installing: /home/openark/ros2_ws/src/install/zed_interfaces/include/zed_interfaces/msg/detail/plane_stamped__traits.hpp
[5.787s] -- Installing: /home/openark/ros2_ws/src/install/zed_interfaces/include/zed_interfaces/msg/detail/skeleton3_d__struct.hpp
[5.787s] -- Installing: /home/openark/ros2_ws/src/install/zed_interfaces/include/zed_interfaces/msg/detail/keypoint3_d__builder.hpp
[5.787s] -- Installing: /home/openark/ros2_ws/src/install/zed_interfaces/include/zed_interfaces/msg/detail/bounding_box2_di__builder.hpp
[5.787s] -- Installing: /home/openark/ros2_ws/src/install/zed_interfaces/include/zed_interfaces/msg/detail/heartbeat__type_support.hpp
[5.787s] -- Installing: /home/openark/ros2_ws/src/install/zed_interfaces/include/zed_interfaces/msg/detail/bounding_box3_d__traits.hpp
[5.787s] -- Installing: /home/openark/ros2_ws/src/install/zed_interfaces/include/zed_interfaces/msg/detail/bounding_box2_di__traits.hpp
[5.787s] -- Installing: /home/openark/ros2_ws/src/install/zed_interfaces/include/zed_interfaces/msg/detail/heartbeat__builder.hpp
[5.787s] -- Installing: /home/openark/ros2_ws/src/install/zed_interfaces/include/zed_interfaces/msg/detail/keypoint2_di__type_support.hpp
[5.788s] -- Installing: /home/openark/ros2_ws/src/install/zed_interfaces/include/zed_interfaces/msg/detail/object__traits.hpp
[5.788s] -- Installing: /home/openark/ros2_ws/src/install/zed_interfaces/include/zed_interfaces/msg/detail/plane_stamped__builder.hpp
[5.788s] -- Installing: /home/openark/ros2_ws/src/install/zed_interfaces/include/zed_interfaces/msg/detail/keypoint3_d__struct.hpp
[5.788s] -- Installing: /home/openark/ros2_ws/src/install/zed_interfaces/include/zed_interfaces/msg/detail/pos_track_status__builder.hpp
[5.788s] -- Installing: /home/openark/ros2_ws/src/install/zed_interfaces/include/zed_interfaces/msg/detail/objects_stamped__type_support.hpp
[5.788s] -- Installing: /home/openark/ros2_ws/src/install/zed_interfaces/include/zed_interfaces/msg/detail/plane_stamped__struct.hpp
[5.789s] -- Installing: /home/openark/ros2_ws/src/install/zed_interfaces/include/zed_interfaces/msg/detail/skeleton2_d__struct.hpp
[5.789s] -- Installing: /home/openark/ros2_ws/src/install/zed_interfaces/include/zed_interfaces/msg/detail/bounding_box2_di__struct.hpp
[5.789s] -- Installing: /home/openark/ros2_ws/src/install/zed_interfaces/include/zed_interfaces/msg/detail/keypoint3_d__type_support.hpp
[5.789s] -- Installing: /home/openark/ros2_ws/src/install/zed_interfaces/include/zed_interfaces/msg/detail/heartbeat__struct.hpp
[5.789s] -- Installing: /home/openark/ros2_ws/src/install/zed_interfaces/include/zed_interfaces/msg/detail/depth_info_stamped__struct.hpp
[5.789s] -- Installing: /home/openark/ros2_ws/src/install/zed_interfaces/include/zed_interfaces/msg/detail/keypoint2_di__traits.hpp
[5.790s] -- Installing: /home/openark/ros2_ws/src/install/zed_interfaces/include/zed_interfaces/msg/detail/depth_info_stamped__builder.hpp
[5.790s] -- Installing: /home/openark/ros2_ws/src/install/zed_interfaces/include/zed_interfaces/msg/detail/object__type_support.hpp
[5.791s] -- Installing: /home/openark/ros2_ws/src/install/zed_interfaces/include/zed_interfaces/msg/detail/object__builder.hpp
[5.791s] -- Installing: /home/openark/ros2_ws/src/install/zed_interfaces/include/zed_interfaces/msg/detail/keypoint3_d__traits.hpp
[5.792s] -- Installing: /home/openark/ros2_ws/src/install/zed_interfaces/include/zed_interfaces/msg/detail/skeleton3_d__type_support.hpp
[5.792s] -- Installing: /home/openark/ros2_ws/src/install/zed_interfaces/include/zed_interfaces/msg/detail/pos_track_status__struct.hpp
[5.792s] -- Installing: /home/openark/ros2_ws/src/install/zed_interfaces/include/zed_interfaces/msg/detail/skeleton3_d__builder.hpp
[5.793s] -- Installing: /home/openark/ros2_ws/src/install/zed_interfaces/include/zed_interfaces/msg/detail/keypoint2_df__builder.hpp
[5.804s] -- Installing: /home/openark/ros2_ws/src/install/zed_interfaces/include/zed_interfaces/msg/detail/bounding_box3_d__type_support.hpp
[5.805s] -- Installing: /home/openark/ros2_ws/src/install/zed_interfaces/include/zed_interfaces/msg/pos_track_status.hpp
[5.805s] -- Installing: /home/openark/ros2_ws/src/install/zed_interfaces/include/zed_interfaces/msg/objects_stamped.hpp
[5.805s] -- Installing: /home/openark/ros2_ws/src/install/zed_interfaces/include/zed_interfaces/msg/object.hpp
[5.806s] -- Installing: /home/openark/ros2_ws/src/install/zed_interfaces/include/zed_interfaces/msg/keypoint2_df.hpp
[5.807s] -- Installing: /home/openark/ros2_ws/src/install/zed_interfaces/include/zed_interfaces/msg/bounding_box2_df.hpp
[5.807s] -- Installing: /home/openark/ros2_ws/src/install/zed_interfaces/include/zed_interfaces/msg/keypoint3_d.hpp
[5.808s] -- Installing: /home/openark/ros2_ws/src/install/zed_interfaces/include/zed_interfaces/msg/rosidl_generator_cpp__visibility_control.hpp
[5.808s] -- Installing: /home/openark/ros2_ws/src/install/zed_interfaces/include/zed_interfaces/msg/bounding_box3_d.hpp
[5.809s] -- Installing: /home/openark/ros2_ws/src/install/zed_interfaces/include/zed_interfaces/msg/heartbeat.hpp
[5.810s] -- Installing: /home/openark/ros2_ws/src/install/zed_interfaces/include/zed_interfaces/msg/skeleton3_d.hpp
[5.811s] -- Up-to-date: /home/openark/ros2_ws/src/install/zed_interfaces/include/zed_interfaces/srv
[5.811s] -- Installing: /home/openark/ros2_ws/src/install/zed_interfaces/include/zed_interfaces/srv/start_svo_rec.hpp
[5.812s] -- Installing: /home/openark/ros2_ws/src/install/zed_interfaces/include/zed_interfaces/srv/set_pose.hpp
[5.812s] -- Up-to-date: /home/openark/ros2_ws/src/install/zed_interfaces/include/zed_interfaces/srv/detail
[5.813s] -- Installing: /home/openark/ros2_ws/src/install/zed_interfaces/include/zed_interfaces/srv/detail/set_roi__type_support.hpp
[5.813s] -- Installing: /home/openark/ros2_ws/src/install/zed_interfaces/include/zed_interfaces/srv/detail/start_svo_rec__traits.hpp
[5.815s] -- Installing: /home/openark/ros2_ws/src/install/zed_interfaces/include/zed_interfaces/srv/detail/set_pose__traits.hpp
[5.815s] -- Installing: /home/openark/ros2_ws/src/install/zed_interfaces/include/zed_interfaces/srv/detail/set_roi__traits.hpp
[5.816s] -- Installing: /home/openark/ros2_ws/src/install/zed_interfaces/include/zed_interfaces/srv/detail/set_roi__struct.hpp
[5.817s] -- Installing: /home/openark/ros2_ws/src/install/zed_interfaces/include/zed_interfaces/srv/detail/set_roi__builder.hpp
[5.818s] -- Installing: /home/openark/ros2_ws/src/install/zed_interfaces/include/zed_interfaces/srv/detail/start_svo_rec__type_support.hpp
[5.819s] -- Installing: /home/openark/ros2_ws/src/install/zed_interfaces/include/zed_interfaces/srv/detail/set_pose__type_support.hpp
[5.820s] -- Installing: /home/openark/ros2_ws/src/install/zed_interfaces/include/zed_interfaces/srv/detail/start_svo_rec__struct.hpp
[5.823s] -- Installing: /home/openark/ros2_ws/src/install/zed_interfaces/include/zed_interfaces/srv/detail/start_svo_rec__builder.hpp
[5.828s] -- Installing: /home/openark/ros2_ws/src/install/zed_interfaces/include/zed_interfaces/srv/detail/set_pose__builder.hpp
[5.829s] -- Installing: /home/openark/ros2_ws/src/install/zed_interfaces/include/zed_interfaces/srv/detail/set_pose__struct.hpp
[5.830s] -- Installing: /home/openark/ros2_ws/src/install/zed_interfaces/include/zed_interfaces/srv/set_roi.hpp
[5.830s] -- Up-to-date: /home/openark/ros2_ws/src/install/zed_interfaces/include/zed_interfaces
[5.831s] -- Up-to-date: /home/openark/ros2_ws/src/install/zed_interfaces/include/zed_interfaces/msg
[5.831s] -- Up-to-date: /home/openark/ros2_ws/src/install/zed_interfaces/include/zed_interfaces/msg/detail
[5.833s] -- Installing: /home/openark/ros2_ws/src/install/zed_interfaces/include/zed_interfaces/msg/detail/skeleton2_d__rosidl_typesupport_introspection_cpp.hpp
[5.833s] -- Installing: /home/openark/ros2_ws/src/install/zed_interfaces/include/zed_interfaces/msg/detail/heartbeat__type_support.cpp
[5.833s] -- Installing: /home/openark/ros2_ws/src/install/zed_interfaces/include/zed_interfaces/msg/detail/keypoint3_d__rosidl_typesupport_introspection_cpp.hpp
[5.834s] -- Installing: /home/openark/ros2_ws/src/install/zed_interfaces/include/zed_interfaces/msg/detail/pos_track_status__type_support.cpp
[5.834s] -- Installing: /home/openark/ros2_ws/src/install/zed_interfaces/include/zed_interfaces/msg/detail/depth_info_stamped__rosidl_typesupport_introspection_cpp.hpp
[5.835s] -- Installing: /home/openark/ros2_ws/src/install/zed_interfaces/include/zed_interfaces/msg/detail/keypoint2_di__type_support.cpp
[5.835s] -- Installing: /home/openark/ros2_ws/src/install/zed_interfaces/include/zed_interfaces/msg/detail/plane_stamped__rosidl_typesupport_introspection_cpp.hpp
[5.836s] -- Installing: /home/openark/ros2_ws/src/install/zed_interfaces/include/zed_interfaces/msg/detail/pos_track_status__rosidl_typesupport_introspection_cpp.hpp
[5.836s] -- Installing: /home/openark/ros2_ws/src/install/zed_interfaces/include/zed_interfaces/msg/detail/objects_stamped__type_support.cpp
[5.838s] -- Installing: /home/openark/ros2_ws/src/install/zed_interfaces/include/zed_interfaces/msg/detail/bounding_box3_d__rosidl_typesupport_introspection_cpp.hpp
[5.838s] -- Installing: /home/openark/ros2_ws/src/install/zed_interfaces/include/zed_interfaces/msg/detail/keypoint2_di__rosidl_typesupport_introspection_cpp.hpp
[5.838s] -- Installing: /home/openark/ros2_ws/src/install/zed_interfaces/include/zed_interfaces/msg/detail/object__type_support.cpp
[5.839s] -- Installing: /home/openark/ros2_ws/src/install/zed_interfaces/include/zed_interfaces/msg/detail/skeleton3_d__rosidl_typesupport_introspection_cpp.hpp
[5.839s] -- Installing: /home/openark/ros2_ws/src/install/zed_interfaces/include/zed_interfaces/msg/detail/keypoint2_df__rosidl_typesupport_introspection_cpp.hpp
[5.841s] -- Installing: /home/openark/ros2_ws/src/install/zed_interfaces/include/zed_interfaces/msg/detail/heartbeat__rosidl_typesupport_introspection_cpp.hpp
[5.841s] -- Installing: /home/openark/ros2_ws/src/install/zed_interfaces/include/zed_interfaces/msg/detail/keypoint3_d__type_support.cpp
[5.843s] -- Installing: /home/openark/ros2_ws/src/install/zed_interfaces/include/zed_interfaces/msg/detail/bounding_box2_di__rosidl_typesupport_introspection_cpp.hpp
[5.847s] -- Installing: /home/openark/ros2_ws/src/install/zed_interfaces/include/zed_interfaces/msg/detail/keypoint2_df__type_support.cpp
[5.848s] -- Installing: /home/openark/ros2_ws/src/install/zed_interfaces/include/zed_interfaces/msg/detail/bounding_box2_df__type_support.cpp
[5.848s] -- Installing: /home/openark/ros2_ws/src/install/zed_interfaces/include/zed_interfaces/msg/detail/depth_info_stamped__type_support.cpp
[5.850s] -- Installing: /home/openark/ros2_ws/src/install/zed_interfaces/include/zed_interfaces/msg/detail/bounding_box2_di__type_support.cpp
[5.851s] -- Installing: /home/openark/ros2_ws/src/install/zed_interfaces/include/zed_interfaces/msg/detail/bounding_box2_df__rosidl_typesupport_introspection_cpp.hpp
[5.851s] -- Installing: /home/openark/ros2_ws/src/install/zed_interfaces/include/zed_interfaces/msg/detail/skeleton2_d__type_support.cpp
[5.852s] -- Installing: /home/openark/ros2_ws/src/install/zed_interfaces/include/zed_interfaces/msg/detail/objects_stamped__rosidl_typesupport_introspection_cpp.hpp
[5.853s] -- Installing: /home/openark/ros2_ws/src/install/zed_interfaces/include/zed_interfaces/msg/detail/bounding_box3_d__type_support.cpp
[5.854s] -- Installing: /home/openark/ros2_ws/src/install/zed_interfaces/include/zed_interfaces/msg/detail/skeleton3_d__type_support.cpp
[5.856s] -- Installing: /home/openark/ros2_ws/src/install/zed_interfaces/include/zed_interfaces/msg/detail/plane_stamped__type_support.cpp
[5.857s] -- Installing: /home/openark/ros2_ws/src/install/zed_interfaces/include/zed_interfaces/msg/detail/object__rosidl_typesupport_introspection_cpp.hpp
[5.859s] -- Up-to-date: /home/openark/ros2_ws/src/install/zed_interfaces/include/zed_interfaces/srv
[5.860s] -- Up-to-date: /home/openark/ros2_ws/src/install/zed_interfaces/include/zed_interfaces/srv/detail
[5.862s] -- Installing: /home/openark/ros2_ws/src/install/zed_interfaces/include/zed_interfaces/srv/detail/set_roi__type_support.cpp
[5.862s] -- Installing: /home/openark/ros2_ws/src/install/zed_interfaces/include/zed_interfaces/srv/detail/start_svo_rec__type_support.cpp
[5.862s] -- Installing: /home/openark/ros2_ws/src/install/zed_interfaces/include/zed_interfaces/srv/detail/set_pose__rosidl_typesupport_introspection_cpp.hpp
[5.864s] -- Installing: /home/openark/ros2_ws/src/install/zed_interfaces/include/zed_interfaces/srv/detail/start_svo_rec__rosidl_typesupport_introspection_cpp.hpp
[5.864s] -- Installing: /home/openark/ros2_ws/src/install/zed_interfaces/include/zed_interfaces/srv/detail/set_pose__type_support.cpp
[5.864s] -- Installing: /home/openark/ros2_ws/src/install/zed_interfaces/include/zed_interfaces/srv/detail/set_roi__rosidl_typesupport_introspection_cpp.hpp
[5.864s] -- Installing: /home/openark/ros2_ws/src/install/zed_interfaces/lib/libzed_interfaces__rosidl_typesupport_introspection_cpp.so
[5.864s] -- Set runtime path of "/home/openark/ros2_ws/src/install/zed_interfaces/lib/libzed_interfaces__rosidl_typesupport_introspection_cpp.so" to ""
[5.864s] -- Installing: /home/openark/ros2_ws/src/install/zed_interfaces/lib/libzed_interfaces__rosidl_typesupport_cpp.so
[5.864s] -- Set runtime path of "/home/openark/ros2_ws/src/install/zed_interfaces/lib/libzed_interfaces__rosidl_typesupport_cpp.so" to ""
[5.865s] -- Installing: /home/openark/ros2_ws/src/install/zed_interfaces/share/zed_interfaces/environment/pythonpath.sh
[5.865s] -- Installing: /home/openark/ros2_ws/src/install/zed_interfaces/share/zed_interfaces/environment/pythonpath.dsv
[5.865s] -- Installing: /home/openark/ros2_ws/src/install/zed_interfaces/lib/python3.8/site-packages/zed_interfaces/__init__.py
[5.865s] Compiling '/home/openark/ros2_ws/src/install/zed_interfaces/lib/python3.8/site-packages/zed_interfaces/__init__.py'...
[5.865s] -- Up-to-date: /home/openark/ros2_ws/src/install/zed_interfaces/lib/python3.8/site-packages/zed_interfaces/msg
[5.865s] -- Installing: /home/openark/ros2_ws/src/install/zed_interfaces/lib/python3.8/site-packages/zed_interfaces/msg/_keypoint2_di_s.c
[5.865s] -- Installing: /home/openark/ros2_ws/src/install/zed_interfaces/lib/python3.8/site-packages/zed_interfaces/msg/_objects_stamped_s.c
[5.865s] -- Installing: /home/openark/ros2_ws/src/install/zed_interfaces/lib/python3.8/site-packages/zed_interfaces/msg/_bounding_box2_df_s.c
[5.865s] -- Installing: /home/openark/ros2_ws/src/install/zed_interfaces/lib/python3.8/site-packages/zed_interfaces/msg/__init__.py
[5.866s] -- Installing: /home/openark/ros2_ws/src/install/zed_interfaces/lib/python3.8/site-packages/zed_interfaces/msg/_object_s.c
[5.866s] -- Installing: /home/openark/ros2_ws/src/install/zed_interfaces/lib/python3.8/site-packages/zed_interfaces/msg/_heartbeat_s.c
[5.866s] -- Installing: /home/openark/ros2_ws/src/install/zed_interfaces/lib/python3.8/site-packages/zed_interfaces/msg/_keypoint2_di.py
[5.866s] -- Installing: /home/openark/ros2_ws/src/install/zed_interfaces/lib/python3.8/site-packages/zed_interfaces/msg/_objects_stamped.py
[5.866s] -- Installing: /home/openark/ros2_ws/src/install/zed_interfaces/lib/python3.8/site-packages/zed_interfaces/msg/_keypoint3_d.py
[5.866s] -- Installing: /home/openark/ros2_ws/src/install/zed_interfaces/lib/python3.8/site-packages/zed_interfaces/msg/_plane_stamped.py
[5.866s] -- Installing: /home/openark/ros2_ws/src/install/zed_interfaces/lib/python3.8/site-packages/zed_interfaces/msg/_object.py
[5.866s] -- Installing: /home/openark/ros2_ws/src/install/zed_interfaces/lib/python3.8/site-packages/zed_interfaces/msg/_depth_info_stamped.py
[5.866s] -- Installing: /home/openark/ros2_ws/src/install/zed_interfaces/lib/python3.8/site-packages/zed_interfaces/msg/_bounding_box2_di.py
[5.866s] -- Installing: /home/openark/ros2_ws/src/install/zed_interfaces/lib/python3.8/site-packages/zed_interfaces/msg/_plane_stamped_s.c
[5.867s] -- Installing: /home/openark/ros2_ws/src/install/zed_interfaces/lib/python3.8/site-packages/zed_interfaces/msg/_pos_track_status_s.c
[5.867s] -- Installing: /home/openark/ros2_ws/src/install/zed_interfaces/lib/python3.8/site-packages/zed_interfaces/msg/_skeleton2_d_s.c
[5.867s] -- Installing: /home/openark/ros2_ws/src/install/zed_interfaces/lib/python3.8/site-packages/zed_interfaces/msg/_bounding_box3_d.py
[5.867s] -- Installing: /home/openark/ros2_ws/src/install/zed_interfaces/lib/python3.8/site-packages/zed_interfaces/msg/_keypoint3_d_s.c
[5.868s] -- Installing: /home/openark/ros2_ws/src/install/zed_interfaces/lib/python3.8/site-packages/zed_interfaces/msg/_skeleton3_d.py
[5.868s] -- Installing: /home/openark/ros2_ws/src/install/zed_interfaces/lib/python3.8/site-packages/zed_interfaces/msg/_bounding_box2_df.py
[5.869s] -- Installing: /home/openark/ros2_ws/src/install/zed_interfaces/lib/python3.8/site-packages/zed_interfaces/msg/_keypoint2_df.py
[5.869s] -- Installing: /home/openark/ros2_ws/src/install/zed_interfaces/lib/python3.8/site-packages/zed_interfaces/msg/_keypoint2_df_s.c
[5.869s] -- Installing: /home/openark/ros2_ws/src/install/zed_interfaces/lib/python3.8/site-packages/zed_interfaces/msg/_bounding_box2_di_s.c
[5.869s] -- Installing: /home/openark/ros2_ws/src/install/zed_interfaces/lib/python3.8/site-packages/zed_interfaces/msg/_bounding_box3_d_s.c
[5.869s] -- Installing: /home/openark/ros2_ws/src/install/zed_interfaces/lib/python3.8/site-packages/zed_interfaces/msg/_skeleton3_d_s.c
[5.869s] -- Installing: /home/openark/ros2_ws/src/install/zed_interfaces/lib/python3.8/site-packages/zed_interfaces/msg/_pos_track_status.py
[5.869s] -- Installing: /home/openark/ros2_ws/src/install/zed_interfaces/lib/python3.8/site-packages/zed_interfaces/msg/_heartbeat.py
[5.870s] -- Installing: /home/openark/ros2_ws/src/install/zed_interfaces/lib/python3.8/site-packages/zed_interfaces/msg/_depth_info_stamped_s.c
[5.870s] -- Installing: /home/openark/ros2_ws/src/install/zed_interfaces/lib/python3.8/site-packages/zed_interfaces/msg/_skeleton2_d.py
[5.870s] -- Up-to-date: /home/openark/ros2_ws/src/install/zed_interfaces/lib/python3.8/site-packages/zed_interfaces/srv
[5.870s] -- Installing: /home/openark/ros2_ws/src/install/zed_interfaces/lib/python3.8/site-packages/zed_interfaces/srv/_set_pose.py
[5.870s] -- Installing: /home/openark/ros2_ws/src/install/zed_interfaces/lib/python3.8/site-packages/zed_interfaces/srv/__init__.py
[5.871s] -- Installing: /home/openark/ros2_ws/src/install/zed_interfaces/lib/python3.8/site-packages/zed_interfaces/srv/_set_roi_s.c
[5.871s] -- Installing: /home/openark/ros2_ws/src/install/zed_interfaces/lib/python3.8/site-packages/zed_interfaces/srv/_start_svo_rec.py
[5.871s] -- Installing: /home/openark/ros2_ws/src/install/zed_interfaces/lib/python3.8/site-packages/zed_interfaces/srv/_set_pose_s.c
[5.871s] -- Installing: /home/openark/ros2_ws/src/install/zed_interfaces/lib/python3.8/site-packages/zed_interfaces/srv/_set_roi.py
[5.872s] -- Installing: /home/openark/ros2_ws/src/install/zed_interfaces/lib/python3.8/site-packages/zed_interfaces/srv/_start_svo_rec_s.c
[5.872s] -- Installing: /home/openark/ros2_ws/src/install/zed_interfaces/lib/python3.8/site-packages/zed_interfaces/zed_interfaces_s__rosidl_typesupport_fastrtps_c.cpython-38-x86_64-linux-gnu.so
[5.872s] -- Set runtime path of "/home/openark/ros2_ws/src/install/zed_interfaces/lib/python3.8/site-packages/zed_interfaces/zed_interfaces_s__rosidl_typesupport_fastrtps_c.cpython-38-x86_64-linux-gnu.so" to ""
[5.872s] -- Installing: /home/openark/ros2_ws/src/install/zed_interfaces/lib/python3.8/site-packages/zed_interfaces/zed_interfaces_s__rosidl_typesupport_introspection_c.cpython-38-x86_64-linux-gnu.so
[5.872s] -- Set runtime path of "/home/openark/ros2_ws/src/install/zed_interfaces/lib/python3.8/site-packages/zed_interfaces/zed_interfaces_s__rosidl_typesupport_introspection_c.cpython-38-x86_64-linux-gnu.so" to ""
[5.872s] -- Installing: /home/openark/ros2_ws/src/install/zed_interfaces/lib/python3.8/site-packages/zed_interfaces/zed_interfaces_s__rosidl_typesupport_c.cpython-38-x86_64-linux-gnu.so
[5.873s] -- Set runtime path of "/home/openark/ros2_ws/src/install/zed_interfaces/lib/python3.8/site-packages/zed_interfaces/zed_interfaces_s__rosidl_typesupport_c.cpython-38-x86_64-linux-gnu.so" to ""
[5.873s] -- Installing: /home/openark/ros2_ws/src/install/zed_interfaces/lib/libzed_interfaces__python.so
[5.873s] -- Set runtime path of "/home/openark/ros2_ws/src/install/zed_interfaces/lib/libzed_interfaces__python.so" to ""
[5.873s] -- Installing: /home/openark/ros2_ws/src/install/zed_interfaces/share/zed_interfaces/msg/Object.idl
[5.873s] -- Installing: /home/openark/ros2_ws/src/install/zed_interfaces/share/zed_interfaces/msg/ObjectsStamped.idl
[5.873s] -- Installing: /home/openark/ros2_ws/src/install/zed_interfaces/share/zed_interfaces/msg/Keypoint2Di.idl
[5.873s] -- Installing: /home/openark/ros2_ws/src/install/zed_interfaces/share/zed_interfaces/msg/Keypoint2Df.idl
[5.874s] -- Installing: /home/openark/ros2_ws/src/install/zed_interfaces/share/zed_interfaces/msg/Keypoint3D.idl
[5.874s] -- Installing: /home/openark/ros2_ws/src/install/zed_interfaces/share/zed_interfaces/msg/BoundingBox2Di.idl
[5.874s] -- Installing: /home/openark/ros2_ws/src/install/zed_interfaces/share/zed_interfaces/msg/BoundingBox2Df.idl
[5.874s] -- Installing: /home/openark/ros2_ws/src/install/zed_interfaces/share/zed_interfaces/msg/BoundingBox3D.idl
[5.874s] -- Installing: /home/openark/ros2_ws/src/install/zed_interfaces/share/zed_interfaces/msg/Skeleton2D.idl
[5.875s] -- Installing: /home/openark/ros2_ws/src/install/zed_interfaces/share/zed_interfaces/msg/Skeleton3D.idl
[5.875s] -- Installing: /home/openark/ros2_ws/src/install/zed_interfaces/share/zed_interfaces/msg/DepthInfoStamped.idl
[5.875s] -- Installing: /home/openark/ros2_ws/src/install/zed_interfaces/share/zed_interfaces/msg/PlaneStamped.idl
[5.875s] -- Installing: /home/openark/ros2_ws/src/install/zed_interfaces/share/zed_interfaces/msg/PosTrackStatus.idl
[5.875s] -- Installing: /home/openark/ros2_ws/src/install/zed_interfaces/share/zed_interfaces/msg/Heartbeat.idl
[5.876s] -- Installing: /home/openark/ros2_ws/src/install/zed_interfaces/share/zed_interfaces/srv/SetPose.idl
[5.876s] -- Installing: /home/openark/ros2_ws/src/install/zed_interfaces/share/zed_interfaces/srv/StartSvoRec.idl
[5.876s] -- Installing: /home/openark/ros2_ws/src/install/zed_interfaces/share/zed_interfaces/srv/SetROI.idl
[5.876s] -- Installing: /home/openark/ros2_ws/src/install/zed_interfaces/share/zed_interfaces/msg/Object.msg
[5.876s] -- Installing: /home/openark/ros2_ws/src/install/zed_interfaces/share/zed_interfaces/msg/ObjectsStamped.msg
[5.876s] -- Installing: /home/openark/ros2_ws/src/install/zed_interfaces/share/zed_interfaces/msg/Keypoint2Di.msg
[5.876s] -- Installing: /home/openark/ros2_ws/src/install/zed_interfaces/share/zed_interfaces/msg/Keypoint2Df.msg
[5.876s] -- Installing: /home/openark/ros2_ws/src/install/zed_interfaces/share/zed_interfaces/msg/Keypoint3D.msg
[5.876s] -- Installing: /home/openark/ros2_ws/src/install/zed_interfaces/share/zed_interfaces/msg/BoundingBox2Di.msg
[5.877s] -- Installing: /home/openark/ros2_ws/src/install/zed_interfaces/share/zed_interfaces/msg/BoundingBox2Df.msg
[5.877s] -- Installing: /home/openark/ros2_ws/src/install/zed_interfaces/share/zed_interfaces/msg/BoundingBox3D.msg
[5.877s] -- Installing: /home/openark/ros2_ws/src/install/zed_interfaces/share/zed_interfaces/msg/Skeleton2D.msg
[5.877s] -- Installing: /home/openark/ros2_ws/src/install/zed_interfaces/share/zed_interfaces/msg/Skeleton3D.msg
[5.878s] -- Installing: /home/openark/ros2_ws/src/install/zed_interfaces/share/zed_interfaces/msg/DepthInfoStamped.msg
[5.879s] -- Installing: /home/openark/ros2_ws/src/install/zed_interfaces/share/zed_interfaces/msg/PlaneStamped.msg
[5.879s] -- Installing: /home/openark/ros2_ws/src/install/zed_interfaces/share/zed_interfaces/msg/PosTrackStatus.msg
[5.880s] -- Installing: /home/openark/ros2_ws/src/install/zed_interfaces/share/zed_interfaces/msg/Heartbeat.msg
[5.880s] -- Installing: /home/openark/ros2_ws/src/install/zed_interfaces/share/zed_interfaces/srv/SetPose.srv
[5.880s] -- Installing: /home/openark/ros2_ws/src/install/zed_interfaces/share/zed_interfaces/srv/SetPose_Request.msg
[5.880s] -- Installing: /home/openark/ros2_ws/src/install/zed_interfaces/share/zed_interfaces/srv/SetPose_Response.msg
[5.883s] -- Installing: /home/openark/ros2_ws/src/install/zed_interfaces/share/zed_interfaces/srv/StartSvoRec.srv
[5.884s] -- Installing: /home/openark/ros2_ws/src/install/zed_interfaces/share/zed_interfaces/srv/StartSvoRec_Request.msg
[5.884s] -- Installing: /home/openark/ros2_ws/src/install/zed_interfaces/share/zed_interfaces/srv/StartSvoRec_Response.msg
[5.884s] -- Installing: /home/openark/ros2_ws/src/install/zed_interfaces/share/zed_interfaces/srv/SetROI.srv
[5.887s] -- Installing: /home/openark/ros2_ws/src/install/zed_interfaces/share/zed_interfaces/srv/SetROI_Request.msg
[5.888s] -- Installing: /home/openark/ros2_ws/src/install/zed_interfaces/share/zed_interfaces/srv/SetROI_Response.msg
[5.888s] -- Up-to-date: /home/openark/ros2_ws/src/install/zed_interfaces/share/zed_interfaces/meshes
[5.889s] -- Installing: /home/openark/ros2_ws/src/install/zed_interfaces/share/zed_interfaces/meshes/zedx.stl
[5.890s] -- Installing: /home/openark/ros2_ws/src/install/zed_interfaces/share/zed_interfaces/meshes/zed2.stl
[5.890s] -- Installing: /home/openark/ros2_ws/src/install/zed_interfaces/share/zed_interfaces/meshes/zed2i.stl
[5.891s] -- Installing: /home/openark/ros2_ws/src/install/zed_interfaces/share/zed_interfaces/meshes/zedm.stl
[5.891s] -- Installing: /home/openark/ros2_ws/src/install/zed_interfaces/share/zed_interfaces/meshes/zedxm.stl
[5.900s] -- Installing: /home/openark/ros2_ws/src/install/zed_interfaces/share/zed_interfaces/meshes/zed.stl
[5.901s] -- Installing: /home/openark/ros2_ws/src/install/zed_interfaces/share/ament_index/resource_index/package_run_dependencies/zed_interfaces
[5.903s] -- Installing: /home/openark/ros2_ws/src/install/zed_interfaces/share/ament_index/resource_index/parent_prefix_path/zed_interfaces
[5.903s] -- Up-to-date: /home/openark/ros2_ws/src/install/zed_interfaces/share/zed_interfaces/environment/ament_prefix_path.sh
[5.903s] -- Installing: /home/openark/ros2_ws/src/install/zed_interfaces/share/zed_interfaces/environment/ament_prefix_path.dsv
[5.904s] -- Up-to-date: /home/openark/ros2_ws/src/install/zed_interfaces/share/zed_interfaces/environment/path.sh
[5.905s] -- Installing: /home/openark/ros2_ws/src/install/zed_interfaces/share/zed_interfaces/environment/path.dsv
[5.906s] -- Installing: /home/openark/ros2_ws/src/install/zed_interfaces/share/zed_interfaces/local_setup.bash
[5.907s] -- Installing: /home/openark/ros2_ws/src/install/zed_interfaces/share/zed_interfaces/local_setup.sh
[5.908s] -- Installing: /home/openark/ros2_ws/src/install/zed_interfaces/share/zed_interfaces/local_setup.zsh
[5.909s] -- Installing: /home/openark/ros2_ws/src/install/zed_interfaces/share/zed_interfaces/local_setup.dsv
[5.910s] -- Installing: /home/openark/ros2_ws/src/install/zed_interfaces/share/zed_interfaces/package.dsv
[5.911s] -- Installing: /home/openark/ros2_ws/src/install/zed_interfaces/share/ament_index/resource_index/packages/zed_interfaces
[5.911s] -- Installing: /home/openark/ros2_ws/src/install/zed_interfaces/share/zed_interfaces/cmake/zed_interfaces__rosidl_generator_cExport.cmake
[5.912s] -- Installing: /home/openark/ros2_ws/src/install/zed_interfaces/share/zed_interfaces/cmake/zed_interfaces__rosidl_generator_cExport-noconfig.cmake
[5.912s] -- Installing: /home/openark/ros2_ws/src/install/zed_interfaces/share/zed_interfaces/cmake/zed_interfaces__rosidl_typesupport_introspection_cExport.cmake
[5.913s] -- Installing: /home/openark/ros2_ws/src/install/zed_interfaces/share/zed_interfaces/cmake/zed_interfaces__rosidl_typesupport_introspection_cExport-noconfig.cmake
[5.913s] -- Installing: /home/openark/ros2_ws/src/install/zed_interfaces/share/zed_interfaces/cmake/zed_interfaces__rosidl_typesupport_cExport.cmake
[5.913s] -- Installing: /home/openark/ros2_ws/src/install/zed_interfaces/share/zed_interfaces/cmake/zed_interfaces__rosidl_typesupport_cExport-noconfig.cmake
[5.914s] -- Installing: /home/openark/ros2_ws/src/install/zed_interfaces/share/zed_interfaces/cmake/zed_interfaces__rosidl_generator_cppExport.cmake
[5.914s] -- Installing: /home/openark/ros2_ws/src/install/zed_interfaces/share/zed_interfaces/cmake/zed_interfaces__rosidl_typesupport_introspection_cppExport.cmake
[5.914s] -- Installing: /home/openark/ros2_ws/src/install/zed_interfaces/share/zed_interfaces/cmake/zed_interfaces__rosidl_typesupport_introspection_cppExport-noconfig.cmake
[5.915s] -- Installing: /home/openark/ros2_ws/src/install/zed_interfaces/share/zed_interfaces/cmake/zed_interfaces__rosidl_typesupport_cppExport.cmake
[5.915s] -- Installing: /home/openark/ros2_ws/src/install/zed_interfaces/share/zed_interfaces/cmake/zed_interfaces__rosidl_typesupport_cppExport-noconfig.cmake
[5.916s] -- Installing: /home/openark/ros2_ws/src/install/zed_interfaces/share/zed_interfaces/cmake/rosidl_cmake-extras.cmake
[5.917s] -- Installing: /home/openark/ros2_ws/src/install/zed_interfaces/share/zed_interfaces/cmake/ament_cmake_export_dependencies-extras.cmake
[5.917s] -- Installing: /home/openark/ros2_ws/src/install/zed_interfaces/share/zed_interfaces/cmake/ament_cmake_export_libraries-extras.cmake
[5.917s] -- Installing: /home/openark/ros2_ws/src/install/zed_interfaces/share/zed_interfaces/cmake/ament_cmake_export_targets-extras.cmake
[5.917s] -- Installing: /home/openark/ros2_ws/src/install/zed_interfaces/share/zed_interfaces/cmake/ament_cmake_export_include_directories-extras.cmake
[5.918s] -- Installing: /home/openark/ros2_ws/src/install/zed_interfaces/share/zed_interfaces/cmake/rosidl_cmake_export_typesupport_libraries-extras.cmake
[5.919s] -- Installing: /home/openark/ros2_ws/src/install/zed_interfaces/share/zed_interfaces/cmake/rosidl_cmake_export_typesupport_targets-extras.cmake
[5.920s] -- Installing: /home/openark/ros2_ws/src/install/zed_interfaces/share/zed_interfaces/cmake/zed_interfacesConfig.cmake
[5.920s] -- Installing: /home/openark/ros2_ws/src/install/zed_interfaces/share/zed_interfaces/cmake/zed_interfacesConfig-version.cmake
[5.920s] -- Installing: /home/openark/ros2_ws/src/install/zed_interfaces/share/zed_interfaces/package.xml
[8.637s] Invoked command in '/home/openark/ros2_ws/src/build/zed_interfaces' returned '0': CMAKE_PREFIX_PATH=/home/openark/ros2_ws/install/zed_ros2:/home/openark/ros2_ws/install/zed_multi_camera:/home/openark/ros2_ws/install/zed_display_rviz2:/home/openark/ros2_ws/install/zed_wrapper:/home/openark/ros2_ws/install/zed_tutorial_video:/home/openark/ros2_ws/install/zed_tutorial_pos_tracking:/home/openark/ros2_ws/install/zed_tutorial_depth:/home/openark/ros2_ws/install/zed_topic_benchmark_interfaces:/home/openark/ros2_ws/install/zed_rgb_convert:/home/openark/ros2_ws/install/zed_components:/home/openark/ros2_ws/install/rviz_plugin_zed_od:/home/openark/ros2_ws/install/zed_interfaces:/home/openark/ros2_ws/install/examples_rclpy_minimal_subscriber:/home/openark/ros2_ws/install/examples_rclpy_minimal_service:/home/openark/ros2_ws/install/examples_rclpy_minimal_publisher:/home/openark/ros2_ws/install/examples_rclpy_minimal_client:/home/openark/ros2_ws/install/examples_rclpy_minimal_action_server:/home/openark/ros2_ws/install/examples_rclpy_minimal_action_client:/home/openark/ros2_ws/install/examples_rclpy_executors:/home/openark/ros2_ws/src/install/examples_rclpy_minimal_subscriber:/home/openark/ros2_ws/src/install/examples_rclpy_minimal_service:/home/openark/ros2_ws/src/install/examples_rclpy_minimal_publisher:/home/openark/ros2_ws/src/install/examples_rclpy_minimal_client:/home/openark/ros2_ws/src/install/examples_rclpy_minimal_action_server:/home/openark/ros2_ws/src/install/examples_rclpy_minimal_action_client:/home/openark/ros2_ws/src/install/examples_rclpy_executors:/opt/ros/foxy:/home/openark/ros2_ws/install/septentrio_gnss_driver:/home/openark/ros2_ws/install/roar_septentrio_interface:/home/openark/ros2_ws/install/examples_rclcpp_multithreaded_executor:/home/openark/ros2_ws/install/examples_rclcpp_minimal_timer:/home/openark/ros2_ws/install/examples_rclcpp_minimal_subscriber:/home/openark/ros2_ws/install/examples_rclcpp_minimal_service:/home/openark/ros2_ws/install/examples_rclcpp_minimal_publisher:/home/openark/ros2_ws/install/examples_rclcpp_minimal_composition:/home/openark/ros2_ws/install/examples_rclcpp_minimal_client:/home/openark/ros2_ws/install/examples_rclcpp_minimal_action_server:/home/openark/ros2_ws/install/examples_rclcpp_minimal_action_client:/home/openark/ros2_ws/src/install/zed_ros2:/home/openark/ros2_ws/src/install/zed_multi_camera:/home/openark/ros2_ws/src/install/zed_display_rviz2:/home/openark/ros2_ws/src/install/zed_wrapper:/home/openark/ros2_ws/src/install/zed_tutorial_video:/home/openark/ros2_ws/src/install/zed_tutorial_pos_tracking:/home/openark/ros2_ws/src/install/zed_tutorial_depth:/home/openark/ros2_ws/src/install/zed_topic_benchmark_interfaces:/home/openark/ros2_ws/src/install/zed_rgb_convert:/home/openark/ros2_ws/src/install/zed_components:/home/openark/ros2_ws/src/install/rviz_plugin_zed_od:/home/openark/ros2_ws/src/install/zed_interfaces:/home/openark/ros2_ws/src/install/septentrio_gnss_driver:/home/openark/ros2_ws/src/install/roar_septentrio_interface:/home/openark/ros2_ws/src/install/examples_rclcpp_multithreaded_executor:/home/openark/ros2_ws/src/install/examples_rclcpp_minimal_timer:/home/openark/ros2_ws/src/install/examples_rclcpp_minimal_subscriber:/home/openark/ros2_ws/src/install/examples_rclcpp_minimal_service:/home/openark/ros2_ws/src/install/examples_rclcpp_minimal_publisher:/home/openark/ros2_ws/src/install/examples_rclcpp_minimal_composition:/home/openark/ros2_ws/src/install/examples_rclcpp_minimal_client:/home/openark/ros2_ws/src/install/examples_rclcpp_minimal_action_server:/home/openark/ros2_ws/src/install/examples_rclcpp_minimal_action_client /usr/bin/cmake --install /home/openark/ros2_ws/src/build/zed_interfaces
