[2.674s] Invoking command in '/home/openark/ros2_ws/src/build/zed_interfaces': CMAKE_PREFIX_PATH=/home/openark/ros2_ws/install/zed_ros2:/home/openark/ros2_ws/install/zed_multi_camera:/home/openark/ros2_ws/install/zed_display_rviz2:/home/openark/ros2_ws/install/zed_wrapper:/home/openark/ros2_ws/install/zed_tutorial_video:/home/openark/ros2_ws/install/zed_tutorial_pos_tracking:/home/openark/ros2_ws/install/zed_tutorial_depth:/home/openark/ros2_ws/install/zed_topic_benchmark_interfaces:/home/openark/ros2_ws/install/zed_rgb_convert:/home/openark/ros2_ws/install/zed_components:/home/openark/ros2_ws/install/rviz_plugin_zed_od:/home/openark/ros2_ws/install/zed_interfaces:/home/openark/ros2_ws/install/examples_rclpy_minimal_subscriber:/home/openark/ros2_ws/install/examples_rclpy_minimal_service:/home/openark/ros2_ws/install/examples_rclpy_minimal_publisher:/home/openark/ros2_ws/install/examples_rclpy_minimal_client:/home/openark/ros2_ws/install/examples_rclpy_minimal_action_server:/home/openark/ros2_ws/install/examples_rclpy_minimal_action_client:/home/openark/ros2_ws/install/examples_rclpy_executors:/opt/ros/foxy:/home/openark/ros2_ws/install/septentrio_gnss_driver:/home/openark/ros2_ws/install/roar_septentrio_interface:/home/openark/ros2_ws/install/examples_rclcpp_multithreaded_executor:/home/openark/ros2_ws/install/examples_rclcpp_minimal_timer:/home/openark/ros2_ws/install/examples_rclcpp_minimal_subscriber:/home/openark/ros2_ws/install/examples_rclcpp_minimal_service:/home/openark/ros2_ws/install/examples_rclcpp_minimal_publisher:/home/openark/ros2_ws/install/examples_rclcpp_minimal_composition:/home/openark/ros2_ws/install/examples_rclcpp_minimal_client:/home/openark/ros2_ws/install/examples_rclcpp_minimal_action_server:/home/openark/ros2_ws/install/examples_rclcpp_minimal_action_client /usr/bin/cmake --build /home/openark/ros2_ws/src/build/zed_interfaces -- -j12 -l12
[3.990s] [  0%] Built target zed_interfaces__cpp
[3.990s] [ 12%] Built target zed_interfaces__rosidl_generator_c
[3.990s] [ 24%] Built target zed_interfaces__rosidl_typesupport_cpp
[3.991s] [ 44%] Built target zed_interfaces__rosidl_typesupport_c
[3.991s] [ 48%] Built target zed_interfaces__rosidl_typesupport_fastrtps_cpp
[3.993s] [ 65%] Built target zed_interfaces__rosidl_typesupport_introspection_c
[3.994s] [ 72%] Built target zed_interfaces__rosidl_typesupport_introspection_cpp
[3.994s] [ 84%] Built target zed_interfaces__rosidl_typesupport_fastrtps_c
[3.994s] [ 84%] Built target zed_interfaces
[3.995s] [ 85%] Built target zed_interfaces__py
[3.996s] [ 96%] Built target zed_interfaces__python
[3.996s] [ 97%] Built target zed_interfaces__rosidl_typesupport_fastrtps_c__pyext
[3.997s] [ 98%] Built target zed_interfaces__rosidl_typesupport_c__pyext
[3.998s] [100%] Built target zed_interfaces__rosidl_typesupport_introspection_c__pyext
[4.065s] Invoked command in '/home/openark/ros2_ws/src/build/zed_interfaces' returned '0': CMAKE_PREFIX_PATH=/home/openark/ros2_ws/install/zed_ros2:/home/openark/ros2_ws/install/zed_multi_camera:/home/openark/ros2_ws/install/zed_display_rviz2:/home/openark/ros2_ws/install/zed_wrapper:/home/openark/ros2_ws/install/zed_tutorial_video:/home/openark/ros2_ws/install/zed_tutorial_pos_tracking:/home/openark/ros2_ws/install/zed_tutorial_depth:/home/openark/ros2_ws/install/zed_topic_benchmark_interfaces:/home/openark/ros2_ws/install/zed_rgb_convert:/home/openark/ros2_ws/install/zed_components:/home/openark/ros2_ws/install/rviz_plugin_zed_od:/home/openark/ros2_ws/install/zed_interfaces:/home/openark/ros2_ws/install/examples_rclpy_minimal_subscriber:/home/openark/ros2_ws/install/examples_rclpy_minimal_service:/home/openark/ros2_ws/install/examples_rclpy_minimal_publisher:/home/openark/ros2_ws/install/examples_rclpy_minimal_client:/home/openark/ros2_ws/install/examples_rclpy_minimal_action_server:/home/openark/ros2_ws/install/examples_rclpy_minimal_action_client:/home/openark/ros2_ws/install/examples_rclpy_executors:/opt/ros/foxy:/home/openark/ros2_ws/install/septentrio_gnss_driver:/home/openark/ros2_ws/install/roar_septentrio_interface:/home/openark/ros2_ws/install/examples_rclcpp_multithreaded_executor:/home/openark/ros2_ws/install/examples_rclcpp_minimal_timer:/home/openark/ros2_ws/install/examples_rclcpp_minimal_subscriber:/home/openark/ros2_ws/install/examples_rclcpp_minimal_service:/home/openark/ros2_ws/install/examples_rclcpp_minimal_publisher:/home/openark/ros2_ws/install/examples_rclcpp_minimal_composition:/home/openark/ros2_ws/install/examples_rclcpp_minimal_client:/home/openark/ros2_ws/install/examples_rclcpp_minimal_action_server:/home/openark/ros2_ws/install/examples_rclcpp_minimal_action_client /usr/bin/cmake --build /home/openark/ros2_ws/src/build/zed_interfaces -- -j12 -l12
[5.720s] Invoking command in '/home/openark/ros2_ws/src/build/zed_interfaces': CMAKE_PREFIX_PATH=/home/openark/ros2_ws/install/zed_ros2:/home/openark/ros2_ws/install/zed_multi_camera:/home/openark/ros2_ws/install/zed_display_rviz2:/home/openark/ros2_ws/install/zed_wrapper:/home/openark/ros2_ws/install/zed_tutorial_video:/home/openark/ros2_ws/install/zed_tutorial_pos_tracking:/home/openark/ros2_ws/install/zed_tutorial_depth:/home/openark/ros2_ws/install/zed_topic_benchmark_interfaces:/home/openark/ros2_ws/install/zed_rgb_convert:/home/openark/ros2_ws/install/zed_components:/home/openark/ros2_ws/install/rviz_plugin_zed_od:/home/openark/ros2_ws/install/zed_interfaces:/home/openark/ros2_ws/install/examples_rclpy_minimal_subscriber:/home/openark/ros2_ws/install/examples_rclpy_minimal_service:/home/openark/ros2_ws/install/examples_rclpy_minimal_publisher:/home/openark/ros2_ws/install/examples_rclpy_minimal_client:/home/openark/ros2_ws/install/examples_rclpy_minimal_action_server:/home/openark/ros2_ws/install/examples_rclpy_minimal_action_client:/home/openark/ros2_ws/install/examples_rclpy_executors:/opt/ros/foxy:/home/openark/ros2_ws/install/septentrio_gnss_driver:/home/openark/ros2_ws/install/roar_septentrio_interface:/home/openark/ros2_ws/install/examples_rclcpp_multithreaded_executor:/home/openark/ros2_ws/install/examples_rclcpp_minimal_timer:/home/openark/ros2_ws/install/examples_rclcpp_minimal_subscriber:/home/openark/ros2_ws/install/examples_rclcpp_minimal_service:/home/openark/ros2_ws/install/examples_rclcpp_minimal_publisher:/home/openark/ros2_ws/install/examples_rclcpp_minimal_composition:/home/openark/ros2_ws/install/examples_rclcpp_minimal_client:/home/openark/ros2_ws/install/examples_rclcpp_minimal_action_server:/home/openark/ros2_ws/install/examples_rclcpp_minimal_action_client /usr/bin/cmake --install /home/openark/ros2_ws/src/build/zed_interfaces
[6.532s] -- Install configuration: ""
[6.533s] -- Up-to-date: /home/openark/ros2_ws/src/install/zed_interfaces/share/ament_index/resource_index/rosidl_interfaces/zed_interfaces
[6.533s] -- Up-to-date: /home/openark/ros2_ws/src/install/zed_interfaces/include/zed_interfaces
[6.533s] -- Up-to-date: /home/openark/ros2_ws/src/install/zed_interfaces/include/zed_interfaces/msg
[6.533s] -- Up-to-date: /home/openark/ros2_ws/src/install/zed_interfaces/include/zed_interfaces/msg/keypoint2_di.h
[6.533s] -- Up-to-date: /home/openark/ros2_ws/src/install/zed_interfaces/include/zed_interfaces/msg/keypoint2_df.h
[6.533s] -- Up-to-date: /home/openark/ros2_ws/src/install/zed_interfaces/include/zed_interfaces/msg/depth_info_stamped.h
[6.534s] -- Up-to-date: /home/openark/ros2_ws/src/install/zed_interfaces/include/zed_interfaces/msg/bounding_box3_d.h
[6.534s] -- Up-to-date: /home/openark/ros2_ws/src/install/zed_interfaces/include/zed_interfaces/msg/objects_stamped.h
[6.535s] -- Up-to-date: /home/openark/ros2_ws/src/install/zed_interfaces/include/zed_interfaces/msg/rosidl_generator_c__visibility_control.h
[6.535s] -- Up-to-date: /home/openark/ros2_ws/src/install/zed_interfaces/include/zed_interfaces/msg/skeleton3_d.h
[6.535s] -- Up-to-date: /home/openark/ros2_ws/src/install/zed_interfaces/include/zed_interfaces/msg/object.h
[6.536s] -- Up-to-date: /home/openark/ros2_ws/src/install/zed_interfaces/include/zed_interfaces/msg/detail
[6.536s] -- Up-to-date: /home/openark/ros2_ws/src/install/zed_interfaces/include/zed_interfaces/msg/detail/keypoint2_df__type_support.h
[6.536s] -- Up-to-date: /home/openark/ros2_ws/src/install/zed_interfaces/include/zed_interfaces/msg/detail/bounding_box2_di__functions.c
[6.537s] -- Up-to-date: /home/openark/ros2_ws/src/install/zed_interfaces/include/zed_interfaces/msg/detail/heartbeat__struct.h
[6.537s] -- Up-to-date: /home/openark/ros2_ws/src/install/zed_interfaces/include/zed_interfaces/msg/detail/keypoint3_d__functions.h
[6.537s] -- Up-to-date: /home/openark/ros2_ws/src/install/zed_interfaces/include/zed_interfaces/msg/detail/objects_stamped__struct.h
[6.538s] -- Up-to-date: /home/openark/ros2_ws/src/install/zed_interfaces/include/zed_interfaces/msg/detail/depth_info_stamped__functions.h
[6.538s] -- Up-to-date: /home/openark/ros2_ws/src/install/zed_interfaces/include/zed_interfaces/msg/detail/skeleton2_d__functions.h
[6.538s] -- Up-to-date: /home/openark/ros2_ws/src/install/zed_interfaces/include/zed_interfaces/msg/detail/keypoint2_di__type_support.h
[6.539s] -- Up-to-date: /home/openark/ros2_ws/src/install/zed_interfaces/include/zed_interfaces/msg/detail/bounding_box3_d__struct.h
[6.539s] -- Up-to-date: /home/openark/ros2_ws/src/install/zed_interfaces/include/zed_interfaces/msg/detail/object__functions.c
[6.539s] -- Up-to-date: /home/openark/ros2_ws/src/install/zed_interfaces/include/zed_interfaces/msg/detail/bounding_box2_df__functions.h
[6.540s] -- Up-to-date: /home/openark/ros2_ws/src/install/zed_interfaces/include/zed_interfaces/msg/detail/skeleton2_d__struct.h
[6.540s] -- Up-to-date: /home/openark/ros2_ws/src/install/zed_interfaces/include/zed_interfaces/msg/detail/keypoint3_d__functions.c
[6.540s] -- Up-to-date: /home/openark/ros2_ws/src/install/zed_interfaces/include/zed_interfaces/msg/detail/bounding_box3_d__type_support.h
[6.540s] -- Up-to-date: /home/openark/ros2_ws/src/install/zed_interfaces/include/zed_interfaces/msg/detail/heartbeat__type_support.h
[6.540s] -- Up-to-date: /home/openark/ros2_ws/src/install/zed_interfaces/include/zed_interfaces/msg/detail/bounding_box2_df__struct.h
[6.540s] -- Up-to-date: /home/openark/ros2_ws/src/install/zed_interfaces/include/zed_interfaces/msg/detail/skeleton2_d__type_support.h
[6.541s] -- Up-to-date: /home/openark/ros2_ws/src/install/zed_interfaces/include/zed_interfaces/msg/detail/objects_stamped__functions.h
[6.541s] -- Up-to-date: /home/openark/ros2_ws/src/install/zed_interfaces/include/zed_interfaces/msg/detail/keypoint3_d__struct.h
[6.541s] -- Up-to-date: /home/openark/ros2_ws/src/install/zed_interfaces/include/zed_interfaces/msg/detail/keypoint2_df__struct.h
[6.541s] -- Up-to-date: /home/openark/ros2_ws/src/install/zed_interfaces/include/zed_interfaces/msg/detail/skeleton3_d__functions.h
[6.542s] -- Up-to-date: /home/openark/ros2_ws/src/install/zed_interfaces/include/zed_interfaces/msg/detail/plane_stamped__functions.h
[6.542s] -- Up-to-date: /home/openark/ros2_ws/src/install/zed_interfaces/include/zed_interfaces/msg/detail/pos_track_status__functions.h
[6.542s] -- Up-to-date: /home/openark/ros2_ws/src/install/zed_interfaces/include/zed_interfaces/msg/detail/heartbeat__functions.h
[6.545s] -- Up-to-date: /home/openark/ros2_ws/src/install/zed_interfaces/include/zed_interfaces/msg/detail/pos_track_status__type_support.h
[6.546s] -- Up-to-date: /home/openark/ros2_ws/src/install/zed_interfaces/include/zed_interfaces/msg/detail/keypoint2_df__functions.h
[6.546s] -- Up-to-date: /home/openark/ros2_ws/src/install/zed_interfaces/include/zed_interfaces/msg/detail/object__functions.h
[6.546s] -- Up-to-date: /home/openark/ros2_ws/src/install/zed_interfaces/include/zed_interfaces/msg/detail/keypoint2_df__functions.c
[6.546s] -- Up-to-date: /home/openark/ros2_ws/src/install/zed_interfaces/include/zed_interfaces/msg/detail/keypoint3_d__type_support.h
[6.547s] -- Up-to-date: /home/openark/ros2_ws/src/install/zed_interfaces/include/zed_interfaces/msg/detail/bounding_box3_d__functions.c
[6.547s] -- Up-to-date: /home/openark/ros2_ws/src/install/zed_interfaces/include/zed_interfaces/msg/detail/plane_stamped__type_support.h
[6.547s] -- Up-to-date: /home/openark/ros2_ws/src/install/zed_interfaces/include/zed_interfaces/msg/detail/bounding_box2_di__type_support.h
[6.548s] -- Up-to-date: /home/openark/ros2_ws/src/install/zed_interfaces/include/zed_interfaces/msg/detail/bounding_box2_df__type_support.h
[6.548s] -- Up-to-date: /home/openark/ros2_ws/src/install/zed_interfaces/include/zed_interfaces/msg/detail/heartbeat__functions.c
[6.548s] -- Up-to-date: /home/openark/ros2_ws/src/install/zed_interfaces/include/zed_interfaces/msg/detail/skeleton2_d__functions.c
[6.549s] -- Up-to-date: /home/openark/ros2_ws/src/install/zed_interfaces/include/zed_interfaces/msg/detail/keypoint2_di__functions.c
[6.549s] -- Up-to-date: /home/openark/ros2_ws/src/install/zed_interfaces/include/zed_interfaces/msg/detail/pos_track_status__functions.c
[6.549s] -- Up-to-date: /home/openark/ros2_ws/src/install/zed_interfaces/include/zed_interfaces/msg/detail/pos_track_status__struct.h
[6.550s] -- Up-to-date: /home/openark/ros2_ws/src/install/zed_interfaces/include/zed_interfaces/msg/detail/keypoint2_di__struct.h
[6.550s] -- Up-to-date: /home/openark/ros2_ws/src/install/zed_interfaces/include/zed_interfaces/msg/detail/objects_stamped__functions.c
[6.551s] -- Up-to-date: /home/openark/ros2_ws/src/install/zed_interfaces/include/zed_interfaces/msg/detail/object__struct.h
[6.551s] -- Up-to-date: /home/openark/ros2_ws/src/install/zed_interfaces/include/zed_interfaces/msg/detail/object__type_support.h
[6.551s] -- Up-to-date: /home/openark/ros2_ws/src/install/zed_interfaces/include/zed_interfaces/msg/detail/keypoint2_di__functions.h
[6.551s] -- Up-to-date: /home/openark/ros2_ws/src/install/zed_interfaces/include/zed_interfaces/msg/detail/objects_stamped__type_support.h
[6.551s] -- Up-to-date: /home/openark/ros2_ws/src/install/zed_interfaces/include/zed_interfaces/msg/detail/skeleton3_d__type_support.h
[6.552s] -- Up-to-date: /home/openark/ros2_ws/src/install/zed_interfaces/include/zed_interfaces/msg/detail/depth_info_stamped__struct.h
[6.552s] -- Up-to-date: /home/openark/ros2_ws/src/install/zed_interfaces/include/zed_interfaces/msg/detail/bounding_box2_di__struct.h
[6.554s] -- Up-to-date: /home/openark/ros2_ws/src/install/zed_interfaces/include/zed_interfaces/msg/detail/skeleton3_d__struct.h
[6.554s] -- Up-to-date: /home/openark/ros2_ws/src/install/zed_interfaces/include/zed_interfaces/msg/detail/bounding_box3_d__functions.h
[6.555s] -- Up-to-date: /home/openark/ros2_ws/src/install/zed_interfaces/include/zed_interfaces/msg/detail/plane_stamped__struct.h
[6.555s] -- Up-to-date: /home/openark/ros2_ws/src/install/zed_interfaces/include/zed_interfaces/msg/detail/skeleton3_d__functions.c
[6.556s] -- Up-to-date: /home/openark/ros2_ws/src/install/zed_interfaces/include/zed_interfaces/msg/detail/plane_stamped__functions.c
[6.557s] -- Up-to-date: /home/openark/ros2_ws/src/install/zed_interfaces/include/zed_interfaces/msg/detail/depth_info_stamped__type_support.h
[6.557s] -- Up-to-date: /home/openark/ros2_ws/src/install/zed_interfaces/include/zed_interfaces/msg/detail/bounding_box2_di__functions.h
[6.557s] -- Up-to-date: /home/openark/ros2_ws/src/install/zed_interfaces/include/zed_interfaces/msg/detail/depth_info_stamped__functions.c
[6.557s] -- Up-to-date: /home/openark/ros2_ws/src/install/zed_interfaces/include/zed_interfaces/msg/detail/bounding_box2_df__functions.c
[6.557s] -- Up-to-date: /home/openark/ros2_ws/src/install/zed_interfaces/include/zed_interfaces/msg/plane_stamped.h
[6.558s] -- Up-to-date: /home/openark/ros2_ws/src/install/zed_interfaces/include/zed_interfaces/msg/pos_track_status.h
[6.559s] -- Up-to-date: /home/openark/ros2_ws/src/install/zed_interfaces/include/zed_interfaces/msg/bounding_box2_df.h
[6.560s] -- Up-to-date: /home/openark/ros2_ws/src/install/zed_interfaces/include/zed_interfaces/msg/keypoint3_d.h
[6.561s] -- Up-to-date: /home/openark/ros2_ws/src/install/zed_interfaces/include/zed_interfaces/msg/heartbeat.h
[6.561s] -- Up-to-date: /home/openark/ros2_ws/src/install/zed_interfaces/include/zed_interfaces/msg/skeleton2_d.h
[6.563s] -- Up-to-date: /home/openark/ros2_ws/src/install/zed_interfaces/include/zed_interfaces/msg/bounding_box2_di.h
[6.563s] -- Up-to-date: /home/openark/ros2_ws/src/install/zed_interfaces/include/zed_interfaces/srv
[6.564s] -- Up-to-date: /home/openark/ros2_ws/src/install/zed_interfaces/include/zed_interfaces/srv/set_roi.h
[6.565s] -- Up-to-date: /home/openark/ros2_ws/src/install/zed_interfaces/include/zed_interfaces/srv/set_pose.h
[6.566s] -- Up-to-date: /home/openark/ros2_ws/src/install/zed_interfaces/include/zed_interfaces/srv/detail
[6.566s] -- Up-to-date: /home/openark/ros2_ws/src/install/zed_interfaces/include/zed_interfaces/srv/detail/set_pose__type_support.h
[6.567s] -- Up-to-date: /home/openark/ros2_ws/src/install/zed_interfaces/include/zed_interfaces/srv/detail/start_svo_rec__functions.h
[6.568s] -- Up-to-date: /home/openark/ros2_ws/src/install/zed_interfaces/include/zed_interfaces/srv/detail/set_pose__struct.h
[6.568s] -- Up-to-date: /home/openark/ros2_ws/src/install/zed_interfaces/include/zed_interfaces/srv/detail/set_roi__functions.h
[6.569s] -- Up-to-date: /home/openark/ros2_ws/src/install/zed_interfaces/include/zed_interfaces/srv/detail/set_pose__functions.c
[6.570s] -- Up-to-date: /home/openark/ros2_ws/src/install/zed_interfaces/include/zed_interfaces/srv/detail/start_svo_rec__struct.h
[6.570s] -- Up-to-date: /home/openark/ros2_ws/src/install/zed_interfaces/include/zed_interfaces/srv/detail/set_roi__functions.c
[6.571s] -- Up-to-date: /home/openark/ros2_ws/src/install/zed_interfaces/include/zed_interfaces/srv/detail/start_svo_rec__type_support.h
[6.571s] -- Up-to-date: /home/openark/ros2_ws/src/install/zed_interfaces/include/zed_interfaces/srv/detail/set_roi__struct.h
[6.571s] -- Up-to-date: /home/openark/ros2_ws/src/install/zed_interfaces/include/zed_interfaces/srv/detail/set_pose__functions.h
[6.571s] -- Up-to-date: /home/openark/ros2_ws/src/install/zed_interfaces/include/zed_interfaces/srv/detail/start_svo_rec__functions.c
[6.571s] -- Up-to-date: /home/openark/ros2_ws/src/install/zed_interfaces/include/zed_interfaces/srv/detail/set_roi__type_support.h
[6.572s] -- Up-to-date: /home/openark/ros2_ws/src/install/zed_interfaces/include/zed_interfaces/srv/start_svo_rec.h
[6.572s] -- Up-to-date: /home/openark/ros2_ws/src/install/zed_interfaces/share/zed_interfaces/environment/library_path.sh
[6.572s] -- Up-to-date: /home/openark/ros2_ws/src/install/zed_interfaces/share/zed_interfaces/environment/library_path.dsv
[6.572s] -- Up-to-date: /home/openark/ros2_ws/src/install/zed_interfaces/lib/libzed_interfaces__rosidl_generator_c.so
[6.572s] -- Up-to-date: /home/openark/ros2_ws/src/install/zed_interfaces/include/zed_interfaces
[6.572s] -- Up-to-date: /home/openark/ros2_ws/src/install/zed_interfaces/include/zed_interfaces/msg
[6.573s] -- Up-to-date: /home/openark/ros2_ws/src/install/zed_interfaces/include/zed_interfaces/msg/detail
[6.573s] -- Up-to-date: /home/openark/ros2_ws/src/install/zed_interfaces/include/zed_interfaces/msg/detail/depth_info_stamped__rosidl_typesupport_fastrtps_c.h
[6.573s] -- Up-to-date: /home/openark/ros2_ws/src/install/zed_interfaces/include/zed_interfaces/msg/detail/bounding_box2_di__rosidl_typesupport_fastrtps_c.h
[6.573s] -- Up-to-date: /home/openark/ros2_ws/src/install/zed_interfaces/include/zed_interfaces/msg/detail/object__rosidl_typesupport_fastrtps_c.h
[6.573s] -- Up-to-date: /home/openark/ros2_ws/src/install/zed_interfaces/include/zed_interfaces/msg/detail/heartbeat__rosidl_typesupport_fastrtps_c.h
[6.573s] -- Up-to-date: /home/openark/ros2_ws/src/install/zed_interfaces/include/zed_interfaces/msg/detail/plane_stamped__rosidl_typesupport_fastrtps_c.h
[6.574s] -- Up-to-date: /home/openark/ros2_ws/src/install/zed_interfaces/include/zed_interfaces/msg/detail/objects_stamped__rosidl_typesupport_fastrtps_c.h
[6.574s] -- Up-to-date: /home/openark/ros2_ws/src/install/zed_interfaces/include/zed_interfaces/msg/detail/skeleton2_d__rosidl_typesupport_fastrtps_c.h
[6.574s] -- Up-to-date: /home/openark/ros2_ws/src/install/zed_interfaces/include/zed_interfaces/msg/detail/keypoint3_d__rosidl_typesupport_fastrtps_c.h
[6.574s] -- Up-to-date: /home/openark/ros2_ws/src/install/zed_interfaces/include/zed_interfaces/msg/detail/skeleton3_d__rosidl_typesupport_fastrtps_c.h
[6.574s] -- Up-to-date: /home/openark/ros2_ws/src/install/zed_interfaces/include/zed_interfaces/msg/detail/pos_track_status__rosidl_typesupport_fastrtps_c.h
[6.574s] -- Up-to-date: /home/openark/ros2_ws/src/install/zed_interfaces/include/zed_interfaces/msg/detail/keypoint2_df__rosidl_typesupport_fastrtps_c.h
[6.574s] -- Up-to-date: /home/openark/ros2_ws/src/install/zed_interfaces/include/zed_interfaces/msg/detail/bounding_box2_df__rosidl_typesupport_fastrtps_c.h
[6.575s] -- Up-to-date: /home/openark/ros2_ws/src/install/zed_interfaces/include/zed_interfaces/msg/detail/bounding_box3_d__rosidl_typesupport_fastrtps_c.h
[6.575s] -- Up-to-date: /home/openark/ros2_ws/src/install/zed_interfaces/include/zed_interfaces/msg/detail/keypoint2_di__rosidl_typesupport_fastrtps_c.h
[6.575s] -- Up-to-date: /home/openark/ros2_ws/src/install/zed_interfaces/include/zed_interfaces/msg/rosidl_typesupport_fastrtps_c__visibility_control.h
[6.575s] -- Up-to-date: /home/openark/ros2_ws/src/install/zed_interfaces/include/zed_interfaces/srv
[6.575s] -- Up-to-date: /home/openark/ros2_ws/src/install/zed_interfaces/include/zed_interfaces/srv/detail
[6.575s] -- Up-to-date: /home/openark/ros2_ws/src/install/zed_interfaces/include/zed_interfaces/srv/detail/set_roi__rosidl_typesupport_fastrtps_c.h
[6.576s] -- Up-to-date: /home/openark/ros2_ws/src/install/zed_interfaces/include/zed_interfaces/srv/detail/start_svo_rec__rosidl_typesupport_fastrtps_c.h
[6.576s] -- Up-to-date: /home/openark/ros2_ws/src/install/zed_interfaces/include/zed_interfaces/srv/detail/set_pose__rosidl_typesupport_fastrtps_c.h
[6.576s] -- Up-to-date: /home/openark/ros2_ws/src/install/zed_interfaces/lib/libzed_interfaces__rosidl_typesupport_fastrtps_c.so
[6.576s] -- Up-to-date: /home/openark/ros2_ws/src/install/zed_interfaces/include/zed_interfaces
[6.576s] -- Up-to-date: /home/openark/ros2_ws/src/install/zed_interfaces/include/zed_interfaces/msg
[6.576s] -- Up-to-date: /home/openark/ros2_ws/src/install/zed_interfaces/include/zed_interfaces/msg/detail
[6.577s] -- Up-to-date: /home/openark/ros2_ws/src/install/zed_interfaces/include/zed_interfaces/msg/detail/keypoint3_d__rosidl_typesupport_fastrtps_cpp.hpp
[6.577s] -- Up-to-date: /home/openark/ros2_ws/src/install/zed_interfaces/include/zed_interfaces/msg/detail/skeleton3_d__rosidl_typesupport_fastrtps_cpp.hpp
[6.577s] -- Up-to-date: /home/openark/ros2_ws/src/install/zed_interfaces/include/zed_interfaces/msg/detail/objects_stamped__rosidl_typesupport_fastrtps_cpp.hpp
[6.577s] -- Up-to-date: /home/openark/ros2_ws/src/install/zed_interfaces/include/zed_interfaces/msg/detail/bounding_box2_df__rosidl_typesupport_fastrtps_cpp.hpp
[6.577s] -- Up-to-date: /home/openark/ros2_ws/src/install/zed_interfaces/include/zed_interfaces/msg/detail/dds_fastrtps
[6.577s] -- Up-to-date: /home/openark/ros2_ws/src/install/zed_interfaces/include/zed_interfaces/msg/detail/bounding_box3_d__rosidl_typesupport_fastrtps_cpp.hpp
[6.578s] -- Up-to-date: /home/openark/ros2_ws/src/install/zed_interfaces/include/zed_interfaces/msg/detail/bounding_box2_di__rosidl_typesupport_fastrtps_cpp.hpp
[6.578s] -- Up-to-date: /home/openark/ros2_ws/src/install/zed_interfaces/include/zed_interfaces/msg/detail/keypoint2_df__rosidl_typesupport_fastrtps_cpp.hpp
[6.578s] -- Up-to-date: /home/openark/ros2_ws/src/install/zed_interfaces/include/zed_interfaces/msg/detail/skeleton2_d__rosidl_typesupport_fastrtps_cpp.hpp
[6.578s] -- Up-to-date: /home/openark/ros2_ws/src/install/zed_interfaces/include/zed_interfaces/msg/detail/keypoint2_di__rosidl_typesupport_fastrtps_cpp.hpp
[6.578s] -- Up-to-date: /home/openark/ros2_ws/src/install/zed_interfaces/include/zed_interfaces/msg/detail/plane_stamped__rosidl_typesupport_fastrtps_cpp.hpp
[6.578s] -- Up-to-date: /home/openark/ros2_ws/src/install/zed_interfaces/include/zed_interfaces/msg/detail/object__rosidl_typesupport_fastrtps_cpp.hpp
[6.579s] -- Up-to-date: /home/openark/ros2_ws/src/install/zed_interfaces/include/zed_interfaces/msg/detail/heartbeat__rosidl_typesupport_fastrtps_cpp.hpp
[6.580s] -- Up-to-date: /home/openark/ros2_ws/src/install/zed_interfaces/include/zed_interfaces/msg/detail/depth_info_stamped__rosidl_typesupport_fastrtps_cpp.hpp
[6.581s] -- Up-to-date: /home/openark/ros2_ws/src/install/zed_interfaces/include/zed_interfaces/msg/detail/pos_track_status__rosidl_typesupport_fastrtps_cpp.hpp
[6.582s] -- Up-to-date: /home/openark/ros2_ws/src/install/zed_interfaces/include/zed_interfaces/msg/rosidl_typesupport_fastrtps_cpp__visibility_control.h
[6.582s] -- Up-to-date: /home/openark/ros2_ws/src/install/zed_interfaces/include/zed_interfaces/srv
[6.583s] -- Up-to-date: /home/openark/ros2_ws/src/install/zed_interfaces/include/zed_interfaces/srv/detail
[6.585s] -- Up-to-date: /home/openark/ros2_ws/src/install/zed_interfaces/include/zed_interfaces/srv/detail/set_pose__rosidl_typesupport_fastrtps_cpp.hpp
[6.586s] -- Up-to-date: /home/openark/ros2_ws/src/install/zed_interfaces/include/zed_interfaces/srv/detail/set_roi__rosidl_typesupport_fastrtps_cpp.hpp
[6.586s] -- Up-to-date: /home/openark/ros2_ws/src/install/zed_interfaces/include/zed_interfaces/srv/detail/dds_fastrtps
[6.587s] -- Up-to-date: /home/openark/ros2_ws/src/install/zed_interfaces/include/zed_interfaces/srv/detail/start_svo_rec__rosidl_typesupport_fastrtps_cpp.hpp
[6.588s] -- Up-to-date: /home/openark/ros2_ws/src/install/zed_interfaces/lib/libzed_interfaces__rosidl_typesupport_fastrtps_cpp.so
[6.589s] -- Up-to-date: /home/openark/ros2_ws/src/install/zed_interfaces/include/zed_interfaces
[6.590s] -- Up-to-date: /home/openark/ros2_ws/src/install/zed_interfaces/include/zed_interfaces/msg
[6.590s] -- Up-to-date: /home/openark/ros2_ws/src/install/zed_interfaces/include/zed_interfaces/msg/rosidl_typesupport_introspection_c__visibility_control.h
[6.590s] -- Up-to-date: /home/openark/ros2_ws/src/install/zed_interfaces/include/zed_interfaces/msg/detail
[6.590s] -- Up-to-date: /home/openark/ros2_ws/src/install/zed_interfaces/include/zed_interfaces/msg/detail/bounding_box2_df__rosidl_typesupport_introspection_c.h
[6.592s] -- Up-to-date: /home/openark/ros2_ws/src/install/zed_interfaces/include/zed_interfaces/msg/detail/depth_info_stamped__type_support.c
[6.592s] -- Up-to-date: /home/openark/ros2_ws/src/install/zed_interfaces/include/zed_interfaces/msg/detail/keypoint2_df__rosidl_typesupport_introspection_c.h
[6.592s] -- Up-to-date: /home/openark/ros2_ws/src/install/zed_interfaces/include/zed_interfaces/msg/detail/skeleton2_d__type_support.c
[6.593s] -- Up-to-date: /home/openark/ros2_ws/src/install/zed_interfaces/include/zed_interfaces/msg/detail/bounding_box2_df__type_support.c
[6.593s] -- Up-to-date: /home/openark/ros2_ws/src/install/zed_interfaces/include/zed_interfaces/msg/detail/objects_stamped__type_support.c
[6.593s] -- Up-to-date: /home/openark/ros2_ws/src/install/zed_interfaces/include/zed_interfaces/msg/detail/bounding_box3_d__type_support.c
[6.593s] -- Up-to-date: /home/openark/ros2_ws/src/install/zed_interfaces/include/zed_interfaces/msg/detail/heartbeat__type_support.c
[6.593s] -- Up-to-date: /home/openark/ros2_ws/src/install/zed_interfaces/include/zed_interfaces/msg/detail/object__rosidl_typesupport_introspection_c.h
[6.594s] -- Up-to-date: /home/openark/ros2_ws/src/install/zed_interfaces/include/zed_interfaces/msg/detail/objects_stamped__rosidl_typesupport_introspection_c.h
[6.596s] -- Up-to-date: /home/openark/ros2_ws/src/install/zed_interfaces/include/zed_interfaces/msg/detail/keypoint2_di__rosidl_typesupport_introspection_c.h
[6.596s] -- Up-to-date: /home/openark/ros2_ws/src/install/zed_interfaces/include/zed_interfaces/msg/detail/keypoint3_d__rosidl_typesupport_introspection_c.h
[6.596s] -- Up-to-date: /home/openark/ros2_ws/src/install/zed_interfaces/include/zed_interfaces/msg/detail/skeleton3_d__rosidl_typesupport_introspection_c.h
[6.598s] -- Up-to-date: /home/openark/ros2_ws/src/install/zed_interfaces/include/zed_interfaces/msg/detail/keypoint2_di__type_support.c
[6.598s] -- Up-to-date: /home/openark/ros2_ws/src/install/zed_interfaces/include/zed_interfaces/msg/detail/skeleton2_d__rosidl_typesupport_introspection_c.h
[6.598s] -- Up-to-date: /home/openark/ros2_ws/src/install/zed_interfaces/include/zed_interfaces/msg/detail/bounding_box2_di__rosidl_typesupport_introspection_c.h
[6.598s] -- Up-to-date: /home/openark/ros2_ws/src/install/zed_interfaces/include/zed_interfaces/msg/detail/object__type_support.c
[6.598s] -- Up-to-date: /home/openark/ros2_ws/src/install/zed_interfaces/include/zed_interfaces/msg/detail/plane_stamped__rosidl_typesupport_introspection_c.h
[6.598s] -- Up-to-date: /home/openark/ros2_ws/src/install/zed_interfaces/include/zed_interfaces/msg/detail/heartbeat__rosidl_typesupport_introspection_c.h
[6.599s] -- Up-to-date: /home/openark/ros2_ws/src/install/zed_interfaces/include/zed_interfaces/msg/detail/keypoint2_df__type_support.c
[6.599s] -- Up-to-date: /home/openark/ros2_ws/src/install/zed_interfaces/include/zed_interfaces/msg/detail/pos_track_status__rosidl_typesupport_introspection_c.h
[6.599s] -- Up-to-date: /home/openark/ros2_ws/src/install/zed_interfaces/include/zed_interfaces/msg/detail/depth_info_stamped__rosidl_typesupport_introspection_c.h
[6.599s] -- Up-to-date: /home/openark/ros2_ws/src/install/zed_interfaces/include/zed_interfaces/msg/detail/bounding_box3_d__rosidl_typesupport_introspection_c.h
[6.599s] -- Up-to-date: /home/openark/ros2_ws/src/install/zed_interfaces/include/zed_interfaces/msg/detail/skeleton3_d__type_support.c
[6.599s] -- Up-to-date: /home/openark/ros2_ws/src/install/zed_interfaces/include/zed_interfaces/msg/detail/plane_stamped__type_support.c
[6.599s] -- Up-to-date: /home/openark/ros2_ws/src/install/zed_interfaces/include/zed_interfaces/msg/detail/bounding_box2_di__type_support.c
[6.601s] -- Up-to-date: /home/openark/ros2_ws/src/install/zed_interfaces/include/zed_interfaces/msg/detail/keypoint3_d__type_support.c
[6.601s] -- Up-to-date: /home/openark/ros2_ws/src/install/zed_interfaces/include/zed_interfaces/msg/detail/pos_track_status__type_support.c
[6.601s] -- Up-to-date: /home/openark/ros2_ws/src/install/zed_interfaces/include/zed_interfaces/srv
[6.601s] -- Up-to-date: /home/openark/ros2_ws/src/install/zed_interfaces/include/zed_interfaces/srv/detail
[6.601s] -- Up-to-date: /home/openark/ros2_ws/src/install/zed_interfaces/include/zed_interfaces/srv/detail/set_roi__rosidl_typesupport_introspection_c.h
[6.602s] -- Up-to-date: /home/openark/ros2_ws/src/install/zed_interfaces/include/zed_interfaces/srv/detail/start_svo_rec__rosidl_typesupport_introspection_c.h
[6.602s] -- Up-to-date: /home/openark/ros2_ws/src/install/zed_interfaces/include/zed_interfaces/srv/detail/set_pose__rosidl_typesupport_introspection_c.h
[6.602s] -- Up-to-date: /home/openark/ros2_ws/src/install/zed_interfaces/include/zed_interfaces/srv/detail/set_pose__type_support.c
[6.602s] -- Up-to-date: /home/openark/ros2_ws/src/install/zed_interfaces/include/zed_interfaces/srv/detail/start_svo_rec__type_support.c
[6.602s] -- Up-to-date: /home/openark/ros2_ws/src/install/zed_interfaces/include/zed_interfaces/srv/detail/set_roi__type_support.c
[6.603s] -- Up-to-date: /home/openark/ros2_ws/src/install/zed_interfaces/lib/libzed_interfaces__rosidl_typesupport_introspection_c.so
[6.604s] -- Up-to-date: /home/openark/ros2_ws/src/install/zed_interfaces/lib/libzed_interfaces__rosidl_typesupport_c.so
[6.605s] -- Up-to-date: /home/openark/ros2_ws/src/install/zed_interfaces/include/zed_interfaces
[6.606s] -- Up-to-date: /home/openark/ros2_ws/src/install/zed_interfaces/include/zed_interfaces/msg
[6.607s] -- Up-to-date: /home/openark/ros2_ws/src/install/zed_interfaces/include/zed_interfaces/msg/keypoint2_di.hpp
[6.607s] -- Up-to-date: /home/openark/ros2_ws/src/install/zed_interfaces/include/zed_interfaces/msg/skeleton2_d.hpp
[6.608s] -- Up-to-date: /home/openark/ros2_ws/src/install/zed_interfaces/include/zed_interfaces/msg/bounding_box2_di.hpp
[6.608s] -- Up-to-date: /home/openark/ros2_ws/src/install/zed_interfaces/include/zed_interfaces/msg/depth_info_stamped.hpp
[6.609s] -- Up-to-date: /home/openark/ros2_ws/src/install/zed_interfaces/include/zed_interfaces/msg/plane_stamped.hpp
[6.610s] -- Up-to-date: /home/openark/ros2_ws/src/install/zed_interfaces/include/zed_interfaces/msg/detail
[6.610s] -- Up-to-date: /home/openark/ros2_ws/src/install/zed_interfaces/include/zed_interfaces/msg/detail/bounding_box2_df__traits.hpp
[6.612s] -- Up-to-date: /home/openark/ros2_ws/src/install/zed_interfaces/include/zed_interfaces/msg/detail/keypoint2_df__traits.hpp
[6.612s] -- Up-to-date: /home/openark/ros2_ws/src/install/zed_interfaces/include/zed_interfaces/msg/detail/bounding_box2_df__type_support.hpp
[6.613s] -- Up-to-date: /home/openark/ros2_ws/src/install/zed_interfaces/include/zed_interfaces/msg/detail/skeleton3_d__traits.hpp
[6.614s] -- Up-to-date: /home/openark/ros2_ws/src/install/zed_interfaces/include/zed_interfaces/msg/detail/bounding_box2_df__struct.hpp
[6.615s] -- Up-to-date: /home/openark/ros2_ws/src/install/zed_interfaces/include/zed_interfaces/msg/detail/bounding_box3_d__builder.hpp
[6.616s] -- Up-to-date: /home/openark/ros2_ws/src/install/zed_interfaces/include/zed_interfaces/msg/detail/plane_stamped__type_support.hpp
[6.617s] -- Up-to-date: /home/openark/ros2_ws/src/install/zed_interfaces/include/zed_interfaces/msg/detail/keypoint2_df__type_support.hpp
[6.618s] -- Up-to-date: /home/openark/ros2_ws/src/install/zed_interfaces/include/zed_interfaces/msg/detail/skeleton2_d__type_support.hpp
[6.619s] -- Up-to-date: /home/openark/ros2_ws/src/install/zed_interfaces/include/zed_interfaces/msg/detail/skeleton2_d__traits.hpp
[6.620s] -- Up-to-date: /home/openark/ros2_ws/src/install/zed_interfaces/include/zed_interfaces/msg/detail/objects_stamped__traits.hpp
[6.621s] -- Up-to-date: /home/openark/ros2_ws/src/install/zed_interfaces/include/zed_interfaces/msg/detail/pos_track_status__traits.hpp
[6.621s] -- Up-to-date: /home/openark/ros2_ws/src/install/zed_interfaces/include/zed_interfaces/msg/detail/depth_info_stamped__traits.hpp
[6.623s] -- Up-to-date: /home/openark/ros2_ws/src/install/zed_interfaces/include/zed_interfaces/msg/detail/bounding_box3_d__struct.hpp
[6.625s] -- Up-to-date: /home/openark/ros2_ws/src/install/zed_interfaces/include/zed_interfaces/msg/detail/keypoint2_df__struct.hpp
[6.626s] -- Up-to-date: /home/openark/ros2_ws/src/install/zed_interfaces/include/zed_interfaces/msg/detail/keypoint2_di__struct.hpp
[6.627s] -- Up-to-date: /home/openark/ros2_ws/src/install/zed_interfaces/include/zed_interfaces/msg/detail/objects_stamped__struct.hpp
[6.628s] -- Up-to-date: /home/openark/ros2_ws/src/install/zed_interfaces/include/zed_interfaces/msg/detail/object__struct.hpp
[6.632s] -- Up-to-date: /home/openark/ros2_ws/src/install/zed_interfaces/include/zed_interfaces/msg/detail/pos_track_status__type_support.hpp
[6.633s] -- Up-to-date: /home/openark/ros2_ws/src/install/zed_interfaces/include/zed_interfaces/msg/detail/bounding_box2_df__builder.hpp
[6.633s] -- Up-to-date: /home/openark/ros2_ws/src/install/zed_interfaces/include/zed_interfaces/msg/detail/depth_info_stamped__type_support.hpp
[6.633s] -- Up-to-date: /home/openark/ros2_ws/src/install/zed_interfaces/include/zed_interfaces/msg/detail/skeleton2_d__builder.hpp
[6.633s] -- Up-to-date: /home/openark/ros2_ws/src/install/zed_interfaces/include/zed_interfaces/msg/detail/bounding_box2_di__type_support.hpp
[6.633s] -- Up-to-date: /home/openark/ros2_ws/src/install/zed_interfaces/include/zed_interfaces/msg/detail/keypoint2_di__builder.hpp
[6.634s] -- Up-to-date: /home/openark/ros2_ws/src/install/zed_interfaces/include/zed_interfaces/msg/detail/objects_stamped__builder.hpp
[6.634s] -- Up-to-date: /home/openark/ros2_ws/src/install/zed_interfaces/include/zed_interfaces/msg/detail/heartbeat__traits.hpp
[6.634s] -- Up-to-date: /home/openark/ros2_ws/src/install/zed_interfaces/include/zed_interfaces/msg/detail/plane_stamped__traits.hpp
[6.634s] -- Up-to-date: /home/openark/ros2_ws/src/install/zed_interfaces/include/zed_interfaces/msg/detail/skeleton3_d__struct.hpp
[6.635s] -- Up-to-date: /home/openark/ros2_ws/src/install/zed_interfaces/include/zed_interfaces/msg/detail/keypoint3_d__builder.hpp
[6.637s] -- Up-to-date: /home/openark/ros2_ws/src/install/zed_interfaces/include/zed_interfaces/msg/detail/bounding_box2_di__builder.hpp
[6.638s] -- Up-to-date: /home/openark/ros2_ws/src/install/zed_interfaces/include/zed_interfaces/msg/detail/heartbeat__type_support.hpp
[6.639s] -- Up-to-date: /home/openark/ros2_ws/src/install/zed_interfaces/include/zed_interfaces/msg/detail/bounding_box3_d__traits.hpp
[6.639s] -- Up-to-date: /home/openark/ros2_ws/src/install/zed_interfaces/include/zed_interfaces/msg/detail/bounding_box2_di__traits.hpp
[6.640s] -- Up-to-date: /home/openark/ros2_ws/src/install/zed_interfaces/include/zed_interfaces/msg/detail/heartbeat__builder.hpp
[6.642s] -- Up-to-date: /home/openark/ros2_ws/src/install/zed_interfaces/include/zed_interfaces/msg/detail/keypoint2_di__type_support.hpp
[6.642s] -- Up-to-date: /home/openark/ros2_ws/src/install/zed_interfaces/include/zed_interfaces/msg/detail/object__traits.hpp
[6.642s] -- Up-to-date: /home/openark/ros2_ws/src/install/zed_interfaces/include/zed_interfaces/msg/detail/plane_stamped__builder.hpp
[6.644s] -- Up-to-date: /home/openark/ros2_ws/src/install/zed_interfaces/include/zed_interfaces/msg/detail/keypoint3_d__struct.hpp
[6.645s] -- Up-to-date: /home/openark/ros2_ws/src/install/zed_interfaces/include/zed_interfaces/msg/detail/pos_track_status__builder.hpp
[6.646s] -- Up-to-date: /home/openark/ros2_ws/src/install/zed_interfaces/include/zed_interfaces/msg/detail/objects_stamped__type_support.hpp
[6.646s] -- Up-to-date: /home/openark/ros2_ws/src/install/zed_interfaces/include/zed_interfaces/msg/detail/plane_stamped__struct.hpp
[6.646s] -- Up-to-date: /home/openark/ros2_ws/src/install/zed_interfaces/include/zed_interfaces/msg/detail/skeleton2_d__struct.hpp
[6.646s] -- Up-to-date: /home/openark/ros2_ws/src/install/zed_interfaces/include/zed_interfaces/msg/detail/bounding_box2_di__struct.hpp
[6.646s] -- Up-to-date: /home/openark/ros2_ws/src/install/zed_interfaces/include/zed_interfaces/msg/detail/keypoint3_d__type_support.hpp
[6.646s] -- Up-to-date: /home/openark/ros2_ws/src/install/zed_interfaces/include/zed_interfaces/msg/detail/heartbeat__struct.hpp
[6.647s] -- Up-to-date: /home/openark/ros2_ws/src/install/zed_interfaces/include/zed_interfaces/msg/detail/depth_info_stamped__struct.hpp
[6.647s] -- Up-to-date: /home/openark/ros2_ws/src/install/zed_interfaces/include/zed_interfaces/msg/detail/keypoint2_di__traits.hpp
[6.647s] -- Up-to-date: /home/openark/ros2_ws/src/install/zed_interfaces/include/zed_interfaces/msg/detail/depth_info_stamped__builder.hpp
[6.648s] -- Up-to-date: /home/openark/ros2_ws/src/install/zed_interfaces/include/zed_interfaces/msg/detail/object__type_support.hpp
[6.649s] -- Up-to-date: /home/openark/ros2_ws/src/install/zed_interfaces/include/zed_interfaces/msg/detail/object__builder.hpp
[6.650s] -- Up-to-date: /home/openark/ros2_ws/src/install/zed_interfaces/include/zed_interfaces/msg/detail/keypoint3_d__traits.hpp
[6.652s] -- Up-to-date: /home/openark/ros2_ws/src/install/zed_interfaces/include/zed_interfaces/msg/detail/skeleton3_d__type_support.hpp
[6.653s] -- Up-to-date: /home/openark/ros2_ws/src/install/zed_interfaces/include/zed_interfaces/msg/detail/pos_track_status__struct.hpp
[6.656s] -- Up-to-date: /home/openark/ros2_ws/src/install/zed_interfaces/include/zed_interfaces/msg/detail/skeleton3_d__builder.hpp
[6.659s] -- Up-to-date: /home/openark/ros2_ws/src/install/zed_interfaces/include/zed_interfaces/msg/detail/keypoint2_df__builder.hpp
[6.659s] -- Up-to-date: /home/openark/ros2_ws/src/install/zed_interfaces/include/zed_interfaces/msg/detail/bounding_box3_d__type_support.hpp
[6.660s] -- Up-to-date: /home/openark/ros2_ws/src/install/zed_interfaces/include/zed_interfaces/msg/pos_track_status.hpp
[6.660s] -- Up-to-date: /home/openark/ros2_ws/src/install/zed_interfaces/include/zed_interfaces/msg/objects_stamped.hpp
[6.661s] -- Up-to-date: /home/openark/ros2_ws/src/install/zed_interfaces/include/zed_interfaces/msg/object.hpp
[6.661s] -- Up-to-date: /home/openark/ros2_ws/src/install/zed_interfaces/include/zed_interfaces/msg/keypoint2_df.hpp
[6.662s] -- Up-to-date: /home/openark/ros2_ws/src/install/zed_interfaces/include/zed_interfaces/msg/bounding_box2_df.hpp
[6.663s] -- Up-to-date: /home/openark/ros2_ws/src/install/zed_interfaces/include/zed_interfaces/msg/keypoint3_d.hpp
[6.664s] -- Up-to-date: /home/openark/ros2_ws/src/install/zed_interfaces/include/zed_interfaces/msg/rosidl_generator_cpp__visibility_control.hpp
[6.665s] -- Up-to-date: /home/openark/ros2_ws/src/install/zed_interfaces/include/zed_interfaces/msg/bounding_box3_d.hpp
[6.665s] -- Up-to-date: /home/openark/ros2_ws/src/install/zed_interfaces/include/zed_interfaces/msg/heartbeat.hpp
[6.666s] -- Up-to-date: /home/openark/ros2_ws/src/install/zed_interfaces/include/zed_interfaces/msg/skeleton3_d.hpp
[6.666s] -- Up-to-date: /home/openark/ros2_ws/src/install/zed_interfaces/include/zed_interfaces/srv
[6.667s] -- Up-to-date: /home/openark/ros2_ws/src/install/zed_interfaces/include/zed_interfaces/srv/start_svo_rec.hpp
[6.668s] -- Up-to-date: /home/openark/ros2_ws/src/install/zed_interfaces/include/zed_interfaces/srv/set_pose.hpp
[6.669s] -- Up-to-date: /home/openark/ros2_ws/src/install/zed_interfaces/include/zed_interfaces/srv/detail
[6.669s] -- Up-to-date: /home/openark/ros2_ws/src/install/zed_interfaces/include/zed_interfaces/srv/detail/set_roi__type_support.hpp
[6.669s] -- Up-to-date: /home/openark/ros2_ws/src/install/zed_interfaces/include/zed_interfaces/srv/detail/start_svo_rec__traits.hpp
[6.669s] -- Up-to-date: /home/openark/ros2_ws/src/install/zed_interfaces/include/zed_interfaces/srv/detail/set_pose__traits.hpp
[6.670s] -- Up-to-date: /home/openark/ros2_ws/src/install/zed_interfaces/include/zed_interfaces/srv/detail/set_roi__traits.hpp
[6.670s] -- Up-to-date: /home/openark/ros2_ws/src/install/zed_interfaces/include/zed_interfaces/srv/detail/set_roi__struct.hpp
[6.670s] -- Up-to-date: /home/openark/ros2_ws/src/install/zed_interfaces/include/zed_interfaces/srv/detail/set_roi__builder.hpp
[6.670s] -- Up-to-date: /home/openark/ros2_ws/src/install/zed_interfaces/include/zed_interfaces/srv/detail/start_svo_rec__type_support.hpp
[6.671s] -- Up-to-date: /home/openark/ros2_ws/src/install/zed_interfaces/include/zed_interfaces/srv/detail/set_pose__type_support.hpp
[6.671s] -- Up-to-date: /home/openark/ros2_ws/src/install/zed_interfaces/include/zed_interfaces/srv/detail/start_svo_rec__struct.hpp
[6.671s] -- Up-to-date: /home/openark/ros2_ws/src/install/zed_interfaces/include/zed_interfaces/srv/detail/start_svo_rec__builder.hpp
[6.671s] -- Up-to-date: /home/openark/ros2_ws/src/install/zed_interfaces/include/zed_interfaces/srv/detail/set_pose__builder.hpp
[6.672s] -- Up-to-date: /home/openark/ros2_ws/src/install/zed_interfaces/include/zed_interfaces/srv/detail/set_pose__struct.hpp
[6.672s] -- Up-to-date: /home/openark/ros2_ws/src/install/zed_interfaces/include/zed_interfaces/srv/set_roi.hpp
[6.672s] -- Up-to-date: /home/openark/ros2_ws/src/install/zed_interfaces/include/zed_interfaces
[6.672s] -- Up-to-date: /home/openark/ros2_ws/src/install/zed_interfaces/include/zed_interfaces/msg
[6.672s] -- Up-to-date: /home/openark/ros2_ws/src/install/zed_interfaces/include/zed_interfaces/msg/detail
[6.673s] -- Up-to-date: /home/openark/ros2_ws/src/install/zed_interfaces/include/zed_interfaces/msg/detail/skeleton2_d__rosidl_typesupport_introspection_cpp.hpp
[6.673s] -- Up-to-date: /home/openark/ros2_ws/src/install/zed_interfaces/include/zed_interfaces/msg/detail/heartbeat__type_support.cpp
[6.673s] -- Up-to-date: /home/openark/ros2_ws/src/install/zed_interfaces/include/zed_interfaces/msg/detail/keypoint3_d__rosidl_typesupport_introspection_cpp.hpp
[6.673s] -- Up-to-date: /home/openark/ros2_ws/src/install/zed_interfaces/include/zed_interfaces/msg/detail/pos_track_status__type_support.cpp
[6.674s] -- Up-to-date: /home/openark/ros2_ws/src/install/zed_interfaces/include/zed_interfaces/msg/detail/depth_info_stamped__rosidl_typesupport_introspection_cpp.hpp
[6.674s] -- Up-to-date: /home/openark/ros2_ws/src/install/zed_interfaces/include/zed_interfaces/msg/detail/keypoint2_di__type_support.cpp
[6.674s] -- Up-to-date: /home/openark/ros2_ws/src/install/zed_interfaces/include/zed_interfaces/msg/detail/plane_stamped__rosidl_typesupport_introspection_cpp.hpp
[6.674s] -- Up-to-date: /home/openark/ros2_ws/src/install/zed_interfaces/include/zed_interfaces/msg/detail/pos_track_status__rosidl_typesupport_introspection_cpp.hpp
[6.675s] -- Up-to-date: /home/openark/ros2_ws/src/install/zed_interfaces/include/zed_interfaces/msg/detail/objects_stamped__type_support.cpp
[6.675s] -- Up-to-date: /home/openark/ros2_ws/src/install/zed_interfaces/include/zed_interfaces/msg/detail/bounding_box3_d__rosidl_typesupport_introspection_cpp.hpp
[6.675s] -- Up-to-date: /home/openark/ros2_ws/src/install/zed_interfaces/include/zed_interfaces/msg/detail/keypoint2_di__rosidl_typesupport_introspection_cpp.hpp
[6.675s] -- Up-to-date: /home/openark/ros2_ws/src/install/zed_interfaces/include/zed_interfaces/msg/detail/object__type_support.cpp
[6.676s] -- Up-to-date: /home/openark/ros2_ws/src/install/zed_interfaces/include/zed_interfaces/msg/detail/skeleton3_d__rosidl_typesupport_introspection_cpp.hpp
[6.676s] -- Up-to-date: /home/openark/ros2_ws/src/install/zed_interfaces/include/zed_interfaces/msg/detail/keypoint2_df__rosidl_typesupport_introspection_cpp.hpp
[6.676s] -- Up-to-date: /home/openark/ros2_ws/src/install/zed_interfaces/include/zed_interfaces/msg/detail/heartbeat__rosidl_typesupport_introspection_cpp.hpp
[6.676s] -- Up-to-date: /home/openark/ros2_ws/src/install/zed_interfaces/include/zed_interfaces/msg/detail/keypoint3_d__type_support.cpp
[6.676s] -- Up-to-date: /home/openark/ros2_ws/src/install/zed_interfaces/include/zed_interfaces/msg/detail/bounding_box2_di__rosidl_typesupport_introspection_cpp.hpp
[6.677s] -- Up-to-date: /home/openark/ros2_ws/src/install/zed_interfaces/include/zed_interfaces/msg/detail/keypoint2_df__type_support.cpp
[6.677s] -- Up-to-date: /home/openark/ros2_ws/src/install/zed_interfaces/include/zed_interfaces/msg/detail/bounding_box2_df__type_support.cpp
[6.677s] -- Up-to-date: /home/openark/ros2_ws/src/install/zed_interfaces/include/zed_interfaces/msg/detail/depth_info_stamped__type_support.cpp
[6.677s] -- Up-to-date: /home/openark/ros2_ws/src/install/zed_interfaces/include/zed_interfaces/msg/detail/bounding_box2_di__type_support.cpp
[6.678s] -- Up-to-date: /home/openark/ros2_ws/src/install/zed_interfaces/include/zed_interfaces/msg/detail/bounding_box2_df__rosidl_typesupport_introspection_cpp.hpp
[6.678s] -- Up-to-date: /home/openark/ros2_ws/src/install/zed_interfaces/include/zed_interfaces/msg/detail/skeleton2_d__type_support.cpp
[6.678s] -- Up-to-date: /home/openark/ros2_ws/src/install/zed_interfaces/include/zed_interfaces/msg/detail/objects_stamped__rosidl_typesupport_introspection_cpp.hpp
[6.678s] -- Up-to-date: /home/openark/ros2_ws/src/install/zed_interfaces/include/zed_interfaces/msg/detail/bounding_box3_d__type_support.cpp
[6.679s] -- Up-to-date: /home/openark/ros2_ws/src/install/zed_interfaces/include/zed_interfaces/msg/detail/skeleton3_d__type_support.cpp
[6.679s] -- Up-to-date: /home/openark/ros2_ws/src/install/zed_interfaces/include/zed_interfaces/msg/detail/plane_stamped__type_support.cpp
[6.679s] -- Up-to-date: /home/openark/ros2_ws/src/install/zed_interfaces/include/zed_interfaces/msg/detail/object__rosidl_typesupport_introspection_cpp.hpp
[6.679s] -- Up-to-date: /home/openark/ros2_ws/src/install/zed_interfaces/include/zed_interfaces/srv
[6.679s] -- Up-to-date: /home/openark/ros2_ws/src/install/zed_interfaces/include/zed_interfaces/srv/detail
[6.680s] -- Up-to-date: /home/openark/ros2_ws/src/install/zed_interfaces/include/zed_interfaces/srv/detail/set_roi__type_support.cpp
[6.680s] -- Up-to-date: /home/openark/ros2_ws/src/install/zed_interfaces/include/zed_interfaces/srv/detail/start_svo_rec__type_support.cpp
[6.680s] -- Up-to-date: /home/openark/ros2_ws/src/install/zed_interfaces/include/zed_interfaces/srv/detail/set_pose__rosidl_typesupport_introspection_cpp.hpp
[6.680s] -- Up-to-date: /home/openark/ros2_ws/src/install/zed_interfaces/include/zed_interfaces/srv/detail/start_svo_rec__rosidl_typesupport_introspection_cpp.hpp
[6.680s] -- Up-to-date: /home/openark/ros2_ws/src/install/zed_interfaces/include/zed_interfaces/srv/detail/set_pose__type_support.cpp
[6.681s] -- Up-to-date: /home/openark/ros2_ws/src/install/zed_interfaces/include/zed_interfaces/srv/detail/set_roi__rosidl_typesupport_introspection_cpp.hpp
[6.681s] -- Up-to-date: /home/openark/ros2_ws/src/install/zed_interfaces/lib/libzed_interfaces__rosidl_typesupport_introspection_cpp.so
[6.681s] -- Up-to-date: /home/openark/ros2_ws/src/install/zed_interfaces/lib/libzed_interfaces__rosidl_typesupport_cpp.so
[6.681s] -- Up-to-date: /home/openark/ros2_ws/src/install/zed_interfaces/share/zed_interfaces/environment/pythonpath.sh
[6.682s] -- Up-to-date: /home/openark/ros2_ws/src/install/zed_interfaces/share/zed_interfaces/environment/pythonpath.dsv
[6.682s] -- Up-to-date: /home/openark/ros2_ws/src/install/zed_interfaces/lib/python3.8/site-packages/zed_interfaces/__init__.py
[6.682s] -- Up-to-date: /home/openark/ros2_ws/src/install/zed_interfaces/lib/python3.8/site-packages/zed_interfaces/msg
[6.682s] -- Up-to-date: /home/openark/ros2_ws/src/install/zed_interfaces/lib/python3.8/site-packages/zed_interfaces/msg/_keypoint2_di_s.c
[6.682s] -- Up-to-date: /home/openark/ros2_ws/src/install/zed_interfaces/lib/python3.8/site-packages/zed_interfaces/msg/_objects_stamped_s.c
[6.683s] -- Up-to-date: /home/openark/ros2_ws/src/install/zed_interfaces/lib/python3.8/site-packages/zed_interfaces/msg/_bounding_box2_df_s.c
[6.683s] -- Up-to-date: /home/openark/ros2_ws/src/install/zed_interfaces/lib/python3.8/site-packages/zed_interfaces/msg/__init__.py
[6.683s] -- Up-to-date: /home/openark/ros2_ws/src/install/zed_interfaces/lib/python3.8/site-packages/zed_interfaces/msg/_object_s.c
[6.687s] -- Up-to-date: /home/openark/ros2_ws/src/install/zed_interfaces/lib/python3.8/site-packages/zed_interfaces/msg/_heartbeat_s.c
[6.688s] -- Up-to-date: /home/openark/ros2_ws/src/install/zed_interfaces/lib/python3.8/site-packages/zed_interfaces/msg/_keypoint2_di.py
[6.688s] -- Up-to-date: /home/openark/ros2_ws/src/install/zed_interfaces/lib/python3.8/site-packages/zed_interfaces/msg/_objects_stamped.py
[6.689s] -- Up-to-date: /home/openark/ros2_ws/src/install/zed_interfaces/lib/python3.8/site-packages/zed_interfaces/msg/_keypoint3_d.py
[6.689s] -- Up-to-date: /home/openark/ros2_ws/src/install/zed_interfaces/lib/python3.8/site-packages/zed_interfaces/msg/_plane_stamped.py
[6.689s] -- Up-to-date: /home/openark/ros2_ws/src/install/zed_interfaces/lib/python3.8/site-packages/zed_interfaces/msg/_object.py
[6.689s] -- Up-to-date: /home/openark/ros2_ws/src/install/zed_interfaces/lib/python3.8/site-packages/zed_interfaces/msg/_depth_info_stamped.py
[6.689s] -- Up-to-date: /home/openark/ros2_ws/src/install/zed_interfaces/lib/python3.8/site-packages/zed_interfaces/msg/_bounding_box2_di.py
[6.689s] -- Up-to-date: /home/openark/ros2_ws/src/install/zed_interfaces/lib/python3.8/site-packages/zed_interfaces/msg/_plane_stamped_s.c
[6.689s] -- Up-to-date: /home/openark/ros2_ws/src/install/zed_interfaces/lib/python3.8/site-packages/zed_interfaces/msg/_pos_track_status_s.c
[6.689s] -- Up-to-date: /home/openark/ros2_ws/src/install/zed_interfaces/lib/python3.8/site-packages/zed_interfaces/msg/_skeleton2_d_s.c
[6.690s] -- Up-to-date: /home/openark/ros2_ws/src/install/zed_interfaces/lib/python3.8/site-packages/zed_interfaces/msg/_bounding_box3_d.py
[6.690s] -- Up-to-date: /home/openark/ros2_ws/src/install/zed_interfaces/lib/python3.8/site-packages/zed_interfaces/msg/_keypoint3_d_s.c
[6.690s] -- Up-to-date: /home/openark/ros2_ws/src/install/zed_interfaces/lib/python3.8/site-packages/zed_interfaces/msg/_skeleton3_d.py
[6.690s] -- Up-to-date: /home/openark/ros2_ws/src/install/zed_interfaces/lib/python3.8/site-packages/zed_interfaces/msg/_bounding_box2_df.py
[6.691s] -- Up-to-date: /home/openark/ros2_ws/src/install/zed_interfaces/lib/python3.8/site-packages/zed_interfaces/msg/_keypoint2_df.py
[6.691s] -- Up-to-date: /home/openark/ros2_ws/src/install/zed_interfaces/lib/python3.8/site-packages/zed_interfaces/msg/_keypoint2_df_s.c
[6.691s] -- Up-to-date: /home/openark/ros2_ws/src/install/zed_interfaces/lib/python3.8/site-packages/zed_interfaces/msg/_bounding_box2_di_s.c
[6.692s] -- Up-to-date: /home/openark/ros2_ws/src/install/zed_interfaces/lib/python3.8/site-packages/zed_interfaces/msg/_bounding_box3_d_s.c
[6.692s] -- Up-to-date: /home/openark/ros2_ws/src/install/zed_interfaces/lib/python3.8/site-packages/zed_interfaces/msg/_skeleton3_d_s.c
[6.693s] -- Up-to-date: /home/openark/ros2_ws/src/install/zed_interfaces/lib/python3.8/site-packages/zed_interfaces/msg/_pos_track_status.py
[6.693s] -- Up-to-date: /home/openark/ros2_ws/src/install/zed_interfaces/lib/python3.8/site-packages/zed_interfaces/msg/_heartbeat.py
[6.693s] -- Up-to-date: /home/openark/ros2_ws/src/install/zed_interfaces/lib/python3.8/site-packages/zed_interfaces/msg/_depth_info_stamped_s.c
[6.694s] -- Up-to-date: /home/openark/ros2_ws/src/install/zed_interfaces/lib/python3.8/site-packages/zed_interfaces/msg/_skeleton2_d.py
[6.694s] -- Up-to-date: /home/openark/ros2_ws/src/install/zed_interfaces/lib/python3.8/site-packages/zed_interfaces/srv
[6.694s] -- Up-to-date: /home/openark/ros2_ws/src/install/zed_interfaces/lib/python3.8/site-packages/zed_interfaces/srv/_set_pose.py
[6.695s] -- Up-to-date: /home/openark/ros2_ws/src/install/zed_interfaces/lib/python3.8/site-packages/zed_interfaces/srv/__init__.py
[6.695s] -- Up-to-date: /home/openark/ros2_ws/src/install/zed_interfaces/lib/python3.8/site-packages/zed_interfaces/srv/_set_roi_s.c
[6.695s] -- Up-to-date: /home/openark/ros2_ws/src/install/zed_interfaces/lib/python3.8/site-packages/zed_interfaces/srv/_start_svo_rec.py
[6.695s] -- Up-to-date: /home/openark/ros2_ws/src/install/zed_interfaces/lib/python3.8/site-packages/zed_interfaces/srv/_set_pose_s.c
[6.695s] -- Up-to-date: /home/openark/ros2_ws/src/install/zed_interfaces/lib/python3.8/site-packages/zed_interfaces/srv/_set_roi.py
[6.695s] -- Up-to-date: /home/openark/ros2_ws/src/install/zed_interfaces/lib/python3.8/site-packages/zed_interfaces/srv/_start_svo_rec_s.c
[6.695s] -- Up-to-date: /home/openark/ros2_ws/src/install/zed_interfaces/lib/python3.8/site-packages/zed_interfaces/zed_interfaces_s__rosidl_typesupport_fastrtps_c.cpython-38-x86_64-linux-gnu.so
[6.696s] -- Up-to-date: /home/openark/ros2_ws/src/install/zed_interfaces/lib/python3.8/site-packages/zed_interfaces/zed_interfaces_s__rosidl_typesupport_introspection_c.cpython-38-x86_64-linux-gnu.so
[6.697s] -- Up-to-date: /home/openark/ros2_ws/src/install/zed_interfaces/lib/python3.8/site-packages/zed_interfaces/zed_interfaces_s__rosidl_typesupport_c.cpython-38-x86_64-linux-gnu.so
[6.697s] -- Up-to-date: /home/openark/ros2_ws/src/install/zed_interfaces/lib/libzed_interfaces__python.so
[6.698s] -- Up-to-date: /home/openark/ros2_ws/src/install/zed_interfaces/share/zed_interfaces/msg/Object.idl
[6.699s] -- Up-to-date: /home/openark/ros2_ws/src/install/zed_interfaces/share/zed_interfaces/msg/ObjectsStamped.idl
[6.700s] -- Up-to-date: /home/openark/ros2_ws/src/install/zed_interfaces/share/zed_interfaces/msg/Keypoint2Di.idl
[6.702s] -- Up-to-date: /home/openark/ros2_ws/src/install/zed_interfaces/share/zed_interfaces/msg/Keypoint2Df.idl
[6.703s] -- Up-to-date: /home/openark/ros2_ws/src/install/zed_interfaces/share/zed_interfaces/msg/Keypoint3D.idl
[6.703s] -- Up-to-date: /home/openark/ros2_ws/src/install/zed_interfaces/share/zed_interfaces/msg/BoundingBox2Di.idl
[6.704s] -- Up-to-date: /home/openark/ros2_ws/src/install/zed_interfaces/share/zed_interfaces/msg/BoundingBox2Df.idl
[6.704s] -- Up-to-date: /home/openark/ros2_ws/src/install/zed_interfaces/share/zed_interfaces/msg/BoundingBox3D.idl
[6.705s] -- Up-to-date: /home/openark/ros2_ws/src/install/zed_interfaces/share/zed_interfaces/msg/Skeleton2D.idl
[6.705s] -- Up-to-date: /home/openark/ros2_ws/src/install/zed_interfaces/share/zed_interfaces/msg/Skeleton3D.idl
[6.706s] -- Up-to-date: /home/openark/ros2_ws/src/install/zed_interfaces/share/zed_interfaces/msg/DepthInfoStamped.idl
[6.706s] -- Up-to-date: /home/openark/ros2_ws/src/install/zed_interfaces/share/zed_interfaces/msg/PlaneStamped.idl
[6.707s] -- Up-to-date: /home/openark/ros2_ws/src/install/zed_interfaces/share/zed_interfaces/msg/PosTrackStatus.idl
[6.708s] -- Up-to-date: /home/openark/ros2_ws/src/install/zed_interfaces/share/zed_interfaces/msg/Heartbeat.idl
[6.708s] -- Up-to-date: /home/openark/ros2_ws/src/install/zed_interfaces/share/zed_interfaces/srv/SetPose.idl
[6.709s] -- Up-to-date: /home/openark/ros2_ws/src/install/zed_interfaces/share/zed_interfaces/srv/StartSvoRec.idl
[6.711s] -- Up-to-date: /home/openark/ros2_ws/src/install/zed_interfaces/share/zed_interfaces/srv/SetROI.idl
[6.712s] -- Up-to-date: /home/openark/ros2_ws/src/install/zed_interfaces/share/zed_interfaces/msg/Object.msg
[6.712s] -- Up-to-date: /home/openark/ros2_ws/src/install/zed_interfaces/share/zed_interfaces/msg/ObjectsStamped.msg
[6.713s] -- Up-to-date: /home/openark/ros2_ws/src/install/zed_interfaces/share/zed_interfaces/msg/Keypoint2Di.msg
[6.713s] -- Up-to-date: /home/openark/ros2_ws/src/install/zed_interfaces/share/zed_interfaces/msg/Keypoint2Df.msg
[6.714s] -- Up-to-date: /home/openark/ros2_ws/src/install/zed_interfaces/share/zed_interfaces/msg/Keypoint3D.msg
[6.715s] -- Up-to-date: /home/openark/ros2_ws/src/install/zed_interfaces/share/zed_interfaces/msg/BoundingBox2Di.msg
[6.716s] -- Up-to-date: /home/openark/ros2_ws/src/install/zed_interfaces/share/zed_interfaces/msg/BoundingBox2Df.msg
[6.716s] -- Up-to-date: /home/openark/ros2_ws/src/install/zed_interfaces/share/zed_interfaces/msg/BoundingBox3D.msg
[6.717s] -- Up-to-date: /home/openark/ros2_ws/src/install/zed_interfaces/share/zed_interfaces/msg/Skeleton2D.msg
[6.718s] -- Up-to-date: /home/openark/ros2_ws/src/install/zed_interfaces/share/zed_interfaces/msg/Skeleton3D.msg
[6.718s] -- Up-to-date: /home/openark/ros2_ws/src/install/zed_interfaces/share/zed_interfaces/msg/DepthInfoStamped.msg
[6.719s] -- Up-to-date: /home/openark/ros2_ws/src/install/zed_interfaces/share/zed_interfaces/msg/PlaneStamped.msg
[6.720s] -- Up-to-date: /home/openark/ros2_ws/src/install/zed_interfaces/share/zed_interfaces/msg/PosTrackStatus.msg
[6.720s] -- Up-to-date: /home/openark/ros2_ws/src/install/zed_interfaces/share/zed_interfaces/msg/Heartbeat.msg
[6.720s] -- Up-to-date: /home/openark/ros2_ws/src/install/zed_interfaces/share/zed_interfaces/srv/SetPose.srv
[6.721s] -- Up-to-date: /home/openark/ros2_ws/src/install/zed_interfaces/share/zed_interfaces/srv/SetPose_Request.msg
[6.722s] -- Up-to-date: /home/openark/ros2_ws/src/install/zed_interfaces/share/zed_interfaces/srv/SetPose_Response.msg
[6.722s] -- Up-to-date: /home/openark/ros2_ws/src/install/zed_interfaces/share/zed_interfaces/srv/StartSvoRec.srv
[6.722s] -- Up-to-date: /home/openark/ros2_ws/src/install/zed_interfaces/share/zed_interfaces/srv/StartSvoRec_Request.msg
[6.722s] -- Up-to-date: /home/openark/ros2_ws/src/install/zed_interfaces/share/zed_interfaces/srv/StartSvoRec_Response.msg
[6.723s] -- Up-to-date: /home/openark/ros2_ws/src/install/zed_interfaces/share/zed_interfaces/srv/SetROI.srv
[6.723s] -- Up-to-date: /home/openark/ros2_ws/src/install/zed_interfaces/share/zed_interfaces/srv/SetROI_Request.msg
[6.724s] -- Up-to-date: /home/openark/ros2_ws/src/install/zed_interfaces/share/zed_interfaces/srv/SetROI_Response.msg
[6.724s] -- Up-to-date: /home/openark/ros2_ws/src/install/zed_interfaces/share/zed_interfaces/meshes
[6.725s] -- Up-to-date: /home/openark/ros2_ws/src/install/zed_interfaces/share/zed_interfaces/meshes/zedx.stl
[6.725s] -- Up-to-date: /home/openark/ros2_ws/src/install/zed_interfaces/share/zed_interfaces/meshes/zed2.stl
[6.725s] -- Up-to-date: /home/openark/ros2_ws/src/install/zed_interfaces/share/zed_interfaces/meshes/zed2i.stl
[6.725s] -- Up-to-date: /home/openark/ros2_ws/src/install/zed_interfaces/share/zed_interfaces/meshes/zedm.stl
[6.726s] -- Up-to-date: /home/openark/ros2_ws/src/install/zed_interfaces/share/zed_interfaces/meshes/zedxm.stl
[6.726s] -- Up-to-date: /home/openark/ros2_ws/src/install/zed_interfaces/share/zed_interfaces/meshes/zed.stl
[6.726s] -- Up-to-date: /home/openark/ros2_ws/src/install/zed_interfaces/share/ament_index/resource_index/package_run_dependencies/zed_interfaces
[6.726s] -- Up-to-date: /home/openark/ros2_ws/src/install/zed_interfaces/share/ament_index/resource_index/parent_prefix_path/zed_interfaces
[6.727s] -- Up-to-date: /home/openark/ros2_ws/src/install/zed_interfaces/share/zed_interfaces/environment/ament_prefix_path.sh
[6.727s] -- Up-to-date: /home/openark/ros2_ws/src/install/zed_interfaces/share/zed_interfaces/environment/ament_prefix_path.dsv
[6.728s] -- Up-to-date: /home/openark/ros2_ws/src/install/zed_interfaces/share/zed_interfaces/environment/path.sh
[6.730s] -- Up-to-date: /home/openark/ros2_ws/src/install/zed_interfaces/share/zed_interfaces/environment/path.dsv
[6.731s] -- Up-to-date: /home/openark/ros2_ws/src/install/zed_interfaces/share/zed_interfaces/local_setup.bash
[6.732s] -- Up-to-date: /home/openark/ros2_ws/src/install/zed_interfaces/share/zed_interfaces/local_setup.sh
[6.733s] -- Up-to-date: /home/openark/ros2_ws/src/install/zed_interfaces/share/zed_interfaces/local_setup.zsh
[6.733s] -- Up-to-date: /home/openark/ros2_ws/src/install/zed_interfaces/share/zed_interfaces/local_setup.dsv
[6.733s] -- Installing: /home/openark/ros2_ws/src/install/zed_interfaces/share/zed_interfaces/package.dsv
[6.734s] -- Up-to-date: /home/openark/ros2_ws/src/install/zed_interfaces/share/ament_index/resource_index/packages/zed_interfaces
[6.735s] -- Up-to-date: /home/openark/ros2_ws/src/install/zed_interfaces/share/zed_interfaces/cmake/zed_interfaces__rosidl_generator_cExport.cmake
[6.735s] -- Up-to-date: /home/openark/ros2_ws/src/install/zed_interfaces/share/zed_interfaces/cmake/zed_interfaces__rosidl_generator_cExport-noconfig.cmake
[6.736s] -- Up-to-date: /home/openark/ros2_ws/src/install/zed_interfaces/share/zed_interfaces/cmake/zed_interfaces__rosidl_typesupport_introspection_cExport.cmake
[6.736s] -- Up-to-date: /home/openark/ros2_ws/src/install/zed_interfaces/share/zed_interfaces/cmake/zed_interfaces__rosidl_typesupport_introspection_cExport-noconfig.cmake
[6.737s] -- Up-to-date: /home/openark/ros2_ws/src/install/zed_interfaces/share/zed_interfaces/cmake/zed_interfaces__rosidl_typesupport_cExport.cmake
[6.737s] -- Up-to-date: /home/openark/ros2_ws/src/install/zed_interfaces/share/zed_interfaces/cmake/zed_interfaces__rosidl_typesupport_cExport-noconfig.cmake
[6.737s] -- Up-to-date: /home/openark/ros2_ws/src/install/zed_interfaces/share/zed_interfaces/cmake/zed_interfaces__rosidl_generator_cppExport.cmake
[6.737s] -- Up-to-date: /home/openark/ros2_ws/src/install/zed_interfaces/share/zed_interfaces/cmake/zed_interfaces__rosidl_typesupport_introspection_cppExport.cmake
[6.737s] -- Up-to-date: /home/openark/ros2_ws/src/install/zed_interfaces/share/zed_interfaces/cmake/zed_interfaces__rosidl_typesupport_introspection_cppExport-noconfig.cmake
[6.737s] -- Up-to-date: /home/openark/ros2_ws/src/install/zed_interfaces/share/zed_interfaces/cmake/zed_interfaces__rosidl_typesupport_cppExport.cmake
[6.737s] -- Up-to-date: /home/openark/ros2_ws/src/install/zed_interfaces/share/zed_interfaces/cmake/zed_interfaces__rosidl_typesupport_cppExport-noconfig.cmake
[6.738s] -- Up-to-date: /home/openark/ros2_ws/src/install/zed_interfaces/share/zed_interfaces/cmake/rosidl_cmake-extras.cmake
[6.741s] -- Up-to-date: /home/openark/ros2_ws/src/install/zed_interfaces/share/zed_interfaces/cmake/ament_cmake_export_dependencies-extras.cmake
[6.741s] -- Up-to-date: /home/openark/ros2_ws/src/install/zed_interfaces/share/zed_interfaces/cmake/ament_cmake_export_libraries-extras.cmake
[6.741s] -- Up-to-date: /home/openark/ros2_ws/src/install/zed_interfaces/share/zed_interfaces/cmake/ament_cmake_export_targets-extras.cmake
[6.742s] -- Up-to-date: /home/openark/ros2_ws/src/install/zed_interfaces/share/zed_interfaces/cmake/ament_cmake_export_include_directories-extras.cmake
[6.743s] -- Up-to-date: /home/openark/ros2_ws/src/install/zed_interfaces/share/zed_interfaces/cmake/rosidl_cmake_export_typesupport_libraries-extras.cmake
[6.743s] -- Up-to-date: /home/openark/ros2_ws/src/install/zed_interfaces/share/zed_interfaces/cmake/rosidl_cmake_export_typesupport_targets-extras.cmake
[6.744s] -- Up-to-date: /home/openark/ros2_ws/src/install/zed_interfaces/share/zed_interfaces/cmake/zed_interfacesConfig.cmake
[6.745s] -- Up-to-date: /home/openark/ros2_ws/src/install/zed_interfaces/share/zed_interfaces/cmake/zed_interfacesConfig-version.cmake
[6.747s] -- Up-to-date: /home/openark/ros2_ws/src/install/zed_interfaces/share/zed_interfaces/package.xml
[8.893s] Invoked command in '/home/openark/ros2_ws/src/build/zed_interfaces' returned '0': CMAKE_PREFIX_PATH=/home/openark/ros2_ws/install/zed_ros2:/home/openark/ros2_ws/install/zed_multi_camera:/home/openark/ros2_ws/install/zed_display_rviz2:/home/openark/ros2_ws/install/zed_wrapper:/home/openark/ros2_ws/install/zed_tutorial_video:/home/openark/ros2_ws/install/zed_tutorial_pos_tracking:/home/openark/ros2_ws/install/zed_tutorial_depth:/home/openark/ros2_ws/install/zed_topic_benchmark_interfaces:/home/openark/ros2_ws/install/zed_rgb_convert:/home/openark/ros2_ws/install/zed_components:/home/openark/ros2_ws/install/rviz_plugin_zed_od:/home/openark/ros2_ws/install/zed_interfaces:/home/openark/ros2_ws/install/examples_rclpy_minimal_subscriber:/home/openark/ros2_ws/install/examples_rclpy_minimal_service:/home/openark/ros2_ws/install/examples_rclpy_minimal_publisher:/home/openark/ros2_ws/install/examples_rclpy_minimal_client:/home/openark/ros2_ws/install/examples_rclpy_minimal_action_server:/home/openark/ros2_ws/install/examples_rclpy_minimal_action_client:/home/openark/ros2_ws/install/examples_rclpy_executors:/opt/ros/foxy:/home/openark/ros2_ws/install/septentrio_gnss_driver:/home/openark/ros2_ws/install/roar_septentrio_interface:/home/openark/ros2_ws/install/examples_rclcpp_multithreaded_executor:/home/openark/ros2_ws/install/examples_rclcpp_minimal_timer:/home/openark/ros2_ws/install/examples_rclcpp_minimal_subscriber:/home/openark/ros2_ws/install/examples_rclcpp_minimal_service:/home/openark/ros2_ws/install/examples_rclcpp_minimal_publisher:/home/openark/ros2_ws/install/examples_rclcpp_minimal_composition:/home/openark/ros2_ws/install/examples_rclcpp_minimal_client:/home/openark/ros2_ws/install/examples_rclcpp_minimal_action_server:/home/openark/ros2_ws/install/examples_rclcpp_minimal_action_client /usr/bin/cmake --install /home/openark/ros2_ws/src/build/zed_interfaces
