[8.438s] Invoking command in '/home/openark/ros2_ws/src/examples/rclpy/actions/minimal_action_client': PYTHONPATH=/home/openark/ros2_ws/build/examples_rclpy_minimal_action_client/prefix_override:/home/openark/ros2_ws/install/examples_rclpy_minimal_action_client/lib/python3.8/site-packages:${PYTHONPATH} /usr/bin/python3 setup.py egg_info --egg-base ../../../../../build/examples_rclpy_minimal_action_client build --build-base /home/openark/ros2_ws/build/examples_rclpy_minimal_action_client/build install --record /home/openark/ros2_ws/build/examples_rclpy_minimal_action_client/install.log --install-scripts $base/lib/examples_rclpy_minimal_action_client --single-version-externally-managed
[9.052s] running egg_info
[9.052s] writing ../../../../../build/examples_rclpy_minimal_action_client/examples_rclpy_minimal_action_client.egg-info/PKG-INFO
[9.052s] writing dependency_links to ../../../../../build/examples_rclpy_minimal_action_client/examples_rclpy_minimal_action_client.egg-info/dependency_links.txt
[9.053s] writing entry points to ../../../../../build/examples_rclpy_minimal_action_client/examples_rclpy_minimal_action_client.egg-info/entry_points.txt
[9.053s] writing requirements to ../../../../../build/examples_rclpy_minimal_action_client/examples_rclpy_minimal_action_client.egg-info/requires.txt
[9.053s] writing top-level names to ../../../../../build/examples_rclpy_minimal_action_client/examples_rclpy_minimal_action_client.egg-info/top_level.txt
[9.129s] reading manifest file '../../../../../build/examples_rclpy_minimal_action_client/examples_rclpy_minimal_action_client.egg-info/SOURCES.txt'
[9.130s] writing manifest file '../../../../../build/examples_rclpy_minimal_action_client/examples_rclpy_minimal_action_client.egg-info/SOURCES.txt'
[9.132s] running build
[9.132s] running build_py
[9.134s] running install
[9.135s] running install_lib
[9.137s] running install_data
[9.139s] running install_egg_info
[9.142s] removing '/home/openark/ros2_ws/install/examples_rclpy_minimal_action_client/lib/python3.8/site-packages/examples_rclpy_minimal_action_client-0.9.4-py3.8.egg-info' (and everything under it)
[9.143s] Copying ../../../../../build/examples_rclpy_minimal_action_client/examples_rclpy_minimal_action_client.egg-info to /home/openark/ros2_ws/install/examples_rclpy_minimal_action_client/lib/python3.8/site-packages/examples_rclpy_minimal_action_client-0.9.4-py3.8.egg-info
[9.144s] running install_scripts
[9.178s] Installing client script to /home/openark/ros2_ws/install/examples_rclpy_minimal_action_client/lib/examples_rclpy_minimal_action_client
[9.179s] Installing client_cancel script to /home/openark/ros2_ws/install/examples_rclpy_minimal_action_client/lib/examples_rclpy_minimal_action_client
[9.180s] Installing client_not_composable script to /home/openark/ros2_ws/install/examples_rclpy_minimal_action_client/lib/examples_rclpy_minimal_action_client
[9.180s] writing list of installed files to '/home/openark/ros2_ws/build/examples_rclpy_minimal_action_client/install.log'
[10.476s] Invoked command in '/home/openark/ros2_ws/src/examples/rclpy/actions/minimal_action_client' returned '0': PYTHONPATH=/home/openark/ros2_ws/build/examples_rclpy_minimal_action_client/prefix_override:/home/openark/ros2_ws/install/examples_rclpy_minimal_action_client/lib/python3.8/site-packages:${PYTHONPATH} /usr/bin/python3 setup.py egg_info --egg-base ../../../../../build/examples_rclpy_minimal_action_client build --build-base /home/openark/ros2_ws/build/examples_rclpy_minimal_action_client/build install --record /home/openark/ros2_ws/build/examples_rclpy_minimal_action_client/install.log --install-scripts $base/lib/examples_rclpy_minimal_action_client --single-version-externally-managed
