[7.448s] Invoking command in '/home/openark/ros2_ws/build/examples_rclpy_minimal_client': PYTHONPATH=/home/openark/ros2_ws/build/examples_rclpy_minimal_client/prefix_override:/home/openark/ros2_ws/install/examples_rclpy_minimal_client/lib/python3.8/site-packages:${PYTHONPATH} /usr/bin/python3 setup.py develop --editable --build-directory /home/openark/ros2_ws/build/examples_rclpy_minimal_client/build --no-deps install_data
[7.986s] running develop
[8.281s] running egg_info
[8.283s] creating examples_rclpy_minimal_client.egg-info
[8.283s] writing examples_rclpy_minimal_client.egg-info/PKG-INFO
[8.283s] writing dependency_links to examples_rclpy_minimal_client.egg-info/dependency_links.txt
[8.284s] writing entry points to examples_rclpy_minimal_client.egg-info/entry_points.txt
[8.284s] writing requirements to examples_rclpy_minimal_client.egg-info/requires.txt
[8.285s] writing top-level names to examples_rclpy_minimal_client.egg-info/top_level.txt
[8.286s] writing manifest file 'examples_rclpy_minimal_client.egg-info/SOURCES.txt'
[8.377s] reading manifest file 'examples_rclpy_minimal_client.egg-info/SOURCES.txt'
[8.379s] writing manifest file 'examples_rclpy_minimal_client.egg-info/SOURCES.txt'
[8.440s] running build_ext
[8.440s] Creating /home/openark/ros2_ws/install/examples_rclpy_minimal_client/lib/python3.8/site-packages/site.py
[8.442s] Creating /home/openark/ros2_ws/install/examples_rclpy_minimal_client/lib/python3.8/site-packages/examples-rclpy-minimal-client.egg-link (link to .)
[8.443s] Installing client script to /home/openark/ros2_ws/install/examples_rclpy_minimal_client/lib/examples_rclpy_minimal_client
[8.444s] Installing client_async script to /home/openark/ros2_ws/install/examples_rclpy_minimal_client/lib/examples_rclpy_minimal_client
[8.445s] Installing client_async_callback script to /home/openark/ros2_ws/install/examples_rclpy_minimal_client/lib/examples_rclpy_minimal_client
[8.445s] Installing client_async_member_function script to /home/openark/ros2_ws/install/examples_rclpy_minimal_client/lib/examples_rclpy_minimal_client
[8.445s] 
[8.446s] Installed /home/openark/ros2_ws/build/examples_rclpy_minimal_client
[8.446s] running install_data
[8.446s] creating /home/openark/ros2_ws/install/examples_rclpy_minimal_client/share/ament_index
[8.447s] creating /home/openark/ros2_ws/install/examples_rclpy_minimal_client/share/ament_index/resource_index
[8.447s] creating /home/openark/ros2_ws/install/examples_rclpy_minimal_client/share/ament_index/resource_index/packages
[8.448s] copying resource/examples_rclpy_minimal_client -> /home/openark/ros2_ws/install/examples_rclpy_minimal_client/share/ament_index/resource_index/packages
[8.448s] copying package.xml -> /home/openark/ros2_ws/install/examples_rclpy_minimal_client/share/examples_rclpy_minimal_client
[9.058s] Invoked command in '/home/openark/ros2_ws/build/examples_rclpy_minimal_client' returned '0': PYTHONPATH=/home/openark/ros2_ws/build/examples_rclpy_minimal_client/prefix_override:/home/openark/ros2_ws/install/examples_rclpy_minimal_client/lib/python3.8/site-packages:${PYTHONPATH} /usr/bin/python3 setup.py develop --editable --build-directory /home/openark/ros2_ws/build/examples_rclpy_minimal_client/build --no-deps install_data
