[1.454s] Invoking command in '/home/openark/ros2_ws/build/examples_rclcpp_minimal_composition': CMAKE_PREFIX_PATH=${CMAKE_PREFIX_PATH}:/home/openark/ros2_ws/install/examples_rclpy_minimal_subscriber:/home/openark/ros2_ws/install/examples_rclpy_minimal_service:/home/openark/ros2_ws/install/examples_rclpy_minimal_publisher:/home/openark/ros2_ws/install/examples_rclpy_minimal_client:/home/openark/ros2_ws/install/examples_rclpy_minimal_action_server:/home/openark/ros2_ws/install/examples_rclpy_minimal_action_client:/home/openark/ros2_ws/install/examples_rclpy_executors:/home/openark/ros2_ws/src/install/examples_rclpy_minimal_subscriber:/home/openark/ros2_ws/src/install/examples_rclpy_minimal_service:/home/openark/ros2_ws/src/install/examples_rclpy_minimal_publisher:/home/openark/ros2_ws/src/install/examples_rclpy_minimal_client:/home/openark/ros2_ws/src/install/examples_rclpy_minimal_action_server:/home/openark/ros2_ws/src/install/examples_rclpy_minimal_action_client:/home/openark/ros2_ws/src/install/examples_rclpy_executors:/opt/ros/foxy /usr/bin/cmake --build /home/openark/ros2_ws/build/examples_rclcpp_minimal_composition -- -j12 -l12
[2.176s] [ 33%] Built target composition_nodes
[2.178s] [ 55%] Built target composition_subscriber
[2.179s] [ 77%] Built target composition_publisher
[2.179s] [100%] Built target composition_composed
[2.202s] Invoked command in '/home/openark/ros2_ws/build/examples_rclcpp_minimal_composition' returned '0': CMAKE_PREFIX_PATH=${CMAKE_PREFIX_PATH}:/home/openark/ros2_ws/install/examples_rclpy_minimal_subscriber:/home/openark/ros2_ws/install/examples_rclpy_minimal_service:/home/openark/ros2_ws/install/examples_rclpy_minimal_publisher:/home/openark/ros2_ws/install/examples_rclpy_minimal_client:/home/openark/ros2_ws/install/examples_rclpy_minimal_action_server:/home/openark/ros2_ws/install/examples_rclpy_minimal_action_client:/home/openark/ros2_ws/install/examples_rclpy_executors:/home/openark/ros2_ws/src/install/examples_rclpy_minimal_subscriber:/home/openark/ros2_ws/src/install/examples_rclpy_minimal_service:/home/openark/ros2_ws/src/install/examples_rclpy_minimal_publisher:/home/openark/ros2_ws/src/install/examples_rclpy_minimal_client:/home/openark/ros2_ws/src/install/examples_rclpy_minimal_action_server:/home/openark/ros2_ws/src/install/examples_rclpy_minimal_action_client:/home/openark/ros2_ws/src/install/examples_rclpy_executors:/opt/ros/foxy /usr/bin/cmake --build /home/openark/ros2_ws/build/examples_rclcpp_minimal_composition -- -j12 -l12
[2.294s] Invoking command in '/home/openark/ros2_ws/build/examples_rclcpp_minimal_composition': CMAKE_PREFIX_PATH=${CMAKE_PREFIX_PATH}:/home/openark/ros2_ws/install/examples_rclpy_minimal_subscriber:/home/openark/ros2_ws/install/examples_rclpy_minimal_service:/home/openark/ros2_ws/install/examples_rclpy_minimal_publisher:/home/openark/ros2_ws/install/examples_rclpy_minimal_client:/home/openark/ros2_ws/install/examples_rclpy_minimal_action_server:/home/openark/ros2_ws/install/examples_rclpy_minimal_action_client:/home/openark/ros2_ws/install/examples_rclpy_executors:/home/openark/ros2_ws/src/install/examples_rclpy_minimal_subscriber:/home/openark/ros2_ws/src/install/examples_rclpy_minimal_service:/home/openark/ros2_ws/src/install/examples_rclpy_minimal_publisher:/home/openark/ros2_ws/src/install/examples_rclpy_minimal_client:/home/openark/ros2_ws/src/install/examples_rclpy_minimal_action_server:/home/openark/ros2_ws/src/install/examples_rclpy_minimal_action_client:/home/openark/ros2_ws/src/install/examples_rclpy_executors:/opt/ros/foxy /usr/bin/cmake --install /home/openark/ros2_ws/build/examples_rclcpp_minimal_composition
[2.386s] -- Install configuration: ""
[2.386s] -- Up-to-date: /home/openark/ros2_ws/install/examples_rclcpp_minimal_composition/share/examples_rclcpp_minimal_composition/environment/library_path.sh
[2.386s] -- Up-to-date: /home/openark/ros2_ws/install/examples_rclcpp_minimal_composition/share/examples_rclcpp_minimal_composition/environment/library_path.dsv
[2.386s] -- Up-to-date: /home/openark/ros2_ws/install/examples_rclcpp_minimal_composition/lib/libcomposition_nodes.so
[2.386s] -- Up-to-date: /home/openark/ros2_ws/install/examples_rclcpp_minimal_composition/lib/examples_rclcpp_minimal_composition/composition_publisher
[2.386s] -- Up-to-date: /home/openark/ros2_ws/install/examples_rclcpp_minimal_composition/lib/examples_rclcpp_minimal_composition/composition_subscriber
[2.386s] -- Up-to-date: /home/openark/ros2_ws/install/examples_rclcpp_minimal_composition/lib/examples_rclcpp_minimal_composition/composition_composed
[2.387s] -- Up-to-date: /home/openark/ros2_ws/install/examples_rclcpp_minimal_composition/share/ament_index/resource_index/package_run_dependencies/examples_rclcpp_minimal_composition
[2.387s] -- Up-to-date: /home/openark/ros2_ws/install/examples_rclcpp_minimal_composition/share/ament_index/resource_index/parent_prefix_path/examples_rclcpp_minimal_composition
[2.387s] -- Up-to-date: /home/openark/ros2_ws/install/examples_rclcpp_minimal_composition/share/examples_rclcpp_minimal_composition/environment/ament_prefix_path.sh
[2.387s] -- Up-to-date: /home/openark/ros2_ws/install/examples_rclcpp_minimal_composition/share/examples_rclcpp_minimal_composition/environment/ament_prefix_path.dsv
[2.387s] -- Up-to-date: /home/openark/ros2_ws/install/examples_rclcpp_minimal_composition/share/examples_rclcpp_minimal_composition/environment/path.sh
[2.387s] -- Up-to-date: /home/openark/ros2_ws/install/examples_rclcpp_minimal_composition/share/examples_rclcpp_minimal_composition/environment/path.dsv
[2.387s] -- Up-to-date: /home/openark/ros2_ws/install/examples_rclcpp_minimal_composition/share/examples_rclcpp_minimal_composition/local_setup.bash
[2.388s] -- Up-to-date: /home/openark/ros2_ws/install/examples_rclcpp_minimal_composition/share/examples_rclcpp_minimal_composition/local_setup.sh
[2.388s] -- Up-to-date: /home/openark/ros2_ws/install/examples_rclcpp_minimal_composition/share/examples_rclcpp_minimal_composition/local_setup.zsh
[2.388s] -- Up-to-date: /home/openark/ros2_ws/install/examples_rclcpp_minimal_composition/share/examples_rclcpp_minimal_composition/local_setup.dsv
[2.388s] -- Installing: /home/openark/ros2_ws/install/examples_rclcpp_minimal_composition/share/examples_rclcpp_minimal_composition/package.dsv
[2.388s] -- Up-to-date: /home/openark/ros2_ws/install/examples_rclcpp_minimal_composition/share/ament_index/resource_index/packages/examples_rclcpp_minimal_composition
[2.388s] -- Up-to-date: /home/openark/ros2_ws/install/examples_rclcpp_minimal_composition/share/examples_rclcpp_minimal_composition/cmake/examples_rclcpp_minimal_compositionConfig.cmake
[2.388s] -- Up-to-date: /home/openark/ros2_ws/install/examples_rclcpp_minimal_composition/share/examples_rclcpp_minimal_composition/cmake/examples_rclcpp_minimal_compositionConfig-version.cmake
[2.389s] -- Up-to-date: /home/openark/ros2_ws/install/examples_rclcpp_minimal_composition/share/examples_rclcpp_minimal_composition/package.xml
[3.427s] Invoked command in '/home/openark/ros2_ws/build/examples_rclcpp_minimal_composition' returned '0': CMAKE_PREFIX_PATH=${CMAKE_PREFIX_PATH}:/home/openark/ros2_ws/install/examples_rclpy_minimal_subscriber:/home/openark/ros2_ws/install/examples_rclpy_minimal_service:/home/openark/ros2_ws/install/examples_rclpy_minimal_publisher:/home/openark/ros2_ws/install/examples_rclpy_minimal_client:/home/openark/ros2_ws/install/examples_rclpy_minimal_action_server:/home/openark/ros2_ws/install/examples_rclpy_minimal_action_client:/home/openark/ros2_ws/install/examples_rclpy_executors:/home/openark/ros2_ws/src/install/examples_rclpy_minimal_subscriber:/home/openark/ros2_ws/src/install/examples_rclpy_minimal_service:/home/openark/ros2_ws/src/install/examples_rclpy_minimal_publisher:/home/openark/ros2_ws/src/install/examples_rclpy_minimal_client:/home/openark/ros2_ws/src/install/examples_rclpy_minimal_action_server:/home/openark/ros2_ws/src/install/examples_rclpy_minimal_action_client:/home/openark/ros2_ws/src/install/examples_rclpy_executors:/opt/ros/foxy /usr/bin/cmake --install /home/openark/ros2_ws/build/examples_rclcpp_minimal_composition
