[3.142s] Invoking command in '/home/openark/ros2_ws/build/zed_interfaces': CMAKE_PREFIX_PATH=${CMAKE_PREFIX_PATH}:/home/openark/ros2_ws/install/examples_rclpy_minimal_subscriber:/home/openark/ros2_ws/install/examples_rclpy_minimal_service:/home/openark/ros2_ws/install/examples_rclpy_minimal_publisher:/home/openark/ros2_ws/install/examples_rclpy_minimal_client:/home/openark/ros2_ws/install/examples_rclpy_minimal_action_server:/home/openark/ros2_ws/install/examples_rclpy_minimal_action_client:/home/openark/ros2_ws/install/examples_rclpy_executors:/home/openark/ros2_ws/src/install/examples_rclpy_minimal_subscriber:/home/openark/ros2_ws/src/install/examples_rclpy_minimal_service:/home/openark/ros2_ws/src/install/examples_rclpy_minimal_publisher:/home/openark/ros2_ws/src/install/examples_rclpy_minimal_client:/home/openark/ros2_ws/src/install/examples_rclpy_minimal_action_server:/home/openark/ros2_ws/src/install/examples_rclpy_minimal_action_client:/home/openark/ros2_ws/src/install/examples_rclpy_executors:/opt/ros/foxy /usr/bin/cmake --build /home/openark/ros2_ws/build/zed_interfaces -- -j12 -l12
[4.398s] [  0%] Built target zed_interfaces__cpp
[4.398s] [ 12%] Built target zed_interfaces__rosidl_generator_c
[4.399s] [ 24%] Built target zed_interfaces__rosidl_typesupport_cpp
[4.399s] [ 36%] Built target zed_interfaces__rosidl_typesupport_introspection_cpp
[4.399s] [ 48%] Built target zed_interfaces__rosidl_typesupport_c
[4.400s] [ 60%] Built target zed_interfaces__rosidl_typesupport_fastrtps_cpp
[4.401s] [ 72%] Built target zed_interfaces__rosidl_typesupport_introspection_c
[4.401s] [ 84%] Built target zed_interfaces__rosidl_typesupport_fastrtps_c
[4.402s] [ 84%] Built target zed_interfaces
[4.402s] [ 85%] Built target zed_interfaces__py
[4.403s] [ 96%] Built target zed_interfaces__python
[4.404s] [ 97%] Built target zed_interfaces__rosidl_typesupport_c__pyext
[4.404s] [ 98%] Built target zed_interfaces__rosidl_typesupport_fastrtps_c__pyext
[4.406s] [100%] Built target zed_interfaces__rosidl_typesupport_introspection_c__pyext
[4.428s] Invoked command in '/home/openark/ros2_ws/build/zed_interfaces' returned '0': CMAKE_PREFIX_PATH=${CMAKE_PREFIX_PATH}:/home/openark/ros2_ws/install/examples_rclpy_minimal_subscriber:/home/openark/ros2_ws/install/examples_rclpy_minimal_service:/home/openark/ros2_ws/install/examples_rclpy_minimal_publisher:/home/openark/ros2_ws/install/examples_rclpy_minimal_client:/home/openark/ros2_ws/install/examples_rclpy_minimal_action_server:/home/openark/ros2_ws/install/examples_rclpy_minimal_action_client:/home/openark/ros2_ws/install/examples_rclpy_executors:/home/openark/ros2_ws/src/install/examples_rclpy_minimal_subscriber:/home/openark/ros2_ws/src/install/examples_rclpy_minimal_service:/home/openark/ros2_ws/src/install/examples_rclpy_minimal_publisher:/home/openark/ros2_ws/src/install/examples_rclpy_minimal_client:/home/openark/ros2_ws/src/install/examples_rclpy_minimal_action_server:/home/openark/ros2_ws/src/install/examples_rclpy_minimal_action_client:/home/openark/ros2_ws/src/install/examples_rclpy_executors:/opt/ros/foxy /usr/bin/cmake --build /home/openark/ros2_ws/build/zed_interfaces -- -j12 -l12
[5.622s] Invoking command in '/home/openark/ros2_ws/build/zed_interfaces': CMAKE_PREFIX_PATH=${CMAKE_PREFIX_PATH}:/home/openark/ros2_ws/install/examples_rclpy_minimal_subscriber:/home/openark/ros2_ws/install/examples_rclpy_minimal_service:/home/openark/ros2_ws/install/examples_rclpy_minimal_publisher:/home/openark/ros2_ws/install/examples_rclpy_minimal_client:/home/openark/ros2_ws/install/examples_rclpy_minimal_action_server:/home/openark/ros2_ws/install/examples_rclpy_minimal_action_client:/home/openark/ros2_ws/install/examples_rclpy_executors:/home/openark/ros2_ws/src/install/examples_rclpy_minimal_subscriber:/home/openark/ros2_ws/src/install/examples_rclpy_minimal_service:/home/openark/ros2_ws/src/install/examples_rclpy_minimal_publisher:/home/openark/ros2_ws/src/install/examples_rclpy_minimal_client:/home/openark/ros2_ws/src/install/examples_rclpy_minimal_action_server:/home/openark/ros2_ws/src/install/examples_rclpy_minimal_action_client:/home/openark/ros2_ws/src/install/examples_rclpy_executors:/opt/ros/foxy /usr/bin/cmake --install /home/openark/ros2_ws/build/zed_interfaces
[6.177s] -- Install configuration: ""
[6.177s] -- Up-to-date: /home/openark/ros2_ws/install/zed_interfaces/share/ament_index/resource_index/rosidl_interfaces/zed_interfaces
[6.178s] -- Up-to-date: /home/openark/ros2_ws/install/zed_interfaces/include/zed_interfaces
[6.178s] -- Up-to-date: /home/openark/ros2_ws/install/zed_interfaces/include/zed_interfaces/msg
[6.178s] -- Up-to-date: /home/openark/ros2_ws/install/zed_interfaces/include/zed_interfaces/msg/keypoint2_di.h
[6.178s] -- Up-to-date: /home/openark/ros2_ws/install/zed_interfaces/include/zed_interfaces/msg/keypoint2_df.h
[6.179s] -- Up-to-date: /home/openark/ros2_ws/install/zed_interfaces/include/zed_interfaces/msg/depth_info_stamped.h
[6.179s] -- Up-to-date: /home/openark/ros2_ws/install/zed_interfaces/include/zed_interfaces/msg/bounding_box3_d.h
[6.179s] -- Up-to-date: /home/openark/ros2_ws/install/zed_interfaces/include/zed_interfaces/msg/objects_stamped.h
[6.180s] -- Up-to-date: /home/openark/ros2_ws/install/zed_interfaces/include/zed_interfaces/msg/rosidl_generator_c__visibility_control.h
[6.180s] -- Up-to-date: /home/openark/ros2_ws/install/zed_interfaces/include/zed_interfaces/msg/skeleton3_d.h
[6.180s] -- Up-to-date: /home/openark/ros2_ws/install/zed_interfaces/include/zed_interfaces/msg/object.h
[6.181s] -- Up-to-date: /home/openark/ros2_ws/install/zed_interfaces/include/zed_interfaces/msg/detail
[6.181s] -- Up-to-date: /home/openark/ros2_ws/install/zed_interfaces/include/zed_interfaces/msg/detail/keypoint2_df__type_support.h
[6.181s] -- Up-to-date: /home/openark/ros2_ws/install/zed_interfaces/include/zed_interfaces/msg/detail/bounding_box2_di__functions.c
[6.181s] -- Up-to-date: /home/openark/ros2_ws/install/zed_interfaces/include/zed_interfaces/msg/detail/heartbeat__struct.h
[6.181s] -- Up-to-date: /home/openark/ros2_ws/install/zed_interfaces/include/zed_interfaces/msg/detail/keypoint3_d__functions.h
[6.182s] -- Up-to-date: /home/openark/ros2_ws/install/zed_interfaces/include/zed_interfaces/msg/detail/objects_stamped__struct.h
[6.182s] -- Up-to-date: /home/openark/ros2_ws/install/zed_interfaces/include/zed_interfaces/msg/detail/depth_info_stamped__functions.h
[6.182s] -- Up-to-date: /home/openark/ros2_ws/install/zed_interfaces/include/zed_interfaces/msg/detail/skeleton2_d__functions.h
[6.182s] -- Up-to-date: /home/openark/ros2_ws/install/zed_interfaces/include/zed_interfaces/msg/detail/keypoint2_di__type_support.h
[6.183s] -- Up-to-date: /home/openark/ros2_ws/install/zed_interfaces/include/zed_interfaces/msg/detail/bounding_box3_d__struct.h
[6.183s] -- Up-to-date: /home/openark/ros2_ws/install/zed_interfaces/include/zed_interfaces/msg/detail/object__functions.c
[6.183s] -- Up-to-date: /home/openark/ros2_ws/install/zed_interfaces/include/zed_interfaces/msg/detail/bounding_box2_df__functions.h
[6.183s] -- Up-to-date: /home/openark/ros2_ws/install/zed_interfaces/include/zed_interfaces/msg/detail/skeleton2_d__struct.h
[6.183s] -- Up-to-date: /home/openark/ros2_ws/install/zed_interfaces/include/zed_interfaces/msg/detail/keypoint3_d__functions.c
[6.184s] -- Up-to-date: /home/openark/ros2_ws/install/zed_interfaces/include/zed_interfaces/msg/detail/bounding_box3_d__type_support.h
[6.184s] -- Up-to-date: /home/openark/ros2_ws/install/zed_interfaces/include/zed_interfaces/msg/detail/heartbeat__type_support.h
[6.184s] -- Up-to-date: /home/openark/ros2_ws/install/zed_interfaces/include/zed_interfaces/msg/detail/bounding_box2_df__struct.h
[6.184s] -- Up-to-date: /home/openark/ros2_ws/install/zed_interfaces/include/zed_interfaces/msg/detail/skeleton2_d__type_support.h
[6.184s] -- Up-to-date: /home/openark/ros2_ws/install/zed_interfaces/include/zed_interfaces/msg/detail/objects_stamped__functions.h
[6.184s] -- Up-to-date: /home/openark/ros2_ws/install/zed_interfaces/include/zed_interfaces/msg/detail/keypoint3_d__struct.h
[6.184s] -- Up-to-date: /home/openark/ros2_ws/install/zed_interfaces/include/zed_interfaces/msg/detail/keypoint2_df__struct.h
[6.185s] -- Up-to-date: /home/openark/ros2_ws/install/zed_interfaces/include/zed_interfaces/msg/detail/skeleton3_d__functions.h
[6.185s] -- Up-to-date: /home/openark/ros2_ws/install/zed_interfaces/include/zed_interfaces/msg/detail/plane_stamped__functions.h
[6.185s] -- Up-to-date: /home/openark/ros2_ws/install/zed_interfaces/include/zed_interfaces/msg/detail/pos_track_status__functions.h
[6.185s] -- Up-to-date: /home/openark/ros2_ws/install/zed_interfaces/include/zed_interfaces/msg/detail/heartbeat__functions.h
[6.185s] -- Up-to-date: /home/openark/ros2_ws/install/zed_interfaces/include/zed_interfaces/msg/detail/pos_track_status__type_support.h
[6.185s] -- Up-to-date: /home/openark/ros2_ws/install/zed_interfaces/include/zed_interfaces/msg/detail/keypoint2_df__functions.h
[6.186s] -- Up-to-date: /home/openark/ros2_ws/install/zed_interfaces/include/zed_interfaces/msg/detail/object__functions.h
[6.186s] -- Up-to-date: /home/openark/ros2_ws/install/zed_interfaces/include/zed_interfaces/msg/detail/keypoint2_df__functions.c
[6.186s] -- Up-to-date: /home/openark/ros2_ws/install/zed_interfaces/include/zed_interfaces/msg/detail/keypoint3_d__type_support.h
[6.188s] -- Up-to-date: /home/openark/ros2_ws/install/zed_interfaces/include/zed_interfaces/msg/detail/bounding_box3_d__functions.c
[6.188s] -- Up-to-date: /home/openark/ros2_ws/install/zed_interfaces/include/zed_interfaces/msg/detail/plane_stamped__type_support.h
[6.188s] -- Up-to-date: /home/openark/ros2_ws/install/zed_interfaces/include/zed_interfaces/msg/detail/bounding_box2_di__type_support.h
[6.188s] -- Up-to-date: /home/openark/ros2_ws/install/zed_interfaces/include/zed_interfaces/msg/detail/bounding_box2_df__type_support.h
[6.189s] -- Up-to-date: /home/openark/ros2_ws/install/zed_interfaces/include/zed_interfaces/msg/detail/heartbeat__functions.c
[6.189s] -- Up-to-date: /home/openark/ros2_ws/install/zed_interfaces/include/zed_interfaces/msg/detail/skeleton2_d__functions.c
[6.189s] -- Up-to-date: /home/openark/ros2_ws/install/zed_interfaces/include/zed_interfaces/msg/detail/keypoint2_di__functions.c
[6.189s] -- Up-to-date: /home/openark/ros2_ws/install/zed_interfaces/include/zed_interfaces/msg/detail/pos_track_status__functions.c
[6.190s] -- Up-to-date: /home/openark/ros2_ws/install/zed_interfaces/include/zed_interfaces/msg/detail/pos_track_status__struct.h
[6.190s] -- Up-to-date: /home/openark/ros2_ws/install/zed_interfaces/include/zed_interfaces/msg/detail/keypoint2_di__struct.h
[6.190s] -- Up-to-date: /home/openark/ros2_ws/install/zed_interfaces/include/zed_interfaces/msg/detail/objects_stamped__functions.c
[6.190s] -- Up-to-date: /home/openark/ros2_ws/install/zed_interfaces/include/zed_interfaces/msg/detail/object__struct.h
[6.191s] -- Up-to-date: /home/openark/ros2_ws/install/zed_interfaces/include/zed_interfaces/msg/detail/object__type_support.h
[6.191s] -- Up-to-date: /home/openark/ros2_ws/install/zed_interfaces/include/zed_interfaces/msg/detail/keypoint2_di__functions.h
[6.192s] -- Up-to-date: /home/openark/ros2_ws/install/zed_interfaces/include/zed_interfaces/msg/detail/objects_stamped__type_support.h
[6.192s] -- Up-to-date: /home/openark/ros2_ws/install/zed_interfaces/include/zed_interfaces/msg/detail/skeleton3_d__type_support.h
[6.192s] -- Up-to-date: /home/openark/ros2_ws/install/zed_interfaces/include/zed_interfaces/msg/detail/depth_info_stamped__struct.h
[6.193s] -- Up-to-date: /home/openark/ros2_ws/install/zed_interfaces/include/zed_interfaces/msg/detail/bounding_box2_di__struct.h
[6.193s] -- Up-to-date: /home/openark/ros2_ws/install/zed_interfaces/include/zed_interfaces/msg/detail/skeleton3_d__struct.h
[6.193s] -- Up-to-date: /home/openark/ros2_ws/install/zed_interfaces/include/zed_interfaces/msg/detail/bounding_box3_d__functions.h
[6.194s] -- Up-to-date: /home/openark/ros2_ws/install/zed_interfaces/include/zed_interfaces/msg/detail/plane_stamped__struct.h
[6.194s] -- Up-to-date: /home/openark/ros2_ws/install/zed_interfaces/include/zed_interfaces/msg/detail/skeleton3_d__functions.c
[6.194s] -- Up-to-date: /home/openark/ros2_ws/install/zed_interfaces/include/zed_interfaces/msg/detail/plane_stamped__functions.c
[6.194s] -- Up-to-date: /home/openark/ros2_ws/install/zed_interfaces/include/zed_interfaces/msg/detail/depth_info_stamped__type_support.h
[6.195s] -- Up-to-date: /home/openark/ros2_ws/install/zed_interfaces/include/zed_interfaces/msg/detail/bounding_box2_di__functions.h
[6.195s] -- Up-to-date: /home/openark/ros2_ws/install/zed_interfaces/include/zed_interfaces/msg/detail/depth_info_stamped__functions.c
[6.195s] -- Up-to-date: /home/openark/ros2_ws/install/zed_interfaces/include/zed_interfaces/msg/detail/bounding_box2_df__functions.c
[6.195s] -- Up-to-date: /home/openark/ros2_ws/install/zed_interfaces/include/zed_interfaces/msg/plane_stamped.h
[6.196s] -- Up-to-date: /home/openark/ros2_ws/install/zed_interfaces/include/zed_interfaces/msg/pos_track_status.h
[6.196s] -- Up-to-date: /home/openark/ros2_ws/install/zed_interfaces/include/zed_interfaces/msg/bounding_box2_df.h
[6.196s] -- Up-to-date: /home/openark/ros2_ws/install/zed_interfaces/include/zed_interfaces/msg/keypoint3_d.h
[6.197s] -- Up-to-date: /home/openark/ros2_ws/install/zed_interfaces/include/zed_interfaces/msg/heartbeat.h
[6.197s] -- Up-to-date: /home/openark/ros2_ws/install/zed_interfaces/include/zed_interfaces/msg/skeleton2_d.h
[6.197s] -- Up-to-date: /home/openark/ros2_ws/install/zed_interfaces/include/zed_interfaces/msg/bounding_box2_di.h
[6.198s] -- Up-to-date: /home/openark/ros2_ws/install/zed_interfaces/include/zed_interfaces/srv
[6.198s] -- Up-to-date: /home/openark/ros2_ws/install/zed_interfaces/include/zed_interfaces/srv/set_roi.h
[6.198s] -- Up-to-date: /home/openark/ros2_ws/install/zed_interfaces/include/zed_interfaces/srv/set_pose.h
[6.198s] -- Up-to-date: /home/openark/ros2_ws/install/zed_interfaces/include/zed_interfaces/srv/detail
[6.199s] -- Up-to-date: /home/openark/ros2_ws/install/zed_interfaces/include/zed_interfaces/srv/detail/set_pose__type_support.h
[6.199s] -- Up-to-date: /home/openark/ros2_ws/install/zed_interfaces/include/zed_interfaces/srv/detail/start_svo_rec__functions.h
[6.199s] -- Up-to-date: /home/openark/ros2_ws/install/zed_interfaces/include/zed_interfaces/srv/detail/set_pose__struct.h
[6.199s] -- Up-to-date: /home/openark/ros2_ws/install/zed_interfaces/include/zed_interfaces/srv/detail/set_roi__functions.h
[6.199s] -- Up-to-date: /home/openark/ros2_ws/install/zed_interfaces/include/zed_interfaces/srv/detail/set_pose__functions.c
[6.200s] -- Up-to-date: /home/openark/ros2_ws/install/zed_interfaces/include/zed_interfaces/srv/detail/start_svo_rec__struct.h
[6.200s] -- Up-to-date: /home/openark/ros2_ws/install/zed_interfaces/include/zed_interfaces/srv/detail/set_roi__functions.c
[6.200s] -- Up-to-date: /home/openark/ros2_ws/install/zed_interfaces/include/zed_interfaces/srv/detail/start_svo_rec__type_support.h
[6.200s] -- Up-to-date: /home/openark/ros2_ws/install/zed_interfaces/include/zed_interfaces/srv/detail/set_roi__struct.h
[6.200s] -- Up-to-date: /home/openark/ros2_ws/install/zed_interfaces/include/zed_interfaces/srv/detail/set_pose__functions.h
[6.201s] -- Up-to-date: /home/openark/ros2_ws/install/zed_interfaces/include/zed_interfaces/srv/detail/start_svo_rec__functions.c
[6.201s] -- Up-to-date: /home/openark/ros2_ws/install/zed_interfaces/include/zed_interfaces/srv/detail/set_roi__type_support.h
[6.201s] -- Up-to-date: /home/openark/ros2_ws/install/zed_interfaces/include/zed_interfaces/srv/start_svo_rec.h
[6.201s] -- Up-to-date: /home/openark/ros2_ws/install/zed_interfaces/share/zed_interfaces/environment/library_path.sh
[6.202s] -- Up-to-date: /home/openark/ros2_ws/install/zed_interfaces/share/zed_interfaces/environment/library_path.dsv
[6.202s] -- Up-to-date: /home/openark/ros2_ws/install/zed_interfaces/lib/libzed_interfaces__rosidl_generator_c.so
[6.202s] -- Up-to-date: /home/openark/ros2_ws/install/zed_interfaces/include/zed_interfaces
[6.202s] -- Up-to-date: /home/openark/ros2_ws/install/zed_interfaces/include/zed_interfaces/msg
[6.203s] -- Up-to-date: /home/openark/ros2_ws/install/zed_interfaces/include/zed_interfaces/msg/detail
[6.203s] -- Up-to-date: /home/openark/ros2_ws/install/zed_interfaces/include/zed_interfaces/msg/detail/depth_info_stamped__rosidl_typesupport_fastrtps_c.h
[6.204s] -- Up-to-date: /home/openark/ros2_ws/install/zed_interfaces/include/zed_interfaces/msg/detail/bounding_box2_di__rosidl_typesupport_fastrtps_c.h
[6.204s] -- Up-to-date: /home/openark/ros2_ws/install/zed_interfaces/include/zed_interfaces/msg/detail/object__rosidl_typesupport_fastrtps_c.h
[6.205s] -- Up-to-date: /home/openark/ros2_ws/install/zed_interfaces/include/zed_interfaces/msg/detail/heartbeat__rosidl_typesupport_fastrtps_c.h
[6.206s] -- Up-to-date: /home/openark/ros2_ws/install/zed_interfaces/include/zed_interfaces/msg/detail/plane_stamped__rosidl_typesupport_fastrtps_c.h
[6.207s] -- Up-to-date: /home/openark/ros2_ws/install/zed_interfaces/include/zed_interfaces/msg/detail/objects_stamped__rosidl_typesupport_fastrtps_c.h
[6.208s] -- Up-to-date: /home/openark/ros2_ws/install/zed_interfaces/include/zed_interfaces/msg/detail/skeleton2_d__rosidl_typesupport_fastrtps_c.h
[6.210s] -- Up-to-date: /home/openark/ros2_ws/install/zed_interfaces/include/zed_interfaces/msg/detail/keypoint3_d__rosidl_typesupport_fastrtps_c.h
[6.211s] -- Up-to-date: /home/openark/ros2_ws/install/zed_interfaces/include/zed_interfaces/msg/detail/skeleton3_d__rosidl_typesupport_fastrtps_c.h
[6.211s] -- Up-to-date: /home/openark/ros2_ws/install/zed_interfaces/include/zed_interfaces/msg/detail/pos_track_status__rosidl_typesupport_fastrtps_c.h
[6.212s] -- Up-to-date: /home/openark/ros2_ws/install/zed_interfaces/include/zed_interfaces/msg/detail/keypoint2_df__rosidl_typesupport_fastrtps_c.h
[6.212s] -- Up-to-date: /home/openark/ros2_ws/install/zed_interfaces/include/zed_interfaces/msg/detail/bounding_box2_df__rosidl_typesupport_fastrtps_c.h
[6.219s] -- Up-to-date: /home/openark/ros2_ws/install/zed_interfaces/include/zed_interfaces/msg/detail/bounding_box3_d__rosidl_typesupport_fastrtps_c.h
[6.221s] -- Up-to-date: /home/openark/ros2_ws/install/zed_interfaces/include/zed_interfaces/msg/detail/keypoint2_di__rosidl_typesupport_fastrtps_c.h
[6.222s] -- Up-to-date: /home/openark/ros2_ws/install/zed_interfaces/include/zed_interfaces/msg/rosidl_typesupport_fastrtps_c__visibility_control.h
[6.223s] -- Up-to-date: /home/openark/ros2_ws/install/zed_interfaces/include/zed_interfaces/srv
[6.228s] -- Up-to-date: /home/openark/ros2_ws/install/zed_interfaces/include/zed_interfaces/srv/detail
[6.229s] -- Up-to-date: /home/openark/ros2_ws/install/zed_interfaces/include/zed_interfaces/srv/detail/set_roi__rosidl_typesupport_fastrtps_c.h
[6.229s] -- Up-to-date: /home/openark/ros2_ws/install/zed_interfaces/include/zed_interfaces/srv/detail/start_svo_rec__rosidl_typesupport_fastrtps_c.h
[6.229s] -- Up-to-date: /home/openark/ros2_ws/install/zed_interfaces/include/zed_interfaces/srv/detail/set_pose__rosidl_typesupport_fastrtps_c.h
[6.229s] -- Up-to-date: /home/openark/ros2_ws/install/zed_interfaces/lib/libzed_interfaces__rosidl_typesupport_fastrtps_c.so
[6.229s] -- Up-to-date: /home/openark/ros2_ws/install/zed_interfaces/include/zed_interfaces
[6.229s] -- Up-to-date: /home/openark/ros2_ws/install/zed_interfaces/include/zed_interfaces/msg
[6.229s] -- Up-to-date: /home/openark/ros2_ws/install/zed_interfaces/include/zed_interfaces/msg/detail
[6.230s] -- Up-to-date: /home/openark/ros2_ws/install/zed_interfaces/include/zed_interfaces/msg/detail/keypoint3_d__rosidl_typesupport_fastrtps_cpp.hpp
[6.230s] -- Up-to-date: /home/openark/ros2_ws/install/zed_interfaces/include/zed_interfaces/msg/detail/skeleton3_d__rosidl_typesupport_fastrtps_cpp.hpp
[6.230s] -- Up-to-date: /home/openark/ros2_ws/install/zed_interfaces/include/zed_interfaces/msg/detail/objects_stamped__rosidl_typesupport_fastrtps_cpp.hpp
[6.230s] -- Up-to-date: /home/openark/ros2_ws/install/zed_interfaces/include/zed_interfaces/msg/detail/bounding_box2_df__rosidl_typesupport_fastrtps_cpp.hpp
[6.230s] -- Up-to-date: /home/openark/ros2_ws/install/zed_interfaces/include/zed_interfaces/msg/detail/dds_fastrtps
[6.230s] -- Up-to-date: /home/openark/ros2_ws/install/zed_interfaces/include/zed_interfaces/msg/detail/bounding_box3_d__rosidl_typesupport_fastrtps_cpp.hpp
[6.230s] -- Up-to-date: /home/openark/ros2_ws/install/zed_interfaces/include/zed_interfaces/msg/detail/bounding_box2_di__rosidl_typesupport_fastrtps_cpp.hpp
[6.230s] -- Up-to-date: /home/openark/ros2_ws/install/zed_interfaces/include/zed_interfaces/msg/detail/keypoint2_df__rosidl_typesupport_fastrtps_cpp.hpp
[6.231s] -- Up-to-date: /home/openark/ros2_ws/install/zed_interfaces/include/zed_interfaces/msg/detail/skeleton2_d__rosidl_typesupport_fastrtps_cpp.hpp
[6.231s] -- Up-to-date: /home/openark/ros2_ws/install/zed_interfaces/include/zed_interfaces/msg/detail/keypoint2_di__rosidl_typesupport_fastrtps_cpp.hpp
[6.231s] -- Up-to-date: /home/openark/ros2_ws/install/zed_interfaces/include/zed_interfaces/msg/detail/plane_stamped__rosidl_typesupport_fastrtps_cpp.hpp
[6.231s] -- Up-to-date: /home/openark/ros2_ws/install/zed_interfaces/include/zed_interfaces/msg/detail/object__rosidl_typesupport_fastrtps_cpp.hpp
[6.231s] -- Up-to-date: /home/openark/ros2_ws/install/zed_interfaces/include/zed_interfaces/msg/detail/heartbeat__rosidl_typesupport_fastrtps_cpp.hpp
[6.235s] -- Up-to-date: /home/openark/ros2_ws/install/zed_interfaces/include/zed_interfaces/msg/detail/depth_info_stamped__rosidl_typesupport_fastrtps_cpp.hpp
[6.235s] -- Up-to-date: /home/openark/ros2_ws/install/zed_interfaces/include/zed_interfaces/msg/detail/pos_track_status__rosidl_typesupport_fastrtps_cpp.hpp
[6.235s] -- Up-to-date: /home/openark/ros2_ws/install/zed_interfaces/include/zed_interfaces/msg/rosidl_typesupport_fastrtps_cpp__visibility_control.h
[6.235s] -- Up-to-date: /home/openark/ros2_ws/install/zed_interfaces/include/zed_interfaces/srv
[6.235s] -- Up-to-date: /home/openark/ros2_ws/install/zed_interfaces/include/zed_interfaces/srv/detail
[6.236s] -- Up-to-date: /home/openark/ros2_ws/install/zed_interfaces/include/zed_interfaces/srv/detail/set_pose__rosidl_typesupport_fastrtps_cpp.hpp
[6.236s] -- Up-to-date: /home/openark/ros2_ws/install/zed_interfaces/include/zed_interfaces/srv/detail/set_roi__rosidl_typesupport_fastrtps_cpp.hpp
[6.236s] -- Up-to-date: /home/openark/ros2_ws/install/zed_interfaces/include/zed_interfaces/srv/detail/dds_fastrtps
[6.236s] -- Up-to-date: /home/openark/ros2_ws/install/zed_interfaces/include/zed_interfaces/srv/detail/start_svo_rec__rosidl_typesupport_fastrtps_cpp.hpp
[6.236s] -- Up-to-date: /home/openark/ros2_ws/install/zed_interfaces/lib/libzed_interfaces__rosidl_typesupport_fastrtps_cpp.so
[6.236s] -- Up-to-date: /home/openark/ros2_ws/install/zed_interfaces/include/zed_interfaces
[6.237s] -- Up-to-date: /home/openark/ros2_ws/install/zed_interfaces/include/zed_interfaces/msg
[6.237s] -- Up-to-date: /home/openark/ros2_ws/install/zed_interfaces/include/zed_interfaces/msg/rosidl_typesupport_introspection_c__visibility_control.h
[6.237s] -- Up-to-date: /home/openark/ros2_ws/install/zed_interfaces/include/zed_interfaces/msg/detail
[6.237s] -- Up-to-date: /home/openark/ros2_ws/install/zed_interfaces/include/zed_interfaces/msg/detail/bounding_box2_df__rosidl_typesupport_introspection_c.h
[6.238s] -- Up-to-date: /home/openark/ros2_ws/install/zed_interfaces/include/zed_interfaces/msg/detail/depth_info_stamped__type_support.c
[6.238s] -- Up-to-date: /home/openark/ros2_ws/install/zed_interfaces/include/zed_interfaces/msg/detail/keypoint2_df__rosidl_typesupport_introspection_c.h
[6.238s] -- Up-to-date: /home/openark/ros2_ws/install/zed_interfaces/include/zed_interfaces/msg/detail/skeleton2_d__type_support.c
[6.238s] -- Up-to-date: /home/openark/ros2_ws/install/zed_interfaces/include/zed_interfaces/msg/detail/bounding_box2_df__type_support.c
[6.238s] -- Up-to-date: /home/openark/ros2_ws/install/zed_interfaces/include/zed_interfaces/msg/detail/objects_stamped__type_support.c
[6.238s] -- Up-to-date: /home/openark/ros2_ws/install/zed_interfaces/include/zed_interfaces/msg/detail/bounding_box3_d__type_support.c
[6.239s] -- Up-to-date: /home/openark/ros2_ws/install/zed_interfaces/include/zed_interfaces/msg/detail/heartbeat__type_support.c
[6.239s] -- Up-to-date: /home/openark/ros2_ws/install/zed_interfaces/include/zed_interfaces/msg/detail/object__rosidl_typesupport_introspection_c.h
[6.239s] -- Up-to-date: /home/openark/ros2_ws/install/zed_interfaces/include/zed_interfaces/msg/detail/objects_stamped__rosidl_typesupport_introspection_c.h
[6.239s] -- Up-to-date: /home/openark/ros2_ws/install/zed_interfaces/include/zed_interfaces/msg/detail/keypoint2_di__rosidl_typesupport_introspection_c.h
[6.239s] -- Up-to-date: /home/openark/ros2_ws/install/zed_interfaces/include/zed_interfaces/msg/detail/keypoint3_d__rosidl_typesupport_introspection_c.h
[6.239s] -- Up-to-date: /home/openark/ros2_ws/install/zed_interfaces/include/zed_interfaces/msg/detail/skeleton3_d__rosidl_typesupport_introspection_c.h
[6.239s] -- Up-to-date: /home/openark/ros2_ws/install/zed_interfaces/include/zed_interfaces/msg/detail/keypoint2_di__type_support.c
[6.240s] -- Up-to-date: /home/openark/ros2_ws/install/zed_interfaces/include/zed_interfaces/msg/detail/skeleton2_d__rosidl_typesupport_introspection_c.h
[6.240s] -- Up-to-date: /home/openark/ros2_ws/install/zed_interfaces/include/zed_interfaces/msg/detail/bounding_box2_di__rosidl_typesupport_introspection_c.h
[6.240s] -- Up-to-date: /home/openark/ros2_ws/install/zed_interfaces/include/zed_interfaces/msg/detail/object__type_support.c
[6.240s] -- Up-to-date: /home/openark/ros2_ws/install/zed_interfaces/include/zed_interfaces/msg/detail/plane_stamped__rosidl_typesupport_introspection_c.h
[6.241s] -- Up-to-date: /home/openark/ros2_ws/install/zed_interfaces/include/zed_interfaces/msg/detail/heartbeat__rosidl_typesupport_introspection_c.h
[6.242s] -- Up-to-date: /home/openark/ros2_ws/install/zed_interfaces/include/zed_interfaces/msg/detail/keypoint2_df__type_support.c
[6.242s] -- Up-to-date: /home/openark/ros2_ws/install/zed_interfaces/include/zed_interfaces/msg/detail/pos_track_status__rosidl_typesupport_introspection_c.h
[6.242s] -- Up-to-date: /home/openark/ros2_ws/install/zed_interfaces/include/zed_interfaces/msg/detail/depth_info_stamped__rosidl_typesupport_introspection_c.h
[6.242s] -- Up-to-date: /home/openark/ros2_ws/install/zed_interfaces/include/zed_interfaces/msg/detail/bounding_box3_d__rosidl_typesupport_introspection_c.h
[6.242s] -- Up-to-date: /home/openark/ros2_ws/install/zed_interfaces/include/zed_interfaces/msg/detail/skeleton3_d__type_support.c
[6.242s] -- Up-to-date: /home/openark/ros2_ws/install/zed_interfaces/include/zed_interfaces/msg/detail/plane_stamped__type_support.c
[6.242s] -- Up-to-date: /home/openark/ros2_ws/install/zed_interfaces/include/zed_interfaces/msg/detail/bounding_box2_di__type_support.c
[6.243s] -- Up-to-date: /home/openark/ros2_ws/install/zed_interfaces/include/zed_interfaces/msg/detail/keypoint3_d__type_support.c
[6.243s] -- Up-to-date: /home/openark/ros2_ws/install/zed_interfaces/include/zed_interfaces/msg/detail/pos_track_status__type_support.c
[6.243s] -- Up-to-date: /home/openark/ros2_ws/install/zed_interfaces/include/zed_interfaces/srv
[6.243s] -- Up-to-date: /home/openark/ros2_ws/install/zed_interfaces/include/zed_interfaces/srv/detail
[6.243s] -- Up-to-date: /home/openark/ros2_ws/install/zed_interfaces/include/zed_interfaces/srv/detail/set_roi__rosidl_typesupport_introspection_c.h
[6.243s] -- Up-to-date: /home/openark/ros2_ws/install/zed_interfaces/include/zed_interfaces/srv/detail/start_svo_rec__rosidl_typesupport_introspection_c.h
[6.243s] -- Up-to-date: /home/openark/ros2_ws/install/zed_interfaces/include/zed_interfaces/srv/detail/set_pose__rosidl_typesupport_introspection_c.h
[6.244s] -- Up-to-date: /home/openark/ros2_ws/install/zed_interfaces/include/zed_interfaces/srv/detail/set_pose__type_support.c
[6.244s] -- Up-to-date: /home/openark/ros2_ws/install/zed_interfaces/include/zed_interfaces/srv/detail/start_svo_rec__type_support.c
[6.244s] -- Up-to-date: /home/openark/ros2_ws/install/zed_interfaces/include/zed_interfaces/srv/detail/set_roi__type_support.c
[6.244s] -- Up-to-date: /home/openark/ros2_ws/install/zed_interfaces/lib/libzed_interfaces__rosidl_typesupport_introspection_c.so
[6.252s] -- Up-to-date: /home/openark/ros2_ws/install/zed_interfaces/lib/libzed_interfaces__rosidl_typesupport_c.so
[6.253s] -- Up-to-date: /home/openark/ros2_ws/install/zed_interfaces/include/zed_interfaces
[6.253s] -- Up-to-date: /home/openark/ros2_ws/install/zed_interfaces/include/zed_interfaces/msg
[6.255s] -- Up-to-date: /home/openark/ros2_ws/install/zed_interfaces/include/zed_interfaces/msg/keypoint2_di.hpp
[6.256s] -- Up-to-date: /home/openark/ros2_ws/install/zed_interfaces/include/zed_interfaces/msg/skeleton2_d.hpp
[6.256s] -- Up-to-date: /home/openark/ros2_ws/install/zed_interfaces/include/zed_interfaces/msg/bounding_box2_di.hpp
[6.257s] -- Up-to-date: /home/openark/ros2_ws/install/zed_interfaces/include/zed_interfaces/msg/depth_info_stamped.hpp
[6.258s] -- Up-to-date: /home/openark/ros2_ws/install/zed_interfaces/include/zed_interfaces/msg/plane_stamped.hpp
[6.258s] -- Up-to-date: /home/openark/ros2_ws/install/zed_interfaces/include/zed_interfaces/msg/detail
[6.259s] -- Up-to-date: /home/openark/ros2_ws/install/zed_interfaces/include/zed_interfaces/msg/detail/bounding_box2_df__traits.hpp
[6.259s] -- Up-to-date: /home/openark/ros2_ws/install/zed_interfaces/include/zed_interfaces/msg/detail/keypoint2_df__traits.hpp
[6.261s] -- Up-to-date: /home/openark/ros2_ws/install/zed_interfaces/include/zed_interfaces/msg/detail/bounding_box2_df__type_support.hpp
[6.262s] -- Up-to-date: /home/openark/ros2_ws/install/zed_interfaces/include/zed_interfaces/msg/detail/skeleton3_d__traits.hpp
[6.262s] -- Up-to-date: /home/openark/ros2_ws/install/zed_interfaces/include/zed_interfaces/msg/detail/bounding_box2_df__struct.hpp
[6.262s] -- Up-to-date: /home/openark/ros2_ws/install/zed_interfaces/include/zed_interfaces/msg/detail/bounding_box3_d__builder.hpp
[6.263s] -- Up-to-date: /home/openark/ros2_ws/install/zed_interfaces/include/zed_interfaces/msg/detail/plane_stamped__type_support.hpp
[6.263s] -- Up-to-date: /home/openark/ros2_ws/install/zed_interfaces/include/zed_interfaces/msg/detail/keypoint2_df__type_support.hpp
[6.264s] -- Up-to-date: /home/openark/ros2_ws/install/zed_interfaces/include/zed_interfaces/msg/detail/skeleton2_d__type_support.hpp
[6.264s] -- Up-to-date: /home/openark/ros2_ws/install/zed_interfaces/include/zed_interfaces/msg/detail/skeleton2_d__traits.hpp
[6.264s] -- Up-to-date: /home/openark/ros2_ws/install/zed_interfaces/include/zed_interfaces/msg/detail/objects_stamped__traits.hpp
[6.266s] -- Up-to-date: /home/openark/ros2_ws/install/zed_interfaces/include/zed_interfaces/msg/detail/pos_track_status__traits.hpp
[6.267s] -- Up-to-date: /home/openark/ros2_ws/install/zed_interfaces/include/zed_interfaces/msg/detail/depth_info_stamped__traits.hpp
[6.269s] -- Up-to-date: /home/openark/ros2_ws/install/zed_interfaces/include/zed_interfaces/msg/detail/bounding_box3_d__struct.hpp
[6.269s] -- Up-to-date: /home/openark/ros2_ws/install/zed_interfaces/include/zed_interfaces/msg/detail/keypoint2_df__struct.hpp
[6.271s] -- Up-to-date: /home/openark/ros2_ws/install/zed_interfaces/include/zed_interfaces/msg/detail/keypoint2_di__struct.hpp
[6.271s] -- Up-to-date: /home/openark/ros2_ws/install/zed_interfaces/include/zed_interfaces/msg/detail/objects_stamped__struct.hpp
[6.274s] -- Up-to-date: /home/openark/ros2_ws/install/zed_interfaces/include/zed_interfaces/msg/detail/object__struct.hpp
[6.274s] -- Up-to-date: /home/openark/ros2_ws/install/zed_interfaces/include/zed_interfaces/msg/detail/pos_track_status__type_support.hpp
[6.275s] -- Up-to-date: /home/openark/ros2_ws/install/zed_interfaces/include/zed_interfaces/msg/detail/bounding_box2_df__builder.hpp
[6.276s] -- Up-to-date: /home/openark/ros2_ws/install/zed_interfaces/include/zed_interfaces/msg/detail/depth_info_stamped__type_support.hpp
[6.276s] -- Up-to-date: /home/openark/ros2_ws/install/zed_interfaces/include/zed_interfaces/msg/detail/skeleton2_d__builder.hpp
[6.276s] -- Up-to-date: /home/openark/ros2_ws/install/zed_interfaces/include/zed_interfaces/msg/detail/bounding_box2_di__type_support.hpp
[6.277s] -- Up-to-date: /home/openark/ros2_ws/install/zed_interfaces/include/zed_interfaces/msg/detail/keypoint2_di__builder.hpp
[6.277s] -- Up-to-date: /home/openark/ros2_ws/install/zed_interfaces/include/zed_interfaces/msg/detail/objects_stamped__builder.hpp
[6.278s] -- Up-to-date: /home/openark/ros2_ws/install/zed_interfaces/include/zed_interfaces/msg/detail/heartbeat__traits.hpp
[6.278s] -- Up-to-date: /home/openark/ros2_ws/install/zed_interfaces/include/zed_interfaces/msg/detail/plane_stamped__traits.hpp
[6.278s] -- Up-to-date: /home/openark/ros2_ws/install/zed_interfaces/include/zed_interfaces/msg/detail/skeleton3_d__struct.hpp
[6.279s] -- Up-to-date: /home/openark/ros2_ws/install/zed_interfaces/include/zed_interfaces/msg/detail/keypoint3_d__builder.hpp
[6.279s] -- Up-to-date: /home/openark/ros2_ws/install/zed_interfaces/include/zed_interfaces/msg/detail/bounding_box2_di__builder.hpp
[6.279s] -- Up-to-date: /home/openark/ros2_ws/install/zed_interfaces/include/zed_interfaces/msg/detail/heartbeat__type_support.hpp
[6.280s] -- Up-to-date: /home/openark/ros2_ws/install/zed_interfaces/include/zed_interfaces/msg/detail/bounding_box3_d__traits.hpp
[6.280s] -- Up-to-date: /home/openark/ros2_ws/install/zed_interfaces/include/zed_interfaces/msg/detail/bounding_box2_di__traits.hpp
[6.280s] -- Up-to-date: /home/openark/ros2_ws/install/zed_interfaces/include/zed_interfaces/msg/detail/heartbeat__builder.hpp
[6.281s] -- Up-to-date: /home/openark/ros2_ws/install/zed_interfaces/include/zed_interfaces/msg/detail/keypoint2_di__type_support.hpp
[6.281s] -- Up-to-date: /home/openark/ros2_ws/install/zed_interfaces/include/zed_interfaces/msg/detail/object__traits.hpp
[6.282s] -- Up-to-date: /home/openark/ros2_ws/install/zed_interfaces/include/zed_interfaces/msg/detail/plane_stamped__builder.hpp
[6.283s] -- Up-to-date: /home/openark/ros2_ws/install/zed_interfaces/include/zed_interfaces/msg/detail/keypoint3_d__struct.hpp
[6.283s] -- Up-to-date: /home/openark/ros2_ws/install/zed_interfaces/include/zed_interfaces/msg/detail/pos_track_status__builder.hpp
[6.283s] -- Up-to-date: /home/openark/ros2_ws/install/zed_interfaces/include/zed_interfaces/msg/detail/objects_stamped__type_support.hpp
[6.284s] -- Up-to-date: /home/openark/ros2_ws/install/zed_interfaces/include/zed_interfaces/msg/detail/plane_stamped__struct.hpp
[6.285s] -- Up-to-date: /home/openark/ros2_ws/install/zed_interfaces/include/zed_interfaces/msg/detail/skeleton2_d__struct.hpp
[6.285s] -- Up-to-date: /home/openark/ros2_ws/install/zed_interfaces/include/zed_interfaces/msg/detail/bounding_box2_di__struct.hpp
[6.285s] -- Up-to-date: /home/openark/ros2_ws/install/zed_interfaces/include/zed_interfaces/msg/detail/keypoint3_d__type_support.hpp
[6.287s] -- Up-to-date: /home/openark/ros2_ws/install/zed_interfaces/include/zed_interfaces/msg/detail/heartbeat__struct.hpp
[6.287s] -- Up-to-date: /home/openark/ros2_ws/install/zed_interfaces/include/zed_interfaces/msg/detail/depth_info_stamped__struct.hpp
[6.287s] -- Up-to-date: /home/openark/ros2_ws/install/zed_interfaces/include/zed_interfaces/msg/detail/keypoint2_di__traits.hpp
[6.288s] -- Up-to-date: /home/openark/ros2_ws/install/zed_interfaces/include/zed_interfaces/msg/detail/depth_info_stamped__builder.hpp
[6.288s] -- Up-to-date: /home/openark/ros2_ws/install/zed_interfaces/include/zed_interfaces/msg/detail/object__type_support.hpp
[6.289s] -- Up-to-date: /home/openark/ros2_ws/install/zed_interfaces/include/zed_interfaces/msg/detail/object__builder.hpp
[6.290s] -- Up-to-date: /home/openark/ros2_ws/install/zed_interfaces/include/zed_interfaces/msg/detail/keypoint3_d__traits.hpp
[6.290s] -- Up-to-date: /home/openark/ros2_ws/install/zed_interfaces/include/zed_interfaces/msg/detail/skeleton3_d__type_support.hpp
[6.290s] -- Up-to-date: /home/openark/ros2_ws/install/zed_interfaces/include/zed_interfaces/msg/detail/pos_track_status__struct.hpp
[6.291s] -- Up-to-date: /home/openark/ros2_ws/install/zed_interfaces/include/zed_interfaces/msg/detail/skeleton3_d__builder.hpp
[6.292s] -- Up-to-date: /home/openark/ros2_ws/install/zed_interfaces/include/zed_interfaces/msg/detail/keypoint2_df__builder.hpp
[6.293s] -- Up-to-date: /home/openark/ros2_ws/install/zed_interfaces/include/zed_interfaces/msg/detail/bounding_box3_d__type_support.hpp
[6.294s] -- Up-to-date: /home/openark/ros2_ws/install/zed_interfaces/include/zed_interfaces/msg/pos_track_status.hpp
[6.295s] -- Up-to-date: /home/openark/ros2_ws/install/zed_interfaces/include/zed_interfaces/msg/objects_stamped.hpp
[6.297s] -- Up-to-date: /home/openark/ros2_ws/install/zed_interfaces/include/zed_interfaces/msg/object.hpp
[6.297s] -- Up-to-date: /home/openark/ros2_ws/install/zed_interfaces/include/zed_interfaces/msg/keypoint2_df.hpp
[6.298s] -- Up-to-date: /home/openark/ros2_ws/install/zed_interfaces/include/zed_interfaces/msg/bounding_box2_df.hpp
[6.298s] -- Up-to-date: /home/openark/ros2_ws/install/zed_interfaces/include/zed_interfaces/msg/keypoint3_d.hpp
[6.299s] -- Up-to-date: /home/openark/ros2_ws/install/zed_interfaces/include/zed_interfaces/msg/rosidl_generator_cpp__visibility_control.hpp
[6.300s] -- Up-to-date: /home/openark/ros2_ws/install/zed_interfaces/include/zed_interfaces/msg/bounding_box3_d.hpp
[6.300s] -- Up-to-date: /home/openark/ros2_ws/install/zed_interfaces/include/zed_interfaces/msg/heartbeat.hpp
[6.301s] -- Up-to-date: /home/openark/ros2_ws/install/zed_interfaces/include/zed_interfaces/msg/skeleton3_d.hpp
[6.301s] -- Up-to-date: /home/openark/ros2_ws/install/zed_interfaces/include/zed_interfaces/srv
[6.304s] -- Up-to-date: /home/openark/ros2_ws/install/zed_interfaces/include/zed_interfaces/srv/start_svo_rec.hpp
[6.305s] -- Up-to-date: /home/openark/ros2_ws/install/zed_interfaces/include/zed_interfaces/srv/set_pose.hpp
[6.305s] -- Up-to-date: /home/openark/ros2_ws/install/zed_interfaces/include/zed_interfaces/srv/detail
[6.305s] -- Up-to-date: /home/openark/ros2_ws/install/zed_interfaces/include/zed_interfaces/srv/detail/set_roi__type_support.hpp
[6.306s] -- Up-to-date: /home/openark/ros2_ws/install/zed_interfaces/include/zed_interfaces/srv/detail/start_svo_rec__traits.hpp
[6.306s] -- Up-to-date: /home/openark/ros2_ws/install/zed_interfaces/include/zed_interfaces/srv/detail/set_pose__traits.hpp
[6.307s] -- Up-to-date: /home/openark/ros2_ws/install/zed_interfaces/include/zed_interfaces/srv/detail/set_roi__traits.hpp
[6.307s] -- Up-to-date: /home/openark/ros2_ws/install/zed_interfaces/include/zed_interfaces/srv/detail/set_roi__struct.hpp
[6.307s] -- Up-to-date: /home/openark/ros2_ws/install/zed_interfaces/include/zed_interfaces/srv/detail/set_roi__builder.hpp
[6.307s] -- Up-to-date: /home/openark/ros2_ws/install/zed_interfaces/include/zed_interfaces/srv/detail/start_svo_rec__type_support.hpp
[6.307s] -- Up-to-date: /home/openark/ros2_ws/install/zed_interfaces/include/zed_interfaces/srv/detail/set_pose__type_support.hpp
[6.308s] -- Up-to-date: /home/openark/ros2_ws/install/zed_interfaces/include/zed_interfaces/srv/detail/start_svo_rec__struct.hpp
[6.308s] -- Up-to-date: /home/openark/ros2_ws/install/zed_interfaces/include/zed_interfaces/srv/detail/start_svo_rec__builder.hpp
[6.308s] -- Up-to-date: /home/openark/ros2_ws/install/zed_interfaces/include/zed_interfaces/srv/detail/set_pose__builder.hpp
[6.308s] -- Up-to-date: /home/openark/ros2_ws/install/zed_interfaces/include/zed_interfaces/srv/detail/set_pose__struct.hpp
[6.309s] -- Up-to-date: /home/openark/ros2_ws/install/zed_interfaces/include/zed_interfaces/srv/set_roi.hpp
[6.309s] -- Up-to-date: /home/openark/ros2_ws/install/zed_interfaces/include/zed_interfaces
[6.309s] -- Up-to-date: /home/openark/ros2_ws/install/zed_interfaces/include/zed_interfaces/msg
[6.309s] -- Up-to-date: /home/openark/ros2_ws/install/zed_interfaces/include/zed_interfaces/msg/detail
[6.309s] -- Up-to-date: /home/openark/ros2_ws/install/zed_interfaces/include/zed_interfaces/msg/detail/skeleton2_d__rosidl_typesupport_introspection_cpp.hpp
[6.309s] -- Up-to-date: /home/openark/ros2_ws/install/zed_interfaces/include/zed_interfaces/msg/detail/heartbeat__type_support.cpp
[6.310s] -- Up-to-date: /home/openark/ros2_ws/install/zed_interfaces/include/zed_interfaces/msg/detail/keypoint3_d__rosidl_typesupport_introspection_cpp.hpp
[6.310s] -- Up-to-date: /home/openark/ros2_ws/install/zed_interfaces/include/zed_interfaces/msg/detail/pos_track_status__type_support.cpp
[6.310s] -- Up-to-date: /home/openark/ros2_ws/install/zed_interfaces/include/zed_interfaces/msg/detail/depth_info_stamped__rosidl_typesupport_introspection_cpp.hpp
[6.310s] -- Up-to-date: /home/openark/ros2_ws/install/zed_interfaces/include/zed_interfaces/msg/detail/keypoint2_di__type_support.cpp
[6.311s] -- Up-to-date: /home/openark/ros2_ws/install/zed_interfaces/include/zed_interfaces/msg/detail/plane_stamped__rosidl_typesupport_introspection_cpp.hpp
[6.311s] -- Up-to-date: /home/openark/ros2_ws/install/zed_interfaces/include/zed_interfaces/msg/detail/pos_track_status__rosidl_typesupport_introspection_cpp.hpp
[6.311s] -- Up-to-date: /home/openark/ros2_ws/install/zed_interfaces/include/zed_interfaces/msg/detail/objects_stamped__type_support.cpp
[6.311s] -- Up-to-date: /home/openark/ros2_ws/install/zed_interfaces/include/zed_interfaces/msg/detail/bounding_box3_d__rosidl_typesupport_introspection_cpp.hpp
[6.311s] -- Up-to-date: /home/openark/ros2_ws/install/zed_interfaces/include/zed_interfaces/msg/detail/keypoint2_di__rosidl_typesupport_introspection_cpp.hpp
[6.311s] -- Up-to-date: /home/openark/ros2_ws/install/zed_interfaces/include/zed_interfaces/msg/detail/object__type_support.cpp
[6.311s] -- Up-to-date: /home/openark/ros2_ws/install/zed_interfaces/include/zed_interfaces/msg/detail/skeleton3_d__rosidl_typesupport_introspection_cpp.hpp
[6.312s] -- Up-to-date: /home/openark/ros2_ws/install/zed_interfaces/include/zed_interfaces/msg/detail/keypoint2_df__rosidl_typesupport_introspection_cpp.hpp
[6.312s] -- Up-to-date: /home/openark/ros2_ws/install/zed_interfaces/include/zed_interfaces/msg/detail/heartbeat__rosidl_typesupport_introspection_cpp.hpp
[6.312s] -- Up-to-date: /home/openark/ros2_ws/install/zed_interfaces/include/zed_interfaces/msg/detail/keypoint3_d__type_support.cpp
[6.312s] -- Up-to-date: /home/openark/ros2_ws/install/zed_interfaces/include/zed_interfaces/msg/detail/bounding_box2_di__rosidl_typesupport_introspection_cpp.hpp
[6.312s] -- Up-to-date: /home/openark/ros2_ws/install/zed_interfaces/include/zed_interfaces/msg/detail/keypoint2_df__type_support.cpp
[6.313s] -- Up-to-date: /home/openark/ros2_ws/install/zed_interfaces/include/zed_interfaces/msg/detail/bounding_box2_df__type_support.cpp
[6.313s] -- Up-to-date: /home/openark/ros2_ws/install/zed_interfaces/include/zed_interfaces/msg/detail/depth_info_stamped__type_support.cpp
[6.313s] -- Up-to-date: /home/openark/ros2_ws/install/zed_interfaces/include/zed_interfaces/msg/detail/bounding_box2_di__type_support.cpp
[6.313s] -- Up-to-date: /home/openark/ros2_ws/install/zed_interfaces/include/zed_interfaces/msg/detail/bounding_box2_df__rosidl_typesupport_introspection_cpp.hpp
[6.313s] -- Up-to-date: /home/openark/ros2_ws/install/zed_interfaces/include/zed_interfaces/msg/detail/skeleton2_d__type_support.cpp
[6.313s] -- Up-to-date: /home/openark/ros2_ws/install/zed_interfaces/include/zed_interfaces/msg/detail/objects_stamped__rosidl_typesupport_introspection_cpp.hpp
[6.313s] -- Up-to-date: /home/openark/ros2_ws/install/zed_interfaces/include/zed_interfaces/msg/detail/bounding_box3_d__type_support.cpp
[6.313s] -- Up-to-date: /home/openark/ros2_ws/install/zed_interfaces/include/zed_interfaces/msg/detail/skeleton3_d__type_support.cpp
[6.314s] -- Up-to-date: /home/openark/ros2_ws/install/zed_interfaces/include/zed_interfaces/msg/detail/plane_stamped__type_support.cpp
[6.314s] -- Up-to-date: /home/openark/ros2_ws/install/zed_interfaces/include/zed_interfaces/msg/detail/object__rosidl_typesupport_introspection_cpp.hpp
[6.314s] -- Up-to-date: /home/openark/ros2_ws/install/zed_interfaces/include/zed_interfaces/srv
[6.314s] -- Up-to-date: /home/openark/ros2_ws/install/zed_interfaces/include/zed_interfaces/srv/detail
[6.314s] -- Up-to-date: /home/openark/ros2_ws/install/zed_interfaces/include/zed_interfaces/srv/detail/set_roi__type_support.cpp
[6.314s] -- Up-to-date: /home/openark/ros2_ws/install/zed_interfaces/include/zed_interfaces/srv/detail/start_svo_rec__type_support.cpp
[6.314s] -- Up-to-date: /home/openark/ros2_ws/install/zed_interfaces/include/zed_interfaces/srv/detail/set_pose__rosidl_typesupport_introspection_cpp.hpp
[6.314s] -- Up-to-date: /home/openark/ros2_ws/install/zed_interfaces/include/zed_interfaces/srv/detail/start_svo_rec__rosidl_typesupport_introspection_cpp.hpp
[6.314s] -- Up-to-date: /home/openark/ros2_ws/install/zed_interfaces/include/zed_interfaces/srv/detail/set_pose__type_support.cpp
[6.314s] -- Up-to-date: /home/openark/ros2_ws/install/zed_interfaces/include/zed_interfaces/srv/detail/set_roi__rosidl_typesupport_introspection_cpp.hpp
[6.315s] -- Up-to-date: /home/openark/ros2_ws/install/zed_interfaces/lib/libzed_interfaces__rosidl_typesupport_introspection_cpp.so
[6.315s] -- Up-to-date: /home/openark/ros2_ws/install/zed_interfaces/lib/libzed_interfaces__rosidl_typesupport_cpp.so
[6.315s] -- Up-to-date: /home/openark/ros2_ws/install/zed_interfaces/share/zed_interfaces/environment/pythonpath.sh
[6.315s] -- Up-to-date: /home/openark/ros2_ws/install/zed_interfaces/share/zed_interfaces/environment/pythonpath.dsv
[6.318s] -- Up-to-date: /home/openark/ros2_ws/install/zed_interfaces/lib/python3.8/site-packages/zed_interfaces/__init__.py
[6.318s] -- Up-to-date: /home/openark/ros2_ws/install/zed_interfaces/lib/python3.8/site-packages/zed_interfaces/msg
[6.318s] -- Up-to-date: /home/openark/ros2_ws/install/zed_interfaces/lib/python3.8/site-packages/zed_interfaces/msg/_keypoint2_di_s.c
[6.318s] -- Up-to-date: /home/openark/ros2_ws/install/zed_interfaces/lib/python3.8/site-packages/zed_interfaces/msg/_objects_stamped_s.c
[6.318s] -- Up-to-date: /home/openark/ros2_ws/install/zed_interfaces/lib/python3.8/site-packages/zed_interfaces/msg/_bounding_box2_df_s.c
[6.320s] -- Up-to-date: /home/openark/ros2_ws/install/zed_interfaces/lib/python3.8/site-packages/zed_interfaces/msg/__init__.py
[6.321s] -- Up-to-date: /home/openark/ros2_ws/install/zed_interfaces/lib/python3.8/site-packages/zed_interfaces/msg/_object_s.c
[6.321s] -- Up-to-date: /home/openark/ros2_ws/install/zed_interfaces/lib/python3.8/site-packages/zed_interfaces/msg/_heartbeat_s.c
[6.321s] -- Up-to-date: /home/openark/ros2_ws/install/zed_interfaces/lib/python3.8/site-packages/zed_interfaces/msg/_keypoint2_di.py
[6.322s] -- Up-to-date: /home/openark/ros2_ws/install/zed_interfaces/lib/python3.8/site-packages/zed_interfaces/msg/_objects_stamped.py
[6.322s] -- Up-to-date: /home/openark/ros2_ws/install/zed_interfaces/lib/python3.8/site-packages/zed_interfaces/msg/_keypoint3_d.py
[6.322s] -- Up-to-date: /home/openark/ros2_ws/install/zed_interfaces/lib/python3.8/site-packages/zed_interfaces/msg/_plane_stamped.py
[6.322s] -- Up-to-date: /home/openark/ros2_ws/install/zed_interfaces/lib/python3.8/site-packages/zed_interfaces/msg/_object.py
[6.322s] -- Up-to-date: /home/openark/ros2_ws/install/zed_interfaces/lib/python3.8/site-packages/zed_interfaces/msg/_depth_info_stamped.py
[6.323s] -- Up-to-date: /home/openark/ros2_ws/install/zed_interfaces/lib/python3.8/site-packages/zed_interfaces/msg/_bounding_box2_di.py
[6.323s] -- Up-to-date: /home/openark/ros2_ws/install/zed_interfaces/lib/python3.8/site-packages/zed_interfaces/msg/_plane_stamped_s.c
[6.323s] -- Up-to-date: /home/openark/ros2_ws/install/zed_interfaces/lib/python3.8/site-packages/zed_interfaces/msg/_pos_track_status_s.c
[6.323s] -- Up-to-date: /home/openark/ros2_ws/install/zed_interfaces/lib/python3.8/site-packages/zed_interfaces/msg/_skeleton2_d_s.c
[6.323s] -- Up-to-date: /home/openark/ros2_ws/install/zed_interfaces/lib/python3.8/site-packages/zed_interfaces/msg/_bounding_box3_d.py
[6.323s] -- Up-to-date: /home/openark/ros2_ws/install/zed_interfaces/lib/python3.8/site-packages/zed_interfaces/msg/_keypoint3_d_s.c
[6.324s] -- Up-to-date: /home/openark/ros2_ws/install/zed_interfaces/lib/python3.8/site-packages/zed_interfaces/msg/_skeleton3_d.py
[6.324s] -- Up-to-date: /home/openark/ros2_ws/install/zed_interfaces/lib/python3.8/site-packages/zed_interfaces/msg/_bounding_box2_df.py
[6.324s] -- Up-to-date: /home/openark/ros2_ws/install/zed_interfaces/lib/python3.8/site-packages/zed_interfaces/msg/_keypoint2_df.py
[6.324s] -- Up-to-date: /home/openark/ros2_ws/install/zed_interfaces/lib/python3.8/site-packages/zed_interfaces/msg/_keypoint2_df_s.c
[6.325s] -- Up-to-date: /home/openark/ros2_ws/install/zed_interfaces/lib/python3.8/site-packages/zed_interfaces/msg/_bounding_box2_di_s.c
[6.325s] -- Up-to-date: /home/openark/ros2_ws/install/zed_interfaces/lib/python3.8/site-packages/zed_interfaces/msg/_bounding_box3_d_s.c
[6.325s] -- Up-to-date: /home/openark/ros2_ws/install/zed_interfaces/lib/python3.8/site-packages/zed_interfaces/msg/_skeleton3_d_s.c
[6.325s] -- Up-to-date: /home/openark/ros2_ws/install/zed_interfaces/lib/python3.8/site-packages/zed_interfaces/msg/_pos_track_status.py
[6.325s] -- Up-to-date: /home/openark/ros2_ws/install/zed_interfaces/lib/python3.8/site-packages/zed_interfaces/msg/_heartbeat.py
[6.326s] -- Up-to-date: /home/openark/ros2_ws/install/zed_interfaces/lib/python3.8/site-packages/zed_interfaces/msg/_depth_info_stamped_s.c
[6.326s] -- Up-to-date: /home/openark/ros2_ws/install/zed_interfaces/lib/python3.8/site-packages/zed_interfaces/msg/_skeleton2_d.py
[6.326s] -- Up-to-date: /home/openark/ros2_ws/install/zed_interfaces/lib/python3.8/site-packages/zed_interfaces/srv
[6.326s] -- Up-to-date: /home/openark/ros2_ws/install/zed_interfaces/lib/python3.8/site-packages/zed_interfaces/srv/_set_pose.py
[6.326s] -- Up-to-date: /home/openark/ros2_ws/install/zed_interfaces/lib/python3.8/site-packages/zed_interfaces/srv/__init__.py
[6.326s] -- Up-to-date: /home/openark/ros2_ws/install/zed_interfaces/lib/python3.8/site-packages/zed_interfaces/srv/_set_roi_s.c
[6.327s] -- Up-to-date: /home/openark/ros2_ws/install/zed_interfaces/lib/python3.8/site-packages/zed_interfaces/srv/_start_svo_rec.py
[6.327s] -- Up-to-date: /home/openark/ros2_ws/install/zed_interfaces/lib/python3.8/site-packages/zed_interfaces/srv/_set_pose_s.c
[6.327s] -- Up-to-date: /home/openark/ros2_ws/install/zed_interfaces/lib/python3.8/site-packages/zed_interfaces/srv/_set_roi.py
[6.328s] -- Up-to-date: /home/openark/ros2_ws/install/zed_interfaces/lib/python3.8/site-packages/zed_interfaces/srv/_start_svo_rec_s.c
[6.328s] -- Up-to-date: /home/openark/ros2_ws/install/zed_interfaces/lib/python3.8/site-packages/zed_interfaces/zed_interfaces_s__rosidl_typesupport_fastrtps_c.cpython-38-x86_64-linux-gnu.so
[6.329s] -- Up-to-date: /home/openark/ros2_ws/install/zed_interfaces/lib/python3.8/site-packages/zed_interfaces/zed_interfaces_s__rosidl_typesupport_introspection_c.cpython-38-x86_64-linux-gnu.so
[6.329s] -- Up-to-date: /home/openark/ros2_ws/install/zed_interfaces/lib/python3.8/site-packages/zed_interfaces/zed_interfaces_s__rosidl_typesupport_c.cpython-38-x86_64-linux-gnu.so
[6.329s] -- Up-to-date: /home/openark/ros2_ws/install/zed_interfaces/lib/libzed_interfaces__python.so
[6.331s] -- Up-to-date: /home/openark/ros2_ws/install/zed_interfaces/share/zed_interfaces/msg/Object.idl
[6.332s] -- Up-to-date: /home/openark/ros2_ws/install/zed_interfaces/share/zed_interfaces/msg/ObjectsStamped.idl
[6.334s] -- Up-to-date: /home/openark/ros2_ws/install/zed_interfaces/share/zed_interfaces/msg/Keypoint2Di.idl
[6.334s] -- Up-to-date: /home/openark/ros2_ws/install/zed_interfaces/share/zed_interfaces/msg/Keypoint2Df.idl
[6.334s] -- Up-to-date: /home/openark/ros2_ws/install/zed_interfaces/share/zed_interfaces/msg/Keypoint3D.idl
[6.335s] -- Up-to-date: /home/openark/ros2_ws/install/zed_interfaces/share/zed_interfaces/msg/BoundingBox2Di.idl
[6.335s] -- Up-to-date: /home/openark/ros2_ws/install/zed_interfaces/share/zed_interfaces/msg/BoundingBox2Df.idl
[6.335s] -- Up-to-date: /home/openark/ros2_ws/install/zed_interfaces/share/zed_interfaces/msg/BoundingBox3D.idl
[6.336s] -- Up-to-date: /home/openark/ros2_ws/install/zed_interfaces/share/zed_interfaces/msg/Skeleton2D.idl
[6.337s] -- Up-to-date: /home/openark/ros2_ws/install/zed_interfaces/share/zed_interfaces/msg/Skeleton3D.idl
[6.337s] -- Up-to-date: /home/openark/ros2_ws/install/zed_interfaces/share/zed_interfaces/msg/DepthInfoStamped.idl
[6.337s] -- Up-to-date: /home/openark/ros2_ws/install/zed_interfaces/share/zed_interfaces/msg/PlaneStamped.idl
[6.337s] -- Up-to-date: /home/openark/ros2_ws/install/zed_interfaces/share/zed_interfaces/msg/PosTrackStatus.idl
[6.338s] -- Up-to-date: /home/openark/ros2_ws/install/zed_interfaces/share/zed_interfaces/msg/Heartbeat.idl
[6.339s] -- Up-to-date: /home/openark/ros2_ws/install/zed_interfaces/share/zed_interfaces/srv/SetPose.idl
[6.339s] -- Up-to-date: /home/openark/ros2_ws/install/zed_interfaces/share/zed_interfaces/srv/StartSvoRec.idl
[6.339s] -- Up-to-date: /home/openark/ros2_ws/install/zed_interfaces/share/zed_interfaces/srv/SetROI.idl
[6.339s] -- Up-to-date: /home/openark/ros2_ws/install/zed_interfaces/share/zed_interfaces/msg/Object.msg
[6.339s] -- Up-to-date: /home/openark/ros2_ws/install/zed_interfaces/share/zed_interfaces/msg/ObjectsStamped.msg
[6.340s] -- Up-to-date: /home/openark/ros2_ws/install/zed_interfaces/share/zed_interfaces/msg/Keypoint2Di.msg
[6.340s] -- Up-to-date: /home/openark/ros2_ws/install/zed_interfaces/share/zed_interfaces/msg/Keypoint2Df.msg
[6.342s] -- Up-to-date: /home/openark/ros2_ws/install/zed_interfaces/share/zed_interfaces/msg/Keypoint3D.msg
[6.342s] -- Up-to-date: /home/openark/ros2_ws/install/zed_interfaces/share/zed_interfaces/msg/BoundingBox2Di.msg
[6.343s] -- Up-to-date: /home/openark/ros2_ws/install/zed_interfaces/share/zed_interfaces/msg/BoundingBox2Df.msg
[6.343s] -- Up-to-date: /home/openark/ros2_ws/install/zed_interfaces/share/zed_interfaces/msg/BoundingBox3D.msg
[6.343s] -- Up-to-date: /home/openark/ros2_ws/install/zed_interfaces/share/zed_interfaces/msg/Skeleton2D.msg
[6.343s] -- Up-to-date: /home/openark/ros2_ws/install/zed_interfaces/share/zed_interfaces/msg/Skeleton3D.msg
[6.344s] -- Up-to-date: /home/openark/ros2_ws/install/zed_interfaces/share/zed_interfaces/msg/DepthInfoStamped.msg
[6.344s] -- Up-to-date: /home/openark/ros2_ws/install/zed_interfaces/share/zed_interfaces/msg/PlaneStamped.msg
[6.345s] -- Up-to-date: /home/openark/ros2_ws/install/zed_interfaces/share/zed_interfaces/msg/PosTrackStatus.msg
[6.345s] -- Up-to-date: /home/openark/ros2_ws/install/zed_interfaces/share/zed_interfaces/msg/Heartbeat.msg
[6.346s] -- Up-to-date: /home/openark/ros2_ws/install/zed_interfaces/share/zed_interfaces/srv/SetPose.srv
[6.347s] -- Up-to-date: /home/openark/ros2_ws/install/zed_interfaces/share/zed_interfaces/srv/SetPose_Request.msg
[6.348s] -- Up-to-date: /home/openark/ros2_ws/install/zed_interfaces/share/zed_interfaces/srv/SetPose_Response.msg
[6.349s] -- Up-to-date: /home/openark/ros2_ws/install/zed_interfaces/share/zed_interfaces/srv/StartSvoRec.srv
[6.349s] -- Up-to-date: /home/openark/ros2_ws/install/zed_interfaces/share/zed_interfaces/srv/StartSvoRec_Request.msg
[6.349s] -- Up-to-date: /home/openark/ros2_ws/install/zed_interfaces/share/zed_interfaces/srv/StartSvoRec_Response.msg
[6.350s] -- Up-to-date: /home/openark/ros2_ws/install/zed_interfaces/share/zed_interfaces/srv/SetROI.srv
[6.351s] -- Up-to-date: /home/openark/ros2_ws/install/zed_interfaces/share/zed_interfaces/srv/SetROI_Request.msg
[6.352s] -- Up-to-date: /home/openark/ros2_ws/install/zed_interfaces/share/zed_interfaces/srv/SetROI_Response.msg
[6.352s] -- Up-to-date: /home/openark/ros2_ws/install/zed_interfaces/share/zed_interfaces/meshes
[6.353s] -- Up-to-date: /home/openark/ros2_ws/install/zed_interfaces/share/zed_interfaces/meshes/zedx.stl
[6.353s] -- Up-to-date: /home/openark/ros2_ws/install/zed_interfaces/share/zed_interfaces/meshes/zed2.stl
[6.354s] -- Up-to-date: /home/openark/ros2_ws/install/zed_interfaces/share/zed_interfaces/meshes/zed2i.stl
[6.354s] -- Up-to-date: /home/openark/ros2_ws/install/zed_interfaces/share/zed_interfaces/meshes/zedm.stl
[6.354s] -- Up-to-date: /home/openark/ros2_ws/install/zed_interfaces/share/zed_interfaces/meshes/zedxm.stl
[6.354s] -- Up-to-date: /home/openark/ros2_ws/install/zed_interfaces/share/zed_interfaces/meshes/zed.stl
[6.354s] -- Up-to-date: /home/openark/ros2_ws/install/zed_interfaces/share/ament_index/resource_index/package_run_dependencies/zed_interfaces
[6.354s] -- Up-to-date: /home/openark/ros2_ws/install/zed_interfaces/share/ament_index/resource_index/parent_prefix_path/zed_interfaces
[6.354s] -- Up-to-date: /home/openark/ros2_ws/install/zed_interfaces/share/zed_interfaces/environment/ament_prefix_path.sh
[6.355s] -- Up-to-date: /home/openark/ros2_ws/install/zed_interfaces/share/zed_interfaces/environment/ament_prefix_path.dsv
[6.356s] -- Up-to-date: /home/openark/ros2_ws/install/zed_interfaces/share/zed_interfaces/environment/path.sh
[6.356s] -- Up-to-date: /home/openark/ros2_ws/install/zed_interfaces/share/zed_interfaces/environment/path.dsv
[6.357s] -- Up-to-date: /home/openark/ros2_ws/install/zed_interfaces/share/zed_interfaces/local_setup.bash
[6.357s] -- Up-to-date: /home/openark/ros2_ws/install/zed_interfaces/share/zed_interfaces/local_setup.sh
[6.357s] -- Up-to-date: /home/openark/ros2_ws/install/zed_interfaces/share/zed_interfaces/local_setup.zsh
[6.357s] -- Up-to-date: /home/openark/ros2_ws/install/zed_interfaces/share/zed_interfaces/local_setup.dsv
[6.357s] -- Installing: /home/openark/ros2_ws/install/zed_interfaces/share/zed_interfaces/package.dsv
[6.357s] -- Up-to-date: /home/openark/ros2_ws/install/zed_interfaces/share/ament_index/resource_index/packages/zed_interfaces
[6.357s] -- Up-to-date: /home/openark/ros2_ws/install/zed_interfaces/share/zed_interfaces/cmake/zed_interfaces__rosidl_generator_cExport.cmake
[6.358s] -- Up-to-date: /home/openark/ros2_ws/install/zed_interfaces/share/zed_interfaces/cmake/zed_interfaces__rosidl_generator_cExport-noconfig.cmake
[6.358s] -- Up-to-date: /home/openark/ros2_ws/install/zed_interfaces/share/zed_interfaces/cmake/zed_interfaces__rosidl_typesupport_introspection_cExport.cmake
[6.358s] -- Up-to-date: /home/openark/ros2_ws/install/zed_interfaces/share/zed_interfaces/cmake/zed_interfaces__rosidl_typesupport_introspection_cExport-noconfig.cmake
[6.359s] -- Up-to-date: /home/openark/ros2_ws/install/zed_interfaces/share/zed_interfaces/cmake/zed_interfaces__rosidl_typesupport_cExport.cmake
[6.360s] -- Up-to-date: /home/openark/ros2_ws/install/zed_interfaces/share/zed_interfaces/cmake/zed_interfaces__rosidl_typesupport_cExport-noconfig.cmake
[6.360s] -- Up-to-date: /home/openark/ros2_ws/install/zed_interfaces/share/zed_interfaces/cmake/zed_interfaces__rosidl_generator_cppExport.cmake
[6.360s] -- Up-to-date: /home/openark/ros2_ws/install/zed_interfaces/share/zed_interfaces/cmake/zed_interfaces__rosidl_typesupport_introspection_cppExport.cmake
[6.361s] -- Up-to-date: /home/openark/ros2_ws/install/zed_interfaces/share/zed_interfaces/cmake/zed_interfaces__rosidl_typesupport_introspection_cppExport-noconfig.cmake
[6.361s] -- Up-to-date: /home/openark/ros2_ws/install/zed_interfaces/share/zed_interfaces/cmake/zed_interfaces__rosidl_typesupport_cppExport.cmake
[6.362s] -- Up-to-date: /home/openark/ros2_ws/install/zed_interfaces/share/zed_interfaces/cmake/zed_interfaces__rosidl_typesupport_cppExport-noconfig.cmake
[6.362s] -- Up-to-date: /home/openark/ros2_ws/install/zed_interfaces/share/zed_interfaces/cmake/rosidl_cmake-extras.cmake
[6.362s] -- Up-to-date: /home/openark/ros2_ws/install/zed_interfaces/share/zed_interfaces/cmake/ament_cmake_export_dependencies-extras.cmake
[6.362s] -- Up-to-date: /home/openark/ros2_ws/install/zed_interfaces/share/zed_interfaces/cmake/ament_cmake_export_libraries-extras.cmake
[6.363s] -- Up-to-date: /home/openark/ros2_ws/install/zed_interfaces/share/zed_interfaces/cmake/ament_cmake_export_targets-extras.cmake
[6.363s] -- Up-to-date: /home/openark/ros2_ws/install/zed_interfaces/share/zed_interfaces/cmake/ament_cmake_export_include_directories-extras.cmake
[6.364s] -- Up-to-date: /home/openark/ros2_ws/install/zed_interfaces/share/zed_interfaces/cmake/rosidl_cmake_export_typesupport_libraries-extras.cmake
[6.364s] -- Up-to-date: /home/openark/ros2_ws/install/zed_interfaces/share/zed_interfaces/cmake/rosidl_cmake_export_typesupport_targets-extras.cmake
[6.364s] -- Up-to-date: /home/openark/ros2_ws/install/zed_interfaces/share/zed_interfaces/cmake/zed_interfacesConfig.cmake
[6.364s] -- Up-to-date: /home/openark/ros2_ws/install/zed_interfaces/share/zed_interfaces/cmake/zed_interfacesConfig-version.cmake
[6.364s] -- Up-to-date: /home/openark/ros2_ws/install/zed_interfaces/share/zed_interfaces/package.xml
[9.609s] Invoked command in '/home/openark/ros2_ws/build/zed_interfaces' returned '0': CMAKE_PREFIX_PATH=${CMAKE_PREFIX_PATH}:/home/openark/ros2_ws/install/examples_rclpy_minimal_subscriber:/home/openark/ros2_ws/install/examples_rclpy_minimal_service:/home/openark/ros2_ws/install/examples_rclpy_minimal_publisher:/home/openark/ros2_ws/install/examples_rclpy_minimal_client:/home/openark/ros2_ws/install/examples_rclpy_minimal_action_server:/home/openark/ros2_ws/install/examples_rclpy_minimal_action_client:/home/openark/ros2_ws/install/examples_rclpy_executors:/home/openark/ros2_ws/src/install/examples_rclpy_minimal_subscriber:/home/openark/ros2_ws/src/install/examples_rclpy_minimal_service:/home/openark/ros2_ws/src/install/examples_rclpy_minimal_publisher:/home/openark/ros2_ws/src/install/examples_rclpy_minimal_client:/home/openark/ros2_ws/src/install/examples_rclpy_minimal_action_server:/home/openark/ros2_ws/src/install/examples_rclpy_minimal_action_client:/home/openark/ros2_ws/src/install/examples_rclpy_executors:/opt/ros/foxy /usr/bin/cmake --install /home/openark/ros2_ws/build/zed_interfaces
