[7.696s] Invoking command in '/home/openark/ros2_ws/src/examples/rclpy/services/minimal_client': PYTHONPATH=/home/openark/ros2_ws/build/examples_rclpy_minimal_client/prefix_override:/home/openark/ros2_ws/install/examples_rclpy_minimal_client/lib/python3.8/site-packages:${PYTHONPATH} /usr/bin/python3 setup.py egg_info --egg-base ../../../../../build/examples_rclpy_minimal_client build --build-base /home/openark/ros2_ws/build/examples_rclpy_minimal_client/build install --record /home/openark/ros2_ws/build/examples_rclpy_minimal_client/install.log --install-scripts $base/lib/examples_rclpy_minimal_client --single-version-externally-managed
[8.025s] running egg_info
[8.026s] writing ../../../../../build/examples_rclpy_minimal_client/examples_rclpy_minimal_client.egg-info/PKG-INFO
[8.027s] writing dependency_links to ../../../../../build/examples_rclpy_minimal_client/examples_rclpy_minimal_client.egg-info/dependency_links.txt
[8.027s] writing entry points to ../../../../../build/examples_rclpy_minimal_client/examples_rclpy_minimal_client.egg-info/entry_points.txt
[8.027s] writing requirements to ../../../../../build/examples_rclpy_minimal_client/examples_rclpy_minimal_client.egg-info/requires.txt
[8.028s] writing top-level names to ../../../../../build/examples_rclpy_minimal_client/examples_rclpy_minimal_client.egg-info/top_level.txt
[8.108s] reading manifest file '../../../../../build/examples_rclpy_minimal_client/examples_rclpy_minimal_client.egg-info/SOURCES.txt'
[8.110s] writing manifest file '../../../../../build/examples_rclpy_minimal_client/examples_rclpy_minimal_client.egg-info/SOURCES.txt'
[8.111s] running build
[8.111s] running build_py
[8.111s] running install
[8.113s] running install_lib
[8.119s] running install_data
[8.120s] running install_egg_info
[8.126s] removing '/home/openark/ros2_ws/install/examples_rclpy_minimal_client/lib/python3.8/site-packages/examples_rclpy_minimal_client-0.9.4-py3.8.egg-info' (and everything under it)
[8.127s] Copying ../../../../../build/examples_rclpy_minimal_client/examples_rclpy_minimal_client.egg-info to /home/openark/ros2_ws/install/examples_rclpy_minimal_client/lib/python3.8/site-packages/examples_rclpy_minimal_client-0.9.4-py3.8.egg-info
[8.128s] running install_scripts
[8.157s] Installing client script to /home/openark/ros2_ws/install/examples_rclpy_minimal_client/lib/examples_rclpy_minimal_client
[8.157s] Installing client_async script to /home/openark/ros2_ws/install/examples_rclpy_minimal_client/lib/examples_rclpy_minimal_client
[8.157s] Installing client_async_callback script to /home/openark/ros2_ws/install/examples_rclpy_minimal_client/lib/examples_rclpy_minimal_client
[8.158s] Installing client_async_member_function script to /home/openark/ros2_ws/install/examples_rclpy_minimal_client/lib/examples_rclpy_minimal_client
[8.159s] writing list of installed files to '/home/openark/ros2_ws/build/examples_rclpy_minimal_client/install.log'
[8.973s] Invoked command in '/home/openark/ros2_ws/src/examples/rclpy/services/minimal_client' returned '0': PYTHONPATH=/home/openark/ros2_ws/build/examples_rclpy_minimal_client/prefix_override:/home/openark/ros2_ws/install/examples_rclpy_minimal_client/lib/python3.8/site-packages:${PYTHONPATH} /usr/bin/python3 setup.py egg_info --egg-base ../../../../../build/examples_rclpy_minimal_client build --build-base /home/openark/ros2_ws/build/examples_rclpy_minimal_client/build install --record /home/openark/ros2_ws/build/examples_rclpy_minimal_client/install.log --install-scripts $base/lib/examples_rclpy_minimal_client --single-version-externally-managed
