[3.676s] Invoking command in '/home/openark/ros2_ws/build/septentrio_gnss_driver': CMAKE_PREFIX_PATH=/home/openark/ros2_ws/install/zed_ros2:/home/openark/ros2_ws/install/zed_multi_camera:/home/openark/ros2_ws/install/zed_display_rviz2:/home/openark/ros2_ws/install/zed_wrapper:/home/openark/ros2_ws/install/zed_tutorial_video:/home/openark/ros2_ws/install/zed_tutorial_pos_tracking:/home/openark/ros2_ws/install/zed_tutorial_depth:/home/openark/ros2_ws/install/zed_topic_benchmark_interfaces:/home/openark/ros2_ws/install/zed_rgb_convert:/home/openark/ros2_ws/install/zed_components:/home/openark/ros2_ws/install/rviz_plugin_zed_od:/home/openark/ros2_ws/install/zed_interfaces:/home/openark/ros2_ws/install/examples_rclpy_minimal_subscriber:/home/openark/ros2_ws/install/examples_rclpy_minimal_service:/home/openark/ros2_ws/install/examples_rclpy_minimal_publisher:/home/openark/ros2_ws/install/examples_rclpy_minimal_client:/home/openark/ros2_ws/install/examples_rclpy_minimal_action_server:/home/openark/ros2_ws/install/examples_rclpy_minimal_action_client:/home/openark/ros2_ws/install/examples_rclpy_executors:/home/openark/ros2_ws/src/install/zed_tutorial_pos_tracking:/home/openark/ros2_ws/src/install/examples_rclpy_minimal_subscriber:/home/openark/ros2_ws/src/install/examples_rclpy_minimal_service:/home/openark/ros2_ws/src/install/examples_rclpy_minimal_publisher:/home/openark/ros2_ws/src/install/examples_rclpy_minimal_client:/home/openark/ros2_ws/src/install/examples_rclpy_minimal_action_server:/home/openark/ros2_ws/src/install/examples_rclpy_minimal_action_client:/home/openark/ros2_ws/src/install/examples_rclpy_executors:/opt/ros/foxy:/home/openark/ros2_ws/install/septentrio_gnss_driver:/home/openark/ros2_ws/install/roar_septentrio_interface:/home/openark/ros2_ws/install/examples_rclcpp_multithreaded_executor:/home/openark/ros2_ws/install/examples_rclcpp_minimal_timer:/home/openark/ros2_ws/install/examples_rclcpp_minimal_subscriber:/home/openark/ros2_ws/install/examples_rclcpp_minimal_service:/home/openark/ros2_ws/install/examples_rclcpp_minimal_publisher:/home/openark/ros2_ws/install/examples_rclcpp_minimal_composition:/home/openark/ros2_ws/install/examples_rclcpp_minimal_client:/home/openark/ros2_ws/install/examples_rclcpp_minimal_action_server:/home/openark/ros2_ws/install/examples_rclcpp_minimal_action_client:/home/openark/ros2_ws/src/install/zed_ros2:/home/openark/ros2_ws/src/install/zed_multi_camera:/home/openark/ros2_ws/src/install/zed_display_rviz2:/home/openark/ros2_ws/src/install/zed_wrapper:/home/openark/ros2_ws/src/install/zed_tutorial_video:/home/openark/ros2_ws/src/install/zed_tutorial_depth:/home/openark/ros2_ws/src/install/zed_topic_benchmark_interfaces:/home/openark/ros2_ws/src/install/zed_rgb_convert:/home/openark/ros2_ws/src/install/zed_components:/home/openark/ros2_ws/src/install/rviz_plugin_zed_od:/home/openark/ros2_ws/src/install/zed_interfaces:/home/openark/ros2_ws/src/install/septentrio_gnss_driver:/home/openark/ros2_ws/src/install/roar_septentrio_interface:/home/openark/ros2_ws/src/install/examples_rclcpp_multithreaded_executor:/home/openark/ros2_ws/src/install/examples_rclcpp_minimal_timer:/home/openark/ros2_ws/src/install/examples_rclcpp_minimal_subscriber:/home/openark/ros2_ws/src/install/examples_rclcpp_minimal_service:/home/openark/ros2_ws/src/install/examples_rclcpp_minimal_publisher:/home/openark/ros2_ws/src/install/examples_rclcpp_minimal_composition:/home/openark/ros2_ws/src/install/examples_rclcpp_minimal_client:/home/openark/ros2_ws/src/install/examples_rclcpp_minimal_action_server:/home/openark/ros2_ws/src/install/examples_rclcpp_minimal_action_client /usr/bin/cmake --build /home/openark/ros2_ws/build/septentrio_gnss_driver -- -j12 -l12
[3.768s] [  0%] Built target gtest
[3.779s] [  0%] Built target septentrio_gnss_driver__cpp
[3.790s] [ 12%] Built target septentrio_gnss_driver__rosidl_generator_c
[3.800s] [ 13%] Built target gtest_main
[3.839s] [ 24%] Built target septentrio_gnss_driver__rosidl_typesupport_cpp
[3.869s] [ 35%] Built target septentrio_gnss_driver__rosidl_typesupport_introspection_cpp
[3.883s] [ 57%] Built target septentrio_gnss_driver__rosidl_typesupport_c
[3.883s] [ 57%] Built target septentrio_gnss_driver__rosidl_typesupport_fastrtps_cpp
[3.899s] [ 68%] Built target septentrio_gnss_driver__rosidl_typesupport_introspection_c
[3.955s] [ 79%] Built target septentrio_gnss_driver__rosidl_typesupport_fastrtps_c
[3.989s] [ 79%] Built target septentrio_gnss_driver
[4.032s] [ 80%] Built target septentrio_gnss_driver__py
[4.122s] [ 90%] Built target septentrio_gnss_driver__python
[4.166s] [ 90%] Built target septentrio_gnss_driver__rosidl_typesupport_c__pyext
[4.172s] [ 91%] Built target septentrio_gnss_driver__rosidl_typesupport_introspection_c__pyext
[4.184s] [ 92%] Built target septentrio_gnss_driver__rosidl_typesupport_fastrtps_c__pyext
[4.226s] [ 97%] Built target septentrio_gnss_driver_core
[4.269s] [ 98%] Built target test_string_utilities
[4.304s] [ 99%] Built target test_parsing_utilities
[4.305s] [100%] Built target septentrio_gnss_driver_node
