[8.453s] Invoking command in '/home/openark/ros2_ws/src/examples/rclpy/actions/minimal_action_server': PYTHONPATH=/home/openark/ros2_ws/src/build/examples_rclpy_minimal_action_server/prefix_override:/home/openark/ros2_ws/src/install/examples_rclpy_minimal_action_server/lib/python3.8/site-packages:${PYTHONPATH} /usr/bin/python3 setup.py egg_info --egg-base ../../../../build/examples_rclpy_minimal_action_server build --build-base /home/openark/ros2_ws/src/build/examples_rclpy_minimal_action_server/build install --record /home/openark/ros2_ws/src/build/examples_rclpy_minimal_action_server/install.log --install-scripts $base/lib/examples_rclpy_minimal_action_server --single-version-externally-managed
[8.918s] running egg_info
[8.920s] writing ../../../../build/examples_rclpy_minimal_action_server/examples_rclpy_minimal_action_server.egg-info/PKG-INFO
[8.923s] writing dependency_links to ../../../../build/examples_rclpy_minimal_action_server/examples_rclpy_minimal_action_server.egg-info/dependency_links.txt
[8.923s] writing entry points to ../../../../build/examples_rclpy_minimal_action_server/examples_rclpy_minimal_action_server.egg-info/entry_points.txt
[8.928s] writing requirements to ../../../../build/examples_rclpy_minimal_action_server/examples_rclpy_minimal_action_server.egg-info/requires.txt
[8.928s] writing top-level names to ../../../../build/examples_rclpy_minimal_action_server/examples_rclpy_minimal_action_server.egg-info/top_level.txt
[9.026s] reading manifest file '../../../../build/examples_rclpy_minimal_action_server/examples_rclpy_minimal_action_server.egg-info/SOURCES.txt'
[9.032s] writing manifest file '../../../../build/examples_rclpy_minimal_action_server/examples_rclpy_minimal_action_server.egg-info/SOURCES.txt'
[9.033s] running build
[9.033s] running build_py
[9.034s] running install
[9.034s] running install_lib
[9.037s] running install_data
[9.038s] running install_egg_info
[9.041s] removing '/home/openark/ros2_ws/src/install/examples_rclpy_minimal_action_server/lib/python3.8/site-packages/examples_rclpy_minimal_action_server-0.9.4-py3.8.egg-info' (and everything under it)
[9.048s] Copying ../../../../build/examples_rclpy_minimal_action_server/examples_rclpy_minimal_action_server.egg-info to /home/openark/ros2_ws/src/install/examples_rclpy_minimal_action_server/lib/python3.8/site-packages/examples_rclpy_minimal_action_server-0.9.4-py3.8.egg-info
[9.050s] running install_scripts
[9.083s] Installing server script to /home/openark/ros2_ws/src/install/examples_rclpy_minimal_action_server/lib/examples_rclpy_minimal_action_server
[9.083s] Installing server_defer script to /home/openark/ros2_ws/src/install/examples_rclpy_minimal_action_server/lib/examples_rclpy_minimal_action_server
[9.084s] Installing server_not_composable script to /home/openark/ros2_ws/src/install/examples_rclpy_minimal_action_server/lib/examples_rclpy_minimal_action_server
[9.084s] Installing server_queue_goals script to /home/openark/ros2_ws/src/install/examples_rclpy_minimal_action_server/lib/examples_rclpy_minimal_action_server
[9.084s] Installing server_single_goal script to /home/openark/ros2_ws/src/install/examples_rclpy_minimal_action_server/lib/examples_rclpy_minimal_action_server
[9.084s] writing list of installed files to '/home/openark/ros2_ws/src/build/examples_rclpy_minimal_action_server/install.log'
[10.014s] Invoked command in '/home/openark/ros2_ws/src/examples/rclpy/actions/minimal_action_server' returned '0': PYTHONPATH=/home/openark/ros2_ws/src/build/examples_rclpy_minimal_action_server/prefix_override:/home/openark/ros2_ws/src/install/examples_rclpy_minimal_action_server/lib/python3.8/site-packages:${PYTHONPATH} /usr/bin/python3 setup.py egg_info --egg-base ../../../../build/examples_rclpy_minimal_action_server build --build-base /home/openark/ros2_ws/src/build/examples_rclpy_minimal_action_server/build install --record /home/openark/ros2_ws/src/build/examples_rclpy_minimal_action_server/install.log --install-scripts $base/lib/examples_rclpy_minimal_action_server --single-version-externally-managed
