-- Found ament_cmake: 0.9.12 (/opt/ros/foxy/share/ament_cmake/cmake)
-- Using PYTHON_EXECUTABLE: /usr/bin/python3
-- Found rclcpp: 2.4.3 (/opt/ros/foxy/share/rclcpp/cmake)
-- Using all available rosidl_typesupport_c: rosidl_typesupport_fastrtps_c;rosidl_typesupport_introspection_c
-- Found rosidl_adapter: 1.3.1 (/opt/ros/foxy/share/rosidl_adapter/cmake)
-- Using all available rosidl_typesupport_cpp: rosidl_typesupport_fastrtps_cpp;rosidl_typesupport_introspection_cpp
-- Found rmw_implementation_cmake: 1.0.4 (/opt/ros/foxy/share/rmw_implementation_cmake/cmake)
-- Using RMW implementation 'rmw_fastrtps_cpp' as default
-- Found geometry_msgs: 2.0.5 (/opt/ros/foxy/share/geometry_msgs/cmake)
-- Found nav_msgs: 2.0.5 (/opt/ros/foxy/share/nav_msgs/cmake)
WARNING: Package name "roar_SensorFusion_PathVisual" does not follow the naming conventions. It should start with a lower case letter and only contain lower case letters, digits, underscores, and dashes.
CMake Error at /opt/ros/foxy/share/ament_cmake_core/cmake/environment_hooks/ament_environment_hooks.cmake:29 (message):
  ament_environment_hooks() must be called before
  ament_generate_package_environment() (which is invoked by ament_package())
Call Stack (most recent call first):
  /opt/ros/foxy/share/ament_cmake_core/cmake/environment_hooks/ament_cmake_environment_hooks_package_hook.cmake:20 (ament_environment_hooks)
  /opt/ros/foxy/share/ament_cmake_core/cmake/core/ament_execute_extensions.cmake:48 (include)
  /opt/ros/foxy/share/ament_cmake_core/cmake/core/ament_package.cmake:66 (ament_execute_extensions)
  CMakeLists.txt:31 (ament_package)


-- Configuring incomplete, errors occurred!
See also "/home/openark/ros2_ws/build/roar_SensorFusion_PathVisual/CMakeFiles/CMakeOutput.log".
See also "/home/openark/ros2_ws/build/roar_SensorFusion_PathVisual/CMakeFiles/CMakeError.log".
make: *** [Makefile:222: cmake_check_build_system] Error 1
