[10.587s] Invoking command in '/home/openark/ros2_ws/src/examples/rclpy/services/minimal_client': PYTHONPATH=/home/openark/ros2_ws/src/build/examples_rclpy_minimal_client/prefix_override:/home/openark/ros2_ws/src/install/examples_rclpy_minimal_client/lib/python3.8/site-packages:${PYTHONPATH} /usr/bin/python3 setup.py egg_info --egg-base ../../../../build/examples_rclpy_minimal_client build --build-base /home/openark/ros2_ws/src/build/examples_rclpy_minimal_client/build install --record /home/openark/ros2_ws/src/build/examples_rclpy_minimal_client/install.log --install-scripts $base/lib/examples_rclpy_minimal_client --single-version-externally-managed
[11.246s] running egg_info
[11.246s] writing ../../../../build/examples_rclpy_minimal_client/examples_rclpy_minimal_client.egg-info/PKG-INFO
[11.246s] writing dependency_links to ../../../../build/examples_rclpy_minimal_client/examples_rclpy_minimal_client.egg-info/dependency_links.txt
[11.247s] writing entry points to ../../../../build/examples_rclpy_minimal_client/examples_rclpy_minimal_client.egg-info/entry_points.txt
[11.247s] writing requirements to ../../../../build/examples_rclpy_minimal_client/examples_rclpy_minimal_client.egg-info/requires.txt
[11.247s] writing top-level names to ../../../../build/examples_rclpy_minimal_client/examples_rclpy_minimal_client.egg-info/top_level.txt
[11.330s] reading manifest file '../../../../build/examples_rclpy_minimal_client/examples_rclpy_minimal_client.egg-info/SOURCES.txt'
[11.331s] writing manifest file '../../../../build/examples_rclpy_minimal_client/examples_rclpy_minimal_client.egg-info/SOURCES.txt'
[11.332s] running build
[11.332s] running build_py
[11.334s] running install
[11.335s] running install_lib
[11.337s] running install_data
[11.339s] running install_egg_info
[11.342s] removing '/home/openark/ros2_ws/src/install/examples_rclpy_minimal_client/lib/python3.8/site-packages/examples_rclpy_minimal_client-0.9.4-py3.8.egg-info' (and everything under it)
[11.343s] Copying ../../../../build/examples_rclpy_minimal_client/examples_rclpy_minimal_client.egg-info to /home/openark/ros2_ws/src/install/examples_rclpy_minimal_client/lib/python3.8/site-packages/examples_rclpy_minimal_client-0.9.4-py3.8.egg-info
[11.345s] running install_scripts
[11.377s] Installing client script to /home/openark/ros2_ws/src/install/examples_rclpy_minimal_client/lib/examples_rclpy_minimal_client
[11.378s] Installing client_async script to /home/openark/ros2_ws/src/install/examples_rclpy_minimal_client/lib/examples_rclpy_minimal_client
[11.379s] Installing client_async_callback script to /home/openark/ros2_ws/src/install/examples_rclpy_minimal_client/lib/examples_rclpy_minimal_client
[11.379s] Installing client_async_member_function script to /home/openark/ros2_ws/src/install/examples_rclpy_minimal_client/lib/examples_rclpy_minimal_client
[11.380s] writing list of installed files to '/home/openark/ros2_ws/src/build/examples_rclpy_minimal_client/install.log'
[12.976s] Invoked command in '/home/openark/ros2_ws/src/examples/rclpy/services/minimal_client' returned '0': PYTHONPATH=/home/openark/ros2_ws/src/build/examples_rclpy_minimal_client/prefix_override:/home/openark/ros2_ws/src/install/examples_rclpy_minimal_client/lib/python3.8/site-packages:${PYTHONPATH} /usr/bin/python3 setup.py egg_info --egg-base ../../../../build/examples_rclpy_minimal_client build --build-base /home/openark/ros2_ws/src/build/examples_rclpy_minimal_client/build install --record /home/openark/ros2_ws/src/build/examples_rclpy_minimal_client/install.log --install-scripts $base/lib/examples_rclpy_minimal_client --single-version-externally-managed
