[6.615s] Invoking command in '/home/openark/ros2_ws/src/examples/rclpy/topics/minimal_publisher': PYTHONPATH=/home/openark/ros2_ws/build/examples_rclpy_minimal_publisher/prefix_override:/home/openark/ros2_ws/install/examples_rclpy_minimal_publisher/lib/python3.8/site-packages:${PYTHONPATH} /usr/bin/python3 setup.py egg_info --egg-base ../../../../../build/examples_rclpy_minimal_publisher build --build-base /home/openark/ros2_ws/build/examples_rclpy_minimal_publisher/build install --record /home/openark/ros2_ws/build/examples_rclpy_minimal_publisher/install.log --install-scripts $base/lib/examples_rclpy_minimal_publisher --single-version-externally-managed
[7.119s] running egg_info
[7.120s] writing ../../../../../build/examples_rclpy_minimal_publisher/examples_rclpy_minimal_publisher.egg-info/PKG-INFO
[7.120s] writing dependency_links to ../../../../../build/examples_rclpy_minimal_publisher/examples_rclpy_minimal_publisher.egg-info/dependency_links.txt
[7.120s] writing entry points to ../../../../../build/examples_rclpy_minimal_publisher/examples_rclpy_minimal_publisher.egg-info/entry_points.txt
[7.120s] writing requirements to ../../../../../build/examples_rclpy_minimal_publisher/examples_rclpy_minimal_publisher.egg-info/requires.txt
[7.120s] writing top-level names to ../../../../../build/examples_rclpy_minimal_publisher/examples_rclpy_minimal_publisher.egg-info/top_level.txt
[7.120s] reading manifest file '../../../../../build/examples_rclpy_minimal_publisher/examples_rclpy_minimal_publisher.egg-info/SOURCES.txt'
[7.120s] writing manifest file '../../../../../build/examples_rclpy_minimal_publisher/examples_rclpy_minimal_publisher.egg-info/SOURCES.txt'
[7.120s] running build
[7.121s] running build_py
[7.121s] running install
[7.121s] running install_lib
[7.121s] running install_data
[7.121s] running install_egg_info
[7.121s] removing '/home/openark/ros2_ws/install/examples_rclpy_minimal_publisher/lib/python3.8/site-packages/examples_rclpy_minimal_publisher-0.9.4-py3.8.egg-info' (and everything under it)
[7.121s] Copying ../../../../../build/examples_rclpy_minimal_publisher/examples_rclpy_minimal_publisher.egg-info to /home/openark/ros2_ws/install/examples_rclpy_minimal_publisher/lib/python3.8/site-packages/examples_rclpy_minimal_publisher-0.9.4-py3.8.egg-info
[7.122s] running install_scripts
[7.122s] Installing publisher_local_function script to /home/openark/ros2_ws/install/examples_rclpy_minimal_publisher/lib/examples_rclpy_minimal_publisher
[7.122s] Installing publisher_member_function script to /home/openark/ros2_ws/install/examples_rclpy_minimal_publisher/lib/examples_rclpy_minimal_publisher
[7.122s] Installing publisher_old_school script to /home/openark/ros2_ws/install/examples_rclpy_minimal_publisher/lib/examples_rclpy_minimal_publisher
[7.122s] writing list of installed files to '/home/openark/ros2_ws/build/examples_rclpy_minimal_publisher/install.log'
[7.463s] Invoked command in '/home/openark/ros2_ws/src/examples/rclpy/topics/minimal_publisher' returned '0': PYTHONPATH=/home/openark/ros2_ws/build/examples_rclpy_minimal_publisher/prefix_override:/home/openark/ros2_ws/install/examples_rclpy_minimal_publisher/lib/python3.8/site-packages:${PYTHONPATH} /usr/bin/python3 setup.py egg_info --egg-base ../../../../../build/examples_rclpy_minimal_publisher build --build-base /home/openark/ros2_ws/build/examples_rclpy_minimal_publisher/build install --record /home/openark/ros2_ws/build/examples_rclpy_minimal_publisher/install.log --install-scripts $base/lib/examples_rclpy_minimal_publisher --single-version-externally-managed
