[0.716s] Invoking command in '/home/openark/ros2_ws/build/examples_rclcpp_minimal_action_client': /usr/bin/cmake /home/openark/ros2_ws/src/examples/rclcpp/actions/minimal_action_client -DAMENT_CMAKE_SYMLINK_INSTALL=1 -DCMAKE_INSTALL_PREFIX=/home/openark/ros2_ws/install/examples_rclcpp_minimal_action_client
[2.183s] -- The C compiler identification is GNU 9.4.0
[2.184s] -- The CXX compiler identification is GNU 9.4.0
[2.184s] -- Check for working C compiler: /usr/bin/cc
[2.185s] -- Check for working C compiler: /usr/bin/cc -- works
[2.186s] -- Detecting C compiler ABI info
[2.187s] -- Detecting C compiler ABI info - done
[2.188s] -- Detecting C compile features
[2.189s] -- Detecting C compile features - done
[2.190s] -- Check for working CXX compiler: /usr/bin/c++
[2.190s] -- Check for working CXX compiler: /usr/bin/c++ -- works
[2.192s] -- Detecting CXX compiler ABI info
[2.192s] -- Detecting CXX compiler ABI info - done
[2.193s] -- Detecting CXX compile features
[2.194s] -- Detecting CXX compile features - done
[2.195s] -- Configuring incomplete, errors occurred!
[2.195s] See also "/home/openark/ros2_ws/build/examples_rclcpp_minimal_action_client/CMakeFiles/CMakeOutput.log".
[2.196s] CMake Error at CMakeLists.txt:13 (find_package):
[2.196s]   By not providing "Findament_cmake.cmake" in CMAKE_MODULE_PATH this project
[2.196s]   has asked CMake to find a package configuration file provided by
[2.198s]   "ament_cmake", but CMake did not find one.
[2.198s] 
[2.199s]   Could not find a package configuration file provided by "ament_cmake" with
[2.199s]   any of the following names:
[2.199s] 
[2.201s]     ament_cmakeConfig.cmake
[2.201s]     ament_cmake-config.cmake
[2.202s] 
[2.203s]   Add the installation prefix of "ament_cmake" to CMAKE_PREFIX_PATH or set
[2.204s]   "ament_cmake_DIR" to a directory containing one of the above files.  If
[2.205s]   "ament_cmake" provides a separate development package or SDK, be sure it
[2.205s]   has been installed.
[2.205s] 
[2.206s] 
[2.289s] Invoked command in '/home/openark/ros2_ws/build/examples_rclcpp_minimal_action_client' returned '1': /usr/bin/cmake /home/openark/ros2_ws/src/examples/rclcpp/actions/minimal_action_client -DAMENT_CMAKE_SYMLINK_INSTALL=1 -DCMAKE_INSTALL_PREFIX=/home/openark/ros2_ws/install/examples_rclcpp_minimal_action_client
