[1.896s] Invoking command in '/home/openark/ros2_ws/build/examples_rclcpp_minimal_service': CMAKE_PREFIX_PATH=${CMAKE_PREFIX_PATH}:/home/openark/ros2_ws/install/examples_rclpy_minimal_subscriber:/home/openark/ros2_ws/install/examples_rclpy_minimal_service:/home/openark/ros2_ws/install/examples_rclpy_minimal_publisher:/home/openark/ros2_ws/install/examples_rclpy_minimal_client:/home/openark/ros2_ws/install/examples_rclpy_minimal_action_server:/home/openark/ros2_ws/install/examples_rclpy_minimal_action_client:/home/openark/ros2_ws/install/examples_rclpy_executors:/home/openark/ros2_ws/src/install/examples_rclpy_minimal_subscriber:/home/openark/ros2_ws/src/install/examples_rclpy_minimal_service:/home/openark/ros2_ws/src/install/examples_rclpy_minimal_publisher:/home/openark/ros2_ws/src/install/examples_rclpy_minimal_client:/home/openark/ros2_ws/src/install/examples_rclpy_minimal_action_server:/home/openark/ros2_ws/src/install/examples_rclpy_minimal_action_client:/home/openark/ros2_ws/src/install/examples_rclpy_executors:/opt/ros/foxy /usr/bin/cmake --build /home/openark/ros2_ws/build/examples_rclcpp_minimal_service -- -j12 -l12
[3.187s] -- Configuring incomplete, errors occurred!
[3.187s] See also "/home/openark/ros2_ws/build/examples_rclcpp_minimal_service/CMakeFiles/CMakeOutput.log".
[3.187s] See also "/home/openark/ros2_ws/build/examples_rclcpp_minimal_service/CMakeFiles/CMakeError.log".
[3.190s] CMake Error at /home/openark/ros2_ws/build/examples_rclcpp_minimal_service/CMakeFiles/3.16.3/CMakeSystem.cmake:1:
[3.190s]   Parse error.  Expected a command name, got unquoted argument with text
[3.190s]   "<<<<<<<".
[3.190s] Call Stack (most recent call first):
[3.191s]   CMakeLists.txt:2 (project)
[3.192s] 
[3.194s] 
[3.194s] CMake Error at /home/openark/ros2_ws/build/examples_rclcpp_minimal_service/CMakeFiles/3.16.3/CMakeSystem.cmake:1:
[3.194s]   Parse error.  Expected a command name, got unquoted argument with text
[3.194s]   "<<<<<<<".
[3.195s] Call Stack (most recent call first):
[3.195s]   CMakeLists.txt:2 (project)
[3.195s] 
[3.198s] 
[3.200s] make: *** [Makefile:266: cmake_check_build_system] Error 1
[3.239s] Invoked command in '/home/openark/ros2_ws/build/examples_rclcpp_minimal_service' returned '2': CMAKE_PREFIX_PATH=${CMAKE_PREFIX_PATH}:/home/openark/ros2_ws/install/examples_rclpy_minimal_subscriber:/home/openark/ros2_ws/install/examples_rclpy_minimal_service:/home/openark/ros2_ws/install/examples_rclpy_minimal_publisher:/home/openark/ros2_ws/install/examples_rclpy_minimal_client:/home/openark/ros2_ws/install/examples_rclpy_minimal_action_server:/home/openark/ros2_ws/install/examples_rclpy_minimal_action_client:/home/openark/ros2_ws/install/examples_rclpy_executors:/home/openark/ros2_ws/src/install/examples_rclpy_minimal_subscriber:/home/openark/ros2_ws/src/install/examples_rclpy_minimal_service:/home/openark/ros2_ws/src/install/examples_rclpy_minimal_publisher:/home/openark/ros2_ws/src/install/examples_rclpy_minimal_client:/home/openark/ros2_ws/src/install/examples_rclpy_minimal_action_server:/home/openark/ros2_ws/src/install/examples_rclpy_minimal_action_client:/home/openark/ros2_ws/src/install/examples_rclpy_executors:/opt/ros/foxy /usr/bin/cmake --build /home/openark/ros2_ws/build/examples_rclcpp_minimal_service -- -j12 -l12
