[3.454s] Invoking command in '/home/openark/ros2_ws/build/septentrio_gnss_driver': CMAKE_PREFIX_PATH=${CMAKE_PREFIX_PATH}:/home/openark/ros2_ws/install/examples_rclpy_minimal_subscriber:/home/openark/ros2_ws/install/examples_rclpy_minimal_service:/home/openark/ros2_ws/install/examples_rclpy_minimal_publisher:/home/openark/ros2_ws/install/examples_rclpy_minimal_client:/home/openark/ros2_ws/install/examples_rclpy_minimal_action_server:/home/openark/ros2_ws/install/examples_rclpy_minimal_action_client:/home/openark/ros2_ws/install/examples_rclpy_executors:/home/openark/ros2_ws/src/install/examples_rclpy_minimal_subscriber:/home/openark/ros2_ws/src/install/examples_rclpy_minimal_service:/home/openark/ros2_ws/src/install/examples_rclpy_minimal_publisher:/home/openark/ros2_ws/src/install/examples_rclpy_minimal_client:/home/openark/ros2_ws/src/install/examples_rclpy_minimal_action_server:/home/openark/ros2_ws/src/install/examples_rclpy_minimal_action_client:/home/openark/ros2_ws/src/install/examples_rclpy_executors:/opt/ros/foxy /usr/bin/cmake --build /home/openark/ros2_ws/build/septentrio_gnss_driver -- -j12 -l12
[3.616s] [  0%] Built target septentrio_gnss_driver__cpp
[3.623s] [  0%] Built target gtest
[3.625s] [  1%] Built target gtest_main
[3.665s] [ 13%] Built target septentrio_gnss_driver__rosidl_generator_c
[3.714s] [ 24%] Built target septentrio_gnss_driver__rosidl_typesupport_introspection_cpp
[3.718s] [ 35%] Built target septentrio_gnss_driver__rosidl_typesupport_fastrtps_cpp
[3.718s] [ 46%] Built target septentrio_gnss_driver__rosidl_typesupport_cpp
[3.756s] [ 57%] Built target septentrio_gnss_driver__rosidl_typesupport_c
[3.768s] [ 68%] Built target septentrio_gnss_driver__rosidl_typesupport_introspection_c
[3.807s] [ 79%] Built target septentrio_gnss_driver__rosidl_typesupport_fastrtps_c
[3.848s] [ 79%] Built target septentrio_gnss_driver
[3.897s] [ 80%] Built target septentrio_gnss_driver__py
[3.994s] [ 90%] Built target septentrio_gnss_driver__python
[4.068s] [ 91%] Built target septentrio_gnss_driver__rosidl_typesupport_introspection_c__pyext
[4.107s] [ 92%] Built target septentrio_gnss_driver__rosidl_typesupport_fastrtps_c__pyext
[4.110s] [ 92%] Built target septentrio_gnss_driver__rosidl_typesupport_c__pyext
[4.112s] [ 97%] Built target septentrio_gnss_driver_core
[4.183s] [ 98%] Built target test_string_utilities
[4.213s] [ 99%] Built target test_parsing_utilities
[4.215s] [100%] Built target septentrio_gnss_driver_node
[4.418s] Invoked command in '/home/openark/ros2_ws/build/septentrio_gnss_driver' returned '0': CMAKE_PREFIX_PATH=${CMAKE_PREFIX_PATH}:/home/openark/ros2_ws/install/examples_rclpy_minimal_subscriber:/home/openark/ros2_ws/install/examples_rclpy_minimal_service:/home/openark/ros2_ws/install/examples_rclpy_minimal_publisher:/home/openark/ros2_ws/install/examples_rclpy_minimal_client:/home/openark/ros2_ws/install/examples_rclpy_minimal_action_server:/home/openark/ros2_ws/install/examples_rclpy_minimal_action_client:/home/openark/ros2_ws/install/examples_rclpy_executors:/home/openark/ros2_ws/src/install/examples_rclpy_minimal_subscriber:/home/openark/ros2_ws/src/install/examples_rclpy_minimal_service:/home/openark/ros2_ws/src/install/examples_rclpy_minimal_publisher:/home/openark/ros2_ws/src/install/examples_rclpy_minimal_client:/home/openark/ros2_ws/src/install/examples_rclpy_minimal_action_server:/home/openark/ros2_ws/src/install/examples_rclpy_minimal_action_client:/home/openark/ros2_ws/src/install/examples_rclpy_executors:/opt/ros/foxy /usr/bin/cmake --build /home/openark/ros2_ws/build/septentrio_gnss_driver -- -j12 -l12
[5.085s] Invoking command in '/home/openark/ros2_ws/build/septentrio_gnss_driver': CMAKE_PREFIX_PATH=${CMAKE_PREFIX_PATH}:/home/openark/ros2_ws/install/examples_rclpy_minimal_subscriber:/home/openark/ros2_ws/install/examples_rclpy_minimal_service:/home/openark/ros2_ws/install/examples_rclpy_minimal_publisher:/home/openark/ros2_ws/install/examples_rclpy_minimal_client:/home/openark/ros2_ws/install/examples_rclpy_minimal_action_server:/home/openark/ros2_ws/install/examples_rclpy_minimal_action_client:/home/openark/ros2_ws/install/examples_rclpy_executors:/home/openark/ros2_ws/src/install/examples_rclpy_minimal_subscriber:/home/openark/ros2_ws/src/install/examples_rclpy_minimal_service:/home/openark/ros2_ws/src/install/examples_rclpy_minimal_publisher:/home/openark/ros2_ws/src/install/examples_rclpy_minimal_client:/home/openark/ros2_ws/src/install/examples_rclpy_minimal_action_server:/home/openark/ros2_ws/src/install/examples_rclpy_minimal_action_client:/home/openark/ros2_ws/src/install/examples_rclpy_executors:/opt/ros/foxy /usr/bin/cmake --install /home/openark/ros2_ws/build/septentrio_gnss_driver
[5.829s] -- Install configuration: "Release"
[5.829s] -- Up-to-date: /home/openark/ros2_ws/install/septentrio_gnss_driver/include/septentrio_gnss_driver
[5.829s] -- Up-to-date: /home/openark/ros2_ws/install/septentrio_gnss_driver/include/septentrio_gnss_driver/msg
[5.829s] -- Up-to-date: /home/openark/ros2_ws/install/septentrio_gnss_driver/include/septentrio_gnss_driver/msg/detail
[5.829s] -- Up-to-date: /home/openark/ros2_ws/install/septentrio_gnss_driver/include/septentrio_gnss_driver/msg/detail/vel_sensor_setup__functions.c
[5.829s] -- Up-to-date: /home/openark/ros2_ws/install/septentrio_gnss_driver/include/septentrio_gnss_driver/msg/detail/meas_epoch_channel_type2__functions.c
[5.829s] -- Up-to-date: /home/openark/ros2_ws/install/septentrio_gnss_driver/include/septentrio_gnss_driver/msg/detail/pvt_geodetic__functions.c
[5.830s] -- Up-to-date: /home/openark/ros2_ws/install/septentrio_gnss_driver/include/septentrio_gnss_driver/msg/detail/aim_plus_status__functions.c
[5.830s] -- Up-to-date: /home/openark/ros2_ws/install/septentrio_gnss_driver/include/septentrio_gnss_driver/msg/detail/gal_auth_status__functions.c
[5.830s] -- Up-to-date: /home/openark/ros2_ws/install/septentrio_gnss_driver/include/septentrio_gnss_driver/msg/detail/receiver_time__functions.c
[5.830s] -- Up-to-date: /home/openark/ros2_ws/install/septentrio_gnss_driver/include/septentrio_gnss_driver/msg/detail/att_cov_euler__functions.c
[5.830s] -- Up-to-date: /home/openark/ros2_ws/install/septentrio_gnss_driver/include/septentrio_gnss_driver/msg/detail/vel_cov_cartesian__functions.c
[5.830s] -- Up-to-date: /home/openark/ros2_ws/install/septentrio_gnss_driver/include/septentrio_gnss_driver/msg/detail/pos_cov_geodetic__functions.c
[5.831s] -- Up-to-date: /home/openark/ros2_ws/install/septentrio_gnss_driver/include/septentrio_gnss_driver/msg/detail/vel_cov_geodetic__functions.c
[5.831s] -- Up-to-date: /home/openark/ros2_ws/install/septentrio_gnss_driver/include/septentrio_gnss_driver/msg/detail/base_vector_cart__functions.c
[5.831s] -- Up-to-date: /home/openark/ros2_ws/install/septentrio_gnss_driver/include/septentrio_gnss_driver/msg/detail/block_header__functions.c
[5.831s] -- Up-to-date: /home/openark/ros2_ws/install/septentrio_gnss_driver/include/septentrio_gnss_driver/msg/detail/ins_nav_geod__functions.c
[5.831s] -- Up-to-date: /home/openark/ros2_ws/install/septentrio_gnss_driver/include/septentrio_gnss_driver/msg/detail/imu_setup__functions.c
[5.831s] -- Up-to-date: /home/openark/ros2_ws/install/septentrio_gnss_driver/include/septentrio_gnss_driver/msg/detail/rf_band__functions.c
[5.832s] -- Up-to-date: /home/openark/ros2_ws/install/septentrio_gnss_driver/include/septentrio_gnss_driver/msg/detail/base_vector_geod__functions.c
[5.832s] -- Up-to-date: /home/openark/ros2_ws/install/septentrio_gnss_driver/include/septentrio_gnss_driver/msg/detail/rf_status__functions.c
[5.832s] -- Up-to-date: /home/openark/ros2_ws/install/septentrio_gnss_driver/include/septentrio_gnss_driver/msg/detail/ext_sensor_meas__functions.c
[5.832s] -- Up-to-date: /home/openark/ros2_ws/install/septentrio_gnss_driver/include/septentrio_gnss_driver/msg/detail/att_euler__functions.c
[5.832s] -- Up-to-date: /home/openark/ros2_ws/install/septentrio_gnss_driver/include/septentrio_gnss_driver/msg/detail/pos_cov_cartesian__functions.c
[5.832s] -- Up-to-date: /home/openark/ros2_ws/install/septentrio_gnss_driver/include/septentrio_gnss_driver/msg/detail/vector_info_geod__functions.c
[5.833s] -- Up-to-date: /home/openark/ros2_ws/install/septentrio_gnss_driver/include/septentrio_gnss_driver/msg/detail/pvt_cartesian__functions.c
[5.836s] -- Up-to-date: /home/openark/ros2_ws/install/septentrio_gnss_driver/include/septentrio_gnss_driver/msg/detail/meas_epoch_channel_type1__functions.c
[5.836s] -- Up-to-date: /home/openark/ros2_ws/install/septentrio_gnss_driver/include/septentrio_gnss_driver/msg/detail/ins_nav_cart__functions.c
[5.837s] -- Up-to-date: /home/openark/ros2_ws/install/septentrio_gnss_driver/include/septentrio_gnss_driver/msg/detail/meas_epoch__functions.c
[5.837s] -- Up-to-date: /home/openark/ros2_ws/install/septentrio_gnss_driver/include/septentrio_gnss_driver/msg/detail/vector_info_cart__functions.c
[5.839s] -- Up-to-date: /home/openark/ros2_ws/install/septentrio_gnss_driver/lib/libseptentrio_gnss_driver__rosidl_generator_c.so
[5.840s] -- Up-to-date: /home/openark/ros2_ws/install/septentrio_gnss_driver/include/septentrio_gnss_driver
[5.841s] -- Up-to-date: /home/openark/ros2_ws/install/septentrio_gnss_driver/include/septentrio_gnss_driver/msg
[5.841s] -- Up-to-date: /home/openark/ros2_ws/install/septentrio_gnss_driver/include/septentrio_gnss_driver/msg/detail
[5.841s] -- Up-to-date: /home/openark/ros2_ws/install/septentrio_gnss_driver/include/septentrio_gnss_driver
[5.842s] -- Up-to-date: /home/openark/ros2_ws/install/septentrio_gnss_driver/include/septentrio_gnss_driver/msg
[5.842s] -- Up-to-date: /home/openark/ros2_ws/install/septentrio_gnss_driver/include/septentrio_gnss_driver/msg/detail
[5.842s] -- Up-to-date: /home/openark/ros2_ws/install/septentrio_gnss_driver/include/septentrio_gnss_driver/msg/detail/dds_fastrtps
[5.843s] -- Up-to-date: /home/openark/ros2_ws/install/septentrio_gnss_driver/include/septentrio_gnss_driver
[5.843s] -- Up-to-date: /home/openark/ros2_ws/install/septentrio_gnss_driver/include/septentrio_gnss_driver/msg
[5.843s] -- Up-to-date: /home/openark/ros2_ws/install/septentrio_gnss_driver/include/septentrio_gnss_driver/msg/detail
[5.843s] -- Up-to-date: /home/openark/ros2_ws/install/septentrio_gnss_driver/include/septentrio_gnss_driver/msg/detail/imu_setup__type_support.c
[5.844s] -- Up-to-date: /home/openark/ros2_ws/install/septentrio_gnss_driver/include/septentrio_gnss_driver/msg/detail/base_vector_cart__type_support.c
[5.844s] -- Up-to-date: /home/openark/ros2_ws/install/septentrio_gnss_driver/include/septentrio_gnss_driver/msg/detail/rf_status__type_support.c
[5.844s] -- Up-to-date: /home/openark/ros2_ws/install/septentrio_gnss_driver/include/septentrio_gnss_driver/msg/detail/meas_epoch__type_support.c
[5.844s] -- Up-to-date: /home/openark/ros2_ws/install/septentrio_gnss_driver/include/septentrio_gnss_driver/msg/detail/block_header__type_support.c
[5.845s] -- Up-to-date: /home/openark/ros2_ws/install/septentrio_gnss_driver/include/septentrio_gnss_driver/msg/detail/base_vector_geod__type_support.c
[5.845s] -- Up-to-date: /home/openark/ros2_ws/install/septentrio_gnss_driver/include/septentrio_gnss_driver/msg/detail/pvt_cartesian__type_support.c
[5.845s] -- Up-to-date: /home/openark/ros2_ws/install/septentrio_gnss_driver/include/septentrio_gnss_driver/msg/detail/pvt_geodetic__type_support.c
[5.846s] -- Up-to-date: /home/openark/ros2_ws/install/septentrio_gnss_driver/include/septentrio_gnss_driver/msg/detail/pos_cov_geodetic__type_support.c
[5.847s] -- Up-to-date: /home/openark/ros2_ws/install/septentrio_gnss_driver/include/septentrio_gnss_driver/msg/detail/receiver_time__type_support.c
[5.848s] -- Up-to-date: /home/openark/ros2_ws/install/septentrio_gnss_driver/include/septentrio_gnss_driver/msg/detail/ins_nav_cart__type_support.c
[5.849s] -- Up-to-date: /home/openark/ros2_ws/install/septentrio_gnss_driver/include/septentrio_gnss_driver/msg/detail/meas_epoch_channel_type1__type_support.c
[5.849s] -- Up-to-date: /home/openark/ros2_ws/install/septentrio_gnss_driver/include/septentrio_gnss_driver/msg/detail/rf_band__type_support.c
[5.850s] -- Up-to-date: /home/openark/ros2_ws/install/septentrio_gnss_driver/include/septentrio_gnss_driver/msg/detail/pos_cov_cartesian__type_support.c
[5.850s] -- Up-to-date: /home/openark/ros2_ws/install/septentrio_gnss_driver/include/septentrio_gnss_driver/msg/detail/ext_sensor_meas__type_support.c
[5.850s] -- Up-to-date: /home/openark/ros2_ws/install/septentrio_gnss_driver/include/septentrio_gnss_driver/msg/detail/vel_cov_geodetic__type_support.c
[5.850s] -- Up-to-date: /home/openark/ros2_ws/install/septentrio_gnss_driver/include/septentrio_gnss_driver/msg/detail/aim_plus_status__type_support.c
[5.850s] -- Up-to-date: /home/openark/ros2_ws/install/septentrio_gnss_driver/include/septentrio_gnss_driver/msg/detail/att_euler__type_support.c
[5.851s] -- Up-to-date: /home/openark/ros2_ws/install/septentrio_gnss_driver/include/septentrio_gnss_driver/msg/detail/vel_cov_cartesian__type_support.c
[5.851s] -- Up-to-date: /home/openark/ros2_ws/install/septentrio_gnss_driver/include/septentrio_gnss_driver/msg/detail/vel_sensor_setup__type_support.c
[5.852s] -- Up-to-date: /home/openark/ros2_ws/install/septentrio_gnss_driver/include/septentrio_gnss_driver/msg/detail/meas_epoch_channel_type2__type_support.c
[5.854s] -- Up-to-date: /home/openark/ros2_ws/install/septentrio_gnss_driver/include/septentrio_gnss_driver/msg/detail/vector_info_geod__type_support.c
[5.855s] -- Up-to-date: /home/openark/ros2_ws/install/septentrio_gnss_driver/include/septentrio_gnss_driver/msg/detail/gal_auth_status__type_support.c
[5.855s] -- Up-to-date: /home/openark/ros2_ws/install/septentrio_gnss_driver/include/septentrio_gnss_driver/msg/detail/ins_nav_geod__type_support.c
[5.856s] -- Up-to-date: /home/openark/ros2_ws/install/septentrio_gnss_driver/include/septentrio_gnss_driver/msg/detail/vector_info_cart__type_support.c
[5.857s] -- Up-to-date: /home/openark/ros2_ws/install/septentrio_gnss_driver/include/septentrio_gnss_driver/msg/detail/att_cov_euler__type_support.c
[5.859s] -- Up-to-date: /home/openark/ros2_ws/install/septentrio_gnss_driver/lib/libseptentrio_gnss_driver__rosidl_typesupport_introspection_c.so
[5.860s] -- Up-to-date: /home/openark/ros2_ws/install/septentrio_gnss_driver/lib/libseptentrio_gnss_driver__rosidl_typesupport_c.so
[5.860s] -- Up-to-date: /home/openark/ros2_ws/install/septentrio_gnss_driver/include/septentrio_gnss_driver
[5.861s] -- Up-to-date: /home/openark/ros2_ws/install/septentrio_gnss_driver/include/septentrio_gnss_driver/msg
[5.861s] -- Up-to-date: /home/openark/ros2_ws/install/septentrio_gnss_driver/include/septentrio_gnss_driver/msg/detail
[5.862s] -- Up-to-date: /home/openark/ros2_ws/install/septentrio_gnss_driver/include/septentrio_gnss_driver
[5.862s] -- Up-to-date: /home/openark/ros2_ws/install/septentrio_gnss_driver/include/septentrio_gnss_driver/msg
[5.863s] -- Up-to-date: /home/openark/ros2_ws/install/septentrio_gnss_driver/include/septentrio_gnss_driver/msg/detail
[5.863s] -- Up-to-date: /home/openark/ros2_ws/install/septentrio_gnss_driver/include/septentrio_gnss_driver/msg/detail/pvt_cartesian__type_support.cpp
[5.864s] -- Up-to-date: /home/openark/ros2_ws/install/septentrio_gnss_driver/include/septentrio_gnss_driver/msg/detail/vel_cov_geodetic__type_support.cpp
[5.864s] -- Up-to-date: /home/openark/ros2_ws/install/septentrio_gnss_driver/include/septentrio_gnss_driver/msg/detail/meas_epoch_channel_type1__type_support.cpp
[5.864s] -- Up-to-date: /home/openark/ros2_ws/install/septentrio_gnss_driver/include/septentrio_gnss_driver/msg/detail/rf_band__type_support.cpp
[5.865s] -- Up-to-date: /home/openark/ros2_ws/install/septentrio_gnss_driver/include/septentrio_gnss_driver/msg/detail/imu_setup__type_support.cpp
[5.866s] -- Up-to-date: /home/openark/ros2_ws/install/septentrio_gnss_driver/include/septentrio_gnss_driver/msg/detail/meas_epoch__type_support.cpp
[5.867s] -- Up-to-date: /home/openark/ros2_ws/install/septentrio_gnss_driver/include/septentrio_gnss_driver/msg/detail/base_vector_geod__type_support.cpp
[5.868s] -- Up-to-date: /home/openark/ros2_ws/install/septentrio_gnss_driver/include/septentrio_gnss_driver/msg/detail/ext_sensor_meas__type_support.cpp
[5.869s] -- Up-to-date: /home/openark/ros2_ws/install/septentrio_gnss_driver/include/septentrio_gnss_driver/msg/detail/receiver_time__type_support.cpp
[5.869s] -- Up-to-date: /home/openark/ros2_ws/install/septentrio_gnss_driver/include/septentrio_gnss_driver/msg/detail/vel_cov_cartesian__type_support.cpp
[5.870s] -- Up-to-date: /home/openark/ros2_ws/install/septentrio_gnss_driver/include/septentrio_gnss_driver/msg/detail/ins_nav_cart__type_support.cpp
[5.871s] -- Up-to-date: /home/openark/ros2_ws/install/septentrio_gnss_driver/include/septentrio_gnss_driver/msg/detail/ins_nav_geod__type_support.cpp
[5.872s] -- Up-to-date: /home/openark/ros2_ws/install/septentrio_gnss_driver/include/septentrio_gnss_driver/msg/detail/meas_epoch_channel_type2__type_support.cpp
[5.874s] -- Up-to-date: /home/openark/ros2_ws/install/septentrio_gnss_driver/include/septentrio_gnss_driver/msg/detail/att_cov_euler__type_support.cpp
[5.874s] -- Up-to-date: /home/openark/ros2_ws/install/septentrio_gnss_driver/include/septentrio_gnss_driver/msg/detail/gal_auth_status__type_support.cpp
[5.875s] -- Up-to-date: /home/openark/ros2_ws/install/septentrio_gnss_driver/include/septentrio_gnss_driver/msg/detail/vel_sensor_setup__type_support.cpp
[5.875s] -- Up-to-date: /home/openark/ros2_ws/install/septentrio_gnss_driver/include/septentrio_gnss_driver/msg/detail/aim_plus_status__type_support.cpp
[5.876s] -- Up-to-date: /home/openark/ros2_ws/install/septentrio_gnss_driver/include/septentrio_gnss_driver/msg/detail/base_vector_cart__type_support.cpp
[5.876s] -- Up-to-date: /home/openark/ros2_ws/install/septentrio_gnss_driver/include/septentrio_gnss_driver/msg/detail/block_header__type_support.cpp
[5.876s] -- Up-to-date: /home/openark/ros2_ws/install/septentrio_gnss_driver/include/septentrio_gnss_driver/msg/detail/pos_cov_geodetic__type_support.cpp
[5.877s] -- Up-to-date: /home/openark/ros2_ws/install/septentrio_gnss_driver/include/septentrio_gnss_driver/msg/detail/vector_info_geod__type_support.cpp
[5.877s] -- Up-to-date: /home/openark/ros2_ws/install/septentrio_gnss_driver/include/septentrio_gnss_driver/msg/detail/pos_cov_cartesian__type_support.cpp
[5.878s] -- Up-to-date: /home/openark/ros2_ws/install/septentrio_gnss_driver/include/septentrio_gnss_driver/msg/detail/pvt_geodetic__type_support.cpp
[5.878s] -- Up-to-date: /home/openark/ros2_ws/install/septentrio_gnss_driver/include/septentrio_gnss_driver/msg/detail/vector_info_cart__type_support.cpp
[5.878s] -- Up-to-date: /home/openark/ros2_ws/install/septentrio_gnss_driver/include/septentrio_gnss_driver/msg/detail/rf_status__type_support.cpp
[5.878s] -- Up-to-date: /home/openark/ros2_ws/install/septentrio_gnss_driver/include/septentrio_gnss_driver/msg/detail/att_euler__type_support.cpp
[5.878s] -- Up-to-date: /home/openark/ros2_ws/install/septentrio_gnss_driver/lib/libseptentrio_gnss_driver__rosidl_typesupport_introspection_cpp.so
[5.879s] -- Up-to-date: /home/openark/ros2_ws/install/septentrio_gnss_driver/lib/libseptentrio_gnss_driver__rosidl_typesupport_cpp.so
[5.879s] -- Up-to-date: /home/openark/ros2_ws/install/septentrio_gnss_driver/lib/python3.8/site-packages/septentrio_gnss_driver/msg
[5.879s] -- Up-to-date: /home/openark/ros2_ws/install/septentrio_gnss_driver/lib/python3.8/site-packages/septentrio_gnss_driver/msg/_ins_nav_cart_s.c
[5.879s] -- Up-to-date: /home/openark/ros2_ws/install/septentrio_gnss_driver/lib/python3.8/site-packages/septentrio_gnss_driver/msg/_vel_sensor_setup_s.c
[5.879s] -- Up-to-date: /home/openark/ros2_ws/install/septentrio_gnss_driver/lib/python3.8/site-packages/septentrio_gnss_driver/msg/_att_euler_s.c
[5.879s] -- Up-to-date: /home/openark/ros2_ws/install/septentrio_gnss_driver/lib/python3.8/site-packages/septentrio_gnss_driver/msg/_ext_sensor_meas_s.c
[5.879s] -- Up-to-date: /home/openark/ros2_ws/install/septentrio_gnss_driver/lib/python3.8/site-packages/septentrio_gnss_driver/msg/_pvt_cartesian_s.c
[5.879s] -- Up-to-date: /home/openark/ros2_ws/install/septentrio_gnss_driver/lib/python3.8/site-packages/septentrio_gnss_driver/msg/_vel_cov_cartesian_s.c
[5.880s] -- Up-to-date: /home/openark/ros2_ws/install/septentrio_gnss_driver/lib/python3.8/site-packages/septentrio_gnss_driver/msg/_pvt_geodetic_s.c
[5.881s] -- Up-to-date: /home/openark/ros2_ws/install/septentrio_gnss_driver/lib/python3.8/site-packages/septentrio_gnss_driver/msg/_ins_nav_geod_s.c
[5.881s] -- Up-to-date: /home/openark/ros2_ws/install/septentrio_gnss_driver/lib/python3.8/site-packages/septentrio_gnss_driver/msg/_pos_cov_geodetic_s.c
[5.881s] -- Up-to-date: /home/openark/ros2_ws/install/septentrio_gnss_driver/lib/python3.8/site-packages/septentrio_gnss_driver/msg/_rf_band_s.c
[5.881s] -- Up-to-date: /home/openark/ros2_ws/install/septentrio_gnss_driver/lib/python3.8/site-packages/septentrio_gnss_driver/msg/_meas_epoch_s.c
[5.882s] -- Up-to-date: /home/openark/ros2_ws/install/septentrio_gnss_driver/lib/python3.8/site-packages/septentrio_gnss_driver/msg/_rf_status_s.c
[5.882s] -- Up-to-date: /home/openark/ros2_ws/install/septentrio_gnss_driver/lib/python3.8/site-packages/septentrio_gnss_driver/msg/_base_vector_geod_s.c
[5.882s] -- Up-to-date: /home/openark/ros2_ws/install/septentrio_gnss_driver/lib/python3.8/site-packages/septentrio_gnss_driver/msg/_aim_plus_status_s.c
[5.882s] -- Up-to-date: /home/openark/ros2_ws/install/septentrio_gnss_driver/lib/python3.8/site-packages/septentrio_gnss_driver/msg/_imu_setup_s.c
[5.882s] -- Up-to-date: /home/openark/ros2_ws/install/septentrio_gnss_driver/lib/python3.8/site-packages/septentrio_gnss_driver/msg/_meas_epoch_channel_type2_s.c
[5.882s] -- Up-to-date: /home/openark/ros2_ws/install/septentrio_gnss_driver/lib/python3.8/site-packages/septentrio_gnss_driver/msg/_vel_cov_geodetic_s.c
[5.882s] -- Up-to-date: /home/openark/ros2_ws/install/septentrio_gnss_driver/lib/python3.8/site-packages/septentrio_gnss_driver/msg/_vector_info_cart_s.c
[5.882s] -- Up-to-date: /home/openark/ros2_ws/install/septentrio_gnss_driver/lib/python3.8/site-packages/septentrio_gnss_driver/msg/_base_vector_cart_s.c
[5.882s] -- Up-to-date: /home/openark/ros2_ws/install/septentrio_gnss_driver/lib/python3.8/site-packages/septentrio_gnss_driver/msg/_meas_epoch_channel_type1_s.c
[5.882s] -- Up-to-date: /home/openark/ros2_ws/install/septentrio_gnss_driver/lib/python3.8/site-packages/septentrio_gnss_driver/msg/_receiver_time_s.c
[5.882s] -- Up-to-date: /home/openark/ros2_ws/install/septentrio_gnss_driver/lib/python3.8/site-packages/septentrio_gnss_driver/msg/_block_header_s.c
[5.883s] -- Up-to-date: /home/openark/ros2_ws/install/septentrio_gnss_driver/lib/python3.8/site-packages/septentrio_gnss_driver/msg/_pos_cov_cartesian_s.c
[5.883s] -- Up-to-date: /home/openark/ros2_ws/install/septentrio_gnss_driver/lib/python3.8/site-packages/septentrio_gnss_driver/msg/_vector_info_geod_s.c
[5.883s] -- Up-to-date: /home/openark/ros2_ws/install/septentrio_gnss_driver/lib/python3.8/site-packages/septentrio_gnss_driver/msg/_att_cov_euler_s.c
[5.883s] -- Up-to-date: /home/openark/ros2_ws/install/septentrio_gnss_driver/lib/python3.8/site-packages/septentrio_gnss_driver/msg/_gal_auth_status_s.c
[5.883s] -- Up-to-date: /home/openark/ros2_ws/install/septentrio_gnss_driver/lib/libseptentrio_gnss_driver_core.so
[5.883s] -- Up-to-date: /home/openark/ros2_ws/install/septentrio_gnss_driver/lib/septentrio_gnss_driver/septentrio_gnss_driver_node
[5.883s] -- Up-to-date: /home/openark/ros2_ws/install/septentrio_gnss_driver/include/
[5.883s] -- Up-to-date: /home/openark/ros2_ws/install/septentrio_gnss_driver/include//septentrio_gnss_driver
[5.883s] -- Up-to-date: /home/openark/ros2_ws/install/septentrio_gnss_driver/include//septentrio_gnss_driver/abstraction
[5.883s] -- Up-to-date: /home/openark/ros2_ws/install/septentrio_gnss_driver/include//septentrio_gnss_driver/communication
[5.884s] -- Up-to-date: /home/openark/ros2_ws/install/septentrio_gnss_driver/include//septentrio_gnss_driver/node
[5.887s] -- Up-to-date: /home/openark/ros2_ws/install/septentrio_gnss_driver/include//septentrio_gnss_driver/crc
[5.889s] -- Up-to-date: /home/openark/ros2_ws/install/septentrio_gnss_driver/include//septentrio_gnss_driver/parsers
[5.891s] -- Up-to-date: /home/openark/ros2_ws/install/septentrio_gnss_driver/include//septentrio_gnss_driver/parsers/nmea_parsers
[5.892s] -- Up-to-date: /home/openark/ros2_ws/install/septentrio_gnss_driver/include//septentrio_gnss_driver/plugin
[5.893s] -- Up-to-date: /home/openark/ros2_ws/install/septentrio_gnss_driver/share/septentrio_gnss_driver/launch
[5.894s] -- Up-to-date: /home/openark/ros2_ws/install/septentrio_gnss_driver/share/septentrio_gnss_driver/config
[5.895s] -- Up-to-date: /home/openark/ros2_ws/install/septentrio_gnss_driver/share/septentrio_gnss_driver/config/rover.yaml
[5.896s] -- Up-to-date: /home/openark/ros2_ws/install/septentrio_gnss_driver/share/septentrio_gnss_driver/config/rover_node.yaml
[5.896s] -- Up-to-date: /home/openark/ros2_ws/install/septentrio_gnss_driver/share/septentrio_gnss_driver/config/ins.yaml
[5.897s] -- Up-to-date: /home/openark/ros2_ws/install/septentrio_gnss_driver/share/ament_index/resource_index/parent_prefix_path/septentrio_gnss_driver
[5.899s] -- Installing: /home/openark/ros2_ws/install/septentrio_gnss_driver/share/septentrio_gnss_driver/package.dsv
[5.900s] -- Up-to-date: /home/openark/ros2_ws/install/septentrio_gnss_driver/share/septentrio_gnss_driver/cmake/septentrio_gnss_driver__rosidl_generator_cExport.cmake
[5.900s] -- Up-to-date: /home/openark/ros2_ws/install/septentrio_gnss_driver/share/septentrio_gnss_driver/cmake/septentrio_gnss_driver__rosidl_generator_cExport-release.cmake
[5.903s] -- Up-to-date: /home/openark/ros2_ws/install/septentrio_gnss_driver/share/septentrio_gnss_driver/cmake/septentrio_gnss_driver__rosidl_typesupport_introspection_cExport.cmake
[5.904s] -- Up-to-date: /home/openark/ros2_ws/install/septentrio_gnss_driver/share/septentrio_gnss_driver/cmake/septentrio_gnss_driver__rosidl_typesupport_introspection_cExport-release.cmake
[5.905s] -- Up-to-date: /home/openark/ros2_ws/install/septentrio_gnss_driver/share/septentrio_gnss_driver/cmake/septentrio_gnss_driver__rosidl_typesupport_cExport.cmake
[5.905s] -- Up-to-date: /home/openark/ros2_ws/install/septentrio_gnss_driver/share/septentrio_gnss_driver/cmake/septentrio_gnss_driver__rosidl_typesupport_cExport-release.cmake
[5.906s] -- Up-to-date: /home/openark/ros2_ws/install/septentrio_gnss_driver/share/septentrio_gnss_driver/cmake/septentrio_gnss_driver__rosidl_generator_cppExport.cmake
[5.910s] -- Up-to-date: /home/openark/ros2_ws/install/septentrio_gnss_driver/share/septentrio_gnss_driver/cmake/septentrio_gnss_driver__rosidl_typesupport_introspection_cppExport.cmake
[5.913s] -- Up-to-date: /home/openark/ros2_ws/install/septentrio_gnss_driver/share/septentrio_gnss_driver/cmake/septentrio_gnss_driver__rosidl_typesupport_introspection_cppExport-release.cmake
[5.913s] -- Up-to-date: /home/openark/ros2_ws/install/septentrio_gnss_driver/share/septentrio_gnss_driver/cmake/septentrio_gnss_driver__rosidl_typesupport_cppExport.cmake
[5.914s] -- Up-to-date: /home/openark/ros2_ws/install/septentrio_gnss_driver/share/septentrio_gnss_driver/cmake/septentrio_gnss_driver__rosidl_typesupport_cppExport-release.cmake
[5.914s] -- Up-to-date: /home/openark/ros2_ws/install/septentrio_gnss_driver/share/septentrio_gnss_driver/cmake/septentrio_gnss_driver_coreExport.cmake
[5.915s] -- Up-to-date: /home/openark/ros2_ws/install/septentrio_gnss_driver/share/septentrio_gnss_driver/cmake/septentrio_gnss_driver_coreExport-release.cmake
[6.522s] Invoked command in '/home/openark/ros2_ws/build/septentrio_gnss_driver' returned '0': CMAKE_PREFIX_PATH=${CMAKE_PREFIX_PATH}:/home/openark/ros2_ws/install/examples_rclpy_minimal_subscriber:/home/openark/ros2_ws/install/examples_rclpy_minimal_service:/home/openark/ros2_ws/install/examples_rclpy_minimal_publisher:/home/openark/ros2_ws/install/examples_rclpy_minimal_client:/home/openark/ros2_ws/install/examples_rclpy_minimal_action_server:/home/openark/ros2_ws/install/examples_rclpy_minimal_action_client:/home/openark/ros2_ws/install/examples_rclpy_executors:/home/openark/ros2_ws/src/install/examples_rclpy_minimal_subscriber:/home/openark/ros2_ws/src/install/examples_rclpy_minimal_service:/home/openark/ros2_ws/src/install/examples_rclpy_minimal_publisher:/home/openark/ros2_ws/src/install/examples_rclpy_minimal_client:/home/openark/ros2_ws/src/install/examples_rclpy_minimal_action_server:/home/openark/ros2_ws/src/install/examples_rclpy_minimal_action_client:/home/openark/ros2_ws/src/install/examples_rclpy_executors:/opt/ros/foxy /usr/bin/cmake --install /home/openark/ros2_ws/build/septentrio_gnss_driver
