[1.874s] Invoking command in '/home/openark/ros2_ws/build/examples_rclcpp_minimal_composition': CMAKE_PREFIX_PATH=${CMAKE_PREFIX_PATH}:/home/openark/ros2_ws/install/septentrio_gnss_driver:/home/openark/ros2_ws/install/examples_rclpy_minimal_subscriber:/home/openark/ros2_ws/install/examples_rclpy_minimal_service:/home/openark/ros2_ws/install/examples_rclpy_minimal_publisher:/home/openark/ros2_ws/install/examples_rclpy_minimal_client:/home/openark/ros2_ws/install/examples_rclpy_minimal_action_server:/home/openark/ros2_ws/install/examples_rclpy_minimal_action_client:/home/openark/ros2_ws/install/examples_rclpy_executors:/home/openark/ros2_ws/src/install/zed_tutorial_pos_tracking:/home/openark/ros2_ws/src/install/examples_rclpy_minimal_subscriber:/home/openark/ros2_ws/src/install/examples_rclpy_minimal_service:/home/openark/ros2_ws/src/install/examples_rclpy_minimal_publisher:/home/openark/ros2_ws/src/install/examples_rclpy_minimal_client:/home/openark/ros2_ws/src/install/examples_rclpy_minimal_action_server:/home/openark/ros2_ws/src/install/examples_rclpy_minimal_action_client:/home/openark/ros2_ws/src/install/examples_rclpy_executors:/opt/ros/foxy /usr/bin/cmake --build /home/openark/ros2_ws/build/examples_rclcpp_minimal_composition -- -j12 -l12
[2.955s] [ 33%] Built target composition_nodes
[2.957s] [ 55%] Built target composition_composed
[2.958s] [ 77%] Built target composition_publisher
[2.959s] [100%] Built target composition_subscriber
[2.990s] Invoked command in '/home/openark/ros2_ws/build/examples_rclcpp_minimal_composition' returned '0': CMAKE_PREFIX_PATH=${CMAKE_PREFIX_PATH}:/home/openark/ros2_ws/install/septentrio_gnss_driver:/home/openark/ros2_ws/install/examples_rclpy_minimal_subscriber:/home/openark/ros2_ws/install/examples_rclpy_minimal_service:/home/openark/ros2_ws/install/examples_rclpy_minimal_publisher:/home/openark/ros2_ws/install/examples_rclpy_minimal_client:/home/openark/ros2_ws/install/examples_rclpy_minimal_action_server:/home/openark/ros2_ws/install/examples_rclpy_minimal_action_client:/home/openark/ros2_ws/install/examples_rclpy_executors:/home/openark/ros2_ws/src/install/zed_tutorial_pos_tracking:/home/openark/ros2_ws/src/install/examples_rclpy_minimal_subscriber:/home/openark/ros2_ws/src/install/examples_rclpy_minimal_service:/home/openark/ros2_ws/src/install/examples_rclpy_minimal_publisher:/home/openark/ros2_ws/src/install/examples_rclpy_minimal_client:/home/openark/ros2_ws/src/install/examples_rclpy_minimal_action_server:/home/openark/ros2_ws/src/install/examples_rclpy_minimal_action_client:/home/openark/ros2_ws/src/install/examples_rclpy_executors:/opt/ros/foxy /usr/bin/cmake --build /home/openark/ros2_ws/build/examples_rclcpp_minimal_composition -- -j12 -l12
[3.062s] Invoking command in '/home/openark/ros2_ws/build/examples_rclcpp_minimal_composition': CMAKE_PREFIX_PATH=${CMAKE_PREFIX_PATH}:/home/openark/ros2_ws/install/septentrio_gnss_driver:/home/openark/ros2_ws/install/examples_rclpy_minimal_subscriber:/home/openark/ros2_ws/install/examples_rclpy_minimal_service:/home/openark/ros2_ws/install/examples_rclpy_minimal_publisher:/home/openark/ros2_ws/install/examples_rclpy_minimal_client:/home/openark/ros2_ws/install/examples_rclpy_minimal_action_server:/home/openark/ros2_ws/install/examples_rclpy_minimal_action_client:/home/openark/ros2_ws/install/examples_rclpy_executors:/home/openark/ros2_ws/src/install/zed_tutorial_pos_tracking:/home/openark/ros2_ws/src/install/examples_rclpy_minimal_subscriber:/home/openark/ros2_ws/src/install/examples_rclpy_minimal_service:/home/openark/ros2_ws/src/install/examples_rclpy_minimal_publisher:/home/openark/ros2_ws/src/install/examples_rclpy_minimal_client:/home/openark/ros2_ws/src/install/examples_rclpy_minimal_action_server:/home/openark/ros2_ws/src/install/examples_rclpy_minimal_action_client:/home/openark/ros2_ws/src/install/examples_rclpy_executors:/opt/ros/foxy /usr/bin/cmake --install /home/openark/ros2_ws/build/examples_rclcpp_minimal_composition
[3.125s] -- Install configuration: "Release"
[3.125s] -- Execute custom install script
[3.125s] -- Up-to-date symlink: /home/openark/ros2_ws/install/examples_rclcpp_minimal_composition/share/examples_rclcpp_minimal_composition/environment/library_path.sh
[3.125s] -- Up-to-date symlink: /home/openark/ros2_ws/install/examples_rclcpp_minimal_composition/share/examples_rclcpp_minimal_composition/environment/library_path.dsv
[3.125s] -- Up-to-date symlink: /home/openark/ros2_ws/install/examples_rclcpp_minimal_composition/lib/libcomposition_nodes.so
[3.126s] -- Up-to-date symlink: /home/openark/ros2_ws/install/examples_rclcpp_minimal_composition/lib/examples_rclcpp_minimal_composition/composition_publisher
[3.126s] -- Up-to-date symlink: /home/openark/ros2_ws/install/examples_rclcpp_minimal_composition/lib/examples_rclcpp_minimal_composition/composition_subscriber
[3.126s] -- Up-to-date symlink: /home/openark/ros2_ws/install/examples_rclcpp_minimal_composition/lib/examples_rclcpp_minimal_composition/composition_composed
[3.127s] -- Up-to-date symlink: /home/openark/ros2_ws/install/examples_rclcpp_minimal_composition/share/ament_index/resource_index/package_run_dependencies/examples_rclcpp_minimal_composition
[3.127s] -- Up-to-date symlink: /home/openark/ros2_ws/install/examples_rclcpp_minimal_composition/share/ament_index/resource_index/parent_prefix_path/examples_rclcpp_minimal_composition
[3.128s] -- Up-to-date symlink: /home/openark/ros2_ws/install/examples_rclcpp_minimal_composition/share/examples_rclcpp_minimal_composition/environment/ament_prefix_path.sh
[3.128s] -- Up-to-date symlink: /home/openark/ros2_ws/install/examples_rclcpp_minimal_composition/share/examples_rclcpp_minimal_composition/environment/ament_prefix_path.dsv
[3.128s] -- Up-to-date symlink: /home/openark/ros2_ws/install/examples_rclcpp_minimal_composition/share/examples_rclcpp_minimal_composition/environment/path.sh
[3.129s] -- Up-to-date symlink: /home/openark/ros2_ws/install/examples_rclcpp_minimal_composition/share/examples_rclcpp_minimal_composition/environment/path.dsv
[3.129s] -- Up-to-date symlink: /home/openark/ros2_ws/install/examples_rclcpp_minimal_composition/share/examples_rclcpp_minimal_composition/local_setup.bash
[3.130s] -- Up-to-date symlink: /home/openark/ros2_ws/install/examples_rclcpp_minimal_composition/share/examples_rclcpp_minimal_composition/local_setup.sh
[3.131s] -- Up-to-date symlink: /home/openark/ros2_ws/install/examples_rclcpp_minimal_composition/share/examples_rclcpp_minimal_composition/local_setup.zsh
[3.132s] -- Up-to-date symlink: /home/openark/ros2_ws/install/examples_rclcpp_minimal_composition/share/examples_rclcpp_minimal_composition/local_setup.dsv
[3.132s] -- Symlinking: /home/openark/ros2_ws/install/examples_rclcpp_minimal_composition/share/examples_rclcpp_minimal_composition/package.dsv
[3.148s] -- Up-to-date symlink: /home/openark/ros2_ws/install/examples_rclcpp_minimal_composition/share/ament_index/resource_index/packages/examples_rclcpp_minimal_composition
[3.148s] -- Up-to-date symlink: /home/openark/ros2_ws/install/examples_rclcpp_minimal_composition/share/examples_rclcpp_minimal_composition/cmake/examples_rclcpp_minimal_compositionConfig.cmake
[3.148s] -- Up-to-date symlink: /home/openark/ros2_ws/install/examples_rclcpp_minimal_composition/share/examples_rclcpp_minimal_composition/cmake/examples_rclcpp_minimal_compositionConfig-version.cmake
[3.148s] -- Up-to-date symlink: /home/openark/ros2_ws/install/examples_rclcpp_minimal_composition/share/examples_rclcpp_minimal_composition/package.xml
[4.090s] Invoked command in '/home/openark/ros2_ws/build/examples_rclcpp_minimal_composition' returned '0': CMAKE_PREFIX_PATH=${CMAKE_PREFIX_PATH}:/home/openark/ros2_ws/install/septentrio_gnss_driver:/home/openark/ros2_ws/install/examples_rclpy_minimal_subscriber:/home/openark/ros2_ws/install/examples_rclpy_minimal_service:/home/openark/ros2_ws/install/examples_rclpy_minimal_publisher:/home/openark/ros2_ws/install/examples_rclpy_minimal_client:/home/openark/ros2_ws/install/examples_rclpy_minimal_action_server:/home/openark/ros2_ws/install/examples_rclpy_minimal_action_client:/home/openark/ros2_ws/install/examples_rclpy_executors:/home/openark/ros2_ws/src/install/zed_tutorial_pos_tracking:/home/openark/ros2_ws/src/install/examples_rclpy_minimal_subscriber:/home/openark/ros2_ws/src/install/examples_rclpy_minimal_service:/home/openark/ros2_ws/src/install/examples_rclpy_minimal_publisher:/home/openark/ros2_ws/src/install/examples_rclpy_minimal_client:/home/openark/ros2_ws/src/install/examples_rclpy_minimal_action_server:/home/openark/ros2_ws/src/install/examples_rclpy_minimal_action_client:/home/openark/ros2_ws/src/install/examples_rclpy_executors:/opt/ros/foxy /usr/bin/cmake --install /home/openark/ros2_ws/build/examples_rclcpp_minimal_composition
