[5.842s] Invoking command in '/home/openark/ros2_ws/build/examples_rclpy_minimal_action_server': PYTHONPATH=/home/openark/ros2_ws/build/examples_rclpy_minimal_action_server/prefix_override:/home/openark/ros2_ws/install/examples_rclpy_minimal_action_server/lib/python3.8/site-packages:${PYTHONPATH} /usr/bin/python3 setup.py develop --editable --build-directory /home/openark/ros2_ws/build/examples_rclpy_minimal_action_server/build --no-deps install_data
[6.782s] running develop
[6.782s] running egg_info
[6.783s] writing examples_rclpy_minimal_action_server.egg-info/PKG-INFO
[6.783s] writing dependency_links to examples_rclpy_minimal_action_server.egg-info/dependency_links.txt
[6.784s] writing entry points to examples_rclpy_minimal_action_server.egg-info/entry_points.txt
[6.785s] writing requirements to examples_rclpy_minimal_action_server.egg-info/requires.txt
[6.785s] writing top-level names to examples_rclpy_minimal_action_server.egg-info/top_level.txt
[6.785s] reading manifest file 'examples_rclpy_minimal_action_server.egg-info/SOURCES.txt'
[6.785s] writing manifest file 'examples_rclpy_minimal_action_server.egg-info/SOURCES.txt'
[6.785s] running build_ext
[6.785s] Creating /home/openark/ros2_ws/install/examples_rclpy_minimal_action_server/lib/python3.8/site-packages/examples-rclpy-minimal-action-server.egg-link (link to .)
[6.785s] Installing server script to /home/openark/ros2_ws/install/examples_rclpy_minimal_action_server/lib/examples_rclpy_minimal_action_server
[6.785s] Installing server_defer script to /home/openark/ros2_ws/install/examples_rclpy_minimal_action_server/lib/examples_rclpy_minimal_action_server
[6.785s] Installing server_not_composable script to /home/openark/ros2_ws/install/examples_rclpy_minimal_action_server/lib/examples_rclpy_minimal_action_server
[6.786s] Installing server_queue_goals script to /home/openark/ros2_ws/install/examples_rclpy_minimal_action_server/lib/examples_rclpy_minimal_action_server
[6.786s] Installing server_single_goal script to /home/openark/ros2_ws/install/examples_rclpy_minimal_action_server/lib/examples_rclpy_minimal_action_server
[6.786s] 
[6.786s] Installed /home/openark/ros2_ws/build/examples_rclpy_minimal_action_server
[6.786s] running install_data
[7.650s] Invoked command in '/home/openark/ros2_ws/build/examples_rclpy_minimal_action_server' returned '0': PYTHONPATH=/home/openark/ros2_ws/build/examples_rclpy_minimal_action_server/prefix_override:/home/openark/ros2_ws/install/examples_rclpy_minimal_action_server/lib/python3.8/site-packages:${PYTHONPATH} /usr/bin/python3 setup.py develop --editable --build-directory /home/openark/ros2_ws/build/examples_rclpy_minimal_action_server/build --no-deps install_data
