[0.998s] Invoking command in '/home/openark/ros2_ws/build/examples_rclcpp_minimal_service': CMAKE_PREFIX_PATH=/opt/ros/foxy /usr/bin/cmake /home/openark/ros2_ws/src/examples/rclcpp/services/minimal_service -DAMENT_CMAKE_SYMLINK_INSTALL=1 -DCMAKE_INSTALL_PREFIX=/home/openark/ros2_ws/install/examples_rclcpp_minimal_service
[3.517s] -- Found ament_cmake: 0.9.12 (/opt/ros/foxy/share/ament_cmake/cmake)
[3.517s] -- Found PythonInterp: /usr/bin/python3 (found suitable version "3.8.10", minimum required is "3") 
[3.517s] -- Using PYTHON_EXECUTABLE: /usr/bin/python3
[3.517s] -- Override CMake install command with custom implementation using symlinks instead of copying resources
[3.518s] -- Found example_interfaces: 0.9.1 (/opt/ros/foxy/share/example_interfaces/cmake)
[3.518s] -- Using all available rosidl_typesupport_c: rosidl_typesupport_fastrtps_c;rosidl_typesupport_introspection_c
[3.518s] -- Found rosidl_adapter: 1.3.1 (/opt/ros/foxy/share/rosidl_adapter/cmake)
[3.518s] -- Found OpenSSL: /usr/lib/x86_64-linux-gnu/libcrypto.so (found version "1.1.1f")  
[3.518s] -- Found FastRTPS: /opt/ros/foxy/include  
[3.518s] -- Using all available rosidl_typesupport_cpp: rosidl_typesupport_fastrtps_cpp;rosidl_typesupport_introspection_cpp
[3.518s] -- Found rclcpp: 2.4.3 (/opt/ros/foxy/share/rclcpp/cmake)
[3.518s] -- Found rmw_implementation_cmake: 1.0.4 (/opt/ros/foxy/share/rmw_implementation_cmake/cmake)
[3.518s] -- Using RMW implementation 'rmw_fastrtps_cpp' as default
[3.518s] -- Looking for pthread.h
[3.519s] -- Looking for pthread.h - found
[3.519s] -- Performing Test CMAKE_HAVE_LIBC_PTHREAD
[3.519s] -- Performing Test CMAKE_HAVE_LIBC_PTHREAD - Failed
[3.519s] -- Looking for pthread_create in pthreads
[3.519s] -- Looking for pthread_create in pthreads - not found
[3.519s] -- Looking for pthread_create in pthread
[3.519s] -- Looking for pthread_create in pthread - found
[3.520s] -- Found Threads: TRUE  
[3.710s] -- Found ament_lint_auto: 0.9.8 (/opt/ros/foxy/share/ament_lint_auto/cmake)
[3.995s] -- Added test 'copyright' to check source files copyright and LICENSE
[4.008s] -- Added test 'cppcheck' to perform static code analysis on C / C++ code
[4.008s] -- Configured cppcheck include dirs: 
[4.009s] -- Configured cppcheck exclude dirs and/or files: 
[4.010s] -- Added test 'cpplint' to check C / C++ code against the Google style
[4.011s] -- Configured cpplint exclude dirs and/or files: 
[4.012s] -- Added test 'lint_cmake' to check CMake code style
[4.014s] -- Added test 'uncrustify' to check C / C++ code style
[4.015s] -- Configured uncrustify additional arguments: 
[4.016s] -- Added test 'xmllint' to check XML markup files
[4.025s] -- Configuring done
[4.054s] -- Generating done
[4.054s] -- Build files have been written to: /home/openark/ros2_ws/build/examples_rclcpp_minimal_service
[4.083s] Invoked command in '/home/openark/ros2_ws/build/examples_rclcpp_minimal_service' returned '0': CMAKE_PREFIX_PATH=/opt/ros/foxy /usr/bin/cmake /home/openark/ros2_ws/src/examples/rclcpp/services/minimal_service -DAMENT_CMAKE_SYMLINK_INSTALL=1 -DCMAKE_INSTALL_PREFIX=/home/openark/ros2_ws/install/examples_rclcpp_minimal_service
[4.085s] Invoking command in '/home/openark/ros2_ws/build/examples_rclcpp_minimal_service': CMAKE_PREFIX_PATH=/opt/ros/foxy /usr/bin/cmake --build /home/openark/ros2_ws/build/examples_rclcpp_minimal_service -- -j12 -l12
[4.281s] [35m[1mScanning dependencies of target service_main[0m
[4.457s] [ 50%] [32mBuilding CXX object CMakeFiles/service_main.dir/main.cpp.o[0m
[13.961s] [100%] [32m[1mLinking CXX executable service_main[0m
[14.491s] [100%] Built target service_main
[14.536s] Invoked command in '/home/openark/ros2_ws/build/examples_rclcpp_minimal_service' returned '0': CMAKE_PREFIX_PATH=/opt/ros/foxy /usr/bin/cmake --build /home/openark/ros2_ws/build/examples_rclcpp_minimal_service -- -j12 -l12
[19.294s] Invoking command in '/home/openark/ros2_ws/build/examples_rclcpp_minimal_service': CMAKE_PREFIX_PATH=/opt/ros/foxy /usr/bin/cmake --install /home/openark/ros2_ws/build/examples_rclcpp_minimal_service
[19.850s] -- Install configuration: ""
[19.853s] -- Execute custom install script
[19.853s] -- Symlinking: /home/openark/ros2_ws/install/examples_rclcpp_minimal_service/lib/examples_rclcpp_minimal_service/service_main
[19.857s] -- Symlinking: /home/openark/ros2_ws/install/examples_rclcpp_minimal_service/share/ament_index/resource_index/package_run_dependencies/examples_rclcpp_minimal_service
[19.857s] -- Symlinking: /home/openark/ros2_ws/install/examples_rclcpp_minimal_service/share/ament_index/resource_index/parent_prefix_path/examples_rclcpp_minimal_service
[19.857s] -- Symlinking: /home/openark/ros2_ws/install/examples_rclcpp_minimal_service/share/examples_rclcpp_minimal_service/environment/ament_prefix_path.sh
[19.858s] -- Symlinking: /home/openark/ros2_ws/install/examples_rclcpp_minimal_service/share/examples_rclcpp_minimal_service/environment/ament_prefix_path.dsv
[19.858s] -- Symlinking: /home/openark/ros2_ws/install/examples_rclcpp_minimal_service/share/examples_rclcpp_minimal_service/environment/path.sh
[19.858s] -- Symlinking: /home/openark/ros2_ws/install/examples_rclcpp_minimal_service/share/examples_rclcpp_minimal_service/environment/path.dsv
[19.858s] -- Symlinking: /home/openark/ros2_ws/install/examples_rclcpp_minimal_service/share/examples_rclcpp_minimal_service/local_setup.bash
[19.858s] -- Symlinking: /home/openark/ros2_ws/install/examples_rclcpp_minimal_service/share/examples_rclcpp_minimal_service/local_setup.sh
[19.860s] -- Symlinking: /home/openark/ros2_ws/install/examples_rclcpp_minimal_service/share/examples_rclcpp_minimal_service/local_setup.zsh
[19.860s] -- Symlinking: /home/openark/ros2_ws/install/examples_rclcpp_minimal_service/share/examples_rclcpp_minimal_service/local_setup.dsv
[19.860s] -- Symlinking: /home/openark/ros2_ws/install/examples_rclcpp_minimal_service/share/examples_rclcpp_minimal_service/package.dsv
[19.861s] -- Symlinking: /home/openark/ros2_ws/install/examples_rclcpp_minimal_service/share/ament_index/resource_index/packages/examples_rclcpp_minimal_service
[19.861s] -- Symlinking: /home/openark/ros2_ws/install/examples_rclcpp_minimal_service/share/examples_rclcpp_minimal_service/cmake/examples_rclcpp_minimal_serviceConfig.cmake
[19.861s] -- Symlinking: /home/openark/ros2_ws/install/examples_rclcpp_minimal_service/share/examples_rclcpp_minimal_service/cmake/examples_rclcpp_minimal_serviceConfig-version.cmake
[19.861s] -- Symlinking: /home/openark/ros2_ws/install/examples_rclcpp_minimal_service/share/examples_rclcpp_minimal_service/package.xml
[22.484s] Invoked command in '/home/openark/ros2_ws/build/examples_rclcpp_minimal_service' returned '0': CMAKE_PREFIX_PATH=/opt/ros/foxy /usr/bin/cmake --install /home/openark/ros2_ws/build/examples_rclcpp_minimal_service
