[9.073s] Invoking command in '/home/openark/ros2_ws/src/examples/rclpy/actions/minimal_action_server': PYTHONPATH=/home/openark/ros2_ws/build/examples_rclpy_minimal_action_server/prefix_override:/home/openark/ros2_ws/install/examples_rclpy_minimal_action_server/lib/python3.8/site-packages:${PYTHONPATH} /usr/bin/python3 setup.py egg_info --egg-base ../../../../../build/examples_rclpy_minimal_action_server build --build-base /home/openark/ros2_ws/build/examples_rclpy_minimal_action_server/build install --record /home/openark/ros2_ws/build/examples_rclpy_minimal_action_server/install.log --install-scripts $base/lib/examples_rclpy_minimal_action_server --single-version-externally-managed
[9.545s] running egg_info
[9.546s] writing ../../../../../build/examples_rclpy_minimal_action_server/examples_rclpy_minimal_action_server.egg-info/PKG-INFO
[9.549s] writing dependency_links to ../../../../../build/examples_rclpy_minimal_action_server/examples_rclpy_minimal_action_server.egg-info/dependency_links.txt
[9.550s] writing entry points to ../../../../../build/examples_rclpy_minimal_action_server/examples_rclpy_minimal_action_server.egg-info/entry_points.txt
[9.551s] writing requirements to ../../../../../build/examples_rclpy_minimal_action_server/examples_rclpy_minimal_action_server.egg-info/requires.txt
[9.552s] writing top-level names to ../../../../../build/examples_rclpy_minimal_action_server/examples_rclpy_minimal_action_server.egg-info/top_level.txt
[9.613s] reading manifest file '../../../../../build/examples_rclpy_minimal_action_server/examples_rclpy_minimal_action_server.egg-info/SOURCES.txt'
[9.617s] writing manifest file '../../../../../build/examples_rclpy_minimal_action_server/examples_rclpy_minimal_action_server.egg-info/SOURCES.txt'
[9.618s] running build
[9.618s] running build_py
[9.622s] running install
[9.623s] running install_lib
[9.623s] running install_data
[9.624s] running install_egg_info
[9.627s] removing '/home/openark/ros2_ws/install/examples_rclpy_minimal_action_server/lib/python3.8/site-packages/examples_rclpy_minimal_action_server-0.9.4-py3.8.egg-info' (and everything under it)
[9.627s] Copying ../../../../../build/examples_rclpy_minimal_action_server/examples_rclpy_minimal_action_server.egg-info to /home/openark/ros2_ws/install/examples_rclpy_minimal_action_server/lib/python3.8/site-packages/examples_rclpy_minimal_action_server-0.9.4-py3.8.egg-info
[9.629s] running install_scripts
[9.666s] Installing server script to /home/openark/ros2_ws/install/examples_rclpy_minimal_action_server/lib/examples_rclpy_minimal_action_server
[9.667s] Installing server_defer script to /home/openark/ros2_ws/install/examples_rclpy_minimal_action_server/lib/examples_rclpy_minimal_action_server
[9.667s] Installing server_not_composable script to /home/openark/ros2_ws/install/examples_rclpy_minimal_action_server/lib/examples_rclpy_minimal_action_server
[9.668s] Installing server_queue_goals script to /home/openark/ros2_ws/install/examples_rclpy_minimal_action_server/lib/examples_rclpy_minimal_action_server
[9.669s] Installing server_single_goal script to /home/openark/ros2_ws/install/examples_rclpy_minimal_action_server/lib/examples_rclpy_minimal_action_server
[9.671s] writing list of installed files to '/home/openark/ros2_ws/build/examples_rclpy_minimal_action_server/install.log'
[10.647s] Invoked command in '/home/openark/ros2_ws/src/examples/rclpy/actions/minimal_action_server' returned '0': PYTHONPATH=/home/openark/ros2_ws/build/examples_rclpy_minimal_action_server/prefix_override:/home/openark/ros2_ws/install/examples_rclpy_minimal_action_server/lib/python3.8/site-packages:${PYTHONPATH} /usr/bin/python3 setup.py egg_info --egg-base ../../../../../build/examples_rclpy_minimal_action_server build --build-base /home/openark/ros2_ws/build/examples_rclpy_minimal_action_server/build install --record /home/openark/ros2_ws/build/examples_rclpy_minimal_action_server/install.log --install-scripts $base/lib/examples_rclpy_minimal_action_server --single-version-externally-managed
