[4.755s] Invoking command in '/home/openark/ros2_ws/src/build/roar_septentrio_interface': CMAKE_PREFIX_PATH=${CMAKE_PREFIX_PATH}:/home/openark/ros2_ws/install/septentrio_gnss_driver:/home/openark/ros2_ws/install/examples_rclpy_minimal_subscriber:/home/openark/ros2_ws/install/examples_rclpy_minimal_service:/home/openark/ros2_ws/install/examples_rclpy_minimal_publisher:/home/openark/ros2_ws/install/examples_rclpy_minimal_client:/home/openark/ros2_ws/install/examples_rclpy_minimal_action_server:/home/openark/ros2_ws/install/examples_rclpy_minimal_action_client:/home/openark/ros2_ws/install/examples_rclpy_executors:/home/openark/ros2_ws/src/install/zed_tutorial_pos_tracking:/home/openark/ros2_ws/src/install/examples_rclpy_minimal_subscriber:/home/openark/ros2_ws/src/install/examples_rclpy_minimal_service:/home/openark/ros2_ws/src/install/examples_rclpy_minimal_publisher:/home/openark/ros2_ws/src/install/examples_rclpy_minimal_client:/home/openark/ros2_ws/src/install/examples_rclpy_minimal_action_server:/home/openark/ros2_ws/src/install/examples_rclpy_minimal_action_client:/home/openark/ros2_ws/src/install/examples_rclpy_executors:/opt/ros/foxy /usr/bin/cmake --build /home/openark/ros2_ws/src/build/roar_septentrio_interface -- -j12 -l12
[4.876s] [100%] Built target roar_septentrio_interface_node
[5.381s] Invoked command in '/home/openark/ros2_ws/src/build/roar_septentrio_interface' returned '0': CMAKE_PREFIX_PATH=${CMAKE_PREFIX_PATH}:/home/openark/ros2_ws/install/septentrio_gnss_driver:/home/openark/ros2_ws/install/examples_rclpy_minimal_subscriber:/home/openark/ros2_ws/install/examples_rclpy_minimal_service:/home/openark/ros2_ws/install/examples_rclpy_minimal_publisher:/home/openark/ros2_ws/install/examples_rclpy_minimal_client:/home/openark/ros2_ws/install/examples_rclpy_minimal_action_server:/home/openark/ros2_ws/install/examples_rclpy_minimal_action_client:/home/openark/ros2_ws/install/examples_rclpy_executors:/home/openark/ros2_ws/src/install/zed_tutorial_pos_tracking:/home/openark/ros2_ws/src/install/examples_rclpy_minimal_subscriber:/home/openark/ros2_ws/src/install/examples_rclpy_minimal_service:/home/openark/ros2_ws/src/install/examples_rclpy_minimal_publisher:/home/openark/ros2_ws/src/install/examples_rclpy_minimal_client:/home/openark/ros2_ws/src/install/examples_rclpy_minimal_action_server:/home/openark/ros2_ws/src/install/examples_rclpy_minimal_action_client:/home/openark/ros2_ws/src/install/examples_rclpy_executors:/opt/ros/foxy /usr/bin/cmake --build /home/openark/ros2_ws/src/build/roar_septentrio_interface -- -j12 -l12
[5.538s] Invoking command in '/home/openark/ros2_ws/src/build/roar_septentrio_interface': CMAKE_PREFIX_PATH=${CMAKE_PREFIX_PATH}:/home/openark/ros2_ws/install/septentrio_gnss_driver:/home/openark/ros2_ws/install/examples_rclpy_minimal_subscriber:/home/openark/ros2_ws/install/examples_rclpy_minimal_service:/home/openark/ros2_ws/install/examples_rclpy_minimal_publisher:/home/openark/ros2_ws/install/examples_rclpy_minimal_client:/home/openark/ros2_ws/install/examples_rclpy_minimal_action_server:/home/openark/ros2_ws/install/examples_rclpy_minimal_action_client:/home/openark/ros2_ws/install/examples_rclpy_executors:/home/openark/ros2_ws/src/install/zed_tutorial_pos_tracking:/home/openark/ros2_ws/src/install/examples_rclpy_minimal_subscriber:/home/openark/ros2_ws/src/install/examples_rclpy_minimal_service:/home/openark/ros2_ws/src/install/examples_rclpy_minimal_publisher:/home/openark/ros2_ws/src/install/examples_rclpy_minimal_client:/home/openark/ros2_ws/src/install/examples_rclpy_minimal_action_server:/home/openark/ros2_ws/src/install/examples_rclpy_minimal_action_client:/home/openark/ros2_ws/src/install/examples_rclpy_executors:/opt/ros/foxy /usr/bin/cmake --install /home/openark/ros2_ws/src/build/roar_septentrio_interface
[6.066s] -- Install configuration: ""
[6.067s] -- Up-to-date: /home/openark/ros2_ws/src/install/roar_septentrio_interface/lib/roar_septentrio_interface/roar_septentrio_interface_node
[6.067s] -- Up-to-date: /home/openark/ros2_ws/src/install/roar_septentrio_interface/share/roar_septentrio_interface/include
[6.067s] -- Up-to-date: /home/openark/ros2_ws/src/install/roar_septentrio_interface/share/roar_septentrio_interface/include/.gitkeep
[6.067s] -- Up-to-date: /home/openark/ros2_ws/src/install/roar_septentrio_interface/share/roar_septentrio_interface/include/roar_septentrio_interface
[6.068s] -- Up-to-date: /home/openark/ros2_ws/src/install/roar_septentrio_interface/share/roar_septentrio_interface/include/roar_septentrio_interface/roar_septentrio_interface_node.hpp
[6.068s] -- Up-to-date: /home/openark/ros2_ws/src/install/roar_septentrio_interface/share/roar_septentrio_interface/launch
[6.068s] -- Up-to-date: /home/openark/ros2_ws/src/install/roar_septentrio_interface/share/roar_septentrio_interface/launch/interface.launch.py
[6.068s] -- Up-to-date: /home/openark/ros2_ws/src/install/roar_septentrio_interface/share/roar_septentrio_interface/launch/.gitkeep
[6.069s] -- Up-to-date: /home/openark/ros2_ws/src/install/roar_septentrio_interface/share/roar_septentrio_interface/param
[6.069s] -- Up-to-date: /home/openark/ros2_ws/src/install/roar_septentrio_interface/share/roar_septentrio_interface/param/.gitkeep
[6.069s] -- Up-to-date: /home/openark/ros2_ws/src/install/roar_septentrio_interface/share/roar_septentrio_interface/param/config.yaml
[6.069s] -- Up-to-date: /home/openark/ros2_ws/src/install/roar_septentrio_interface/share/ament_index/resource_index/package_run_dependencies/roar_septentrio_interface
[6.069s] -- Up-to-date: /home/openark/ros2_ws/src/install/roar_septentrio_interface/share/ament_index/resource_index/parent_prefix_path/roar_septentrio_interface
[6.070s] -- Up-to-date: /home/openark/ros2_ws/src/install/roar_septentrio_interface/share/roar_septentrio_interface/environment/ament_prefix_path.sh
[6.070s] -- Up-to-date: /home/openark/ros2_ws/src/install/roar_septentrio_interface/share/roar_septentrio_interface/environment/ament_prefix_path.dsv
[6.070s] -- Up-to-date: /home/openark/ros2_ws/src/install/roar_septentrio_interface/share/roar_septentrio_interface/environment/path.sh
[6.070s] -- Up-to-date: /home/openark/ros2_ws/src/install/roar_septentrio_interface/share/roar_septentrio_interface/environment/path.dsv
[6.070s] -- Up-to-date: /home/openark/ros2_ws/src/install/roar_septentrio_interface/share/roar_septentrio_interface/local_setup.bash
[6.071s] -- Up-to-date: /home/openark/ros2_ws/src/install/roar_septentrio_interface/share/roar_septentrio_interface/local_setup.sh
[6.071s] -- Up-to-date: /home/openark/ros2_ws/src/install/roar_septentrio_interface/share/roar_septentrio_interface/local_setup.zsh
[6.071s] -- Up-to-date: /home/openark/ros2_ws/src/install/roar_septentrio_interface/share/roar_septentrio_interface/local_setup.dsv
[6.071s] -- Installing: /home/openark/ros2_ws/src/install/roar_septentrio_interface/share/roar_septentrio_interface/package.dsv
[6.071s] -- Up-to-date: /home/openark/ros2_ws/src/install/roar_septentrio_interface/share/ament_index/resource_index/packages/roar_septentrio_interface
[6.072s] -- Up-to-date: /home/openark/ros2_ws/src/install/roar_septentrio_interface/share/roar_septentrio_interface/cmake/roar_septentrio_interfaceConfig.cmake
[6.072s] -- Up-to-date: /home/openark/ros2_ws/src/install/roar_septentrio_interface/share/roar_septentrio_interface/cmake/roar_septentrio_interfaceConfig-version.cmake
[6.072s] -- Up-to-date: /home/openark/ros2_ws/src/install/roar_septentrio_interface/share/roar_septentrio_interface/package.xml
[6.708s] Invoked command in '/home/openark/ros2_ws/src/build/roar_septentrio_interface' returned '0': CMAKE_PREFIX_PATH=${CMAKE_PREFIX_PATH}:/home/openark/ros2_ws/install/septentrio_gnss_driver:/home/openark/ros2_ws/install/examples_rclpy_minimal_subscriber:/home/openark/ros2_ws/install/examples_rclpy_minimal_service:/home/openark/ros2_ws/install/examples_rclpy_minimal_publisher:/home/openark/ros2_ws/install/examples_rclpy_minimal_client:/home/openark/ros2_ws/install/examples_rclpy_minimal_action_server:/home/openark/ros2_ws/install/examples_rclpy_minimal_action_client:/home/openark/ros2_ws/install/examples_rclpy_executors:/home/openark/ros2_ws/src/install/zed_tutorial_pos_tracking:/home/openark/ros2_ws/src/install/examples_rclpy_minimal_subscriber:/home/openark/ros2_ws/src/install/examples_rclpy_minimal_service:/home/openark/ros2_ws/src/install/examples_rclpy_minimal_publisher:/home/openark/ros2_ws/src/install/examples_rclpy_minimal_client:/home/openark/ros2_ws/src/install/examples_rclpy_minimal_action_server:/home/openark/ros2_ws/src/install/examples_rclpy_minimal_action_client:/home/openark/ros2_ws/src/install/examples_rclpy_executors:/opt/ros/foxy /usr/bin/cmake --install /home/openark/ros2_ws/src/build/roar_septentrio_interface
