[4.323s] Invoking command in '/home/openark/ros2_ws/build/roar_SensorFusion_PathVisual': CMAKE_PREFIX_PATH=${CMAKE_PREFIX_PATH}:/home/openark/ros2_ws/install/examples_rclpy_minimal_subscriber:/home/openark/ros2_ws/install/examples_rclpy_minimal_service:/home/openark/ros2_ws/install/examples_rclpy_minimal_publisher:/home/openark/ros2_ws/install/examples_rclpy_minimal_client:/home/openark/ros2_ws/install/examples_rclpy_minimal_action_server:/home/openark/ros2_ws/install/examples_rclpy_minimal_action_client:/home/openark/ros2_ws/install/examples_rclpy_executors:/home/openark/ros2_ws/src/install/examples_rclpy_minimal_subscriber:/home/openark/ros2_ws/src/install/examples_rclpy_minimal_service:/home/openark/ros2_ws/src/install/examples_rclpy_minimal_publisher:/home/openark/ros2_ws/src/install/examples_rclpy_minimal_client:/home/openark/ros2_ws/src/install/examples_rclpy_minimal_action_server:/home/openark/ros2_ws/src/install/examples_rclpy_minimal_action_client:/home/openark/ros2_ws/src/install/examples_rclpy_executors:/opt/ros/foxy /usr/bin/cmake /home/openark/ros2_ws/src/roar_SensorFusion_PathVisual -DCMAKE_INSTALL_PREFIX=/home/openark/ros2_ws/install/roar_SensorFusion_PathVisual
[4.591s] -- The C compiler identification is GNU 9.4.0
[4.591s] -- The CXX compiler identification is GNU 9.4.0
[4.591s] -- Check for working C compiler: /usr/bin/cc
[4.644s] -- Check for working C compiler: /usr/bin/cc -- works
[4.645s] -- Detecting C compiler ABI info
[4.716s] -- Detecting C compiler ABI info - done
[4.729s] -- Detecting C compile features
[4.730s] -- Detecting C compile features - done
[4.734s] -- Check for working CXX compiler: /usr/bin/c++
[4.812s] -- Check for working CXX compiler: /usr/bin/c++ -- works
[4.812s] -- Detecting CXX compiler ABI info
[4.897s] -- Detecting CXX compiler ABI info - done
[4.911s] -- Detecting CXX compile features
[4.914s] -- Detecting CXX compile features - done
[4.920s] -- Found ament_cmake: 0.9.12 (/opt/ros/foxy/share/ament_cmake/cmake)
[4.975s] -- Found PythonInterp: /usr/bin/python3 (found suitable version "3.8.10", minimum required is "3") 
[4.976s] -- Using PYTHON_EXECUTABLE: /usr/bin/python3
[5.544s] -- Found rclcpp: 2.4.3 (/opt/ros/foxy/share/rclcpp/cmake)
[5.913s] -- Using all available rosidl_typesupport_c: rosidl_typesupport_fastrtps_c;rosidl_typesupport_introspection_c
[5.967s] -- Found rosidl_adapter: 1.3.1 (/opt/ros/foxy/share/rosidl_adapter/cmake)
[6.395s] -- Found OpenSSL: /usr/lib/x86_64-linux-gnu/libcrypto.so (found version "1.1.1f")  
[6.469s] -- Found FastRTPS: /opt/ros/foxy/include  
[6.915s] -- Using all available rosidl_typesupport_cpp: rosidl_typesupport_fastrtps_cpp;rosidl_typesupport_introspection_cpp
[7.210s] -- Found rmw_implementation_cmake: 1.0.4 (/opt/ros/foxy/share/rmw_implementation_cmake/cmake)
[7.224s] -- Using RMW implementation 'rmw_fastrtps_cpp' as default
[7.230s] -- Looking for pthread.h
[7.385s] -- Looking for pthread.h - found
[7.386s] -- Performing Test CMAKE_HAVE_LIBC_PTHREAD
[7.494s] -- Performing Test CMAKE_HAVE_LIBC_PTHREAD - Failed
[7.498s] -- Looking for pthread_create in pthreads
[7.603s] -- Looking for pthread_create in pthreads - not found
[7.604s] -- Looking for pthread_create in pthread
[7.694s] -- Looking for pthread_create in pthread - found
[7.695s] -- Found Threads: TRUE  
[7.977s] -- Found nav_msgs: 2.0.5 (/opt/ros/foxy/share/nav_msgs/cmake)
[8.174s] -- Found tf2_geometry_msgs: 0.13.14 (/opt/ros/foxy/share/tf2_geometry_msgs/cmake)
[8.200s] -- Found eigen3_cmake_module: 0.1.1 (/opt/ros/foxy/share/eigen3_cmake_module/cmake)
[8.211s] -- Found Eigen3: TRUE (found version "3.3.7") 
[8.990s] -- Found ament_lint_auto: 0.9.8 (/opt/ros/foxy/share/ament_lint_auto/cmake)
[9.080s] WARNING: Package name "roar_SensorFusion_PathVisual" does not follow the naming conventions. It should start with a lower case letter and only contain lower case letters, digits, underscores, and dashes.
[9.180s] -- Added test 'copyright' to check source files copyright and LICENSE
[9.183s] -- Added test 'cppcheck' to perform static code analysis on C / C++ code
[9.183s] -- Configured cppcheck include dirs: 
[9.183s] -- Configured cppcheck exclude dirs and/or files: 
[9.186s] -- Added test 'cpplint' to check C / C++ code against the Google style
[9.186s] -- Configured cpplint exclude dirs and/or files: 
[9.188s] -- Added test 'lint_cmake' to check CMake code style
[9.192s] -- Added test 'uncrustify' to check C / C++ code style
[9.192s] -- Configured uncrustify additional arguments: 
[9.193s] -- Added test 'xmllint' to check XML markup files
[9.200s] -- Configuring done
[9.203s] -- Generating done
[9.205s] -- Build files have been written to: /home/openark/ros2_ws/build/roar_SensorFusion_PathVisual
[9.553s] Invoked command in '/home/openark/ros2_ws/build/roar_SensorFusion_PathVisual' returned '0': CMAKE_PREFIX_PATH=${CMAKE_PREFIX_PATH}:/home/openark/ros2_ws/install/examples_rclpy_minimal_subscriber:/home/openark/ros2_ws/install/examples_rclpy_minimal_service:/home/openark/ros2_ws/install/examples_rclpy_minimal_publisher:/home/openark/ros2_ws/install/examples_rclpy_minimal_client:/home/openark/ros2_ws/install/examples_rclpy_minimal_action_server:/home/openark/ros2_ws/install/examples_rclpy_minimal_action_client:/home/openark/ros2_ws/install/examples_rclpy_executors:/home/openark/ros2_ws/src/install/examples_rclpy_minimal_subscriber:/home/openark/ros2_ws/src/install/examples_rclpy_minimal_service:/home/openark/ros2_ws/src/install/examples_rclpy_minimal_publisher:/home/openark/ros2_ws/src/install/examples_rclpy_minimal_client:/home/openark/ros2_ws/src/install/examples_rclpy_minimal_action_server:/home/openark/ros2_ws/src/install/examples_rclpy_minimal_action_client:/home/openark/ros2_ws/src/install/examples_rclpy_executors:/opt/ros/foxy /usr/bin/cmake /home/openark/ros2_ws/src/roar_SensorFusion_PathVisual -DCMAKE_INSTALL_PREFIX=/home/openark/ros2_ws/install/roar_SensorFusion_PathVisual
[9.555s] Invoking command in '/home/openark/ros2_ws/build/roar_SensorFusion_PathVisual': CMAKE_PREFIX_PATH=${CMAKE_PREFIX_PATH}:/home/openark/ros2_ws/install/examples_rclpy_minimal_subscriber:/home/openark/ros2_ws/install/examples_rclpy_minimal_service:/home/openark/ros2_ws/install/examples_rclpy_minimal_publisher:/home/openark/ros2_ws/install/examples_rclpy_minimal_client:/home/openark/ros2_ws/install/examples_rclpy_minimal_action_server:/home/openark/ros2_ws/install/examples_rclpy_minimal_action_client:/home/openark/ros2_ws/install/examples_rclpy_executors:/home/openark/ros2_ws/src/install/examples_rclpy_minimal_subscriber:/home/openark/ros2_ws/src/install/examples_rclpy_minimal_service:/home/openark/ros2_ws/src/install/examples_rclpy_minimal_publisher:/home/openark/ros2_ws/src/install/examples_rclpy_minimal_client:/home/openark/ros2_ws/src/install/examples_rclpy_minimal_action_server:/home/openark/ros2_ws/src/install/examples_rclpy_minimal_action_client:/home/openark/ros2_ws/src/install/examples_rclpy_executors:/opt/ros/foxy /usr/bin/cmake --build /home/openark/ros2_ws/build/roar_SensorFusion_PathVisual -- -j12 -l12
[9.605s] Invoked command in '/home/openark/ros2_ws/build/roar_SensorFusion_PathVisual' returned '0': CMAKE_PREFIX_PATH=${CMAKE_PREFIX_PATH}:/home/openark/ros2_ws/install/examples_rclpy_minimal_subscriber:/home/openark/ros2_ws/install/examples_rclpy_minimal_service:/home/openark/ros2_ws/install/examples_rclpy_minimal_publisher:/home/openark/ros2_ws/install/examples_rclpy_minimal_client:/home/openark/ros2_ws/install/examples_rclpy_minimal_action_server:/home/openark/ros2_ws/install/examples_rclpy_minimal_action_client:/home/openark/ros2_ws/install/examples_rclpy_executors:/home/openark/ros2_ws/src/install/examples_rclpy_minimal_subscriber:/home/openark/ros2_ws/src/install/examples_rclpy_minimal_service:/home/openark/ros2_ws/src/install/examples_rclpy_minimal_publisher:/home/openark/ros2_ws/src/install/examples_rclpy_minimal_client:/home/openark/ros2_ws/src/install/examples_rclpy_minimal_action_server:/home/openark/ros2_ws/src/install/examples_rclpy_minimal_action_client:/home/openark/ros2_ws/src/install/examples_rclpy_executors:/opt/ros/foxy /usr/bin/cmake --build /home/openark/ros2_ws/build/roar_SensorFusion_PathVisual -- -j12 -l12
[9.633s] Invoking command in '/home/openark/ros2_ws/build/roar_SensorFusion_PathVisual': CMAKE_PREFIX_PATH=${CMAKE_PREFIX_PATH}:/home/openark/ros2_ws/install/examples_rclpy_minimal_subscriber:/home/openark/ros2_ws/install/examples_rclpy_minimal_service:/home/openark/ros2_ws/install/examples_rclpy_minimal_publisher:/home/openark/ros2_ws/install/examples_rclpy_minimal_client:/home/openark/ros2_ws/install/examples_rclpy_minimal_action_server:/home/openark/ros2_ws/install/examples_rclpy_minimal_action_client:/home/openark/ros2_ws/install/examples_rclpy_executors:/home/openark/ros2_ws/src/install/examples_rclpy_minimal_subscriber:/home/openark/ros2_ws/src/install/examples_rclpy_minimal_service:/home/openark/ros2_ws/src/install/examples_rclpy_minimal_publisher:/home/openark/ros2_ws/src/install/examples_rclpy_minimal_client:/home/openark/ros2_ws/src/install/examples_rclpy_minimal_action_server:/home/openark/ros2_ws/src/install/examples_rclpy_minimal_action_client:/home/openark/ros2_ws/src/install/examples_rclpy_executors:/opt/ros/foxy /usr/bin/cmake --install /home/openark/ros2_ws/build/roar_SensorFusion_PathVisual
[9.642s] -- Install configuration: ""
[9.642s] -- Installing: /home/openark/ros2_ws/install/roar_SensorFusion_PathVisual/share/ament_index/resource_index/package_run_dependencies/roar_SensorFusion_PathVisual
[9.642s] -- Installing: /home/openark/ros2_ws/install/roar_SensorFusion_PathVisual/share/ament_index/resource_index/parent_prefix_path/roar_SensorFusion_PathVisual
[9.643s] -- Installing: /home/openark/ros2_ws/install/roar_SensorFusion_PathVisual/share/roar_SensorFusion_PathVisual/environment/ament_prefix_path.sh
[9.643s] -- Installing: /home/openark/ros2_ws/install/roar_SensorFusion_PathVisual/share/roar_SensorFusion_PathVisual/environment/ament_prefix_path.dsv
[9.643s] -- Installing: /home/openark/ros2_ws/install/roar_SensorFusion_PathVisual/share/roar_SensorFusion_PathVisual/environment/path.sh
[9.643s] -- Installing: /home/openark/ros2_ws/install/roar_SensorFusion_PathVisual/share/roar_SensorFusion_PathVisual/environment/path.dsv
[9.643s] -- Installing: /home/openark/ros2_ws/install/roar_SensorFusion_PathVisual/share/roar_SensorFusion_PathVisual/local_setup.bash
[9.644s] -- Installing: /home/openark/ros2_ws/install/roar_SensorFusion_PathVisual/share/roar_SensorFusion_PathVisual/local_setup.sh
[9.644s] -- Installing: /home/openark/ros2_ws/install/roar_SensorFusion_PathVisual/share/roar_SensorFusion_PathVisual/local_setup.zsh
[9.644s] -- Installing: /home/openark/ros2_ws/install/roar_SensorFusion_PathVisual/share/roar_SensorFusion_PathVisual/local_setup.dsv
[9.644s] -- Installing: /home/openark/ros2_ws/install/roar_SensorFusion_PathVisual/share/roar_SensorFusion_PathVisual/package.dsv
[9.644s] -- Installing: /home/openark/ros2_ws/install/roar_SensorFusion_PathVisual/share/ament_index/resource_index/packages/roar_SensorFusion_PathVisual
[9.645s] -- Installing: /home/openark/ros2_ws/install/roar_SensorFusion_PathVisual/share/roar_SensorFusion_PathVisual/cmake/roar_SensorFusion_PathVisualConfig.cmake
[9.645s] -- Installing: /home/openark/ros2_ws/install/roar_SensorFusion_PathVisual/share/roar_SensorFusion_PathVisual/cmake/roar_SensorFusion_PathVisualConfig-version.cmake
[9.645s] -- Installing: /home/openark/ros2_ws/install/roar_SensorFusion_PathVisual/share/roar_SensorFusion_PathVisual/package.xml
[9.648s] Invoked command in '/home/openark/ros2_ws/build/roar_SensorFusion_PathVisual' returned '0': CMAKE_PREFIX_PATH=${CMAKE_PREFIX_PATH}:/home/openark/ros2_ws/install/examples_rclpy_minimal_subscriber:/home/openark/ros2_ws/install/examples_rclpy_minimal_service:/home/openark/ros2_ws/install/examples_rclpy_minimal_publisher:/home/openark/ros2_ws/install/examples_rclpy_minimal_client:/home/openark/ros2_ws/install/examples_rclpy_minimal_action_server:/home/openark/ros2_ws/install/examples_rclpy_minimal_action_client:/home/openark/ros2_ws/install/examples_rclpy_executors:/home/openark/ros2_ws/src/install/examples_rclpy_minimal_subscriber:/home/openark/ros2_ws/src/install/examples_rclpy_minimal_service:/home/openark/ros2_ws/src/install/examples_rclpy_minimal_publisher:/home/openark/ros2_ws/src/install/examples_rclpy_minimal_client:/home/openark/ros2_ws/src/install/examples_rclpy_minimal_action_server:/home/openark/ros2_ws/src/install/examples_rclpy_minimal_action_client:/home/openark/ros2_ws/src/install/examples_rclpy_executors:/opt/ros/foxy /usr/bin/cmake --install /home/openark/ros2_ws/build/roar_SensorFusion_PathVisual
