[7.519s] Invoking command in '/home/openark/ros2_ws/src/examples/rclpy/actions/minimal_action_server': PYTHONPATH=/home/openark/ros2_ws/src/build/examples_rclpy_minimal_action_server/prefix_override:/home/openark/ros2_ws/src/install/examples_rclpy_minimal_action_server/lib/python3.8/site-packages:${PYTHONPATH} /usr/bin/python3 setup.py egg_info --egg-base ../../../../build/examples_rclpy_minimal_action_server build --build-base /home/openark/ros2_ws/src/build/examples_rclpy_minimal_action_server/build install --record /home/openark/ros2_ws/src/build/examples_rclpy_minimal_action_server/install.log --install-scripts $base/lib/examples_rclpy_minimal_action_server --single-version-externally-managed
[8.088s] running egg_info
[8.090s] creating ../../../../build/examples_rclpy_minimal_action_server/examples_rclpy_minimal_action_server.egg-info
[8.093s] writing ../../../../build/examples_rclpy_minimal_action_server/examples_rclpy_minimal_action_server.egg-info/PKG-INFO
[8.097s] writing dependency_links to ../../../../build/examples_rclpy_minimal_action_server/examples_rclpy_minimal_action_server.egg-info/dependency_links.txt
[8.098s] writing entry points to ../../../../build/examples_rclpy_minimal_action_server/examples_rclpy_minimal_action_server.egg-info/entry_points.txt
[8.111s] writing requirements to ../../../../build/examples_rclpy_minimal_action_server/examples_rclpy_minimal_action_server.egg-info/requires.txt
[8.120s] writing top-level names to ../../../../build/examples_rclpy_minimal_action_server/examples_rclpy_minimal_action_server.egg-info/top_level.txt
[8.121s] writing manifest file '../../../../build/examples_rclpy_minimal_action_server/examples_rclpy_minimal_action_server.egg-info/SOURCES.txt'
[8.196s] reading manifest file '../../../../build/examples_rclpy_minimal_action_server/examples_rclpy_minimal_action_server.egg-info/SOURCES.txt'
[8.199s] writing manifest file '../../../../build/examples_rclpy_minimal_action_server/examples_rclpy_minimal_action_server.egg-info/SOURCES.txt'
[8.199s] running build
[8.200s] running build_py
[8.200s] creating /home/openark/ros2_ws/src/build/examples_rclpy_minimal_action_server/build
[8.200s] creating /home/openark/ros2_ws/src/build/examples_rclpy_minimal_action_server/build/lib
[8.200s] creating /home/openark/ros2_ws/src/build/examples_rclpy_minimal_action_server/build/lib/examples_rclpy_minimal_action_server
[8.201s] copying examples_rclpy_minimal_action_server/server.py -> /home/openark/ros2_ws/src/build/examples_rclpy_minimal_action_server/build/lib/examples_rclpy_minimal_action_server
[8.201s] copying examples_rclpy_minimal_action_server/__init__.py -> /home/openark/ros2_ws/src/build/examples_rclpy_minimal_action_server/build/lib/examples_rclpy_minimal_action_server
[8.201s] copying examples_rclpy_minimal_action_server/server_defer.py -> /home/openark/ros2_ws/src/build/examples_rclpy_minimal_action_server/build/lib/examples_rclpy_minimal_action_server
[8.202s] copying examples_rclpy_minimal_action_server/server_not_composable.py -> /home/openark/ros2_ws/src/build/examples_rclpy_minimal_action_server/build/lib/examples_rclpy_minimal_action_server
[8.202s] copying examples_rclpy_minimal_action_server/server_single_goal.py -> /home/openark/ros2_ws/src/build/examples_rclpy_minimal_action_server/build/lib/examples_rclpy_minimal_action_server
[8.202s] copying examples_rclpy_minimal_action_server/server_queue_goals.py -> /home/openark/ros2_ws/src/build/examples_rclpy_minimal_action_server/build/lib/examples_rclpy_minimal_action_server
[8.203s] running install
[8.205s] running install_lib
[8.211s] running install_data
[8.211s] running install_egg_info
[8.215s] removing '/home/openark/ros2_ws/src/install/examples_rclpy_minimal_action_server/lib/python3.8/site-packages/examples_rclpy_minimal_action_server-0.9.4-py3.8.egg-info' (and everything under it)
[8.219s] Copying ../../../../build/examples_rclpy_minimal_action_server/examples_rclpy_minimal_action_server.egg-info to /home/openark/ros2_ws/src/install/examples_rclpy_minimal_action_server/lib/python3.8/site-packages/examples_rclpy_minimal_action_server-0.9.4-py3.8.egg-info
[8.220s] running install_scripts
[8.258s] Installing server script to /home/openark/ros2_ws/src/install/examples_rclpy_minimal_action_server/lib/examples_rclpy_minimal_action_server
[8.259s] Installing server_defer script to /home/openark/ros2_ws/src/install/examples_rclpy_minimal_action_server/lib/examples_rclpy_minimal_action_server
[8.259s] Installing server_not_composable script to /home/openark/ros2_ws/src/install/examples_rclpy_minimal_action_server/lib/examples_rclpy_minimal_action_server
[8.259s] Installing server_queue_goals script to /home/openark/ros2_ws/src/install/examples_rclpy_minimal_action_server/lib/examples_rclpy_minimal_action_server
[8.259s] Installing server_single_goal script to /home/openark/ros2_ws/src/install/examples_rclpy_minimal_action_server/lib/examples_rclpy_minimal_action_server
[8.260s] writing list of installed files to '/home/openark/ros2_ws/src/build/examples_rclpy_minimal_action_server/install.log'
[9.096s] Invoked command in '/home/openark/ros2_ws/src/examples/rclpy/actions/minimal_action_server' returned '0': PYTHONPATH=/home/openark/ros2_ws/src/build/examples_rclpy_minimal_action_server/prefix_override:/home/openark/ros2_ws/src/install/examples_rclpy_minimal_action_server/lib/python3.8/site-packages:${PYTHONPATH} /usr/bin/python3 setup.py egg_info --egg-base ../../../../build/examples_rclpy_minimal_action_server build --build-base /home/openark/ros2_ws/src/build/examples_rclpy_minimal_action_server/build install --record /home/openark/ros2_ws/src/build/examples_rclpy_minimal_action_server/install.log --install-scripts $base/lib/examples_rclpy_minimal_action_server --single-version-externally-managed
