[4.184s] Invoking command in '/home/openark/ros2_ws/build/examples_rclpy_minimal_client': PYTHONPATH=/home/openark/ros2_ws/build/examples_rclpy_minimal_client/prefix_override:/home/openark/ros2_ws/install/examples_rclpy_minimal_client/lib/python3.8/site-packages:${PYTHONPATH} /usr/bin/python3 setup.py develop --editable --build-directory /home/openark/ros2_ws/build/examples_rclpy_minimal_client/build --no-deps install_data
[4.586s] running develop
[4.816s] running egg_info
[4.817s] writing examples_rclpy_minimal_client.egg-info/PKG-INFO
[4.817s] writing dependency_links to examples_rclpy_minimal_client.egg-info/dependency_links.txt
[4.817s] writing entry points to examples_rclpy_minimal_client.egg-info/entry_points.txt
[4.817s] writing requirements to examples_rclpy_minimal_client.egg-info/requires.txt
[4.818s] writing top-level names to examples_rclpy_minimal_client.egg-info/top_level.txt
[4.880s] reading manifest file 'examples_rclpy_minimal_client.egg-info/SOURCES.txt'
[4.882s] writing manifest file 'examples_rclpy_minimal_client.egg-info/SOURCES.txt'
[4.948s] running build_ext
[4.950s] Creating /home/openark/ros2_ws/install/examples_rclpy_minimal_client/lib/python3.8/site-packages/examples-rclpy-minimal-client.egg-link (link to .)
[4.950s] Installing client script to /home/openark/ros2_ws/install/examples_rclpy_minimal_client/lib/examples_rclpy_minimal_client
[4.952s] Installing client_async script to /home/openark/ros2_ws/install/examples_rclpy_minimal_client/lib/examples_rclpy_minimal_client
[4.955s] Installing client_async_callback script to /home/openark/ros2_ws/install/examples_rclpy_minimal_client/lib/examples_rclpy_minimal_client
[4.957s] Installing client_async_member_function script to /home/openark/ros2_ws/install/examples_rclpy_minimal_client/lib/examples_rclpy_minimal_client
[4.958s] 
[4.959s] Installed /home/openark/ros2_ws/build/examples_rclpy_minimal_client
[4.960s] running install_data
[5.513s] Invoked command in '/home/openark/ros2_ws/build/examples_rclpy_minimal_client' returned '0': PYTHONPATH=/home/openark/ros2_ws/build/examples_rclpy_minimal_client/prefix_override:/home/openark/ros2_ws/install/examples_rclpy_minimal_client/lib/python3.8/site-packages:${PYTHONPATH} /usr/bin/python3 setup.py develop --editable --build-directory /home/openark/ros2_ws/build/examples_rclpy_minimal_client/build --no-deps install_data
