Performing C SOURCE FILE Test CMAKE_HAVE_LIBC_PTHREAD failed with the following output:
Change Dir: /home/openark/ros2_ws/src/build/rviz_plugin_zed_od/CMakeFiles/CMakeTmp

<<<<<<< HEAD
Run Build Command(s):/usr/bin/make cmTC_3519f/fast && /usr/bin/make -f CMakeFiles/cmTC_3519f.dir/build.make CMakeFiles/cmTC_3519f.dir/build
make[1]: Entering directory '/home/openark/ros2_ws/src/build/rviz_plugin_zed_od/CMakeFiles/CMakeTmp'
Building C object CMakeFiles/cmTC_3519f.dir/src.c.o
/usr/bin/cc   -DCMAKE_HAVE_LIBC_PTHREAD   -o CMakeFiles/cmTC_3519f.dir/src.c.o   -c /home/openark/ros2_ws/src/build/rviz_plugin_zed_od/CMakeFiles/CMakeTmp/src.c
Linking C executable cmTC_3519f
/usr/bin/cmake -E cmake_link_script CMakeFiles/cmTC_3519f.dir/link.txt --verbose=1
/usr/bin/cc  -DCMAKE_HAVE_LIBC_PTHREAD    CMakeFiles/cmTC_3519f.dir/src.c.o  -o cmTC_3519f 
/usr/bin/ld: CMakeFiles/cmTC_3519f.dir/src.c.o: in function `main':
=======
Run Build Command(s):/usr/bin/make cmTC_4ded1/fast && /usr/bin/make -f CMakeFiles/cmTC_4ded1.dir/build.make CMakeFiles/cmTC_4ded1.dir/build
make[1]: Entering directory '/home/openark/ros2_ws/src/build/rviz_plugin_zed_od/CMakeFiles/CMakeTmp'
Building C object CMakeFiles/cmTC_4ded1.dir/src.c.o
/usr/bin/cc   -DCMAKE_HAVE_LIBC_PTHREAD   -o CMakeFiles/cmTC_4ded1.dir/src.c.o   -c /home/openark/ros2_ws/src/build/rviz_plugin_zed_od/CMakeFiles/CMakeTmp/src.c
Linking C executable cmTC_4ded1
/usr/bin/cmake -E cmake_link_script CMakeFiles/cmTC_4ded1.dir/link.txt --verbose=1
/usr/bin/cc  -DCMAKE_HAVE_LIBC_PTHREAD    CMakeFiles/cmTC_4ded1.dir/src.c.o  -o cmTC_4ded1 
/usr/bin/ld: CMakeFiles/cmTC_4ded1.dir/src.c.o: in function `main':
>>>>>>> a78d895c08221f1d9ededfbef80db89bbb4edab8
src.c:(.text+0x46): undefined reference to `pthread_create'
/usr/bin/ld: src.c:(.text+0x52): undefined reference to `pthread_detach'
/usr/bin/ld: src.c:(.text+0x63): undefined reference to `pthread_join'
collect2: error: ld returned 1 exit status
<<<<<<< HEAD
make[1]: *** [CMakeFiles/cmTC_3519f.dir/build.make:87: cmTC_3519f] Error 1
make[1]: Leaving directory '/home/openark/ros2_ws/src/build/rviz_plugin_zed_od/CMakeFiles/CMakeTmp'
make: *** [Makefile:121: cmTC_3519f/fast] Error 2
=======
make[1]: *** [CMakeFiles/cmTC_4ded1.dir/build.make:87: cmTC_4ded1] Error 1
make[1]: Leaving directory '/home/openark/ros2_ws/src/build/rviz_plugin_zed_od/CMakeFiles/CMakeTmp'
make: *** [Makefile:121: cmTC_4ded1/fast] Error 2
>>>>>>> a78d895c08221f1d9ededfbef80db89bbb4edab8


Source file was:
#include <pthread.h>

void* test_func(void* data)
{
  return data;
}

int main(void)
{
  pthread_t thread;
  pthread_create(&thread, NULL, test_func, NULL);
  pthread_detach(thread);
  pthread_join(thread, NULL);
  pthread_atfork(NULL, NULL, NULL);
  pthread_exit(NULL);

  return 0;
}

Determining if the function pthread_create exists in the pthreads failed with the following output:
Change Dir: /home/openark/ros2_ws/src/build/rviz_plugin_zed_od/CMakeFiles/CMakeTmp

<<<<<<< HEAD
Run Build Command(s):/usr/bin/make cmTC_95e6a/fast && /usr/bin/make -f CMakeFiles/cmTC_95e6a.dir/build.make CMakeFiles/cmTC_95e6a.dir/build
make[1]: Entering directory '/home/openark/ros2_ws/src/build/rviz_plugin_zed_od/CMakeFiles/CMakeTmp'
Building C object CMakeFiles/cmTC_95e6a.dir/CheckFunctionExists.c.o
/usr/bin/cc   -DCHECK_FUNCTION_EXISTS=pthread_create   -o CMakeFiles/cmTC_95e6a.dir/CheckFunctionExists.c.o   -c /usr/share/cmake-3.16/Modules/CheckFunctionExists.c
Linking C executable cmTC_95e6a
/usr/bin/cmake -E cmake_link_script CMakeFiles/cmTC_95e6a.dir/link.txt --verbose=1
/usr/bin/cc  -DCHECK_FUNCTION_EXISTS=pthread_create    CMakeFiles/cmTC_95e6a.dir/CheckFunctionExists.c.o  -o cmTC_95e6a  -lpthreads 
/usr/bin/ld: cannot find -lpthreads
collect2: error: ld returned 1 exit status
make[1]: *** [CMakeFiles/cmTC_95e6a.dir/build.make:87: cmTC_95e6a] Error 1
make[1]: Leaving directory '/home/openark/ros2_ws/src/build/rviz_plugin_zed_od/CMakeFiles/CMakeTmp'
make: *** [Makefile:121: cmTC_95e6a/fast] Error 2
=======
Run Build Command(s):/usr/bin/make cmTC_187f5/fast && /usr/bin/make -f CMakeFiles/cmTC_187f5.dir/build.make CMakeFiles/cmTC_187f5.dir/build
make[1]: Entering directory '/home/openark/ros2_ws/src/build/rviz_plugin_zed_od/CMakeFiles/CMakeTmp'
Building C object CMakeFiles/cmTC_187f5.dir/CheckFunctionExists.c.o
/usr/bin/cc   -DCHECK_FUNCTION_EXISTS=pthread_create   -o CMakeFiles/cmTC_187f5.dir/CheckFunctionExists.c.o   -c /usr/share/cmake-3.16/Modules/CheckFunctionExists.c
Linking C executable cmTC_187f5
/usr/bin/cmake -E cmake_link_script CMakeFiles/cmTC_187f5.dir/link.txt --verbose=1
/usr/bin/cc  -DCHECK_FUNCTION_EXISTS=pthread_create    CMakeFiles/cmTC_187f5.dir/CheckFunctionExists.c.o  -o cmTC_187f5  -lpthreads 
/usr/bin/ld: cannot find -lpthreads
collect2: error: ld returned 1 exit status
make[1]: *** [CMakeFiles/cmTC_187f5.dir/build.make:87: cmTC_187f5] Error 1
make[1]: Leaving directory '/home/openark/ros2_ws/src/build/rviz_plugin_zed_od/CMakeFiles/CMakeTmp'
make: *** [Makefile:121: cmTC_187f5/fast] Error 2
>>>>>>> a78d895c08221f1d9ededfbef80db89bbb4edab8



