[10.124s] Invoking command in '/home/openark/ros2_ws/src/examples/rclpy/services/minimal_client': PYTHONPATH=/home/openark/ros2_ws/src/build/examples_rclpy_minimal_client/prefix_override:/home/openark/ros2_ws/src/install/examples_rclpy_minimal_client/lib/python3.8/site-packages:${PYTHONPATH} /usr/bin/python3 setup.py egg_info --egg-base ../../../../build/examples_rclpy_minimal_client build --build-base /home/openark/ros2_ws/src/build/examples_rclpy_minimal_client/build install --record /home/openark/ros2_ws/src/build/examples_rclpy_minimal_client/install.log --install-scripts $base/lib/examples_rclpy_minimal_client --single-version-externally-managed
[10.808s] running egg_info
[10.808s] writing ../../../../build/examples_rclpy_minimal_client/examples_rclpy_minimal_client.egg-info/PKG-INFO
[10.808s] writing dependency_links to ../../../../build/examples_rclpy_minimal_client/examples_rclpy_minimal_client.egg-info/dependency_links.txt
[10.808s] writing entry points to ../../../../build/examples_rclpy_minimal_client/examples_rclpy_minimal_client.egg-info/entry_points.txt
[10.809s] writing requirements to ../../../../build/examples_rclpy_minimal_client/examples_rclpy_minimal_client.egg-info/requires.txt
[10.809s] writing top-level names to ../../../../build/examples_rclpy_minimal_client/examples_rclpy_minimal_client.egg-info/top_level.txt
[10.900s] reading manifest file '../../../../build/examples_rclpy_minimal_client/examples_rclpy_minimal_client.egg-info/SOURCES.txt'
[10.903s] writing manifest file '../../../../build/examples_rclpy_minimal_client/examples_rclpy_minimal_client.egg-info/SOURCES.txt'
[10.903s] running build
[10.903s] running build_py
[10.904s] running install
[10.907s] running install_lib
[10.911s] running install_data
[10.911s] running install_egg_info
[10.920s] removing '/home/openark/ros2_ws/src/install/examples_rclpy_minimal_client/lib/python3.8/site-packages/examples_rclpy_minimal_client-0.9.4-py3.8.egg-info' (and everything under it)
[10.938s] Copying ../../../../build/examples_rclpy_minimal_client/examples_rclpy_minimal_client.egg-info to /home/openark/ros2_ws/src/install/examples_rclpy_minimal_client/lib/python3.8/site-packages/examples_rclpy_minimal_client-0.9.4-py3.8.egg-info
[10.940s] running install_scripts
[10.984s] Installing client script to /home/openark/ros2_ws/src/install/examples_rclpy_minimal_client/lib/examples_rclpy_minimal_client
[10.985s] Installing client_async script to /home/openark/ros2_ws/src/install/examples_rclpy_minimal_client/lib/examples_rclpy_minimal_client
[10.986s] Installing client_async_callback script to /home/openark/ros2_ws/src/install/examples_rclpy_minimal_client/lib/examples_rclpy_minimal_client
[10.986s] Installing client_async_member_function script to /home/openark/ros2_ws/src/install/examples_rclpy_minimal_client/lib/examples_rclpy_minimal_client
[10.986s] writing list of installed files to '/home/openark/ros2_ws/src/build/examples_rclpy_minimal_client/install.log'
[12.579s] Invoked command in '/home/openark/ros2_ws/src/examples/rclpy/services/minimal_client' returned '0': PYTHONPATH=/home/openark/ros2_ws/src/build/examples_rclpy_minimal_client/prefix_override:/home/openark/ros2_ws/src/install/examples_rclpy_minimal_client/lib/python3.8/site-packages:${PYTHONPATH} /usr/bin/python3 setup.py egg_info --egg-base ../../../../build/examples_rclpy_minimal_client build --build-base /home/openark/ros2_ws/src/build/examples_rclpy_minimal_client/build install --record /home/openark/ros2_ws/src/build/examples_rclpy_minimal_client/install.log --install-scripts $base/lib/examples_rclpy_minimal_client --single-version-externally-managed
