[7.677s] Invoking command in '/home/openark/ros2_ws/build/examples_rclpy_minimal_client': PYTHONPATH=/home/openark/ros2_ws/build/examples_rclpy_minimal_client/prefix_override:/home/openark/ros2_ws/install/examples_rclpy_minimal_client/lib/python3.8/site-packages:${PYTHONPATH} /usr/bin/python3 setup.py develop --editable --build-directory /home/openark/ros2_ws/build/examples_rclpy_minimal_client/build --no-deps install_data
[8.103s] running develop
[8.280s] running egg_info
[8.282s] writing examples_rclpy_minimal_client.egg-info/PKG-INFO
[8.282s] writing dependency_links to examples_rclpy_minimal_client.egg-info/dependency_links.txt
[8.282s] writing entry points to examples_rclpy_minimal_client.egg-info/entry_points.txt
[8.283s] writing requirements to examples_rclpy_minimal_client.egg-info/requires.txt
[8.284s] writing top-level names to examples_rclpy_minimal_client.egg-info/top_level.txt
[8.322s] reading manifest file 'examples_rclpy_minimal_client.egg-info/SOURCES.txt'
[8.323s] writing manifest file 'examples_rclpy_minimal_client.egg-info/SOURCES.txt'
[8.381s] running build_ext
[8.381s] Creating /home/openark/ros2_ws/install/examples_rclpy_minimal_client/lib/python3.8/site-packages/examples-rclpy-minimal-client.egg-link (link to .)
[8.382s] Installing client script to /home/openark/ros2_ws/install/examples_rclpy_minimal_client/lib/examples_rclpy_minimal_client
[8.382s] Installing client_async script to /home/openark/ros2_ws/install/examples_rclpy_minimal_client/lib/examples_rclpy_minimal_client
[8.383s] Installing client_async_callback script to /home/openark/ros2_ws/install/examples_rclpy_minimal_client/lib/examples_rclpy_minimal_client
[8.383s] Installing client_async_member_function script to /home/openark/ros2_ws/install/examples_rclpy_minimal_client/lib/examples_rclpy_minimal_client
[8.383s] 
[8.383s] Installed /home/openark/ros2_ws/build/examples_rclpy_minimal_client
[8.384s] running install_data
[9.443s] Invoked command in '/home/openark/ros2_ws/build/examples_rclpy_minimal_client' returned '0': PYTHONPATH=/home/openark/ros2_ws/build/examples_rclpy_minimal_client/prefix_override:/home/openark/ros2_ws/install/examples_rclpy_minimal_client/lib/python3.8/site-packages:${PYTHONPATH} /usr/bin/python3 setup.py develop --editable --build-directory /home/openark/ros2_ws/build/examples_rclpy_minimal_client/build --no-deps install_data
