[1.423s] Invoking command in '/home/openark/ros2_ws/build/examples_rclcpp_minimal_composition': CMAKE_PREFIX_PATH=${CMAKE_PREFIX_PATH}:/home/openark/ros2_ws/install/examples_rclpy_minimal_subscriber:/home/openark/ros2_ws/install/examples_rclpy_minimal_service:/home/openark/ros2_ws/install/examples_rclpy_minimal_publisher:/home/openark/ros2_ws/install/examples_rclpy_minimal_client:/home/openark/ros2_ws/install/examples_rclpy_minimal_action_server:/home/openark/ros2_ws/install/examples_rclpy_minimal_action_client:/home/openark/ros2_ws/install/examples_rclpy_executors:/home/openark/ros2_ws/src/install/examples_rclpy_minimal_subscriber:/home/openark/ros2_ws/src/install/examples_rclpy_minimal_service:/home/openark/ros2_ws/src/install/examples_rclpy_minimal_publisher:/home/openark/ros2_ws/src/install/examples_rclpy_minimal_client:/home/openark/ros2_ws/src/install/examples_rclpy_minimal_action_server:/home/openark/ros2_ws/src/install/examples_rclpy_minimal_action_client:/home/openark/ros2_ws/src/install/examples_rclpy_executors:/opt/ros/foxy /usr/bin/cmake --build /home/openark/ros2_ws/build/examples_rclcpp_minimal_composition -- -j12 -l12
[2.166s] [ 33%] Built target composition_nodes
[2.166s] [ 55%] Built target composition_composed
[2.167s] [ 77%] Built target composition_subscriber
[2.167s] [100%] Built target composition_publisher
[2.177s] Invoked command in '/home/openark/ros2_ws/build/examples_rclcpp_minimal_composition' returned '0': CMAKE_PREFIX_PATH=${CMAKE_PREFIX_PATH}:/home/openark/ros2_ws/install/examples_rclpy_minimal_subscriber:/home/openark/ros2_ws/install/examples_rclpy_minimal_service:/home/openark/ros2_ws/install/examples_rclpy_minimal_publisher:/home/openark/ros2_ws/install/examples_rclpy_minimal_client:/home/openark/ros2_ws/install/examples_rclpy_minimal_action_server:/home/openark/ros2_ws/install/examples_rclpy_minimal_action_client:/home/openark/ros2_ws/install/examples_rclpy_executors:/home/openark/ros2_ws/src/install/examples_rclpy_minimal_subscriber:/home/openark/ros2_ws/src/install/examples_rclpy_minimal_service:/home/openark/ros2_ws/src/install/examples_rclpy_minimal_publisher:/home/openark/ros2_ws/src/install/examples_rclpy_minimal_client:/home/openark/ros2_ws/src/install/examples_rclpy_minimal_action_server:/home/openark/ros2_ws/src/install/examples_rclpy_minimal_action_client:/home/openark/ros2_ws/src/install/examples_rclpy_executors:/opt/ros/foxy /usr/bin/cmake --build /home/openark/ros2_ws/build/examples_rclcpp_minimal_composition -- -j12 -l12
[2.283s] Invoking command in '/home/openark/ros2_ws/build/examples_rclcpp_minimal_composition': CMAKE_PREFIX_PATH=${CMAKE_PREFIX_PATH}:/home/openark/ros2_ws/install/examples_rclpy_minimal_subscriber:/home/openark/ros2_ws/install/examples_rclpy_minimal_service:/home/openark/ros2_ws/install/examples_rclpy_minimal_publisher:/home/openark/ros2_ws/install/examples_rclpy_minimal_client:/home/openark/ros2_ws/install/examples_rclpy_minimal_action_server:/home/openark/ros2_ws/install/examples_rclpy_minimal_action_client:/home/openark/ros2_ws/install/examples_rclpy_executors:/home/openark/ros2_ws/src/install/examples_rclpy_minimal_subscriber:/home/openark/ros2_ws/src/install/examples_rclpy_minimal_service:/home/openark/ros2_ws/src/install/examples_rclpy_minimal_publisher:/home/openark/ros2_ws/src/install/examples_rclpy_minimal_client:/home/openark/ros2_ws/src/install/examples_rclpy_minimal_action_server:/home/openark/ros2_ws/src/install/examples_rclpy_minimal_action_client:/home/openark/ros2_ws/src/install/examples_rclpy_executors:/opt/ros/foxy /usr/bin/cmake --install /home/openark/ros2_ws/build/examples_rclcpp_minimal_composition
[2.336s] -- Install configuration: ""
[2.336s] -- Up-to-date: /home/openark/ros2_ws/install/examples_rclcpp_minimal_composition/share/examples_rclcpp_minimal_composition/environment/library_path.sh
[2.337s] -- Up-to-date: /home/openark/ros2_ws/install/examples_rclcpp_minimal_composition/share/examples_rclcpp_minimal_composition/environment/library_path.dsv
[2.338s] -- Up-to-date: /home/openark/ros2_ws/install/examples_rclcpp_minimal_composition/lib/libcomposition_nodes.so
[2.338s] -- Up-to-date: /home/openark/ros2_ws/install/examples_rclcpp_minimal_composition/lib/examples_rclcpp_minimal_composition/composition_publisher
[2.339s] -- Up-to-date: /home/openark/ros2_ws/install/examples_rclcpp_minimal_composition/lib/examples_rclcpp_minimal_composition/composition_subscriber
[2.340s] -- Up-to-date: /home/openark/ros2_ws/install/examples_rclcpp_minimal_composition/lib/examples_rclcpp_minimal_composition/composition_composed
[2.354s] -- Up-to-date: /home/openark/ros2_ws/install/examples_rclcpp_minimal_composition/share/ament_index/resource_index/package_run_dependencies/examples_rclcpp_minimal_composition
[2.355s] -- Up-to-date: /home/openark/ros2_ws/install/examples_rclcpp_minimal_composition/share/ament_index/resource_index/parent_prefix_path/examples_rclcpp_minimal_composition
[2.355s] -- Up-to-date: /home/openark/ros2_ws/install/examples_rclcpp_minimal_composition/share/examples_rclcpp_minimal_composition/environment/ament_prefix_path.sh
[2.356s] -- Up-to-date: /home/openark/ros2_ws/install/examples_rclcpp_minimal_composition/share/examples_rclcpp_minimal_composition/environment/ament_prefix_path.dsv
[2.356s] -- Up-to-date: /home/openark/ros2_ws/install/examples_rclcpp_minimal_composition/share/examples_rclcpp_minimal_composition/environment/path.sh
[2.357s] -- Up-to-date: /home/openark/ros2_ws/install/examples_rclcpp_minimal_composition/share/examples_rclcpp_minimal_composition/environment/path.dsv
[2.358s] -- Up-to-date: /home/openark/ros2_ws/install/examples_rclcpp_minimal_composition/share/examples_rclcpp_minimal_composition/local_setup.bash
[2.358s] -- Up-to-date: /home/openark/ros2_ws/install/examples_rclcpp_minimal_composition/share/examples_rclcpp_minimal_composition/local_setup.sh
[2.359s] -- Up-to-date: /home/openark/ros2_ws/install/examples_rclcpp_minimal_composition/share/examples_rclcpp_minimal_composition/local_setup.zsh
[2.360s] -- Up-to-date: /home/openark/ros2_ws/install/examples_rclcpp_minimal_composition/share/examples_rclcpp_minimal_composition/local_setup.dsv
[2.361s] -- Installing: /home/openark/ros2_ws/install/examples_rclcpp_minimal_composition/share/examples_rclcpp_minimal_composition/package.dsv
[2.362s] -- Up-to-date: /home/openark/ros2_ws/install/examples_rclcpp_minimal_composition/share/ament_index/resource_index/packages/examples_rclcpp_minimal_composition
[2.363s] -- Up-to-date: /home/openark/ros2_ws/install/examples_rclcpp_minimal_composition/share/examples_rclcpp_minimal_composition/cmake/examples_rclcpp_minimal_compositionConfig.cmake
[2.364s] -- Up-to-date: /home/openark/ros2_ws/install/examples_rclcpp_minimal_composition/share/examples_rclcpp_minimal_composition/cmake/examples_rclcpp_minimal_compositionConfig-version.cmake
[2.364s] -- Up-to-date: /home/openark/ros2_ws/install/examples_rclcpp_minimal_composition/share/examples_rclcpp_minimal_composition/package.xml
[2.928s] Invoked command in '/home/openark/ros2_ws/build/examples_rclcpp_minimal_composition' returned '0': CMAKE_PREFIX_PATH=${CMAKE_PREFIX_PATH}:/home/openark/ros2_ws/install/examples_rclpy_minimal_subscriber:/home/openark/ros2_ws/install/examples_rclpy_minimal_service:/home/openark/ros2_ws/install/examples_rclpy_minimal_publisher:/home/openark/ros2_ws/install/examples_rclpy_minimal_client:/home/openark/ros2_ws/install/examples_rclpy_minimal_action_server:/home/openark/ros2_ws/install/examples_rclpy_minimal_action_client:/home/openark/ros2_ws/install/examples_rclpy_executors:/home/openark/ros2_ws/src/install/examples_rclpy_minimal_subscriber:/home/openark/ros2_ws/src/install/examples_rclpy_minimal_service:/home/openark/ros2_ws/src/install/examples_rclpy_minimal_publisher:/home/openark/ros2_ws/src/install/examples_rclpy_minimal_client:/home/openark/ros2_ws/src/install/examples_rclpy_minimal_action_server:/home/openark/ros2_ws/src/install/examples_rclpy_minimal_action_client:/home/openark/ros2_ws/src/install/examples_rclpy_executors:/opt/ros/foxy /usr/bin/cmake --install /home/openark/ros2_ws/build/examples_rclcpp_minimal_composition
