[3.675s] Invoking command in '/home/openark/ros2_ws/src/build/zed_interfaces': CMAKE_PREFIX_PATH=/home/openark/ros2_ws/install/zed_ros2:/home/openark/ros2_ws/install/zed_multi_camera:/home/openark/ros2_ws/install/zed_display_rviz2:/home/openark/ros2_ws/install/zed_wrapper:/home/openark/ros2_ws/install/zed_tutorial_video:/home/openark/ros2_ws/install/zed_tutorial_pos_tracking:/home/openark/ros2_ws/install/zed_tutorial_depth:/home/openark/ros2_ws/install/zed_topic_benchmark_interfaces:/home/openark/ros2_ws/install/zed_rgb_convert:/home/openark/ros2_ws/install/zed_components:/home/openark/ros2_ws/install/rviz_plugin_zed_od:/home/openark/ros2_ws/install/zed_interfaces:/home/openark/ros2_ws/install/examples_rclpy_minimal_subscriber:/home/openark/ros2_ws/install/examples_rclpy_minimal_service:/home/openark/ros2_ws/install/examples_rclpy_minimal_publisher:/home/openark/ros2_ws/install/examples_rclpy_minimal_client:/home/openark/ros2_ws/install/examples_rclpy_minimal_action_server:/home/openark/ros2_ws/install/examples_rclpy_minimal_action_client:/home/openark/ros2_ws/install/examples_rclpy_executors:/opt/ros/foxy:/home/openark/ros2_ws/install/septentrio_gnss_driver:/home/openark/ros2_ws/install/roar_septentrio_interface:/home/openark/ros2_ws/install/examples_rclcpp_multithreaded_executor:/home/openark/ros2_ws/install/examples_rclcpp_minimal_timer:/home/openark/ros2_ws/install/examples_rclcpp_minimal_subscriber:/home/openark/ros2_ws/install/examples_rclcpp_minimal_service:/home/openark/ros2_ws/install/examples_rclcpp_minimal_publisher:/home/openark/ros2_ws/install/examples_rclcpp_minimal_composition:/home/openark/ros2_ws/install/examples_rclcpp_minimal_client:/home/openark/ros2_ws/install/examples_rclcpp_minimal_action_server:/home/openark/ros2_ws/install/examples_rclcpp_minimal_action_client /usr/bin/cmake --build /home/openark/ros2_ws/src/build/zed_interfaces -- -j12 -l12
[5.052s] [  0%] Built target zed_interfaces__cpp
[5.053s] [ 12%] Built target zed_interfaces__rosidl_generator_c
[5.054s] [ 24%] Built target zed_interfaces__rosidl_typesupport_cpp
[5.055s] [ 36%] Built target zed_interfaces__rosidl_typesupport_c
[5.055s] [ 48%] Built target zed_interfaces__rosidl_typesupport_introspection_cpp
[5.056s] [ 60%] Built target zed_interfaces__rosidl_typesupport_introspection_c
[5.057s] [ 72%] Built target zed_interfaces__rosidl_typesupport_fastrtps_cpp
[5.058s] [ 84%] Built target zed_interfaces__rosidl_typesupport_fastrtps_c
[5.058s] [ 84%] Built target zed_interfaces
[5.059s] [ 85%] Built target zed_interfaces__py
[5.059s] [ 96%] Built target zed_interfaces__python
[5.059s] [ 97%] Built target zed_interfaces__rosidl_typesupport_fastrtps_c__pyext
[5.060s] [ 99%] Built target zed_interfaces__rosidl_typesupport_introspection_c__pyext
[5.061s] [100%] Built target zed_interfaces__rosidl_typesupport_c__pyext
[5.169s] Invoked command in '/home/openark/ros2_ws/src/build/zed_interfaces' returned '0': CMAKE_PREFIX_PATH=/home/openark/ros2_ws/install/zed_ros2:/home/openark/ros2_ws/install/zed_multi_camera:/home/openark/ros2_ws/install/zed_display_rviz2:/home/openark/ros2_ws/install/zed_wrapper:/home/openark/ros2_ws/install/zed_tutorial_video:/home/openark/ros2_ws/install/zed_tutorial_pos_tracking:/home/openark/ros2_ws/install/zed_tutorial_depth:/home/openark/ros2_ws/install/zed_topic_benchmark_interfaces:/home/openark/ros2_ws/install/zed_rgb_convert:/home/openark/ros2_ws/install/zed_components:/home/openark/ros2_ws/install/rviz_plugin_zed_od:/home/openark/ros2_ws/install/zed_interfaces:/home/openark/ros2_ws/install/examples_rclpy_minimal_subscriber:/home/openark/ros2_ws/install/examples_rclpy_minimal_service:/home/openark/ros2_ws/install/examples_rclpy_minimal_publisher:/home/openark/ros2_ws/install/examples_rclpy_minimal_client:/home/openark/ros2_ws/install/examples_rclpy_minimal_action_server:/home/openark/ros2_ws/install/examples_rclpy_minimal_action_client:/home/openark/ros2_ws/install/examples_rclpy_executors:/opt/ros/foxy:/home/openark/ros2_ws/install/septentrio_gnss_driver:/home/openark/ros2_ws/install/roar_septentrio_interface:/home/openark/ros2_ws/install/examples_rclcpp_multithreaded_executor:/home/openark/ros2_ws/install/examples_rclcpp_minimal_timer:/home/openark/ros2_ws/install/examples_rclcpp_minimal_subscriber:/home/openark/ros2_ws/install/examples_rclcpp_minimal_service:/home/openark/ros2_ws/install/examples_rclcpp_minimal_publisher:/home/openark/ros2_ws/install/examples_rclcpp_minimal_composition:/home/openark/ros2_ws/install/examples_rclcpp_minimal_client:/home/openark/ros2_ws/install/examples_rclcpp_minimal_action_server:/home/openark/ros2_ws/install/examples_rclcpp_minimal_action_client /usr/bin/cmake --build /home/openark/ros2_ws/src/build/zed_interfaces -- -j12 -l12
[7.696s] Invoking command in '/home/openark/ros2_ws/src/build/zed_interfaces': CMAKE_PREFIX_PATH=/home/openark/ros2_ws/install/zed_ros2:/home/openark/ros2_ws/install/zed_multi_camera:/home/openark/ros2_ws/install/zed_display_rviz2:/home/openark/ros2_ws/install/zed_wrapper:/home/openark/ros2_ws/install/zed_tutorial_video:/home/openark/ros2_ws/install/zed_tutorial_pos_tracking:/home/openark/ros2_ws/install/zed_tutorial_depth:/home/openark/ros2_ws/install/zed_topic_benchmark_interfaces:/home/openark/ros2_ws/install/zed_rgb_convert:/home/openark/ros2_ws/install/zed_components:/home/openark/ros2_ws/install/rviz_plugin_zed_od:/home/openark/ros2_ws/install/zed_interfaces:/home/openark/ros2_ws/install/examples_rclpy_minimal_subscriber:/home/openark/ros2_ws/install/examples_rclpy_minimal_service:/home/openark/ros2_ws/install/examples_rclpy_minimal_publisher:/home/openark/ros2_ws/install/examples_rclpy_minimal_client:/home/openark/ros2_ws/install/examples_rclpy_minimal_action_server:/home/openark/ros2_ws/install/examples_rclpy_minimal_action_client:/home/openark/ros2_ws/install/examples_rclpy_executors:/opt/ros/foxy:/home/openark/ros2_ws/install/septentrio_gnss_driver:/home/openark/ros2_ws/install/roar_septentrio_interface:/home/openark/ros2_ws/install/examples_rclcpp_multithreaded_executor:/home/openark/ros2_ws/install/examples_rclcpp_minimal_timer:/home/openark/ros2_ws/install/examples_rclcpp_minimal_subscriber:/home/openark/ros2_ws/install/examples_rclcpp_minimal_service:/home/openark/ros2_ws/install/examples_rclcpp_minimal_publisher:/home/openark/ros2_ws/install/examples_rclcpp_minimal_composition:/home/openark/ros2_ws/install/examples_rclcpp_minimal_client:/home/openark/ros2_ws/install/examples_rclcpp_minimal_action_server:/home/openark/ros2_ws/install/examples_rclcpp_minimal_action_client /usr/bin/cmake --install /home/openark/ros2_ws/src/build/zed_interfaces
[8.956s] -- Install configuration: ""
[8.957s] -- Up-to-date: /home/openark/ros2_ws/src/install/zed_interfaces/share/ament_index/resource_index/rosidl_interfaces/zed_interfaces
[8.958s] -- Up-to-date: /home/openark/ros2_ws/src/install/zed_interfaces/include/zed_interfaces
[8.958s] -- Up-to-date: /home/openark/ros2_ws/src/install/zed_interfaces/include/zed_interfaces/msg
[8.959s] -- Up-to-date: /home/openark/ros2_ws/src/install/zed_interfaces/include/zed_interfaces/msg/keypoint2_di.h
[8.959s] -- Up-to-date: /home/openark/ros2_ws/src/install/zed_interfaces/include/zed_interfaces/msg/keypoint2_df.h
[8.959s] -- Up-to-date: /home/openark/ros2_ws/src/install/zed_interfaces/include/zed_interfaces/msg/depth_info_stamped.h
[8.960s] -- Up-to-date: /home/openark/ros2_ws/src/install/zed_interfaces/include/zed_interfaces/msg/bounding_box3_d.h
[8.960s] -- Up-to-date: /home/openark/ros2_ws/src/install/zed_interfaces/include/zed_interfaces/msg/objects_stamped.h
[8.960s] -- Up-to-date: /home/openark/ros2_ws/src/install/zed_interfaces/include/zed_interfaces/msg/rosidl_generator_c__visibility_control.h
[8.961s] -- Up-to-date: /home/openark/ros2_ws/src/install/zed_interfaces/include/zed_interfaces/msg/skeleton3_d.h
[8.961s] -- Up-to-date: /home/openark/ros2_ws/src/install/zed_interfaces/include/zed_interfaces/msg/object.h
[8.962s] -- Up-to-date: /home/openark/ros2_ws/src/install/zed_interfaces/include/zed_interfaces/msg/detail
[8.962s] -- Up-to-date: /home/openark/ros2_ws/src/install/zed_interfaces/include/zed_interfaces/msg/detail/keypoint2_df__type_support.h
[8.963s] -- Up-to-date: /home/openark/ros2_ws/src/install/zed_interfaces/include/zed_interfaces/msg/detail/bounding_box2_di__functions.c
[8.963s] -- Up-to-date: /home/openark/ros2_ws/src/install/zed_interfaces/include/zed_interfaces/msg/detail/heartbeat__struct.h
[8.964s] -- Up-to-date: /home/openark/ros2_ws/src/install/zed_interfaces/include/zed_interfaces/msg/detail/keypoint3_d__functions.h
[8.965s] -- Up-to-date: /home/openark/ros2_ws/src/install/zed_interfaces/include/zed_interfaces/msg/detail/objects_stamped__struct.h
[8.965s] -- Up-to-date: /home/openark/ros2_ws/src/install/zed_interfaces/include/zed_interfaces/msg/detail/depth_info_stamped__functions.h
[8.965s] -- Up-to-date: /home/openark/ros2_ws/src/install/zed_interfaces/include/zed_interfaces/msg/detail/skeleton2_d__functions.h
[8.966s] -- Up-to-date: /home/openark/ros2_ws/src/install/zed_interfaces/include/zed_interfaces/msg/detail/keypoint2_di__type_support.h
[8.966s] -- Up-to-date: /home/openark/ros2_ws/src/install/zed_interfaces/include/zed_interfaces/msg/detail/bounding_box3_d__struct.h
[8.967s] -- Up-to-date: /home/openark/ros2_ws/src/install/zed_interfaces/include/zed_interfaces/msg/detail/object__functions.c
[8.967s] -- Up-to-date: /home/openark/ros2_ws/src/install/zed_interfaces/include/zed_interfaces/msg/detail/bounding_box2_df__functions.h
[8.968s] -- Up-to-date: /home/openark/ros2_ws/src/install/zed_interfaces/include/zed_interfaces/msg/detail/skeleton2_d__struct.h
[8.968s] -- Up-to-date: /home/openark/ros2_ws/src/install/zed_interfaces/include/zed_interfaces/msg/detail/keypoint3_d__functions.c
[8.968s] -- Up-to-date: /home/openark/ros2_ws/src/install/zed_interfaces/include/zed_interfaces/msg/detail/bounding_box3_d__type_support.h
[8.968s] -- Up-to-date: /home/openark/ros2_ws/src/install/zed_interfaces/include/zed_interfaces/msg/detail/heartbeat__type_support.h
[8.968s] -- Up-to-date: /home/openark/ros2_ws/src/install/zed_interfaces/include/zed_interfaces/msg/detail/bounding_box2_df__struct.h
[8.969s] -- Up-to-date: /home/openark/ros2_ws/src/install/zed_interfaces/include/zed_interfaces/msg/detail/skeleton2_d__type_support.h
[8.969s] -- Up-to-date: /home/openark/ros2_ws/src/install/zed_interfaces/include/zed_interfaces/msg/detail/objects_stamped__functions.h
[8.969s] -- Up-to-date: /home/openark/ros2_ws/src/install/zed_interfaces/include/zed_interfaces/msg/detail/keypoint3_d__struct.h
[8.969s] -- Up-to-date: /home/openark/ros2_ws/src/install/zed_interfaces/include/zed_interfaces/msg/detail/keypoint2_df__struct.h
[8.974s] -- Up-to-date: /home/openark/ros2_ws/src/install/zed_interfaces/include/zed_interfaces/msg/detail/skeleton3_d__functions.h
[8.975s] -- Up-to-date: /home/openark/ros2_ws/src/install/zed_interfaces/include/zed_interfaces/msg/detail/plane_stamped__functions.h
[8.975s] -- Up-to-date: /home/openark/ros2_ws/src/install/zed_interfaces/include/zed_interfaces/msg/detail/pos_track_status__functions.h
[8.975s] -- Up-to-date: /home/openark/ros2_ws/src/install/zed_interfaces/include/zed_interfaces/msg/detail/heartbeat__functions.h
[8.979s] -- Up-to-date: /home/openark/ros2_ws/src/install/zed_interfaces/include/zed_interfaces/msg/detail/pos_track_status__type_support.h
[8.979s] -- Up-to-date: /home/openark/ros2_ws/src/install/zed_interfaces/include/zed_interfaces/msg/detail/keypoint2_df__functions.h
[8.980s] -- Up-to-date: /home/openark/ros2_ws/src/install/zed_interfaces/include/zed_interfaces/msg/detail/object__functions.h
[8.980s] -- Up-to-date: /home/openark/ros2_ws/src/install/zed_interfaces/include/zed_interfaces/msg/detail/keypoint2_df__functions.c
[8.981s] -- Up-to-date: /home/openark/ros2_ws/src/install/zed_interfaces/include/zed_interfaces/msg/detail/keypoint3_d__type_support.h
[8.982s] -- Up-to-date: /home/openark/ros2_ws/src/install/zed_interfaces/include/zed_interfaces/msg/detail/bounding_box3_d__functions.c
[8.982s] -- Up-to-date: /home/openark/ros2_ws/src/install/zed_interfaces/include/zed_interfaces/msg/detail/plane_stamped__type_support.h
[8.982s] -- Up-to-date: /home/openark/ros2_ws/src/install/zed_interfaces/include/zed_interfaces/msg/detail/bounding_box2_di__type_support.h
[8.982s] -- Up-to-date: /home/openark/ros2_ws/src/install/zed_interfaces/include/zed_interfaces/msg/detail/bounding_box2_df__type_support.h
[8.983s] -- Up-to-date: /home/openark/ros2_ws/src/install/zed_interfaces/include/zed_interfaces/msg/detail/heartbeat__functions.c
[8.983s] -- Up-to-date: /home/openark/ros2_ws/src/install/zed_interfaces/include/zed_interfaces/msg/detail/skeleton2_d__functions.c
[8.983s] -- Up-to-date: /home/openark/ros2_ws/src/install/zed_interfaces/include/zed_interfaces/msg/detail/keypoint2_di__functions.c
[8.983s] -- Up-to-date: /home/openark/ros2_ws/src/install/zed_interfaces/include/zed_interfaces/msg/detail/pos_track_status__functions.c
[8.984s] -- Up-to-date: /home/openark/ros2_ws/src/install/zed_interfaces/include/zed_interfaces/msg/detail/pos_track_status__struct.h
[8.985s] -- Up-to-date: /home/openark/ros2_ws/src/install/zed_interfaces/include/zed_interfaces/msg/detail/keypoint2_di__struct.h
[8.986s] -- Up-to-date: /home/openark/ros2_ws/src/install/zed_interfaces/include/zed_interfaces/msg/detail/objects_stamped__functions.c
[8.986s] -- Up-to-date: /home/openark/ros2_ws/src/install/zed_interfaces/include/zed_interfaces/msg/detail/object__struct.h
[8.987s] -- Up-to-date: /home/openark/ros2_ws/src/install/zed_interfaces/include/zed_interfaces/msg/detail/object__type_support.h
[8.988s] -- Up-to-date: /home/openark/ros2_ws/src/install/zed_interfaces/include/zed_interfaces/msg/detail/keypoint2_di__functions.h
[8.989s] -- Up-to-date: /home/openark/ros2_ws/src/install/zed_interfaces/include/zed_interfaces/msg/detail/objects_stamped__type_support.h
[8.990s] -- Up-to-date: /home/openark/ros2_ws/src/install/zed_interfaces/include/zed_interfaces/msg/detail/skeleton3_d__type_support.h
[8.990s] -- Up-to-date: /home/openark/ros2_ws/src/install/zed_interfaces/include/zed_interfaces/msg/detail/depth_info_stamped__struct.h
[8.991s] -- Up-to-date: /home/openark/ros2_ws/src/install/zed_interfaces/include/zed_interfaces/msg/detail/bounding_box2_di__struct.h
[8.992s] -- Up-to-date: /home/openark/ros2_ws/src/install/zed_interfaces/include/zed_interfaces/msg/detail/skeleton3_d__struct.h
[8.993s] -- Up-to-date: /home/openark/ros2_ws/src/install/zed_interfaces/include/zed_interfaces/msg/detail/bounding_box3_d__functions.h
[8.994s] -- Up-to-date: /home/openark/ros2_ws/src/install/zed_interfaces/include/zed_interfaces/msg/detail/plane_stamped__struct.h
[8.994s] -- Up-to-date: /home/openark/ros2_ws/src/install/zed_interfaces/include/zed_interfaces/msg/detail/skeleton3_d__functions.c
[8.995s] -- Up-to-date: /home/openark/ros2_ws/src/install/zed_interfaces/include/zed_interfaces/msg/detail/plane_stamped__functions.c
[8.996s] -- Up-to-date: /home/openark/ros2_ws/src/install/zed_interfaces/include/zed_interfaces/msg/detail/depth_info_stamped__type_support.h
[8.997s] -- Up-to-date: /home/openark/ros2_ws/src/install/zed_interfaces/include/zed_interfaces/msg/detail/bounding_box2_di__functions.h
[8.997s] -- Up-to-date: /home/openark/ros2_ws/src/install/zed_interfaces/include/zed_interfaces/msg/detail/depth_info_stamped__functions.c
[8.998s] -- Up-to-date: /home/openark/ros2_ws/src/install/zed_interfaces/include/zed_interfaces/msg/detail/bounding_box2_df__functions.c
[8.999s] -- Up-to-date: /home/openark/ros2_ws/src/install/zed_interfaces/include/zed_interfaces/msg/plane_stamped.h
[9.000s] -- Up-to-date: /home/openark/ros2_ws/src/install/zed_interfaces/include/zed_interfaces/msg/pos_track_status.h
[9.000s] -- Up-to-date: /home/openark/ros2_ws/src/install/zed_interfaces/include/zed_interfaces/msg/bounding_box2_df.h
[9.001s] -- Up-to-date: /home/openark/ros2_ws/src/install/zed_interfaces/include/zed_interfaces/msg/keypoint3_d.h
[9.002s] -- Up-to-date: /home/openark/ros2_ws/src/install/zed_interfaces/include/zed_interfaces/msg/heartbeat.h
[9.003s] -- Up-to-date: /home/openark/ros2_ws/src/install/zed_interfaces/include/zed_interfaces/msg/skeleton2_d.h
[9.004s] -- Up-to-date: /home/openark/ros2_ws/src/install/zed_interfaces/include/zed_interfaces/msg/bounding_box2_di.h
[9.005s] -- Up-to-date: /home/openark/ros2_ws/src/install/zed_interfaces/include/zed_interfaces/srv
[9.006s] -- Up-to-date: /home/openark/ros2_ws/src/install/zed_interfaces/include/zed_interfaces/srv/set_roi.h
[9.007s] -- Up-to-date: /home/openark/ros2_ws/src/install/zed_interfaces/include/zed_interfaces/srv/set_pose.h
[9.007s] -- Up-to-date: /home/openark/ros2_ws/src/install/zed_interfaces/include/zed_interfaces/srv/detail
[9.007s] -- Up-to-date: /home/openark/ros2_ws/src/install/zed_interfaces/include/zed_interfaces/srv/detail/set_pose__type_support.h
[9.008s] -- Up-to-date: /home/openark/ros2_ws/src/install/zed_interfaces/include/zed_interfaces/srv/detail/start_svo_rec__functions.h
[9.009s] -- Up-to-date: /home/openark/ros2_ws/src/install/zed_interfaces/include/zed_interfaces/srv/detail/set_pose__struct.h
[9.015s] -- Up-to-date: /home/openark/ros2_ws/src/install/zed_interfaces/include/zed_interfaces/srv/detail/set_roi__functions.h
[9.015s] -- Up-to-date: /home/openark/ros2_ws/src/install/zed_interfaces/include/zed_interfaces/srv/detail/set_pose__functions.c
[9.016s] -- Up-to-date: /home/openark/ros2_ws/src/install/zed_interfaces/include/zed_interfaces/srv/detail/start_svo_rec__struct.h
[9.017s] -- Up-to-date: /home/openark/ros2_ws/src/install/zed_interfaces/include/zed_interfaces/srv/detail/set_roi__functions.c
[9.017s] -- Up-to-date: /home/openark/ros2_ws/src/install/zed_interfaces/include/zed_interfaces/srv/detail/start_svo_rec__type_support.h
[9.018s] -- Up-to-date: /home/openark/ros2_ws/src/install/zed_interfaces/include/zed_interfaces/srv/detail/set_roi__struct.h
[9.019s] -- Up-to-date: /home/openark/ros2_ws/src/install/zed_interfaces/include/zed_interfaces/srv/detail/set_pose__functions.h
[9.020s] -- Up-to-date: /home/openark/ros2_ws/src/install/zed_interfaces/include/zed_interfaces/srv/detail/start_svo_rec__functions.c
[9.021s] -- Up-to-date: /home/openark/ros2_ws/src/install/zed_interfaces/include/zed_interfaces/srv/detail/set_roi__type_support.h
[9.022s] -- Up-to-date: /home/openark/ros2_ws/src/install/zed_interfaces/include/zed_interfaces/srv/start_svo_rec.h
[9.022s] -- Up-to-date: /home/openark/ros2_ws/src/install/zed_interfaces/share/zed_interfaces/environment/library_path.sh
[9.023s] -- Up-to-date: /home/openark/ros2_ws/src/install/zed_interfaces/share/zed_interfaces/environment/library_path.dsv
[9.024s] -- Up-to-date: /home/openark/ros2_ws/src/install/zed_interfaces/lib/libzed_interfaces__rosidl_generator_c.so
[9.024s] -- Up-to-date: /home/openark/ros2_ws/src/install/zed_interfaces/include/zed_interfaces
[9.025s] -- Up-to-date: /home/openark/ros2_ws/src/install/zed_interfaces/include/zed_interfaces/msg
[9.026s] -- Up-to-date: /home/openark/ros2_ws/src/install/zed_interfaces/include/zed_interfaces/msg/detail
[9.026s] -- Up-to-date: /home/openark/ros2_ws/src/install/zed_interfaces/include/zed_interfaces/msg/detail/depth_info_stamped__rosidl_typesupport_fastrtps_c.h
[9.028s] -- Up-to-date: /home/openark/ros2_ws/src/install/zed_interfaces/include/zed_interfaces/msg/detail/bounding_box2_di__rosidl_typesupport_fastrtps_c.h
[9.028s] -- Up-to-date: /home/openark/ros2_ws/src/install/zed_interfaces/include/zed_interfaces/msg/detail/object__rosidl_typesupport_fastrtps_c.h
[9.029s] -- Up-to-date: /home/openark/ros2_ws/src/install/zed_interfaces/include/zed_interfaces/msg/detail/heartbeat__rosidl_typesupport_fastrtps_c.h
[9.029s] -- Up-to-date: /home/openark/ros2_ws/src/install/zed_interfaces/include/zed_interfaces/msg/detail/plane_stamped__rosidl_typesupport_fastrtps_c.h
[9.029s] -- Up-to-date: /home/openark/ros2_ws/src/install/zed_interfaces/include/zed_interfaces/msg/detail/objects_stamped__rosidl_typesupport_fastrtps_c.h
[9.029s] -- Up-to-date: /home/openark/ros2_ws/src/install/zed_interfaces/include/zed_interfaces/msg/detail/skeleton2_d__rosidl_typesupport_fastrtps_c.h
[9.030s] -- Up-to-date: /home/openark/ros2_ws/src/install/zed_interfaces/include/zed_interfaces/msg/detail/keypoint3_d__rosidl_typesupport_fastrtps_c.h
[9.031s] -- Up-to-date: /home/openark/ros2_ws/src/install/zed_interfaces/include/zed_interfaces/msg/detail/skeleton3_d__rosidl_typesupport_fastrtps_c.h
[9.032s] -- Up-to-date: /home/openark/ros2_ws/src/install/zed_interfaces/include/zed_interfaces/msg/detail/pos_track_status__rosidl_typesupport_fastrtps_c.h
[9.032s] -- Up-to-date: /home/openark/ros2_ws/src/install/zed_interfaces/include/zed_interfaces/msg/detail/keypoint2_df__rosidl_typesupport_fastrtps_c.h
[9.032s] -- Up-to-date: /home/openark/ros2_ws/src/install/zed_interfaces/include/zed_interfaces/msg/detail/bounding_box2_df__rosidl_typesupport_fastrtps_c.h
[9.032s] -- Up-to-date: /home/openark/ros2_ws/src/install/zed_interfaces/include/zed_interfaces/msg/detail/bounding_box3_d__rosidl_typesupport_fastrtps_c.h
[9.033s] -- Up-to-date: /home/openark/ros2_ws/src/install/zed_interfaces/include/zed_interfaces/msg/detail/keypoint2_di__rosidl_typesupport_fastrtps_c.h
[9.033s] -- Up-to-date: /home/openark/ros2_ws/src/install/zed_interfaces/include/zed_interfaces/msg/rosidl_typesupport_fastrtps_c__visibility_control.h
[9.033s] -- Up-to-date: /home/openark/ros2_ws/src/install/zed_interfaces/include/zed_interfaces/srv
[9.034s] -- Up-to-date: /home/openark/ros2_ws/src/install/zed_interfaces/include/zed_interfaces/srv/detail
[9.034s] -- Up-to-date: /home/openark/ros2_ws/src/install/zed_interfaces/include/zed_interfaces/srv/detail/set_roi__rosidl_typesupport_fastrtps_c.h
[9.035s] -- Up-to-date: /home/openark/ros2_ws/src/install/zed_interfaces/include/zed_interfaces/srv/detail/start_svo_rec__rosidl_typesupport_fastrtps_c.h
[9.035s] -- Up-to-date: /home/openark/ros2_ws/src/install/zed_interfaces/include/zed_interfaces/srv/detail/set_pose__rosidl_typesupport_fastrtps_c.h
[9.035s] -- Up-to-date: /home/openark/ros2_ws/src/install/zed_interfaces/lib/libzed_interfaces__rosidl_typesupport_fastrtps_c.so
[9.035s] -- Up-to-date: /home/openark/ros2_ws/src/install/zed_interfaces/include/zed_interfaces
[9.035s] -- Up-to-date: /home/openark/ros2_ws/src/install/zed_interfaces/include/zed_interfaces/msg
[9.036s] -- Up-to-date: /home/openark/ros2_ws/src/install/zed_interfaces/include/zed_interfaces/msg/detail
[9.036s] -- Up-to-date: /home/openark/ros2_ws/src/install/zed_interfaces/include/zed_interfaces/msg/detail/keypoint3_d__rosidl_typesupport_fastrtps_cpp.hpp
[9.036s] -- Up-to-date: /home/openark/ros2_ws/src/install/zed_interfaces/include/zed_interfaces/msg/detail/skeleton3_d__rosidl_typesupport_fastrtps_cpp.hpp
[9.036s] -- Up-to-date: /home/openark/ros2_ws/src/install/zed_interfaces/include/zed_interfaces/msg/detail/objects_stamped__rosidl_typesupport_fastrtps_cpp.hpp
[9.036s] -- Up-to-date: /home/openark/ros2_ws/src/install/zed_interfaces/include/zed_interfaces/msg/detail/bounding_box2_df__rosidl_typesupport_fastrtps_cpp.hpp
[9.036s] -- Up-to-date: /home/openark/ros2_ws/src/install/zed_interfaces/include/zed_interfaces/msg/detail/dds_fastrtps
[9.037s] -- Up-to-date: /home/openark/ros2_ws/src/install/zed_interfaces/include/zed_interfaces/msg/detail/bounding_box3_d__rosidl_typesupport_fastrtps_cpp.hpp
[9.037s] -- Up-to-date: /home/openark/ros2_ws/src/install/zed_interfaces/include/zed_interfaces/msg/detail/bounding_box2_di__rosidl_typesupport_fastrtps_cpp.hpp
[9.037s] -- Up-to-date: /home/openark/ros2_ws/src/install/zed_interfaces/include/zed_interfaces/msg/detail/keypoint2_df__rosidl_typesupport_fastrtps_cpp.hpp
[9.037s] -- Up-to-date: /home/openark/ros2_ws/src/install/zed_interfaces/include/zed_interfaces/msg/detail/skeleton2_d__rosidl_typesupport_fastrtps_cpp.hpp
[9.037s] -- Up-to-date: /home/openark/ros2_ws/src/install/zed_interfaces/include/zed_interfaces/msg/detail/keypoint2_di__rosidl_typesupport_fastrtps_cpp.hpp
[9.038s] -- Up-to-date: /home/openark/ros2_ws/src/install/zed_interfaces/include/zed_interfaces/msg/detail/plane_stamped__rosidl_typesupport_fastrtps_cpp.hpp
[9.040s] -- Up-to-date: /home/openark/ros2_ws/src/install/zed_interfaces/include/zed_interfaces/msg/detail/object__rosidl_typesupport_fastrtps_cpp.hpp
[9.041s] -- Up-to-date: /home/openark/ros2_ws/src/install/zed_interfaces/include/zed_interfaces/msg/detail/heartbeat__rosidl_typesupport_fastrtps_cpp.hpp
[9.042s] -- Up-to-date: /home/openark/ros2_ws/src/install/zed_interfaces/include/zed_interfaces/msg/detail/depth_info_stamped__rosidl_typesupport_fastrtps_cpp.hpp
[9.042s] -- Up-to-date: /home/openark/ros2_ws/src/install/zed_interfaces/include/zed_interfaces/msg/detail/pos_track_status__rosidl_typesupport_fastrtps_cpp.hpp
[9.042s] -- Up-to-date: /home/openark/ros2_ws/src/install/zed_interfaces/include/zed_interfaces/msg/rosidl_typesupport_fastrtps_cpp__visibility_control.h
[9.042s] -- Up-to-date: /home/openark/ros2_ws/src/install/zed_interfaces/include/zed_interfaces/srv
[9.043s] -- Up-to-date: /home/openark/ros2_ws/src/install/zed_interfaces/include/zed_interfaces/srv/detail
[9.044s] -- Up-to-date: /home/openark/ros2_ws/src/install/zed_interfaces/include/zed_interfaces/srv/detail/set_pose__rosidl_typesupport_fastrtps_cpp.hpp
[9.045s] -- Up-to-date: /home/openark/ros2_ws/src/install/zed_interfaces/include/zed_interfaces/srv/detail/set_roi__rosidl_typesupport_fastrtps_cpp.hpp
[9.046s] -- Up-to-date: /home/openark/ros2_ws/src/install/zed_interfaces/include/zed_interfaces/srv/detail/dds_fastrtps
[9.046s] -- Up-to-date: /home/openark/ros2_ws/src/install/zed_interfaces/include/zed_interfaces/srv/detail/start_svo_rec__rosidl_typesupport_fastrtps_cpp.hpp
[9.047s] -- Up-to-date: /home/openark/ros2_ws/src/install/zed_interfaces/lib/libzed_interfaces__rosidl_typesupport_fastrtps_cpp.so
[9.048s] -- Up-to-date: /home/openark/ros2_ws/src/install/zed_interfaces/include/zed_interfaces
[9.050s] -- Up-to-date: /home/openark/ros2_ws/src/install/zed_interfaces/include/zed_interfaces/msg
[9.051s] -- Up-to-date: /home/openark/ros2_ws/src/install/zed_interfaces/include/zed_interfaces/msg/rosidl_typesupport_introspection_c__visibility_control.h
[9.052s] -- Up-to-date: /home/openark/ros2_ws/src/install/zed_interfaces/include/zed_interfaces/msg/detail
[9.053s] -- Up-to-date: /home/openark/ros2_ws/src/install/zed_interfaces/include/zed_interfaces/msg/detail/bounding_box2_df__rosidl_typesupport_introspection_c.h
[9.055s] -- Up-to-date: /home/openark/ros2_ws/src/install/zed_interfaces/include/zed_interfaces/msg/detail/depth_info_stamped__type_support.c
[9.057s] -- Up-to-date: /home/openark/ros2_ws/src/install/zed_interfaces/include/zed_interfaces/msg/detail/keypoint2_df__rosidl_typesupport_introspection_c.h
[9.057s] -- Up-to-date: /home/openark/ros2_ws/src/install/zed_interfaces/include/zed_interfaces/msg/detail/skeleton2_d__type_support.c
[9.059s] -- Up-to-date: /home/openark/ros2_ws/src/install/zed_interfaces/include/zed_interfaces/msg/detail/bounding_box2_df__type_support.c
[9.062s] -- Up-to-date: /home/openark/ros2_ws/src/install/zed_interfaces/include/zed_interfaces/msg/detail/objects_stamped__type_support.c
[9.062s] -- Up-to-date: /home/openark/ros2_ws/src/install/zed_interfaces/include/zed_interfaces/msg/detail/bounding_box3_d__type_support.c
[9.064s] -- Up-to-date: /home/openark/ros2_ws/src/install/zed_interfaces/include/zed_interfaces/msg/detail/heartbeat__type_support.c
[9.066s] -- Up-to-date: /home/openark/ros2_ws/src/install/zed_interfaces/include/zed_interfaces/msg/detail/object__rosidl_typesupport_introspection_c.h
[9.068s] -- Up-to-date: /home/openark/ros2_ws/src/install/zed_interfaces/include/zed_interfaces/msg/detail/objects_stamped__rosidl_typesupport_introspection_c.h
[9.069s] -- Up-to-date: /home/openark/ros2_ws/src/install/zed_interfaces/include/zed_interfaces/msg/detail/keypoint2_di__rosidl_typesupport_introspection_c.h
[9.071s] -- Up-to-date: /home/openark/ros2_ws/src/install/zed_interfaces/include/zed_interfaces/msg/detail/keypoint3_d__rosidl_typesupport_introspection_c.h
[9.071s] -- Up-to-date: /home/openark/ros2_ws/src/install/zed_interfaces/include/zed_interfaces/msg/detail/skeleton3_d__rosidl_typesupport_introspection_c.h
[9.072s] -- Up-to-date: /home/openark/ros2_ws/src/install/zed_interfaces/include/zed_interfaces/msg/detail/keypoint2_di__type_support.c
[9.072s] -- Up-to-date: /home/openark/ros2_ws/src/install/zed_interfaces/include/zed_interfaces/msg/detail/skeleton2_d__rosidl_typesupport_introspection_c.h
[9.073s] -- Up-to-date: /home/openark/ros2_ws/src/install/zed_interfaces/include/zed_interfaces/msg/detail/bounding_box2_di__rosidl_typesupport_introspection_c.h
[9.074s] -- Up-to-date: /home/openark/ros2_ws/src/install/zed_interfaces/include/zed_interfaces/msg/detail/object__type_support.c
[9.078s] -- Up-to-date: /home/openark/ros2_ws/src/install/zed_interfaces/include/zed_interfaces/msg/detail/plane_stamped__rosidl_typesupport_introspection_c.h
[9.081s] -- Up-to-date: /home/openark/ros2_ws/src/install/zed_interfaces/include/zed_interfaces/msg/detail/heartbeat__rosidl_typesupport_introspection_c.h
[9.082s] -- Up-to-date: /home/openark/ros2_ws/src/install/zed_interfaces/include/zed_interfaces/msg/detail/keypoint2_df__type_support.c
[9.083s] -- Up-to-date: /home/openark/ros2_ws/src/install/zed_interfaces/include/zed_interfaces/msg/detail/pos_track_status__rosidl_typesupport_introspection_c.h
[9.084s] -- Up-to-date: /home/openark/ros2_ws/src/install/zed_interfaces/include/zed_interfaces/msg/detail/depth_info_stamped__rosidl_typesupport_introspection_c.h
[9.084s] -- Up-to-date: /home/openark/ros2_ws/src/install/zed_interfaces/include/zed_interfaces/msg/detail/bounding_box3_d__rosidl_typesupport_introspection_c.h
[9.085s] -- Up-to-date: /home/openark/ros2_ws/src/install/zed_interfaces/include/zed_interfaces/msg/detail/skeleton3_d__type_support.c
[9.086s] -- Up-to-date: /home/openark/ros2_ws/src/install/zed_interfaces/include/zed_interfaces/msg/detail/plane_stamped__type_support.c
[9.088s] -- Up-to-date: /home/openark/ros2_ws/src/install/zed_interfaces/include/zed_interfaces/msg/detail/bounding_box2_di__type_support.c
[9.089s] -- Up-to-date: /home/openark/ros2_ws/src/install/zed_interfaces/include/zed_interfaces/msg/detail/keypoint3_d__type_support.c
[9.091s] -- Up-to-date: /home/openark/ros2_ws/src/install/zed_interfaces/include/zed_interfaces/msg/detail/pos_track_status__type_support.c
[9.093s] -- Up-to-date: /home/openark/ros2_ws/src/install/zed_interfaces/include/zed_interfaces/srv
[9.093s] -- Up-to-date: /home/openark/ros2_ws/src/install/zed_interfaces/include/zed_interfaces/srv/detail
[9.095s] -- Up-to-date: /home/openark/ros2_ws/src/install/zed_interfaces/include/zed_interfaces/srv/detail/set_roi__rosidl_typesupport_introspection_c.h
[9.098s] -- Up-to-date: /home/openark/ros2_ws/src/install/zed_interfaces/include/zed_interfaces/srv/detail/start_svo_rec__rosidl_typesupport_introspection_c.h
[9.099s] -- Up-to-date: /home/openark/ros2_ws/src/install/zed_interfaces/include/zed_interfaces/srv/detail/set_pose__rosidl_typesupport_introspection_c.h
[9.100s] -- Up-to-date: /home/openark/ros2_ws/src/install/zed_interfaces/include/zed_interfaces/srv/detail/set_pose__type_support.c
[9.106s] -- Up-to-date: /home/openark/ros2_ws/src/install/zed_interfaces/include/zed_interfaces/srv/detail/start_svo_rec__type_support.c
[9.109s] -- Up-to-date: /home/openark/ros2_ws/src/install/zed_interfaces/include/zed_interfaces/srv/detail/set_roi__type_support.c
[9.109s] -- Up-to-date: /home/openark/ros2_ws/src/install/zed_interfaces/lib/libzed_interfaces__rosidl_typesupport_introspection_c.so
[9.110s] -- Up-to-date: /home/openark/ros2_ws/src/install/zed_interfaces/lib/libzed_interfaces__rosidl_typesupport_c.so
[9.111s] -- Up-to-date: /home/openark/ros2_ws/src/install/zed_interfaces/include/zed_interfaces
[9.112s] -- Up-to-date: /home/openark/ros2_ws/src/install/zed_interfaces/include/zed_interfaces/msg
[9.113s] -- Up-to-date: /home/openark/ros2_ws/src/install/zed_interfaces/include/zed_interfaces/msg/keypoint2_di.hpp
[9.113s] -- Up-to-date: /home/openark/ros2_ws/src/install/zed_interfaces/include/zed_interfaces/msg/skeleton2_d.hpp
[9.114s] -- Up-to-date: /home/openark/ros2_ws/src/install/zed_interfaces/include/zed_interfaces/msg/bounding_box2_di.hpp
[9.116s] -- Up-to-date: /home/openark/ros2_ws/src/install/zed_interfaces/include/zed_interfaces/msg/depth_info_stamped.hpp
[9.119s] -- Up-to-date: /home/openark/ros2_ws/src/install/zed_interfaces/include/zed_interfaces/msg/plane_stamped.hpp
[9.119s] -- Up-to-date: /home/openark/ros2_ws/src/install/zed_interfaces/include/zed_interfaces/msg/detail
[9.119s] -- Up-to-date: /home/openark/ros2_ws/src/install/zed_interfaces/include/zed_interfaces/msg/detail/bounding_box2_df__traits.hpp
[9.119s] -- Up-to-date: /home/openark/ros2_ws/src/install/zed_interfaces/include/zed_interfaces/msg/detail/keypoint2_df__traits.hpp
[9.120s] -- Up-to-date: /home/openark/ros2_ws/src/install/zed_interfaces/include/zed_interfaces/msg/detail/bounding_box2_df__type_support.hpp
[9.120s] -- Up-to-date: /home/openark/ros2_ws/src/install/zed_interfaces/include/zed_interfaces/msg/detail/skeleton3_d__traits.hpp
[9.120s] -- Up-to-date: /home/openark/ros2_ws/src/install/zed_interfaces/include/zed_interfaces/msg/detail/bounding_box2_df__struct.hpp
[9.120s] -- Up-to-date: /home/openark/ros2_ws/src/install/zed_interfaces/include/zed_interfaces/msg/detail/bounding_box3_d__builder.hpp
[9.120s] -- Up-to-date: /home/openark/ros2_ws/src/install/zed_interfaces/include/zed_interfaces/msg/detail/plane_stamped__type_support.hpp
[9.120s] -- Up-to-date: /home/openark/ros2_ws/src/install/zed_interfaces/include/zed_interfaces/msg/detail/keypoint2_df__type_support.hpp
[9.121s] -- Up-to-date: /home/openark/ros2_ws/src/install/zed_interfaces/include/zed_interfaces/msg/detail/skeleton2_d__type_support.hpp
[9.121s] -- Up-to-date: /home/openark/ros2_ws/src/install/zed_interfaces/include/zed_interfaces/msg/detail/skeleton2_d__traits.hpp
[9.121s] -- Up-to-date: /home/openark/ros2_ws/src/install/zed_interfaces/include/zed_interfaces/msg/detail/objects_stamped__traits.hpp
[9.121s] -- Up-to-date: /home/openark/ros2_ws/src/install/zed_interfaces/include/zed_interfaces/msg/detail/pos_track_status__traits.hpp
[9.122s] -- Up-to-date: /home/openark/ros2_ws/src/install/zed_interfaces/include/zed_interfaces/msg/detail/depth_info_stamped__traits.hpp
[9.122s] -- Up-to-date: /home/openark/ros2_ws/src/install/zed_interfaces/include/zed_interfaces/msg/detail/bounding_box3_d__struct.hpp
[9.122s] -- Up-to-date: /home/openark/ros2_ws/src/install/zed_interfaces/include/zed_interfaces/msg/detail/keypoint2_df__struct.hpp
[9.122s] -- Up-to-date: /home/openark/ros2_ws/src/install/zed_interfaces/include/zed_interfaces/msg/detail/keypoint2_di__struct.hpp
[9.122s] -- Up-to-date: /home/openark/ros2_ws/src/install/zed_interfaces/include/zed_interfaces/msg/detail/objects_stamped__struct.hpp
[9.123s] -- Up-to-date: /home/openark/ros2_ws/src/install/zed_interfaces/include/zed_interfaces/msg/detail/object__struct.hpp
[9.123s] -- Up-to-date: /home/openark/ros2_ws/src/install/zed_interfaces/include/zed_interfaces/msg/detail/pos_track_status__type_support.hpp
[9.123s] -- Up-to-date: /home/openark/ros2_ws/src/install/zed_interfaces/include/zed_interfaces/msg/detail/bounding_box2_df__builder.hpp
[9.123s] -- Up-to-date: /home/openark/ros2_ws/src/install/zed_interfaces/include/zed_interfaces/msg/detail/depth_info_stamped__type_support.hpp
[9.123s] -- Up-to-date: /home/openark/ros2_ws/src/install/zed_interfaces/include/zed_interfaces/msg/detail/skeleton2_d__builder.hpp
[9.123s] -- Up-to-date: /home/openark/ros2_ws/src/install/zed_interfaces/include/zed_interfaces/msg/detail/bounding_box2_di__type_support.hpp
[9.123s] -- Up-to-date: /home/openark/ros2_ws/src/install/zed_interfaces/include/zed_interfaces/msg/detail/keypoint2_di__builder.hpp
[9.123s] -- Up-to-date: /home/openark/ros2_ws/src/install/zed_interfaces/include/zed_interfaces/msg/detail/objects_stamped__builder.hpp
[9.123s] -- Up-to-date: /home/openark/ros2_ws/src/install/zed_interfaces/include/zed_interfaces/msg/detail/heartbeat__traits.hpp
[9.124s] -- Up-to-date: /home/openark/ros2_ws/src/install/zed_interfaces/include/zed_interfaces/msg/detail/plane_stamped__traits.hpp
[9.124s] -- Up-to-date: /home/openark/ros2_ws/src/install/zed_interfaces/include/zed_interfaces/msg/detail/skeleton3_d__struct.hpp
[9.124s] -- Up-to-date: /home/openark/ros2_ws/src/install/zed_interfaces/include/zed_interfaces/msg/detail/keypoint3_d__builder.hpp
[9.124s] -- Up-to-date: /home/openark/ros2_ws/src/install/zed_interfaces/include/zed_interfaces/msg/detail/bounding_box2_di__builder.hpp
[9.124s] -- Up-to-date: /home/openark/ros2_ws/src/install/zed_interfaces/include/zed_interfaces/msg/detail/heartbeat__type_support.hpp
[9.125s] -- Up-to-date: /home/openark/ros2_ws/src/install/zed_interfaces/include/zed_interfaces/msg/detail/bounding_box3_d__traits.hpp
[9.125s] -- Up-to-date: /home/openark/ros2_ws/src/install/zed_interfaces/include/zed_interfaces/msg/detail/bounding_box2_di__traits.hpp
[9.125s] -- Up-to-date: /home/openark/ros2_ws/src/install/zed_interfaces/include/zed_interfaces/msg/detail/heartbeat__builder.hpp
[9.128s] -- Up-to-date: /home/openark/ros2_ws/src/install/zed_interfaces/include/zed_interfaces/msg/detail/keypoint2_di__type_support.hpp
[9.128s] -- Up-to-date: /home/openark/ros2_ws/src/install/zed_interfaces/include/zed_interfaces/msg/detail/object__traits.hpp
[9.129s] -- Up-to-date: /home/openark/ros2_ws/src/install/zed_interfaces/include/zed_interfaces/msg/detail/plane_stamped__builder.hpp
[9.129s] -- Up-to-date: /home/openark/ros2_ws/src/install/zed_interfaces/include/zed_interfaces/msg/detail/keypoint3_d__struct.hpp
[9.130s] -- Up-to-date: /home/openark/ros2_ws/src/install/zed_interfaces/include/zed_interfaces/msg/detail/pos_track_status__builder.hpp
[9.130s] -- Up-to-date: /home/openark/ros2_ws/src/install/zed_interfaces/include/zed_interfaces/msg/detail/objects_stamped__type_support.hpp
[9.130s] -- Up-to-date: /home/openark/ros2_ws/src/install/zed_interfaces/include/zed_interfaces/msg/detail/plane_stamped__struct.hpp
[9.131s] -- Up-to-date: /home/openark/ros2_ws/src/install/zed_interfaces/include/zed_interfaces/msg/detail/skeleton2_d__struct.hpp
[9.132s] -- Up-to-date: /home/openark/ros2_ws/src/install/zed_interfaces/include/zed_interfaces/msg/detail/bounding_box2_di__struct.hpp
[9.133s] -- Up-to-date: /home/openark/ros2_ws/src/install/zed_interfaces/include/zed_interfaces/msg/detail/keypoint3_d__type_support.hpp
[9.133s] -- Up-to-date: /home/openark/ros2_ws/src/install/zed_interfaces/include/zed_interfaces/msg/detail/heartbeat__struct.hpp
[9.133s] -- Up-to-date: /home/openark/ros2_ws/src/install/zed_interfaces/include/zed_interfaces/msg/detail/depth_info_stamped__struct.hpp
[9.133s] -- Up-to-date: /home/openark/ros2_ws/src/install/zed_interfaces/include/zed_interfaces/msg/detail/keypoint2_di__traits.hpp
[9.134s] -- Up-to-date: /home/openark/ros2_ws/src/install/zed_interfaces/include/zed_interfaces/msg/detail/depth_info_stamped__builder.hpp
[9.135s] -- Up-to-date: /home/openark/ros2_ws/src/install/zed_interfaces/include/zed_interfaces/msg/detail/object__type_support.hpp
[9.135s] -- Up-to-date: /home/openark/ros2_ws/src/install/zed_interfaces/include/zed_interfaces/msg/detail/object__builder.hpp
[9.137s] -- Up-to-date: /home/openark/ros2_ws/src/install/zed_interfaces/include/zed_interfaces/msg/detail/keypoint3_d__traits.hpp
[9.137s] -- Up-to-date: /home/openark/ros2_ws/src/install/zed_interfaces/include/zed_interfaces/msg/detail/skeleton3_d__type_support.hpp
[9.137s] -- Up-to-date: /home/openark/ros2_ws/src/install/zed_interfaces/include/zed_interfaces/msg/detail/pos_track_status__struct.hpp
[9.137s] -- Up-to-date: /home/openark/ros2_ws/src/install/zed_interfaces/include/zed_interfaces/msg/detail/skeleton3_d__builder.hpp
[9.138s] -- Up-to-date: /home/openark/ros2_ws/src/install/zed_interfaces/include/zed_interfaces/msg/detail/keypoint2_df__builder.hpp
[9.138s] -- Up-to-date: /home/openark/ros2_ws/src/install/zed_interfaces/include/zed_interfaces/msg/detail/bounding_box3_d__type_support.hpp
[9.138s] -- Up-to-date: /home/openark/ros2_ws/src/install/zed_interfaces/include/zed_interfaces/msg/pos_track_status.hpp
[9.138s] -- Up-to-date: /home/openark/ros2_ws/src/install/zed_interfaces/include/zed_interfaces/msg/objects_stamped.hpp
[9.138s] -- Up-to-date: /home/openark/ros2_ws/src/install/zed_interfaces/include/zed_interfaces/msg/object.hpp
[9.138s] -- Up-to-date: /home/openark/ros2_ws/src/install/zed_interfaces/include/zed_interfaces/msg/keypoint2_df.hpp
[9.139s] -- Up-to-date: /home/openark/ros2_ws/src/install/zed_interfaces/include/zed_interfaces/msg/bounding_box2_df.hpp
[9.140s] -- Up-to-date: /home/openark/ros2_ws/src/install/zed_interfaces/include/zed_interfaces/msg/keypoint3_d.hpp
[9.141s] -- Up-to-date: /home/openark/ros2_ws/src/install/zed_interfaces/include/zed_interfaces/msg/rosidl_generator_cpp__visibility_control.hpp
[9.142s] -- Up-to-date: /home/openark/ros2_ws/src/install/zed_interfaces/include/zed_interfaces/msg/bounding_box3_d.hpp
[9.143s] -- Up-to-date: /home/openark/ros2_ws/src/install/zed_interfaces/include/zed_interfaces/msg/heartbeat.hpp
[9.144s] -- Up-to-date: /home/openark/ros2_ws/src/install/zed_interfaces/include/zed_interfaces/msg/skeleton3_d.hpp
[9.145s] -- Up-to-date: /home/openark/ros2_ws/src/install/zed_interfaces/include/zed_interfaces/srv
[9.145s] -- Up-to-date: /home/openark/ros2_ws/src/install/zed_interfaces/include/zed_interfaces/srv/start_svo_rec.hpp
[9.146s] -- Up-to-date: /home/openark/ros2_ws/src/install/zed_interfaces/include/zed_interfaces/srv/set_pose.hpp
[9.146s] -- Up-to-date: /home/openark/ros2_ws/src/install/zed_interfaces/include/zed_interfaces/srv/detail
[9.147s] -- Up-to-date: /home/openark/ros2_ws/src/install/zed_interfaces/include/zed_interfaces/srv/detail/set_roi__type_support.hpp
[9.148s] -- Up-to-date: /home/openark/ros2_ws/src/install/zed_interfaces/include/zed_interfaces/srv/detail/start_svo_rec__traits.hpp
[9.149s] -- Up-to-date: /home/openark/ros2_ws/src/install/zed_interfaces/include/zed_interfaces/srv/detail/set_pose__traits.hpp
[9.150s] -- Up-to-date: /home/openark/ros2_ws/src/install/zed_interfaces/include/zed_interfaces/srv/detail/set_roi__traits.hpp
[9.151s] -- Up-to-date: /home/openark/ros2_ws/src/install/zed_interfaces/include/zed_interfaces/srv/detail/set_roi__struct.hpp
[9.151s] -- Up-to-date: /home/openark/ros2_ws/src/install/zed_interfaces/include/zed_interfaces/srv/detail/set_roi__builder.hpp
[9.152s] -- Up-to-date: /home/openark/ros2_ws/src/install/zed_interfaces/include/zed_interfaces/srv/detail/start_svo_rec__type_support.hpp
[9.152s] -- Up-to-date: /home/openark/ros2_ws/src/install/zed_interfaces/include/zed_interfaces/srv/detail/set_pose__type_support.hpp
[9.153s] -- Up-to-date: /home/openark/ros2_ws/src/install/zed_interfaces/include/zed_interfaces/srv/detail/start_svo_rec__struct.hpp
[9.154s] -- Up-to-date: /home/openark/ros2_ws/src/install/zed_interfaces/include/zed_interfaces/srv/detail/start_svo_rec__builder.hpp
[9.154s] -- Up-to-date: /home/openark/ros2_ws/src/install/zed_interfaces/include/zed_interfaces/srv/detail/set_pose__builder.hpp
[9.155s] -- Up-to-date: /home/openark/ros2_ws/src/install/zed_interfaces/include/zed_interfaces/srv/detail/set_pose__struct.hpp
[9.156s] -- Up-to-date: /home/openark/ros2_ws/src/install/zed_interfaces/include/zed_interfaces/srv/set_roi.hpp
[9.157s] -- Up-to-date: /home/openark/ros2_ws/src/install/zed_interfaces/include/zed_interfaces
[9.158s] -- Up-to-date: /home/openark/ros2_ws/src/install/zed_interfaces/include/zed_interfaces/msg
[9.159s] -- Up-to-date: /home/openark/ros2_ws/src/install/zed_interfaces/include/zed_interfaces/msg/detail
[9.159s] -- Up-to-date: /home/openark/ros2_ws/src/install/zed_interfaces/include/zed_interfaces/msg/detail/skeleton2_d__rosidl_typesupport_introspection_cpp.hpp
[9.159s] -- Up-to-date: /home/openark/ros2_ws/src/install/zed_interfaces/include/zed_interfaces/msg/detail/heartbeat__type_support.cpp
[9.160s] -- Up-to-date: /home/openark/ros2_ws/src/install/zed_interfaces/include/zed_interfaces/msg/detail/keypoint3_d__rosidl_typesupport_introspection_cpp.hpp
[9.161s] -- Up-to-date: /home/openark/ros2_ws/src/install/zed_interfaces/include/zed_interfaces/msg/detail/pos_track_status__type_support.cpp
[9.161s] -- Up-to-date: /home/openark/ros2_ws/src/install/zed_interfaces/include/zed_interfaces/msg/detail/depth_info_stamped__rosidl_typesupport_introspection_cpp.hpp
[9.161s] -- Up-to-date: /home/openark/ros2_ws/src/install/zed_interfaces/include/zed_interfaces/msg/detail/keypoint2_di__type_support.cpp
[9.162s] -- Up-to-date: /home/openark/ros2_ws/src/install/zed_interfaces/include/zed_interfaces/msg/detail/plane_stamped__rosidl_typesupport_introspection_cpp.hpp
[9.162s] -- Up-to-date: /home/openark/ros2_ws/src/install/zed_interfaces/include/zed_interfaces/msg/detail/pos_track_status__rosidl_typesupport_introspection_cpp.hpp
[9.164s] -- Up-to-date: /home/openark/ros2_ws/src/install/zed_interfaces/include/zed_interfaces/msg/detail/objects_stamped__type_support.cpp
[9.165s] -- Up-to-date: /home/openark/ros2_ws/src/install/zed_interfaces/include/zed_interfaces/msg/detail/bounding_box3_d__rosidl_typesupport_introspection_cpp.hpp
[9.165s] -- Up-to-date: /home/openark/ros2_ws/src/install/zed_interfaces/include/zed_interfaces/msg/detail/keypoint2_di__rosidl_typesupport_introspection_cpp.hpp
[9.166s] -- Up-to-date: /home/openark/ros2_ws/src/install/zed_interfaces/include/zed_interfaces/msg/detail/object__type_support.cpp
[9.166s] -- Up-to-date: /home/openark/ros2_ws/src/install/zed_interfaces/include/zed_interfaces/msg/detail/skeleton3_d__rosidl_typesupport_introspection_cpp.hpp
[9.167s] -- Up-to-date: /home/openark/ros2_ws/src/install/zed_interfaces/include/zed_interfaces/msg/detail/keypoint2_df__rosidl_typesupport_introspection_cpp.hpp
[9.167s] -- Up-to-date: /home/openark/ros2_ws/src/install/zed_interfaces/include/zed_interfaces/msg/detail/heartbeat__rosidl_typesupport_introspection_cpp.hpp
[9.167s] -- Up-to-date: /home/openark/ros2_ws/src/install/zed_interfaces/include/zed_interfaces/msg/detail/keypoint3_d__type_support.cpp
[9.168s] -- Up-to-date: /home/openark/ros2_ws/src/install/zed_interfaces/include/zed_interfaces/msg/detail/bounding_box2_di__rosidl_typesupport_introspection_cpp.hpp
[9.168s] -- Up-to-date: /home/openark/ros2_ws/src/install/zed_interfaces/include/zed_interfaces/msg/detail/keypoint2_df__type_support.cpp
[9.169s] -- Up-to-date: /home/openark/ros2_ws/src/install/zed_interfaces/include/zed_interfaces/msg/detail/bounding_box2_df__type_support.cpp
[9.169s] -- Up-to-date: /home/openark/ros2_ws/src/install/zed_interfaces/include/zed_interfaces/msg/detail/depth_info_stamped__type_support.cpp
[9.170s] -- Up-to-date: /home/openark/ros2_ws/src/install/zed_interfaces/include/zed_interfaces/msg/detail/bounding_box2_di__type_support.cpp
[9.171s] -- Up-to-date: /home/openark/ros2_ws/src/install/zed_interfaces/include/zed_interfaces/msg/detail/bounding_box2_df__rosidl_typesupport_introspection_cpp.hpp
[9.171s] -- Up-to-date: /home/openark/ros2_ws/src/install/zed_interfaces/include/zed_interfaces/msg/detail/skeleton2_d__type_support.cpp
[9.172s] -- Up-to-date: /home/openark/ros2_ws/src/install/zed_interfaces/include/zed_interfaces/msg/detail/objects_stamped__rosidl_typesupport_introspection_cpp.hpp
[9.172s] -- Up-to-date: /home/openark/ros2_ws/src/install/zed_interfaces/include/zed_interfaces/msg/detail/bounding_box3_d__type_support.cpp
[9.172s] -- Up-to-date: /home/openark/ros2_ws/src/install/zed_interfaces/include/zed_interfaces/msg/detail/skeleton3_d__type_support.cpp
[9.173s] -- Up-to-date: /home/openark/ros2_ws/src/install/zed_interfaces/include/zed_interfaces/msg/detail/plane_stamped__type_support.cpp
[9.174s] -- Up-to-date: /home/openark/ros2_ws/src/install/zed_interfaces/include/zed_interfaces/msg/detail/object__rosidl_typesupport_introspection_cpp.hpp
[9.175s] -- Up-to-date: /home/openark/ros2_ws/src/install/zed_interfaces/include/zed_interfaces/srv
[9.176s] -- Up-to-date: /home/openark/ros2_ws/src/install/zed_interfaces/include/zed_interfaces/srv/detail
[9.177s] -- Up-to-date: /home/openark/ros2_ws/src/install/zed_interfaces/include/zed_interfaces/srv/detail/set_roi__type_support.cpp
[9.178s] -- Up-to-date: /home/openark/ros2_ws/src/install/zed_interfaces/include/zed_interfaces/srv/detail/start_svo_rec__type_support.cpp
[9.178s] -- Up-to-date: /home/openark/ros2_ws/src/install/zed_interfaces/include/zed_interfaces/srv/detail/set_pose__rosidl_typesupport_introspection_cpp.hpp
[9.179s] -- Up-to-date: /home/openark/ros2_ws/src/install/zed_interfaces/include/zed_interfaces/srv/detail/start_svo_rec__rosidl_typesupport_introspection_cpp.hpp
[9.180s] -- Up-to-date: /home/openark/ros2_ws/src/install/zed_interfaces/include/zed_interfaces/srv/detail/set_pose__type_support.cpp
[9.180s] -- Up-to-date: /home/openark/ros2_ws/src/install/zed_interfaces/include/zed_interfaces/srv/detail/set_roi__rosidl_typesupport_introspection_cpp.hpp
[9.180s] -- Up-to-date: /home/openark/ros2_ws/src/install/zed_interfaces/lib/libzed_interfaces__rosidl_typesupport_introspection_cpp.so
[9.180s] -- Up-to-date: /home/openark/ros2_ws/src/install/zed_interfaces/lib/libzed_interfaces__rosidl_typesupport_cpp.so
[9.181s] -- Up-to-date: /home/openark/ros2_ws/src/install/zed_interfaces/share/zed_interfaces/environment/pythonpath.sh
[9.181s] -- Up-to-date: /home/openark/ros2_ws/src/install/zed_interfaces/share/zed_interfaces/environment/pythonpath.dsv
[9.182s] -- Up-to-date: /home/openark/ros2_ws/src/install/zed_interfaces/lib/python3.8/site-packages/zed_interfaces/__init__.py
[9.183s] -- Up-to-date: /home/openark/ros2_ws/src/install/zed_interfaces/lib/python3.8/site-packages/zed_interfaces/msg
[9.184s] -- Up-to-date: /home/openark/ros2_ws/src/install/zed_interfaces/lib/python3.8/site-packages/zed_interfaces/msg/_keypoint2_di_s.c
[9.184s] -- Up-to-date: /home/openark/ros2_ws/src/install/zed_interfaces/lib/python3.8/site-packages/zed_interfaces/msg/_objects_stamped_s.c
[9.184s] -- Up-to-date: /home/openark/ros2_ws/src/install/zed_interfaces/lib/python3.8/site-packages/zed_interfaces/msg/_bounding_box2_df_s.c
[9.184s] -- Up-to-date: /home/openark/ros2_ws/src/install/zed_interfaces/lib/python3.8/site-packages/zed_interfaces/msg/__init__.py
[9.185s] -- Up-to-date: /home/openark/ros2_ws/src/install/zed_interfaces/lib/python3.8/site-packages/zed_interfaces/msg/_object_s.c
[9.185s] -- Up-to-date: /home/openark/ros2_ws/src/install/zed_interfaces/lib/python3.8/site-packages/zed_interfaces/msg/_heartbeat_s.c
[9.185s] -- Up-to-date: /home/openark/ros2_ws/src/install/zed_interfaces/lib/python3.8/site-packages/zed_interfaces/msg/_keypoint2_di.py
[9.186s] -- Up-to-date: /home/openark/ros2_ws/src/install/zed_interfaces/lib/python3.8/site-packages/zed_interfaces/msg/_objects_stamped.py
[9.186s] -- Up-to-date: /home/openark/ros2_ws/src/install/zed_interfaces/lib/python3.8/site-packages/zed_interfaces/msg/_keypoint3_d.py
[9.188s] -- Up-to-date: /home/openark/ros2_ws/src/install/zed_interfaces/lib/python3.8/site-packages/zed_interfaces/msg/_plane_stamped.py
[9.188s] -- Up-to-date: /home/openark/ros2_ws/src/install/zed_interfaces/lib/python3.8/site-packages/zed_interfaces/msg/_object.py
[9.189s] -- Up-to-date: /home/openark/ros2_ws/src/install/zed_interfaces/lib/python3.8/site-packages/zed_interfaces/msg/_depth_info_stamped.py
[9.190s] -- Up-to-date: /home/openark/ros2_ws/src/install/zed_interfaces/lib/python3.8/site-packages/zed_interfaces/msg/_bounding_box2_di.py
[9.192s] -- Up-to-date: /home/openark/ros2_ws/src/install/zed_interfaces/lib/python3.8/site-packages/zed_interfaces/msg/_plane_stamped_s.c
[9.193s] -- Up-to-date: /home/openark/ros2_ws/src/install/zed_interfaces/lib/python3.8/site-packages/zed_interfaces/msg/_pos_track_status_s.c
[9.194s] -- Up-to-date: /home/openark/ros2_ws/src/install/zed_interfaces/lib/python3.8/site-packages/zed_interfaces/msg/_skeleton2_d_s.c
[9.195s] -- Up-to-date: /home/openark/ros2_ws/src/install/zed_interfaces/lib/python3.8/site-packages/zed_interfaces/msg/_bounding_box3_d.py
[9.195s] -- Up-to-date: /home/openark/ros2_ws/src/install/zed_interfaces/lib/python3.8/site-packages/zed_interfaces/msg/_keypoint3_d_s.c
[9.196s] -- Up-to-date: /home/openark/ros2_ws/src/install/zed_interfaces/lib/python3.8/site-packages/zed_interfaces/msg/_skeleton3_d.py
[9.196s] -- Up-to-date: /home/openark/ros2_ws/src/install/zed_interfaces/lib/python3.8/site-packages/zed_interfaces/msg/_bounding_box2_df.py
[9.197s] -- Up-to-date: /home/openark/ros2_ws/src/install/zed_interfaces/lib/python3.8/site-packages/zed_interfaces/msg/_keypoint2_df.py
[9.198s] -- Up-to-date: /home/openark/ros2_ws/src/install/zed_interfaces/lib/python3.8/site-packages/zed_interfaces/msg/_keypoint2_df_s.c
[9.199s] -- Up-to-date: /home/openark/ros2_ws/src/install/zed_interfaces/lib/python3.8/site-packages/zed_interfaces/msg/_bounding_box2_di_s.c
[9.200s] -- Up-to-date: /home/openark/ros2_ws/src/install/zed_interfaces/lib/python3.8/site-packages/zed_interfaces/msg/_bounding_box3_d_s.c
[9.201s] -- Up-to-date: /home/openark/ros2_ws/src/install/zed_interfaces/lib/python3.8/site-packages/zed_interfaces/msg/_skeleton3_d_s.c
[9.202s] -- Up-to-date: /home/openark/ros2_ws/src/install/zed_interfaces/lib/python3.8/site-packages/zed_interfaces/msg/_pos_track_status.py
[9.205s] -- Up-to-date: /home/openark/ros2_ws/src/install/zed_interfaces/lib/python3.8/site-packages/zed_interfaces/msg/_heartbeat.py
[9.207s] -- Up-to-date: /home/openark/ros2_ws/src/install/zed_interfaces/lib/python3.8/site-packages/zed_interfaces/msg/_depth_info_stamped_s.c
[9.207s] -- Up-to-date: /home/openark/ros2_ws/src/install/zed_interfaces/lib/python3.8/site-packages/zed_interfaces/msg/_skeleton2_d.py
[9.212s] -- Up-to-date: /home/openark/ros2_ws/src/install/zed_interfaces/lib/python3.8/site-packages/zed_interfaces/srv
[9.213s] -- Up-to-date: /home/openark/ros2_ws/src/install/zed_interfaces/lib/python3.8/site-packages/zed_interfaces/srv/_set_pose.py
[9.214s] -- Up-to-date: /home/openark/ros2_ws/src/install/zed_interfaces/lib/python3.8/site-packages/zed_interfaces/srv/__init__.py
[9.214s] -- Up-to-date: /home/openark/ros2_ws/src/install/zed_interfaces/lib/python3.8/site-packages/zed_interfaces/srv/_set_roi_s.c
[9.215s] -- Up-to-date: /home/openark/ros2_ws/src/install/zed_interfaces/lib/python3.8/site-packages/zed_interfaces/srv/_start_svo_rec.py
[9.215s] -- Up-to-date: /home/openark/ros2_ws/src/install/zed_interfaces/lib/python3.8/site-packages/zed_interfaces/srv/_set_pose_s.c
[9.217s] -- Up-to-date: /home/openark/ros2_ws/src/install/zed_interfaces/lib/python3.8/site-packages/zed_interfaces/srv/_set_roi.py
[9.218s] -- Up-to-date: /home/openark/ros2_ws/src/install/zed_interfaces/lib/python3.8/site-packages/zed_interfaces/srv/_start_svo_rec_s.c
[9.219s] -- Up-to-date: /home/openark/ros2_ws/src/install/zed_interfaces/lib/python3.8/site-packages/zed_interfaces/zed_interfaces_s__rosidl_typesupport_fastrtps_c.cpython-38-x86_64-linux-gnu.so
[9.219s] -- Up-to-date: /home/openark/ros2_ws/src/install/zed_interfaces/lib/python3.8/site-packages/zed_interfaces/zed_interfaces_s__rosidl_typesupport_introspection_c.cpython-38-x86_64-linux-gnu.so
[9.221s] -- Up-to-date: /home/openark/ros2_ws/src/install/zed_interfaces/lib/python3.8/site-packages/zed_interfaces/zed_interfaces_s__rosidl_typesupport_c.cpython-38-x86_64-linux-gnu.so
[9.222s] -- Up-to-date: /home/openark/ros2_ws/src/install/zed_interfaces/lib/libzed_interfaces__python.so
[9.224s] -- Up-to-date: /home/openark/ros2_ws/src/install/zed_interfaces/share/zed_interfaces/msg/Object.idl
[9.224s] -- Up-to-date: /home/openark/ros2_ws/src/install/zed_interfaces/share/zed_interfaces/msg/ObjectsStamped.idl
[9.226s] -- Up-to-date: /home/openark/ros2_ws/src/install/zed_interfaces/share/zed_interfaces/msg/Keypoint2Di.idl
[9.227s] -- Up-to-date: /home/openark/ros2_ws/src/install/zed_interfaces/share/zed_interfaces/msg/Keypoint2Df.idl
[9.227s] -- Up-to-date: /home/openark/ros2_ws/src/install/zed_interfaces/share/zed_interfaces/msg/Keypoint3D.idl
[9.228s] -- Up-to-date: /home/openark/ros2_ws/src/install/zed_interfaces/share/zed_interfaces/msg/BoundingBox2Di.idl
[9.229s] -- Up-to-date: /home/openark/ros2_ws/src/install/zed_interfaces/share/zed_interfaces/msg/BoundingBox2Df.idl
[9.230s] -- Up-to-date: /home/openark/ros2_ws/src/install/zed_interfaces/share/zed_interfaces/msg/BoundingBox3D.idl
[9.232s] -- Up-to-date: /home/openark/ros2_ws/src/install/zed_interfaces/share/zed_interfaces/msg/Skeleton2D.idl
[9.233s] -- Up-to-date: /home/openark/ros2_ws/src/install/zed_interfaces/share/zed_interfaces/msg/Skeleton3D.idl
[9.235s] -- Up-to-date: /home/openark/ros2_ws/src/install/zed_interfaces/share/zed_interfaces/msg/DepthInfoStamped.idl
[9.236s] -- Up-to-date: /home/openark/ros2_ws/src/install/zed_interfaces/share/zed_interfaces/msg/PlaneStamped.idl
[9.236s] -- Up-to-date: /home/openark/ros2_ws/src/install/zed_interfaces/share/zed_interfaces/msg/PosTrackStatus.idl
[9.237s] -- Up-to-date: /home/openark/ros2_ws/src/install/zed_interfaces/share/zed_interfaces/msg/Heartbeat.idl
[9.238s] -- Up-to-date: /home/openark/ros2_ws/src/install/zed_interfaces/share/zed_interfaces/srv/SetPose.idl
[9.238s] -- Up-to-date: /home/openark/ros2_ws/src/install/zed_interfaces/share/zed_interfaces/srv/StartSvoRec.idl
[9.241s] -- Up-to-date: /home/openark/ros2_ws/src/install/zed_interfaces/share/zed_interfaces/srv/SetROI.idl
[9.243s] -- Up-to-date: /home/openark/ros2_ws/src/install/zed_interfaces/share/zed_interfaces/msg/Object.msg
[9.244s] -- Up-to-date: /home/openark/ros2_ws/src/install/zed_interfaces/share/zed_interfaces/msg/ObjectsStamped.msg
[9.245s] -- Up-to-date: /home/openark/ros2_ws/src/install/zed_interfaces/share/zed_interfaces/msg/Keypoint2Di.msg
[9.245s] -- Up-to-date: /home/openark/ros2_ws/src/install/zed_interfaces/share/zed_interfaces/msg/Keypoint2Df.msg
[9.245s] -- Up-to-date: /home/openark/ros2_ws/src/install/zed_interfaces/share/zed_interfaces/msg/Keypoint3D.msg
[9.246s] -- Up-to-date: /home/openark/ros2_ws/src/install/zed_interfaces/share/zed_interfaces/msg/BoundingBox2Di.msg
[9.247s] -- Up-to-date: /home/openark/ros2_ws/src/install/zed_interfaces/share/zed_interfaces/msg/BoundingBox2Df.msg
[9.248s] -- Up-to-date: /home/openark/ros2_ws/src/install/zed_interfaces/share/zed_interfaces/msg/BoundingBox3D.msg
[9.249s] -- Up-to-date: /home/openark/ros2_ws/src/install/zed_interfaces/share/zed_interfaces/msg/Skeleton2D.msg
[9.249s] -- Up-to-date: /home/openark/ros2_ws/src/install/zed_interfaces/share/zed_interfaces/msg/Skeleton3D.msg
[9.251s] -- Up-to-date: /home/openark/ros2_ws/src/install/zed_interfaces/share/zed_interfaces/msg/DepthInfoStamped.msg
[9.252s] -- Up-to-date: /home/openark/ros2_ws/src/install/zed_interfaces/share/zed_interfaces/msg/PlaneStamped.msg
[9.252s] -- Up-to-date: /home/openark/ros2_ws/src/install/zed_interfaces/share/zed_interfaces/msg/PosTrackStatus.msg
[9.252s] -- Up-to-date: /home/openark/ros2_ws/src/install/zed_interfaces/share/zed_interfaces/msg/Heartbeat.msg
[9.252s] -- Up-to-date: /home/openark/ros2_ws/src/install/zed_interfaces/share/zed_interfaces/srv/SetPose.srv
[9.253s] -- Up-to-date: /home/openark/ros2_ws/src/install/zed_interfaces/share/zed_interfaces/srv/SetPose_Request.msg
[9.253s] -- Up-to-date: /home/openark/ros2_ws/src/install/zed_interfaces/share/zed_interfaces/srv/SetPose_Response.msg
[9.253s] -- Up-to-date: /home/openark/ros2_ws/src/install/zed_interfaces/share/zed_interfaces/srv/StartSvoRec.srv
[9.253s] -- Up-to-date: /home/openark/ros2_ws/src/install/zed_interfaces/share/zed_interfaces/srv/StartSvoRec_Request.msg
[9.254s] -- Up-to-date: /home/openark/ros2_ws/src/install/zed_interfaces/share/zed_interfaces/srv/StartSvoRec_Response.msg
[9.254s] -- Up-to-date: /home/openark/ros2_ws/src/install/zed_interfaces/share/zed_interfaces/srv/SetROI.srv
[9.254s] -- Up-to-date: /home/openark/ros2_ws/src/install/zed_interfaces/share/zed_interfaces/srv/SetROI_Request.msg
[9.254s] -- Up-to-date: /home/openark/ros2_ws/src/install/zed_interfaces/share/zed_interfaces/srv/SetROI_Response.msg
[9.254s] -- Up-to-date: /home/openark/ros2_ws/src/install/zed_interfaces/share/zed_interfaces/meshes
[9.255s] -- Up-to-date: /home/openark/ros2_ws/src/install/zed_interfaces/share/zed_interfaces/meshes/zedx.stl
[9.255s] -- Up-to-date: /home/openark/ros2_ws/src/install/zed_interfaces/share/zed_interfaces/meshes/zed2.stl
[9.255s] -- Up-to-date: /home/openark/ros2_ws/src/install/zed_interfaces/share/zed_interfaces/meshes/zed2i.stl
[9.255s] -- Up-to-date: /home/openark/ros2_ws/src/install/zed_interfaces/share/zed_interfaces/meshes/zedm.stl
[9.256s] -- Up-to-date: /home/openark/ros2_ws/src/install/zed_interfaces/share/zed_interfaces/meshes/zedxm.stl
[9.256s] -- Up-to-date: /home/openark/ros2_ws/src/install/zed_interfaces/share/zed_interfaces/meshes/zed.stl
[9.256s] -- Up-to-date: /home/openark/ros2_ws/src/install/zed_interfaces/share/ament_index/resource_index/package_run_dependencies/zed_interfaces
[9.256s] -- Up-to-date: /home/openark/ros2_ws/src/install/zed_interfaces/share/ament_index/resource_index/parent_prefix_path/zed_interfaces
[9.257s] -- Up-to-date: /home/openark/ros2_ws/src/install/zed_interfaces/share/zed_interfaces/environment/ament_prefix_path.sh
[9.257s] -- Up-to-date: /home/openark/ros2_ws/src/install/zed_interfaces/share/zed_interfaces/environment/ament_prefix_path.dsv
[9.257s] -- Up-to-date: /home/openark/ros2_ws/src/install/zed_interfaces/share/zed_interfaces/environment/path.sh
[9.257s] -- Up-to-date: /home/openark/ros2_ws/src/install/zed_interfaces/share/zed_interfaces/environment/path.dsv
[9.257s] -- Up-to-date: /home/openark/ros2_ws/src/install/zed_interfaces/share/zed_interfaces/local_setup.bash
[9.258s] -- Up-to-date: /home/openark/ros2_ws/src/install/zed_interfaces/share/zed_interfaces/local_setup.sh
[9.258s] -- Up-to-date: /home/openark/ros2_ws/src/install/zed_interfaces/share/zed_interfaces/local_setup.zsh
[9.258s] -- Up-to-date: /home/openark/ros2_ws/src/install/zed_interfaces/share/zed_interfaces/local_setup.dsv
[9.258s] -- Installing: /home/openark/ros2_ws/src/install/zed_interfaces/share/zed_interfaces/package.dsv
[9.258s] -- Up-to-date: /home/openark/ros2_ws/src/install/zed_interfaces/share/ament_index/resource_index/packages/zed_interfaces
[9.259s] -- Up-to-date: /home/openark/ros2_ws/src/install/zed_interfaces/share/zed_interfaces/cmake/zed_interfaces__rosidl_generator_cExport.cmake
[9.259s] -- Up-to-date: /home/openark/ros2_ws/src/install/zed_interfaces/share/zed_interfaces/cmake/zed_interfaces__rosidl_generator_cExport-noconfig.cmake
[9.259s] -- Up-to-date: /home/openark/ros2_ws/src/install/zed_interfaces/share/zed_interfaces/cmake/zed_interfaces__rosidl_typesupport_introspection_cExport.cmake
[9.262s] -- Up-to-date: /home/openark/ros2_ws/src/install/zed_interfaces/share/zed_interfaces/cmake/zed_interfaces__rosidl_typesupport_introspection_cExport-noconfig.cmake
[9.262s] -- Up-to-date: /home/openark/ros2_ws/src/install/zed_interfaces/share/zed_interfaces/cmake/zed_interfaces__rosidl_typesupport_cExport.cmake
[9.262s] -- Up-to-date: /home/openark/ros2_ws/src/install/zed_interfaces/share/zed_interfaces/cmake/zed_interfaces__rosidl_typesupport_cExport-noconfig.cmake
[9.263s] -- Up-to-date: /home/openark/ros2_ws/src/install/zed_interfaces/share/zed_interfaces/cmake/zed_interfaces__rosidl_generator_cppExport.cmake
[9.263s] -- Up-to-date: /home/openark/ros2_ws/src/install/zed_interfaces/share/zed_interfaces/cmake/zed_interfaces__rosidl_typesupport_introspection_cppExport.cmake
[9.263s] -- Up-to-date: /home/openark/ros2_ws/src/install/zed_interfaces/share/zed_interfaces/cmake/zed_interfaces__rosidl_typesupport_introspection_cppExport-noconfig.cmake
[9.263s] -- Up-to-date: /home/openark/ros2_ws/src/install/zed_interfaces/share/zed_interfaces/cmake/zed_interfaces__rosidl_typesupport_cppExport.cmake
[9.264s] -- Up-to-date: /home/openark/ros2_ws/src/install/zed_interfaces/share/zed_interfaces/cmake/zed_interfaces__rosidl_typesupport_cppExport-noconfig.cmake
[9.264s] -- Up-to-date: /home/openark/ros2_ws/src/install/zed_interfaces/share/zed_interfaces/cmake/rosidl_cmake-extras.cmake
[9.265s] -- Up-to-date: /home/openark/ros2_ws/src/install/zed_interfaces/share/zed_interfaces/cmake/ament_cmake_export_dependencies-extras.cmake
[9.265s] -- Up-to-date: /home/openark/ros2_ws/src/install/zed_interfaces/share/zed_interfaces/cmake/ament_cmake_export_libraries-extras.cmake
[9.265s] -- Up-to-date: /home/openark/ros2_ws/src/install/zed_interfaces/share/zed_interfaces/cmake/ament_cmake_export_targets-extras.cmake
[9.266s] -- Up-to-date: /home/openark/ros2_ws/src/install/zed_interfaces/share/zed_interfaces/cmake/ament_cmake_export_include_directories-extras.cmake
[9.266s] -- Up-to-date: /home/openark/ros2_ws/src/install/zed_interfaces/share/zed_interfaces/cmake/rosidl_cmake_export_typesupport_libraries-extras.cmake
[9.266s] -- Up-to-date: /home/openark/ros2_ws/src/install/zed_interfaces/share/zed_interfaces/cmake/rosidl_cmake_export_typesupport_targets-extras.cmake
[9.267s] -- Up-to-date: /home/openark/ros2_ws/src/install/zed_interfaces/share/zed_interfaces/cmake/zed_interfacesConfig.cmake
[9.267s] -- Up-to-date: /home/openark/ros2_ws/src/install/zed_interfaces/share/zed_interfaces/cmake/zed_interfacesConfig-version.cmake
[9.268s] -- Up-to-date: /home/openark/ros2_ws/src/install/zed_interfaces/share/zed_interfaces/package.xml
[14.515s] Invoked command in '/home/openark/ros2_ws/src/build/zed_interfaces' returned '0': CMAKE_PREFIX_PATH=/home/openark/ros2_ws/install/zed_ros2:/home/openark/ros2_ws/install/zed_multi_camera:/home/openark/ros2_ws/install/zed_display_rviz2:/home/openark/ros2_ws/install/zed_wrapper:/home/openark/ros2_ws/install/zed_tutorial_video:/home/openark/ros2_ws/install/zed_tutorial_pos_tracking:/home/openark/ros2_ws/install/zed_tutorial_depth:/home/openark/ros2_ws/install/zed_topic_benchmark_interfaces:/home/openark/ros2_ws/install/zed_rgb_convert:/home/openark/ros2_ws/install/zed_components:/home/openark/ros2_ws/install/rviz_plugin_zed_od:/home/openark/ros2_ws/install/zed_interfaces:/home/openark/ros2_ws/install/examples_rclpy_minimal_subscriber:/home/openark/ros2_ws/install/examples_rclpy_minimal_service:/home/openark/ros2_ws/install/examples_rclpy_minimal_publisher:/home/openark/ros2_ws/install/examples_rclpy_minimal_client:/home/openark/ros2_ws/install/examples_rclpy_minimal_action_server:/home/openark/ros2_ws/install/examples_rclpy_minimal_action_client:/home/openark/ros2_ws/install/examples_rclpy_executors:/opt/ros/foxy:/home/openark/ros2_ws/install/septentrio_gnss_driver:/home/openark/ros2_ws/install/roar_septentrio_interface:/home/openark/ros2_ws/install/examples_rclcpp_multithreaded_executor:/home/openark/ros2_ws/install/examples_rclcpp_minimal_timer:/home/openark/ros2_ws/install/examples_rclcpp_minimal_subscriber:/home/openark/ros2_ws/install/examples_rclcpp_minimal_service:/home/openark/ros2_ws/install/examples_rclcpp_minimal_publisher:/home/openark/ros2_ws/install/examples_rclcpp_minimal_composition:/home/openark/ros2_ws/install/examples_rclcpp_minimal_client:/home/openark/ros2_ws/install/examples_rclcpp_minimal_action_server:/home/openark/ros2_ws/install/examples_rclcpp_minimal_action_client /usr/bin/cmake --install /home/openark/ros2_ws/src/build/zed_interfaces
