[0.360s] Invoking command in '/home/openark/ros2_ws/build/septentrio_gnss_driver': /usr/bin/cmake /home/openark/ros2_ws/src/septentrio_gnss_driver -DCATKIN_INSTALL_INTO_PREFIX_ROOT=0 -DCMAKE_INSTALL_PREFIX=/home/openark/ros2_ws/install/septentrio_gnss_driver
[0.406s] CMake Error at CMakeLists.txt:10 (find_package):
[0.406s]   By not providing "Findcatkin.cmake" in CMAKE_MODULE_PATH this project has
[0.407s]   asked CMake to find a package configuration file provided by "catkin", but
[0.407s]   CMake did not find one.
[0.407s] 
[0.407s]   Could not find a package configuration file provided by "catkin" with any
[0.408s]   of the following names:
[0.408s] 
[0.408s]     catkinConfig.cmake
[0.408s]     catkin-config.cmake
[0.409s] 
[0.409s]   Add the installation prefix of "catkin" to CMAKE_PREFIX_PATH or set
[0.410s]   "catkin_DIR" to a directory containing one of the above files.  If "catkin"
[0.410s]   provides a separate development package or SDK, be sure it has been
[0.411s]   installed.
[0.412s] 
[0.414s] 
[0.416s] -- Configuring incomplete, errors occurred!
[0.416s] See also "/home/openark/ros2_ws/build/septentrio_gnss_driver/CMakeFiles/CMakeOutput.log".
[0.417s] See also "/home/openark/ros2_ws/build/septentrio_gnss_driver/CMakeFiles/CMakeError.log".
[0.418s] Invoked command in '/home/openark/ros2_ws/build/septentrio_gnss_driver' returned '1': /usr/bin/cmake /home/openark/ros2_ws/src/septentrio_gnss_driver -DCATKIN_INSTALL_INTO_PREFIX_ROOT=0 -DCMAKE_INSTALL_PREFIX=/home/openark/ros2_ws/install/septentrio_gnss_driver
