[1.940s] Invoking command in '/home/openark/ros2_ws/build/zed_interfaces': CMAKE_PREFIX_PATH=/home/openark/ros2_ws/install/zed_ros2:/home/openark/ros2_ws/install/zed_multi_camera:/home/openark/ros2_ws/install/zed_display_rviz2:/home/openark/ros2_ws/install/zed_wrapper:/home/openark/ros2_ws/install/zed_tutorial_video:/home/openark/ros2_ws/install/zed_tutorial_pos_tracking:/home/openark/ros2_ws/install/zed_tutorial_depth:/home/openark/ros2_ws/install/zed_topic_benchmark_interfaces:/home/openark/ros2_ws/install/zed_rgb_convert:/home/openark/ros2_ws/install/zed_components:/home/openark/ros2_ws/install/rviz_plugin_zed_od:/home/openark/ros2_ws/install/zed_interfaces:/home/openark/ros2_ws/install/examples_rclpy_minimal_subscriber:/home/openark/ros2_ws/install/examples_rclpy_minimal_service:/home/openark/ros2_ws/install/examples_rclpy_minimal_publisher:/home/openark/ros2_ws/install/examples_rclpy_minimal_client:/home/openark/ros2_ws/install/examples_rclpy_minimal_action_server:/home/openark/ros2_ws/install/examples_rclpy_minimal_action_client:/home/openark/ros2_ws/install/examples_rclpy_executors:/opt/ros/foxy:/home/openark/ros2_ws/install/septentrio_gnss_driver:/home/openark/ros2_ws/install/examples_rclcpp_multithreaded_executor:/home/openark/ros2_ws/install/examples_rclcpp_minimal_timer:/home/openark/ros2_ws/install/examples_rclcpp_minimal_subscriber:/home/openark/ros2_ws/install/examples_rclcpp_minimal_service:/home/openark/ros2_ws/install/examples_rclcpp_minimal_publisher:/home/openark/ros2_ws/install/examples_rclcpp_minimal_composition:/home/openark/ros2_ws/install/examples_rclcpp_minimal_client:/home/openark/ros2_ws/install/examples_rclcpp_minimal_action_server:/home/openark/ros2_ws/install/examples_rclcpp_minimal_action_client /usr/bin/cmake --build /home/openark/ros2_ws/build/zed_interfaces -- -j12 -l12
[2.573s] [  0%] Built target zed_interfaces__cpp
[2.573s] [ 12%] Built target zed_interfaces__rosidl_generator_c
[2.573s] [ 36%] Built target zed_interfaces__rosidl_typesupport_c
[2.573s] [ 36%] Built target zed_interfaces__rosidl_typesupport_cpp
[2.574s] [ 48%] Built target zed_interfaces__rosidl_typesupport_introspection_cpp
[2.574s] [ 60%] Built target zed_interfaces__rosidl_typesupport_fastrtps_cpp
[2.575s] [ 72%] Built target zed_interfaces__rosidl_typesupport_introspection_c
[2.575s] [ 84%] Built target zed_interfaces__rosidl_typesupport_fastrtps_c
[2.575s] [ 84%] Built target zed_interfaces
[2.576s] [ 85%] Built target zed_interfaces__py
[2.576s] [ 96%] Built target zed_interfaces__python
[2.577s] [ 97%] Built target zed_interfaces__rosidl_typesupport_c__pyext
[2.577s] [ 99%] Built target zed_interfaces__rosidl_typesupport_fastrtps_c__pyext
[2.577s] [100%] Built target zed_interfaces__rosidl_typesupport_introspection_c__pyext
[2.616s] Invoked command in '/home/openark/ros2_ws/build/zed_interfaces' returned '0': CMAKE_PREFIX_PATH=/home/openark/ros2_ws/install/zed_ros2:/home/openark/ros2_ws/install/zed_multi_camera:/home/openark/ros2_ws/install/zed_display_rviz2:/home/openark/ros2_ws/install/zed_wrapper:/home/openark/ros2_ws/install/zed_tutorial_video:/home/openark/ros2_ws/install/zed_tutorial_pos_tracking:/home/openark/ros2_ws/install/zed_tutorial_depth:/home/openark/ros2_ws/install/zed_topic_benchmark_interfaces:/home/openark/ros2_ws/install/zed_rgb_convert:/home/openark/ros2_ws/install/zed_components:/home/openark/ros2_ws/install/rviz_plugin_zed_od:/home/openark/ros2_ws/install/zed_interfaces:/home/openark/ros2_ws/install/examples_rclpy_minimal_subscriber:/home/openark/ros2_ws/install/examples_rclpy_minimal_service:/home/openark/ros2_ws/install/examples_rclpy_minimal_publisher:/home/openark/ros2_ws/install/examples_rclpy_minimal_client:/home/openark/ros2_ws/install/examples_rclpy_minimal_action_server:/home/openark/ros2_ws/install/examples_rclpy_minimal_action_client:/home/openark/ros2_ws/install/examples_rclpy_executors:/opt/ros/foxy:/home/openark/ros2_ws/install/septentrio_gnss_driver:/home/openark/ros2_ws/install/examples_rclcpp_multithreaded_executor:/home/openark/ros2_ws/install/examples_rclcpp_minimal_timer:/home/openark/ros2_ws/install/examples_rclcpp_minimal_subscriber:/home/openark/ros2_ws/install/examples_rclcpp_minimal_service:/home/openark/ros2_ws/install/examples_rclcpp_minimal_publisher:/home/openark/ros2_ws/install/examples_rclcpp_minimal_composition:/home/openark/ros2_ws/install/examples_rclcpp_minimal_client:/home/openark/ros2_ws/install/examples_rclcpp_minimal_action_server:/home/openark/ros2_ws/install/examples_rclcpp_minimal_action_client /usr/bin/cmake --build /home/openark/ros2_ws/build/zed_interfaces -- -j12 -l12
[3.927s] Invoking command in '/home/openark/ros2_ws/build/zed_interfaces': CMAKE_PREFIX_PATH=/home/openark/ros2_ws/install/zed_ros2:/home/openark/ros2_ws/install/zed_multi_camera:/home/openark/ros2_ws/install/zed_display_rviz2:/home/openark/ros2_ws/install/zed_wrapper:/home/openark/ros2_ws/install/zed_tutorial_video:/home/openark/ros2_ws/install/zed_tutorial_pos_tracking:/home/openark/ros2_ws/install/zed_tutorial_depth:/home/openark/ros2_ws/install/zed_topic_benchmark_interfaces:/home/openark/ros2_ws/install/zed_rgb_convert:/home/openark/ros2_ws/install/zed_components:/home/openark/ros2_ws/install/rviz_plugin_zed_od:/home/openark/ros2_ws/install/zed_interfaces:/home/openark/ros2_ws/install/examples_rclpy_minimal_subscriber:/home/openark/ros2_ws/install/examples_rclpy_minimal_service:/home/openark/ros2_ws/install/examples_rclpy_minimal_publisher:/home/openark/ros2_ws/install/examples_rclpy_minimal_client:/home/openark/ros2_ws/install/examples_rclpy_minimal_action_server:/home/openark/ros2_ws/install/examples_rclpy_minimal_action_client:/home/openark/ros2_ws/install/examples_rclpy_executors:/opt/ros/foxy:/home/openark/ros2_ws/install/septentrio_gnss_driver:/home/openark/ros2_ws/install/examples_rclcpp_multithreaded_executor:/home/openark/ros2_ws/install/examples_rclcpp_minimal_timer:/home/openark/ros2_ws/install/examples_rclcpp_minimal_subscriber:/home/openark/ros2_ws/install/examples_rclcpp_minimal_service:/home/openark/ros2_ws/install/examples_rclcpp_minimal_publisher:/home/openark/ros2_ws/install/examples_rclcpp_minimal_composition:/home/openark/ros2_ws/install/examples_rclcpp_minimal_client:/home/openark/ros2_ws/install/examples_rclcpp_minimal_action_server:/home/openark/ros2_ws/install/examples_rclcpp_minimal_action_client /usr/bin/cmake --install /home/openark/ros2_ws/build/zed_interfaces
[4.468s] -- Install configuration: "Release"
[4.469s] -- Execute custom install script
[4.469s] -- Up-to-date symlink: /home/openark/ros2_ws/install/zed_interfaces/share/ament_index/resource_index/rosidl_interfaces/zed_interfaces
[4.469s] -- Up-to-date symlink: /home/openark/ros2_ws/install/zed_interfaces/include/zed_interfaces/msg/bounding_box2_df.h
[4.469s] -- Up-to-date symlink: /home/openark/ros2_ws/install/zed_interfaces/include/zed_interfaces/msg/bounding_box2_di.h
[4.469s] -- Up-to-date symlink: /home/openark/ros2_ws/install/zed_interfaces/include/zed_interfaces/msg/bounding_box3_d.h
[4.469s] -- Up-to-date symlink: /home/openark/ros2_ws/install/zed_interfaces/include/zed_interfaces/msg/depth_info_stamped.h
[4.469s] -- Up-to-date symlink: /home/openark/ros2_ws/install/zed_interfaces/include/zed_interfaces/msg/detail/bounding_box2_df__functions.h
[4.469s] -- Up-to-date symlink: /home/openark/ros2_ws/install/zed_interfaces/include/zed_interfaces/msg/detail/bounding_box2_df__struct.h
[4.469s] -- Up-to-date symlink: /home/openark/ros2_ws/install/zed_interfaces/include/zed_interfaces/msg/detail/bounding_box2_df__type_support.h
[4.469s] -- Up-to-date symlink: /home/openark/ros2_ws/install/zed_interfaces/include/zed_interfaces/msg/detail/bounding_box2_di__functions.h
[4.470s] -- Up-to-date symlink: /home/openark/ros2_ws/install/zed_interfaces/include/zed_interfaces/msg/detail/bounding_box2_di__struct.h
[4.470s] -- Up-to-date symlink: /home/openark/ros2_ws/install/zed_interfaces/include/zed_interfaces/msg/detail/bounding_box2_di__type_support.h
[4.470s] -- Up-to-date symlink: /home/openark/ros2_ws/install/zed_interfaces/include/zed_interfaces/msg/detail/bounding_box3_d__functions.h
[4.470s] -- Up-to-date symlink: /home/openark/ros2_ws/install/zed_interfaces/include/zed_interfaces/msg/detail/bounding_box3_d__struct.h
[4.470s] -- Up-to-date symlink: /home/openark/ros2_ws/install/zed_interfaces/include/zed_interfaces/msg/detail/bounding_box3_d__type_support.h
[4.470s] -- Up-to-date symlink: /home/openark/ros2_ws/install/zed_interfaces/include/zed_interfaces/msg/detail/depth_info_stamped__functions.h
[4.470s] -- Up-to-date symlink: /home/openark/ros2_ws/install/zed_interfaces/include/zed_interfaces/msg/detail/depth_info_stamped__struct.h
[4.471s] -- Up-to-date symlink: /home/openark/ros2_ws/install/zed_interfaces/include/zed_interfaces/msg/detail/depth_info_stamped__type_support.h
[4.471s] -- Up-to-date symlink: /home/openark/ros2_ws/install/zed_interfaces/include/zed_interfaces/msg/detail/heartbeat__functions.h
[4.471s] -- Up-to-date symlink: /home/openark/ros2_ws/install/zed_interfaces/include/zed_interfaces/msg/detail/heartbeat__struct.h
[4.471s] -- Up-to-date symlink: /home/openark/ros2_ws/install/zed_interfaces/include/zed_interfaces/msg/detail/heartbeat__type_support.h
[4.471s] -- Up-to-date symlink: /home/openark/ros2_ws/install/zed_interfaces/include/zed_interfaces/msg/detail/keypoint2_df__functions.h
[4.471s] -- Up-to-date symlink: /home/openark/ros2_ws/install/zed_interfaces/include/zed_interfaces/msg/detail/keypoint2_df__struct.h
[4.471s] -- Up-to-date symlink: /home/openark/ros2_ws/install/zed_interfaces/include/zed_interfaces/msg/detail/keypoint2_df__type_support.h
[4.471s] -- Up-to-date symlink: /home/openark/ros2_ws/install/zed_interfaces/include/zed_interfaces/msg/detail/keypoint2_di__functions.h
[4.471s] -- Up-to-date symlink: /home/openark/ros2_ws/install/zed_interfaces/include/zed_interfaces/msg/detail/keypoint2_di__struct.h
[4.471s] -- Up-to-date symlink: /home/openark/ros2_ws/install/zed_interfaces/include/zed_interfaces/msg/detail/keypoint2_di__type_support.h
[4.471s] -- Up-to-date symlink: /home/openark/ros2_ws/install/zed_interfaces/include/zed_interfaces/msg/detail/keypoint3_d__functions.h
[4.472s] -- Up-to-date symlink: /home/openark/ros2_ws/install/zed_interfaces/include/zed_interfaces/msg/detail/keypoint3_d__struct.h
[4.472s] -- Up-to-date symlink: /home/openark/ros2_ws/install/zed_interfaces/include/zed_interfaces/msg/detail/keypoint3_d__type_support.h
[4.472s] -- Up-to-date symlink: /home/openark/ros2_ws/install/zed_interfaces/include/zed_interfaces/msg/detail/object__functions.h
[4.472s] -- Up-to-date symlink: /home/openark/ros2_ws/install/zed_interfaces/include/zed_interfaces/msg/detail/object__struct.h
[4.472s] -- Up-to-date symlink: /home/openark/ros2_ws/install/zed_interfaces/include/zed_interfaces/msg/detail/object__type_support.h
[4.472s] -- Up-to-date symlink: /home/openark/ros2_ws/install/zed_interfaces/include/zed_interfaces/msg/detail/objects_stamped__functions.h
[4.472s] -- Up-to-date symlink: /home/openark/ros2_ws/install/zed_interfaces/include/zed_interfaces/msg/detail/objects_stamped__struct.h
[4.472s] -- Up-to-date symlink: /home/openark/ros2_ws/install/zed_interfaces/include/zed_interfaces/msg/detail/objects_stamped__type_support.h
[4.473s] -- Up-to-date symlink: /home/openark/ros2_ws/install/zed_interfaces/include/zed_interfaces/msg/detail/plane_stamped__functions.h
[4.473s] -- Up-to-date symlink: /home/openark/ros2_ws/install/zed_interfaces/include/zed_interfaces/msg/detail/plane_stamped__struct.h
[4.473s] -- Up-to-date symlink: /home/openark/ros2_ws/install/zed_interfaces/include/zed_interfaces/msg/detail/plane_stamped__type_support.h
[4.473s] -- Up-to-date symlink: /home/openark/ros2_ws/install/zed_interfaces/include/zed_interfaces/msg/detail/pos_track_status__functions.h
[4.473s] -- Up-to-date symlink: /home/openark/ros2_ws/install/zed_interfaces/include/zed_interfaces/msg/detail/pos_track_status__struct.h
[4.473s] -- Up-to-date symlink: /home/openark/ros2_ws/install/zed_interfaces/include/zed_interfaces/msg/detail/pos_track_status__type_support.h
[4.473s] -- Up-to-date symlink: /home/openark/ros2_ws/install/zed_interfaces/include/zed_interfaces/msg/detail/skeleton2_d__functions.h
[4.473s] -- Up-to-date symlink: /home/openark/ros2_ws/install/zed_interfaces/include/zed_interfaces/msg/detail/skeleton2_d__struct.h
[4.473s] -- Up-to-date symlink: /home/openark/ros2_ws/install/zed_interfaces/include/zed_interfaces/msg/detail/skeleton2_d__type_support.h
[4.474s] -- Up-to-date symlink: /home/openark/ros2_ws/install/zed_interfaces/include/zed_interfaces/msg/detail/skeleton3_d__functions.h
[4.474s] -- Up-to-date symlink: /home/openark/ros2_ws/install/zed_interfaces/include/zed_interfaces/msg/detail/skeleton3_d__struct.h
[4.474s] -- Up-to-date symlink: /home/openark/ros2_ws/install/zed_interfaces/include/zed_interfaces/msg/detail/skeleton3_d__type_support.h
[4.474s] -- Up-to-date symlink: /home/openark/ros2_ws/install/zed_interfaces/include/zed_interfaces/msg/heartbeat.h
[4.474s] -- Up-to-date symlink: /home/openark/ros2_ws/install/zed_interfaces/include/zed_interfaces/msg/keypoint2_df.h
[4.474s] -- Up-to-date symlink: /home/openark/ros2_ws/install/zed_interfaces/include/zed_interfaces/msg/keypoint2_di.h
[4.474s] -- Up-to-date symlink: /home/openark/ros2_ws/install/zed_interfaces/include/zed_interfaces/msg/keypoint3_d.h
[4.475s] -- Up-to-date symlink: /home/openark/ros2_ws/install/zed_interfaces/include/zed_interfaces/msg/object.h
[4.475s] -- Up-to-date symlink: /home/openark/ros2_ws/install/zed_interfaces/include/zed_interfaces/msg/objects_stamped.h
[4.475s] -- Up-to-date symlink: /home/openark/ros2_ws/install/zed_interfaces/include/zed_interfaces/msg/plane_stamped.h
[4.475s] -- Up-to-date symlink: /home/openark/ros2_ws/install/zed_interfaces/include/zed_interfaces/msg/pos_track_status.h
[4.475s] -- Up-to-date symlink: /home/openark/ros2_ws/install/zed_interfaces/include/zed_interfaces/msg/rosidl_generator_c__visibility_control.h
[4.475s] -- Up-to-date symlink: /home/openark/ros2_ws/install/zed_interfaces/include/zed_interfaces/msg/skeleton2_d.h
[4.477s] -- Up-to-date symlink: /home/openark/ros2_ws/install/zed_interfaces/include/zed_interfaces/msg/skeleton3_d.h
[4.477s] -- Up-to-date symlink: /home/openark/ros2_ws/install/zed_interfaces/include/zed_interfaces/srv/detail/set_pose__functions.h
[4.477s] -- Up-to-date symlink: /home/openark/ros2_ws/install/zed_interfaces/include/zed_interfaces/srv/detail/set_pose__struct.h
[4.477s] -- Up-to-date symlink: /home/openark/ros2_ws/install/zed_interfaces/include/zed_interfaces/srv/detail/set_pose__type_support.h
[4.477s] -- Up-to-date symlink: /home/openark/ros2_ws/install/zed_interfaces/include/zed_interfaces/srv/detail/set_roi__functions.h
[4.478s] -- Up-to-date symlink: /home/openark/ros2_ws/install/zed_interfaces/include/zed_interfaces/srv/detail/set_roi__struct.h
[4.478s] -- Up-to-date symlink: /home/openark/ros2_ws/install/zed_interfaces/include/zed_interfaces/srv/detail/set_roi__type_support.h
[4.478s] -- Up-to-date symlink: /home/openark/ros2_ws/install/zed_interfaces/include/zed_interfaces/srv/detail/start_svo_rec__functions.h
[4.478s] -- Up-to-date symlink: /home/openark/ros2_ws/install/zed_interfaces/include/zed_interfaces/srv/detail/start_svo_rec__struct.h
[4.478s] -- Up-to-date symlink: /home/openark/ros2_ws/install/zed_interfaces/include/zed_interfaces/srv/detail/start_svo_rec__type_support.h
[4.478s] -- Up-to-date symlink: /home/openark/ros2_ws/install/zed_interfaces/include/zed_interfaces/srv/set_pose.h
[4.479s] -- Up-to-date symlink: /home/openark/ros2_ws/install/zed_interfaces/include/zed_interfaces/srv/set_roi.h
[4.479s] -- Up-to-date symlink: /home/openark/ros2_ws/install/zed_interfaces/include/zed_interfaces/srv/start_svo_rec.h
[4.479s] -- Up-to-date symlink: /home/openark/ros2_ws/install/zed_interfaces/share/zed_interfaces/environment/library_path.sh
[4.479s] -- Up-to-date symlink: /home/openark/ros2_ws/install/zed_interfaces/share/zed_interfaces/environment/library_path.dsv
[4.480s] -- Up-to-date symlink: /home/openark/ros2_ws/install/zed_interfaces/include/zed_interfaces/msg/detail/bounding_box2_df__rosidl_typesupport_fastrtps_c.h
[4.480s] -- Up-to-date symlink: /home/openark/ros2_ws/install/zed_interfaces/include/zed_interfaces/msg/detail/bounding_box2_di__rosidl_typesupport_fastrtps_c.h
[4.480s] -- Up-to-date symlink: /home/openark/ros2_ws/install/zed_interfaces/include/zed_interfaces/msg/detail/bounding_box3_d__rosidl_typesupport_fastrtps_c.h
[4.480s] -- Up-to-date symlink: /home/openark/ros2_ws/install/zed_interfaces/include/zed_interfaces/msg/detail/depth_info_stamped__rosidl_typesupport_fastrtps_c.h
[4.481s] -- Up-to-date symlink: /home/openark/ros2_ws/install/zed_interfaces/include/zed_interfaces/msg/detail/heartbeat__rosidl_typesupport_fastrtps_c.h
[4.481s] -- Up-to-date symlink: /home/openark/ros2_ws/install/zed_interfaces/include/zed_interfaces/msg/detail/keypoint2_df__rosidl_typesupport_fastrtps_c.h
[4.481s] -- Up-to-date symlink: /home/openark/ros2_ws/install/zed_interfaces/include/zed_interfaces/msg/detail/keypoint2_di__rosidl_typesupport_fastrtps_c.h
[4.481s] -- Up-to-date symlink: /home/openark/ros2_ws/install/zed_interfaces/include/zed_interfaces/msg/detail/keypoint3_d__rosidl_typesupport_fastrtps_c.h
[4.481s] -- Up-to-date symlink: /home/openark/ros2_ws/install/zed_interfaces/include/zed_interfaces/msg/detail/object__rosidl_typesupport_fastrtps_c.h
[4.481s] -- Up-to-date symlink: /home/openark/ros2_ws/install/zed_interfaces/include/zed_interfaces/msg/detail/objects_stamped__rosidl_typesupport_fastrtps_c.h
[4.481s] -- Up-to-date symlink: /home/openark/ros2_ws/install/zed_interfaces/include/zed_interfaces/msg/detail/plane_stamped__rosidl_typesupport_fastrtps_c.h
[4.482s] -- Up-to-date symlink: /home/openark/ros2_ws/install/zed_interfaces/include/zed_interfaces/msg/detail/pos_track_status__rosidl_typesupport_fastrtps_c.h
[4.482s] -- Up-to-date symlink: /home/openark/ros2_ws/install/zed_interfaces/include/zed_interfaces/msg/detail/skeleton2_d__rosidl_typesupport_fastrtps_c.h
[4.482s] -- Up-to-date symlink: /home/openark/ros2_ws/install/zed_interfaces/include/zed_interfaces/msg/detail/skeleton3_d__rosidl_typesupport_fastrtps_c.h
[4.482s] -- Up-to-date symlink: /home/openark/ros2_ws/install/zed_interfaces/include/zed_interfaces/msg/rosidl_typesupport_fastrtps_c__visibility_control.h
[4.482s] -- Up-to-date symlink: /home/openark/ros2_ws/install/zed_interfaces/include/zed_interfaces/srv/detail/set_pose__rosidl_typesupport_fastrtps_c.h
[4.482s] -- Up-to-date symlink: /home/openark/ros2_ws/install/zed_interfaces/include/zed_interfaces/srv/detail/set_roi__rosidl_typesupport_fastrtps_c.h
[4.482s] -- Up-to-date symlink: /home/openark/ros2_ws/install/zed_interfaces/include/zed_interfaces/srv/detail/start_svo_rec__rosidl_typesupport_fastrtps_c.h
[4.483s] -- Up-to-date symlink: /home/openark/ros2_ws/install/zed_interfaces/lib/libzed_interfaces__rosidl_typesupport_fastrtps_c.so
[4.483s] -- Up-to-date symlink: /home/openark/ros2_ws/install/zed_interfaces/include/zed_interfaces/msg/detail/bounding_box2_df__rosidl_typesupport_fastrtps_cpp.hpp
[4.484s] -- Up-to-date symlink: /home/openark/ros2_ws/install/zed_interfaces/include/zed_interfaces/msg/detail/bounding_box2_di__rosidl_typesupport_fastrtps_cpp.hpp
[4.484s] -- Up-to-date symlink: /home/openark/ros2_ws/install/zed_interfaces/include/zed_interfaces/msg/detail/bounding_box3_d__rosidl_typesupport_fastrtps_cpp.hpp
[4.484s] -- Up-to-date symlink: /home/openark/ros2_ws/install/zed_interfaces/include/zed_interfaces/msg/detail/depth_info_stamped__rosidl_typesupport_fastrtps_cpp.hpp
[4.485s] -- Up-to-date symlink: /home/openark/ros2_ws/install/zed_interfaces/include/zed_interfaces/msg/detail/heartbeat__rosidl_typesupport_fastrtps_cpp.hpp
[4.485s] -- Up-to-date symlink: /home/openark/ros2_ws/install/zed_interfaces/include/zed_interfaces/msg/detail/keypoint2_df__rosidl_typesupport_fastrtps_cpp.hpp
[4.485s] -- Up-to-date symlink: /home/openark/ros2_ws/install/zed_interfaces/include/zed_interfaces/msg/detail/keypoint2_di__rosidl_typesupport_fastrtps_cpp.hpp
[4.485s] -- Up-to-date symlink: /home/openark/ros2_ws/install/zed_interfaces/include/zed_interfaces/msg/detail/keypoint3_d__rosidl_typesupport_fastrtps_cpp.hpp
[4.486s] -- Up-to-date symlink: /home/openark/ros2_ws/install/zed_interfaces/include/zed_interfaces/msg/detail/object__rosidl_typesupport_fastrtps_cpp.hpp
[4.486s] -- Up-to-date symlink: /home/openark/ros2_ws/install/zed_interfaces/include/zed_interfaces/msg/detail/objects_stamped__rosidl_typesupport_fastrtps_cpp.hpp
[4.486s] -- Up-to-date symlink: /home/openark/ros2_ws/install/zed_interfaces/include/zed_interfaces/msg/detail/plane_stamped__rosidl_typesupport_fastrtps_cpp.hpp
[4.486s] -- Up-to-date symlink: /home/openark/ros2_ws/install/zed_interfaces/include/zed_interfaces/msg/detail/pos_track_status__rosidl_typesupport_fastrtps_cpp.hpp
[4.486s] -- Up-to-date symlink: /home/openark/ros2_ws/install/zed_interfaces/include/zed_interfaces/msg/detail/skeleton2_d__rosidl_typesupport_fastrtps_cpp.hpp
[4.487s] -- Up-to-date symlink: /home/openark/ros2_ws/install/zed_interfaces/include/zed_interfaces/msg/detail/skeleton3_d__rosidl_typesupport_fastrtps_cpp.hpp
[4.487s] -- Up-to-date symlink: /home/openark/ros2_ws/install/zed_interfaces/include/zed_interfaces/msg/rosidl_typesupport_fastrtps_cpp__visibility_control.h
[4.487s] -- Up-to-date symlink: /home/openark/ros2_ws/install/zed_interfaces/include/zed_interfaces/srv/detail/set_pose__rosidl_typesupport_fastrtps_cpp.hpp
[4.488s] -- Up-to-date symlink: /home/openark/ros2_ws/install/zed_interfaces/include/zed_interfaces/srv/detail/set_roi__rosidl_typesupport_fastrtps_cpp.hpp
[4.488s] -- Up-to-date symlink: /home/openark/ros2_ws/install/zed_interfaces/include/zed_interfaces/srv/detail/start_svo_rec__rosidl_typesupport_fastrtps_cpp.hpp
[4.488s] -- Up-to-date symlink: /home/openark/ros2_ws/install/zed_interfaces/lib/libzed_interfaces__rosidl_typesupport_fastrtps_cpp.so
[4.490s] -- Up-to-date symlink: /home/openark/ros2_ws/install/zed_interfaces/include/zed_interfaces/msg/detail/bounding_box2_df__rosidl_typesupport_introspection_c.h
[4.491s] -- Up-to-date symlink: /home/openark/ros2_ws/install/zed_interfaces/include/zed_interfaces/msg/detail/bounding_box2_di__rosidl_typesupport_introspection_c.h
[4.491s] -- Up-to-date symlink: /home/openark/ros2_ws/install/zed_interfaces/include/zed_interfaces/msg/detail/bounding_box3_d__rosidl_typesupport_introspection_c.h
[4.492s] -- Up-to-date symlink: /home/openark/ros2_ws/install/zed_interfaces/include/zed_interfaces/msg/detail/depth_info_stamped__rosidl_typesupport_introspection_c.h
[4.492s] -- Up-to-date symlink: /home/openark/ros2_ws/install/zed_interfaces/include/zed_interfaces/msg/detail/heartbeat__rosidl_typesupport_introspection_c.h
[4.492s] -- Up-to-date symlink: /home/openark/ros2_ws/install/zed_interfaces/include/zed_interfaces/msg/detail/keypoint2_df__rosidl_typesupport_introspection_c.h
[4.493s] -- Up-to-date symlink: /home/openark/ros2_ws/install/zed_interfaces/include/zed_interfaces/msg/detail/keypoint2_di__rosidl_typesupport_introspection_c.h
[4.494s] -- Up-to-date symlink: /home/openark/ros2_ws/install/zed_interfaces/include/zed_interfaces/msg/detail/keypoint3_d__rosidl_typesupport_introspection_c.h
[4.494s] -- Up-to-date symlink: /home/openark/ros2_ws/install/zed_interfaces/include/zed_interfaces/msg/detail/object__rosidl_typesupport_introspection_c.h
[4.494s] -- Up-to-date symlink: /home/openark/ros2_ws/install/zed_interfaces/include/zed_interfaces/msg/detail/objects_stamped__rosidl_typesupport_introspection_c.h
[4.495s] -- Up-to-date symlink: /home/openark/ros2_ws/install/zed_interfaces/include/zed_interfaces/msg/detail/plane_stamped__rosidl_typesupport_introspection_c.h
[4.495s] -- Up-to-date symlink: /home/openark/ros2_ws/install/zed_interfaces/include/zed_interfaces/msg/detail/pos_track_status__rosidl_typesupport_introspection_c.h
[4.495s] -- Up-to-date symlink: /home/openark/ros2_ws/install/zed_interfaces/include/zed_interfaces/msg/detail/skeleton2_d__rosidl_typesupport_introspection_c.h
[4.496s] -- Up-to-date symlink: /home/openark/ros2_ws/install/zed_interfaces/include/zed_interfaces/msg/detail/skeleton3_d__rosidl_typesupport_introspection_c.h
[4.497s] -- Up-to-date symlink: /home/openark/ros2_ws/install/zed_interfaces/include/zed_interfaces/msg/rosidl_typesupport_introspection_c__visibility_control.h
[4.498s] -- Up-to-date symlink: /home/openark/ros2_ws/install/zed_interfaces/include/zed_interfaces/srv/detail/set_pose__rosidl_typesupport_introspection_c.h
[4.498s] -- Up-to-date symlink: /home/openark/ros2_ws/install/zed_interfaces/include/zed_interfaces/srv/detail/set_roi__rosidl_typesupport_introspection_c.h
[4.498s] -- Up-to-date symlink: /home/openark/ros2_ws/install/zed_interfaces/include/zed_interfaces/srv/detail/start_svo_rec__rosidl_typesupport_introspection_c.h
[4.499s] -- Up-to-date symlink: /home/openark/ros2_ws/install/zed_interfaces/include/zed_interfaces/msg/bounding_box2_df.hpp
[4.499s] -- Up-to-date symlink: /home/openark/ros2_ws/install/zed_interfaces/include/zed_interfaces/msg/bounding_box2_di.hpp
[4.499s] -- Up-to-date symlink: /home/openark/ros2_ws/install/zed_interfaces/include/zed_interfaces/msg/bounding_box3_d.hpp
[4.500s] -- Up-to-date symlink: /home/openark/ros2_ws/install/zed_interfaces/include/zed_interfaces/msg/depth_info_stamped.hpp
[4.500s] -- Up-to-date symlink: /home/openark/ros2_ws/install/zed_interfaces/include/zed_interfaces/msg/detail/bounding_box2_df__builder.hpp
[4.501s] -- Up-to-date symlink: /home/openark/ros2_ws/install/zed_interfaces/include/zed_interfaces/msg/detail/bounding_box2_df__struct.hpp
[4.502s] -- Up-to-date symlink: /home/openark/ros2_ws/install/zed_interfaces/include/zed_interfaces/msg/detail/bounding_box2_df__traits.hpp
[4.502s] -- Up-to-date symlink: /home/openark/ros2_ws/install/zed_interfaces/include/zed_interfaces/msg/detail/bounding_box2_df__type_support.hpp
[4.503s] -- Up-to-date symlink: /home/openark/ros2_ws/install/zed_interfaces/include/zed_interfaces/msg/detail/bounding_box2_di__builder.hpp
[4.503s] -- Up-to-date symlink: /home/openark/ros2_ws/install/zed_interfaces/include/zed_interfaces/msg/detail/bounding_box2_di__struct.hpp
[4.504s] -- Up-to-date symlink: /home/openark/ros2_ws/install/zed_interfaces/include/zed_interfaces/msg/detail/bounding_box2_di__traits.hpp
[4.504s] -- Up-to-date symlink: /home/openark/ros2_ws/install/zed_interfaces/include/zed_interfaces/msg/detail/bounding_box2_di__type_support.hpp
[4.504s] -- Up-to-date symlink: /home/openark/ros2_ws/install/zed_interfaces/include/zed_interfaces/msg/detail/bounding_box3_d__builder.hpp
[4.508s] -- Up-to-date symlink: /home/openark/ros2_ws/install/zed_interfaces/include/zed_interfaces/msg/detail/bounding_box3_d__struct.hpp
[4.508s] -- Up-to-date symlink: /home/openark/ros2_ws/install/zed_interfaces/include/zed_interfaces/msg/detail/bounding_box3_d__traits.hpp
[4.509s] -- Up-to-date symlink: /home/openark/ros2_ws/install/zed_interfaces/include/zed_interfaces/msg/detail/bounding_box3_d__type_support.hpp
[4.509s] -- Up-to-date symlink: /home/openark/ros2_ws/install/zed_interfaces/include/zed_interfaces/msg/detail/depth_info_stamped__builder.hpp
[4.510s] -- Up-to-date symlink: /home/openark/ros2_ws/install/zed_interfaces/include/zed_interfaces/msg/detail/depth_info_stamped__struct.hpp
[4.510s] -- Up-to-date symlink: /home/openark/ros2_ws/install/zed_interfaces/include/zed_interfaces/msg/detail/depth_info_stamped__traits.hpp
[4.510s] -- Up-to-date symlink: /home/openark/ros2_ws/install/zed_interfaces/include/zed_interfaces/msg/detail/depth_info_stamped__type_support.hpp
[4.511s] -- Up-to-date symlink: /home/openark/ros2_ws/install/zed_interfaces/include/zed_interfaces/msg/detail/heartbeat__builder.hpp
[4.511s] -- Up-to-date symlink: /home/openark/ros2_ws/install/zed_interfaces/include/zed_interfaces/msg/detail/heartbeat__struct.hpp
[4.511s] -- Up-to-date symlink: /home/openark/ros2_ws/install/zed_interfaces/include/zed_interfaces/msg/detail/heartbeat__traits.hpp
[4.512s] -- Up-to-date symlink: /home/openark/ros2_ws/install/zed_interfaces/include/zed_interfaces/msg/detail/heartbeat__type_support.hpp
[4.512s] -- Up-to-date symlink: /home/openark/ros2_ws/install/zed_interfaces/include/zed_interfaces/msg/detail/keypoint2_df__builder.hpp
[4.513s] -- Up-to-date symlink: /home/openark/ros2_ws/install/zed_interfaces/include/zed_interfaces/msg/detail/keypoint2_df__struct.hpp
[4.515s] -- Up-to-date symlink: /home/openark/ros2_ws/install/zed_interfaces/include/zed_interfaces/msg/detail/keypoint2_df__traits.hpp
[4.515s] -- Up-to-date symlink: /home/openark/ros2_ws/install/zed_interfaces/include/zed_interfaces/msg/detail/keypoint2_df__type_support.hpp
[4.516s] -- Up-to-date symlink: /home/openark/ros2_ws/install/zed_interfaces/include/zed_interfaces/msg/detail/keypoint2_di__builder.hpp
[4.520s] -- Up-to-date symlink: /home/openark/ros2_ws/install/zed_interfaces/include/zed_interfaces/msg/detail/keypoint2_di__struct.hpp
[4.521s] -- Up-to-date symlink: /home/openark/ros2_ws/install/zed_interfaces/include/zed_interfaces/msg/detail/keypoint2_di__traits.hpp
[4.521s] -- Up-to-date symlink: /home/openark/ros2_ws/install/zed_interfaces/include/zed_interfaces/msg/detail/keypoint2_di__type_support.hpp
[4.521s] -- Up-to-date symlink: /home/openark/ros2_ws/install/zed_interfaces/include/zed_interfaces/msg/detail/keypoint3_d__builder.hpp
[4.521s] -- Up-to-date symlink: /home/openark/ros2_ws/install/zed_interfaces/include/zed_interfaces/msg/detail/keypoint3_d__struct.hpp
[4.522s] -- Up-to-date symlink: /home/openark/ros2_ws/install/zed_interfaces/include/zed_interfaces/msg/detail/keypoint3_d__traits.hpp
[4.522s] -- Up-to-date symlink: /home/openark/ros2_ws/install/zed_interfaces/include/zed_interfaces/msg/detail/keypoint3_d__type_support.hpp
[4.522s] -- Up-to-date symlink: /home/openark/ros2_ws/install/zed_interfaces/include/zed_interfaces/msg/detail/object__builder.hpp
[4.522s] -- Up-to-date symlink: /home/openark/ros2_ws/install/zed_interfaces/include/zed_interfaces/msg/detail/object__struct.hpp
[4.523s] -- Up-to-date symlink: /home/openark/ros2_ws/install/zed_interfaces/include/zed_interfaces/msg/detail/object__traits.hpp
[4.523s] -- Up-to-date symlink: /home/openark/ros2_ws/install/zed_interfaces/include/zed_interfaces/msg/detail/object__type_support.hpp
[4.523s] -- Up-to-date symlink: /home/openark/ros2_ws/install/zed_interfaces/include/zed_interfaces/msg/detail/objects_stamped__builder.hpp
[4.523s] -- Up-to-date symlink: /home/openark/ros2_ws/install/zed_interfaces/include/zed_interfaces/msg/detail/objects_stamped__struct.hpp
[4.524s] -- Up-to-date symlink: /home/openark/ros2_ws/install/zed_interfaces/include/zed_interfaces/msg/detail/objects_stamped__traits.hpp
[4.524s] -- Up-to-date symlink: /home/openark/ros2_ws/install/zed_interfaces/include/zed_interfaces/msg/detail/objects_stamped__type_support.hpp
[4.524s] -- Up-to-date symlink: /home/openark/ros2_ws/install/zed_interfaces/include/zed_interfaces/msg/detail/plane_stamped__builder.hpp
[4.526s] -- Up-to-date symlink: /home/openark/ros2_ws/install/zed_interfaces/include/zed_interfaces/msg/detail/plane_stamped__struct.hpp
[4.526s] -- Up-to-date symlink: /home/openark/ros2_ws/install/zed_interfaces/include/zed_interfaces/msg/detail/plane_stamped__traits.hpp
[4.527s] -- Up-to-date symlink: /home/openark/ros2_ws/install/zed_interfaces/include/zed_interfaces/msg/detail/plane_stamped__type_support.hpp
[4.527s] -- Up-to-date symlink: /home/openark/ros2_ws/install/zed_interfaces/include/zed_interfaces/msg/detail/pos_track_status__builder.hpp
[4.528s] -- Up-to-date symlink: /home/openark/ros2_ws/install/zed_interfaces/include/zed_interfaces/msg/detail/pos_track_status__struct.hpp
[4.528s] -- Up-to-date symlink: /home/openark/ros2_ws/install/zed_interfaces/include/zed_interfaces/msg/detail/pos_track_status__traits.hpp
[4.530s] -- Up-to-date symlink: /home/openark/ros2_ws/install/zed_interfaces/include/zed_interfaces/msg/detail/pos_track_status__type_support.hpp
[4.530s] -- Up-to-date symlink: /home/openark/ros2_ws/install/zed_interfaces/include/zed_interfaces/msg/detail/skeleton2_d__builder.hpp
[4.530s] -- Up-to-date symlink: /home/openark/ros2_ws/install/zed_interfaces/include/zed_interfaces/msg/detail/skeleton2_d__struct.hpp
[4.531s] -- Up-to-date symlink: /home/openark/ros2_ws/install/zed_interfaces/include/zed_interfaces/msg/detail/skeleton2_d__traits.hpp
[4.532s] -- Up-to-date symlink: /home/openark/ros2_ws/install/zed_interfaces/include/zed_interfaces/msg/detail/skeleton2_d__type_support.hpp
[4.532s] -- Up-to-date symlink: /home/openark/ros2_ws/install/zed_interfaces/include/zed_interfaces/msg/detail/skeleton3_d__builder.hpp
[4.532s] -- Up-to-date symlink: /home/openark/ros2_ws/install/zed_interfaces/include/zed_interfaces/msg/detail/skeleton3_d__struct.hpp
[4.533s] -- Up-to-date symlink: /home/openark/ros2_ws/install/zed_interfaces/include/zed_interfaces/msg/detail/skeleton3_d__traits.hpp
[4.533s] -- Up-to-date symlink: /home/openark/ros2_ws/install/zed_interfaces/include/zed_interfaces/msg/detail/skeleton3_d__type_support.hpp
[4.535s] -- Up-to-date symlink: /home/openark/ros2_ws/install/zed_interfaces/include/zed_interfaces/msg/heartbeat.hpp
[4.535s] -- Up-to-date symlink: /home/openark/ros2_ws/install/zed_interfaces/include/zed_interfaces/msg/keypoint2_df.hpp
[4.535s] -- Up-to-date symlink: /home/openark/ros2_ws/install/zed_interfaces/include/zed_interfaces/msg/keypoint2_di.hpp
[4.536s] -- Up-to-date symlink: /home/openark/ros2_ws/install/zed_interfaces/include/zed_interfaces/msg/keypoint3_d.hpp
[4.536s] -- Up-to-date symlink: /home/openark/ros2_ws/install/zed_interfaces/include/zed_interfaces/msg/object.hpp
[4.536s] -- Up-to-date symlink: /home/openark/ros2_ws/install/zed_interfaces/include/zed_interfaces/msg/objects_stamped.hpp
[4.537s] -- Up-to-date symlink: /home/openark/ros2_ws/install/zed_interfaces/include/zed_interfaces/msg/plane_stamped.hpp
[4.537s] -- Up-to-date symlink: /home/openark/ros2_ws/install/zed_interfaces/include/zed_interfaces/msg/pos_track_status.hpp
[4.539s] -- Up-to-date symlink: /home/openark/ros2_ws/install/zed_interfaces/include/zed_interfaces/msg/rosidl_generator_cpp__visibility_control.hpp
[4.539s] -- Up-to-date symlink: /home/openark/ros2_ws/install/zed_interfaces/include/zed_interfaces/msg/skeleton2_d.hpp
[4.539s] -- Up-to-date symlink: /home/openark/ros2_ws/install/zed_interfaces/include/zed_interfaces/msg/skeleton3_d.hpp
[4.539s] -- Up-to-date symlink: /home/openark/ros2_ws/install/zed_interfaces/include/zed_interfaces/srv/detail/set_pose__builder.hpp
[4.539s] -- Up-to-date symlink: /home/openark/ros2_ws/install/zed_interfaces/include/zed_interfaces/srv/detail/set_pose__struct.hpp
[4.539s] -- Up-to-date symlink: /home/openark/ros2_ws/install/zed_interfaces/include/zed_interfaces/srv/detail/set_pose__traits.hpp
[4.539s] -- Up-to-date symlink: /home/openark/ros2_ws/install/zed_interfaces/include/zed_interfaces/srv/detail/set_pose__type_support.hpp
[4.539s] -- Up-to-date symlink: /home/openark/ros2_ws/install/zed_interfaces/include/zed_interfaces/srv/detail/set_roi__builder.hpp
[4.539s] -- Up-to-date symlink: /home/openark/ros2_ws/install/zed_interfaces/include/zed_interfaces/srv/detail/set_roi__struct.hpp
[4.539s] -- Up-to-date symlink: /home/openark/ros2_ws/install/zed_interfaces/include/zed_interfaces/srv/detail/set_roi__traits.hpp
[4.540s] -- Up-to-date symlink: /home/openark/ros2_ws/install/zed_interfaces/include/zed_interfaces/srv/detail/set_roi__type_support.hpp
[4.540s] -- Up-to-date symlink: /home/openark/ros2_ws/install/zed_interfaces/include/zed_interfaces/srv/detail/start_svo_rec__builder.hpp
[4.540s] -- Up-to-date symlink: /home/openark/ros2_ws/install/zed_interfaces/include/zed_interfaces/srv/detail/start_svo_rec__struct.hpp
[4.540s] -- Up-to-date symlink: /home/openark/ros2_ws/install/zed_interfaces/include/zed_interfaces/srv/detail/start_svo_rec__traits.hpp
[4.540s] -- Up-to-date symlink: /home/openark/ros2_ws/install/zed_interfaces/include/zed_interfaces/srv/detail/start_svo_rec__type_support.hpp
[4.540s] -- Up-to-date symlink: /home/openark/ros2_ws/install/zed_interfaces/include/zed_interfaces/srv/set_pose.hpp
[4.540s] -- Up-to-date symlink: /home/openark/ros2_ws/install/zed_interfaces/include/zed_interfaces/srv/set_roi.hpp
[4.540s] -- Up-to-date symlink: /home/openark/ros2_ws/install/zed_interfaces/include/zed_interfaces/srv/start_svo_rec.hpp
[4.540s] -- Up-to-date symlink: /home/openark/ros2_ws/install/zed_interfaces/include/zed_interfaces/msg/detail/bounding_box2_df__rosidl_typesupport_introspection_cpp.hpp
[4.540s] -- Up-to-date symlink: /home/openark/ros2_ws/install/zed_interfaces/include/zed_interfaces/msg/detail/bounding_box2_di__rosidl_typesupport_introspection_cpp.hpp
[4.540s] -- Up-to-date symlink: /home/openark/ros2_ws/install/zed_interfaces/include/zed_interfaces/msg/detail/bounding_box3_d__rosidl_typesupport_introspection_cpp.hpp
[4.540s] -- Up-to-date symlink: /home/openark/ros2_ws/install/zed_interfaces/include/zed_interfaces/msg/detail/depth_info_stamped__rosidl_typesupport_introspection_cpp.hpp
[4.541s] -- Up-to-date symlink: /home/openark/ros2_ws/install/zed_interfaces/include/zed_interfaces/msg/detail/heartbeat__rosidl_typesupport_introspection_cpp.hpp
[4.541s] -- Up-to-date symlink: /home/openark/ros2_ws/install/zed_interfaces/include/zed_interfaces/msg/detail/keypoint2_df__rosidl_typesupport_introspection_cpp.hpp
[4.541s] -- Up-to-date symlink: /home/openark/ros2_ws/install/zed_interfaces/include/zed_interfaces/msg/detail/keypoint2_di__rosidl_typesupport_introspection_cpp.hpp
[4.541s] -- Up-to-date symlink: /home/openark/ros2_ws/install/zed_interfaces/include/zed_interfaces/msg/detail/keypoint3_d__rosidl_typesupport_introspection_cpp.hpp
[4.541s] -- Up-to-date symlink: /home/openark/ros2_ws/install/zed_interfaces/include/zed_interfaces/msg/detail/object__rosidl_typesupport_introspection_cpp.hpp
[4.541s] -- Up-to-date symlink: /home/openark/ros2_ws/install/zed_interfaces/include/zed_interfaces/msg/detail/objects_stamped__rosidl_typesupport_introspection_cpp.hpp
[4.541s] -- Up-to-date symlink: /home/openark/ros2_ws/install/zed_interfaces/include/zed_interfaces/msg/detail/plane_stamped__rosidl_typesupport_introspection_cpp.hpp
[4.541s] -- Up-to-date symlink: /home/openark/ros2_ws/install/zed_interfaces/include/zed_interfaces/msg/detail/pos_track_status__rosidl_typesupport_introspection_cpp.hpp
[4.541s] -- Up-to-date symlink: /home/openark/ros2_ws/install/zed_interfaces/include/zed_interfaces/msg/detail/skeleton2_d__rosidl_typesupport_introspection_cpp.hpp
[4.541s] -- Up-to-date symlink: /home/openark/ros2_ws/install/zed_interfaces/include/zed_interfaces/msg/detail/skeleton3_d__rosidl_typesupport_introspection_cpp.hpp
[4.541s] -- Up-to-date symlink: /home/openark/ros2_ws/install/zed_interfaces/include/zed_interfaces/srv/detail/set_pose__rosidl_typesupport_introspection_cpp.hpp
[4.541s] -- Up-to-date symlink: /home/openark/ros2_ws/install/zed_interfaces/include/zed_interfaces/srv/detail/set_roi__rosidl_typesupport_introspection_cpp.hpp
[4.541s] -- Up-to-date symlink: /home/openark/ros2_ws/install/zed_interfaces/include/zed_interfaces/srv/detail/start_svo_rec__rosidl_typesupport_introspection_cpp.hpp
[4.541s] -- Up-to-date symlink: /home/openark/ros2_ws/install/zed_interfaces/share/zed_interfaces/environment/pythonpath.sh
[4.542s] -- Up-to-date symlink: /home/openark/ros2_ws/install/zed_interfaces/share/zed_interfaces/environment/pythonpath.dsv
[4.542s] -- Up-to-date symlink: /home/openark/ros2_ws/install/zed_interfaces/lib/python3.8/site-packages/zed_interfaces/__init__.py
[4.542s] -- Up-to-date symlink: /home/openark/ros2_ws/install/zed_interfaces/lib/python3.8/site-packages/zed_interfaces/msg/__init__.py
[4.542s] -- Up-to-date symlink: /home/openark/ros2_ws/install/zed_interfaces/lib/python3.8/site-packages/zed_interfaces/msg/_bounding_box2_df.py
[4.542s] -- Up-to-date symlink: /home/openark/ros2_ws/install/zed_interfaces/lib/python3.8/site-packages/zed_interfaces/msg/_bounding_box2_di.py
[4.542s] -- Up-to-date symlink: /home/openark/ros2_ws/install/zed_interfaces/lib/python3.8/site-packages/zed_interfaces/msg/_bounding_box3_d.py
[4.542s] -- Up-to-date symlink: /home/openark/ros2_ws/install/zed_interfaces/lib/python3.8/site-packages/zed_interfaces/msg/_depth_info_stamped.py
[4.542s] -- Up-to-date symlink: /home/openark/ros2_ws/install/zed_interfaces/lib/python3.8/site-packages/zed_interfaces/msg/_heartbeat.py
[4.542s] -- Up-to-date symlink: /home/openark/ros2_ws/install/zed_interfaces/lib/python3.8/site-packages/zed_interfaces/msg/_keypoint2_df.py
[4.542s] -- Up-to-date symlink: /home/openark/ros2_ws/install/zed_interfaces/lib/python3.8/site-packages/zed_interfaces/msg/_keypoint2_di.py
[4.542s] -- Up-to-date symlink: /home/openark/ros2_ws/install/zed_interfaces/lib/python3.8/site-packages/zed_interfaces/msg/_keypoint3_d.py
[4.542s] -- Up-to-date symlink: /home/openark/ros2_ws/install/zed_interfaces/lib/python3.8/site-packages/zed_interfaces/msg/_object.py
[4.543s] -- Up-to-date symlink: /home/openark/ros2_ws/install/zed_interfaces/lib/python3.8/site-packages/zed_interfaces/msg/_objects_stamped.py
[4.543s] -- Up-to-date symlink: /home/openark/ros2_ws/install/zed_interfaces/lib/python3.8/site-packages/zed_interfaces/msg/_plane_stamped.py
[4.543s] -- Up-to-date symlink: /home/openark/ros2_ws/install/zed_interfaces/lib/python3.8/site-packages/zed_interfaces/msg/_pos_track_status.py
[4.543s] -- Up-to-date symlink: /home/openark/ros2_ws/install/zed_interfaces/lib/python3.8/site-packages/zed_interfaces/msg/_skeleton2_d.py
[4.543s] -- Up-to-date symlink: /home/openark/ros2_ws/install/zed_interfaces/lib/python3.8/site-packages/zed_interfaces/msg/_skeleton3_d.py
[4.543s] -- Up-to-date symlink: /home/openark/ros2_ws/install/zed_interfaces/lib/python3.8/site-packages/zed_interfaces/srv/__init__.py
[4.543s] -- Up-to-date symlink: /home/openark/ros2_ws/install/zed_interfaces/lib/python3.8/site-packages/zed_interfaces/srv/_set_pose.py
[4.543s] -- Up-to-date symlink: /home/openark/ros2_ws/install/zed_interfaces/lib/python3.8/site-packages/zed_interfaces/srv/_set_roi.py
[4.543s] -- Up-to-date symlink: /home/openark/ros2_ws/install/zed_interfaces/lib/python3.8/site-packages/zed_interfaces/srv/_start_svo_rec.py
[4.543s] -- Up-to-date symlink: /home/openark/ros2_ws/install/zed_interfaces/lib/python3.8/site-packages/zed_interfaces/zed_interfaces_s__rosidl_typesupport_fastrtps_c.cpython-38-x86_64-linux-gnu.so
[4.545s] -- Up-to-date symlink: /home/openark/ros2_ws/install/zed_interfaces/lib/python3.8/site-packages/zed_interfaces/zed_interfaces_s__rosidl_typesupport_introspection_c.cpython-38-x86_64-linux-gnu.so
[4.545s] -- Up-to-date symlink: /home/openark/ros2_ws/install/zed_interfaces/lib/python3.8/site-packages/zed_interfaces/zed_interfaces_s__rosidl_typesupport_c.cpython-38-x86_64-linux-gnu.so
[4.545s] -- Up-to-date symlink: /home/openark/ros2_ws/install/zed_interfaces/lib/libzed_interfaces__python.so
[4.545s] -- Up-to-date symlink: /home/openark/ros2_ws/install/zed_interfaces/share/zed_interfaces/msg/Object.idl
[4.545s] -- Up-to-date symlink: /home/openark/ros2_ws/install/zed_interfaces/share/zed_interfaces/msg/ObjectsStamped.idl
[4.545s] -- Up-to-date symlink: /home/openark/ros2_ws/install/zed_interfaces/share/zed_interfaces/msg/Keypoint2Di.idl
[4.546s] -- Up-to-date symlink: /home/openark/ros2_ws/install/zed_interfaces/share/zed_interfaces/msg/Keypoint2Df.idl
[4.547s] -- Up-to-date symlink: /home/openark/ros2_ws/install/zed_interfaces/share/zed_interfaces/msg/Keypoint3D.idl
[4.547s] -- Up-to-date symlink: /home/openark/ros2_ws/install/zed_interfaces/share/zed_interfaces/msg/BoundingBox2Di.idl
[4.547s] -- Up-to-date symlink: /home/openark/ros2_ws/install/zed_interfaces/share/zed_interfaces/msg/BoundingBox2Df.idl
[4.547s] -- Up-to-date symlink: /home/openark/ros2_ws/install/zed_interfaces/share/zed_interfaces/msg/BoundingBox3D.idl
[4.547s] -- Up-to-date symlink: /home/openark/ros2_ws/install/zed_interfaces/share/zed_interfaces/msg/Skeleton2D.idl
[4.547s] -- Up-to-date symlink: /home/openark/ros2_ws/install/zed_interfaces/share/zed_interfaces/msg/Skeleton3D.idl
[4.547s] -- Up-to-date symlink: /home/openark/ros2_ws/install/zed_interfaces/share/zed_interfaces/msg/DepthInfoStamped.idl
[4.547s] -- Up-to-date symlink: /home/openark/ros2_ws/install/zed_interfaces/share/zed_interfaces/msg/PlaneStamped.idl
[4.547s] -- Up-to-date symlink: /home/openark/ros2_ws/install/zed_interfaces/share/zed_interfaces/msg/PosTrackStatus.idl
[4.548s] -- Up-to-date symlink: /home/openark/ros2_ws/install/zed_interfaces/share/zed_interfaces/msg/Heartbeat.idl
[4.549s] -- Up-to-date symlink: /home/openark/ros2_ws/install/zed_interfaces/share/zed_interfaces/srv/SetPose.idl
[4.551s] -- Up-to-date symlink: /home/openark/ros2_ws/install/zed_interfaces/share/zed_interfaces/srv/StartSvoRec.idl
[4.552s] -- Up-to-date symlink: /home/openark/ros2_ws/install/zed_interfaces/share/zed_interfaces/srv/SetROI.idl
[4.552s] -- Up-to-date symlink: /home/openark/ros2_ws/install/zed_interfaces/share/zed_interfaces/msg/Object.msg
[4.552s] -- Up-to-date symlink: /home/openark/ros2_ws/install/zed_interfaces/share/zed_interfaces/msg/ObjectsStamped.msg
[4.554s] -- Up-to-date symlink: /home/openark/ros2_ws/install/zed_interfaces/share/zed_interfaces/msg/Keypoint2Di.msg
[4.554s] -- Up-to-date symlink: /home/openark/ros2_ws/install/zed_interfaces/share/zed_interfaces/msg/Keypoint2Df.msg
[4.555s] -- Up-to-date symlink: /home/openark/ros2_ws/install/zed_interfaces/share/zed_interfaces/msg/Keypoint3D.msg
[4.555s] -- Up-to-date symlink: /home/openark/ros2_ws/install/zed_interfaces/share/zed_interfaces/msg/BoundingBox2Di.msg
[4.555s] -- Up-to-date symlink: /home/openark/ros2_ws/install/zed_interfaces/share/zed_interfaces/msg/BoundingBox2Df.msg
[4.555s] -- Up-to-date symlink: /home/openark/ros2_ws/install/zed_interfaces/share/zed_interfaces/msg/BoundingBox3D.msg
[4.557s] -- Up-to-date symlink: /home/openark/ros2_ws/install/zed_interfaces/share/zed_interfaces/msg/Skeleton2D.msg
[4.557s] -- Up-to-date symlink: /home/openark/ros2_ws/install/zed_interfaces/share/zed_interfaces/msg/Skeleton3D.msg
[4.558s] -- Up-to-date symlink: /home/openark/ros2_ws/install/zed_interfaces/share/zed_interfaces/msg/DepthInfoStamped.msg
[4.559s] -- Up-to-date symlink: /home/openark/ros2_ws/install/zed_interfaces/share/zed_interfaces/msg/PlaneStamped.msg
[4.560s] -- Up-to-date symlink: /home/openark/ros2_ws/install/zed_interfaces/share/zed_interfaces/msg/PosTrackStatus.msg
[4.560s] -- Up-to-date symlink: /home/openark/ros2_ws/install/zed_interfaces/share/zed_interfaces/msg/Heartbeat.msg
[4.560s] -- Up-to-date symlink: /home/openark/ros2_ws/install/zed_interfaces/share/zed_interfaces/srv/SetPose.srv
[4.560s] -- Up-to-date symlink: /home/openark/ros2_ws/install/zed_interfaces/share/zed_interfaces/srv/SetPose_Request.msg
[4.560s] -- Up-to-date symlink: /home/openark/ros2_ws/install/zed_interfaces/share/zed_interfaces/srv/SetPose_Response.msg
[4.561s] -- Up-to-date symlink: /home/openark/ros2_ws/install/zed_interfaces/share/zed_interfaces/srv/StartSvoRec.srv
[4.561s] -- Up-to-date symlink: /home/openark/ros2_ws/install/zed_interfaces/share/zed_interfaces/srv/StartSvoRec_Request.msg
[4.561s] -- Up-to-date symlink: /home/openark/ros2_ws/install/zed_interfaces/share/zed_interfaces/srv/StartSvoRec_Response.msg
[4.561s] -- Up-to-date symlink: /home/openark/ros2_ws/install/zed_interfaces/share/zed_interfaces/srv/SetROI.srv
[4.561s] -- Up-to-date symlink: /home/openark/ros2_ws/install/zed_interfaces/share/zed_interfaces/srv/SetROI_Request.msg
[4.561s] -- Up-to-date symlink: /home/openark/ros2_ws/install/zed_interfaces/share/zed_interfaces/srv/SetROI_Response.msg
[4.562s] -- Up-to-date symlink: /home/openark/ros2_ws/install/zed_interfaces/share/zed_interfaces/meshes/zed.stl
[4.562s] -- Up-to-date symlink: /home/openark/ros2_ws/install/zed_interfaces/share/zed_interfaces/meshes/zed2.stl
[4.562s] -- Up-to-date symlink: /home/openark/ros2_ws/install/zed_interfaces/share/zed_interfaces/meshes/zed2i.stl
[4.562s] -- Up-to-date symlink: /home/openark/ros2_ws/install/zed_interfaces/share/zed_interfaces/meshes/zedm.stl
[4.562s] -- Up-to-date symlink: /home/openark/ros2_ws/install/zed_interfaces/share/zed_interfaces/meshes/zedx.stl
[4.562s] -- Up-to-date symlink: /home/openark/ros2_ws/install/zed_interfaces/share/zed_interfaces/meshes/zedxm.stl
[4.562s] -- Up-to-date symlink: /home/openark/ros2_ws/install/zed_interfaces/share/ament_index/resource_index/package_run_dependencies/zed_interfaces
[4.562s] -- Up-to-date symlink: /home/openark/ros2_ws/install/zed_interfaces/share/ament_index/resource_index/parent_prefix_path/zed_interfaces
[4.562s] -- Up-to-date symlink: /home/openark/ros2_ws/install/zed_interfaces/share/zed_interfaces/environment/ament_prefix_path.sh
[4.562s] -- Up-to-date symlink: /home/openark/ros2_ws/install/zed_interfaces/share/zed_interfaces/environment/ament_prefix_path.dsv
[4.562s] -- Up-to-date symlink: /home/openark/ros2_ws/install/zed_interfaces/share/zed_interfaces/environment/path.sh
[4.562s] -- Up-to-date symlink: /home/openark/ros2_ws/install/zed_interfaces/share/zed_interfaces/environment/path.dsv
[4.563s] -- Up-to-date symlink: /home/openark/ros2_ws/install/zed_interfaces/share/zed_interfaces/local_setup.bash
[4.563s] -- Up-to-date symlink: /home/openark/ros2_ws/install/zed_interfaces/share/zed_interfaces/local_setup.sh
[4.563s] -- Up-to-date symlink: /home/openark/ros2_ws/install/zed_interfaces/share/zed_interfaces/local_setup.zsh
[4.564s] -- Up-to-date symlink: /home/openark/ros2_ws/install/zed_interfaces/share/zed_interfaces/local_setup.dsv
[4.564s] -- Symlinking: /home/openark/ros2_ws/install/zed_interfaces/share/zed_interfaces/package.dsv
[4.564s] -- Up-to-date symlink: /home/openark/ros2_ws/install/zed_interfaces/share/ament_index/resource_index/packages/zed_interfaces
[4.564s] -- Up-to-date symlink: /home/openark/ros2_ws/install/zed_interfaces/share/zed_interfaces/cmake/rosidl_cmake-extras.cmake
[4.564s] -- Up-to-date symlink: /home/openark/ros2_ws/install/zed_interfaces/share/zed_interfaces/cmake/ament_cmake_export_dependencies-extras.cmake
[4.565s] -- Up-to-date symlink: /home/openark/ros2_ws/install/zed_interfaces/share/zed_interfaces/cmake/ament_cmake_export_libraries-extras.cmake
[4.565s] -- Up-to-date symlink: /home/openark/ros2_ws/install/zed_interfaces/share/zed_interfaces/cmake/ament_cmake_export_targets-extras.cmake
[4.565s] -- Up-to-date symlink: /home/openark/ros2_ws/install/zed_interfaces/share/zed_interfaces/cmake/ament_cmake_export_include_directories-extras.cmake
[4.565s] -- Up-to-date symlink: /home/openark/ros2_ws/install/zed_interfaces/share/zed_interfaces/cmake/rosidl_cmake_export_typesupport_libraries-extras.cmake
[4.566s] -- Up-to-date symlink: /home/openark/ros2_ws/install/zed_interfaces/share/zed_interfaces/cmake/rosidl_cmake_export_typesupport_targets-extras.cmake
[4.566s] -- Up-to-date symlink: /home/openark/ros2_ws/install/zed_interfaces/share/zed_interfaces/cmake/zed_interfacesConfig.cmake
[4.567s] -- Up-to-date symlink: /home/openark/ros2_ws/install/zed_interfaces/share/zed_interfaces/cmake/zed_interfacesConfig-version.cmake
[4.567s] -- Up-to-date symlink: /home/openark/ros2_ws/install/zed_interfaces/share/zed_interfaces/package.xml
[4.568s] -- Up-to-date: /home/openark/ros2_ws/install/zed_interfaces/lib/libzed_interfaces__rosidl_generator_c.so
[4.568s] -- Up-to-date: /home/openark/ros2_ws/install/zed_interfaces/lib/libzed_interfaces__rosidl_typesupport_introspection_c.so
[4.569s] -- Up-to-date: /home/openark/ros2_ws/install/zed_interfaces/lib/libzed_interfaces__rosidl_typesupport_c.so
[4.569s] -- Up-to-date: /home/openark/ros2_ws/install/zed_interfaces/lib/libzed_interfaces__rosidl_typesupport_introspection_cpp.so
[4.571s] -- Up-to-date: /home/openark/ros2_ws/install/zed_interfaces/lib/libzed_interfaces__rosidl_typesupport_cpp.so
[4.571s] -- Up-to-date: /home/openark/ros2_ws/install/zed_interfaces/share/zed_interfaces/cmake/zed_interfaces__rosidl_generator_cExport.cmake
[4.571s] -- Up-to-date: /home/openark/ros2_ws/install/zed_interfaces/share/zed_interfaces/cmake/zed_interfaces__rosidl_generator_cExport-release.cmake
[4.572s] -- Up-to-date: /home/openark/ros2_ws/install/zed_interfaces/share/zed_interfaces/cmake/zed_interfaces__rosidl_typesupport_introspection_cExport.cmake
[4.572s] -- Up-to-date: /home/openark/ros2_ws/install/zed_interfaces/share/zed_interfaces/cmake/zed_interfaces__rosidl_typesupport_introspection_cExport-release.cmake
[4.572s] -- Up-to-date: /home/openark/ros2_ws/install/zed_interfaces/share/zed_interfaces/cmake/zed_interfaces__rosidl_typesupport_cExport.cmake
[4.572s] -- Up-to-date: /home/openark/ros2_ws/install/zed_interfaces/share/zed_interfaces/cmake/zed_interfaces__rosidl_typesupport_cExport-release.cmake
[4.573s] -- Up-to-date: /home/openark/ros2_ws/install/zed_interfaces/share/zed_interfaces/cmake/zed_interfaces__rosidl_generator_cppExport.cmake
[4.573s] -- Up-to-date: /home/openark/ros2_ws/install/zed_interfaces/share/zed_interfaces/cmake/zed_interfaces__rosidl_typesupport_introspection_cppExport.cmake
[4.573s] -- Up-to-date: /home/openark/ros2_ws/install/zed_interfaces/share/zed_interfaces/cmake/zed_interfaces__rosidl_typesupport_introspection_cppExport-release.cmake
[4.573s] -- Up-to-date: /home/openark/ros2_ws/install/zed_interfaces/share/zed_interfaces/cmake/zed_interfaces__rosidl_typesupport_cppExport.cmake
[4.574s] -- Up-to-date: /home/openark/ros2_ws/install/zed_interfaces/share/zed_interfaces/cmake/zed_interfaces__rosidl_typesupport_cppExport-release.cmake
[6.500s] Invoked command in '/home/openark/ros2_ws/build/zed_interfaces' returned '0': CMAKE_PREFIX_PATH=/home/openark/ros2_ws/install/zed_ros2:/home/openark/ros2_ws/install/zed_multi_camera:/home/openark/ros2_ws/install/zed_display_rviz2:/home/openark/ros2_ws/install/zed_wrapper:/home/openark/ros2_ws/install/zed_tutorial_video:/home/openark/ros2_ws/install/zed_tutorial_pos_tracking:/home/openark/ros2_ws/install/zed_tutorial_depth:/home/openark/ros2_ws/install/zed_topic_benchmark_interfaces:/home/openark/ros2_ws/install/zed_rgb_convert:/home/openark/ros2_ws/install/zed_components:/home/openark/ros2_ws/install/rviz_plugin_zed_od:/home/openark/ros2_ws/install/zed_interfaces:/home/openark/ros2_ws/install/examples_rclpy_minimal_subscriber:/home/openark/ros2_ws/install/examples_rclpy_minimal_service:/home/openark/ros2_ws/install/examples_rclpy_minimal_publisher:/home/openark/ros2_ws/install/examples_rclpy_minimal_client:/home/openark/ros2_ws/install/examples_rclpy_minimal_action_server:/home/openark/ros2_ws/install/examples_rclpy_minimal_action_client:/home/openark/ros2_ws/install/examples_rclpy_executors:/opt/ros/foxy:/home/openark/ros2_ws/install/septentrio_gnss_driver:/home/openark/ros2_ws/install/examples_rclcpp_multithreaded_executor:/home/openark/ros2_ws/install/examples_rclcpp_minimal_timer:/home/openark/ros2_ws/install/examples_rclcpp_minimal_subscriber:/home/openark/ros2_ws/install/examples_rclcpp_minimal_service:/home/openark/ros2_ws/install/examples_rclcpp_minimal_publisher:/home/openark/ros2_ws/install/examples_rclcpp_minimal_composition:/home/openark/ros2_ws/install/examples_rclcpp_minimal_client:/home/openark/ros2_ws/install/examples_rclcpp_minimal_action_server:/home/openark/ros2_ws/install/examples_rclcpp_minimal_action_client /usr/bin/cmake --install /home/openark/ros2_ws/build/zed_interfaces
