[3.392s] Invoking command in '/home/openark/ros2_ws/build/septentrio_gnss_driver': CMAKE_PREFIX_PATH=${CMAKE_PREFIX_PATH}:/home/openark/ros2_ws/install/septentrio_gnss_driver:/home/openark/ros2_ws/install/examples_rclpy_minimal_subscriber:/home/openark/ros2_ws/install/examples_rclpy_minimal_service:/home/openark/ros2_ws/install/examples_rclpy_minimal_publisher:/home/openark/ros2_ws/install/examples_rclpy_minimal_client:/home/openark/ros2_ws/install/examples_rclpy_minimal_action_server:/home/openark/ros2_ws/install/examples_rclpy_minimal_action_client:/home/openark/ros2_ws/install/examples_rclpy_executors:/home/openark/ros2_ws/src/install/zed_tutorial_pos_tracking:/home/openark/ros2_ws/src/install/examples_rclpy_minimal_subscriber:/home/openark/ros2_ws/src/install/examples_rclpy_minimal_service:/home/openark/ros2_ws/src/install/examples_rclpy_minimal_publisher:/home/openark/ros2_ws/src/install/examples_rclpy_minimal_client:/home/openark/ros2_ws/src/install/examples_rclpy_minimal_action_server:/home/openark/ros2_ws/src/install/examples_rclpy_minimal_action_client:/home/openark/ros2_ws/src/install/examples_rclpy_executors:/opt/ros/foxy /usr/bin/cmake --build /home/openark/ros2_ws/build/septentrio_gnss_driver -- -j12 -l12
[3.498s] [  0%] Built target gtest
[3.500s] [  1%] Built target gtest_main
[3.518s] [  1%] Built target septentrio_gnss_driver__cpp
[3.531s] [ 13%] Built target septentrio_gnss_driver__rosidl_generator_c
[3.598s] [ 24%] Built target septentrio_gnss_driver__rosidl_typesupport_introspection_cpp
[3.598s] [ 35%] Built target septentrio_gnss_driver__rosidl_typesupport_cpp
[3.607s] [ 46%] Built target septentrio_gnss_driver__rosidl_typesupport_c
[3.623s] [ 57%] Built target septentrio_gnss_driver__rosidl_typesupport_introspection_c
[3.632s] [ 68%] Built target septentrio_gnss_driver__rosidl_typesupport_fastrtps_cpp
[3.689s] [ 79%] Built target septentrio_gnss_driver__rosidl_typesupport_fastrtps_c
[3.716s] [ 79%] Built target septentrio_gnss_driver
[3.774s] [ 80%] Built target septentrio_gnss_driver__py
[3.866s] [ 90%] Built target septentrio_gnss_driver__python
[3.912s] [ 91%] Built target septentrio_gnss_driver__rosidl_typesupport_introspection_c__pyext
[3.920s] [ 92%] Built target septentrio_gnss_driver__rosidl_typesupport_fastrtps_c__pyext
[3.922s] [ 92%] Built target septentrio_gnss_driver__rosidl_typesupport_c__pyext
[3.929s] [ 97%] Built target septentrio_gnss_driver_core
[3.975s] [ 98%] Built target test_string_utilities
[3.989s] [ 99%] Built target test_parsing_utilities
[3.997s] [100%] Built target septentrio_gnss_driver_node
[4.810s] Invoked command in '/home/openark/ros2_ws/build/septentrio_gnss_driver' returned '0': CMAKE_PREFIX_PATH=${CMAKE_PREFIX_PATH}:/home/openark/ros2_ws/install/septentrio_gnss_driver:/home/openark/ros2_ws/install/examples_rclpy_minimal_subscriber:/home/openark/ros2_ws/install/examples_rclpy_minimal_service:/home/openark/ros2_ws/install/examples_rclpy_minimal_publisher:/home/openark/ros2_ws/install/examples_rclpy_minimal_client:/home/openark/ros2_ws/install/examples_rclpy_minimal_action_server:/home/openark/ros2_ws/install/examples_rclpy_minimal_action_client:/home/openark/ros2_ws/install/examples_rclpy_executors:/home/openark/ros2_ws/src/install/zed_tutorial_pos_tracking:/home/openark/ros2_ws/src/install/examples_rclpy_minimal_subscriber:/home/openark/ros2_ws/src/install/examples_rclpy_minimal_service:/home/openark/ros2_ws/src/install/examples_rclpy_minimal_publisher:/home/openark/ros2_ws/src/install/examples_rclpy_minimal_client:/home/openark/ros2_ws/src/install/examples_rclpy_minimal_action_server:/home/openark/ros2_ws/src/install/examples_rclpy_minimal_action_client:/home/openark/ros2_ws/src/install/examples_rclpy_executors:/opt/ros/foxy /usr/bin/cmake --build /home/openark/ros2_ws/build/septentrio_gnss_driver -- -j12 -l12
[6.555s] Invoking command in '/home/openark/ros2_ws/build/septentrio_gnss_driver': CMAKE_PREFIX_PATH=${CMAKE_PREFIX_PATH}:/home/openark/ros2_ws/install/septentrio_gnss_driver:/home/openark/ros2_ws/install/examples_rclpy_minimal_subscriber:/home/openark/ros2_ws/install/examples_rclpy_minimal_service:/home/openark/ros2_ws/install/examples_rclpy_minimal_publisher:/home/openark/ros2_ws/install/examples_rclpy_minimal_client:/home/openark/ros2_ws/install/examples_rclpy_minimal_action_server:/home/openark/ros2_ws/install/examples_rclpy_minimal_action_client:/home/openark/ros2_ws/install/examples_rclpy_executors:/home/openark/ros2_ws/src/install/zed_tutorial_pos_tracking:/home/openark/ros2_ws/src/install/examples_rclpy_minimal_subscriber:/home/openark/ros2_ws/src/install/examples_rclpy_minimal_service:/home/openark/ros2_ws/src/install/examples_rclpy_minimal_publisher:/home/openark/ros2_ws/src/install/examples_rclpy_minimal_client:/home/openark/ros2_ws/src/install/examples_rclpy_minimal_action_server:/home/openark/ros2_ws/src/install/examples_rclpy_minimal_action_client:/home/openark/ros2_ws/src/install/examples_rclpy_executors:/opt/ros/foxy /usr/bin/cmake --install /home/openark/ros2_ws/build/septentrio_gnss_driver
[6.922s] -- Install configuration: "Release"
[6.922s] -- Up-to-date: /home/openark/ros2_ws/install/septentrio_gnss_driver/include/septentrio_gnss_driver
[6.923s] -- Up-to-date: /home/openark/ros2_ws/install/septentrio_gnss_driver/include/septentrio_gnss_driver/msg
[6.923s] -- Up-to-date: /home/openark/ros2_ws/install/septentrio_gnss_driver/include/septentrio_gnss_driver/msg/detail
[6.923s] -- Up-to-date: /home/openark/ros2_ws/install/septentrio_gnss_driver/include/septentrio_gnss_driver/msg/detail/vel_sensor_setup__functions.c
[6.923s] -- Up-to-date: /home/openark/ros2_ws/install/septentrio_gnss_driver/include/septentrio_gnss_driver/msg/detail/meas_epoch_channel_type2__functions.c
[6.923s] -- Up-to-date: /home/openark/ros2_ws/install/septentrio_gnss_driver/include/septentrio_gnss_driver/msg/detail/pvt_geodetic__functions.c
[6.923s] -- Up-to-date: /home/openark/ros2_ws/install/septentrio_gnss_driver/include/septentrio_gnss_driver/msg/detail/aim_plus_status__functions.c
[6.923s] -- Up-to-date: /home/openark/ros2_ws/install/septentrio_gnss_driver/include/septentrio_gnss_driver/msg/detail/gal_auth_status__functions.c
[6.923s] -- Up-to-date: /home/openark/ros2_ws/install/septentrio_gnss_driver/include/septentrio_gnss_driver/msg/detail/receiver_time__functions.c
[6.924s] -- Up-to-date: /home/openark/ros2_ws/install/septentrio_gnss_driver/include/septentrio_gnss_driver/msg/detail/att_cov_euler__functions.c
[6.924s] -- Up-to-date: /home/openark/ros2_ws/install/septentrio_gnss_driver/include/septentrio_gnss_driver/msg/detail/vel_cov_cartesian__functions.c
[6.924s] -- Up-to-date: /home/openark/ros2_ws/install/septentrio_gnss_driver/include/septentrio_gnss_driver/msg/detail/pos_cov_geodetic__functions.c
[6.924s] -- Up-to-date: /home/openark/ros2_ws/install/septentrio_gnss_driver/include/septentrio_gnss_driver/msg/detail/vel_cov_geodetic__functions.c
[6.924s] -- Up-to-date: /home/openark/ros2_ws/install/septentrio_gnss_driver/include/septentrio_gnss_driver/msg/detail/base_vector_cart__functions.c
[6.924s] -- Up-to-date: /home/openark/ros2_ws/install/septentrio_gnss_driver/include/septentrio_gnss_driver/msg/detail/block_header__functions.c
[6.924s] -- Up-to-date: /home/openark/ros2_ws/install/septentrio_gnss_driver/include/septentrio_gnss_driver/msg/detail/ins_nav_geod__functions.c
[6.924s] -- Up-to-date: /home/openark/ros2_ws/install/septentrio_gnss_driver/include/septentrio_gnss_driver/msg/detail/imu_setup__functions.c
[6.924s] -- Up-to-date: /home/openark/ros2_ws/install/septentrio_gnss_driver/include/septentrio_gnss_driver/msg/detail/rf_band__functions.c
[6.924s] -- Up-to-date: /home/openark/ros2_ws/install/septentrio_gnss_driver/include/septentrio_gnss_driver/msg/detail/base_vector_geod__functions.c
[6.925s] -- Up-to-date: /home/openark/ros2_ws/install/septentrio_gnss_driver/include/septentrio_gnss_driver/msg/detail/rf_status__functions.c
[6.925s] -- Up-to-date: /home/openark/ros2_ws/install/septentrio_gnss_driver/include/septentrio_gnss_driver/msg/detail/ext_sensor_meas__functions.c
[6.925s] -- Up-to-date: /home/openark/ros2_ws/install/septentrio_gnss_driver/include/septentrio_gnss_driver/msg/detail/att_euler__functions.c
[6.925s] -- Up-to-date: /home/openark/ros2_ws/install/septentrio_gnss_driver/include/septentrio_gnss_driver/msg/detail/pos_cov_cartesian__functions.c
[6.925s] -- Up-to-date: /home/openark/ros2_ws/install/septentrio_gnss_driver/include/septentrio_gnss_driver/msg/detail/vector_info_geod__functions.c
[6.925s] -- Up-to-date: /home/openark/ros2_ws/install/septentrio_gnss_driver/include/septentrio_gnss_driver/msg/detail/pvt_cartesian__functions.c
[6.925s] -- Up-to-date: /home/openark/ros2_ws/install/septentrio_gnss_driver/include/septentrio_gnss_driver/msg/detail/meas_epoch_channel_type1__functions.c
[6.925s] -- Up-to-date: /home/openark/ros2_ws/install/septentrio_gnss_driver/include/septentrio_gnss_driver/msg/detail/ins_nav_cart__functions.c
[6.926s] -- Up-to-date: /home/openark/ros2_ws/install/septentrio_gnss_driver/include/septentrio_gnss_driver/msg/detail/meas_epoch__functions.c
[6.926s] -- Up-to-date: /home/openark/ros2_ws/install/septentrio_gnss_driver/include/septentrio_gnss_driver/msg/detail/vector_info_cart__functions.c
[6.926s] -- Up-to-date: /home/openark/ros2_ws/install/septentrio_gnss_driver/lib/libseptentrio_gnss_driver__rosidl_generator_c.so
[6.926s] -- Up-to-date: /home/openark/ros2_ws/install/septentrio_gnss_driver/include/septentrio_gnss_driver
[6.926s] -- Up-to-date: /home/openark/ros2_ws/install/septentrio_gnss_driver/include/septentrio_gnss_driver/msg
[6.926s] -- Up-to-date: /home/openark/ros2_ws/install/septentrio_gnss_driver/include/septentrio_gnss_driver/msg/detail
[6.926s] -- Up-to-date: /home/openark/ros2_ws/install/septentrio_gnss_driver/include/septentrio_gnss_driver
[6.926s] -- Up-to-date: /home/openark/ros2_ws/install/septentrio_gnss_driver/include/septentrio_gnss_driver/msg
[6.926s] -- Up-to-date: /home/openark/ros2_ws/install/septentrio_gnss_driver/include/septentrio_gnss_driver/msg/detail
[6.926s] -- Up-to-date: /home/openark/ros2_ws/install/septentrio_gnss_driver/include/septentrio_gnss_driver/msg/detail/dds_fastrtps
[6.927s] -- Up-to-date: /home/openark/ros2_ws/install/septentrio_gnss_driver/include/septentrio_gnss_driver
[6.927s] -- Up-to-date: /home/openark/ros2_ws/install/septentrio_gnss_driver/include/septentrio_gnss_driver/msg
[6.927s] -- Up-to-date: /home/openark/ros2_ws/install/septentrio_gnss_driver/include/septentrio_gnss_driver/msg/detail
[6.927s] -- Up-to-date: /home/openark/ros2_ws/install/septentrio_gnss_driver/include/septentrio_gnss_driver/msg/detail/imu_setup__type_support.c
[6.927s] -- Up-to-date: /home/openark/ros2_ws/install/septentrio_gnss_driver/include/septentrio_gnss_driver/msg/detail/base_vector_cart__type_support.c
[6.927s] -- Up-to-date: /home/openark/ros2_ws/install/septentrio_gnss_driver/include/septentrio_gnss_driver/msg/detail/rf_status__type_support.c
[6.928s] -- Up-to-date: /home/openark/ros2_ws/install/septentrio_gnss_driver/include/septentrio_gnss_driver/msg/detail/meas_epoch__type_support.c
[6.928s] -- Up-to-date: /home/openark/ros2_ws/install/septentrio_gnss_driver/include/septentrio_gnss_driver/msg/detail/block_header__type_support.c
[6.928s] -- Up-to-date: /home/openark/ros2_ws/install/septentrio_gnss_driver/include/septentrio_gnss_driver/msg/detail/base_vector_geod__type_support.c
[6.928s] -- Up-to-date: /home/openark/ros2_ws/install/septentrio_gnss_driver/include/septentrio_gnss_driver/msg/detail/pvt_cartesian__type_support.c
[6.928s] -- Up-to-date: /home/openark/ros2_ws/install/septentrio_gnss_driver/include/septentrio_gnss_driver/msg/detail/pvt_geodetic__type_support.c
[6.928s] -- Up-to-date: /home/openark/ros2_ws/install/septentrio_gnss_driver/include/septentrio_gnss_driver/msg/detail/pos_cov_geodetic__type_support.c
[6.928s] -- Up-to-date: /home/openark/ros2_ws/install/septentrio_gnss_driver/include/septentrio_gnss_driver/msg/detail/receiver_time__type_support.c
[6.928s] -- Up-to-date: /home/openark/ros2_ws/install/septentrio_gnss_driver/include/septentrio_gnss_driver/msg/detail/ins_nav_cart__type_support.c
[6.929s] -- Up-to-date: /home/openark/ros2_ws/install/septentrio_gnss_driver/include/septentrio_gnss_driver/msg/detail/meas_epoch_channel_type1__type_support.c
[6.929s] -- Up-to-date: /home/openark/ros2_ws/install/septentrio_gnss_driver/include/septentrio_gnss_driver/msg/detail/rf_band__type_support.c
[6.929s] -- Up-to-date: /home/openark/ros2_ws/install/septentrio_gnss_driver/include/septentrio_gnss_driver/msg/detail/pos_cov_cartesian__type_support.c
[6.929s] -- Up-to-date: /home/openark/ros2_ws/install/septentrio_gnss_driver/include/septentrio_gnss_driver/msg/detail/ext_sensor_meas__type_support.c
[6.929s] -- Up-to-date: /home/openark/ros2_ws/install/septentrio_gnss_driver/include/septentrio_gnss_driver/msg/detail/vel_cov_geodetic__type_support.c
[6.930s] -- Up-to-date: /home/openark/ros2_ws/install/septentrio_gnss_driver/include/septentrio_gnss_driver/msg/detail/aim_plus_status__type_support.c
[6.930s] -- Up-to-date: /home/openark/ros2_ws/install/septentrio_gnss_driver/include/septentrio_gnss_driver/msg/detail/att_euler__type_support.c
[6.930s] -- Up-to-date: /home/openark/ros2_ws/install/septentrio_gnss_driver/include/septentrio_gnss_driver/msg/detail/vel_cov_cartesian__type_support.c
[6.930s] -- Up-to-date: /home/openark/ros2_ws/install/septentrio_gnss_driver/include/septentrio_gnss_driver/msg/detail/vel_sensor_setup__type_support.c
[6.930s] -- Up-to-date: /home/openark/ros2_ws/install/septentrio_gnss_driver/include/septentrio_gnss_driver/msg/detail/meas_epoch_channel_type2__type_support.c
[6.930s] -- Up-to-date: /home/openark/ros2_ws/install/septentrio_gnss_driver/include/septentrio_gnss_driver/msg/detail/vector_info_geod__type_support.c
[6.931s] -- Up-to-date: /home/openark/ros2_ws/install/septentrio_gnss_driver/include/septentrio_gnss_driver/msg/detail/gal_auth_status__type_support.c
[6.931s] -- Up-to-date: /home/openark/ros2_ws/install/septentrio_gnss_driver/include/septentrio_gnss_driver/msg/detail/ins_nav_geod__type_support.c
[6.931s] -- Up-to-date: /home/openark/ros2_ws/install/septentrio_gnss_driver/include/septentrio_gnss_driver/msg/detail/vector_info_cart__type_support.c
[6.931s] -- Up-to-date: /home/openark/ros2_ws/install/septentrio_gnss_driver/include/septentrio_gnss_driver/msg/detail/att_cov_euler__type_support.c
[6.931s] -- Up-to-date: /home/openark/ros2_ws/install/septentrio_gnss_driver/lib/libseptentrio_gnss_driver__rosidl_typesupport_introspection_c.so
[6.931s] -- Up-to-date: /home/openark/ros2_ws/install/septentrio_gnss_driver/lib/libseptentrio_gnss_driver__rosidl_typesupport_c.so
[6.932s] -- Up-to-date: /home/openark/ros2_ws/install/septentrio_gnss_driver/include/septentrio_gnss_driver
[6.932s] -- Up-to-date: /home/openark/ros2_ws/install/septentrio_gnss_driver/include/septentrio_gnss_driver/msg
[6.932s] -- Up-to-date: /home/openark/ros2_ws/install/septentrio_gnss_driver/include/septentrio_gnss_driver/msg/detail
[6.932s] -- Up-to-date: /home/openark/ros2_ws/install/septentrio_gnss_driver/include/septentrio_gnss_driver
[6.932s] -- Up-to-date: /home/openark/ros2_ws/install/septentrio_gnss_driver/include/septentrio_gnss_driver/msg
[6.932s] -- Up-to-date: /home/openark/ros2_ws/install/septentrio_gnss_driver/include/septentrio_gnss_driver/msg/detail
[6.932s] -- Up-to-date: /home/openark/ros2_ws/install/septentrio_gnss_driver/include/septentrio_gnss_driver/msg/detail/pvt_cartesian__type_support.cpp
[6.933s] -- Up-to-date: /home/openark/ros2_ws/install/septentrio_gnss_driver/include/septentrio_gnss_driver/msg/detail/vel_cov_geodetic__type_support.cpp
[6.933s] -- Up-to-date: /home/openark/ros2_ws/install/septentrio_gnss_driver/include/septentrio_gnss_driver/msg/detail/meas_epoch_channel_type1__type_support.cpp
[6.933s] -- Up-to-date: /home/openark/ros2_ws/install/septentrio_gnss_driver/include/septentrio_gnss_driver/msg/detail/rf_band__type_support.cpp
[6.933s] -- Up-to-date: /home/openark/ros2_ws/install/septentrio_gnss_driver/include/septentrio_gnss_driver/msg/detail/imu_setup__type_support.cpp
[6.933s] -- Up-to-date: /home/openark/ros2_ws/install/septentrio_gnss_driver/include/septentrio_gnss_driver/msg/detail/meas_epoch__type_support.cpp
[6.933s] -- Up-to-date: /home/openark/ros2_ws/install/septentrio_gnss_driver/include/septentrio_gnss_driver/msg/detail/base_vector_geod__type_support.cpp
[6.934s] -- Up-to-date: /home/openark/ros2_ws/install/septentrio_gnss_driver/include/septentrio_gnss_driver/msg/detail/ext_sensor_meas__type_support.cpp
[6.934s] -- Up-to-date: /home/openark/ros2_ws/install/septentrio_gnss_driver/include/septentrio_gnss_driver/msg/detail/receiver_time__type_support.cpp
[6.934s] -- Up-to-date: /home/openark/ros2_ws/install/septentrio_gnss_driver/include/septentrio_gnss_driver/msg/detail/vel_cov_cartesian__type_support.cpp
[6.934s] -- Up-to-date: /home/openark/ros2_ws/install/septentrio_gnss_driver/include/septentrio_gnss_driver/msg/detail/ins_nav_cart__type_support.cpp
[6.934s] -- Up-to-date: /home/openark/ros2_ws/install/septentrio_gnss_driver/include/septentrio_gnss_driver/msg/detail/ins_nav_geod__type_support.cpp
[6.934s] -- Up-to-date: /home/openark/ros2_ws/install/septentrio_gnss_driver/include/septentrio_gnss_driver/msg/detail/meas_epoch_channel_type2__type_support.cpp
[6.935s] -- Up-to-date: /home/openark/ros2_ws/install/septentrio_gnss_driver/include/septentrio_gnss_driver/msg/detail/att_cov_euler__type_support.cpp
[6.935s] -- Up-to-date: /home/openark/ros2_ws/install/septentrio_gnss_driver/include/septentrio_gnss_driver/msg/detail/gal_auth_status__type_support.cpp
[6.935s] -- Up-to-date: /home/openark/ros2_ws/install/septentrio_gnss_driver/include/septentrio_gnss_driver/msg/detail/vel_sensor_setup__type_support.cpp
[6.936s] -- Up-to-date: /home/openark/ros2_ws/install/septentrio_gnss_driver/include/septentrio_gnss_driver/msg/detail/aim_plus_status__type_support.cpp
[6.936s] -- Up-to-date: /home/openark/ros2_ws/install/septentrio_gnss_driver/include/septentrio_gnss_driver/msg/detail/base_vector_cart__type_support.cpp
[6.936s] -- Up-to-date: /home/openark/ros2_ws/install/septentrio_gnss_driver/include/septentrio_gnss_driver/msg/detail/block_header__type_support.cpp
[6.936s] -- Up-to-date: /home/openark/ros2_ws/install/septentrio_gnss_driver/include/septentrio_gnss_driver/msg/detail/pos_cov_geodetic__type_support.cpp
[6.937s] -- Up-to-date: /home/openark/ros2_ws/install/septentrio_gnss_driver/include/septentrio_gnss_driver/msg/detail/vector_info_geod__type_support.cpp
[6.937s] -- Up-to-date: /home/openark/ros2_ws/install/septentrio_gnss_driver/include/septentrio_gnss_driver/msg/detail/pos_cov_cartesian__type_support.cpp
[6.937s] -- Up-to-date: /home/openark/ros2_ws/install/septentrio_gnss_driver/include/septentrio_gnss_driver/msg/detail/pvt_geodetic__type_support.cpp
[6.938s] -- Up-to-date: /home/openark/ros2_ws/install/septentrio_gnss_driver/include/septentrio_gnss_driver/msg/detail/vector_info_cart__type_support.cpp
[6.938s] -- Up-to-date: /home/openark/ros2_ws/install/septentrio_gnss_driver/include/septentrio_gnss_driver/msg/detail/rf_status__type_support.cpp
[6.938s] -- Up-to-date: /home/openark/ros2_ws/install/septentrio_gnss_driver/include/septentrio_gnss_driver/msg/detail/att_euler__type_support.cpp
[6.938s] -- Up-to-date: /home/openark/ros2_ws/install/septentrio_gnss_driver/lib/libseptentrio_gnss_driver__rosidl_typesupport_introspection_cpp.so
[6.938s] -- Up-to-date: /home/openark/ros2_ws/install/septentrio_gnss_driver/lib/libseptentrio_gnss_driver__rosidl_typesupport_cpp.so
[6.938s] -- Up-to-date: /home/openark/ros2_ws/install/septentrio_gnss_driver/lib/python3.8/site-packages/septentrio_gnss_driver/msg
[6.939s] -- Up-to-date: /home/openark/ros2_ws/install/septentrio_gnss_driver/lib/python3.8/site-packages/septentrio_gnss_driver/msg/_ins_nav_cart_s.c
[6.940s] -- Up-to-date: /home/openark/ros2_ws/install/septentrio_gnss_driver/lib/python3.8/site-packages/septentrio_gnss_driver/msg/_vel_sensor_setup_s.c
[6.941s] -- Up-to-date: /home/openark/ros2_ws/install/septentrio_gnss_driver/lib/python3.8/site-packages/septentrio_gnss_driver/msg/_att_euler_s.c
[6.941s] -- Up-to-date: /home/openark/ros2_ws/install/septentrio_gnss_driver/lib/python3.8/site-packages/septentrio_gnss_driver/msg/_ext_sensor_meas_s.c
[6.941s] -- Up-to-date: /home/openark/ros2_ws/install/septentrio_gnss_driver/lib/python3.8/site-packages/septentrio_gnss_driver/msg/_pvt_cartesian_s.c
[6.941s] -- Up-to-date: /home/openark/ros2_ws/install/septentrio_gnss_driver/lib/python3.8/site-packages/septentrio_gnss_driver/msg/_vel_cov_cartesian_s.c
[6.942s] -- Up-to-date: /home/openark/ros2_ws/install/septentrio_gnss_driver/lib/python3.8/site-packages/septentrio_gnss_driver/msg/_pvt_geodetic_s.c
[6.942s] -- Up-to-date: /home/openark/ros2_ws/install/septentrio_gnss_driver/lib/python3.8/site-packages/septentrio_gnss_driver/msg/_ins_nav_geod_s.c
[6.942s] -- Up-to-date: /home/openark/ros2_ws/install/septentrio_gnss_driver/lib/python3.8/site-packages/septentrio_gnss_driver/msg/_pos_cov_geodetic_s.c
[6.942s] -- Up-to-date: /home/openark/ros2_ws/install/septentrio_gnss_driver/lib/python3.8/site-packages/septentrio_gnss_driver/msg/_rf_band_s.c
[6.943s] -- Up-to-date: /home/openark/ros2_ws/install/septentrio_gnss_driver/lib/python3.8/site-packages/septentrio_gnss_driver/msg/_meas_epoch_s.c
[6.943s] -- Up-to-date: /home/openark/ros2_ws/install/septentrio_gnss_driver/lib/python3.8/site-packages/septentrio_gnss_driver/msg/_rf_status_s.c
[6.943s] -- Up-to-date: /home/openark/ros2_ws/install/septentrio_gnss_driver/lib/python3.8/site-packages/septentrio_gnss_driver/msg/_base_vector_geod_s.c
[6.943s] -- Up-to-date: /home/openark/ros2_ws/install/septentrio_gnss_driver/lib/python3.8/site-packages/septentrio_gnss_driver/msg/_aim_plus_status_s.c
[6.944s] -- Up-to-date: /home/openark/ros2_ws/install/septentrio_gnss_driver/lib/python3.8/site-packages/septentrio_gnss_driver/msg/_imu_setup_s.c
[6.944s] -- Up-to-date: /home/openark/ros2_ws/install/septentrio_gnss_driver/lib/python3.8/site-packages/septentrio_gnss_driver/msg/_meas_epoch_channel_type2_s.c
[6.944s] -- Up-to-date: /home/openark/ros2_ws/install/septentrio_gnss_driver/lib/python3.8/site-packages/septentrio_gnss_driver/msg/_vel_cov_geodetic_s.c
[6.945s] -- Up-to-date: /home/openark/ros2_ws/install/septentrio_gnss_driver/lib/python3.8/site-packages/septentrio_gnss_driver/msg/_vector_info_cart_s.c
[6.945s] -- Up-to-date: /home/openark/ros2_ws/install/septentrio_gnss_driver/lib/python3.8/site-packages/septentrio_gnss_driver/msg/_base_vector_cart_s.c
[6.945s] -- Up-to-date: /home/openark/ros2_ws/install/septentrio_gnss_driver/lib/python3.8/site-packages/septentrio_gnss_driver/msg/_meas_epoch_channel_type1_s.c
[6.945s] -- Up-to-date: /home/openark/ros2_ws/install/septentrio_gnss_driver/lib/python3.8/site-packages/septentrio_gnss_driver/msg/_receiver_time_s.c
[6.945s] -- Up-to-date: /home/openark/ros2_ws/install/septentrio_gnss_driver/lib/python3.8/site-packages/septentrio_gnss_driver/msg/_block_header_s.c
[6.946s] -- Up-to-date: /home/openark/ros2_ws/install/septentrio_gnss_driver/lib/python3.8/site-packages/septentrio_gnss_driver/msg/_pos_cov_cartesian_s.c
[6.946s] -- Up-to-date: /home/openark/ros2_ws/install/septentrio_gnss_driver/lib/python3.8/site-packages/septentrio_gnss_driver/msg/_vector_info_geod_s.c
[6.946s] -- Up-to-date: /home/openark/ros2_ws/install/septentrio_gnss_driver/lib/python3.8/site-packages/septentrio_gnss_driver/msg/_att_cov_euler_s.c
[6.946s] -- Up-to-date: /home/openark/ros2_ws/install/septentrio_gnss_driver/lib/python3.8/site-packages/septentrio_gnss_driver/msg/_gal_auth_status_s.c
[6.947s] -- Up-to-date: /home/openark/ros2_ws/install/septentrio_gnss_driver/lib/libseptentrio_gnss_driver_core.so
[6.947s] -- Up-to-date: /home/openark/ros2_ws/install/septentrio_gnss_driver/lib/septentrio_gnss_driver/septentrio_gnss_driver_node
[6.947s] -- Up-to-date: /home/openark/ros2_ws/install/septentrio_gnss_driver/include/
[6.947s] -- Up-to-date: /home/openark/ros2_ws/install/septentrio_gnss_driver/include//septentrio_gnss_driver
[6.948s] -- Up-to-date: /home/openark/ros2_ws/install/septentrio_gnss_driver/include//septentrio_gnss_driver/abstraction
[6.948s] -- Up-to-date: /home/openark/ros2_ws/install/septentrio_gnss_driver/include//septentrio_gnss_driver/communication
[6.948s] -- Up-to-date: /home/openark/ros2_ws/install/septentrio_gnss_driver/include//septentrio_gnss_driver/node
[6.949s] -- Up-to-date: /home/openark/ros2_ws/install/septentrio_gnss_driver/include//septentrio_gnss_driver/crc
[6.949s] -- Up-to-date: /home/openark/ros2_ws/install/septentrio_gnss_driver/include//septentrio_gnss_driver/parsers
[6.949s] -- Up-to-date: /home/openark/ros2_ws/install/septentrio_gnss_driver/include//septentrio_gnss_driver/parsers/nmea_parsers
[6.950s] -- Up-to-date: /home/openark/ros2_ws/install/septentrio_gnss_driver/include//septentrio_gnss_driver/plugin
[6.950s] -- Up-to-date: /home/openark/ros2_ws/install/septentrio_gnss_driver/share/septentrio_gnss_driver/launch
[6.950s] -- Up-to-date: /home/openark/ros2_ws/install/septentrio_gnss_driver/share/septentrio_gnss_driver/config
[6.951s] -- Installing: /home/openark/ros2_ws/install/septentrio_gnss_driver/share/septentrio_gnss_driver/package.dsv
[6.951s] -- Up-to-date: /home/openark/ros2_ws/install/septentrio_gnss_driver/share/septentrio_gnss_driver/cmake/septentrio_gnss_driver__rosidl_generator_cExport.cmake
[6.951s] -- Up-to-date: /home/openark/ros2_ws/install/septentrio_gnss_driver/share/septentrio_gnss_driver/cmake/septentrio_gnss_driver__rosidl_generator_cExport-release.cmake
[6.952s] -- Up-to-date: /home/openark/ros2_ws/install/septentrio_gnss_driver/share/septentrio_gnss_driver/cmake/septentrio_gnss_driver__rosidl_typesupport_introspection_cExport.cmake
[6.952s] -- Up-to-date: /home/openark/ros2_ws/install/septentrio_gnss_driver/share/septentrio_gnss_driver/cmake/septentrio_gnss_driver__rosidl_typesupport_introspection_cExport-release.cmake
[6.953s] -- Up-to-date: /home/openark/ros2_ws/install/septentrio_gnss_driver/share/septentrio_gnss_driver/cmake/septentrio_gnss_driver__rosidl_typesupport_cExport.cmake
[6.953s] -- Up-to-date: /home/openark/ros2_ws/install/septentrio_gnss_driver/share/septentrio_gnss_driver/cmake/septentrio_gnss_driver__rosidl_typesupport_cExport-release.cmake
[6.953s] -- Up-to-date: /home/openark/ros2_ws/install/septentrio_gnss_driver/share/septentrio_gnss_driver/cmake/septentrio_gnss_driver__rosidl_generator_cppExport.cmake
[6.953s] -- Up-to-date: /home/openark/ros2_ws/install/septentrio_gnss_driver/share/septentrio_gnss_driver/cmake/septentrio_gnss_driver__rosidl_typesupport_introspection_cppExport.cmake
[6.953s] -- Up-to-date: /home/openark/ros2_ws/install/septentrio_gnss_driver/share/septentrio_gnss_driver/cmake/septentrio_gnss_driver__rosidl_typesupport_introspection_cppExport-release.cmake
[6.954s] -- Up-to-date: /home/openark/ros2_ws/install/septentrio_gnss_driver/share/septentrio_gnss_driver/cmake/septentrio_gnss_driver__rosidl_typesupport_cppExport.cmake
[6.954s] -- Up-to-date: /home/openark/ros2_ws/install/septentrio_gnss_driver/share/septentrio_gnss_driver/cmake/septentrio_gnss_driver__rosidl_typesupport_cppExport-release.cmake
[6.954s] -- Up-to-date: /home/openark/ros2_ws/install/septentrio_gnss_driver/share/septentrio_gnss_driver/cmake/septentrio_gnss_driver_coreExport.cmake
[6.955s] -- Up-to-date: /home/openark/ros2_ws/install/septentrio_gnss_driver/share/septentrio_gnss_driver/cmake/septentrio_gnss_driver_coreExport-release.cmake
[6.955s] Invoked command in '/home/openark/ros2_ws/build/septentrio_gnss_driver' returned '0': CMAKE_PREFIX_PATH=${CMAKE_PREFIX_PATH}:/home/openark/ros2_ws/install/septentrio_gnss_driver:/home/openark/ros2_ws/install/examples_rclpy_minimal_subscriber:/home/openark/ros2_ws/install/examples_rclpy_minimal_service:/home/openark/ros2_ws/install/examples_rclpy_minimal_publisher:/home/openark/ros2_ws/install/examples_rclpy_minimal_client:/home/openark/ros2_ws/install/examples_rclpy_minimal_action_server:/home/openark/ros2_ws/install/examples_rclpy_minimal_action_client:/home/openark/ros2_ws/install/examples_rclpy_executors:/home/openark/ros2_ws/src/install/zed_tutorial_pos_tracking:/home/openark/ros2_ws/src/install/examples_rclpy_minimal_subscriber:/home/openark/ros2_ws/src/install/examples_rclpy_minimal_service:/home/openark/ros2_ws/src/install/examples_rclpy_minimal_publisher:/home/openark/ros2_ws/src/install/examples_rclpy_minimal_client:/home/openark/ros2_ws/src/install/examples_rclpy_minimal_action_server:/home/openark/ros2_ws/src/install/examples_rclpy_minimal_action_client:/home/openark/ros2_ws/src/install/examples_rclpy_executors:/opt/ros/foxy /usr/bin/cmake --install /home/openark/ros2_ws/build/septentrio_gnss_driver
