[8.724s] Invoking command in '/home/openark/ros2_ws/src/examples/rclpy/services/minimal_service': PYTHONPATH=/home/openark/ros2_ws/src/build/examples_rclpy_minimal_service/prefix_override:/home/openark/ros2_ws/src/install/examples_rclpy_minimal_service/lib/python3.8/site-packages:${PYTHONPATH} /usr/bin/python3 setup.py egg_info --egg-base ../../../../build/examples_rclpy_minimal_service build --build-base /home/openark/ros2_ws/src/build/examples_rclpy_minimal_service/build install --record /home/openark/ros2_ws/src/build/examples_rclpy_minimal_service/install.log --install-scripts $base/lib/examples_rclpy_minimal_service --single-version-externally-managed
[9.733s] running egg_info
[9.734s] writing ../../../../build/examples_rclpy_minimal_service/examples_rclpy_minimal_service.egg-info/PKG-INFO
[9.734s] writing dependency_links to ../../../../build/examples_rclpy_minimal_service/examples_rclpy_minimal_service.egg-info/dependency_links.txt
[9.734s] writing entry points to ../../../../build/examples_rclpy_minimal_service/examples_rclpy_minimal_service.egg-info/entry_points.txt
[9.734s] writing requirements to ../../../../build/examples_rclpy_minimal_service/examples_rclpy_minimal_service.egg-info/requires.txt
[9.735s] writing top-level names to ../../../../build/examples_rclpy_minimal_service/examples_rclpy_minimal_service.egg-info/top_level.txt
[9.735s] reading manifest file '../../../../build/examples_rclpy_minimal_service/examples_rclpy_minimal_service.egg-info/SOURCES.txt'
[9.739s] writing manifest file '../../../../build/examples_rclpy_minimal_service/examples_rclpy_minimal_service.egg-info/SOURCES.txt'
[9.742s] running build
[9.742s] running build_py
[9.743s] running install
[9.743s] running install_lib
[9.743s] running install_data
[9.743s] running install_egg_info
[9.744s] removing '/home/openark/ros2_ws/src/install/examples_rclpy_minimal_service/lib/python3.8/site-packages/examples_rclpy_minimal_service-0.9.4-py3.8.egg-info' (and everything under it)
[9.744s] Copying ../../../../build/examples_rclpy_minimal_service/examples_rclpy_minimal_service.egg-info to /home/openark/ros2_ws/src/install/examples_rclpy_minimal_service/lib/python3.8/site-packages/examples_rclpy_minimal_service-0.9.4-py3.8.egg-info
[9.744s] running install_scripts
[9.746s] Installing service script to /home/openark/ros2_ws/src/install/examples_rclpy_minimal_service/lib/examples_rclpy_minimal_service
[9.747s] Installing service_member_function script to /home/openark/ros2_ws/src/install/examples_rclpy_minimal_service/lib/examples_rclpy_minimal_service
[9.747s] writing list of installed files to '/home/openark/ros2_ws/src/build/examples_rclpy_minimal_service/install.log'
[10.454s] Invoked command in '/home/openark/ros2_ws/src/examples/rclpy/services/minimal_service' returned '0': PYTHONPATH=/home/openark/ros2_ws/src/build/examples_rclpy_minimal_service/prefix_override:/home/openark/ros2_ws/src/install/examples_rclpy_minimal_service/lib/python3.8/site-packages:${PYTHONPATH} /usr/bin/python3 setup.py egg_info --egg-base ../../../../build/examples_rclpy_minimal_service build --build-base /home/openark/ros2_ws/src/build/examples_rclpy_minimal_service/build install --record /home/openark/ros2_ws/src/build/examples_rclpy_minimal_service/install.log --install-scripts $base/lib/examples_rclpy_minimal_service --single-version-externally-managed
