[0.606s] Invoking command in '/home/openark/ros2_ws/src/build/examples_rclcpp_multithreaded_executor': CMAKE_PREFIX_PATH=/home/openark/ros2_ws/install/zed_ros2:/home/openark/ros2_ws/install/zed_multi_camera:/home/openark/ros2_ws/install/zed_display_rviz2:/home/openark/ros2_ws/install/zed_wrapper:/home/openark/ros2_ws/install/zed_tutorial_video:/home/openark/ros2_ws/install/zed_tutorial_pos_tracking:/home/openark/ros2_ws/install/zed_tutorial_depth:/home/openark/ros2_ws/install/zed_topic_benchmark_interfaces:/home/openark/ros2_ws/install/zed_rgb_convert:/home/openark/ros2_ws/install/zed_components:/home/openark/ros2_ws/install/rviz_plugin_zed_od:/home/openark/ros2_ws/install/zed_interfaces:/home/openark/ros2_ws/install/examples_rclpy_minimal_subscriber:/home/openark/ros2_ws/install/examples_rclpy_minimal_service:/home/openark/ros2_ws/install/examples_rclpy_minimal_publisher:/home/openark/ros2_ws/install/examples_rclpy_minimal_client:/home/openark/ros2_ws/install/examples_rclpy_minimal_action_server:/home/openark/ros2_ws/install/examples_rclpy_minimal_action_client:/home/openark/ros2_ws/install/examples_rclpy_executors:/home/openark/ros2_ws/src/install/examples_rclpy_minimal_subscriber:/home/openark/ros2_ws/src/install/examples_rclpy_minimal_service:/home/openark/ros2_ws/src/install/examples_rclpy_minimal_publisher:/home/openark/ros2_ws/src/install/examples_rclpy_minimal_client:/home/openark/ros2_ws/src/install/examples_rclpy_minimal_action_server:/home/openark/ros2_ws/src/install/examples_rclpy_minimal_action_client:/home/openark/ros2_ws/src/install/examples_rclpy_executors:/opt/ros/foxy:/home/openark/ros2_ws/install/septentrio_gnss_driver:/home/openark/ros2_ws/install/roar_septentrio_interface:/home/openark/ros2_ws/install/examples_rclcpp_multithreaded_executor:/home/openark/ros2_ws/install/examples_rclcpp_minimal_timer:/home/openark/ros2_ws/install/examples_rclcpp_minimal_subscriber:/home/openark/ros2_ws/install/examples_rclcpp_minimal_service:/home/openark/ros2_ws/install/examples_rclcpp_minimal_publisher:/home/openark/ros2_ws/install/examples_rclcpp_minimal_composition:/home/openark/ros2_ws/install/examples_rclcpp_minimal_client:/home/openark/ros2_ws/install/examples_rclcpp_minimal_action_server:/home/openark/ros2_ws/install/examples_rclcpp_minimal_action_client:/home/openark/ros2_ws/src/install/zed_ros2:/home/openark/ros2_ws/src/install/zed_multi_camera:/home/openark/ros2_ws/src/install/zed_display_rviz2:/home/openark/ros2_ws/src/install/zed_wrapper:/home/openark/ros2_ws/src/install/zed_tutorial_video:/home/openark/ros2_ws/src/install/zed_tutorial_pos_tracking:/home/openark/ros2_ws/src/install/zed_tutorial_depth:/home/openark/ros2_ws/src/install/zed_topic_benchmark_interfaces:/home/openark/ros2_ws/src/install/zed_rgb_convert:/home/openark/ros2_ws/src/install/zed_components:/home/openark/ros2_ws/src/install/rviz_plugin_zed_od:/home/openark/ros2_ws/src/install/zed_interfaces:/home/openark/ros2_ws/src/install/septentrio_gnss_driver:/home/openark/ros2_ws/src/install/roar_septentrio_interface:/home/openark/ros2_ws/src/install/examples_rclcpp_multithreaded_executor:/home/openark/ros2_ws/src/install/examples_rclcpp_minimal_timer:/home/openark/ros2_ws/src/install/examples_rclcpp_minimal_subscriber:/home/openark/ros2_ws/src/install/examples_rclcpp_minimal_service:/home/openark/ros2_ws/src/install/examples_rclcpp_minimal_publisher:/home/openark/ros2_ws/src/install/examples_rclcpp_minimal_composition:/home/openark/ros2_ws/src/install/examples_rclcpp_minimal_client:/home/openark/ros2_ws/src/install/examples_rclcpp_minimal_action_server:/home/openark/ros2_ws/src/install/examples_rclcpp_minimal_action_client /usr/bin/cmake /home/openark/ros2_ws/src/examples/rclcpp/executors/multithreaded_executor -DCMAKE_INSTALL_PREFIX=/home/openark/ros2_ws/src/install/examples_rclcpp_multithreaded_executor
[5.266s] -- The C compiler identification is GNU 9.4.0
[5.266s] -- The CXX compiler identification is GNU 9.4.0
[5.266s] -- Check for working C compiler: /usr/bin/cc
[5.266s] -- Check for working C compiler: /usr/bin/cc -- works
[5.267s] -- Detecting C compiler ABI info
[5.267s] -- Detecting C compiler ABI info - done
[5.268s] -- Detecting C compile features
[5.274s] -- Detecting C compile features - done
[5.274s] -- Check for working CXX compiler: /usr/bin/c++
[5.274s] -- Check for working CXX compiler: /usr/bin/c++ -- works
[5.274s] -- Detecting CXX compiler ABI info
[5.275s] -- Detecting CXX compiler ABI info - done
[5.275s] -- Detecting CXX compile features
[5.275s] -- Detecting CXX compile features - done
[5.276s] -- Found ament_cmake: 0.9.12 (/opt/ros/foxy/share/ament_cmake/cmake)
[5.276s] -- Found PythonInterp: /usr/bin/python3 (found suitable version "3.8.10", minimum required is "3") 
[5.276s] -- Using PYTHON_EXECUTABLE: /usr/bin/python3
[5.276s] -- Found rclcpp: 2.4.3 (/opt/ros/foxy/share/rclcpp/cmake)
[5.276s] -- Using all available rosidl_typesupport_c: rosidl_typesupport_fastrtps_c;rosidl_typesupport_introspection_c
[5.276s] -- Found rosidl_adapter: 1.3.1 (/opt/ros/foxy/share/rosidl_adapter/cmake)
[5.277s] -- Found OpenSSL: /usr/lib/x86_64-linux-gnu/libcrypto.so (found version "1.1.1f")  
[5.277s] -- Found FastRTPS: /opt/ros/foxy/include  
[5.277s] -- Using all available rosidl_typesupport_cpp: rosidl_typesupport_fastrtps_cpp;rosidl_typesupport_introspection_cpp
[5.277s] -- Found rmw_implementation_cmake: 1.0.4 (/opt/ros/foxy/share/rmw_implementation_cmake/cmake)
[5.277s] -- Using RMW implementation 'rmw_fastrtps_cpp' as default
[5.277s] -- Looking for pthread.h
[5.277s] -- Looking for pthread.h - found
[5.278s] -- Performing Test CMAKE_HAVE_LIBC_PTHREAD
[5.278s] -- Performing Test CMAKE_HAVE_LIBC_PTHREAD - Failed
[5.278s] -- Looking for pthread_create in pthreads
[5.278s] -- Looking for pthread_create in pthreads - not found
[5.278s] -- Looking for pthread_create in pthread
[5.278s] -- Looking for pthread_create in pthread - found
[5.278s] -- Found Threads: TRUE  
[5.279s] -- Found ament_lint_auto: 0.9.8 (/opt/ros/foxy/share/ament_lint_auto/cmake)
[5.279s] -- Added test 'copyright' to check source files copyright and LICENSE
[5.279s] -- Added test 'cppcheck' to perform static code analysis on C / C++ code
[5.279s] -- Configured cppcheck include dirs: 
[5.279s] -- Configured cppcheck exclude dirs and/or files: 
[5.279s] -- Added test 'cpplint' to check C / C++ code against the Google style
[5.280s] -- Configured cpplint exclude dirs and/or files: 
[5.280s] -- Added test 'lint_cmake' to check CMake code style
[5.280s] -- Added test 'uncrustify' to check C / C++ code style
[5.280s] -- Configured uncrustify additional arguments: 
[5.280s] -- Added test 'xmllint' to check XML markup files
[5.280s] -- Configuring done
[5.280s] -- Generating done
[5.281s] -- Build files have been written to: /home/openark/ros2_ws/src/build/examples_rclcpp_multithreaded_executor
[5.305s] Invoked command in '/home/openark/ros2_ws/src/build/examples_rclcpp_multithreaded_executor' returned '0': CMAKE_PREFIX_PATH=/home/openark/ros2_ws/install/zed_ros2:/home/openark/ros2_ws/install/zed_multi_camera:/home/openark/ros2_ws/install/zed_display_rviz2:/home/openark/ros2_ws/install/zed_wrapper:/home/openark/ros2_ws/install/zed_tutorial_video:/home/openark/ros2_ws/install/zed_tutorial_pos_tracking:/home/openark/ros2_ws/install/zed_tutorial_depth:/home/openark/ros2_ws/install/zed_topic_benchmark_interfaces:/home/openark/ros2_ws/install/zed_rgb_convert:/home/openark/ros2_ws/install/zed_components:/home/openark/ros2_ws/install/rviz_plugin_zed_od:/home/openark/ros2_ws/install/zed_interfaces:/home/openark/ros2_ws/install/examples_rclpy_minimal_subscriber:/home/openark/ros2_ws/install/examples_rclpy_minimal_service:/home/openark/ros2_ws/install/examples_rclpy_minimal_publisher:/home/openark/ros2_ws/install/examples_rclpy_minimal_client:/home/openark/ros2_ws/install/examples_rclpy_minimal_action_server:/home/openark/ros2_ws/install/examples_rclpy_minimal_action_client:/home/openark/ros2_ws/install/examples_rclpy_executors:/home/openark/ros2_ws/src/install/examples_rclpy_minimal_subscriber:/home/openark/ros2_ws/src/install/examples_rclpy_minimal_service:/home/openark/ros2_ws/src/install/examples_rclpy_minimal_publisher:/home/openark/ros2_ws/src/install/examples_rclpy_minimal_client:/home/openark/ros2_ws/src/install/examples_rclpy_minimal_action_server:/home/openark/ros2_ws/src/install/examples_rclpy_minimal_action_client:/home/openark/ros2_ws/src/install/examples_rclpy_executors:/opt/ros/foxy:/home/openark/ros2_ws/install/septentrio_gnss_driver:/home/openark/ros2_ws/install/roar_septentrio_interface:/home/openark/ros2_ws/install/examples_rclcpp_multithreaded_executor:/home/openark/ros2_ws/install/examples_rclcpp_minimal_timer:/home/openark/ros2_ws/install/examples_rclcpp_minimal_subscriber:/home/openark/ros2_ws/install/examples_rclcpp_minimal_service:/home/openark/ros2_ws/install/examples_rclcpp_minimal_publisher:/home/openark/ros2_ws/install/examples_rclcpp_minimal_composition:/home/openark/ros2_ws/install/examples_rclcpp_minimal_client:/home/openark/ros2_ws/install/examples_rclcpp_minimal_action_server:/home/openark/ros2_ws/install/examples_rclcpp_minimal_action_client:/home/openark/ros2_ws/src/install/zed_ros2:/home/openark/ros2_ws/src/install/zed_multi_camera:/home/openark/ros2_ws/src/install/zed_display_rviz2:/home/openark/ros2_ws/src/install/zed_wrapper:/home/openark/ros2_ws/src/install/zed_tutorial_video:/home/openark/ros2_ws/src/install/zed_tutorial_pos_tracking:/home/openark/ros2_ws/src/install/zed_tutorial_depth:/home/openark/ros2_ws/src/install/zed_topic_benchmark_interfaces:/home/openark/ros2_ws/src/install/zed_rgb_convert:/home/openark/ros2_ws/src/install/zed_components:/home/openark/ros2_ws/src/install/rviz_plugin_zed_od:/home/openark/ros2_ws/src/install/zed_interfaces:/home/openark/ros2_ws/src/install/septentrio_gnss_driver:/home/openark/ros2_ws/src/install/roar_septentrio_interface:/home/openark/ros2_ws/src/install/examples_rclcpp_multithreaded_executor:/home/openark/ros2_ws/src/install/examples_rclcpp_minimal_timer:/home/openark/ros2_ws/src/install/examples_rclcpp_minimal_subscriber:/home/openark/ros2_ws/src/install/examples_rclcpp_minimal_service:/home/openark/ros2_ws/src/install/examples_rclcpp_minimal_publisher:/home/openark/ros2_ws/src/install/examples_rclcpp_minimal_composition:/home/openark/ros2_ws/src/install/examples_rclcpp_minimal_client:/home/openark/ros2_ws/src/install/examples_rclcpp_minimal_action_server:/home/openark/ros2_ws/src/install/examples_rclcpp_minimal_action_client /usr/bin/cmake /home/openark/ros2_ws/src/examples/rclcpp/executors/multithreaded_executor -DCMAKE_INSTALL_PREFIX=/home/openark/ros2_ws/src/install/examples_rclcpp_multithreaded_executor
[5.307s] Invoking command in '/home/openark/ros2_ws/src/build/examples_rclcpp_multithreaded_executor': CMAKE_PREFIX_PATH=/home/openark/ros2_ws/install/zed_ros2:/home/openark/ros2_ws/install/zed_multi_camera:/home/openark/ros2_ws/install/zed_display_rviz2:/home/openark/ros2_ws/install/zed_wrapper:/home/openark/ros2_ws/install/zed_tutorial_video:/home/openark/ros2_ws/install/zed_tutorial_pos_tracking:/home/openark/ros2_ws/install/zed_tutorial_depth:/home/openark/ros2_ws/install/zed_topic_benchmark_interfaces:/home/openark/ros2_ws/install/zed_rgb_convert:/home/openark/ros2_ws/install/zed_components:/home/openark/ros2_ws/install/rviz_plugin_zed_od:/home/openark/ros2_ws/install/zed_interfaces:/home/openark/ros2_ws/install/examples_rclpy_minimal_subscriber:/home/openark/ros2_ws/install/examples_rclpy_minimal_service:/home/openark/ros2_ws/install/examples_rclpy_minimal_publisher:/home/openark/ros2_ws/install/examples_rclpy_minimal_client:/home/openark/ros2_ws/install/examples_rclpy_minimal_action_server:/home/openark/ros2_ws/install/examples_rclpy_minimal_action_client:/home/openark/ros2_ws/install/examples_rclpy_executors:/home/openark/ros2_ws/src/install/examples_rclpy_minimal_subscriber:/home/openark/ros2_ws/src/install/examples_rclpy_minimal_service:/home/openark/ros2_ws/src/install/examples_rclpy_minimal_publisher:/home/openark/ros2_ws/src/install/examples_rclpy_minimal_client:/home/openark/ros2_ws/src/install/examples_rclpy_minimal_action_server:/home/openark/ros2_ws/src/install/examples_rclpy_minimal_action_client:/home/openark/ros2_ws/src/install/examples_rclpy_executors:/opt/ros/foxy:/home/openark/ros2_ws/install/septentrio_gnss_driver:/home/openark/ros2_ws/install/roar_septentrio_interface:/home/openark/ros2_ws/install/examples_rclcpp_multithreaded_executor:/home/openark/ros2_ws/install/examples_rclcpp_minimal_timer:/home/openark/ros2_ws/install/examples_rclcpp_minimal_subscriber:/home/openark/ros2_ws/install/examples_rclcpp_minimal_service:/home/openark/ros2_ws/install/examples_rclcpp_minimal_publisher:/home/openark/ros2_ws/install/examples_rclcpp_minimal_composition:/home/openark/ros2_ws/install/examples_rclcpp_minimal_client:/home/openark/ros2_ws/install/examples_rclcpp_minimal_action_server:/home/openark/ros2_ws/install/examples_rclcpp_minimal_action_client:/home/openark/ros2_ws/src/install/zed_ros2:/home/openark/ros2_ws/src/install/zed_multi_camera:/home/openark/ros2_ws/src/install/zed_display_rviz2:/home/openark/ros2_ws/src/install/zed_wrapper:/home/openark/ros2_ws/src/install/zed_tutorial_video:/home/openark/ros2_ws/src/install/zed_tutorial_pos_tracking:/home/openark/ros2_ws/src/install/zed_tutorial_depth:/home/openark/ros2_ws/src/install/zed_topic_benchmark_interfaces:/home/openark/ros2_ws/src/install/zed_rgb_convert:/home/openark/ros2_ws/src/install/zed_components:/home/openark/ros2_ws/src/install/rviz_plugin_zed_od:/home/openark/ros2_ws/src/install/zed_interfaces:/home/openark/ros2_ws/src/install/septentrio_gnss_driver:/home/openark/ros2_ws/src/install/roar_septentrio_interface:/home/openark/ros2_ws/src/install/examples_rclcpp_multithreaded_executor:/home/openark/ros2_ws/src/install/examples_rclcpp_minimal_timer:/home/openark/ros2_ws/src/install/examples_rclcpp_minimal_subscriber:/home/openark/ros2_ws/src/install/examples_rclcpp_minimal_service:/home/openark/ros2_ws/src/install/examples_rclcpp_minimal_publisher:/home/openark/ros2_ws/src/install/examples_rclcpp_minimal_composition:/home/openark/ros2_ws/src/install/examples_rclcpp_minimal_client:/home/openark/ros2_ws/src/install/examples_rclcpp_minimal_action_server:/home/openark/ros2_ws/src/install/examples_rclcpp_minimal_action_client /usr/bin/cmake --build /home/openark/ros2_ws/src/build/examples_rclcpp_multithreaded_executor -- -j12 -l12
[5.918s] [35m[1mScanning dependencies of target multithreaded_executor[0m
[5.918s] [ 50%] [32mBuilding CXX object CMakeFiles/multithreaded_executor.dir/multithreaded_executor.cpp.o[0m
[23.067s] [100%] [32m[1mLinking CXX executable multithreaded_executor[0m
[23.792s] [100%] Built target multithreaded_executor
