[10.826s] Invoking command in '/home/openark/ros2_ws/build/examples_rclpy_minimal_client': PYTHONPATH=/home/openark/ros2_ws/build/examples_rclpy_minimal_client/prefix_override:/home/openark/ros2_ws/install/examples_rclpy_minimal_client/lib/python3.8/site-packages:${PYTHONPATH} /usr/bin/python3 setup.py develop --editable --build-directory /home/openark/ros2_ws/build/examples_rclpy_minimal_client/build --no-deps install_data
[12.900s] running develop
[12.901s] running egg_info
[12.901s] writing examples_rclpy_minimal_client.egg-info/PKG-INFO
[12.901s] writing dependency_links to examples_rclpy_minimal_client.egg-info/dependency_links.txt
[12.902s] writing entry points to examples_rclpy_minimal_client.egg-info/entry_points.txt
[12.902s] writing requirements to examples_rclpy_minimal_client.egg-info/requires.txt
[12.903s] writing top-level names to examples_rclpy_minimal_client.egg-info/top_level.txt
[12.907s] reading manifest file 'examples_rclpy_minimal_client.egg-info/SOURCES.txt'
[12.907s] writing manifest file 'examples_rclpy_minimal_client.egg-info/SOURCES.txt'
[12.908s] running build_ext
[12.909s] Creating /home/openark/ros2_ws/install/examples_rclpy_minimal_client/lib/python3.8/site-packages/examples-rclpy-minimal-client.egg-link (link to .)
[12.910s] Installing client script to /home/openark/ros2_ws/install/examples_rclpy_minimal_client/lib/examples_rclpy_minimal_client
[12.911s] Installing client_async script to /home/openark/ros2_ws/install/examples_rclpy_minimal_client/lib/examples_rclpy_minimal_client
[12.912s] Installing client_async_callback script to /home/openark/ros2_ws/install/examples_rclpy_minimal_client/lib/examples_rclpy_minimal_client
[12.912s] Installing client_async_member_function script to /home/openark/ros2_ws/install/examples_rclpy_minimal_client/lib/examples_rclpy_minimal_client
[12.914s] 
[12.915s] Installed /home/openark/ros2_ws/build/examples_rclpy_minimal_client
[12.919s] running install_data
[13.223s] Invoked command in '/home/openark/ros2_ws/build/examples_rclpy_minimal_client' returned '0': PYTHONPATH=/home/openark/ros2_ws/build/examples_rclpy_minimal_client/prefix_override:/home/openark/ros2_ws/install/examples_rclpy_minimal_client/lib/python3.8/site-packages:${PYTHONPATH} /usr/bin/python3 setup.py develop --editable --build-directory /home/openark/ros2_ws/build/examples_rclpy_minimal_client/build --no-deps install_data
