[0.765s] Invoking command in '/home/openark/ros2_ws/build/examples_rclcpp_minimal_timer': CMAKE_PREFIX_PATH=/opt/ros/foxy /usr/bin/cmake /home/openark/ros2_ws/src/examples/rclcpp/timers/minimal_timer -DAMENT_CMAKE_SYMLINK_INSTALL=1 -DCMAKE_INSTALL_PREFIX=/home/openark/ros2_ws/install/examples_rclcpp_minimal_timer
[3.292s] -- Found ament_cmake: 0.9.12 (/opt/ros/foxy/share/ament_cmake/cmake)
[3.292s] -- Found PythonInterp: /usr/bin/python3 (found suitable version "3.8.10", minimum required is "3") 
[3.292s] -- Using PYTHON_EXECUTABLE: /usr/bin/python3
[3.292s] -- Override CMake install command with custom implementation using symlinks instead of copying resources
[3.292s] -- Found rclcpp: 2.4.3 (/opt/ros/foxy/share/rclcpp/cmake)
[3.292s] -- Using all available rosidl_typesupport_c: rosidl_typesupport_fastrtps_c;rosidl_typesupport_introspection_c
[3.292s] -- Found rosidl_adapter: 1.3.1 (/opt/ros/foxy/share/rosidl_adapter/cmake)
[3.292s] -- Found OpenSSL: /usr/lib/x86_64-linux-gnu/libcrypto.so (found version "1.1.1f")  
[3.293s] -- Found FastRTPS: /opt/ros/foxy/include  
[3.293s] -- Using all available rosidl_typesupport_cpp: rosidl_typesupport_fastrtps_cpp;rosidl_typesupport_introspection_cpp
[3.293s] -- Found rmw_implementation_cmake: 1.0.4 (/opt/ros/foxy/share/rmw_implementation_cmake/cmake)
[3.293s] -- Using RMW implementation 'rmw_fastrtps_cpp' as default
[3.293s] -- Looking for pthread.h
[3.293s] -- Looking for pthread.h - found
[3.293s] -- Performing Test CMAKE_HAVE_LIBC_PTHREAD
[3.293s] -- Performing Test CMAKE_HAVE_LIBC_PTHREAD - Failed
[3.293s] -- Looking for pthread_create in pthreads
[3.294s] -- Looking for pthread_create in pthreads - not found
[3.294s] -- Looking for pthread_create in pthread
[3.294s] -- Looking for pthread_create in pthread - found
[3.294s] -- Found Threads: TRUE  
[3.295s] -- Found ament_lint_auto: 0.9.8 (/opt/ros/foxy/share/ament_lint_auto/cmake)
[3.316s] -- Added test 'copyright' to check source files copyright and LICENSE
[3.316s] -- Added test 'cppcheck' to perform static code analysis on C / C++ code
[3.316s] -- Configured cppcheck include dirs: 
[3.317s] -- Configured cppcheck exclude dirs and/or files: 
[3.317s] -- Added test 'cpplint' to check C / C++ code against the Google style
[3.317s] -- Configured cpplint exclude dirs and/or files: 
[3.317s] -- Added test 'lint_cmake' to check CMake code style
[3.317s] -- Added test 'uncrustify' to check C / C++ code style
[3.318s] -- Configured uncrustify additional arguments: 
[3.318s] -- Added test 'xmllint' to check XML markup files
[3.318s] -- Configuring done
[3.338s] -- Generating done
[3.342s] -- Build files have been written to: /home/openark/ros2_ws/build/examples_rclcpp_minimal_timer
[3.374s] Invoked command in '/home/openark/ros2_ws/build/examples_rclcpp_minimal_timer' returned '0': CMAKE_PREFIX_PATH=/opt/ros/foxy /usr/bin/cmake /home/openark/ros2_ws/src/examples/rclcpp/timers/minimal_timer -DAMENT_CMAKE_SYMLINK_INSTALL=1 -DCMAKE_INSTALL_PREFIX=/home/openark/ros2_ws/install/examples_rclcpp_minimal_timer
[3.377s] Invoking command in '/home/openark/ros2_ws/build/examples_rclcpp_minimal_timer': CMAKE_PREFIX_PATH=/opt/ros/foxy /usr/bin/cmake --build /home/openark/ros2_ws/build/examples_rclcpp_minimal_timer -- -j12 -l12
[3.576s] [35m[1mScanning dependencies of target timer_lambda[0m
[3.621s] [35m[1mScanning dependencies of target timer_member_function[0m
[3.709s] [ 25%] [32mBuilding CXX object CMakeFiles/timer_lambda.dir/lambda.cpp.o[0m
[3.815s] [ 50%] [32mBuilding CXX object CMakeFiles/timer_member_function.dir/member_function.cpp.o[0m
[10.693s] [ 75%] [32m[1mLinking CXX executable timer_member_function[0m
[11.345s] [ 75%] Built target timer_member_function
[12.139s] [100%] [32m[1mLinking CXX executable timer_lambda[0m
[12.596s] [100%] Built target timer_lambda
[12.656s] Invoked command in '/home/openark/ros2_ws/build/examples_rclcpp_minimal_timer' returned '0': CMAKE_PREFIX_PATH=/opt/ros/foxy /usr/bin/cmake --build /home/openark/ros2_ws/build/examples_rclcpp_minimal_timer -- -j12 -l12
[13.165s] Invoking command in '/home/openark/ros2_ws/build/examples_rclcpp_minimal_timer': CMAKE_PREFIX_PATH=/opt/ros/foxy /usr/bin/cmake --install /home/openark/ros2_ws/build/examples_rclcpp_minimal_timer
[14.296s] -- Install configuration: ""
[14.296s] -- Execute custom install script
[14.296s] -- Symlinking: /home/openark/ros2_ws/install/examples_rclcpp_minimal_timer/lib/examples_rclcpp_minimal_timer/timer_lambda
[14.296s] -- Symlinking: /home/openark/ros2_ws/install/examples_rclcpp_minimal_timer/lib/examples_rclcpp_minimal_timer/timer_member_function
[14.296s] -- Symlinking: /home/openark/ros2_ws/install/examples_rclcpp_minimal_timer/share/ament_index/resource_index/package_run_dependencies/examples_rclcpp_minimal_timer
[14.296s] -- Symlinking: /home/openark/ros2_ws/install/examples_rclcpp_minimal_timer/share/ament_index/resource_index/parent_prefix_path/examples_rclcpp_minimal_timer
[14.297s] -- Symlinking: /home/openark/ros2_ws/install/examples_rclcpp_minimal_timer/share/examples_rclcpp_minimal_timer/environment/ament_prefix_path.sh
[14.297s] -- Symlinking: /home/openark/ros2_ws/install/examples_rclcpp_minimal_timer/share/examples_rclcpp_minimal_timer/environment/ament_prefix_path.dsv
[14.297s] -- Symlinking: /home/openark/ros2_ws/install/examples_rclcpp_minimal_timer/share/examples_rclcpp_minimal_timer/environment/path.sh
[14.297s] -- Symlinking: /home/openark/ros2_ws/install/examples_rclcpp_minimal_timer/share/examples_rclcpp_minimal_timer/environment/path.dsv
[14.297s] -- Symlinking: /home/openark/ros2_ws/install/examples_rclcpp_minimal_timer/share/examples_rclcpp_minimal_timer/local_setup.bash
[14.297s] -- Symlinking: /home/openark/ros2_ws/install/examples_rclcpp_minimal_timer/share/examples_rclcpp_minimal_timer/local_setup.sh
[14.298s] -- Symlinking: /home/openark/ros2_ws/install/examples_rclcpp_minimal_timer/share/examples_rclcpp_minimal_timer/local_setup.zsh
[14.298s] -- Symlinking: /home/openark/ros2_ws/install/examples_rclcpp_minimal_timer/share/examples_rclcpp_minimal_timer/local_setup.dsv
[14.306s] -- Symlinking: /home/openark/ros2_ws/install/examples_rclcpp_minimal_timer/share/examples_rclcpp_minimal_timer/package.dsv
[14.306s] -- Symlinking: /home/openark/ros2_ws/install/examples_rclcpp_minimal_timer/share/ament_index/resource_index/packages/examples_rclcpp_minimal_timer
[14.306s] -- Symlinking: /home/openark/ros2_ws/install/examples_rclcpp_minimal_timer/share/examples_rclcpp_minimal_timer/cmake/examples_rclcpp_minimal_timerConfig.cmake
[14.307s] -- Symlinking: /home/openark/ros2_ws/install/examples_rclcpp_minimal_timer/share/examples_rclcpp_minimal_timer/cmake/examples_rclcpp_minimal_timerConfig-version.cmake
[14.307s] -- Symlinking: /home/openark/ros2_ws/install/examples_rclcpp_minimal_timer/share/examples_rclcpp_minimal_timer/package.xml
[15.340s] Invoked command in '/home/openark/ros2_ws/build/examples_rclcpp_minimal_timer' returned '0': CMAKE_PREFIX_PATH=/opt/ros/foxy /usr/bin/cmake --install /home/openark/ros2_ws/build/examples_rclcpp_minimal_timer
