[2.600s] Invoking command in '/home/openark/ros2_ws/build/examples_rclpy_executors': PYTHONPATH=/home/openark/ros2_ws/build/examples_rclpy_executors/prefix_override:/home/openark/ros2_ws/install/examples_rclpy_executors/lib/python3.8/site-packages:${PYTHONPATH} /usr/bin/python3 setup.py develop --editable --build-directory /home/openark/ros2_ws/build/examples_rclpy_executors/build --no-deps install_data
[2.934s] running develop
[3.094s] running egg_info
[3.095s] writing examples_rclpy_executors.egg-info/PKG-INFO
[3.095s] writing dependency_links to examples_rclpy_executors.egg-info/dependency_links.txt
[3.095s] writing entry points to examples_rclpy_executors.egg-info/entry_points.txt
[3.095s] writing requirements to examples_rclpy_executors.egg-info/requires.txt
[3.096s] writing top-level names to examples_rclpy_executors.egg-info/top_level.txt
[3.129s] reading manifest file 'examples_rclpy_executors.egg-info/SOURCES.txt'
[3.130s] writing manifest file 'examples_rclpy_executors.egg-info/SOURCES.txt'
[3.173s] running build_ext
[3.174s] Creating /home/openark/ros2_ws/install/examples_rclpy_executors/lib/python3.8/site-packages/examples-rclpy-executors.egg-link (link to .)
[3.176s] Installing callback_group script to /home/openark/ros2_ws/install/examples_rclpy_executors/lib/examples_rclpy_executors
[3.178s] Installing composed script to /home/openark/ros2_ws/install/examples_rclpy_executors/lib/examples_rclpy_executors
[3.179s] Installing custom_callback_group script to /home/openark/ros2_ws/install/examples_rclpy_executors/lib/examples_rclpy_executors
[3.180s] Installing custom_executor script to /home/openark/ros2_ws/install/examples_rclpy_executors/lib/examples_rclpy_executors
[3.180s] Installing listener script to /home/openark/ros2_ws/install/examples_rclpy_executors/lib/examples_rclpy_executors
[3.180s] Installing talker script to /home/openark/ros2_ws/install/examples_rclpy_executors/lib/examples_rclpy_executors
[3.181s] 
[3.182s] Installed /home/openark/ros2_ws/build/examples_rclpy_executors
[3.182s] running install_data
[3.610s] Invoked command in '/home/openark/ros2_ws/build/examples_rclpy_executors' returned '0': PYTHONPATH=/home/openark/ros2_ws/build/examples_rclpy_executors/prefix_override:/home/openark/ros2_ws/install/examples_rclpy_executors/lib/python3.8/site-packages:${PYTHONPATH} /usr/bin/python3 setup.py develop --editable --build-directory /home/openark/ros2_ws/build/examples_rclpy_executors/build --no-deps install_data
