[4.504s] Invoking command in '/home/openark/ros2_ws/build/examples_rclpy_executors': PYTHONPATH=/home/openark/ros2_ws/build/examples_rclpy_executors/prefix_override:/home/openark/ros2_ws/install/examples_rclpy_executors/lib/python3.8/site-packages:${PYTHONPATH} /usr/bin/python3 setup.py develop --editable --build-directory /home/openark/ros2_ws/build/examples_rclpy_executors/build --no-deps install_data
[14.042s] running develop
[14.043s] running egg_info
[14.043s] creating examples_rclpy_executors.egg-info
[14.043s] writing examples_rclpy_executors.egg-info/PKG-INFO
[14.044s] writing dependency_links to examples_rclpy_executors.egg-info/dependency_links.txt
[14.044s] writing entry points to examples_rclpy_executors.egg-info/entry_points.txt
[14.044s] writing requirements to examples_rclpy_executors.egg-info/requires.txt
[14.044s] writing top-level names to examples_rclpy_executors.egg-info/top_level.txt
[14.044s] writing manifest file 'examples_rclpy_executors.egg-info/SOURCES.txt'
[14.045s] reading manifest file 'examples_rclpy_executors.egg-info/SOURCES.txt'
[14.045s] writing manifest file 'examples_rclpy_executors.egg-info/SOURCES.txt'
[14.045s] running build_ext
[14.045s] Creating /home/openark/ros2_ws/install/examples_rclpy_executors/lib/python3.8/site-packages/site.py
[14.045s] Creating /home/openark/ros2_ws/install/examples_rclpy_executors/lib/python3.8/site-packages/examples-rclpy-executors.egg-link (link to .)
[14.045s] Installing callback_group script to /home/openark/ros2_ws/install/examples_rclpy_executors/lib/examples_rclpy_executors
[14.046s] Installing composed script to /home/openark/ros2_ws/install/examples_rclpy_executors/lib/examples_rclpy_executors
[14.046s] Installing custom_callback_group script to /home/openark/ros2_ws/install/examples_rclpy_executors/lib/examples_rclpy_executors
[14.046s] Installing custom_executor script to /home/openark/ros2_ws/install/examples_rclpy_executors/lib/examples_rclpy_executors
[14.046s] Installing listener script to /home/openark/ros2_ws/install/examples_rclpy_executors/lib/examples_rclpy_executors
[14.046s] Installing talker script to /home/openark/ros2_ws/install/examples_rclpy_executors/lib/examples_rclpy_executors
[14.047s] 
[14.047s] Installed /home/openark/ros2_ws/build/examples_rclpy_executors
[14.047s] running install_data
[14.047s] creating /home/openark/ros2_ws/install/examples_rclpy_executors/share/ament_index
[14.047s] creating /home/openark/ros2_ws/install/examples_rclpy_executors/share/ament_index/resource_index
[14.047s] creating /home/openark/ros2_ws/install/examples_rclpy_executors/share/ament_index/resource_index/packages
[14.048s] copying resource/examples_rclpy_executors -> /home/openark/ros2_ws/install/examples_rclpy_executors/share/ament_index/resource_index/packages
[14.048s] copying package.xml -> /home/openark/ros2_ws/install/examples_rclpy_executors/share/examples_rclpy_executors
[15.559s] Invoked command in '/home/openark/ros2_ws/build/examples_rclpy_executors' returned '0': PYTHONPATH=/home/openark/ros2_ws/build/examples_rclpy_executors/prefix_override:/home/openark/ros2_ws/install/examples_rclpy_executors/lib/python3.8/site-packages:${PYTHONPATH} /usr/bin/python3 setup.py develop --editable --build-directory /home/openark/ros2_ws/build/examples_rclpy_executors/build --no-deps install_data
