[7.048s] Invoking command in '/home/openark/ros2_ws/build/examples_rclpy_minimal_action_server': PYTHONPATH=/home/openark/ros2_ws/build/examples_rclpy_minimal_action_server/prefix_override:/home/openark/ros2_ws/install/examples_rclpy_minimal_action_server/lib/python3.8/site-packages:${PYTHONPATH} /usr/bin/python3 setup.py develop --editable --build-directory /home/openark/ros2_ws/build/examples_rclpy_minimal_action_server/build --no-deps install_data
[7.646s] running develop
[7.996s] running egg_info
[7.997s] writing examples_rclpy_minimal_action_server.egg-info/PKG-INFO
[7.998s] writing dependency_links to examples_rclpy_minimal_action_server.egg-info/dependency_links.txt
[7.998s] writing entry points to examples_rclpy_minimal_action_server.egg-info/entry_points.txt
[7.998s] writing requirements to examples_rclpy_minimal_action_server.egg-info/requires.txt
[7.998s] writing top-level names to examples_rclpy_minimal_action_server.egg-info/top_level.txt
[8.080s] reading manifest file 'examples_rclpy_minimal_action_server.egg-info/SOURCES.txt'
[8.082s] writing manifest file 'examples_rclpy_minimal_action_server.egg-info/SOURCES.txt'
[8.175s] running build_ext
[8.175s] Creating /home/openark/ros2_ws/install/examples_rclpy_minimal_action_server/lib/python3.8/site-packages/examples-rclpy-minimal-action-server.egg-link (link to .)
[8.177s] Installing server script to /home/openark/ros2_ws/install/examples_rclpy_minimal_action_server/lib/examples_rclpy_minimal_action_server
[8.178s] Installing server_defer script to /home/openark/ros2_ws/install/examples_rclpy_minimal_action_server/lib/examples_rclpy_minimal_action_server
[8.178s] Installing server_not_composable script to /home/openark/ros2_ws/install/examples_rclpy_minimal_action_server/lib/examples_rclpy_minimal_action_server
[8.178s] Installing server_queue_goals script to /home/openark/ros2_ws/install/examples_rclpy_minimal_action_server/lib/examples_rclpy_minimal_action_server
[8.179s] Installing server_single_goal script to /home/openark/ros2_ws/install/examples_rclpy_minimal_action_server/lib/examples_rclpy_minimal_action_server
[8.179s] 
[8.180s] Installed /home/openark/ros2_ws/build/examples_rclpy_minimal_action_server
[8.180s] running install_data
[9.045s] Invoked command in '/home/openark/ros2_ws/build/examples_rclpy_minimal_action_server' returned '0': PYTHONPATH=/home/openark/ros2_ws/build/examples_rclpy_minimal_action_server/prefix_override:/home/openark/ros2_ws/install/examples_rclpy_minimal_action_server/lib/python3.8/site-packages:${PYTHONPATH} /usr/bin/python3 setup.py develop --editable --build-directory /home/openark/ros2_ws/build/examples_rclpy_minimal_action_server/build --no-deps install_data
