[0.432s] Invoking command in '/home/openark/ros2_ws/build/zed_interfaces': CMAKE_PREFIX_PATH=${CMAKE_PREFIX_PATH}:/home/openark/ros2_ws/install/examples_rclpy_minimal_subscriber:/home/openark/ros2_ws/install/examples_rclpy_minimal_service:/home/openark/ros2_ws/install/examples_rclpy_minimal_publisher:/home/openark/ros2_ws/install/examples_rclpy_minimal_client:/home/openark/ros2_ws/install/examples_rclpy_minimal_action_server:/home/openark/ros2_ws/install/examples_rclpy_minimal_action_client:/home/openark/ros2_ws/install/examples_rclpy_executors:/home/openark/ros2_ws/src/install/examples_rclpy_minimal_subscriber:/home/openark/ros2_ws/src/install/examples_rclpy_minimal_service:/home/openark/ros2_ws/src/install/examples_rclpy_minimal_publisher:/home/openark/ros2_ws/src/install/examples_rclpy_minimal_client:/home/openark/ros2_ws/src/install/examples_rclpy_minimal_action_server:/home/openark/ros2_ws/src/install/examples_rclpy_minimal_action_client:/home/openark/ros2_ws/src/install/examples_rclpy_executors:/opt/ros/foxy /usr/bin/cmake --build /home/openark/ros2_ws/build/zed_interfaces -- -j12 -l12
[0.492s] [  0%] Built target zed_interfaces__cpp
[0.498s] [ 12%] Built target zed_interfaces__rosidl_generator_c
[0.523s] [ 24%] Built target zed_interfaces__rosidl_typesupport_cpp
[0.527s] [ 36%] Built target zed_interfaces__rosidl_typesupport_introspection_cpp
[0.532s] [ 48%] Built target zed_interfaces__rosidl_typesupport_c
[0.534s] [ 60%] Built target zed_interfaces__rosidl_typesupport_introspection_c
[0.536s] [ 72%] Built target zed_interfaces__rosidl_typesupport_fastrtps_cpp
[0.570s] [ 84%] Built target zed_interfaces__rosidl_typesupport_fastrtps_c
[0.590s] [ 84%] Built target zed_interfaces
[0.610s] [ 85%] Built target zed_interfaces__py
[0.647s] [ 96%] Built target zed_interfaces__python
[0.676s] [ 99%] Built target zed_interfaces__rosidl_typesupport_introspection_c__pyext
[0.676s] [ 99%] Built target zed_interfaces__rosidl_typesupport_c__pyext
[0.678s] [100%] Built target zed_interfaces__rosidl_typesupport_fastrtps_c__pyext
[0.707s] Invoked command in '/home/openark/ros2_ws/build/zed_interfaces' returned '0': CMAKE_PREFIX_PATH=${CMAKE_PREFIX_PATH}:/home/openark/ros2_ws/install/examples_rclpy_minimal_subscriber:/home/openark/ros2_ws/install/examples_rclpy_minimal_service:/home/openark/ros2_ws/install/examples_rclpy_minimal_publisher:/home/openark/ros2_ws/install/examples_rclpy_minimal_client:/home/openark/ros2_ws/install/examples_rclpy_minimal_action_server:/home/openark/ros2_ws/install/examples_rclpy_minimal_action_client:/home/openark/ros2_ws/install/examples_rclpy_executors:/home/openark/ros2_ws/src/install/examples_rclpy_minimal_subscriber:/home/openark/ros2_ws/src/install/examples_rclpy_minimal_service:/home/openark/ros2_ws/src/install/examples_rclpy_minimal_publisher:/home/openark/ros2_ws/src/install/examples_rclpy_minimal_client:/home/openark/ros2_ws/src/install/examples_rclpy_minimal_action_server:/home/openark/ros2_ws/src/install/examples_rclpy_minimal_action_client:/home/openark/ros2_ws/src/install/examples_rclpy_executors:/opt/ros/foxy /usr/bin/cmake --build /home/openark/ros2_ws/build/zed_interfaces -- -j12 -l12
[0.931s] Invoking command in '/home/openark/ros2_ws/build/zed_interfaces': CMAKE_PREFIX_PATH=${CMAKE_PREFIX_PATH}:/home/openark/ros2_ws/install/examples_rclpy_minimal_subscriber:/home/openark/ros2_ws/install/examples_rclpy_minimal_service:/home/openark/ros2_ws/install/examples_rclpy_minimal_publisher:/home/openark/ros2_ws/install/examples_rclpy_minimal_client:/home/openark/ros2_ws/install/examples_rclpy_minimal_action_server:/home/openark/ros2_ws/install/examples_rclpy_minimal_action_client:/home/openark/ros2_ws/install/examples_rclpy_executors:/home/openark/ros2_ws/src/install/examples_rclpy_minimal_subscriber:/home/openark/ros2_ws/src/install/examples_rclpy_minimal_service:/home/openark/ros2_ws/src/install/examples_rclpy_minimal_publisher:/home/openark/ros2_ws/src/install/examples_rclpy_minimal_client:/home/openark/ros2_ws/src/install/examples_rclpy_minimal_action_server:/home/openark/ros2_ws/src/install/examples_rclpy_minimal_action_client:/home/openark/ros2_ws/src/install/examples_rclpy_executors:/opt/ros/foxy /usr/bin/cmake --install /home/openark/ros2_ws/build/zed_interfaces
[0.939s] -- Install configuration: ""
[0.939s] -- Up-to-date: /home/openark/ros2_ws/install/zed_interfaces/share/ament_index/resource_index/rosidl_interfaces/zed_interfaces
[0.940s] -- Up-to-date: /home/openark/ros2_ws/install/zed_interfaces/include/zed_interfaces
[0.940s] -- Up-to-date: /home/openark/ros2_ws/install/zed_interfaces/include/zed_interfaces/msg
[0.940s] -- Up-to-date: /home/openark/ros2_ws/install/zed_interfaces/include/zed_interfaces/msg/keypoint2_di.h
[0.940s] -- Up-to-date: /home/openark/ros2_ws/install/zed_interfaces/include/zed_interfaces/msg/keypoint2_df.h
[0.940s] -- Up-to-date: /home/openark/ros2_ws/install/zed_interfaces/include/zed_interfaces/msg/depth_info_stamped.h
[0.941s] -- Up-to-date: /home/openark/ros2_ws/install/zed_interfaces/include/zed_interfaces/msg/bounding_box3_d.h
[0.941s] -- Up-to-date: /home/openark/ros2_ws/install/zed_interfaces/include/zed_interfaces/msg/objects_stamped.h
[0.941s] -- Up-to-date: /home/openark/ros2_ws/install/zed_interfaces/include/zed_interfaces/msg/rosidl_generator_c__visibility_control.h
[0.941s] -- Up-to-date: /home/openark/ros2_ws/install/zed_interfaces/include/zed_interfaces/msg/skeleton3_d.h
[0.941s] -- Up-to-date: /home/openark/ros2_ws/install/zed_interfaces/include/zed_interfaces/msg/object.h
[0.941s] -- Up-to-date: /home/openark/ros2_ws/install/zed_interfaces/include/zed_interfaces/msg/detail
[0.942s] -- Up-to-date: /home/openark/ros2_ws/install/zed_interfaces/include/zed_interfaces/msg/detail/keypoint2_df__type_support.h
[0.942s] -- Up-to-date: /home/openark/ros2_ws/install/zed_interfaces/include/zed_interfaces/msg/detail/bounding_box2_di__functions.c
[0.942s] -- Up-to-date: /home/openark/ros2_ws/install/zed_interfaces/include/zed_interfaces/msg/detail/heartbeat__struct.h
[0.942s] -- Up-to-date: /home/openark/ros2_ws/install/zed_interfaces/include/zed_interfaces/msg/detail/keypoint3_d__functions.h
[0.942s] -- Up-to-date: /home/openark/ros2_ws/install/zed_interfaces/include/zed_interfaces/msg/detail/objects_stamped__struct.h
[0.942s] -- Up-to-date: /home/openark/ros2_ws/install/zed_interfaces/include/zed_interfaces/msg/detail/depth_info_stamped__functions.h
[0.942s] -- Up-to-date: /home/openark/ros2_ws/install/zed_interfaces/include/zed_interfaces/msg/detail/skeleton2_d__functions.h
[0.942s] -- Up-to-date: /home/openark/ros2_ws/install/zed_interfaces/include/zed_interfaces/msg/detail/keypoint2_di__type_support.h
[0.942s] -- Up-to-date: /home/openark/ros2_ws/install/zed_interfaces/include/zed_interfaces/msg/detail/bounding_box3_d__struct.h
[0.943s] -- Up-to-date: /home/openark/ros2_ws/install/zed_interfaces/include/zed_interfaces/msg/detail/object__functions.c
[0.943s] -- Up-to-date: /home/openark/ros2_ws/install/zed_interfaces/include/zed_interfaces/msg/detail/bounding_box2_df__functions.h
[0.943s] -- Up-to-date: /home/openark/ros2_ws/install/zed_interfaces/include/zed_interfaces/msg/detail/skeleton2_d__struct.h
[0.943s] -- Up-to-date: /home/openark/ros2_ws/install/zed_interfaces/include/zed_interfaces/msg/detail/keypoint3_d__functions.c
[0.943s] -- Up-to-date: /home/openark/ros2_ws/install/zed_interfaces/include/zed_interfaces/msg/detail/bounding_box3_d__type_support.h
[0.943s] -- Up-to-date: /home/openark/ros2_ws/install/zed_interfaces/include/zed_interfaces/msg/detail/heartbeat__type_support.h
[0.943s] -- Up-to-date: /home/openark/ros2_ws/install/zed_interfaces/include/zed_interfaces/msg/detail/bounding_box2_df__struct.h
[0.944s] -- Up-to-date: /home/openark/ros2_ws/install/zed_interfaces/include/zed_interfaces/msg/detail/skeleton2_d__type_support.h
[0.944s] -- Up-to-date: /home/openark/ros2_ws/install/zed_interfaces/include/zed_interfaces/msg/detail/objects_stamped__functions.h
[0.944s] -- Up-to-date: /home/openark/ros2_ws/install/zed_interfaces/include/zed_interfaces/msg/detail/keypoint3_d__struct.h
[0.944s] -- Up-to-date: /home/openark/ros2_ws/install/zed_interfaces/include/zed_interfaces/msg/detail/keypoint2_df__struct.h
[0.944s] -- Up-to-date: /home/openark/ros2_ws/install/zed_interfaces/include/zed_interfaces/msg/detail/skeleton3_d__functions.h
[0.944s] -- Up-to-date: /home/openark/ros2_ws/install/zed_interfaces/include/zed_interfaces/msg/detail/plane_stamped__functions.h
[0.944s] -- Up-to-date: /home/openark/ros2_ws/install/zed_interfaces/include/zed_interfaces/msg/detail/pos_track_status__functions.h
[0.945s] -- Up-to-date: /home/openark/ros2_ws/install/zed_interfaces/include/zed_interfaces/msg/detail/heartbeat__functions.h
[0.945s] -- Up-to-date: /home/openark/ros2_ws/install/zed_interfaces/include/zed_interfaces/msg/detail/pos_track_status__type_support.h
[0.945s] -- Up-to-date: /home/openark/ros2_ws/install/zed_interfaces/include/zed_interfaces/msg/detail/keypoint2_df__functions.h
[0.945s] -- Up-to-date: /home/openark/ros2_ws/install/zed_interfaces/include/zed_interfaces/msg/detail/object__functions.h
[0.945s] -- Up-to-date: /home/openark/ros2_ws/install/zed_interfaces/include/zed_interfaces/msg/detail/keypoint2_df__functions.c
[0.945s] -- Up-to-date: /home/openark/ros2_ws/install/zed_interfaces/include/zed_interfaces/msg/detail/keypoint3_d__type_support.h
[0.946s] -- Up-to-date: /home/openark/ros2_ws/install/zed_interfaces/include/zed_interfaces/msg/detail/bounding_box3_d__functions.c
[0.946s] -- Up-to-date: /home/openark/ros2_ws/install/zed_interfaces/include/zed_interfaces/msg/detail/plane_stamped__type_support.h
[0.946s] -- Up-to-date: /home/openark/ros2_ws/install/zed_interfaces/include/zed_interfaces/msg/detail/bounding_box2_di__type_support.h
[0.946s] -- Up-to-date: /home/openark/ros2_ws/install/zed_interfaces/include/zed_interfaces/msg/detail/bounding_box2_df__type_support.h
[0.946s] -- Up-to-date: /home/openark/ros2_ws/install/zed_interfaces/include/zed_interfaces/msg/detail/heartbeat__functions.c
[0.946s] -- Up-to-date: /home/openark/ros2_ws/install/zed_interfaces/include/zed_interfaces/msg/detail/skeleton2_d__functions.c
[0.947s] -- Up-to-date: /home/openark/ros2_ws/install/zed_interfaces/include/zed_interfaces/msg/detail/keypoint2_di__functions.c
[0.947s] -- Up-to-date: /home/openark/ros2_ws/install/zed_interfaces/include/zed_interfaces/msg/detail/pos_track_status__functions.c
[0.947s] -- Up-to-date: /home/openark/ros2_ws/install/zed_interfaces/include/zed_interfaces/msg/detail/pos_track_status__struct.h
[0.948s] -- Up-to-date: /home/openark/ros2_ws/install/zed_interfaces/include/zed_interfaces/msg/detail/keypoint2_di__struct.h
[0.948s] -- Up-to-date: /home/openark/ros2_ws/install/zed_interfaces/include/zed_interfaces/msg/detail/objects_stamped__functions.c
[0.948s] -- Up-to-date: /home/openark/ros2_ws/install/zed_interfaces/include/zed_interfaces/msg/detail/object__struct.h
[0.948s] -- Up-to-date: /home/openark/ros2_ws/install/zed_interfaces/include/zed_interfaces/msg/detail/object__type_support.h
[0.949s] -- Up-to-date: /home/openark/ros2_ws/install/zed_interfaces/include/zed_interfaces/msg/detail/keypoint2_di__functions.h
[0.949s] -- Up-to-date: /home/openark/ros2_ws/install/zed_interfaces/include/zed_interfaces/msg/detail/objects_stamped__type_support.h
[0.949s] -- Up-to-date: /home/openark/ros2_ws/install/zed_interfaces/include/zed_interfaces/msg/detail/skeleton3_d__type_support.h
[0.949s] -- Up-to-date: /home/openark/ros2_ws/install/zed_interfaces/include/zed_interfaces/msg/detail/depth_info_stamped__struct.h
[0.949s] -- Up-to-date: /home/openark/ros2_ws/install/zed_interfaces/include/zed_interfaces/msg/detail/bounding_box2_di__struct.h
[0.949s] -- Up-to-date: /home/openark/ros2_ws/install/zed_interfaces/include/zed_interfaces/msg/detail/skeleton3_d__struct.h
[0.950s] -- Up-to-date: /home/openark/ros2_ws/install/zed_interfaces/include/zed_interfaces/msg/detail/bounding_box3_d__functions.h
[0.950s] -- Up-to-date: /home/openark/ros2_ws/install/zed_interfaces/include/zed_interfaces/msg/detail/plane_stamped__struct.h
[0.950s] -- Up-to-date: /home/openark/ros2_ws/install/zed_interfaces/include/zed_interfaces/msg/detail/skeleton3_d__functions.c
[0.950s] -- Up-to-date: /home/openark/ros2_ws/install/zed_interfaces/include/zed_interfaces/msg/detail/plane_stamped__functions.c
[0.950s] -- Up-to-date: /home/openark/ros2_ws/install/zed_interfaces/include/zed_interfaces/msg/detail/depth_info_stamped__type_support.h
[0.950s] -- Up-to-date: /home/openark/ros2_ws/install/zed_interfaces/include/zed_interfaces/msg/detail/bounding_box2_di__functions.h
[0.951s] -- Up-to-date: /home/openark/ros2_ws/install/zed_interfaces/include/zed_interfaces/msg/detail/depth_info_stamped__functions.c
[0.951s] -- Up-to-date: /home/openark/ros2_ws/install/zed_interfaces/include/zed_interfaces/msg/detail/bounding_box2_df__functions.c
[0.951s] -- Up-to-date: /home/openark/ros2_ws/install/zed_interfaces/include/zed_interfaces/msg/plane_stamped.h
[0.951s] -- Up-to-date: /home/openark/ros2_ws/install/zed_interfaces/include/zed_interfaces/msg/pos_track_status.h
[0.951s] -- Up-to-date: /home/openark/ros2_ws/install/zed_interfaces/include/zed_interfaces/msg/bounding_box2_df.h
[0.952s] -- Up-to-date: /home/openark/ros2_ws/install/zed_interfaces/include/zed_interfaces/msg/keypoint3_d.h
[0.952s] -- Up-to-date: /home/openark/ros2_ws/install/zed_interfaces/include/zed_interfaces/msg/heartbeat.h
[0.952s] -- Up-to-date: /home/openark/ros2_ws/install/zed_interfaces/include/zed_interfaces/msg/skeleton2_d.h
[0.952s] -- Up-to-date: /home/openark/ros2_ws/install/zed_interfaces/include/zed_interfaces/msg/bounding_box2_di.h
[0.953s] -- Up-to-date: /home/openark/ros2_ws/install/zed_interfaces/include/zed_interfaces/srv
[0.953s] -- Up-to-date: /home/openark/ros2_ws/install/zed_interfaces/include/zed_interfaces/srv/set_roi.h
[0.953s] -- Up-to-date: /home/openark/ros2_ws/install/zed_interfaces/include/zed_interfaces/srv/set_pose.h
[0.953s] -- Up-to-date: /home/openark/ros2_ws/install/zed_interfaces/include/zed_interfaces/srv/detail
[0.953s] -- Up-to-date: /home/openark/ros2_ws/install/zed_interfaces/include/zed_interfaces/srv/detail/set_pose__type_support.h
[0.954s] -- Up-to-date: /home/openark/ros2_ws/install/zed_interfaces/include/zed_interfaces/srv/detail/start_svo_rec__functions.h
[0.954s] -- Up-to-date: /home/openark/ros2_ws/install/zed_interfaces/include/zed_interfaces/srv/detail/set_pose__struct.h
[0.954s] -- Up-to-date: /home/openark/ros2_ws/install/zed_interfaces/include/zed_interfaces/srv/detail/set_roi__functions.h
[0.954s] -- Up-to-date: /home/openark/ros2_ws/install/zed_interfaces/include/zed_interfaces/srv/detail/set_pose__functions.c
[0.955s] -- Up-to-date: /home/openark/ros2_ws/install/zed_interfaces/include/zed_interfaces/srv/detail/start_svo_rec__struct.h
[0.955s] -- Up-to-date: /home/openark/ros2_ws/install/zed_interfaces/include/zed_interfaces/srv/detail/set_roi__functions.c
[0.955s] -- Up-to-date: /home/openark/ros2_ws/install/zed_interfaces/include/zed_interfaces/srv/detail/start_svo_rec__type_support.h
[0.955s] -- Up-to-date: /home/openark/ros2_ws/install/zed_interfaces/include/zed_interfaces/srv/detail/set_roi__struct.h
[0.956s] -- Up-to-date: /home/openark/ros2_ws/install/zed_interfaces/include/zed_interfaces/srv/detail/set_pose__functions.h
[0.956s] -- Up-to-date: /home/openark/ros2_ws/install/zed_interfaces/include/zed_interfaces/srv/detail/start_svo_rec__functions.c
[0.956s] -- Up-to-date: /home/openark/ros2_ws/install/zed_interfaces/include/zed_interfaces/srv/detail/set_roi__type_support.h
[0.956s] -- Up-to-date: /home/openark/ros2_ws/install/zed_interfaces/include/zed_interfaces/srv/start_svo_rec.h
[0.957s] -- Installing: /home/openark/ros2_ws/install/zed_interfaces/share/zed_interfaces/environment/library_path.sh
[0.957s] -- Installing: /home/openark/ros2_ws/install/zed_interfaces/share/zed_interfaces/environment/library_path.dsv
[0.957s] -- Installing: /home/openark/ros2_ws/install/zed_interfaces/lib/libzed_interfaces__rosidl_generator_c.so
[0.957s] -- Set runtime path of "/home/openark/ros2_ws/install/zed_interfaces/lib/libzed_interfaces__rosidl_generator_c.so" to ""
[0.957s] -- Up-to-date: /home/openark/ros2_ws/install/zed_interfaces/include/zed_interfaces
[0.957s] -- Up-to-date: /home/openark/ros2_ws/install/zed_interfaces/include/zed_interfaces/msg
[0.957s] -- Up-to-date: /home/openark/ros2_ws/install/zed_interfaces/include/zed_interfaces/msg/detail
[0.958s] -- Up-to-date: /home/openark/ros2_ws/install/zed_interfaces/include/zed_interfaces/msg/detail/depth_info_stamped__rosidl_typesupport_fastrtps_c.h
[0.958s] -- Up-to-date: /home/openark/ros2_ws/install/zed_interfaces/include/zed_interfaces/msg/detail/bounding_box2_di__rosidl_typesupport_fastrtps_c.h
[0.958s] -- Up-to-date: /home/openark/ros2_ws/install/zed_interfaces/include/zed_interfaces/msg/detail/object__rosidl_typesupport_fastrtps_c.h
[0.958s] -- Up-to-date: /home/openark/ros2_ws/install/zed_interfaces/include/zed_interfaces/msg/detail/heartbeat__rosidl_typesupport_fastrtps_c.h
[0.958s] -- Up-to-date: /home/openark/ros2_ws/install/zed_interfaces/include/zed_interfaces/msg/detail/plane_stamped__rosidl_typesupport_fastrtps_c.h
[0.958s] -- Up-to-date: /home/openark/ros2_ws/install/zed_interfaces/include/zed_interfaces/msg/detail/objects_stamped__rosidl_typesupport_fastrtps_c.h
[0.959s] -- Up-to-date: /home/openark/ros2_ws/install/zed_interfaces/include/zed_interfaces/msg/detail/skeleton2_d__rosidl_typesupport_fastrtps_c.h
[0.959s] -- Up-to-date: /home/openark/ros2_ws/install/zed_interfaces/include/zed_interfaces/msg/detail/keypoint3_d__rosidl_typesupport_fastrtps_c.h
[0.959s] -- Up-to-date: /home/openark/ros2_ws/install/zed_interfaces/include/zed_interfaces/msg/detail/skeleton3_d__rosidl_typesupport_fastrtps_c.h
[0.959s] -- Up-to-date: /home/openark/ros2_ws/install/zed_interfaces/include/zed_interfaces/msg/detail/pos_track_status__rosidl_typesupport_fastrtps_c.h
[0.959s] -- Up-to-date: /home/openark/ros2_ws/install/zed_interfaces/include/zed_interfaces/msg/detail/keypoint2_df__rosidl_typesupport_fastrtps_c.h
[0.959s] -- Up-to-date: /home/openark/ros2_ws/install/zed_interfaces/include/zed_interfaces/msg/detail/bounding_box2_df__rosidl_typesupport_fastrtps_c.h
[0.959s] -- Up-to-date: /home/openark/ros2_ws/install/zed_interfaces/include/zed_interfaces/msg/detail/bounding_box3_d__rosidl_typesupport_fastrtps_c.h
[0.960s] -- Up-to-date: /home/openark/ros2_ws/install/zed_interfaces/include/zed_interfaces/msg/detail/keypoint2_di__rosidl_typesupport_fastrtps_c.h
[0.960s] -- Up-to-date: /home/openark/ros2_ws/install/zed_interfaces/include/zed_interfaces/msg/rosidl_typesupport_fastrtps_c__visibility_control.h
[0.960s] -- Up-to-date: /home/openark/ros2_ws/install/zed_interfaces/include/zed_interfaces/srv
[0.960s] -- Up-to-date: /home/openark/ros2_ws/install/zed_interfaces/include/zed_interfaces/srv/detail
[0.960s] -- Up-to-date: /home/openark/ros2_ws/install/zed_interfaces/include/zed_interfaces/srv/detail/set_roi__rosidl_typesupport_fastrtps_c.h
[0.960s] -- Up-to-date: /home/openark/ros2_ws/install/zed_interfaces/include/zed_interfaces/srv/detail/start_svo_rec__rosidl_typesupport_fastrtps_c.h
[0.960s] -- Up-to-date: /home/openark/ros2_ws/install/zed_interfaces/include/zed_interfaces/srv/detail/set_pose__rosidl_typesupport_fastrtps_c.h
[0.960s] -- Installing: /home/openark/ros2_ws/install/zed_interfaces/lib/libzed_interfaces__rosidl_typesupport_fastrtps_c.so
[0.961s] -- Set runtime path of "/home/openark/ros2_ws/install/zed_interfaces/lib/libzed_interfaces__rosidl_typesupport_fastrtps_c.so" to ""
[0.961s] -- Up-to-date: /home/openark/ros2_ws/install/zed_interfaces/include/zed_interfaces
[0.961s] -- Up-to-date: /home/openark/ros2_ws/install/zed_interfaces/include/zed_interfaces/msg
[0.961s] -- Up-to-date: /home/openark/ros2_ws/install/zed_interfaces/include/zed_interfaces/msg/detail
[0.961s] -- Up-to-date: /home/openark/ros2_ws/install/zed_interfaces/include/zed_interfaces/msg/detail/keypoint3_d__rosidl_typesupport_fastrtps_cpp.hpp
[0.961s] -- Up-to-date: /home/openark/ros2_ws/install/zed_interfaces/include/zed_interfaces/msg/detail/skeleton3_d__rosidl_typesupport_fastrtps_cpp.hpp
[0.961s] -- Up-to-date: /home/openark/ros2_ws/install/zed_interfaces/include/zed_interfaces/msg/detail/objects_stamped__rosidl_typesupport_fastrtps_cpp.hpp
[0.961s] -- Up-to-date: /home/openark/ros2_ws/install/zed_interfaces/include/zed_interfaces/msg/detail/bounding_box2_df__rosidl_typesupport_fastrtps_cpp.hpp
[0.961s] -- Installing: /home/openark/ros2_ws/install/zed_interfaces/include/zed_interfaces/msg/detail/dds_fastrtps
[0.961s] -- Up-to-date: /home/openark/ros2_ws/install/zed_interfaces/include/zed_interfaces/msg/detail/bounding_box3_d__rosidl_typesupport_fastrtps_cpp.hpp
[0.961s] -- Up-to-date: /home/openark/ros2_ws/install/zed_interfaces/include/zed_interfaces/msg/detail/bounding_box2_di__rosidl_typesupport_fastrtps_cpp.hpp
[0.961s] -- Up-to-date: /home/openark/ros2_ws/install/zed_interfaces/include/zed_interfaces/msg/detail/keypoint2_df__rosidl_typesupport_fastrtps_cpp.hpp
[0.961s] -- Up-to-date: /home/openark/ros2_ws/install/zed_interfaces/include/zed_interfaces/msg/detail/skeleton2_d__rosidl_typesupport_fastrtps_cpp.hpp
[0.961s] -- Up-to-date: /home/openark/ros2_ws/install/zed_interfaces/include/zed_interfaces/msg/detail/keypoint2_di__rosidl_typesupport_fastrtps_cpp.hpp
[0.961s] -- Up-to-date: /home/openark/ros2_ws/install/zed_interfaces/include/zed_interfaces/msg/detail/plane_stamped__rosidl_typesupport_fastrtps_cpp.hpp
[0.961s] -- Up-to-date: /home/openark/ros2_ws/install/zed_interfaces/include/zed_interfaces/msg/detail/object__rosidl_typesupport_fastrtps_cpp.hpp
[0.961s] -- Up-to-date: /home/openark/ros2_ws/install/zed_interfaces/include/zed_interfaces/msg/detail/heartbeat__rosidl_typesupport_fastrtps_cpp.hpp
[0.962s] -- Up-to-date: /home/openark/ros2_ws/install/zed_interfaces/include/zed_interfaces/msg/detail/depth_info_stamped__rosidl_typesupport_fastrtps_cpp.hpp
[0.962s] -- Up-to-date: /home/openark/ros2_ws/install/zed_interfaces/include/zed_interfaces/msg/detail/pos_track_status__rosidl_typesupport_fastrtps_cpp.hpp
[0.962s] -- Up-to-date: /home/openark/ros2_ws/install/zed_interfaces/include/zed_interfaces/msg/rosidl_typesupport_fastrtps_cpp__visibility_control.h
[0.962s] -- Up-to-date: /home/openark/ros2_ws/install/zed_interfaces/include/zed_interfaces/srv
[0.962s] -- Up-to-date: /home/openark/ros2_ws/install/zed_interfaces/include/zed_interfaces/srv/detail
[0.962s] -- Up-to-date: /home/openark/ros2_ws/install/zed_interfaces/include/zed_interfaces/srv/detail/set_pose__rosidl_typesupport_fastrtps_cpp.hpp
[0.962s] -- Up-to-date: /home/openark/ros2_ws/install/zed_interfaces/include/zed_interfaces/srv/detail/set_roi__rosidl_typesupport_fastrtps_cpp.hpp
[0.962s] -- Installing: /home/openark/ros2_ws/install/zed_interfaces/include/zed_interfaces/srv/detail/dds_fastrtps
[0.962s] -- Up-to-date: /home/openark/ros2_ws/install/zed_interfaces/include/zed_interfaces/srv/detail/start_svo_rec__rosidl_typesupport_fastrtps_cpp.hpp
[0.962s] -- Installing: /home/openark/ros2_ws/install/zed_interfaces/lib/libzed_interfaces__rosidl_typesupport_fastrtps_cpp.so
[0.962s] -- Set runtime path of "/home/openark/ros2_ws/install/zed_interfaces/lib/libzed_interfaces__rosidl_typesupport_fastrtps_cpp.so" to ""
[0.962s] -- Up-to-date: /home/openark/ros2_ws/install/zed_interfaces/include/zed_interfaces
[0.962s] -- Up-to-date: /home/openark/ros2_ws/install/zed_interfaces/include/zed_interfaces/msg
[0.962s] -- Up-to-date: /home/openark/ros2_ws/install/zed_interfaces/include/zed_interfaces/msg/rosidl_typesupport_introspection_c__visibility_control.h
[0.962s] -- Up-to-date: /home/openark/ros2_ws/install/zed_interfaces/include/zed_interfaces/msg/detail
[0.962s] -- Up-to-date: /home/openark/ros2_ws/install/zed_interfaces/include/zed_interfaces/msg/detail/bounding_box2_df__rosidl_typesupport_introspection_c.h
[0.963s] -- Up-to-date: /home/openark/ros2_ws/install/zed_interfaces/include/zed_interfaces/msg/detail/depth_info_stamped__type_support.c
[0.963s] -- Up-to-date: /home/openark/ros2_ws/install/zed_interfaces/include/zed_interfaces/msg/detail/keypoint2_df__rosidl_typesupport_introspection_c.h
[0.963s] -- Up-to-date: /home/openark/ros2_ws/install/zed_interfaces/include/zed_interfaces/msg/detail/skeleton2_d__type_support.c
[0.963s] -- Up-to-date: /home/openark/ros2_ws/install/zed_interfaces/include/zed_interfaces/msg/detail/bounding_box2_df__type_support.c
[0.963s] -- Up-to-date: /home/openark/ros2_ws/install/zed_interfaces/include/zed_interfaces/msg/detail/objects_stamped__type_support.c
[0.963s] -- Up-to-date: /home/openark/ros2_ws/install/zed_interfaces/include/zed_interfaces/msg/detail/bounding_box3_d__type_support.c
[0.963s] -- Up-to-date: /home/openark/ros2_ws/install/zed_interfaces/include/zed_interfaces/msg/detail/heartbeat__type_support.c
[0.963s] -- Up-to-date: /home/openark/ros2_ws/install/zed_interfaces/include/zed_interfaces/msg/detail/object__rosidl_typesupport_introspection_c.h
[0.963s] -- Up-to-date: /home/openark/ros2_ws/install/zed_interfaces/include/zed_interfaces/msg/detail/objects_stamped__rosidl_typesupport_introspection_c.h
[0.963s] -- Up-to-date: /home/openark/ros2_ws/install/zed_interfaces/include/zed_interfaces/msg/detail/keypoint2_di__rosidl_typesupport_introspection_c.h
[0.963s] -- Up-to-date: /home/openark/ros2_ws/install/zed_interfaces/include/zed_interfaces/msg/detail/keypoint3_d__rosidl_typesupport_introspection_c.h
[0.963s] -- Up-to-date: /home/openark/ros2_ws/install/zed_interfaces/include/zed_interfaces/msg/detail/skeleton3_d__rosidl_typesupport_introspection_c.h
[0.963s] -- Up-to-date: /home/openark/ros2_ws/install/zed_interfaces/include/zed_interfaces/msg/detail/keypoint2_di__type_support.c
[0.963s] -- Up-to-date: /home/openark/ros2_ws/install/zed_interfaces/include/zed_interfaces/msg/detail/skeleton2_d__rosidl_typesupport_introspection_c.h
[0.963s] -- Up-to-date: /home/openark/ros2_ws/install/zed_interfaces/include/zed_interfaces/msg/detail/bounding_box2_di__rosidl_typesupport_introspection_c.h
[0.964s] -- Up-to-date: /home/openark/ros2_ws/install/zed_interfaces/include/zed_interfaces/msg/detail/object__type_support.c
[0.964s] -- Up-to-date: /home/openark/ros2_ws/install/zed_interfaces/include/zed_interfaces/msg/detail/plane_stamped__rosidl_typesupport_introspection_c.h
[0.964s] -- Up-to-date: /home/openark/ros2_ws/install/zed_interfaces/include/zed_interfaces/msg/detail/heartbeat__rosidl_typesupport_introspection_c.h
[0.964s] -- Up-to-date: /home/openark/ros2_ws/install/zed_interfaces/include/zed_interfaces/msg/detail/keypoint2_df__type_support.c
[0.964s] -- Up-to-date: /home/openark/ros2_ws/install/zed_interfaces/include/zed_interfaces/msg/detail/pos_track_status__rosidl_typesupport_introspection_c.h
[0.964s] -- Up-to-date: /home/openark/ros2_ws/install/zed_interfaces/include/zed_interfaces/msg/detail/depth_info_stamped__rosidl_typesupport_introspection_c.h
[0.964s] -- Up-to-date: /home/openark/ros2_ws/install/zed_interfaces/include/zed_interfaces/msg/detail/bounding_box3_d__rosidl_typesupport_introspection_c.h
[0.964s] -- Up-to-date: /home/openark/ros2_ws/install/zed_interfaces/include/zed_interfaces/msg/detail/skeleton3_d__type_support.c
[0.964s] -- Up-to-date: /home/openark/ros2_ws/install/zed_interfaces/include/zed_interfaces/msg/detail/plane_stamped__type_support.c
[0.964s] -- Up-to-date: /home/openark/ros2_ws/install/zed_interfaces/include/zed_interfaces/msg/detail/bounding_box2_di__type_support.c
[0.964s] -- Up-to-date: /home/openark/ros2_ws/install/zed_interfaces/include/zed_interfaces/msg/detail/keypoint3_d__type_support.c
[0.964s] -- Up-to-date: /home/openark/ros2_ws/install/zed_interfaces/include/zed_interfaces/msg/detail/pos_track_status__type_support.c
[0.964s] -- Up-to-date: /home/openark/ros2_ws/install/zed_interfaces/include/zed_interfaces/srv
[0.965s] -- Up-to-date: /home/openark/ros2_ws/install/zed_interfaces/include/zed_interfaces/srv/detail
[0.965s] -- Up-to-date: /home/openark/ros2_ws/install/zed_interfaces/include/zed_interfaces/srv/detail/set_roi__rosidl_typesupport_introspection_c.h
[0.965s] -- Up-to-date: /home/openark/ros2_ws/install/zed_interfaces/include/zed_interfaces/srv/detail/start_svo_rec__rosidl_typesupport_introspection_c.h
[0.965s] -- Up-to-date: /home/openark/ros2_ws/install/zed_interfaces/include/zed_interfaces/srv/detail/set_pose__rosidl_typesupport_introspection_c.h
[0.965s] -- Up-to-date: /home/openark/ros2_ws/install/zed_interfaces/include/zed_interfaces/srv/detail/set_pose__type_support.c
[0.965s] -- Up-to-date: /home/openark/ros2_ws/install/zed_interfaces/include/zed_interfaces/srv/detail/start_svo_rec__type_support.c
[0.965s] -- Up-to-date: /home/openark/ros2_ws/install/zed_interfaces/include/zed_interfaces/srv/detail/set_roi__type_support.c
[0.965s] -- Installing: /home/openark/ros2_ws/install/zed_interfaces/lib/libzed_interfaces__rosidl_typesupport_introspection_c.so
[0.965s] -- Set runtime path of "/home/openark/ros2_ws/install/zed_interfaces/lib/libzed_interfaces__rosidl_typesupport_introspection_c.so" to ""
[0.965s] -- Installing: /home/openark/ros2_ws/install/zed_interfaces/lib/libzed_interfaces__rosidl_typesupport_c.so
[0.966s] -- Set runtime path of "/home/openark/ros2_ws/install/zed_interfaces/lib/libzed_interfaces__rosidl_typesupport_c.so" to ""
[0.966s] -- Up-to-date: /home/openark/ros2_ws/install/zed_interfaces/include/zed_interfaces
[0.966s] -- Up-to-date: /home/openark/ros2_ws/install/zed_interfaces/include/zed_interfaces/msg
[0.966s] -- Up-to-date: /home/openark/ros2_ws/install/zed_interfaces/include/zed_interfaces/msg/keypoint2_di.hpp
[0.966s] -- Up-to-date: /home/openark/ros2_ws/install/zed_interfaces/include/zed_interfaces/msg/skeleton2_d.hpp
[0.966s] -- Up-to-date: /home/openark/ros2_ws/install/zed_interfaces/include/zed_interfaces/msg/bounding_box2_di.hpp
[0.966s] -- Up-to-date: /home/openark/ros2_ws/install/zed_interfaces/include/zed_interfaces/msg/depth_info_stamped.hpp
[0.966s] -- Up-to-date: /home/openark/ros2_ws/install/zed_interfaces/include/zed_interfaces/msg/plane_stamped.hpp
[0.966s] -- Up-to-date: /home/openark/ros2_ws/install/zed_interfaces/include/zed_interfaces/msg/detail
[0.966s] -- Up-to-date: /home/openark/ros2_ws/install/zed_interfaces/include/zed_interfaces/msg/detail/bounding_box2_df__traits.hpp
[0.966s] -- Up-to-date: /home/openark/ros2_ws/install/zed_interfaces/include/zed_interfaces/msg/detail/keypoint2_df__traits.hpp
[0.966s] -- Up-to-date: /home/openark/ros2_ws/install/zed_interfaces/include/zed_interfaces/msg/detail/bounding_box2_df__type_support.hpp
[0.966s] -- Up-to-date: /home/openark/ros2_ws/install/zed_interfaces/include/zed_interfaces/msg/detail/skeleton3_d__traits.hpp
[0.967s] -- Up-to-date: /home/openark/ros2_ws/install/zed_interfaces/include/zed_interfaces/msg/detail/bounding_box2_df__struct.hpp
[0.967s] -- Up-to-date: /home/openark/ros2_ws/install/zed_interfaces/include/zed_interfaces/msg/detail/bounding_box3_d__builder.hpp
[0.967s] -- Up-to-date: /home/openark/ros2_ws/install/zed_interfaces/include/zed_interfaces/msg/detail/plane_stamped__type_support.hpp
[0.967s] -- Up-to-date: /home/openark/ros2_ws/install/zed_interfaces/include/zed_interfaces/msg/detail/keypoint2_df__type_support.hpp
[0.967s] -- Up-to-date: /home/openark/ros2_ws/install/zed_interfaces/include/zed_interfaces/msg/detail/skeleton2_d__type_support.hpp
[0.967s] -- Up-to-date: /home/openark/ros2_ws/install/zed_interfaces/include/zed_interfaces/msg/detail/skeleton2_d__traits.hpp
[0.967s] -- Up-to-date: /home/openark/ros2_ws/install/zed_interfaces/include/zed_interfaces/msg/detail/objects_stamped__traits.hpp
[0.967s] -- Up-to-date: /home/openark/ros2_ws/install/zed_interfaces/include/zed_interfaces/msg/detail/pos_track_status__traits.hpp
[0.967s] -- Up-to-date: /home/openark/ros2_ws/install/zed_interfaces/include/zed_interfaces/msg/detail/depth_info_stamped__traits.hpp
[0.967s] -- Up-to-date: /home/openark/ros2_ws/install/zed_interfaces/include/zed_interfaces/msg/detail/bounding_box3_d__struct.hpp
[0.967s] -- Up-to-date: /home/openark/ros2_ws/install/zed_interfaces/include/zed_interfaces/msg/detail/keypoint2_df__struct.hpp
[0.967s] -- Up-to-date: /home/openark/ros2_ws/install/zed_interfaces/include/zed_interfaces/msg/detail/keypoint2_di__struct.hpp
[0.967s] -- Up-to-date: /home/openark/ros2_ws/install/zed_interfaces/include/zed_interfaces/msg/detail/objects_stamped__struct.hpp
[0.967s] -- Up-to-date: /home/openark/ros2_ws/install/zed_interfaces/include/zed_interfaces/msg/detail/object__struct.hpp
[0.967s] -- Up-to-date: /home/openark/ros2_ws/install/zed_interfaces/include/zed_interfaces/msg/detail/pos_track_status__type_support.hpp
[0.967s] -- Up-to-date: /home/openark/ros2_ws/install/zed_interfaces/include/zed_interfaces/msg/detail/bounding_box2_df__builder.hpp
[0.967s] -- Up-to-date: /home/openark/ros2_ws/install/zed_interfaces/include/zed_interfaces/msg/detail/depth_info_stamped__type_support.hpp
[0.968s] -- Up-to-date: /home/openark/ros2_ws/install/zed_interfaces/include/zed_interfaces/msg/detail/skeleton2_d__builder.hpp
[0.968s] -- Up-to-date: /home/openark/ros2_ws/install/zed_interfaces/include/zed_interfaces/msg/detail/bounding_box2_di__type_support.hpp
[0.968s] -- Up-to-date: /home/openark/ros2_ws/install/zed_interfaces/include/zed_interfaces/msg/detail/keypoint2_di__builder.hpp
[0.968s] -- Up-to-date: /home/openark/ros2_ws/install/zed_interfaces/include/zed_interfaces/msg/detail/objects_stamped__builder.hpp
[0.968s] -- Up-to-date: /home/openark/ros2_ws/install/zed_interfaces/include/zed_interfaces/msg/detail/heartbeat__traits.hpp
[0.968s] -- Up-to-date: /home/openark/ros2_ws/install/zed_interfaces/include/zed_interfaces/msg/detail/plane_stamped__traits.hpp
[0.968s] -- Up-to-date: /home/openark/ros2_ws/install/zed_interfaces/include/zed_interfaces/msg/detail/skeleton3_d__struct.hpp
[0.968s] -- Up-to-date: /home/openark/ros2_ws/install/zed_interfaces/include/zed_interfaces/msg/detail/keypoint3_d__builder.hpp
[0.968s] -- Up-to-date: /home/openark/ros2_ws/install/zed_interfaces/include/zed_interfaces/msg/detail/bounding_box2_di__builder.hpp
[0.968s] -- Up-to-date: /home/openark/ros2_ws/install/zed_interfaces/include/zed_interfaces/msg/detail/heartbeat__type_support.hpp
[0.968s] -- Up-to-date: /home/openark/ros2_ws/install/zed_interfaces/include/zed_interfaces/msg/detail/bounding_box3_d__traits.hpp
[0.968s] -- Up-to-date: /home/openark/ros2_ws/install/zed_interfaces/include/zed_interfaces/msg/detail/bounding_box2_di__traits.hpp
[0.968s] -- Up-to-date: /home/openark/ros2_ws/install/zed_interfaces/include/zed_interfaces/msg/detail/heartbeat__builder.hpp
[0.968s] -- Up-to-date: /home/openark/ros2_ws/install/zed_interfaces/include/zed_interfaces/msg/detail/keypoint2_di__type_support.hpp
[0.968s] -- Up-to-date: /home/openark/ros2_ws/install/zed_interfaces/include/zed_interfaces/msg/detail/object__traits.hpp
[0.969s] -- Up-to-date: /home/openark/ros2_ws/install/zed_interfaces/include/zed_interfaces/msg/detail/plane_stamped__builder.hpp
[0.969s] -- Up-to-date: /home/openark/ros2_ws/install/zed_interfaces/include/zed_interfaces/msg/detail/keypoint3_d__struct.hpp
[0.969s] -- Up-to-date: /home/openark/ros2_ws/install/zed_interfaces/include/zed_interfaces/msg/detail/pos_track_status__builder.hpp
[0.969s] -- Up-to-date: /home/openark/ros2_ws/install/zed_interfaces/include/zed_interfaces/msg/detail/objects_stamped__type_support.hpp
[0.969s] -- Up-to-date: /home/openark/ros2_ws/install/zed_interfaces/include/zed_interfaces/msg/detail/plane_stamped__struct.hpp
[0.969s] -- Up-to-date: /home/openark/ros2_ws/install/zed_interfaces/include/zed_interfaces/msg/detail/skeleton2_d__struct.hpp
[0.969s] -- Up-to-date: /home/openark/ros2_ws/install/zed_interfaces/include/zed_interfaces/msg/detail/bounding_box2_di__struct.hpp
[0.969s] -- Up-to-date: /home/openark/ros2_ws/install/zed_interfaces/include/zed_interfaces/msg/detail/keypoint3_d__type_support.hpp
[0.969s] -- Up-to-date: /home/openark/ros2_ws/install/zed_interfaces/include/zed_interfaces/msg/detail/heartbeat__struct.hpp
[0.969s] -- Up-to-date: /home/openark/ros2_ws/install/zed_interfaces/include/zed_interfaces/msg/detail/depth_info_stamped__struct.hpp
[0.969s] -- Up-to-date: /home/openark/ros2_ws/install/zed_interfaces/include/zed_interfaces/msg/detail/keypoint2_di__traits.hpp
[0.969s] -- Up-to-date: /home/openark/ros2_ws/install/zed_interfaces/include/zed_interfaces/msg/detail/depth_info_stamped__builder.hpp
[0.969s] -- Up-to-date: /home/openark/ros2_ws/install/zed_interfaces/include/zed_interfaces/msg/detail/object__type_support.hpp
[0.969s] -- Up-to-date: /home/openark/ros2_ws/install/zed_interfaces/include/zed_interfaces/msg/detail/object__builder.hpp
[0.969s] -- Up-to-date: /home/openark/ros2_ws/install/zed_interfaces/include/zed_interfaces/msg/detail/keypoint3_d__traits.hpp
[0.969s] -- Up-to-date: /home/openark/ros2_ws/install/zed_interfaces/include/zed_interfaces/msg/detail/skeleton3_d__type_support.hpp
[0.969s] -- Up-to-date: /home/openark/ros2_ws/install/zed_interfaces/include/zed_interfaces/msg/detail/pos_track_status__struct.hpp
[0.970s] -- Up-to-date: /home/openark/ros2_ws/install/zed_interfaces/include/zed_interfaces/msg/detail/skeleton3_d__builder.hpp
[0.970s] -- Up-to-date: /home/openark/ros2_ws/install/zed_interfaces/include/zed_interfaces/msg/detail/keypoint2_df__builder.hpp
[0.970s] -- Up-to-date: /home/openark/ros2_ws/install/zed_interfaces/include/zed_interfaces/msg/detail/bounding_box3_d__type_support.hpp
[0.970s] -- Up-to-date: /home/openark/ros2_ws/install/zed_interfaces/include/zed_interfaces/msg/pos_track_status.hpp
[0.970s] -- Up-to-date: /home/openark/ros2_ws/install/zed_interfaces/include/zed_interfaces/msg/objects_stamped.hpp
[0.970s] -- Up-to-date: /home/openark/ros2_ws/install/zed_interfaces/include/zed_interfaces/msg/object.hpp
[0.970s] -- Up-to-date: /home/openark/ros2_ws/install/zed_interfaces/include/zed_interfaces/msg/keypoint2_df.hpp
[0.970s] -- Up-to-date: /home/openark/ros2_ws/install/zed_interfaces/include/zed_interfaces/msg/bounding_box2_df.hpp
[0.970s] -- Up-to-date: /home/openark/ros2_ws/install/zed_interfaces/include/zed_interfaces/msg/keypoint3_d.hpp
[0.970s] -- Up-to-date: /home/openark/ros2_ws/install/zed_interfaces/include/zed_interfaces/msg/rosidl_generator_cpp__visibility_control.hpp
[0.970s] -- Up-to-date: /home/openark/ros2_ws/install/zed_interfaces/include/zed_interfaces/msg/bounding_box3_d.hpp
[0.970s] -- Up-to-date: /home/openark/ros2_ws/install/zed_interfaces/include/zed_interfaces/msg/heartbeat.hpp
[0.970s] -- Up-to-date: /home/openark/ros2_ws/install/zed_interfaces/include/zed_interfaces/msg/skeleton3_d.hpp
[0.970s] -- Up-to-date: /home/openark/ros2_ws/install/zed_interfaces/include/zed_interfaces/srv
[0.970s] -- Up-to-date: /home/openark/ros2_ws/install/zed_interfaces/include/zed_interfaces/srv/start_svo_rec.hpp
[0.970s] -- Up-to-date: /home/openark/ros2_ws/install/zed_interfaces/include/zed_interfaces/srv/set_pose.hpp
[0.971s] -- Up-to-date: /home/openark/ros2_ws/install/zed_interfaces/include/zed_interfaces/srv/detail
[0.971s] -- Up-to-date: /home/openark/ros2_ws/install/zed_interfaces/include/zed_interfaces/srv/detail/set_roi__type_support.hpp
[0.971s] -- Up-to-date: /home/openark/ros2_ws/install/zed_interfaces/include/zed_interfaces/srv/detail/start_svo_rec__traits.hpp
[0.971s] -- Up-to-date: /home/openark/ros2_ws/install/zed_interfaces/include/zed_interfaces/srv/detail/set_pose__traits.hpp
[0.971s] -- Up-to-date: /home/openark/ros2_ws/install/zed_interfaces/include/zed_interfaces/srv/detail/set_roi__traits.hpp
[0.971s] -- Up-to-date: /home/openark/ros2_ws/install/zed_interfaces/include/zed_interfaces/srv/detail/set_roi__struct.hpp
[0.971s] -- Up-to-date: /home/openark/ros2_ws/install/zed_interfaces/include/zed_interfaces/srv/detail/set_roi__builder.hpp
[0.971s] -- Up-to-date: /home/openark/ros2_ws/install/zed_interfaces/include/zed_interfaces/srv/detail/start_svo_rec__type_support.hpp
[0.971s] -- Up-to-date: /home/openark/ros2_ws/install/zed_interfaces/include/zed_interfaces/srv/detail/set_pose__type_support.hpp
[0.971s] -- Up-to-date: /home/openark/ros2_ws/install/zed_interfaces/include/zed_interfaces/srv/detail/start_svo_rec__struct.hpp
[0.971s] -- Up-to-date: /home/openark/ros2_ws/install/zed_interfaces/include/zed_interfaces/srv/detail/start_svo_rec__builder.hpp
[0.971s] -- Up-to-date: /home/openark/ros2_ws/install/zed_interfaces/include/zed_interfaces/srv/detail/set_pose__builder.hpp
[0.971s] -- Up-to-date: /home/openark/ros2_ws/install/zed_interfaces/include/zed_interfaces/srv/detail/set_pose__struct.hpp
[0.971s] -- Up-to-date: /home/openark/ros2_ws/install/zed_interfaces/include/zed_interfaces/srv/set_roi.hpp
[0.971s] -- Up-to-date: /home/openark/ros2_ws/install/zed_interfaces/include/zed_interfaces
[0.971s] -- Up-to-date: /home/openark/ros2_ws/install/zed_interfaces/include/zed_interfaces/msg
[0.972s] -- Up-to-date: /home/openark/ros2_ws/install/zed_interfaces/include/zed_interfaces/msg/detail
[0.972s] -- Up-to-date: /home/openark/ros2_ws/install/zed_interfaces/include/zed_interfaces/msg/detail/skeleton2_d__rosidl_typesupport_introspection_cpp.hpp
[0.972s] -- Up-to-date: /home/openark/ros2_ws/install/zed_interfaces/include/zed_interfaces/msg/detail/heartbeat__type_support.cpp
[0.972s] -- Up-to-date: /home/openark/ros2_ws/install/zed_interfaces/include/zed_interfaces/msg/detail/keypoint3_d__rosidl_typesupport_introspection_cpp.hpp
[0.972s] -- Up-to-date: /home/openark/ros2_ws/install/zed_interfaces/include/zed_interfaces/msg/detail/pos_track_status__type_support.cpp
[0.972s] -- Up-to-date: /home/openark/ros2_ws/install/zed_interfaces/include/zed_interfaces/msg/detail/depth_info_stamped__rosidl_typesupport_introspection_cpp.hpp
[0.972s] -- Up-to-date: /home/openark/ros2_ws/install/zed_interfaces/include/zed_interfaces/msg/detail/keypoint2_di__type_support.cpp
[0.972s] -- Up-to-date: /home/openark/ros2_ws/install/zed_interfaces/include/zed_interfaces/msg/detail/plane_stamped__rosidl_typesupport_introspection_cpp.hpp
[0.972s] -- Up-to-date: /home/openark/ros2_ws/install/zed_interfaces/include/zed_interfaces/msg/detail/pos_track_status__rosidl_typesupport_introspection_cpp.hpp
[0.972s] -- Up-to-date: /home/openark/ros2_ws/install/zed_interfaces/include/zed_interfaces/msg/detail/objects_stamped__type_support.cpp
[0.972s] -- Up-to-date: /home/openark/ros2_ws/install/zed_interfaces/include/zed_interfaces/msg/detail/bounding_box3_d__rosidl_typesupport_introspection_cpp.hpp
[0.972s] -- Up-to-date: /home/openark/ros2_ws/install/zed_interfaces/include/zed_interfaces/msg/detail/keypoint2_di__rosidl_typesupport_introspection_cpp.hpp
[0.972s] -- Up-to-date: /home/openark/ros2_ws/install/zed_interfaces/include/zed_interfaces/msg/detail/object__type_support.cpp
[0.972s] -- Up-to-date: /home/openark/ros2_ws/install/zed_interfaces/include/zed_interfaces/msg/detail/skeleton3_d__rosidl_typesupport_introspection_cpp.hpp
[0.972s] -- Up-to-date: /home/openark/ros2_ws/install/zed_interfaces/include/zed_interfaces/msg/detail/keypoint2_df__rosidl_typesupport_introspection_cpp.hpp
[0.972s] -- Up-to-date: /home/openark/ros2_ws/install/zed_interfaces/include/zed_interfaces/msg/detail/heartbeat__rosidl_typesupport_introspection_cpp.hpp
[0.972s] -- Up-to-date: /home/openark/ros2_ws/install/zed_interfaces/include/zed_interfaces/msg/detail/keypoint3_d__type_support.cpp
[0.973s] -- Up-to-date: /home/openark/ros2_ws/install/zed_interfaces/include/zed_interfaces/msg/detail/bounding_box2_di__rosidl_typesupport_introspection_cpp.hpp
[0.973s] -- Up-to-date: /home/openark/ros2_ws/install/zed_interfaces/include/zed_interfaces/msg/detail/keypoint2_df__type_support.cpp
[0.973s] -- Up-to-date: /home/openark/ros2_ws/install/zed_interfaces/include/zed_interfaces/msg/detail/bounding_box2_df__type_support.cpp
[0.973s] -- Up-to-date: /home/openark/ros2_ws/install/zed_interfaces/include/zed_interfaces/msg/detail/depth_info_stamped__type_support.cpp
[0.973s] -- Up-to-date: /home/openark/ros2_ws/install/zed_interfaces/include/zed_interfaces/msg/detail/bounding_box2_di__type_support.cpp
[0.973s] -- Up-to-date: /home/openark/ros2_ws/install/zed_interfaces/include/zed_interfaces/msg/detail/bounding_box2_df__rosidl_typesupport_introspection_cpp.hpp
[0.973s] -- Up-to-date: /home/openark/ros2_ws/install/zed_interfaces/include/zed_interfaces/msg/detail/skeleton2_d__type_support.cpp
[0.973s] -- Up-to-date: /home/openark/ros2_ws/install/zed_interfaces/include/zed_interfaces/msg/detail/objects_stamped__rosidl_typesupport_introspection_cpp.hpp
[0.973s] -- Up-to-date: /home/openark/ros2_ws/install/zed_interfaces/include/zed_interfaces/msg/detail/bounding_box3_d__type_support.cpp
[0.973s] -- Up-to-date: /home/openark/ros2_ws/install/zed_interfaces/include/zed_interfaces/msg/detail/skeleton3_d__type_support.cpp
[0.973s] -- Up-to-date: /home/openark/ros2_ws/install/zed_interfaces/include/zed_interfaces/msg/detail/plane_stamped__type_support.cpp
[0.973s] -- Up-to-date: /home/openark/ros2_ws/install/zed_interfaces/include/zed_interfaces/msg/detail/object__rosidl_typesupport_introspection_cpp.hpp
[0.973s] -- Up-to-date: /home/openark/ros2_ws/install/zed_interfaces/include/zed_interfaces/srv
[0.973s] -- Up-to-date: /home/openark/ros2_ws/install/zed_interfaces/include/zed_interfaces/srv/detail
[0.973s] -- Up-to-date: /home/openark/ros2_ws/install/zed_interfaces/include/zed_interfaces/srv/detail/set_roi__type_support.cpp
[0.973s] -- Up-to-date: /home/openark/ros2_ws/install/zed_interfaces/include/zed_interfaces/srv/detail/start_svo_rec__type_support.cpp
[0.973s] -- Up-to-date: /home/openark/ros2_ws/install/zed_interfaces/include/zed_interfaces/srv/detail/set_pose__rosidl_typesupport_introspection_cpp.hpp
[0.973s] -- Up-to-date: /home/openark/ros2_ws/install/zed_interfaces/include/zed_interfaces/srv/detail/start_svo_rec__rosidl_typesupport_introspection_cpp.hpp
[0.974s] -- Up-to-date: /home/openark/ros2_ws/install/zed_interfaces/include/zed_interfaces/srv/detail/set_pose__type_support.cpp
[0.974s] -- Up-to-date: /home/openark/ros2_ws/install/zed_interfaces/include/zed_interfaces/srv/detail/set_roi__rosidl_typesupport_introspection_cpp.hpp
[0.974s] -- Installing: /home/openark/ros2_ws/install/zed_interfaces/lib/libzed_interfaces__rosidl_typesupport_introspection_cpp.so
[0.974s] -- Set runtime path of "/home/openark/ros2_ws/install/zed_interfaces/lib/libzed_interfaces__rosidl_typesupport_introspection_cpp.so" to ""
[0.974s] -- Installing: /home/openark/ros2_ws/install/zed_interfaces/lib/libzed_interfaces__rosidl_typesupport_cpp.so
[0.974s] -- Set runtime path of "/home/openark/ros2_ws/install/zed_interfaces/lib/libzed_interfaces__rosidl_typesupport_cpp.so" to ""
[0.974s] -- Up-to-date: /home/openark/ros2_ws/install/zed_interfaces/share/zed_interfaces/environment/pythonpath.sh
[0.974s] -- Installing: /home/openark/ros2_ws/install/zed_interfaces/share/zed_interfaces/environment/pythonpath.dsv
[0.974s] -- Installing: /home/openark/ros2_ws/install/zed_interfaces/lib/python3.8/site-packages/zed_interfaces/__init__.py
[1.002s] Compiling '/home/openark/ros2_ws/install/zed_interfaces/lib/python3.8/site-packages/zed_interfaces/__init__.py'...
[1.005s] -- Up-to-date: /home/openark/ros2_ws/install/zed_interfaces/lib/python3.8/site-packages/zed_interfaces/msg
[1.005s] -- Up-to-date: /home/openark/ros2_ws/install/zed_interfaces/lib/python3.8/site-packages/zed_interfaces/msg/_keypoint2_di_s.c
[1.006s] -- Up-to-date: /home/openark/ros2_ws/install/zed_interfaces/lib/python3.8/site-packages/zed_interfaces/msg/_objects_stamped_s.c
[1.006s] -- Up-to-date: /home/openark/ros2_ws/install/zed_interfaces/lib/python3.8/site-packages/zed_interfaces/msg/_bounding_box2_df_s.c
[1.006s] -- Up-to-date: /home/openark/ros2_ws/install/zed_interfaces/lib/python3.8/site-packages/zed_interfaces/msg/__init__.py
[1.006s] -- Up-to-date: /home/openark/ros2_ws/install/zed_interfaces/lib/python3.8/site-packages/zed_interfaces/msg/_object_s.c
[1.006s] -- Up-to-date: /home/openark/ros2_ws/install/zed_interfaces/lib/python3.8/site-packages/zed_interfaces/msg/_heartbeat_s.c
[1.006s] -- Up-to-date: /home/openark/ros2_ws/install/zed_interfaces/lib/python3.8/site-packages/zed_interfaces/msg/_keypoint2_di.py
[1.007s] -- Up-to-date: /home/openark/ros2_ws/install/zed_interfaces/lib/python3.8/site-packages/zed_interfaces/msg/_objects_stamped.py
[1.007s] -- Up-to-date: /home/openark/ros2_ws/install/zed_interfaces/lib/python3.8/site-packages/zed_interfaces/msg/_keypoint3_d.py
[1.007s] -- Up-to-date: /home/openark/ros2_ws/install/zed_interfaces/lib/python3.8/site-packages/zed_interfaces/msg/_plane_stamped.py
[1.007s] -- Up-to-date: /home/openark/ros2_ws/install/zed_interfaces/lib/python3.8/site-packages/zed_interfaces/msg/_object.py
[1.007s] -- Up-to-date: /home/openark/ros2_ws/install/zed_interfaces/lib/python3.8/site-packages/zed_interfaces/msg/_depth_info_stamped.py
[1.007s] -- Up-to-date: /home/openark/ros2_ws/install/zed_interfaces/lib/python3.8/site-packages/zed_interfaces/msg/_bounding_box2_di.py
[1.007s] -- Up-to-date: /home/openark/ros2_ws/install/zed_interfaces/lib/python3.8/site-packages/zed_interfaces/msg/_plane_stamped_s.c
[1.007s] -- Up-to-date: /home/openark/ros2_ws/install/zed_interfaces/lib/python3.8/site-packages/zed_interfaces/msg/_pos_track_status_s.c
[1.007s] -- Up-to-date: /home/openark/ros2_ws/install/zed_interfaces/lib/python3.8/site-packages/zed_interfaces/msg/_skeleton2_d_s.c
[1.008s] -- Up-to-date: /home/openark/ros2_ws/install/zed_interfaces/lib/python3.8/site-packages/zed_interfaces/msg/_bounding_box3_d.py
[1.008s] -- Up-to-date: /home/openark/ros2_ws/install/zed_interfaces/lib/python3.8/site-packages/zed_interfaces/msg/_keypoint3_d_s.c
[1.008s] -- Up-to-date: /home/openark/ros2_ws/install/zed_interfaces/lib/python3.8/site-packages/zed_interfaces/msg/_skeleton3_d.py
[1.008s] -- Up-to-date: /home/openark/ros2_ws/install/zed_interfaces/lib/python3.8/site-packages/zed_interfaces/msg/_bounding_box2_df.py
[1.008s] -- Up-to-date: /home/openark/ros2_ws/install/zed_interfaces/lib/python3.8/site-packages/zed_interfaces/msg/_keypoint2_df.py
[1.008s] -- Up-to-date: /home/openark/ros2_ws/install/zed_interfaces/lib/python3.8/site-packages/zed_interfaces/msg/_keypoint2_df_s.c
[1.008s] -- Up-to-date: /home/openark/ros2_ws/install/zed_interfaces/lib/python3.8/site-packages/zed_interfaces/msg/_bounding_box2_di_s.c
[1.009s] -- Up-to-date: /home/openark/ros2_ws/install/zed_interfaces/lib/python3.8/site-packages/zed_interfaces/msg/_bounding_box3_d_s.c
[1.009s] -- Up-to-date: /home/openark/ros2_ws/install/zed_interfaces/lib/python3.8/site-packages/zed_interfaces/msg/_skeleton3_d_s.c
[1.009s] -- Up-to-date: /home/openark/ros2_ws/install/zed_interfaces/lib/python3.8/site-packages/zed_interfaces/msg/_pos_track_status.py
[1.009s] -- Up-to-date: /home/openark/ros2_ws/install/zed_interfaces/lib/python3.8/site-packages/zed_interfaces/msg/_heartbeat.py
[1.009s] -- Up-to-date: /home/openark/ros2_ws/install/zed_interfaces/lib/python3.8/site-packages/zed_interfaces/msg/_depth_info_stamped_s.c
[1.009s] -- Up-to-date: /home/openark/ros2_ws/install/zed_interfaces/lib/python3.8/site-packages/zed_interfaces/msg/_skeleton2_d.py
[1.009s] -- Up-to-date: /home/openark/ros2_ws/install/zed_interfaces/lib/python3.8/site-packages/zed_interfaces/srv
[1.009s] -- Up-to-date: /home/openark/ros2_ws/install/zed_interfaces/lib/python3.8/site-packages/zed_interfaces/srv/_set_pose.py
[1.010s] -- Up-to-date: /home/openark/ros2_ws/install/zed_interfaces/lib/python3.8/site-packages/zed_interfaces/srv/__init__.py
[1.010s] -- Up-to-date: /home/openark/ros2_ws/install/zed_interfaces/lib/python3.8/site-packages/zed_interfaces/srv/_set_roi_s.c
[1.010s] -- Up-to-date: /home/openark/ros2_ws/install/zed_interfaces/lib/python3.8/site-packages/zed_interfaces/srv/_start_svo_rec.py
[1.010s] -- Up-to-date: /home/openark/ros2_ws/install/zed_interfaces/lib/python3.8/site-packages/zed_interfaces/srv/_set_pose_s.c
[1.010s] -- Up-to-date: /home/openark/ros2_ws/install/zed_interfaces/lib/python3.8/site-packages/zed_interfaces/srv/_set_roi.py
[1.010s] -- Up-to-date: /home/openark/ros2_ws/install/zed_interfaces/lib/python3.8/site-packages/zed_interfaces/srv/_start_svo_rec_s.c
[1.010s] -- Installing: /home/openark/ros2_ws/install/zed_interfaces/lib/python3.8/site-packages/zed_interfaces/zed_interfaces_s__rosidl_typesupport_fastrtps_c.cpython-38-x86_64-linux-gnu.so
[1.010s] -- Set runtime path of "/home/openark/ros2_ws/install/zed_interfaces/lib/python3.8/site-packages/zed_interfaces/zed_interfaces_s__rosidl_typesupport_fastrtps_c.cpython-38-x86_64-linux-gnu.so" to ""
[1.011s] -- Installing: /home/openark/ros2_ws/install/zed_interfaces/lib/python3.8/site-packages/zed_interfaces/zed_interfaces_s__rosidl_typesupport_introspection_c.cpython-38-x86_64-linux-gnu.so
[1.011s] -- Set runtime path of "/home/openark/ros2_ws/install/zed_interfaces/lib/python3.8/site-packages/zed_interfaces/zed_interfaces_s__rosidl_typesupport_introspection_c.cpython-38-x86_64-linux-gnu.so" to ""
[1.011s] -- Installing: /home/openark/ros2_ws/install/zed_interfaces/lib/python3.8/site-packages/zed_interfaces/zed_interfaces_s__rosidl_typesupport_c.cpython-38-x86_64-linux-gnu.so
[1.011s] -- Set runtime path of "/home/openark/ros2_ws/install/zed_interfaces/lib/python3.8/site-packages/zed_interfaces/zed_interfaces_s__rosidl_typesupport_c.cpython-38-x86_64-linux-gnu.so" to ""
[1.011s] -- Installing: /home/openark/ros2_ws/install/zed_interfaces/lib/libzed_interfaces__python.so
[1.012s] -- Set runtime path of "/home/openark/ros2_ws/install/zed_interfaces/lib/libzed_interfaces__python.so" to ""
[1.012s] -- Up-to-date: /home/openark/ros2_ws/install/zed_interfaces/share/zed_interfaces/msg/Object.idl
[1.012s] -- Up-to-date: /home/openark/ros2_ws/install/zed_interfaces/share/zed_interfaces/msg/ObjectsStamped.idl
[1.012s] -- Up-to-date: /home/openark/ros2_ws/install/zed_interfaces/share/zed_interfaces/msg/Keypoint2Di.idl
[1.012s] -- Up-to-date: /home/openark/ros2_ws/install/zed_interfaces/share/zed_interfaces/msg/Keypoint2Df.idl
[1.012s] -- Up-to-date: /home/openark/ros2_ws/install/zed_interfaces/share/zed_interfaces/msg/Keypoint3D.idl
[1.013s] -- Up-to-date: /home/openark/ros2_ws/install/zed_interfaces/share/zed_interfaces/msg/BoundingBox2Di.idl
[1.013s] -- Up-to-date: /home/openark/ros2_ws/install/zed_interfaces/share/zed_interfaces/msg/BoundingBox2Df.idl
[1.013s] -- Up-to-date: /home/openark/ros2_ws/install/zed_interfaces/share/zed_interfaces/msg/BoundingBox3D.idl
[1.013s] -- Up-to-date: /home/openark/ros2_ws/install/zed_interfaces/share/zed_interfaces/msg/Skeleton2D.idl
[1.013s] -- Up-to-date: /home/openark/ros2_ws/install/zed_interfaces/share/zed_interfaces/msg/Skeleton3D.idl
[1.013s] -- Up-to-date: /home/openark/ros2_ws/install/zed_interfaces/share/zed_interfaces/msg/DepthInfoStamped.idl
[1.014s] -- Up-to-date: /home/openark/ros2_ws/install/zed_interfaces/share/zed_interfaces/msg/PlaneStamped.idl
[1.014s] -- Up-to-date: /home/openark/ros2_ws/install/zed_interfaces/share/zed_interfaces/msg/PosTrackStatus.idl
[1.014s] -- Up-to-date: /home/openark/ros2_ws/install/zed_interfaces/share/zed_interfaces/msg/Heartbeat.idl
[1.014s] -- Up-to-date: /home/openark/ros2_ws/install/zed_interfaces/share/zed_interfaces/srv/SetPose.idl
[1.014s] -- Up-to-date: /home/openark/ros2_ws/install/zed_interfaces/share/zed_interfaces/srv/StartSvoRec.idl
[1.014s] -- Up-to-date: /home/openark/ros2_ws/install/zed_interfaces/share/zed_interfaces/srv/SetROI.idl
[1.014s] -- Installing: /home/openark/ros2_ws/install/zed_interfaces/share/zed_interfaces/msg/Object.msg
[1.015s] -- Installing: /home/openark/ros2_ws/install/zed_interfaces/share/zed_interfaces/msg/ObjectsStamped.msg
[1.015s] -- Installing: /home/openark/ros2_ws/install/zed_interfaces/share/zed_interfaces/msg/Keypoint2Di.msg
[1.015s] -- Installing: /home/openark/ros2_ws/install/zed_interfaces/share/zed_interfaces/msg/Keypoint2Df.msg
[1.015s] -- Installing: /home/openark/ros2_ws/install/zed_interfaces/share/zed_interfaces/msg/Keypoint3D.msg
[1.015s] -- Installing: /home/openark/ros2_ws/install/zed_interfaces/share/zed_interfaces/msg/BoundingBox2Di.msg
[1.015s] -- Installing: /home/openark/ros2_ws/install/zed_interfaces/share/zed_interfaces/msg/BoundingBox2Df.msg
[1.015s] -- Installing: /home/openark/ros2_ws/install/zed_interfaces/share/zed_interfaces/msg/BoundingBox3D.msg
[1.016s] -- Installing: /home/openark/ros2_ws/install/zed_interfaces/share/zed_interfaces/msg/Skeleton2D.msg
[1.016s] -- Installing: /home/openark/ros2_ws/install/zed_interfaces/share/zed_interfaces/msg/Skeleton3D.msg
[1.016s] -- Installing: /home/openark/ros2_ws/install/zed_interfaces/share/zed_interfaces/msg/DepthInfoStamped.msg
[1.016s] -- Installing: /home/openark/ros2_ws/install/zed_interfaces/share/zed_interfaces/msg/PlaneStamped.msg
[1.017s] -- Installing: /home/openark/ros2_ws/install/zed_interfaces/share/zed_interfaces/msg/PosTrackStatus.msg
[1.017s] -- Installing: /home/openark/ros2_ws/install/zed_interfaces/share/zed_interfaces/msg/Heartbeat.msg
[1.017s] -- Installing: /home/openark/ros2_ws/install/zed_interfaces/share/zed_interfaces/srv/SetPose.srv
[1.017s] -- Up-to-date: /home/openark/ros2_ws/install/zed_interfaces/share/zed_interfaces/srv/SetPose_Request.msg
[1.017s] -- Up-to-date: /home/openark/ros2_ws/install/zed_interfaces/share/zed_interfaces/srv/SetPose_Response.msg
[1.018s] -- Installing: /home/openark/ros2_ws/install/zed_interfaces/share/zed_interfaces/srv/StartSvoRec.srv
[1.018s] -- Up-to-date: /home/openark/ros2_ws/install/zed_interfaces/share/zed_interfaces/srv/StartSvoRec_Request.msg
[1.018s] -- Up-to-date: /home/openark/ros2_ws/install/zed_interfaces/share/zed_interfaces/srv/StartSvoRec_Response.msg
[1.018s] -- Installing: /home/openark/ros2_ws/install/zed_interfaces/share/zed_interfaces/srv/SetROI.srv
[1.018s] -- Up-to-date: /home/openark/ros2_ws/install/zed_interfaces/share/zed_interfaces/srv/SetROI_Request.msg
[1.019s] -- Up-to-date: /home/openark/ros2_ws/install/zed_interfaces/share/zed_interfaces/srv/SetROI_Response.msg
[1.019s] -- Up-to-date: /home/openark/ros2_ws/install/zed_interfaces/share/zed_interfaces/meshes
[1.019s] -- Installing: /home/openark/ros2_ws/install/zed_interfaces/share/zed_interfaces/meshes/zedx.stl
[1.035s] -- Installing: /home/openark/ros2_ws/install/zed_interfaces/share/zed_interfaces/meshes/zed2.stl
[1.036s] -- Installing: /home/openark/ros2_ws/install/zed_interfaces/share/zed_interfaces/meshes/zed2i.stl
[1.037s] -- Installing: /home/openark/ros2_ws/install/zed_interfaces/share/zed_interfaces/meshes/zedm.stl
[1.037s] -- Installing: /home/openark/ros2_ws/install/zed_interfaces/share/zed_interfaces/meshes/zedxm.stl
[1.051s] -- Installing: /home/openark/ros2_ws/install/zed_interfaces/share/zed_interfaces/meshes/zed.stl
[1.052s] -- Up-to-date: /home/openark/ros2_ws/install/zed_interfaces/share/ament_index/resource_index/package_run_dependencies/zed_interfaces
[1.052s] -- Installing: /home/openark/ros2_ws/install/zed_interfaces/share/ament_index/resource_index/parent_prefix_path/zed_interfaces
[1.052s] -- Installing: /home/openark/ros2_ws/install/zed_interfaces/share/zed_interfaces/environment/ament_prefix_path.sh
[1.052s] -- Installing: /home/openark/ros2_ws/install/zed_interfaces/share/zed_interfaces/environment/ament_prefix_path.dsv
[1.053s] -- Installing: /home/openark/ros2_ws/install/zed_interfaces/share/zed_interfaces/environment/path.sh
[1.053s] -- Installing: /home/openark/ros2_ws/install/zed_interfaces/share/zed_interfaces/environment/path.dsv
[1.053s] -- Up-to-date: /home/openark/ros2_ws/install/zed_interfaces/share/zed_interfaces/local_setup.bash
[1.053s] -- Up-to-date: /home/openark/ros2_ws/install/zed_interfaces/share/zed_interfaces/local_setup.sh
[1.053s] -- Up-to-date: /home/openark/ros2_ws/install/zed_interfaces/share/zed_interfaces/local_setup.zsh
[1.054s] -- Installing: /home/openark/ros2_ws/install/zed_interfaces/share/zed_interfaces/local_setup.dsv
[1.054s] -- Installing: /home/openark/ros2_ws/install/zed_interfaces/share/zed_interfaces/package.dsv
[1.054s] -- Up-to-date: /home/openark/ros2_ws/install/zed_interfaces/share/ament_index/resource_index/packages/zed_interfaces
[1.054s] -- Up-to-date: /home/openark/ros2_ws/install/zed_interfaces/share/zed_interfaces/cmake/zed_interfaces__rosidl_generator_cExport.cmake
[1.054s] -- Installing: /home/openark/ros2_ws/install/zed_interfaces/share/zed_interfaces/cmake/zed_interfaces__rosidl_generator_cExport-noconfig.cmake
[1.055s] -- Up-to-date: /home/openark/ros2_ws/install/zed_interfaces/share/zed_interfaces/cmake/zed_interfaces__rosidl_typesupport_introspection_cExport.cmake
[1.055s] -- Installing: /home/openark/ros2_ws/install/zed_interfaces/share/zed_interfaces/cmake/zed_interfaces__rosidl_typesupport_introspection_cExport-noconfig.cmake
[1.055s] -- Up-to-date: /home/openark/ros2_ws/install/zed_interfaces/share/zed_interfaces/cmake/zed_interfaces__rosidl_typesupport_cExport.cmake
[1.055s] -- Installing: /home/openark/ros2_ws/install/zed_interfaces/share/zed_interfaces/cmake/zed_interfaces__rosidl_typesupport_cExport-noconfig.cmake
[1.056s] -- Up-to-date: /home/openark/ros2_ws/install/zed_interfaces/share/zed_interfaces/cmake/zed_interfaces__rosidl_generator_cppExport.cmake
[1.056s] -- Up-to-date: /home/openark/ros2_ws/install/zed_interfaces/share/zed_interfaces/cmake/zed_interfaces__rosidl_typesupport_introspection_cppExport.cmake
[1.056s] -- Installing: /home/openark/ros2_ws/install/zed_interfaces/share/zed_interfaces/cmake/zed_interfaces__rosidl_typesupport_introspection_cppExport-noconfig.cmake
[1.056s] -- Up-to-date: /home/openark/ros2_ws/install/zed_interfaces/share/zed_interfaces/cmake/zed_interfaces__rosidl_typesupport_cppExport.cmake
[1.057s] -- Installing: /home/openark/ros2_ws/install/zed_interfaces/share/zed_interfaces/cmake/zed_interfaces__rosidl_typesupport_cppExport-noconfig.cmake
[1.057s] -- Up-to-date: /home/openark/ros2_ws/install/zed_interfaces/share/zed_interfaces/cmake/rosidl_cmake-extras.cmake
[1.057s] -- Up-to-date: /home/openark/ros2_ws/install/zed_interfaces/share/zed_interfaces/cmake/ament_cmake_export_dependencies-extras.cmake
[1.057s] -- Up-to-date: /home/openark/ros2_ws/install/zed_interfaces/share/zed_interfaces/cmake/ament_cmake_export_libraries-extras.cmake
[1.057s] -- Up-to-date: /home/openark/ros2_ws/install/zed_interfaces/share/zed_interfaces/cmake/ament_cmake_export_targets-extras.cmake
[1.057s] -- Up-to-date: /home/openark/ros2_ws/install/zed_interfaces/share/zed_interfaces/cmake/ament_cmake_export_include_directories-extras.cmake
[1.058s] -- Up-to-date: /home/openark/ros2_ws/install/zed_interfaces/share/zed_interfaces/cmake/rosidl_cmake_export_typesupport_libraries-extras.cmake
[1.058s] -- Up-to-date: /home/openark/ros2_ws/install/zed_interfaces/share/zed_interfaces/cmake/rosidl_cmake_export_typesupport_targets-extras.cmake
[1.058s] -- Up-to-date: /home/openark/ros2_ws/install/zed_interfaces/share/zed_interfaces/cmake/zed_interfacesConfig.cmake
[1.058s] -- Up-to-date: /home/openark/ros2_ws/install/zed_interfaces/share/zed_interfaces/cmake/zed_interfacesConfig-version.cmake
[1.058s] -- Installing: /home/openark/ros2_ws/install/zed_interfaces/share/zed_interfaces/package.xml
[1.060s] Invoked command in '/home/openark/ros2_ws/build/zed_interfaces' returned '0': CMAKE_PREFIX_PATH=${CMAKE_PREFIX_PATH}:/home/openark/ros2_ws/install/examples_rclpy_minimal_subscriber:/home/openark/ros2_ws/install/examples_rclpy_minimal_service:/home/openark/ros2_ws/install/examples_rclpy_minimal_publisher:/home/openark/ros2_ws/install/examples_rclpy_minimal_client:/home/openark/ros2_ws/install/examples_rclpy_minimal_action_server:/home/openark/ros2_ws/install/examples_rclpy_minimal_action_client:/home/openark/ros2_ws/install/examples_rclpy_executors:/home/openark/ros2_ws/src/install/examples_rclpy_minimal_subscriber:/home/openark/ros2_ws/src/install/examples_rclpy_minimal_service:/home/openark/ros2_ws/src/install/examples_rclpy_minimal_publisher:/home/openark/ros2_ws/src/install/examples_rclpy_minimal_client:/home/openark/ros2_ws/src/install/examples_rclpy_minimal_action_server:/home/openark/ros2_ws/src/install/examples_rclpy_minimal_action_client:/home/openark/ros2_ws/src/install/examples_rclpy_executors:/opt/ros/foxy /usr/bin/cmake --install /home/openark/ros2_ws/build/zed_interfaces
