[4.186s] Invoking command in '/home/openark/ros2_ws/build/zed_interfaces': CMAKE_PREFIX_PATH=${CMAKE_PREFIX_PATH}:/home/openark/ros2_ws/install/examples_rclpy_minimal_subscriber:/home/openark/ros2_ws/install/examples_rclpy_minimal_service:/home/openark/ros2_ws/install/examples_rclpy_minimal_publisher:/home/openark/ros2_ws/install/examples_rclpy_minimal_client:/home/openark/ros2_ws/install/examples_rclpy_minimal_action_server:/home/openark/ros2_ws/install/examples_rclpy_minimal_action_client:/home/openark/ros2_ws/install/examples_rclpy_executors:/home/openark/ros2_ws/src/install/examples_rclpy_minimal_subscriber:/home/openark/ros2_ws/src/install/examples_rclpy_minimal_service:/home/openark/ros2_ws/src/install/examples_rclpy_minimal_publisher:/home/openark/ros2_ws/src/install/examples_rclpy_minimal_client:/home/openark/ros2_ws/src/install/examples_rclpy_minimal_action_server:/home/openark/ros2_ws/src/install/examples_rclpy_minimal_action_client:/home/openark/ros2_ws/src/install/examples_rclpy_executors:/opt/ros/foxy /usr/bin/cmake --build /home/openark/ros2_ws/build/zed_interfaces -- -j12 -l12
[5.669s] [  0%] Built target zed_interfaces__cpp
[5.669s] [ 12%] Built target zed_interfaces__rosidl_generator_c
[5.670s] [ 24%] Built target zed_interfaces__rosidl_typesupport_cpp
[5.671s] [ 36%] Built target zed_interfaces__rosidl_typesupport_introspection_cpp
[5.672s] [ 48%] Built target zed_interfaces__rosidl_typesupport_fastrtps_cpp
[5.672s] [ 60%] Built target zed_interfaces__rosidl_typesupport_c
[5.673s] [ 72%] Built target zed_interfaces__rosidl_typesupport_introspection_c
[5.675s] [ 84%] Built target zed_interfaces__rosidl_typesupport_fastrtps_c
[5.675s] [ 84%] Built target zed_interfaces
[5.675s] [ 85%] Built target zed_interfaces__py
[5.676s] [ 96%] Built target zed_interfaces__python
[5.677s] [ 97%] Built target zed_interfaces__rosidl_typesupport_fastrtps_c__pyext
[5.678s] [ 98%] Built target zed_interfaces__rosidl_typesupport_c__pyext
[5.678s] [100%] Built target zed_interfaces__rosidl_typesupport_introspection_c__pyext
[5.700s] Invoked command in '/home/openark/ros2_ws/build/zed_interfaces' returned '0': CMAKE_PREFIX_PATH=${CMAKE_PREFIX_PATH}:/home/openark/ros2_ws/install/examples_rclpy_minimal_subscriber:/home/openark/ros2_ws/install/examples_rclpy_minimal_service:/home/openark/ros2_ws/install/examples_rclpy_minimal_publisher:/home/openark/ros2_ws/install/examples_rclpy_minimal_client:/home/openark/ros2_ws/install/examples_rclpy_minimal_action_server:/home/openark/ros2_ws/install/examples_rclpy_minimal_action_client:/home/openark/ros2_ws/install/examples_rclpy_executors:/home/openark/ros2_ws/src/install/examples_rclpy_minimal_subscriber:/home/openark/ros2_ws/src/install/examples_rclpy_minimal_service:/home/openark/ros2_ws/src/install/examples_rclpy_minimal_publisher:/home/openark/ros2_ws/src/install/examples_rclpy_minimal_client:/home/openark/ros2_ws/src/install/examples_rclpy_minimal_action_server:/home/openark/ros2_ws/src/install/examples_rclpy_minimal_action_client:/home/openark/ros2_ws/src/install/examples_rclpy_executors:/opt/ros/foxy /usr/bin/cmake --build /home/openark/ros2_ws/build/zed_interfaces -- -j12 -l12
[8.212s] Invoking command in '/home/openark/ros2_ws/build/zed_interfaces': CMAKE_PREFIX_PATH=${CMAKE_PREFIX_PATH}:/home/openark/ros2_ws/install/examples_rclpy_minimal_subscriber:/home/openark/ros2_ws/install/examples_rclpy_minimal_service:/home/openark/ros2_ws/install/examples_rclpy_minimal_publisher:/home/openark/ros2_ws/install/examples_rclpy_minimal_client:/home/openark/ros2_ws/install/examples_rclpy_minimal_action_server:/home/openark/ros2_ws/install/examples_rclpy_minimal_action_client:/home/openark/ros2_ws/install/examples_rclpy_executors:/home/openark/ros2_ws/src/install/examples_rclpy_minimal_subscriber:/home/openark/ros2_ws/src/install/examples_rclpy_minimal_service:/home/openark/ros2_ws/src/install/examples_rclpy_minimal_publisher:/home/openark/ros2_ws/src/install/examples_rclpy_minimal_client:/home/openark/ros2_ws/src/install/examples_rclpy_minimal_action_server:/home/openark/ros2_ws/src/install/examples_rclpy_minimal_action_client:/home/openark/ros2_ws/src/install/examples_rclpy_executors:/opt/ros/foxy /usr/bin/cmake --install /home/openark/ros2_ws/build/zed_interfaces
[9.015s] -- Install configuration: ""
[9.015s] -- Up-to-date: /home/openark/ros2_ws/install/zed_interfaces/share/ament_index/resource_index/rosidl_interfaces/zed_interfaces
[9.017s] -- Up-to-date: /home/openark/ros2_ws/install/zed_interfaces/include/zed_interfaces
[9.018s] -- Up-to-date: /home/openark/ros2_ws/install/zed_interfaces/include/zed_interfaces/msg
[9.018s] -- Up-to-date: /home/openark/ros2_ws/install/zed_interfaces/include/zed_interfaces/msg/keypoint2_di.h
[9.019s] -- Up-to-date: /home/openark/ros2_ws/install/zed_interfaces/include/zed_interfaces/msg/keypoint2_df.h
[9.019s] -- Up-to-date: /home/openark/ros2_ws/install/zed_interfaces/include/zed_interfaces/msg/depth_info_stamped.h
[9.020s] -- Up-to-date: /home/openark/ros2_ws/install/zed_interfaces/include/zed_interfaces/msg/bounding_box3_d.h
[9.020s] -- Up-to-date: /home/openark/ros2_ws/install/zed_interfaces/include/zed_interfaces/msg/objects_stamped.h
[9.021s] -- Up-to-date: /home/openark/ros2_ws/install/zed_interfaces/include/zed_interfaces/msg/rosidl_generator_c__visibility_control.h
[9.021s] -- Up-to-date: /home/openark/ros2_ws/install/zed_interfaces/include/zed_interfaces/msg/skeleton3_d.h
[9.021s] -- Up-to-date: /home/openark/ros2_ws/install/zed_interfaces/include/zed_interfaces/msg/object.h
[9.022s] -- Up-to-date: /home/openark/ros2_ws/install/zed_interfaces/include/zed_interfaces/msg/detail
[9.022s] -- Up-to-date: /home/openark/ros2_ws/install/zed_interfaces/include/zed_interfaces/msg/detail/keypoint2_df__type_support.h
[9.022s] -- Up-to-date: /home/openark/ros2_ws/install/zed_interfaces/include/zed_interfaces/msg/detail/bounding_box2_di__functions.c
[9.022s] -- Up-to-date: /home/openark/ros2_ws/install/zed_interfaces/include/zed_interfaces/msg/detail/heartbeat__struct.h
[9.022s] -- Up-to-date: /home/openark/ros2_ws/install/zed_interfaces/include/zed_interfaces/msg/detail/keypoint3_d__functions.h
[9.023s] -- Up-to-date: /home/openark/ros2_ws/install/zed_interfaces/include/zed_interfaces/msg/detail/objects_stamped__struct.h
[9.024s] -- Up-to-date: /home/openark/ros2_ws/install/zed_interfaces/include/zed_interfaces/msg/detail/depth_info_stamped__functions.h
[9.025s] -- Up-to-date: /home/openark/ros2_ws/install/zed_interfaces/include/zed_interfaces/msg/detail/skeleton2_d__functions.h
[9.025s] -- Up-to-date: /home/openark/ros2_ws/install/zed_interfaces/include/zed_interfaces/msg/detail/keypoint2_di__type_support.h
[9.025s] -- Up-to-date: /home/openark/ros2_ws/install/zed_interfaces/include/zed_interfaces/msg/detail/bounding_box3_d__struct.h
[9.031s] -- Up-to-date: /home/openark/ros2_ws/install/zed_interfaces/include/zed_interfaces/msg/detail/object__functions.c
[9.032s] -- Up-to-date: /home/openark/ros2_ws/install/zed_interfaces/include/zed_interfaces/msg/detail/bounding_box2_df__functions.h
[9.033s] -- Up-to-date: /home/openark/ros2_ws/install/zed_interfaces/include/zed_interfaces/msg/detail/skeleton2_d__struct.h
[9.034s] -- Up-to-date: /home/openark/ros2_ws/install/zed_interfaces/include/zed_interfaces/msg/detail/keypoint3_d__functions.c
[9.034s] -- Up-to-date: /home/openark/ros2_ws/install/zed_interfaces/include/zed_interfaces/msg/detail/bounding_box3_d__type_support.h
[9.035s] -- Up-to-date: /home/openark/ros2_ws/install/zed_interfaces/include/zed_interfaces/msg/detail/heartbeat__type_support.h
[9.035s] -- Up-to-date: /home/openark/ros2_ws/install/zed_interfaces/include/zed_interfaces/msg/detail/bounding_box2_df__struct.h
[9.035s] -- Up-to-date: /home/openark/ros2_ws/install/zed_interfaces/include/zed_interfaces/msg/detail/skeleton2_d__type_support.h
[9.035s] -- Up-to-date: /home/openark/ros2_ws/install/zed_interfaces/include/zed_interfaces/msg/detail/objects_stamped__functions.h
[9.036s] -- Up-to-date: /home/openark/ros2_ws/install/zed_interfaces/include/zed_interfaces/msg/detail/keypoint3_d__struct.h
[9.036s] -- Up-to-date: /home/openark/ros2_ws/install/zed_interfaces/include/zed_interfaces/msg/detail/keypoint2_df__struct.h
[9.036s] -- Up-to-date: /home/openark/ros2_ws/install/zed_interfaces/include/zed_interfaces/msg/detail/skeleton3_d__functions.h
[9.036s] -- Up-to-date: /home/openark/ros2_ws/install/zed_interfaces/include/zed_interfaces/msg/detail/plane_stamped__functions.h
[9.037s] -- Up-to-date: /home/openark/ros2_ws/install/zed_interfaces/include/zed_interfaces/msg/detail/pos_track_status__functions.h
[9.040s] -- Up-to-date: /home/openark/ros2_ws/install/zed_interfaces/include/zed_interfaces/msg/detail/heartbeat__functions.h
[9.041s] -- Up-to-date: /home/openark/ros2_ws/install/zed_interfaces/include/zed_interfaces/msg/detail/pos_track_status__type_support.h
[9.041s] -- Up-to-date: /home/openark/ros2_ws/install/zed_interfaces/include/zed_interfaces/msg/detail/keypoint2_df__functions.h
[9.041s] -- Up-to-date: /home/openark/ros2_ws/install/zed_interfaces/include/zed_interfaces/msg/detail/object__functions.h
[9.042s] -- Up-to-date: /home/openark/ros2_ws/install/zed_interfaces/include/zed_interfaces/msg/detail/keypoint2_df__functions.c
[9.042s] -- Up-to-date: /home/openark/ros2_ws/install/zed_interfaces/include/zed_interfaces/msg/detail/keypoint3_d__type_support.h
[9.042s] -- Up-to-date: /home/openark/ros2_ws/install/zed_interfaces/include/zed_interfaces/msg/detail/bounding_box3_d__functions.c
[9.042s] -- Up-to-date: /home/openark/ros2_ws/install/zed_interfaces/include/zed_interfaces/msg/detail/plane_stamped__type_support.h
[9.042s] -- Up-to-date: /home/openark/ros2_ws/install/zed_interfaces/include/zed_interfaces/msg/detail/bounding_box2_di__type_support.h
[9.043s] -- Up-to-date: /home/openark/ros2_ws/install/zed_interfaces/include/zed_interfaces/msg/detail/bounding_box2_df__type_support.h
[9.043s] -- Up-to-date: /home/openark/ros2_ws/install/zed_interfaces/include/zed_interfaces/msg/detail/heartbeat__functions.c
[9.043s] -- Up-to-date: /home/openark/ros2_ws/install/zed_interfaces/include/zed_interfaces/msg/detail/skeleton2_d__functions.c
[9.043s] -- Up-to-date: /home/openark/ros2_ws/install/zed_interfaces/include/zed_interfaces/msg/detail/keypoint2_di__functions.c
[9.043s] -- Up-to-date: /home/openark/ros2_ws/install/zed_interfaces/include/zed_interfaces/msg/detail/pos_track_status__functions.c
[9.044s] -- Up-to-date: /home/openark/ros2_ws/install/zed_interfaces/include/zed_interfaces/msg/detail/pos_track_status__struct.h
[9.044s] -- Up-to-date: /home/openark/ros2_ws/install/zed_interfaces/include/zed_interfaces/msg/detail/keypoint2_di__struct.h
[9.044s] -- Up-to-date: /home/openark/ros2_ws/install/zed_interfaces/include/zed_interfaces/msg/detail/objects_stamped__functions.c
[9.044s] -- Up-to-date: /home/openark/ros2_ws/install/zed_interfaces/include/zed_interfaces/msg/detail/object__struct.h
[9.044s] -- Up-to-date: /home/openark/ros2_ws/install/zed_interfaces/include/zed_interfaces/msg/detail/object__type_support.h
[9.045s] -- Up-to-date: /home/openark/ros2_ws/install/zed_interfaces/include/zed_interfaces/msg/detail/keypoint2_di__functions.h
[9.045s] -- Up-to-date: /home/openark/ros2_ws/install/zed_interfaces/include/zed_interfaces/msg/detail/objects_stamped__type_support.h
[9.045s] -- Up-to-date: /home/openark/ros2_ws/install/zed_interfaces/include/zed_interfaces/msg/detail/skeleton3_d__type_support.h
[9.045s] -- Up-to-date: /home/openark/ros2_ws/install/zed_interfaces/include/zed_interfaces/msg/detail/depth_info_stamped__struct.h
[9.045s] -- Up-to-date: /home/openark/ros2_ws/install/zed_interfaces/include/zed_interfaces/msg/detail/bounding_box2_di__struct.h
[9.046s] -- Up-to-date: /home/openark/ros2_ws/install/zed_interfaces/include/zed_interfaces/msg/detail/skeleton3_d__struct.h
[9.046s] -- Up-to-date: /home/openark/ros2_ws/install/zed_interfaces/include/zed_interfaces/msg/detail/bounding_box3_d__functions.h
[9.046s] -- Up-to-date: /home/openark/ros2_ws/install/zed_interfaces/include/zed_interfaces/msg/detail/plane_stamped__struct.h
[9.046s] -- Up-to-date: /home/openark/ros2_ws/install/zed_interfaces/include/zed_interfaces/msg/detail/skeleton3_d__functions.c
[9.046s] -- Up-to-date: /home/openark/ros2_ws/install/zed_interfaces/include/zed_interfaces/msg/detail/plane_stamped__functions.c
[9.047s] -- Up-to-date: /home/openark/ros2_ws/install/zed_interfaces/include/zed_interfaces/msg/detail/depth_info_stamped__type_support.h
[9.047s] -- Up-to-date: /home/openark/ros2_ws/install/zed_interfaces/include/zed_interfaces/msg/detail/bounding_box2_di__functions.h
[9.047s] -- Up-to-date: /home/openark/ros2_ws/install/zed_interfaces/include/zed_interfaces/msg/detail/depth_info_stamped__functions.c
[9.047s] -- Up-to-date: /home/openark/ros2_ws/install/zed_interfaces/include/zed_interfaces/msg/detail/bounding_box2_df__functions.c
[9.047s] -- Up-to-date: /home/openark/ros2_ws/install/zed_interfaces/include/zed_interfaces/msg/plane_stamped.h
[9.047s] -- Up-to-date: /home/openark/ros2_ws/install/zed_interfaces/include/zed_interfaces/msg/pos_track_status.h
[9.048s] -- Up-to-date: /home/openark/ros2_ws/install/zed_interfaces/include/zed_interfaces/msg/bounding_box2_df.h
[9.048s] -- Up-to-date: /home/openark/ros2_ws/install/zed_interfaces/include/zed_interfaces/msg/keypoint3_d.h
[9.049s] -- Up-to-date: /home/openark/ros2_ws/install/zed_interfaces/include/zed_interfaces/msg/heartbeat.h
[9.049s] -- Up-to-date: /home/openark/ros2_ws/install/zed_interfaces/include/zed_interfaces/msg/skeleton2_d.h
[9.049s] -- Up-to-date: /home/openark/ros2_ws/install/zed_interfaces/include/zed_interfaces/msg/bounding_box2_di.h
[9.050s] -- Up-to-date: /home/openark/ros2_ws/install/zed_interfaces/include/zed_interfaces/srv
[9.050s] -- Up-to-date: /home/openark/ros2_ws/install/zed_interfaces/include/zed_interfaces/srv/set_roi.h
[9.050s] -- Up-to-date: /home/openark/ros2_ws/install/zed_interfaces/include/zed_interfaces/srv/set_pose.h
[9.050s] -- Up-to-date: /home/openark/ros2_ws/install/zed_interfaces/include/zed_interfaces/srv/detail
[9.050s] -- Up-to-date: /home/openark/ros2_ws/install/zed_interfaces/include/zed_interfaces/srv/detail/set_pose__type_support.h
[9.051s] -- Up-to-date: /home/openark/ros2_ws/install/zed_interfaces/include/zed_interfaces/srv/detail/start_svo_rec__functions.h
[9.051s] -- Up-to-date: /home/openark/ros2_ws/install/zed_interfaces/include/zed_interfaces/srv/detail/set_pose__struct.h
[9.051s] -- Up-to-date: /home/openark/ros2_ws/install/zed_interfaces/include/zed_interfaces/srv/detail/set_roi__functions.h
[9.051s] -- Up-to-date: /home/openark/ros2_ws/install/zed_interfaces/include/zed_interfaces/srv/detail/set_pose__functions.c
[9.051s] -- Up-to-date: /home/openark/ros2_ws/install/zed_interfaces/include/zed_interfaces/srv/detail/start_svo_rec__struct.h
[9.052s] -- Up-to-date: /home/openark/ros2_ws/install/zed_interfaces/include/zed_interfaces/srv/detail/set_roi__functions.c
[9.052s] -- Up-to-date: /home/openark/ros2_ws/install/zed_interfaces/include/zed_interfaces/srv/detail/start_svo_rec__type_support.h
[9.052s] -- Up-to-date: /home/openark/ros2_ws/install/zed_interfaces/include/zed_interfaces/srv/detail/set_roi__struct.h
[9.052s] -- Up-to-date: /home/openark/ros2_ws/install/zed_interfaces/include/zed_interfaces/srv/detail/set_pose__functions.h
[9.052s] -- Up-to-date: /home/openark/ros2_ws/install/zed_interfaces/include/zed_interfaces/srv/detail/start_svo_rec__functions.c
[9.053s] -- Up-to-date: /home/openark/ros2_ws/install/zed_interfaces/include/zed_interfaces/srv/detail/set_roi__type_support.h
[9.053s] -- Up-to-date: /home/openark/ros2_ws/install/zed_interfaces/include/zed_interfaces/srv/start_svo_rec.h
[9.053s] -- Up-to-date: /home/openark/ros2_ws/install/zed_interfaces/share/zed_interfaces/environment/library_path.sh
[9.053s] -- Up-to-date: /home/openark/ros2_ws/install/zed_interfaces/share/zed_interfaces/environment/library_path.dsv
[9.054s] -- Up-to-date: /home/openark/ros2_ws/install/zed_interfaces/lib/libzed_interfaces__rosidl_generator_c.so
[9.054s] -- Up-to-date: /home/openark/ros2_ws/install/zed_interfaces/include/zed_interfaces
[9.055s] -- Up-to-date: /home/openark/ros2_ws/install/zed_interfaces/include/zed_interfaces/msg
[9.055s] -- Up-to-date: /home/openark/ros2_ws/install/zed_interfaces/include/zed_interfaces/msg/detail
[9.055s] -- Up-to-date: /home/openark/ros2_ws/install/zed_interfaces/include/zed_interfaces/msg/detail/depth_info_stamped__rosidl_typesupport_fastrtps_c.h
[9.056s] -- Up-to-date: /home/openark/ros2_ws/install/zed_interfaces/include/zed_interfaces/msg/detail/bounding_box2_di__rosidl_typesupport_fastrtps_c.h
[9.057s] -- Up-to-date: /home/openark/ros2_ws/install/zed_interfaces/include/zed_interfaces/msg/detail/object__rosidl_typesupport_fastrtps_c.h
[9.058s] -- Up-to-date: /home/openark/ros2_ws/install/zed_interfaces/include/zed_interfaces/msg/detail/heartbeat__rosidl_typesupport_fastrtps_c.h
[9.058s] -- Up-to-date: /home/openark/ros2_ws/install/zed_interfaces/include/zed_interfaces/msg/detail/plane_stamped__rosidl_typesupport_fastrtps_c.h
[9.058s] -- Up-to-date: /home/openark/ros2_ws/install/zed_interfaces/include/zed_interfaces/msg/detail/objects_stamped__rosidl_typesupport_fastrtps_c.h
[9.058s] -- Up-to-date: /home/openark/ros2_ws/install/zed_interfaces/include/zed_interfaces/msg/detail/skeleton2_d__rosidl_typesupport_fastrtps_c.h
[9.059s] -- Up-to-date: /home/openark/ros2_ws/install/zed_interfaces/include/zed_interfaces/msg/detail/keypoint3_d__rosidl_typesupport_fastrtps_c.h
[9.060s] -- Up-to-date: /home/openark/ros2_ws/install/zed_interfaces/include/zed_interfaces/msg/detail/skeleton3_d__rosidl_typesupport_fastrtps_c.h
[9.062s] -- Up-to-date: /home/openark/ros2_ws/install/zed_interfaces/include/zed_interfaces/msg/detail/pos_track_status__rosidl_typesupport_fastrtps_c.h
[9.064s] -- Up-to-date: /home/openark/ros2_ws/install/zed_interfaces/include/zed_interfaces/msg/detail/keypoint2_df__rosidl_typesupport_fastrtps_c.h
[9.064s] -- Up-to-date: /home/openark/ros2_ws/install/zed_interfaces/include/zed_interfaces/msg/detail/bounding_box2_df__rosidl_typesupport_fastrtps_c.h
[9.065s] -- Up-to-date: /home/openark/ros2_ws/install/zed_interfaces/include/zed_interfaces/msg/detail/bounding_box3_d__rosidl_typesupport_fastrtps_c.h
[9.066s] -- Up-to-date: /home/openark/ros2_ws/install/zed_interfaces/include/zed_interfaces/msg/detail/keypoint2_di__rosidl_typesupport_fastrtps_c.h
[9.066s] -- Up-to-date: /home/openark/ros2_ws/install/zed_interfaces/include/zed_interfaces/msg/rosidl_typesupport_fastrtps_c__visibility_control.h
[9.066s] -- Up-to-date: /home/openark/ros2_ws/install/zed_interfaces/include/zed_interfaces/srv
[9.068s] -- Up-to-date: /home/openark/ros2_ws/install/zed_interfaces/include/zed_interfaces/srv/detail
[9.072s] -- Up-to-date: /home/openark/ros2_ws/install/zed_interfaces/include/zed_interfaces/srv/detail/set_roi__rosidl_typesupport_fastrtps_c.h
[9.073s] -- Up-to-date: /home/openark/ros2_ws/install/zed_interfaces/include/zed_interfaces/srv/detail/start_svo_rec__rosidl_typesupport_fastrtps_c.h
[9.074s] -- Up-to-date: /home/openark/ros2_ws/install/zed_interfaces/include/zed_interfaces/srv/detail/set_pose__rosidl_typesupport_fastrtps_c.h
[9.075s] -- Up-to-date: /home/openark/ros2_ws/install/zed_interfaces/lib/libzed_interfaces__rosidl_typesupport_fastrtps_c.so
[9.075s] -- Up-to-date: /home/openark/ros2_ws/install/zed_interfaces/include/zed_interfaces
[9.076s] -- Up-to-date: /home/openark/ros2_ws/install/zed_interfaces/include/zed_interfaces/msg
[9.078s] -- Up-to-date: /home/openark/ros2_ws/install/zed_interfaces/include/zed_interfaces/msg/detail
[9.079s] -- Up-to-date: /home/openark/ros2_ws/install/zed_interfaces/include/zed_interfaces/msg/detail/keypoint3_d__rosidl_typesupport_fastrtps_cpp.hpp
[9.080s] -- Up-to-date: /home/openark/ros2_ws/install/zed_interfaces/include/zed_interfaces/msg/detail/skeleton3_d__rosidl_typesupport_fastrtps_cpp.hpp
[9.083s] -- Up-to-date: /home/openark/ros2_ws/install/zed_interfaces/include/zed_interfaces/msg/detail/objects_stamped__rosidl_typesupport_fastrtps_cpp.hpp
[9.083s] -- Up-to-date: /home/openark/ros2_ws/install/zed_interfaces/include/zed_interfaces/msg/detail/bounding_box2_df__rosidl_typesupport_fastrtps_cpp.hpp
[9.084s] -- Up-to-date: /home/openark/ros2_ws/install/zed_interfaces/include/zed_interfaces/msg/detail/dds_fastrtps
[9.085s] -- Up-to-date: /home/openark/ros2_ws/install/zed_interfaces/include/zed_interfaces/msg/detail/bounding_box3_d__rosidl_typesupport_fastrtps_cpp.hpp
[9.086s] -- Up-to-date: /home/openark/ros2_ws/install/zed_interfaces/include/zed_interfaces/msg/detail/bounding_box2_di__rosidl_typesupport_fastrtps_cpp.hpp
[9.087s] -- Up-to-date: /home/openark/ros2_ws/install/zed_interfaces/include/zed_interfaces/msg/detail/keypoint2_df__rosidl_typesupport_fastrtps_cpp.hpp
[9.088s] -- Up-to-date: /home/openark/ros2_ws/install/zed_interfaces/include/zed_interfaces/msg/detail/skeleton2_d__rosidl_typesupport_fastrtps_cpp.hpp
[9.088s] -- Up-to-date: /home/openark/ros2_ws/install/zed_interfaces/include/zed_interfaces/msg/detail/keypoint2_di__rosidl_typesupport_fastrtps_cpp.hpp
[9.089s] -- Up-to-date: /home/openark/ros2_ws/install/zed_interfaces/include/zed_interfaces/msg/detail/plane_stamped__rosidl_typesupport_fastrtps_cpp.hpp
[9.089s] -- Up-to-date: /home/openark/ros2_ws/install/zed_interfaces/include/zed_interfaces/msg/detail/object__rosidl_typesupport_fastrtps_cpp.hpp
[9.090s] -- Up-to-date: /home/openark/ros2_ws/install/zed_interfaces/include/zed_interfaces/msg/detail/heartbeat__rosidl_typesupport_fastrtps_cpp.hpp
[9.090s] -- Up-to-date: /home/openark/ros2_ws/install/zed_interfaces/include/zed_interfaces/msg/detail/depth_info_stamped__rosidl_typesupport_fastrtps_cpp.hpp
[9.090s] -- Up-to-date: /home/openark/ros2_ws/install/zed_interfaces/include/zed_interfaces/msg/detail/pos_track_status__rosidl_typesupport_fastrtps_cpp.hpp
[9.091s] -- Up-to-date: /home/openark/ros2_ws/install/zed_interfaces/include/zed_interfaces/msg/rosidl_typesupport_fastrtps_cpp__visibility_control.h
[9.091s] -- Up-to-date: /home/openark/ros2_ws/install/zed_interfaces/include/zed_interfaces/srv
[9.091s] -- Up-to-date: /home/openark/ros2_ws/install/zed_interfaces/include/zed_interfaces/srv/detail
[9.091s] -- Up-to-date: /home/openark/ros2_ws/install/zed_interfaces/include/zed_interfaces/srv/detail/set_pose__rosidl_typesupport_fastrtps_cpp.hpp
[9.092s] -- Up-to-date: /home/openark/ros2_ws/install/zed_interfaces/include/zed_interfaces/srv/detail/set_roi__rosidl_typesupport_fastrtps_cpp.hpp
[9.092s] -- Up-to-date: /home/openark/ros2_ws/install/zed_interfaces/include/zed_interfaces/srv/detail/dds_fastrtps
[9.092s] -- Up-to-date: /home/openark/ros2_ws/install/zed_interfaces/include/zed_interfaces/srv/detail/start_svo_rec__rosidl_typesupport_fastrtps_cpp.hpp
[9.092s] -- Up-to-date: /home/openark/ros2_ws/install/zed_interfaces/lib/libzed_interfaces__rosidl_typesupport_fastrtps_cpp.so
[9.093s] -- Up-to-date: /home/openark/ros2_ws/install/zed_interfaces/include/zed_interfaces
[9.093s] -- Up-to-date: /home/openark/ros2_ws/install/zed_interfaces/include/zed_interfaces/msg
[9.093s] -- Up-to-date: /home/openark/ros2_ws/install/zed_interfaces/include/zed_interfaces/msg/rosidl_typesupport_introspection_c__visibility_control.h
[9.093s] -- Up-to-date: /home/openark/ros2_ws/install/zed_interfaces/include/zed_interfaces/msg/detail
[9.094s] -- Up-to-date: /home/openark/ros2_ws/install/zed_interfaces/include/zed_interfaces/msg/detail/bounding_box2_df__rosidl_typesupport_introspection_c.h
[9.094s] -- Up-to-date: /home/openark/ros2_ws/install/zed_interfaces/include/zed_interfaces/msg/detail/depth_info_stamped__type_support.c
[9.094s] -- Up-to-date: /home/openark/ros2_ws/install/zed_interfaces/include/zed_interfaces/msg/detail/keypoint2_df__rosidl_typesupport_introspection_c.h
[9.094s] -- Up-to-date: /home/openark/ros2_ws/install/zed_interfaces/include/zed_interfaces/msg/detail/skeleton2_d__type_support.c
[9.095s] -- Up-to-date: /home/openark/ros2_ws/install/zed_interfaces/include/zed_interfaces/msg/detail/bounding_box2_df__type_support.c
[9.095s] -- Up-to-date: /home/openark/ros2_ws/install/zed_interfaces/include/zed_interfaces/msg/detail/objects_stamped__type_support.c
[9.096s] -- Up-to-date: /home/openark/ros2_ws/install/zed_interfaces/include/zed_interfaces/msg/detail/bounding_box3_d__type_support.c
[9.097s] -- Up-to-date: /home/openark/ros2_ws/install/zed_interfaces/include/zed_interfaces/msg/detail/heartbeat__type_support.c
[9.109s] -- Up-to-date: /home/openark/ros2_ws/install/zed_interfaces/include/zed_interfaces/msg/detail/object__rosidl_typesupport_introspection_c.h
[9.118s] -- Up-to-date: /home/openark/ros2_ws/install/zed_interfaces/include/zed_interfaces/msg/detail/objects_stamped__rosidl_typesupport_introspection_c.h
[9.118s] -- Up-to-date: /home/openark/ros2_ws/install/zed_interfaces/include/zed_interfaces/msg/detail/keypoint2_di__rosidl_typesupport_introspection_c.h
[9.118s] -- Up-to-date: /home/openark/ros2_ws/install/zed_interfaces/include/zed_interfaces/msg/detail/keypoint3_d__rosidl_typesupport_introspection_c.h
[9.119s] -- Up-to-date: /home/openark/ros2_ws/install/zed_interfaces/include/zed_interfaces/msg/detail/skeleton3_d__rosidl_typesupport_introspection_c.h
[9.119s] -- Up-to-date: /home/openark/ros2_ws/install/zed_interfaces/include/zed_interfaces/msg/detail/keypoint2_di__type_support.c
[9.119s] -- Up-to-date: /home/openark/ros2_ws/install/zed_interfaces/include/zed_interfaces/msg/detail/skeleton2_d__rosidl_typesupport_introspection_c.h
[9.120s] -- Up-to-date: /home/openark/ros2_ws/install/zed_interfaces/include/zed_interfaces/msg/detail/bounding_box2_di__rosidl_typesupport_introspection_c.h
[9.120s] -- Up-to-date: /home/openark/ros2_ws/install/zed_interfaces/include/zed_interfaces/msg/detail/object__type_support.c
[9.120s] -- Up-to-date: /home/openark/ros2_ws/install/zed_interfaces/include/zed_interfaces/msg/detail/plane_stamped__rosidl_typesupport_introspection_c.h
[9.121s] -- Up-to-date: /home/openark/ros2_ws/install/zed_interfaces/include/zed_interfaces/msg/detail/heartbeat__rosidl_typesupport_introspection_c.h
[9.121s] -- Up-to-date: /home/openark/ros2_ws/install/zed_interfaces/include/zed_interfaces/msg/detail/keypoint2_df__type_support.c
[9.124s] -- Up-to-date: /home/openark/ros2_ws/install/zed_interfaces/include/zed_interfaces/msg/detail/pos_track_status__rosidl_typesupport_introspection_c.h
[9.125s] -- Up-to-date: /home/openark/ros2_ws/install/zed_interfaces/include/zed_interfaces/msg/detail/depth_info_stamped__rosidl_typesupport_introspection_c.h
[9.126s] -- Up-to-date: /home/openark/ros2_ws/install/zed_interfaces/include/zed_interfaces/msg/detail/bounding_box3_d__rosidl_typesupport_introspection_c.h
[9.128s] -- Up-to-date: /home/openark/ros2_ws/install/zed_interfaces/include/zed_interfaces/msg/detail/skeleton3_d__type_support.c
[9.129s] -- Up-to-date: /home/openark/ros2_ws/install/zed_interfaces/include/zed_interfaces/msg/detail/plane_stamped__type_support.c
[9.130s] -- Up-to-date: /home/openark/ros2_ws/install/zed_interfaces/include/zed_interfaces/msg/detail/bounding_box2_di__type_support.c
[9.132s] -- Up-to-date: /home/openark/ros2_ws/install/zed_interfaces/include/zed_interfaces/msg/detail/keypoint3_d__type_support.c
[9.132s] -- Up-to-date: /home/openark/ros2_ws/install/zed_interfaces/include/zed_interfaces/msg/detail/pos_track_status__type_support.c
[9.134s] -- Up-to-date: /home/openark/ros2_ws/install/zed_interfaces/include/zed_interfaces/srv
[9.135s] -- Up-to-date: /home/openark/ros2_ws/install/zed_interfaces/include/zed_interfaces/srv/detail
[9.136s] -- Up-to-date: /home/openark/ros2_ws/install/zed_interfaces/include/zed_interfaces/srv/detail/set_roi__rosidl_typesupport_introspection_c.h
[9.136s] -- Up-to-date: /home/openark/ros2_ws/install/zed_interfaces/include/zed_interfaces/srv/detail/start_svo_rec__rosidl_typesupport_introspection_c.h
[9.138s] -- Up-to-date: /home/openark/ros2_ws/install/zed_interfaces/include/zed_interfaces/srv/detail/set_pose__rosidl_typesupport_introspection_c.h
[9.141s] -- Up-to-date: /home/openark/ros2_ws/install/zed_interfaces/include/zed_interfaces/srv/detail/set_pose__type_support.c
[9.142s] -- Up-to-date: /home/openark/ros2_ws/install/zed_interfaces/include/zed_interfaces/srv/detail/start_svo_rec__type_support.c
[9.144s] -- Up-to-date: /home/openark/ros2_ws/install/zed_interfaces/include/zed_interfaces/srv/detail/set_roi__type_support.c
[9.146s] -- Up-to-date: /home/openark/ros2_ws/install/zed_interfaces/lib/libzed_interfaces__rosidl_typesupport_introspection_c.so
[9.147s] -- Up-to-date: /home/openark/ros2_ws/install/zed_interfaces/lib/libzed_interfaces__rosidl_typesupport_c.so
[9.148s] -- Up-to-date: /home/openark/ros2_ws/install/zed_interfaces/include/zed_interfaces
[9.150s] -- Up-to-date: /home/openark/ros2_ws/install/zed_interfaces/include/zed_interfaces/msg
[9.152s] -- Up-to-date: /home/openark/ros2_ws/install/zed_interfaces/include/zed_interfaces/msg/keypoint2_di.hpp
[9.153s] -- Up-to-date: /home/openark/ros2_ws/install/zed_interfaces/include/zed_interfaces/msg/skeleton2_d.hpp
[9.154s] -- Up-to-date: /home/openark/ros2_ws/install/zed_interfaces/include/zed_interfaces/msg/bounding_box2_di.hpp
[9.167s] -- Up-to-date: /home/openark/ros2_ws/install/zed_interfaces/include/zed_interfaces/msg/depth_info_stamped.hpp
[9.169s] -- Up-to-date: /home/openark/ros2_ws/install/zed_interfaces/include/zed_interfaces/msg/plane_stamped.hpp
[9.170s] -- Up-to-date: /home/openark/ros2_ws/install/zed_interfaces/include/zed_interfaces/msg/detail
[9.171s] -- Up-to-date: /home/openark/ros2_ws/install/zed_interfaces/include/zed_interfaces/msg/detail/bounding_box2_df__traits.hpp
[9.174s] -- Up-to-date: /home/openark/ros2_ws/install/zed_interfaces/include/zed_interfaces/msg/detail/keypoint2_df__traits.hpp
[9.178s] -- Up-to-date: /home/openark/ros2_ws/install/zed_interfaces/include/zed_interfaces/msg/detail/bounding_box2_df__type_support.hpp
[9.178s] -- Up-to-date: /home/openark/ros2_ws/install/zed_interfaces/include/zed_interfaces/msg/detail/skeleton3_d__traits.hpp
[9.180s] -- Up-to-date: /home/openark/ros2_ws/install/zed_interfaces/include/zed_interfaces/msg/detail/bounding_box2_df__struct.hpp
[9.182s] -- Up-to-date: /home/openark/ros2_ws/install/zed_interfaces/include/zed_interfaces/msg/detail/bounding_box3_d__builder.hpp
[9.185s] -- Up-to-date: /home/openark/ros2_ws/install/zed_interfaces/include/zed_interfaces/msg/detail/plane_stamped__type_support.hpp
[9.187s] -- Up-to-date: /home/openark/ros2_ws/install/zed_interfaces/include/zed_interfaces/msg/detail/keypoint2_df__type_support.hpp
[9.202s] -- Up-to-date: /home/openark/ros2_ws/install/zed_interfaces/include/zed_interfaces/msg/detail/skeleton2_d__type_support.hpp
[9.204s] -- Up-to-date: /home/openark/ros2_ws/install/zed_interfaces/include/zed_interfaces/msg/detail/skeleton2_d__traits.hpp
[9.206s] -- Up-to-date: /home/openark/ros2_ws/install/zed_interfaces/include/zed_interfaces/msg/detail/objects_stamped__traits.hpp
[9.206s] -- Up-to-date: /home/openark/ros2_ws/install/zed_interfaces/include/zed_interfaces/msg/detail/pos_track_status__traits.hpp
[9.206s] -- Up-to-date: /home/openark/ros2_ws/install/zed_interfaces/include/zed_interfaces/msg/detail/depth_info_stamped__traits.hpp
[9.206s] -- Up-to-date: /home/openark/ros2_ws/install/zed_interfaces/include/zed_interfaces/msg/detail/bounding_box3_d__struct.hpp
[9.206s] -- Up-to-date: /home/openark/ros2_ws/install/zed_interfaces/include/zed_interfaces/msg/detail/keypoint2_df__struct.hpp
[9.207s] -- Up-to-date: /home/openark/ros2_ws/install/zed_interfaces/include/zed_interfaces/msg/detail/keypoint2_di__struct.hpp
[9.207s] -- Up-to-date: /home/openark/ros2_ws/install/zed_interfaces/include/zed_interfaces/msg/detail/objects_stamped__struct.hpp
[9.208s] -- Up-to-date: /home/openark/ros2_ws/install/zed_interfaces/include/zed_interfaces/msg/detail/object__struct.hpp
[9.209s] -- Up-to-date: /home/openark/ros2_ws/install/zed_interfaces/include/zed_interfaces/msg/detail/pos_track_status__type_support.hpp
[9.213s] -- Up-to-date: /home/openark/ros2_ws/install/zed_interfaces/include/zed_interfaces/msg/detail/bounding_box2_df__builder.hpp
[9.213s] -- Up-to-date: /home/openark/ros2_ws/install/zed_interfaces/include/zed_interfaces/msg/detail/depth_info_stamped__type_support.hpp
[9.214s] -- Up-to-date: /home/openark/ros2_ws/install/zed_interfaces/include/zed_interfaces/msg/detail/skeleton2_d__builder.hpp
[9.215s] -- Up-to-date: /home/openark/ros2_ws/install/zed_interfaces/include/zed_interfaces/msg/detail/bounding_box2_di__type_support.hpp
[9.218s] -- Up-to-date: /home/openark/ros2_ws/install/zed_interfaces/include/zed_interfaces/msg/detail/keypoint2_di__builder.hpp
[9.220s] -- Up-to-date: /home/openark/ros2_ws/install/zed_interfaces/include/zed_interfaces/msg/detail/objects_stamped__builder.hpp
[9.220s] -- Up-to-date: /home/openark/ros2_ws/install/zed_interfaces/include/zed_interfaces/msg/detail/heartbeat__traits.hpp
[9.222s] -- Up-to-date: /home/openark/ros2_ws/install/zed_interfaces/include/zed_interfaces/msg/detail/plane_stamped__traits.hpp
[9.224s] -- Up-to-date: /home/openark/ros2_ws/install/zed_interfaces/include/zed_interfaces/msg/detail/skeleton3_d__struct.hpp
[9.225s] -- Up-to-date: /home/openark/ros2_ws/install/zed_interfaces/include/zed_interfaces/msg/detail/keypoint3_d__builder.hpp
[9.228s] -- Up-to-date: /home/openark/ros2_ws/install/zed_interfaces/include/zed_interfaces/msg/detail/bounding_box2_di__builder.hpp
[9.230s] -- Up-to-date: /home/openark/ros2_ws/install/zed_interfaces/include/zed_interfaces/msg/detail/heartbeat__type_support.hpp
[9.231s] -- Up-to-date: /home/openark/ros2_ws/install/zed_interfaces/include/zed_interfaces/msg/detail/bounding_box3_d__traits.hpp
[9.231s] -- Up-to-date: /home/openark/ros2_ws/install/zed_interfaces/include/zed_interfaces/msg/detail/bounding_box2_di__traits.hpp
[9.231s] -- Up-to-date: /home/openark/ros2_ws/install/zed_interfaces/include/zed_interfaces/msg/detail/heartbeat__builder.hpp
[9.231s] -- Up-to-date: /home/openark/ros2_ws/install/zed_interfaces/include/zed_interfaces/msg/detail/keypoint2_di__type_support.hpp
[9.232s] -- Up-to-date: /home/openark/ros2_ws/install/zed_interfaces/include/zed_interfaces/msg/detail/object__traits.hpp
[9.232s] -- Up-to-date: /home/openark/ros2_ws/install/zed_interfaces/include/zed_interfaces/msg/detail/plane_stamped__builder.hpp
[9.232s] -- Up-to-date: /home/openark/ros2_ws/install/zed_interfaces/include/zed_interfaces/msg/detail/keypoint3_d__struct.hpp
[9.233s] -- Up-to-date: /home/openark/ros2_ws/install/zed_interfaces/include/zed_interfaces/msg/detail/pos_track_status__builder.hpp
[9.233s] -- Up-to-date: /home/openark/ros2_ws/install/zed_interfaces/include/zed_interfaces/msg/detail/objects_stamped__type_support.hpp
[9.233s] -- Up-to-date: /home/openark/ros2_ws/install/zed_interfaces/include/zed_interfaces/msg/detail/plane_stamped__struct.hpp
[9.234s] -- Up-to-date: /home/openark/ros2_ws/install/zed_interfaces/include/zed_interfaces/msg/detail/skeleton2_d__struct.hpp
[9.234s] -- Up-to-date: /home/openark/ros2_ws/install/zed_interfaces/include/zed_interfaces/msg/detail/bounding_box2_di__struct.hpp
[9.234s] -- Up-to-date: /home/openark/ros2_ws/install/zed_interfaces/include/zed_interfaces/msg/detail/keypoint3_d__type_support.hpp
[9.234s] -- Up-to-date: /home/openark/ros2_ws/install/zed_interfaces/include/zed_interfaces/msg/detail/heartbeat__struct.hpp
[9.235s] -- Up-to-date: /home/openark/ros2_ws/install/zed_interfaces/include/zed_interfaces/msg/detail/depth_info_stamped__struct.hpp
[9.235s] -- Up-to-date: /home/openark/ros2_ws/install/zed_interfaces/include/zed_interfaces/msg/detail/keypoint2_di__traits.hpp
[9.235s] -- Up-to-date: /home/openark/ros2_ws/install/zed_interfaces/include/zed_interfaces/msg/detail/depth_info_stamped__builder.hpp
[9.236s] -- Up-to-date: /home/openark/ros2_ws/install/zed_interfaces/include/zed_interfaces/msg/detail/object__type_support.hpp
[9.236s] -- Up-to-date: /home/openark/ros2_ws/install/zed_interfaces/include/zed_interfaces/msg/detail/object__builder.hpp
[9.236s] -- Up-to-date: /home/openark/ros2_ws/install/zed_interfaces/include/zed_interfaces/msg/detail/keypoint3_d__traits.hpp
[9.236s] -- Up-to-date: /home/openark/ros2_ws/install/zed_interfaces/include/zed_interfaces/msg/detail/skeleton3_d__type_support.hpp
[9.237s] -- Up-to-date: /home/openark/ros2_ws/install/zed_interfaces/include/zed_interfaces/msg/detail/pos_track_status__struct.hpp
[9.237s] -- Up-to-date: /home/openark/ros2_ws/install/zed_interfaces/include/zed_interfaces/msg/detail/skeleton3_d__builder.hpp
[9.237s] -- Up-to-date: /home/openark/ros2_ws/install/zed_interfaces/include/zed_interfaces/msg/detail/keypoint2_df__builder.hpp
[9.238s] -- Up-to-date: /home/openark/ros2_ws/install/zed_interfaces/include/zed_interfaces/msg/detail/bounding_box3_d__type_support.hpp
[9.238s] -- Up-to-date: /home/openark/ros2_ws/install/zed_interfaces/include/zed_interfaces/msg/pos_track_status.hpp
[9.238s] -- Up-to-date: /home/openark/ros2_ws/install/zed_interfaces/include/zed_interfaces/msg/objects_stamped.hpp
[9.238s] -- Up-to-date: /home/openark/ros2_ws/install/zed_interfaces/include/zed_interfaces/msg/object.hpp
[9.239s] -- Up-to-date: /home/openark/ros2_ws/install/zed_interfaces/include/zed_interfaces/msg/keypoint2_df.hpp
[9.239s] -- Up-to-date: /home/openark/ros2_ws/install/zed_interfaces/include/zed_interfaces/msg/bounding_box2_df.hpp
[9.239s] -- Up-to-date: /home/openark/ros2_ws/install/zed_interfaces/include/zed_interfaces/msg/keypoint3_d.hpp
[9.240s] -- Up-to-date: /home/openark/ros2_ws/install/zed_interfaces/include/zed_interfaces/msg/rosidl_generator_cpp__visibility_control.hpp
[9.240s] -- Up-to-date: /home/openark/ros2_ws/install/zed_interfaces/include/zed_interfaces/msg/bounding_box3_d.hpp
[9.240s] -- Up-to-date: /home/openark/ros2_ws/install/zed_interfaces/include/zed_interfaces/msg/heartbeat.hpp
[9.240s] -- Up-to-date: /home/openark/ros2_ws/install/zed_interfaces/include/zed_interfaces/msg/skeleton3_d.hpp
[9.241s] -- Up-to-date: /home/openark/ros2_ws/install/zed_interfaces/include/zed_interfaces/srv
[9.241s] -- Up-to-date: /home/openark/ros2_ws/install/zed_interfaces/include/zed_interfaces/srv/start_svo_rec.hpp
[9.241s] -- Up-to-date: /home/openark/ros2_ws/install/zed_interfaces/include/zed_interfaces/srv/set_pose.hpp
[9.242s] -- Up-to-date: /home/openark/ros2_ws/install/zed_interfaces/include/zed_interfaces/srv/detail
[9.242s] -- Up-to-date: /home/openark/ros2_ws/install/zed_interfaces/include/zed_interfaces/srv/detail/set_roi__type_support.hpp
[9.242s] -- Up-to-date: /home/openark/ros2_ws/install/zed_interfaces/include/zed_interfaces/srv/detail/start_svo_rec__traits.hpp
[9.243s] -- Up-to-date: /home/openark/ros2_ws/install/zed_interfaces/include/zed_interfaces/srv/detail/set_pose__traits.hpp
[9.243s] -- Up-to-date: /home/openark/ros2_ws/install/zed_interfaces/include/zed_interfaces/srv/detail/set_roi__traits.hpp
[9.243s] -- Up-to-date: /home/openark/ros2_ws/install/zed_interfaces/include/zed_interfaces/srv/detail/set_roi__struct.hpp
[9.243s] -- Up-to-date: /home/openark/ros2_ws/install/zed_interfaces/include/zed_interfaces/srv/detail/set_roi__builder.hpp
[9.244s] -- Up-to-date: /home/openark/ros2_ws/install/zed_interfaces/include/zed_interfaces/srv/detail/start_svo_rec__type_support.hpp
[9.244s] -- Up-to-date: /home/openark/ros2_ws/install/zed_interfaces/include/zed_interfaces/srv/detail/set_pose__type_support.hpp
[9.244s] -- Up-to-date: /home/openark/ros2_ws/install/zed_interfaces/include/zed_interfaces/srv/detail/start_svo_rec__struct.hpp
[9.244s] -- Up-to-date: /home/openark/ros2_ws/install/zed_interfaces/include/zed_interfaces/srv/detail/start_svo_rec__builder.hpp
[9.245s] -- Up-to-date: /home/openark/ros2_ws/install/zed_interfaces/include/zed_interfaces/srv/detail/set_pose__builder.hpp
[9.245s] -- Up-to-date: /home/openark/ros2_ws/install/zed_interfaces/include/zed_interfaces/srv/detail/set_pose__struct.hpp
[9.248s] -- Up-to-date: /home/openark/ros2_ws/install/zed_interfaces/include/zed_interfaces/srv/set_roi.hpp
[9.249s] -- Up-to-date: /home/openark/ros2_ws/install/zed_interfaces/include/zed_interfaces
[9.250s] -- Up-to-date: /home/openark/ros2_ws/install/zed_interfaces/include/zed_interfaces/msg
[9.261s] -- Up-to-date: /home/openark/ros2_ws/install/zed_interfaces/include/zed_interfaces/msg/detail
[9.262s] -- Up-to-date: /home/openark/ros2_ws/install/zed_interfaces/include/zed_interfaces/msg/detail/skeleton2_d__rosidl_typesupport_introspection_cpp.hpp
[9.262s] -- Up-to-date: /home/openark/ros2_ws/install/zed_interfaces/include/zed_interfaces/msg/detail/heartbeat__type_support.cpp
[9.262s] -- Up-to-date: /home/openark/ros2_ws/install/zed_interfaces/include/zed_interfaces/msg/detail/keypoint3_d__rosidl_typesupport_introspection_cpp.hpp
[9.263s] -- Up-to-date: /home/openark/ros2_ws/install/zed_interfaces/include/zed_interfaces/msg/detail/pos_track_status__type_support.cpp
[9.263s] -- Up-to-date: /home/openark/ros2_ws/install/zed_interfaces/include/zed_interfaces/msg/detail/depth_info_stamped__rosidl_typesupport_introspection_cpp.hpp
[9.263s] -- Up-to-date: /home/openark/ros2_ws/install/zed_interfaces/include/zed_interfaces/msg/detail/keypoint2_di__type_support.cpp
[9.263s] -- Up-to-date: /home/openark/ros2_ws/install/zed_interfaces/include/zed_interfaces/msg/detail/plane_stamped__rosidl_typesupport_introspection_cpp.hpp
[9.264s] -- Up-to-date: /home/openark/ros2_ws/install/zed_interfaces/include/zed_interfaces/msg/detail/pos_track_status__rosidl_typesupport_introspection_cpp.hpp
[9.264s] -- Up-to-date: /home/openark/ros2_ws/install/zed_interfaces/include/zed_interfaces/msg/detail/objects_stamped__type_support.cpp
[9.264s] -- Up-to-date: /home/openark/ros2_ws/install/zed_interfaces/include/zed_interfaces/msg/detail/bounding_box3_d__rosidl_typesupport_introspection_cpp.hpp
[9.264s] -- Up-to-date: /home/openark/ros2_ws/install/zed_interfaces/include/zed_interfaces/msg/detail/keypoint2_di__rosidl_typesupport_introspection_cpp.hpp
[9.265s] -- Up-to-date: /home/openark/ros2_ws/install/zed_interfaces/include/zed_interfaces/msg/detail/object__type_support.cpp
[9.265s] -- Up-to-date: /home/openark/ros2_ws/install/zed_interfaces/include/zed_interfaces/msg/detail/skeleton3_d__rosidl_typesupport_introspection_cpp.hpp
[9.265s] -- Up-to-date: /home/openark/ros2_ws/install/zed_interfaces/include/zed_interfaces/msg/detail/keypoint2_df__rosidl_typesupport_introspection_cpp.hpp
[9.266s] -- Up-to-date: /home/openark/ros2_ws/install/zed_interfaces/include/zed_interfaces/msg/detail/heartbeat__rosidl_typesupport_introspection_cpp.hpp
[9.266s] -- Up-to-date: /home/openark/ros2_ws/install/zed_interfaces/include/zed_interfaces/msg/detail/keypoint3_d__type_support.cpp
[9.266s] -- Up-to-date: /home/openark/ros2_ws/install/zed_interfaces/include/zed_interfaces/msg/detail/bounding_box2_di__rosidl_typesupport_introspection_cpp.hpp
[9.266s] -- Up-to-date: /home/openark/ros2_ws/install/zed_interfaces/include/zed_interfaces/msg/detail/keypoint2_df__type_support.cpp
[9.267s] -- Up-to-date: /home/openark/ros2_ws/install/zed_interfaces/include/zed_interfaces/msg/detail/bounding_box2_df__type_support.cpp
[9.269s] -- Up-to-date: /home/openark/ros2_ws/install/zed_interfaces/include/zed_interfaces/msg/detail/depth_info_stamped__type_support.cpp
[9.270s] -- Up-to-date: /home/openark/ros2_ws/install/zed_interfaces/include/zed_interfaces/msg/detail/bounding_box2_di__type_support.cpp
[9.270s] -- Up-to-date: /home/openark/ros2_ws/install/zed_interfaces/include/zed_interfaces/msg/detail/bounding_box2_df__rosidl_typesupport_introspection_cpp.hpp
[9.270s] -- Up-to-date: /home/openark/ros2_ws/install/zed_interfaces/include/zed_interfaces/msg/detail/skeleton2_d__type_support.cpp
[9.270s] -- Up-to-date: /home/openark/ros2_ws/install/zed_interfaces/include/zed_interfaces/msg/detail/objects_stamped__rosidl_typesupport_introspection_cpp.hpp
[9.271s] -- Up-to-date: /home/openark/ros2_ws/install/zed_interfaces/include/zed_interfaces/msg/detail/bounding_box3_d__type_support.cpp
[9.271s] -- Up-to-date: /home/openark/ros2_ws/install/zed_interfaces/include/zed_interfaces/msg/detail/skeleton3_d__type_support.cpp
[9.272s] -- Up-to-date: /home/openark/ros2_ws/install/zed_interfaces/include/zed_interfaces/msg/detail/plane_stamped__type_support.cpp
[9.272s] -- Up-to-date: /home/openark/ros2_ws/install/zed_interfaces/include/zed_interfaces/msg/detail/object__rosidl_typesupport_introspection_cpp.hpp
[9.273s] -- Up-to-date: /home/openark/ros2_ws/install/zed_interfaces/include/zed_interfaces/srv
[9.273s] -- Up-to-date: /home/openark/ros2_ws/install/zed_interfaces/include/zed_interfaces/srv/detail
[9.274s] -- Up-to-date: /home/openark/ros2_ws/install/zed_interfaces/include/zed_interfaces/srv/detail/set_roi__type_support.cpp
[9.275s] -- Up-to-date: /home/openark/ros2_ws/install/zed_interfaces/include/zed_interfaces/srv/detail/start_svo_rec__type_support.cpp
[9.276s] -- Up-to-date: /home/openark/ros2_ws/install/zed_interfaces/include/zed_interfaces/srv/detail/set_pose__rosidl_typesupport_introspection_cpp.hpp
[9.276s] -- Up-to-date: /home/openark/ros2_ws/install/zed_interfaces/include/zed_interfaces/srv/detail/start_svo_rec__rosidl_typesupport_introspection_cpp.hpp
[9.277s] -- Up-to-date: /home/openark/ros2_ws/install/zed_interfaces/include/zed_interfaces/srv/detail/set_pose__type_support.cpp
[9.277s] -- Up-to-date: /home/openark/ros2_ws/install/zed_interfaces/include/zed_interfaces/srv/detail/set_roi__rosidl_typesupport_introspection_cpp.hpp
[9.278s] -- Up-to-date: /home/openark/ros2_ws/install/zed_interfaces/lib/libzed_interfaces__rosidl_typesupport_introspection_cpp.so
[9.278s] -- Up-to-date: /home/openark/ros2_ws/install/zed_interfaces/lib/libzed_interfaces__rosidl_typesupport_cpp.so
[9.279s] -- Up-to-date: /home/openark/ros2_ws/install/zed_interfaces/share/zed_interfaces/environment/pythonpath.sh
[9.279s] -- Up-to-date: /home/openark/ros2_ws/install/zed_interfaces/share/zed_interfaces/environment/pythonpath.dsv
[9.280s] -- Up-to-date: /home/openark/ros2_ws/install/zed_interfaces/lib/python3.8/site-packages/zed_interfaces/__init__.py
[9.280s] -- Up-to-date: /home/openark/ros2_ws/install/zed_interfaces/lib/python3.8/site-packages/zed_interfaces/msg
[9.280s] -- Up-to-date: /home/openark/ros2_ws/install/zed_interfaces/lib/python3.8/site-packages/zed_interfaces/msg/_keypoint2_di_s.c
[9.280s] -- Up-to-date: /home/openark/ros2_ws/install/zed_interfaces/lib/python3.8/site-packages/zed_interfaces/msg/_objects_stamped_s.c
[9.282s] -- Up-to-date: /home/openark/ros2_ws/install/zed_interfaces/lib/python3.8/site-packages/zed_interfaces/msg/_bounding_box2_df_s.c
[9.282s] -- Up-to-date: /home/openark/ros2_ws/install/zed_interfaces/lib/python3.8/site-packages/zed_interfaces/msg/__init__.py
[9.283s] -- Up-to-date: /home/openark/ros2_ws/install/zed_interfaces/lib/python3.8/site-packages/zed_interfaces/msg/_object_s.c
[9.283s] -- Up-to-date: /home/openark/ros2_ws/install/zed_interfaces/lib/python3.8/site-packages/zed_interfaces/msg/_heartbeat_s.c
[9.284s] -- Up-to-date: /home/openark/ros2_ws/install/zed_interfaces/lib/python3.8/site-packages/zed_interfaces/msg/_keypoint2_di.py
[9.284s] -- Up-to-date: /home/openark/ros2_ws/install/zed_interfaces/lib/python3.8/site-packages/zed_interfaces/msg/_objects_stamped.py
[9.284s] -- Up-to-date: /home/openark/ros2_ws/install/zed_interfaces/lib/python3.8/site-packages/zed_interfaces/msg/_keypoint3_d.py
[9.285s] -- Up-to-date: /home/openark/ros2_ws/install/zed_interfaces/lib/python3.8/site-packages/zed_interfaces/msg/_plane_stamped.py
[9.285s] -- Up-to-date: /home/openark/ros2_ws/install/zed_interfaces/lib/python3.8/site-packages/zed_interfaces/msg/_object.py
[9.286s] -- Up-to-date: /home/openark/ros2_ws/install/zed_interfaces/lib/python3.8/site-packages/zed_interfaces/msg/_depth_info_stamped.py
[9.286s] -- Up-to-date: /home/openark/ros2_ws/install/zed_interfaces/lib/python3.8/site-packages/zed_interfaces/msg/_bounding_box2_di.py
[9.287s] -- Up-to-date: /home/openark/ros2_ws/install/zed_interfaces/lib/python3.8/site-packages/zed_interfaces/msg/_plane_stamped_s.c
[9.287s] -- Up-to-date: /home/openark/ros2_ws/install/zed_interfaces/lib/python3.8/site-packages/zed_interfaces/msg/_pos_track_status_s.c
[9.287s] -- Up-to-date: /home/openark/ros2_ws/install/zed_interfaces/lib/python3.8/site-packages/zed_interfaces/msg/_skeleton2_d_s.c
[9.288s] -- Up-to-date: /home/openark/ros2_ws/install/zed_interfaces/lib/python3.8/site-packages/zed_interfaces/msg/_bounding_box3_d.py
[9.288s] -- Up-to-date: /home/openark/ros2_ws/install/zed_interfaces/lib/python3.8/site-packages/zed_interfaces/msg/_keypoint3_d_s.c
[9.289s] -- Up-to-date: /home/openark/ros2_ws/install/zed_interfaces/lib/python3.8/site-packages/zed_interfaces/msg/_skeleton3_d.py
[9.289s] -- Up-to-date: /home/openark/ros2_ws/install/zed_interfaces/lib/python3.8/site-packages/zed_interfaces/msg/_bounding_box2_df.py
[9.289s] -- Up-to-date: /home/openark/ros2_ws/install/zed_interfaces/lib/python3.8/site-packages/zed_interfaces/msg/_keypoint2_df.py
[9.289s] -- Up-to-date: /home/openark/ros2_ws/install/zed_interfaces/lib/python3.8/site-packages/zed_interfaces/msg/_keypoint2_df_s.c
[9.290s] -- Up-to-date: /home/openark/ros2_ws/install/zed_interfaces/lib/python3.8/site-packages/zed_interfaces/msg/_bounding_box2_di_s.c
[9.290s] -- Up-to-date: /home/openark/ros2_ws/install/zed_interfaces/lib/python3.8/site-packages/zed_interfaces/msg/_bounding_box3_d_s.c
[9.290s] -- Up-to-date: /home/openark/ros2_ws/install/zed_interfaces/lib/python3.8/site-packages/zed_interfaces/msg/_skeleton3_d_s.c
[9.290s] -- Up-to-date: /home/openark/ros2_ws/install/zed_interfaces/lib/python3.8/site-packages/zed_interfaces/msg/_pos_track_status.py
[9.291s] -- Up-to-date: /home/openark/ros2_ws/install/zed_interfaces/lib/python3.8/site-packages/zed_interfaces/msg/_heartbeat.py
[9.291s] -- Up-to-date: /home/openark/ros2_ws/install/zed_interfaces/lib/python3.8/site-packages/zed_interfaces/msg/_depth_info_stamped_s.c
[9.291s] -- Up-to-date: /home/openark/ros2_ws/install/zed_interfaces/lib/python3.8/site-packages/zed_interfaces/msg/_skeleton2_d.py
[9.291s] -- Up-to-date: /home/openark/ros2_ws/install/zed_interfaces/lib/python3.8/site-packages/zed_interfaces/srv
[9.291s] -- Up-to-date: /home/openark/ros2_ws/install/zed_interfaces/lib/python3.8/site-packages/zed_interfaces/srv/_set_pose.py
[9.292s] -- Up-to-date: /home/openark/ros2_ws/install/zed_interfaces/lib/python3.8/site-packages/zed_interfaces/srv/__init__.py
[9.292s] -- Up-to-date: /home/openark/ros2_ws/install/zed_interfaces/lib/python3.8/site-packages/zed_interfaces/srv/_set_roi_s.c
[9.292s] -- Up-to-date: /home/openark/ros2_ws/install/zed_interfaces/lib/python3.8/site-packages/zed_interfaces/srv/_start_svo_rec.py
[9.292s] -- Up-to-date: /home/openark/ros2_ws/install/zed_interfaces/lib/python3.8/site-packages/zed_interfaces/srv/_set_pose_s.c
[9.293s] -- Up-to-date: /home/openark/ros2_ws/install/zed_interfaces/lib/python3.8/site-packages/zed_interfaces/srv/_set_roi.py
[9.293s] -- Up-to-date: /home/openark/ros2_ws/install/zed_interfaces/lib/python3.8/site-packages/zed_interfaces/srv/_start_svo_rec_s.c
[9.293s] -- Up-to-date: /home/openark/ros2_ws/install/zed_interfaces/lib/python3.8/site-packages/zed_interfaces/zed_interfaces_s__rosidl_typesupport_fastrtps_c.cpython-38-x86_64-linux-gnu.so
[9.293s] -- Up-to-date: /home/openark/ros2_ws/install/zed_interfaces/lib/python3.8/site-packages/zed_interfaces/zed_interfaces_s__rosidl_typesupport_introspection_c.cpython-38-x86_64-linux-gnu.so
[9.293s] -- Up-to-date: /home/openark/ros2_ws/install/zed_interfaces/lib/python3.8/site-packages/zed_interfaces/zed_interfaces_s__rosidl_typesupport_c.cpython-38-x86_64-linux-gnu.so
[9.293s] -- Up-to-date: /home/openark/ros2_ws/install/zed_interfaces/lib/libzed_interfaces__python.so
[9.294s] -- Up-to-date: /home/openark/ros2_ws/install/zed_interfaces/share/zed_interfaces/msg/Object.idl
[9.294s] -- Up-to-date: /home/openark/ros2_ws/install/zed_interfaces/share/zed_interfaces/msg/ObjectsStamped.idl
[9.294s] -- Up-to-date: /home/openark/ros2_ws/install/zed_interfaces/share/zed_interfaces/msg/Keypoint2Di.idl
[9.294s] -- Up-to-date: /home/openark/ros2_ws/install/zed_interfaces/share/zed_interfaces/msg/Keypoint2Df.idl
[9.294s] -- Up-to-date: /home/openark/ros2_ws/install/zed_interfaces/share/zed_interfaces/msg/Keypoint3D.idl
[9.294s] -- Up-to-date: /home/openark/ros2_ws/install/zed_interfaces/share/zed_interfaces/msg/BoundingBox2Di.idl
[9.294s] -- Up-to-date: /home/openark/ros2_ws/install/zed_interfaces/share/zed_interfaces/msg/BoundingBox2Df.idl
[9.295s] -- Up-to-date: /home/openark/ros2_ws/install/zed_interfaces/share/zed_interfaces/msg/BoundingBox3D.idl
[9.295s] -- Up-to-date: /home/openark/ros2_ws/install/zed_interfaces/share/zed_interfaces/msg/Skeleton2D.idl
[9.295s] -- Up-to-date: /home/openark/ros2_ws/install/zed_interfaces/share/zed_interfaces/msg/Skeleton3D.idl
[9.295s] -- Up-to-date: /home/openark/ros2_ws/install/zed_interfaces/share/zed_interfaces/msg/DepthInfoStamped.idl
[9.295s] -- Up-to-date: /home/openark/ros2_ws/install/zed_interfaces/share/zed_interfaces/msg/PlaneStamped.idl
[9.296s] -- Up-to-date: /home/openark/ros2_ws/install/zed_interfaces/share/zed_interfaces/msg/PosTrackStatus.idl
[9.296s] -- Up-to-date: /home/openark/ros2_ws/install/zed_interfaces/share/zed_interfaces/msg/Heartbeat.idl
[9.296s] -- Up-to-date: /home/openark/ros2_ws/install/zed_interfaces/share/zed_interfaces/srv/SetPose.idl
[9.296s] -- Up-to-date: /home/openark/ros2_ws/install/zed_interfaces/share/zed_interfaces/srv/StartSvoRec.idl
[9.296s] -- Up-to-date: /home/openark/ros2_ws/install/zed_interfaces/share/zed_interfaces/srv/SetROI.idl
[9.297s] -- Up-to-date: /home/openark/ros2_ws/install/zed_interfaces/share/zed_interfaces/msg/Object.msg
[9.297s] -- Up-to-date: /home/openark/ros2_ws/install/zed_interfaces/share/zed_interfaces/msg/ObjectsStamped.msg
[9.297s] -- Up-to-date: /home/openark/ros2_ws/install/zed_interfaces/share/zed_interfaces/msg/Keypoint2Di.msg
[9.297s] -- Up-to-date: /home/openark/ros2_ws/install/zed_interfaces/share/zed_interfaces/msg/Keypoint2Df.msg
[9.297s] -- Up-to-date: /home/openark/ros2_ws/install/zed_interfaces/share/zed_interfaces/msg/Keypoint3D.msg
[9.298s] -- Up-to-date: /home/openark/ros2_ws/install/zed_interfaces/share/zed_interfaces/msg/BoundingBox2Di.msg
[9.298s] -- Up-to-date: /home/openark/ros2_ws/install/zed_interfaces/share/zed_interfaces/msg/BoundingBox2Df.msg
[9.298s] -- Up-to-date: /home/openark/ros2_ws/install/zed_interfaces/share/zed_interfaces/msg/BoundingBox3D.msg
[9.298s] -- Up-to-date: /home/openark/ros2_ws/install/zed_interfaces/share/zed_interfaces/msg/Skeleton2D.msg
[9.299s] -- Up-to-date: /home/openark/ros2_ws/install/zed_interfaces/share/zed_interfaces/msg/Skeleton3D.msg
[9.299s] -- Up-to-date: /home/openark/ros2_ws/install/zed_interfaces/share/zed_interfaces/msg/DepthInfoStamped.msg
[9.299s] -- Up-to-date: /home/openark/ros2_ws/install/zed_interfaces/share/zed_interfaces/msg/PlaneStamped.msg
[9.299s] -- Up-to-date: /home/openark/ros2_ws/install/zed_interfaces/share/zed_interfaces/msg/PosTrackStatus.msg
[9.299s] -- Up-to-date: /home/openark/ros2_ws/install/zed_interfaces/share/zed_interfaces/msg/Heartbeat.msg
[9.300s] -- Up-to-date: /home/openark/ros2_ws/install/zed_interfaces/share/zed_interfaces/srv/SetPose.srv
[9.300s] -- Up-to-date: /home/openark/ros2_ws/install/zed_interfaces/share/zed_interfaces/srv/SetPose_Request.msg
[9.300s] -- Up-to-date: /home/openark/ros2_ws/install/zed_interfaces/share/zed_interfaces/srv/SetPose_Response.msg
[9.300s] -- Up-to-date: /home/openark/ros2_ws/install/zed_interfaces/share/zed_interfaces/srv/StartSvoRec.srv
[9.301s] -- Up-to-date: /home/openark/ros2_ws/install/zed_interfaces/share/zed_interfaces/srv/StartSvoRec_Request.msg
[9.301s] -- Up-to-date: /home/openark/ros2_ws/install/zed_interfaces/share/zed_interfaces/srv/StartSvoRec_Response.msg
[9.301s] -- Up-to-date: /home/openark/ros2_ws/install/zed_interfaces/share/zed_interfaces/srv/SetROI.srv
[9.301s] -- Up-to-date: /home/openark/ros2_ws/install/zed_interfaces/share/zed_interfaces/srv/SetROI_Request.msg
[9.302s] -- Up-to-date: /home/openark/ros2_ws/install/zed_interfaces/share/zed_interfaces/srv/SetROI_Response.msg
[9.302s] -- Up-to-date: /home/openark/ros2_ws/install/zed_interfaces/share/zed_interfaces/meshes
[9.302s] -- Up-to-date: /home/openark/ros2_ws/install/zed_interfaces/share/zed_interfaces/meshes/zedx.stl
[9.302s] -- Up-to-date: /home/openark/ros2_ws/install/zed_interfaces/share/zed_interfaces/meshes/zed2.stl
[9.303s] -- Up-to-date: /home/openark/ros2_ws/install/zed_interfaces/share/zed_interfaces/meshes/zed2i.stl
[9.304s] -- Up-to-date: /home/openark/ros2_ws/install/zed_interfaces/share/zed_interfaces/meshes/zedm.stl
[9.304s] -- Up-to-date: /home/openark/ros2_ws/install/zed_interfaces/share/zed_interfaces/meshes/zedxm.stl
[9.306s] -- Up-to-date: /home/openark/ros2_ws/install/zed_interfaces/share/zed_interfaces/meshes/zed.stl
[9.308s] -- Up-to-date: /home/openark/ros2_ws/install/zed_interfaces/share/ament_index/resource_index/package_run_dependencies/zed_interfaces
[9.309s] -- Up-to-date: /home/openark/ros2_ws/install/zed_interfaces/share/ament_index/resource_index/parent_prefix_path/zed_interfaces
[9.310s] -- Up-to-date: /home/openark/ros2_ws/install/zed_interfaces/share/zed_interfaces/environment/ament_prefix_path.sh
[9.310s] -- Up-to-date: /home/openark/ros2_ws/install/zed_interfaces/share/zed_interfaces/environment/ament_prefix_path.dsv
[9.311s] -- Up-to-date: /home/openark/ros2_ws/install/zed_interfaces/share/zed_interfaces/environment/path.sh
[9.313s] -- Up-to-date: /home/openark/ros2_ws/install/zed_interfaces/share/zed_interfaces/environment/path.dsv
[9.315s] -- Up-to-date: /home/openark/ros2_ws/install/zed_interfaces/share/zed_interfaces/local_setup.bash
[9.316s] -- Up-to-date: /home/openark/ros2_ws/install/zed_interfaces/share/zed_interfaces/local_setup.sh
[9.318s] -- Up-to-date: /home/openark/ros2_ws/install/zed_interfaces/share/zed_interfaces/local_setup.zsh
[9.318s] -- Up-to-date: /home/openark/ros2_ws/install/zed_interfaces/share/zed_interfaces/local_setup.dsv
[9.319s] -- Installing: /home/openark/ros2_ws/install/zed_interfaces/share/zed_interfaces/package.dsv
[9.321s] -- Up-to-date: /home/openark/ros2_ws/install/zed_interfaces/share/ament_index/resource_index/packages/zed_interfaces
[9.322s] -- Up-to-date: /home/openark/ros2_ws/install/zed_interfaces/share/zed_interfaces/cmake/zed_interfaces__rosidl_generator_cExport.cmake
[9.323s] -- Up-to-date: /home/openark/ros2_ws/install/zed_interfaces/share/zed_interfaces/cmake/zed_interfaces__rosidl_generator_cExport-noconfig.cmake
[9.324s] -- Up-to-date: /home/openark/ros2_ws/install/zed_interfaces/share/zed_interfaces/cmake/zed_interfaces__rosidl_typesupport_introspection_cExport.cmake
[9.329s] -- Up-to-date: /home/openark/ros2_ws/install/zed_interfaces/share/zed_interfaces/cmake/zed_interfaces__rosidl_typesupport_introspection_cExport-noconfig.cmake
[9.329s] -- Up-to-date: /home/openark/ros2_ws/install/zed_interfaces/share/zed_interfaces/cmake/zed_interfaces__rosidl_typesupport_cExport.cmake
[9.330s] -- Up-to-date: /home/openark/ros2_ws/install/zed_interfaces/share/zed_interfaces/cmake/zed_interfaces__rosidl_typesupport_cExport-noconfig.cmake
[9.330s] -- Up-to-date: /home/openark/ros2_ws/install/zed_interfaces/share/zed_interfaces/cmake/zed_interfaces__rosidl_generator_cppExport.cmake
[9.330s] -- Up-to-date: /home/openark/ros2_ws/install/zed_interfaces/share/zed_interfaces/cmake/zed_interfaces__rosidl_typesupport_introspection_cppExport.cmake
[9.331s] -- Up-to-date: /home/openark/ros2_ws/install/zed_interfaces/share/zed_interfaces/cmake/zed_interfaces__rosidl_typesupport_introspection_cppExport-noconfig.cmake
[9.331s] -- Up-to-date: /home/openark/ros2_ws/install/zed_interfaces/share/zed_interfaces/cmake/zed_interfaces__rosidl_typesupport_cppExport.cmake
[9.331s] -- Up-to-date: /home/openark/ros2_ws/install/zed_interfaces/share/zed_interfaces/cmake/zed_interfaces__rosidl_typesupport_cppExport-noconfig.cmake
[9.331s] -- Up-to-date: /home/openark/ros2_ws/install/zed_interfaces/share/zed_interfaces/cmake/rosidl_cmake-extras.cmake
[9.331s] -- Up-to-date: /home/openark/ros2_ws/install/zed_interfaces/share/zed_interfaces/cmake/ament_cmake_export_dependencies-extras.cmake
[9.331s] -- Up-to-date: /home/openark/ros2_ws/install/zed_interfaces/share/zed_interfaces/cmake/ament_cmake_export_libraries-extras.cmake
[9.332s] -- Up-to-date: /home/openark/ros2_ws/install/zed_interfaces/share/zed_interfaces/cmake/ament_cmake_export_targets-extras.cmake
[9.332s] -- Up-to-date: /home/openark/ros2_ws/install/zed_interfaces/share/zed_interfaces/cmake/ament_cmake_export_include_directories-extras.cmake
[9.332s] -- Up-to-date: /home/openark/ros2_ws/install/zed_interfaces/share/zed_interfaces/cmake/rosidl_cmake_export_typesupport_libraries-extras.cmake
[9.332s] -- Up-to-date: /home/openark/ros2_ws/install/zed_interfaces/share/zed_interfaces/cmake/rosidl_cmake_export_typesupport_targets-extras.cmake
[9.332s] -- Up-to-date: /home/openark/ros2_ws/install/zed_interfaces/share/zed_interfaces/cmake/zed_interfacesConfig.cmake
[9.333s] -- Up-to-date: /home/openark/ros2_ws/install/zed_interfaces/share/zed_interfaces/cmake/zed_interfacesConfig-version.cmake
[9.333s] -- Up-to-date: /home/openark/ros2_ws/install/zed_interfaces/share/zed_interfaces/package.xml
[15.067s] Invoked command in '/home/openark/ros2_ws/build/zed_interfaces' returned '0': CMAKE_PREFIX_PATH=${CMAKE_PREFIX_PATH}:/home/openark/ros2_ws/install/examples_rclpy_minimal_subscriber:/home/openark/ros2_ws/install/examples_rclpy_minimal_service:/home/openark/ros2_ws/install/examples_rclpy_minimal_publisher:/home/openark/ros2_ws/install/examples_rclpy_minimal_client:/home/openark/ros2_ws/install/examples_rclpy_minimal_action_server:/home/openark/ros2_ws/install/examples_rclpy_minimal_action_client:/home/openark/ros2_ws/install/examples_rclpy_executors:/home/openark/ros2_ws/src/install/examples_rclpy_minimal_subscriber:/home/openark/ros2_ws/src/install/examples_rclpy_minimal_service:/home/openark/ros2_ws/src/install/examples_rclpy_minimal_publisher:/home/openark/ros2_ws/src/install/examples_rclpy_minimal_client:/home/openark/ros2_ws/src/install/examples_rclpy_minimal_action_server:/home/openark/ros2_ws/src/install/examples_rclpy_minimal_action_client:/home/openark/ros2_ws/src/install/examples_rclpy_executors:/opt/ros/foxy /usr/bin/cmake --install /home/openark/ros2_ws/build/zed_interfaces
