[1.328s] Invoking command in '/home/openark/ros2_ws/build/examples_rclcpp_minimal_action_server': CMAKE_PREFIX_PATH=/opt/ros/foxy /usr/bin/cmake /home/openark/ros2_ws/src/examples/rclcpp/actions/minimal_action_server -DCMAKE_BUILD_TYPE=Release -DAMENT_CMAKE_SYMLINK_INSTALL=1 -DCMAKE_INSTALL_PREFIX=/home/openark/ros2_ws/install/examples_rclcpp_minimal_action_server
[3.024s] -- Found ament_cmake: 0.9.12 (/opt/ros/foxy/share/ament_cmake/cmake)
[3.029s] -- Using PYTHON_EXECUTABLE: /usr/bin/python3
[3.031s] -- Override CMake install command with custom implementation using symlinks instead of copying resources
[3.032s] -- Found example_interfaces: 0.9.1 (/opt/ros/foxy/share/example_interfaces/cmake)
[3.033s] -- Using all available rosidl_typesupport_c: rosidl_typesupport_fastrtps_c;rosidl_typesupport_introspection_c
[3.036s] -- Found rosidl_adapter: 1.3.1 (/opt/ros/foxy/share/rosidl_adapter/cmake)
[3.036s] -- Using all available rosidl_typesupport_cpp: rosidl_typesupport_fastrtps_cpp;rosidl_typesupport_introspection_cpp
[3.036s] -- Found rclcpp: 2.4.3 (/opt/ros/foxy/share/rclcpp/cmake)
[3.037s] -- Found rmw_implementation_cmake: 1.0.4 (/opt/ros/foxy/share/rmw_implementation_cmake/cmake)
[3.037s] -- Using RMW implementation 'rmw_fastrtps_cpp' as default
[3.037s] -- Found rclcpp_action: 2.4.3 (/opt/ros/foxy/share/rclcpp_action/cmake)
[3.037s] -- Found ament_lint_auto: 0.9.8 (/opt/ros/foxy/share/ament_lint_auto/cmake)
[3.109s] -- Added test 'copyright' to check source files copyright and LICENSE
[3.111s] -- Added test 'cppcheck' to perform static code analysis on C / C++ code
[3.111s] -- Configured cppcheck include dirs: 
[3.112s] -- Configured cppcheck exclude dirs and/or files: 
[3.114s] -- Added test 'cpplint' to check C / C++ code against the Google style
[3.114s] -- Configured cpplint exclude dirs and/or files: 
[3.115s] -- Added test 'lint_cmake' to check CMake code style
[3.117s] -- Added test 'uncrustify' to check C / C++ code style
[3.118s] -- Configured uncrustify additional arguments: 
[3.119s] -- Added test 'xmllint' to check XML markup files
[3.130s] -- Configuring done
[3.187s] -- Generating done
[3.190s] -- Build files have been written to: /home/openark/ros2_ws/build/examples_rclcpp_minimal_action_server
[3.215s] Invoked command in '/home/openark/ros2_ws/build/examples_rclcpp_minimal_action_server' returned '0': CMAKE_PREFIX_PATH=/opt/ros/foxy /usr/bin/cmake /home/openark/ros2_ws/src/examples/rclcpp/actions/minimal_action_server -DCMAKE_BUILD_TYPE=Release -DAMENT_CMAKE_SYMLINK_INSTALL=1 -DCMAKE_INSTALL_PREFIX=/home/openark/ros2_ws/install/examples_rclcpp_minimal_action_server
[3.217s] Invoking command in '/home/openark/ros2_ws/build/examples_rclcpp_minimal_action_server': CMAKE_PREFIX_PATH=/opt/ros/foxy /usr/bin/cmake --build /home/openark/ros2_ws/build/examples_rclcpp_minimal_action_server -- -j12 -l12
[12.391s] [ 25%] [32mBuilding CXX object CMakeFiles/action_server_not_composable.dir/not_composable.cpp.o[0m
[12.391s] [ 50%] [32mBuilding CXX object CMakeFiles/action_server_member_functions.dir/member_functions.cpp.o[0m
[17.594s] [ 75%] [32m[1mLinking CXX executable action_server_member_functions[0m
[18.085s] [ 75%] Built target action_server_member_functions
[18.125s] [100%] [32m[1mLinking CXX executable action_server_not_composable[0m
[18.557s] [100%] Built target action_server_not_composable
[20.328s] Invoked command in '/home/openark/ros2_ws/build/examples_rclcpp_minimal_action_server' returned '0': CMAKE_PREFIX_PATH=/opt/ros/foxy /usr/bin/cmake --build /home/openark/ros2_ws/build/examples_rclcpp_minimal_action_server -- -j12 -l12
[22.859s] Invoking command in '/home/openark/ros2_ws/build/examples_rclcpp_minimal_action_server': CMAKE_PREFIX_PATH=/opt/ros/foxy /usr/bin/cmake --install /home/openark/ros2_ws/build/examples_rclcpp_minimal_action_server
[24.263s] -- Install configuration: "Release"
[24.263s] -- Execute custom install script
[24.264s] -- Up-to-date symlink: /home/openark/ros2_ws/install/examples_rclcpp_minimal_action_server/lib/examples_rclcpp_minimal_action_server/action_server_not_composable
[24.264s] -- Up-to-date symlink: /home/openark/ros2_ws/install/examples_rclcpp_minimal_action_server/lib/examples_rclcpp_minimal_action_server/action_server_member_functions
[24.264s] -- Up-to-date symlink: /home/openark/ros2_ws/install/examples_rclcpp_minimal_action_server/share/ament_index/resource_index/package_run_dependencies/examples_rclcpp_minimal_action_server
[24.264s] -- Up-to-date symlink: /home/openark/ros2_ws/install/examples_rclcpp_minimal_action_server/share/ament_index/resource_index/parent_prefix_path/examples_rclcpp_minimal_action_server
[24.264s] -- Up-to-date symlink: /home/openark/ros2_ws/install/examples_rclcpp_minimal_action_server/share/examples_rclcpp_minimal_action_server/environment/ament_prefix_path.sh
[24.264s] -- Up-to-date symlink: /home/openark/ros2_ws/install/examples_rclcpp_minimal_action_server/share/examples_rclcpp_minimal_action_server/environment/ament_prefix_path.dsv
[24.264s] -- Up-to-date symlink: /home/openark/ros2_ws/install/examples_rclcpp_minimal_action_server/share/examples_rclcpp_minimal_action_server/environment/path.sh
[24.264s] -- Up-to-date symlink: /home/openark/ros2_ws/install/examples_rclcpp_minimal_action_server/share/examples_rclcpp_minimal_action_server/environment/path.dsv
[24.265s] -- Up-to-date symlink: /home/openark/ros2_ws/install/examples_rclcpp_minimal_action_server/share/examples_rclcpp_minimal_action_server/local_setup.bash
[24.265s] -- Up-to-date symlink: /home/openark/ros2_ws/install/examples_rclcpp_minimal_action_server/share/examples_rclcpp_minimal_action_server/local_setup.sh
[24.265s] -- Up-to-date symlink: /home/openark/ros2_ws/install/examples_rclcpp_minimal_action_server/share/examples_rclcpp_minimal_action_server/local_setup.zsh
[24.265s] -- Up-to-date symlink: /home/openark/ros2_ws/install/examples_rclcpp_minimal_action_server/share/examples_rclcpp_minimal_action_server/local_setup.dsv
[24.265s] -- Symlinking: /home/openark/ros2_ws/install/examples_rclcpp_minimal_action_server/share/examples_rclcpp_minimal_action_server/package.dsv
[24.266s] -- Up-to-date symlink: /home/openark/ros2_ws/install/examples_rclcpp_minimal_action_server/share/ament_index/resource_index/packages/examples_rclcpp_minimal_action_server
[24.266s] -- Up-to-date symlink: /home/openark/ros2_ws/install/examples_rclcpp_minimal_action_server/share/examples_rclcpp_minimal_action_server/cmake/examples_rclcpp_minimal_action_serverConfig.cmake
[24.266s] -- Up-to-date symlink: /home/openark/ros2_ws/install/examples_rclcpp_minimal_action_server/share/examples_rclcpp_minimal_action_server/cmake/examples_rclcpp_minimal_action_serverConfig-version.cmake
[24.266s] -- Up-to-date symlink: /home/openark/ros2_ws/install/examples_rclcpp_minimal_action_server/share/examples_rclcpp_minimal_action_server/package.xml
[25.069s] Invoked command in '/home/openark/ros2_ws/build/examples_rclcpp_minimal_action_server' returned '0': CMAKE_PREFIX_PATH=/opt/ros/foxy /usr/bin/cmake --install /home/openark/ros2_ws/build/examples_rclcpp_minimal_action_server
