[5.583s] Invoking command in '/home/openark/ros2_ws/src/examples/rclpy/executors': PYTHONPATH=/home/openark/ros2_ws/build/examples_rclpy_executors/prefix_override:/home/openark/ros2_ws/install/examples_rclpy_executors/lib/python3.8/site-packages:${PYTHONPATH} /usr/bin/python3 setup.py egg_info --egg-base ../../../../build/examples_rclpy_executors build --build-base /home/openark/ros2_ws/build/examples_rclpy_executors/build install --record /home/openark/ros2_ws/build/examples_rclpy_executors/install.log --install-scripts $base/lib/examples_rclpy_executors --single-version-externally-managed
[7.357s] running egg_info
[7.357s] writing ../../../../build/examples_rclpy_executors/examples_rclpy_executors.egg-info/PKG-INFO
[7.357s] writing dependency_links to ../../../../build/examples_rclpy_executors/examples_rclpy_executors.egg-info/dependency_links.txt
[7.357s] writing entry points to ../../../../build/examples_rclpy_executors/examples_rclpy_executors.egg-info/entry_points.txt
[7.357s] writing requirements to ../../../../build/examples_rclpy_executors/examples_rclpy_executors.egg-info/requires.txt
[7.357s] writing top-level names to ../../../../build/examples_rclpy_executors/examples_rclpy_executors.egg-info/top_level.txt
[7.357s] reading manifest file '../../../../build/examples_rclpy_executors/examples_rclpy_executors.egg-info/SOURCES.txt'
[7.357s] writing manifest file '../../../../build/examples_rclpy_executors/examples_rclpy_executors.egg-info/SOURCES.txt'
[7.358s] running build
[7.358s] running build_py
[7.358s] running install
[7.358s] running install_lib
[7.358s] running install_data
[7.358s] running install_egg_info
[7.359s] removing '/home/openark/ros2_ws/install/examples_rclpy_executors/lib/python3.8/site-packages/examples_rclpy_executors-0.9.4-py3.8.egg-info' (and everything under it)
[7.359s] Copying ../../../../build/examples_rclpy_executors/examples_rclpy_executors.egg-info to /home/openark/ros2_ws/install/examples_rclpy_executors/lib/python3.8/site-packages/examples_rclpy_executors-0.9.4-py3.8.egg-info
[7.359s] running install_scripts
[7.359s] Installing callback_group script to /home/openark/ros2_ws/install/examples_rclpy_executors/lib/examples_rclpy_executors
[7.359s] Installing composed script to /home/openark/ros2_ws/install/examples_rclpy_executors/lib/examples_rclpy_executors
[7.359s] Installing custom_callback_group script to /home/openark/ros2_ws/install/examples_rclpy_executors/lib/examples_rclpy_executors
[7.359s] Installing custom_executor script to /home/openark/ros2_ws/install/examples_rclpy_executors/lib/examples_rclpy_executors
[7.359s] Installing listener script to /home/openark/ros2_ws/install/examples_rclpy_executors/lib/examples_rclpy_executors
[7.359s] Installing talker script to /home/openark/ros2_ws/install/examples_rclpy_executors/lib/examples_rclpy_executors
[7.359s] writing list of installed files to '/home/openark/ros2_ws/build/examples_rclpy_executors/install.log'
[10.833s] Invoked command in '/home/openark/ros2_ws/src/examples/rclpy/executors' returned '0': PYTHONPATH=/home/openark/ros2_ws/build/examples_rclpy_executors/prefix_override:/home/openark/ros2_ws/install/examples_rclpy_executors/lib/python3.8/site-packages:${PYTHONPATH} /usr/bin/python3 setup.py egg_info --egg-base ../../../../build/examples_rclpy_executors build --build-base /home/openark/ros2_ws/build/examples_rclpy_executors/build install --record /home/openark/ros2_ws/build/examples_rclpy_executors/install.log --install-scripts $base/lib/examples_rclpy_executors --single-version-externally-managed
