[2.781s] Invoking command in '/home/openark/ros2_ws/build/examples_rclpy_minimal_action_server': PYTHONPATH=/home/openark/ros2_ws/build/examples_rclpy_minimal_action_server/prefix_override:/home/openark/ros2_ws/install/examples_rclpy_minimal_action_server/lib/python3.8/site-packages:${PYTHONPATH} /usr/bin/python3 setup.py develop --editable --build-directory /home/openark/ros2_ws/build/examples_rclpy_minimal_action_server/build --no-deps install_data
[3.568s] running develop
[3.568s] running egg_info
[3.568s] writing examples_rclpy_minimal_action_server.egg-info/PKG-INFO
[3.569s] writing dependency_links to examples_rclpy_minimal_action_server.egg-info/dependency_links.txt
[3.570s] writing entry points to examples_rclpy_minimal_action_server.egg-info/entry_points.txt
[3.570s] writing requirements to examples_rclpy_minimal_action_server.egg-info/requires.txt
[3.570s] writing top-level names to examples_rclpy_minimal_action_server.egg-info/top_level.txt
[3.570s] reading manifest file 'examples_rclpy_minimal_action_server.egg-info/SOURCES.txt'
[3.570s] writing manifest file 'examples_rclpy_minimal_action_server.egg-info/SOURCES.txt'
[3.570s] running build_ext
[3.570s] Creating /home/openark/ros2_ws/install/examples_rclpy_minimal_action_server/lib/python3.8/site-packages/examples-rclpy-minimal-action-server.egg-link (link to .)
[3.572s] Installing server script to /home/openark/ros2_ws/install/examples_rclpy_minimal_action_server/lib/examples_rclpy_minimal_action_server
[3.573s] Installing server_defer script to /home/openark/ros2_ws/install/examples_rclpy_minimal_action_server/lib/examples_rclpy_minimal_action_server
[3.573s] Installing server_not_composable script to /home/openark/ros2_ws/install/examples_rclpy_minimal_action_server/lib/examples_rclpy_minimal_action_server
[3.574s] Installing server_queue_goals script to /home/openark/ros2_ws/install/examples_rclpy_minimal_action_server/lib/examples_rclpy_minimal_action_server
[3.575s] Installing server_single_goal script to /home/openark/ros2_ws/install/examples_rclpy_minimal_action_server/lib/examples_rclpy_minimal_action_server
[3.575s] 
[3.576s] Installed /home/openark/ros2_ws/build/examples_rclpy_minimal_action_server
[3.576s] running install_data
[5.244s] Invoked command in '/home/openark/ros2_ws/build/examples_rclpy_minimal_action_server' returned '0': PYTHONPATH=/home/openark/ros2_ws/build/examples_rclpy_minimal_action_server/prefix_override:/home/openark/ros2_ws/install/examples_rclpy_minimal_action_server/lib/python3.8/site-packages:${PYTHONPATH} /usr/bin/python3 setup.py develop --editable --build-directory /home/openark/ros2_ws/build/examples_rclpy_minimal_action_server/build --no-deps install_data
