[9.813s] Invoking command in '/home/openark/ros2_ws/src/examples/rclpy/services/minimal_client': PYTHONPATH=/home/openark/ros2_ws/src/build/examples_rclpy_minimal_client/prefix_override:/home/openark/ros2_ws/src/install/examples_rclpy_minimal_client/lib/python3.8/site-packages:${PYTHONPATH} /usr/bin/python3 setup.py egg_info --egg-base ../../../../build/examples_rclpy_minimal_client build --build-base /home/openark/ros2_ws/src/build/examples_rclpy_minimal_client/build install --record /home/openark/ros2_ws/src/build/examples_rclpy_minimal_client/install.log --install-scripts $base/lib/examples_rclpy_minimal_client --single-version-externally-managed
[11.580s] running egg_info
[11.581s] writing ../../../../build/examples_rclpy_minimal_client/examples_rclpy_minimal_client.egg-info/PKG-INFO
[11.581s] writing dependency_links to ../../../../build/examples_rclpy_minimal_client/examples_rclpy_minimal_client.egg-info/dependency_links.txt
[11.582s] writing entry points to ../../../../build/examples_rclpy_minimal_client/examples_rclpy_minimal_client.egg-info/entry_points.txt
[11.583s] writing requirements to ../../../../build/examples_rclpy_minimal_client/examples_rclpy_minimal_client.egg-info/requires.txt
[11.583s] writing top-level names to ../../../../build/examples_rclpy_minimal_client/examples_rclpy_minimal_client.egg-info/top_level.txt
[11.583s] reading manifest file '../../../../build/examples_rclpy_minimal_client/examples_rclpy_minimal_client.egg-info/SOURCES.txt'
[11.583s] writing manifest file '../../../../build/examples_rclpy_minimal_client/examples_rclpy_minimal_client.egg-info/SOURCES.txt'
[11.583s] running build
[11.583s] running build_py
[11.584s] running install
[11.584s] running install_lib
[11.584s] running install_data
[11.584s] running install_egg_info
[11.584s] removing '/home/openark/ros2_ws/src/install/examples_rclpy_minimal_client/lib/python3.8/site-packages/examples_rclpy_minimal_client-0.9.4-py3.8.egg-info' (and everything under it)
[11.585s] Copying ../../../../build/examples_rclpy_minimal_client/examples_rclpy_minimal_client.egg-info to /home/openark/ros2_ws/src/install/examples_rclpy_minimal_client/lib/python3.8/site-packages/examples_rclpy_minimal_client-0.9.4-py3.8.egg-info
[11.585s] running install_scripts
[11.585s] Installing client script to /home/openark/ros2_ws/src/install/examples_rclpy_minimal_client/lib/examples_rclpy_minimal_client
[11.585s] Installing client_async script to /home/openark/ros2_ws/src/install/examples_rclpy_minimal_client/lib/examples_rclpy_minimal_client
[11.585s] Installing client_async_callback script to /home/openark/ros2_ws/src/install/examples_rclpy_minimal_client/lib/examples_rclpy_minimal_client
[11.585s] Installing client_async_member_function script to /home/openark/ros2_ws/src/install/examples_rclpy_minimal_client/lib/examples_rclpy_minimal_client
[11.586s] writing list of installed files to '/home/openark/ros2_ws/src/build/examples_rclpy_minimal_client/install.log'
[12.595s] Invoked command in '/home/openark/ros2_ws/src/examples/rclpy/services/minimal_client' returned '0': PYTHONPATH=/home/openark/ros2_ws/src/build/examples_rclpy_minimal_client/prefix_override:/home/openark/ros2_ws/src/install/examples_rclpy_minimal_client/lib/python3.8/site-packages:${PYTHONPATH} /usr/bin/python3 setup.py egg_info --egg-base ../../../../build/examples_rclpy_minimal_client build --build-base /home/openark/ros2_ws/src/build/examples_rclpy_minimal_client/build install --record /home/openark/ros2_ws/src/build/examples_rclpy_minimal_client/install.log --install-scripts $base/lib/examples_rclpy_minimal_client --single-version-externally-managed
