[6.526s] Invoking command in '/home/openark/ros2_ws/build/examples_rclpy_minimal_client': PYTHONPATH=/home/openark/ros2_ws/build/examples_rclpy_minimal_client/prefix_override:/home/openark/ros2_ws/install/examples_rclpy_minimal_client/lib/python3.8/site-packages:${PYTHONPATH} /usr/bin/python3 setup.py develop --editable --build-directory /home/openark/ros2_ws/build/examples_rclpy_minimal_client/build --no-deps install_data
[7.140s] running develop
[7.141s] running egg_info
[7.141s] writing examples_rclpy_minimal_client.egg-info/PKG-INFO
[7.142s] writing dependency_links to examples_rclpy_minimal_client.egg-info/dependency_links.txt
[7.143s] writing entry points to examples_rclpy_minimal_client.egg-info/entry_points.txt
[7.144s] writing requirements to examples_rclpy_minimal_client.egg-info/requires.txt
[7.144s] writing top-level names to examples_rclpy_minimal_client.egg-info/top_level.txt
[7.144s] reading manifest file 'examples_rclpy_minimal_client.egg-info/SOURCES.txt'
[7.144s] writing manifest file 'examples_rclpy_minimal_client.egg-info/SOURCES.txt'
[7.145s] running build_ext
[7.145s] Creating /home/openark/ros2_ws/install/examples_rclpy_minimal_client/lib/python3.8/site-packages/examples-rclpy-minimal-client.egg-link (link to .)
[7.145s] Installing client script to /home/openark/ros2_ws/install/examples_rclpy_minimal_client/lib/examples_rclpy_minimal_client
[7.145s] Installing client_async script to /home/openark/ros2_ws/install/examples_rclpy_minimal_client/lib/examples_rclpy_minimal_client
[7.145s] Installing client_async_callback script to /home/openark/ros2_ws/install/examples_rclpy_minimal_client/lib/examples_rclpy_minimal_client
[7.146s] Installing client_async_member_function script to /home/openark/ros2_ws/install/examples_rclpy_minimal_client/lib/examples_rclpy_minimal_client
[7.146s] 
[7.146s] Installed /home/openark/ros2_ws/build/examples_rclpy_minimal_client
[7.146s] running install_data
[8.252s] Invoked command in '/home/openark/ros2_ws/build/examples_rclpy_minimal_client' returned '0': PYTHONPATH=/home/openark/ros2_ws/build/examples_rclpy_minimal_client/prefix_override:/home/openark/ros2_ws/install/examples_rclpy_minimal_client/lib/python3.8/site-packages:${PYTHONPATH} /usr/bin/python3 setup.py develop --editable --build-directory /home/openark/ros2_ws/build/examples_rclpy_minimal_client/build --no-deps install_data
