[4.117s] Invoking command in '/home/openark/ros2_ws/src/examples/rclpy/executors': PYTHONPATH=/home/openark/ros2_ws/build/examples_rclpy_executors/prefix_override:/home/openark/ros2_ws/install/examples_rclpy_executors/lib/python3.8/site-packages:${PYTHONPATH} /usr/bin/python3 setup.py egg_info --egg-base ../../../../build/examples_rclpy_executors build --build-base /home/openark/ros2_ws/build/examples_rclpy_executors/build install --record /home/openark/ros2_ws/build/examples_rclpy_executors/install.log --install-scripts $base/lib/examples_rclpy_executors --single-version-externally-managed
[5.559s] running egg_info
[5.560s] creating ../../../../build/examples_rclpy_executors/examples_rclpy_executors.egg-info
[5.561s] writing ../../../../build/examples_rclpy_executors/examples_rclpy_executors.egg-info/PKG-INFO
[5.561s] writing dependency_links to ../../../../build/examples_rclpy_executors/examples_rclpy_executors.egg-info/dependency_links.txt
[5.562s] writing entry points to ../../../../build/examples_rclpy_executors/examples_rclpy_executors.egg-info/entry_points.txt
[5.563s] writing requirements to ../../../../build/examples_rclpy_executors/examples_rclpy_executors.egg-info/requires.txt
[5.564s] writing top-level names to ../../../../build/examples_rclpy_executors/examples_rclpy_executors.egg-info/top_level.txt
[5.565s] writing manifest file '../../../../build/examples_rclpy_executors/examples_rclpy_executors.egg-info/SOURCES.txt'
[5.567s] reading manifest file '../../../../build/examples_rclpy_executors/examples_rclpy_executors.egg-info/SOURCES.txt'
[5.568s] writing manifest file '../../../../build/examples_rclpy_executors/examples_rclpy_executors.egg-info/SOURCES.txt'
[5.568s] running build
[5.568s] running build_py
[5.574s] creating /home/openark/ros2_ws/build/examples_rclpy_executors/build
[5.574s] creating /home/openark/ros2_ws/build/examples_rclpy_executors/build/lib
[5.574s] creating /home/openark/ros2_ws/build/examples_rclpy_executors/build/lib/examples_rclpy_executors
[5.574s] copying examples_rclpy_executors/__init__.py -> /home/openark/ros2_ws/build/examples_rclpy_executors/build/lib/examples_rclpy_executors
[5.575s] copying examples_rclpy_executors/callback_group.py -> /home/openark/ros2_ws/build/examples_rclpy_executors/build/lib/examples_rclpy_executors
[5.575s] copying examples_rclpy_executors/composed.py -> /home/openark/ros2_ws/build/examples_rclpy_executors/build/lib/examples_rclpy_executors
[5.575s] copying examples_rclpy_executors/talker.py -> /home/openark/ros2_ws/build/examples_rclpy_executors/build/lib/examples_rclpy_executors
[5.575s] copying examples_rclpy_executors/custom_executor.py -> /home/openark/ros2_ws/build/examples_rclpy_executors/build/lib/examples_rclpy_executors
[5.576s] copying examples_rclpy_executors/listener.py -> /home/openark/ros2_ws/build/examples_rclpy_executors/build/lib/examples_rclpy_executors
[5.576s] copying examples_rclpy_executors/custom_callback_group.py -> /home/openark/ros2_ws/build/examples_rclpy_executors/build/lib/examples_rclpy_executors
[5.576s] running install
[5.576s] running install_lib
[5.576s] running install_data
[5.576s] running install_egg_info
[5.577s] removing '/home/openark/ros2_ws/install/examples_rclpy_executors/lib/python3.8/site-packages/examples_rclpy_executors-0.9.4-py3.8.egg-info' (and everything under it)
[5.577s] Copying ../../../../build/examples_rclpy_executors/examples_rclpy_executors.egg-info to /home/openark/ros2_ws/install/examples_rclpy_executors/lib/python3.8/site-packages/examples_rclpy_executors-0.9.4-py3.8.egg-info
[5.577s] running install_scripts
[5.577s] Installing callback_group script to /home/openark/ros2_ws/install/examples_rclpy_executors/lib/examples_rclpy_executors
[5.579s] Installing composed script to /home/openark/ros2_ws/install/examples_rclpy_executors/lib/examples_rclpy_executors
[5.581s] Installing custom_callback_group script to /home/openark/ros2_ws/install/examples_rclpy_executors/lib/examples_rclpy_executors
[5.581s] Installing custom_executor script to /home/openark/ros2_ws/install/examples_rclpy_executors/lib/examples_rclpy_executors
[5.581s] Installing listener script to /home/openark/ros2_ws/install/examples_rclpy_executors/lib/examples_rclpy_executors
[5.581s] Installing talker script to /home/openark/ros2_ws/install/examples_rclpy_executors/lib/examples_rclpy_executors
[5.581s] writing list of installed files to '/home/openark/ros2_ws/build/examples_rclpy_executors/install.log'
[5.595s] Invoked command in '/home/openark/ros2_ws/src/examples/rclpy/executors' returned '0': PYTHONPATH=/home/openark/ros2_ws/build/examples_rclpy_executors/prefix_override:/home/openark/ros2_ws/install/examples_rclpy_executors/lib/python3.8/site-packages:${PYTHONPATH} /usr/bin/python3 setup.py egg_info --egg-base ../../../../build/examples_rclpy_executors build --build-base /home/openark/ros2_ws/build/examples_rclpy_executors/build install --record /home/openark/ros2_ws/build/examples_rclpy_executors/install.log --install-scripts $base/lib/examples_rclpy_executors --single-version-externally-managed
