[3.407s] Invoking command in '/home/openark/ros2_ws/src/examples/rclpy/executors': PYTHONPATH=/home/openark/ros2_ws/build/examples_rclpy_executors/prefix_override:/home/openark/ros2_ws/install/examples_rclpy_executors/lib/python3.8/site-packages:${PYTHONPATH} /usr/bin/python3 setup.py egg_info --egg-base ../../../../build/examples_rclpy_executors build --build-base /home/openark/ros2_ws/build/examples_rclpy_executors/build install --record /home/openark/ros2_ws/build/examples_rclpy_executors/install.log --install-scripts $base/lib/examples_rclpy_executors --single-version-externally-managed
[4.309s] running egg_info
[4.309s] writing ../../../../build/examples_rclpy_executors/examples_rclpy_executors.egg-info/PKG-INFO
[4.309s] writing dependency_links to ../../../../build/examples_rclpy_executors/examples_rclpy_executors.egg-info/dependency_links.txt
[4.309s] writing entry points to ../../../../build/examples_rclpy_executors/examples_rclpy_executors.egg-info/entry_points.txt
[4.311s] writing requirements to ../../../../build/examples_rclpy_executors/examples_rclpy_executors.egg-info/requires.txt
[4.311s] writing top-level names to ../../../../build/examples_rclpy_executors/examples_rclpy_executors.egg-info/top_level.txt
[4.312s] reading manifest file '../../../../build/examples_rclpy_executors/examples_rclpy_executors.egg-info/SOURCES.txt'
[4.312s] writing manifest file '../../../../build/examples_rclpy_executors/examples_rclpy_executors.egg-info/SOURCES.txt'
[4.312s] running build
[4.313s] running build_py
[4.313s] running install
[4.313s] running install_lib
[4.313s] running install_data
[4.314s] running install_egg_info
[4.314s] removing '/home/openark/ros2_ws/install/examples_rclpy_executors/lib/python3.8/site-packages/examples_rclpy_executors-0.9.4-py3.8.egg-info' (and everything under it)
[4.314s] Copying ../../../../build/examples_rclpy_executors/examples_rclpy_executors.egg-info to /home/openark/ros2_ws/install/examples_rclpy_executors/lib/python3.8/site-packages/examples_rclpy_executors-0.9.4-py3.8.egg-info
[4.314s] running install_scripts
[4.315s] Installing callback_group script to /home/openark/ros2_ws/install/examples_rclpy_executors/lib/examples_rclpy_executors
[4.315s] Installing composed script to /home/openark/ros2_ws/install/examples_rclpy_executors/lib/examples_rclpy_executors
[4.315s] Installing custom_callback_group script to /home/openark/ros2_ws/install/examples_rclpy_executors/lib/examples_rclpy_executors
[4.315s] Installing custom_executor script to /home/openark/ros2_ws/install/examples_rclpy_executors/lib/examples_rclpy_executors
[4.315s] Installing listener script to /home/openark/ros2_ws/install/examples_rclpy_executors/lib/examples_rclpy_executors
[4.315s] Installing talker script to /home/openark/ros2_ws/install/examples_rclpy_executors/lib/examples_rclpy_executors
[4.316s] writing list of installed files to '/home/openark/ros2_ws/build/examples_rclpy_executors/install.log'
[8.089s] Invoked command in '/home/openark/ros2_ws/src/examples/rclpy/executors' returned '0': PYTHONPATH=/home/openark/ros2_ws/build/examples_rclpy_executors/prefix_override:/home/openark/ros2_ws/install/examples_rclpy_executors/lib/python3.8/site-packages:${PYTHONPATH} /usr/bin/python3 setup.py egg_info --egg-base ../../../../build/examples_rclpy_executors build --build-base /home/openark/ros2_ws/build/examples_rclpy_executors/build install --record /home/openark/ros2_ws/build/examples_rclpy_executors/install.log --install-scripts $base/lib/examples_rclpy_executors --single-version-externally-managed
