[3.121s] Invoking command in '/home/openark/ros2_ws/build/zed_tutorial_depth': CMAKE_PREFIX_PATH=${CMAKE_PREFIX_PATH}:/home/openark/ros2_ws/install/examples_rclpy_minimal_subscriber:/home/openark/ros2_ws/install/examples_rclpy_minimal_service:/home/openark/ros2_ws/install/examples_rclpy_minimal_publisher:/home/openark/ros2_ws/install/examples_rclpy_minimal_client:/home/openark/ros2_ws/install/examples_rclpy_minimal_action_server:/home/openark/ros2_ws/install/examples_rclpy_minimal_action_client:/home/openark/ros2_ws/install/examples_rclpy_executors:/opt/ros/foxy /usr/bin/cmake /home/openark/ros2_ws/src/zed-ros2-examples/tutorials/zed_depth_tutorial -DCMAKE_BUILD_TYPE=Release -DAMENT_CMAKE_SYMLINK_INSTALL=1 -DCMAKE_INSTALL_PREFIX=/home/openark/ros2_ws/install/zed_tutorial_depth
[3.532s] -- The C compiler identification is GNU 9.4.0
[3.532s] -- The CXX compiler identification is GNU 9.4.0
[3.533s] -- Check for working C compiler: /usr/bin/cc
[3.533s] -- Check for working C compiler: /usr/bin/cc -- works
[3.533s] -- Detecting C compiler ABI info
[3.533s] -- Detecting C compiler ABI info - done
[3.533s] -- Detecting C compile features
[3.533s] -- Detecting C compile features - done
[3.533s] -- Check for working CXX compiler: /usr/bin/c++
[3.533s] -- Check for working CXX compiler: /usr/bin/c++ -- works
[3.533s] -- Detecting CXX compiler ABI info
[3.642s] -- Detecting CXX compiler ABI info - done
[3.680s] -- Detecting CXX compile features
[3.681s] -- Detecting CXX compile features - done
[3.693s] -- Found ament_cmake_auto: 0.9.12 (/opt/ros/foxy/share/ament_cmake_auto/cmake)
[3.785s] -- Found PythonInterp: /usr/bin/python3 (found suitable version "3.8.10", minimum required is "3") 
[3.788s] -- Using PYTHON_EXECUTABLE: /usr/bin/python3
[4.243s] -- Override CMake install command with custom implementation using symlinks instead of copying resources
[4.644s] -- Using all available rosidl_typesupport_c: rosidl_typesupport_fastrtps_c;rosidl_typesupport_introspection_c
[4.666s] -- Found rosidl_adapter: 1.3.1 (/opt/ros/foxy/share/rosidl_adapter/cmake)
[4.868s] -- Found OpenSSL: /usr/lib/x86_64-linux-gnu/libcrypto.so (found version "1.1.1f")  
[4.943s] -- Found FastRTPS: /opt/ros/foxy/include  
[5.161s] -- Using all available rosidl_typesupport_cpp: rosidl_typesupport_fastrtps_cpp;rosidl_typesupport_introspection_cpp
[5.374s] -- Found rmw_implementation_cmake: 1.0.4 (/opt/ros/foxy/share/rmw_implementation_cmake/cmake)
[5.392s] -- Using RMW implementation 'rmw_fastrtps_cpp' as default
[5.394s] -- Looking for pthread.h
[5.623s] -- Looking for pthread.h - found
[5.624s] -- Performing Test CMAKE_HAVE_LIBC_PTHREAD
[5.758s] -- Performing Test CMAKE_HAVE_LIBC_PTHREAD - Failed
[5.758s] -- Looking for pthread_create in pthreads
[5.857s] -- Looking for pthread_create in pthreads - not found
[5.859s] -- Looking for pthread_create in pthread
[5.958s] -- Looking for pthread_create in pthread - found
[5.963s] -- Found Threads: TRUE  
[6.596s] -- Found ament_lint_auto: 0.9.8 (/opt/ros/foxy/share/ament_lint_auto/cmake)
[6.651s] -- Added test 'copyright' to check source files copyright and LICENSE
[6.652s] -- Added test 'cppcheck' to perform static code analysis on C / C++ code
[6.652s] -- Configured cppcheck include dirs: 
[6.653s] -- Configured cppcheck exclude dirs and/or files: 
[6.654s] -- Added test 'cpplint' to check C / C++ code against the Google style
[6.654s] -- Configured cpplint exclude dirs and/or files: 
[6.655s] -- Added test 'lint_cmake' to check CMake code style
[6.656s] -- Added test 'uncrustify' to check C / C++ code style
[6.657s] -- Configured uncrustify additional arguments: 
[6.657s] -- Added test 'xmllint' to check XML markup files
[6.662s] -- Configuring done
[6.672s] -- Generating done
[6.674s] -- Build files have been written to: /home/openark/ros2_ws/build/zed_tutorial_depth
[7.433s] Invoked command in '/home/openark/ros2_ws/build/zed_tutorial_depth' returned '0': CMAKE_PREFIX_PATH=${CMAKE_PREFIX_PATH}:/home/openark/ros2_ws/install/examples_rclpy_minimal_subscriber:/home/openark/ros2_ws/install/examples_rclpy_minimal_service:/home/openark/ros2_ws/install/examples_rclpy_minimal_publisher:/home/openark/ros2_ws/install/examples_rclpy_minimal_client:/home/openark/ros2_ws/install/examples_rclpy_minimal_action_server:/home/openark/ros2_ws/install/examples_rclpy_minimal_action_client:/home/openark/ros2_ws/install/examples_rclpy_executors:/opt/ros/foxy /usr/bin/cmake /home/openark/ros2_ws/src/zed-ros2-examples/tutorials/zed_depth_tutorial -DCMAKE_BUILD_TYPE=Release -DAMENT_CMAKE_SYMLINK_INSTALL=1 -DCMAKE_INSTALL_PREFIX=/home/openark/ros2_ws/install/zed_tutorial_depth
[7.436s] Invoking command in '/home/openark/ros2_ws/build/zed_tutorial_depth': CMAKE_PREFIX_PATH=${CMAKE_PREFIX_PATH}:/home/openark/ros2_ws/install/examples_rclpy_minimal_subscriber:/home/openark/ros2_ws/install/examples_rclpy_minimal_service:/home/openark/ros2_ws/install/examples_rclpy_minimal_publisher:/home/openark/ros2_ws/install/examples_rclpy_minimal_client:/home/openark/ros2_ws/install/examples_rclpy_minimal_action_server:/home/openark/ros2_ws/install/examples_rclpy_minimal_action_client:/home/openark/ros2_ws/install/examples_rclpy_executors:/opt/ros/foxy /usr/bin/cmake --build /home/openark/ros2_ws/build/zed_tutorial_depth -- -j12 -l12
[7.627s] [35m[1mScanning dependencies of target zed_tutorial_depth[0m
[7.627s] [ 50%] [32mBuilding CXX object CMakeFiles/zed_tutorial_depth.dir/src/zed_depth_sub_tutorial.cpp.o[0m
[16.276s] [100%] [32m[1mLinking CXX executable zed_tutorial_depth[0m
[16.432s] [100%] Built target zed_tutorial_depth
[16.445s] Invoked command in '/home/openark/ros2_ws/build/zed_tutorial_depth' returned '0': CMAKE_PREFIX_PATH=${CMAKE_PREFIX_PATH}:/home/openark/ros2_ws/install/examples_rclpy_minimal_subscriber:/home/openark/ros2_ws/install/examples_rclpy_minimal_service:/home/openark/ros2_ws/install/examples_rclpy_minimal_publisher:/home/openark/ros2_ws/install/examples_rclpy_minimal_client:/home/openark/ros2_ws/install/examples_rclpy_minimal_action_server:/home/openark/ros2_ws/install/examples_rclpy_minimal_action_client:/home/openark/ros2_ws/install/examples_rclpy_executors:/opt/ros/foxy /usr/bin/cmake --build /home/openark/ros2_ws/build/zed_tutorial_depth -- -j12 -l12
[16.478s] Invoking command in '/home/openark/ros2_ws/build/zed_tutorial_depth': CMAKE_PREFIX_PATH=${CMAKE_PREFIX_PATH}:/home/openark/ros2_ws/install/examples_rclpy_minimal_subscriber:/home/openark/ros2_ws/install/examples_rclpy_minimal_service:/home/openark/ros2_ws/install/examples_rclpy_minimal_publisher:/home/openark/ros2_ws/install/examples_rclpy_minimal_client:/home/openark/ros2_ws/install/examples_rclpy_minimal_action_server:/home/openark/ros2_ws/install/examples_rclpy_minimal_action_client:/home/openark/ros2_ws/install/examples_rclpy_executors:/opt/ros/foxy /usr/bin/cmake --install /home/openark/ros2_ws/build/zed_tutorial_depth
[16.488s] -- Install configuration: "Release"
[16.488s] -- Execute custom install script
[16.489s] -- Symlinking: /home/openark/ros2_ws/install/zed_tutorial_depth/lib/zed_tutorial_depth/zed_tutorial_depth
[16.502s] -- Symlinking: /home/openark/ros2_ws/install/zed_tutorial_depth/share/ament_index/resource_index/package_run_dependencies/zed_tutorial_depth
[16.513s] -- Symlinking: /home/openark/ros2_ws/install/zed_tutorial_depth/share/ament_index/resource_index/parent_prefix_path/zed_tutorial_depth
[16.524s] -- Symlinking: /home/openark/ros2_ws/install/zed_tutorial_depth/share/zed_tutorial_depth/environment/ament_prefix_path.sh
[16.535s] -- Symlinking: /home/openark/ros2_ws/install/zed_tutorial_depth/share/zed_tutorial_depth/environment/ament_prefix_path.dsv
[16.547s] -- Symlinking: /home/openark/ros2_ws/install/zed_tutorial_depth/share/zed_tutorial_depth/environment/path.sh
[16.558s] -- Symlinking: /home/openark/ros2_ws/install/zed_tutorial_depth/share/zed_tutorial_depth/environment/path.dsv
[16.569s] -- Symlinking: /home/openark/ros2_ws/install/zed_tutorial_depth/share/zed_tutorial_depth/local_setup.bash
[16.580s] -- Symlinking: /home/openark/ros2_ws/install/zed_tutorial_depth/share/zed_tutorial_depth/local_setup.sh
[16.591s] -- Symlinking: /home/openark/ros2_ws/install/zed_tutorial_depth/share/zed_tutorial_depth/local_setup.zsh
[16.605s] -- Symlinking: /home/openark/ros2_ws/install/zed_tutorial_depth/share/zed_tutorial_depth/local_setup.dsv
[16.616s] -- Symlinking: /home/openark/ros2_ws/install/zed_tutorial_depth/share/zed_tutorial_depth/package.dsv
[16.626s] -- Symlinking: /home/openark/ros2_ws/install/zed_tutorial_depth/share/ament_index/resource_index/packages/zed_tutorial_depth
[16.637s] -- Symlinking: /home/openark/ros2_ws/install/zed_tutorial_depth/share/zed_tutorial_depth/cmake/zed_tutorial_depthConfig.cmake
[16.648s] -- Symlinking: /home/openark/ros2_ws/install/zed_tutorial_depth/share/zed_tutorial_depth/cmake/zed_tutorial_depthConfig-version.cmake
[16.659s] -- Symlinking: /home/openark/ros2_ws/install/zed_tutorial_depth/share/zed_tutorial_depth/package.xml
[16.672s] Invoked command in '/home/openark/ros2_ws/build/zed_tutorial_depth' returned '0': CMAKE_PREFIX_PATH=${CMAKE_PREFIX_PATH}:/home/openark/ros2_ws/install/examples_rclpy_minimal_subscriber:/home/openark/ros2_ws/install/examples_rclpy_minimal_service:/home/openark/ros2_ws/install/examples_rclpy_minimal_publisher:/home/openark/ros2_ws/install/examples_rclpy_minimal_client:/home/openark/ros2_ws/install/examples_rclpy_minimal_action_server:/home/openark/ros2_ws/install/examples_rclpy_minimal_action_client:/home/openark/ros2_ws/install/examples_rclpy_executors:/opt/ros/foxy /usr/bin/cmake --install /home/openark/ros2_ws/build/zed_tutorial_depth
