[10.862s] Invoking command in '/home/openark/ros2_ws/src/examples/rclpy/topics/minimal_publisher': PYTHONPATH=/home/openark/ros2_ws/build/examples_rclpy_minimal_publisher/prefix_override:/home/openark/ros2_ws/install/examples_rclpy_minimal_publisher/lib/python3.8/site-packages:${PYTHONPATH} /usr/bin/python3 setup.py egg_info --egg-base ../../../../../build/examples_rclpy_minimal_publisher build --build-base /home/openark/ros2_ws/build/examples_rclpy_minimal_publisher/build install --record /home/openark/ros2_ws/build/examples_rclpy_minimal_publisher/install.log --install-scripts $base/lib/examples_rclpy_minimal_publisher --single-version-externally-managed
[11.577s] running egg_info
[11.581s] writing ../../../../../build/examples_rclpy_minimal_publisher/examples_rclpy_minimal_publisher.egg-info/PKG-INFO
[11.590s] writing dependency_links to ../../../../../build/examples_rclpy_minimal_publisher/examples_rclpy_minimal_publisher.egg-info/dependency_links.txt
[11.596s] writing entry points to ../../../../../build/examples_rclpy_minimal_publisher/examples_rclpy_minimal_publisher.egg-info/entry_points.txt
[11.597s] writing requirements to ../../../../../build/examples_rclpy_minimal_publisher/examples_rclpy_minimal_publisher.egg-info/requires.txt
[11.597s] writing top-level names to ../../../../../build/examples_rclpy_minimal_publisher/examples_rclpy_minimal_publisher.egg-info/top_level.txt
[11.706s] reading manifest file '../../../../../build/examples_rclpy_minimal_publisher/examples_rclpy_minimal_publisher.egg-info/SOURCES.txt'
[11.710s] writing manifest file '../../../../../build/examples_rclpy_minimal_publisher/examples_rclpy_minimal_publisher.egg-info/SOURCES.txt'
[11.711s] running build
[11.711s] running build_py
[11.713s] running install
[11.720s] running install_lib
[11.721s] running install_data
[11.722s] running install_egg_info
[11.737s] removing '/home/openark/ros2_ws/install/examples_rclpy_minimal_publisher/lib/python3.8/site-packages/examples_rclpy_minimal_publisher-0.9.4-py3.8.egg-info' (and everything under it)
[11.737s] Copying ../../../../../build/examples_rclpy_minimal_publisher/examples_rclpy_minimal_publisher.egg-info to /home/openark/ros2_ws/install/examples_rclpy_minimal_publisher/lib/python3.8/site-packages/examples_rclpy_minimal_publisher-0.9.4-py3.8.egg-info
[11.738s] running install_scripts
[11.795s] Installing publisher_local_function script to /home/openark/ros2_ws/install/examples_rclpy_minimal_publisher/lib/examples_rclpy_minimal_publisher
[11.798s] Installing publisher_member_function script to /home/openark/ros2_ws/install/examples_rclpy_minimal_publisher/lib/examples_rclpy_minimal_publisher
[11.799s] Installing publisher_old_school script to /home/openark/ros2_ws/install/examples_rclpy_minimal_publisher/lib/examples_rclpy_minimal_publisher
[11.803s] writing list of installed files to '/home/openark/ros2_ws/build/examples_rclpy_minimal_publisher/install.log'
[13.318s] Invoked command in '/home/openark/ros2_ws/src/examples/rclpy/topics/minimal_publisher' returned '0': PYTHONPATH=/home/openark/ros2_ws/build/examples_rclpy_minimal_publisher/prefix_override:/home/openark/ros2_ws/install/examples_rclpy_minimal_publisher/lib/python3.8/site-packages:${PYTHONPATH} /usr/bin/python3 setup.py egg_info --egg-base ../../../../../build/examples_rclpy_minimal_publisher build --build-base /home/openark/ros2_ws/build/examples_rclpy_minimal_publisher/build install --record /home/openark/ros2_ws/build/examples_rclpy_minimal_publisher/install.log --install-scripts $base/lib/examples_rclpy_minimal_publisher --single-version-externally-managed
