[8.630s] Invoking command in '/home/openark/ros2_ws/src/examples/rclpy/topics/minimal_publisher': PYTHONPATH=/home/openark/ros2_ws/src/build/examples_rclpy_minimal_publisher/prefix_override:/home/openark/ros2_ws/src/install/examples_rclpy_minimal_publisher/lib/python3.8/site-packages:${PYTHONPATH} /usr/bin/python3 setup.py egg_info --egg-base ../../../../build/examples_rclpy_minimal_publisher build --build-base /home/openark/ros2_ws/src/build/examples_rclpy_minimal_publisher/build install --record /home/openark/ros2_ws/src/build/examples_rclpy_minimal_publisher/install.log --install-scripts $base/lib/examples_rclpy_minimal_publisher --single-version-externally-managed
[9.261s] running egg_info
[9.263s] writing ../../../../build/examples_rclpy_minimal_publisher/examples_rclpy_minimal_publisher.egg-info/PKG-INFO
[9.263s] writing dependency_links to ../../../../build/examples_rclpy_minimal_publisher/examples_rclpy_minimal_publisher.egg-info/dependency_links.txt
[9.264s] writing entry points to ../../../../build/examples_rclpy_minimal_publisher/examples_rclpy_minimal_publisher.egg-info/entry_points.txt
[9.265s] writing requirements to ../../../../build/examples_rclpy_minimal_publisher/examples_rclpy_minimal_publisher.egg-info/requires.txt
[9.265s] writing top-level names to ../../../../build/examples_rclpy_minimal_publisher/examples_rclpy_minimal_publisher.egg-info/top_level.txt
[9.374s] reading manifest file '../../../../build/examples_rclpy_minimal_publisher/examples_rclpy_minimal_publisher.egg-info/SOURCES.txt'
[9.378s] writing manifest file '../../../../build/examples_rclpy_minimal_publisher/examples_rclpy_minimal_publisher.egg-info/SOURCES.txt'
[9.378s] running build
[9.378s] running build_py
[9.379s] running install
[9.381s] running install_lib
[9.385s] running install_data
[9.399s] running install_egg_info
[9.399s] removing '/home/openark/ros2_ws/src/install/examples_rclpy_minimal_publisher/lib/python3.8/site-packages/examples_rclpy_minimal_publisher-0.9.4-py3.8.egg-info' (and everything under it)
[9.399s] Copying ../../../../build/examples_rclpy_minimal_publisher/examples_rclpy_minimal_publisher.egg-info to /home/openark/ros2_ws/src/install/examples_rclpy_minimal_publisher/lib/python3.8/site-packages/examples_rclpy_minimal_publisher-0.9.4-py3.8.egg-info
[9.400s] running install_scripts
[9.440s] Installing publisher_local_function script to /home/openark/ros2_ws/src/install/examples_rclpy_minimal_publisher/lib/examples_rclpy_minimal_publisher
[9.446s] Installing publisher_member_function script to /home/openark/ros2_ws/src/install/examples_rclpy_minimal_publisher/lib/examples_rclpy_minimal_publisher
[9.448s] Installing publisher_old_school script to /home/openark/ros2_ws/src/install/examples_rclpy_minimal_publisher/lib/examples_rclpy_minimal_publisher
[9.448s] writing list of installed files to '/home/openark/ros2_ws/src/build/examples_rclpy_minimal_publisher/install.log'
[10.862s] Invoked command in '/home/openark/ros2_ws/src/examples/rclpy/topics/minimal_publisher' returned '0': PYTHONPATH=/home/openark/ros2_ws/src/build/examples_rclpy_minimal_publisher/prefix_override:/home/openark/ros2_ws/src/install/examples_rclpy_minimal_publisher/lib/python3.8/site-packages:${PYTHONPATH} /usr/bin/python3 setup.py egg_info --egg-base ../../../../build/examples_rclpy_minimal_publisher build --build-base /home/openark/ros2_ws/src/build/examples_rclpy_minimal_publisher/build install --record /home/openark/ros2_ws/src/build/examples_rclpy_minimal_publisher/install.log --install-scripts $base/lib/examples_rclpy_minimal_publisher --single-version-externally-managed
