[0.122s] Invoking command in '/home/openark/ros2_ws/build/zed_ros2': AMENT_PREFIX_PATH=/home/openark/ros2_ws/install/zed_wrapper:/home/openark/ros2_ws/install/zed_components:/home/openark/ros2_ws/install/zed_interfaces:${AMENT_PREFIX_PATH} CMAKE_PREFIX_PATH=/home/openark/ros2_ws/install/zed_wrapper:/home/openark/ros2_ws/install/zed_components:/home/openark/ros2_ws/install/zed_interfaces:/opt/ros/foxy LD_LIBRARY_PATH=/home/openark/ros2_ws/install/zed_components/lib:/home/openark/ros2_ws/install/zed_interfaces/lib:${LD_LIBRARY_PATH} PYTHONPATH=/home/openark/ros2_ws/install/zed_interfaces/lib/python3.8/site-packages:${PYTHONPATH} /usr/bin/cmake /home/openark/ros2_ws/src/zed-ros2-wrapper/zed_ros2 -DCMAKE_BUILD_TYPE=Release -DAMENT_CMAKE_SYMLINK_INSTALL=1 -DCMAKE_INSTALL_PREFIX=/home/openark/ros2_ws/install/zed_ros2
[0.143s] -- Found ament_cmake_auto: 0.9.12 (/opt/ros/foxy/share/ament_cmake_auto/cmake)
[0.166s] -- Found PythonInterp: /usr/bin/python3 (found suitable version "3.8.10", minimum required is "3") 
[0.166s] -- Using PYTHON_EXECUTABLE: /usr/bin/python3
[0.320s] -- Override CMake install command with custom implementation using symlinks instead of copying resources
[0.388s] -- Found ament_lint_auto: 0.9.8 (/opt/ros/foxy/share/ament_lint_auto/cmake)
[0.402s] -- Added test 'copyright' to check source files copyright and LICENSE
[0.402s] -- Added test 'lint_cmake' to check CMake code style
[0.403s] -- Added test 'xmllint' to check XML markup files
[0.405s] -- Configuring done
[0.407s] -- Generating done
[0.407s] -- Build files have been written to: /home/openark/ros2_ws/build/zed_ros2
[0.409s] Invoked command in '/home/openark/ros2_ws/build/zed_ros2' returned '0': AMENT_PREFIX_PATH=/home/openark/ros2_ws/install/zed_wrapper:/home/openark/ros2_ws/install/zed_components:/home/openark/ros2_ws/install/zed_interfaces:${AMENT_PREFIX_PATH} CMAKE_PREFIX_PATH=/home/openark/ros2_ws/install/zed_wrapper:/home/openark/ros2_ws/install/zed_components:/home/openark/ros2_ws/install/zed_interfaces:/opt/ros/foxy LD_LIBRARY_PATH=/home/openark/ros2_ws/install/zed_components/lib:/home/openark/ros2_ws/install/zed_interfaces/lib:${LD_LIBRARY_PATH} PYTHONPATH=/home/openark/ros2_ws/install/zed_interfaces/lib/python3.8/site-packages:${PYTHONPATH} /usr/bin/cmake /home/openark/ros2_ws/src/zed-ros2-wrapper/zed_ros2 -DCMAKE_BUILD_TYPE=Release -DAMENT_CMAKE_SYMLINK_INSTALL=1 -DCMAKE_INSTALL_PREFIX=/home/openark/ros2_ws/install/zed_ros2
[0.412s] Invoking command in '/home/openark/ros2_ws/build/zed_ros2': AMENT_PREFIX_PATH=/home/openark/ros2_ws/install/zed_wrapper:/home/openark/ros2_ws/install/zed_components:/home/openark/ros2_ws/install/zed_interfaces:${AMENT_PREFIX_PATH} CMAKE_PREFIX_PATH=/home/openark/ros2_ws/install/zed_wrapper:/home/openark/ros2_ws/install/zed_components:/home/openark/ros2_ws/install/zed_interfaces:/opt/ros/foxy LD_LIBRARY_PATH=/home/openark/ros2_ws/install/zed_components/lib:/home/openark/ros2_ws/install/zed_interfaces/lib:${LD_LIBRARY_PATH} PYTHONPATH=/home/openark/ros2_ws/install/zed_interfaces/lib/python3.8/site-packages:${PYTHONPATH} /usr/bin/cmake --build /home/openark/ros2_ws/build/zed_ros2 -- -j12 -l12
[0.447s] Invoked command in '/home/openark/ros2_ws/build/zed_ros2' returned '0': AMENT_PREFIX_PATH=/home/openark/ros2_ws/install/zed_wrapper:/home/openark/ros2_ws/install/zed_components:/home/openark/ros2_ws/install/zed_interfaces:${AMENT_PREFIX_PATH} CMAKE_PREFIX_PATH=/home/openark/ros2_ws/install/zed_wrapper:/home/openark/ros2_ws/install/zed_components:/home/openark/ros2_ws/install/zed_interfaces:/opt/ros/foxy LD_LIBRARY_PATH=/home/openark/ros2_ws/install/zed_components/lib:/home/openark/ros2_ws/install/zed_interfaces/lib:${LD_LIBRARY_PATH} PYTHONPATH=/home/openark/ros2_ws/install/zed_interfaces/lib/python3.8/site-packages:${PYTHONPATH} /usr/bin/cmake --build /home/openark/ros2_ws/build/zed_ros2 -- -j12 -l12
[0.468s] Invoking command in '/home/openark/ros2_ws/build/zed_ros2': AMENT_PREFIX_PATH=/home/openark/ros2_ws/install/zed_wrapper:/home/openark/ros2_ws/install/zed_components:/home/openark/ros2_ws/install/zed_interfaces:${AMENT_PREFIX_PATH} CMAKE_PREFIX_PATH=/home/openark/ros2_ws/install/zed_wrapper:/home/openark/ros2_ws/install/zed_components:/home/openark/ros2_ws/install/zed_interfaces:/opt/ros/foxy LD_LIBRARY_PATH=/home/openark/ros2_ws/install/zed_components/lib:/home/openark/ros2_ws/install/zed_interfaces/lib:${LD_LIBRARY_PATH} PYTHONPATH=/home/openark/ros2_ws/install/zed_interfaces/lib/python3.8/site-packages:${PYTHONPATH} /usr/bin/cmake --install /home/openark/ros2_ws/build/zed_ros2
[0.476s] -- Install configuration: "Release"
[0.476s] -- Execute custom install script
[0.476s] -- Symlinking: /home/openark/ros2_ws/install/zed_ros2/share/ament_index/resource_index/package_run_dependencies/zed_ros2
[0.485s] -- Symlinking: /home/openark/ros2_ws/install/zed_ros2/share/ament_index/resource_index/parent_prefix_path/zed_ros2
[0.493s] -- Symlinking: /home/openark/ros2_ws/install/zed_ros2/share/zed_ros2/environment/ament_prefix_path.sh
[0.502s] -- Symlinking: /home/openark/ros2_ws/install/zed_ros2/share/zed_ros2/environment/ament_prefix_path.dsv
[0.510s] -- Symlinking: /home/openark/ros2_ws/install/zed_ros2/share/zed_ros2/environment/path.sh
[0.518s] -- Symlinking: /home/openark/ros2_ws/install/zed_ros2/share/zed_ros2/environment/path.dsv
[0.527s] -- Symlinking: /home/openark/ros2_ws/install/zed_ros2/share/zed_ros2/local_setup.bash
[0.535s] -- Symlinking: /home/openark/ros2_ws/install/zed_ros2/share/zed_ros2/local_setup.sh
[0.543s] -- Symlinking: /home/openark/ros2_ws/install/zed_ros2/share/zed_ros2/local_setup.zsh
[0.552s] -- Symlinking: /home/openark/ros2_ws/install/zed_ros2/share/zed_ros2/local_setup.dsv
[0.560s] -- Symlinking: /home/openark/ros2_ws/install/zed_ros2/share/zed_ros2/package.dsv
[0.568s] -- Symlinking: /home/openark/ros2_ws/install/zed_ros2/share/ament_index/resource_index/packages/zed_ros2
[0.577s] -- Symlinking: /home/openark/ros2_ws/install/zed_ros2/share/zed_ros2/cmake/zed_ros2Config.cmake
[0.585s] -- Symlinking: /home/openark/ros2_ws/install/zed_ros2/share/zed_ros2/cmake/zed_ros2Config-version.cmake
[0.593s] -- Symlinking: /home/openark/ros2_ws/install/zed_ros2/share/zed_ros2/package.xml
[0.603s] Invoked command in '/home/openark/ros2_ws/build/zed_ros2' returned '0': AMENT_PREFIX_PATH=/home/openark/ros2_ws/install/zed_wrapper:/home/openark/ros2_ws/install/zed_components:/home/openark/ros2_ws/install/zed_interfaces:${AMENT_PREFIX_PATH} CMAKE_PREFIX_PATH=/home/openark/ros2_ws/install/zed_wrapper:/home/openark/ros2_ws/install/zed_components:/home/openark/ros2_ws/install/zed_interfaces:/opt/ros/foxy LD_LIBRARY_PATH=/home/openark/ros2_ws/install/zed_components/lib:/home/openark/ros2_ws/install/zed_interfaces/lib:${LD_LIBRARY_PATH} PYTHONPATH=/home/openark/ros2_ws/install/zed_interfaces/lib/python3.8/site-packages:${PYTHONPATH} /usr/bin/cmake --install /home/openark/ros2_ws/build/zed_ros2
