[1.920s] Invoking command in '/home/openark/ros2_ws/src/build/septentrio_gnss_driver': CMAKE_PREFIX_PATH=${CMAKE_PREFIX_PATH}:/home/openark/ros2_ws/install/examples_rclpy_minimal_subscriber:/home/openark/ros2_ws/install/examples_rclpy_minimal_service:/home/openark/ros2_ws/install/examples_rclpy_minimal_publisher:/home/openark/ros2_ws/install/examples_rclpy_minimal_client:/home/openark/ros2_ws/install/examples_rclpy_minimal_action_server:/home/openark/ros2_ws/install/examples_rclpy_minimal_action_client:/home/openark/ros2_ws/install/examples_rclpy_executors:/opt/ros/foxy /usr/bin/cmake /home/openark/ros2_ws/src/septentrio_gnss_driver -DCMAKE_INSTALL_PREFIX=/home/openark/ros2_ws/src/install/septentrio_gnss_driver
[2.061s] -- The C compiler identification is GNU 9.4.0
[2.182s] -- The CXX compiler identification is GNU 9.4.0
[2.197s] -- Check for working C compiler: /usr/bin/cc
[2.326s] -- Check for working C compiler: /usr/bin/cc -- works
[2.330s] -- Detecting C compiler ABI info
[2.475s] -- Detecting C compiler ABI info - done
[2.507s] -- Detecting C compile features
[2.508s] -- Detecting C compile features - done
[2.515s] -- Check for working CXX compiler: /usr/bin/c++
[2.646s] -- Check for working CXX compiler: /usr/bin/c++ -- works
[2.647s] -- Detecting CXX compiler ABI info
[2.781s] -- Detecting CXX compiler ABI info - done
[2.809s] -- Detecting CXX compile features
[2.810s] -- Detecting CXX compile features - done
[2.810s] -- Setting build type to Release as none was specified.
[2.817s] -- Found ament_cmake: 0.9.12 (/opt/ros/foxy/share/ament_cmake/cmake)
[2.868s] -- Found PythonInterp: /usr/bin/python3 (found suitable version "3.8.10", minimum required is "3") 
[2.868s] -- Using PYTHON_EXECUTABLE: /usr/bin/python3
[3.311s] -- Found rclcpp: 2.4.3 (/opt/ros/foxy/share/rclcpp/cmake)
[3.455s] -- Using all available rosidl_typesupport_c: rosidl_typesupport_fastrtps_c;rosidl_typesupport_introspection_c
[3.479s] -- Found rosidl_adapter: 1.3.1 (/opt/ros/foxy/share/rosidl_adapter/cmake)
[3.644s] -- Found OpenSSL: /usr/lib/x86_64-linux-gnu/libcrypto.so (found version "1.1.1f")  
[3.700s] -- Found FastRTPS: /opt/ros/foxy/include  
[3.851s] -- Using all available rosidl_typesupport_cpp: rosidl_typesupport_fastrtps_cpp;rosidl_typesupport_introspection_cpp
[3.966s] -- Found rmw_implementation_cmake: 1.0.4 (/opt/ros/foxy/share/rmw_implementation_cmake/cmake)
[3.969s] -- Using RMW implementation 'rmw_fastrtps_cpp' as default
[3.970s] -- Looking for pthread.h
[4.069s] -- Looking for pthread.h - found
[4.071s] -- Performing Test CMAKE_HAVE_LIBC_PTHREAD
[4.174s] -- Performing Test CMAKE_HAVE_LIBC_PTHREAD - Failed
[4.177s] -- Looking for pthread_create in pthreads
[4.260s] -- Looking for pthread_create in pthreads - not found
[4.260s] -- Looking for pthread_create in pthread
[4.367s] -- Looking for pthread_create in pthread - found
[4.370s] -- Found Threads: TRUE  
[4.682s] -- Found rclcpp_components: 2.4.3 (/opt/ros/foxy/share/rclcpp_components/cmake)
[4.822s] -- Found rosidl_default_generators: 1.0.1 (/opt/ros/foxy/share/rosidl_default_generators/cmake)
[4.854s] -- Found diagnostic_msgs: 2.0.5 (/opt/ros/foxy/share/diagnostic_msgs/cmake)
[4.928s] -- Found nmea_msgs: 2.0.0 (/opt/ros/foxy/share/nmea_msgs/cmake)
[5.003s] -- Found sensor_msgs: 2.0.5 (/opt/ros/foxy/share/sensor_msgs/cmake)
[5.286s] -- Found gps_msgs: 1.0.9 (/opt/ros/foxy/share/gps_msgs/cmake)
[5.389s] -- Found nav_msgs: 2.0.5 (/opt/ros/foxy/share/nav_msgs/cmake)
[5.565s] -- Found tf2: 0.13.14 (/opt/ros/foxy/share/tf2/cmake)
[5.587s] -- Found tf2_eigen: 0.13.14 (/opt/ros/foxy/share/tf2_eigen/cmake)
[6.152s] -- Found tf2_geometry_msgs: 0.13.14 (/opt/ros/foxy/share/tf2_geometry_msgs/cmake)
[6.173s] -- Found Eigen3: TRUE (found version "3.3.7") 
[6.265s] -- Found Boost: /usr/lib/x86_64-linux-gnu/cmake/Boost-1.71.0/BoostConfig.cmake (found version "1.71.0") found components: system thread regex chrono 
[6.270s] -- Found GeographicLib: /usr/lib/x86_64-linux-gnu  
[6.321s] -- Found PythonInterp: /usr/bin/python3 (found version "3.8.10") 
[6.846s] -- Found ament_cmake_ros: 0.9.2 (/opt/ros/foxy/share/ament_cmake_ros/cmake)
[7.186s] -- Using all available rosidl_typesupport_c: rosidl_typesupport_fastrtps_c;rosidl_typesupport_introspection_c
[7.286s] -- Using all available rosidl_typesupport_cpp: rosidl_typesupport_fastrtps_cpp;rosidl_typesupport_introspection_cpp
[7.324s] -- Found PythonInterp: /usr/bin/python3 (found suitable version "3.8.10", minimum required is "3.5") 
[7.329s] -- Found python_cmake_module: 0.8.1 (/opt/ros/foxy/share/python_cmake_module/cmake)
[7.368s] -- Found PythonLibs: /usr/lib/x86_64-linux-gnu/libpython3.8.so (found suitable version "3.8.10", minimum required is "3.5") 
[7.368s] -- Using PYTHON_EXECUTABLE: /usr/bin/python3
[7.368s] -- Using PYTHON_INCLUDE_DIRS: /usr/include/python3.8
[7.368s] -- Using PYTHON_LIBRARIES: /usr/lib/x86_64-linux-gnu/libpython3.8.so
[7.399s] -- Found PythonExtra: .so  
[7.548s] -- Found gtest sources under '/opt/ros/foxy/src/gtest_vendor': C++ tests using 'Google Test' will be built
[7.551s] -- Check if compiler accepts -pthread
[7.648s] -- Check if compiler accepts -pthread - yes
[7.685s] -- Configuring done
[8.073s] -- Generating done
[8.079s] -- Build files have been written to: /home/openark/ros2_ws/src/build/septentrio_gnss_driver
[8.100s] Invoked command in '/home/openark/ros2_ws/src/build/septentrio_gnss_driver' returned '0': CMAKE_PREFIX_PATH=${CMAKE_PREFIX_PATH}:/home/openark/ros2_ws/install/examples_rclpy_minimal_subscriber:/home/openark/ros2_ws/install/examples_rclpy_minimal_service:/home/openark/ros2_ws/install/examples_rclpy_minimal_publisher:/home/openark/ros2_ws/install/examples_rclpy_minimal_client:/home/openark/ros2_ws/install/examples_rclpy_minimal_action_server:/home/openark/ros2_ws/install/examples_rclpy_minimal_action_client:/home/openark/ros2_ws/install/examples_rclpy_executors:/opt/ros/foxy /usr/bin/cmake /home/openark/ros2_ws/src/septentrio_gnss_driver -DCMAKE_INSTALL_PREFIX=/home/openark/ros2_ws/src/install/septentrio_gnss_driver
[8.106s] Invoking command in '/home/openark/ros2_ws/src/build/septentrio_gnss_driver': CMAKE_PREFIX_PATH=${CMAKE_PREFIX_PATH}:/home/openark/ros2_ws/install/examples_rclpy_minimal_subscriber:/home/openark/ros2_ws/install/examples_rclpy_minimal_service:/home/openark/ros2_ws/install/examples_rclpy_minimal_publisher:/home/openark/ros2_ws/install/examples_rclpy_minimal_client:/home/openark/ros2_ws/install/examples_rclpy_minimal_action_server:/home/openark/ros2_ws/install/examples_rclpy_minimal_action_client:/home/openark/ros2_ws/install/examples_rclpy_executors:/opt/ros/foxy /usr/bin/cmake --build /home/openark/ros2_ws/src/build/septentrio_gnss_driver -- -j12 -l12
[8.185s] [35m[1mScanning dependencies of target septentrio_gnss_driver__cpp[0m
[8.202s] [  0%] [34m[1mGenerating C++ code for ROS interfaces[0m
[14.800s] [  0%] Built target septentrio_gnss_driver__cpp
[14.812s] [35m[1mScanning dependencies of target gtest_main[0m
[14.829s] [  1%] [32mBuilding CXX object gtest/CMakeFiles/gtest_main.dir/src/gtest_main.cc.o[0m
[15.966s] [  1%] [32m[1mLinking CXX static library libgtest_main.a[0m
[15.996s] [  1%] Built target gtest_main
[16.007s] [  2%] [34m[1mGenerating C++ type support for eProsima Fast-RTPS[0m
[20.830s] [35m[1mScanning dependencies of target septentrio_gnss_driver__rosidl_typesupport_fastrtps_cpp[0m
[20.875s] [  2%] [32mBuilding CXX object CMakeFiles/septentrio_gnss_driver__rosidl_typesupport_fastrtps_cpp.dir/rosidl_typesupport_fastrtps_cpp/septentrio_gnss_driver/msg/detail/dds_fastrtps/aim_plus_status__type_support.cpp.o[0m
[21.411s] [  3%] [32mBuilding CXX object CMakeFiles/septentrio_gnss_driver__rosidl_typesupport_fastrtps_cpp.dir/rosidl_typesupport_fastrtps_cpp/septentrio_gnss_driver/msg/detail/dds_fastrtps/meas_epoch__type_support.cpp.o[0m
[21.972s] [  3%] [32mBuilding CXX object CMakeFiles/septentrio_gnss_driver__rosidl_typesupport_fastrtps_cpp.dir/rosidl_typesupport_fastrtps_cpp/septentrio_gnss_driver/msg/detail/dds_fastrtps/meas_epoch_channel_type1__type_support.cpp.o[0m
[22.515s] [  3%] [32mBuilding CXX object CMakeFiles/septentrio_gnss_driver__rosidl_typesupport_fastrtps_cpp.dir/rosidl_typesupport_fastrtps_cpp/septentrio_gnss_driver/msg/detail/dds_fastrtps/meas_epoch_channel_type2__type_support.cpp.o[0m
[23.045s] [  4%] [32mBuilding CXX object CMakeFiles/septentrio_gnss_driver__rosidl_typesupport_fastrtps_cpp.dir/rosidl_typesupport_fastrtps_cpp/septentrio_gnss_driver/msg/detail/dds_fastrtps/pvt_cartesian__type_support.cpp.o[0m
[23.584s] [  4%] [32mBuilding CXX object CMakeFiles/septentrio_gnss_driver__rosidl_typesupport_fastrtps_cpp.dir/rosidl_typesupport_fastrtps_cpp/septentrio_gnss_driver/msg/detail/dds_fastrtps/pvt_geodetic__type_support.cpp.o[0m
[24.132s] [  5%] [32mBuilding CXX object CMakeFiles/septentrio_gnss_driver__rosidl_typesupport_fastrtps_cpp.dir/rosidl_typesupport_fastrtps_cpp/septentrio_gnss_driver/msg/detail/dds_fastrtps/pos_cov_cartesian__type_support.cpp.o[0m
[24.641s] [  5%] [32mBuilding CXX object CMakeFiles/septentrio_gnss_driver__rosidl_typesupport_fastrtps_cpp.dir/rosidl_typesupport_fastrtps_cpp/septentrio_gnss_driver/msg/detail/dds_fastrtps/pos_cov_geodetic__type_support.cpp.o[0m
[25.172s] [  5%] [32mBuilding CXX object CMakeFiles/septentrio_gnss_driver__rosidl_typesupport_fastrtps_cpp.dir/rosidl_typesupport_fastrtps_cpp/septentrio_gnss_driver/msg/detail/dds_fastrtps/receiver_time__type_support.cpp.o[0m
[25.631s] [  6%] [32mBuilding CXX object CMakeFiles/septentrio_gnss_driver__rosidl_typesupport_fastrtps_cpp.dir/rosidl_typesupport_fastrtps_cpp/septentrio_gnss_driver/msg/detail/dds_fastrtps/vel_cov_cartesian__type_support.cpp.o[0m
[26.102s] [  6%] [32mBuilding CXX object CMakeFiles/septentrio_gnss_driver__rosidl_typesupport_fastrtps_cpp.dir/rosidl_typesupport_fastrtps_cpp/septentrio_gnss_driver/msg/detail/dds_fastrtps/vel_cov_geodetic__type_support.cpp.o[0m
[26.543s] [  7%] [32mBuilding CXX object CMakeFiles/septentrio_gnss_driver__rosidl_typesupport_fastrtps_cpp.dir/rosidl_typesupport_fastrtps_cpp/septentrio_gnss_driver/msg/detail/dds_fastrtps/att_euler__type_support.cpp.o[0m
[27.034s] [  7%] [32mBuilding CXX object CMakeFiles/septentrio_gnss_driver__rosidl_typesupport_fastrtps_cpp.dir/rosidl_typesupport_fastrtps_cpp/septentrio_gnss_driver/msg/detail/dds_fastrtps/att_cov_euler__type_support.cpp.o[0m
[27.498s] [  7%] [32mBuilding CXX object CMakeFiles/septentrio_gnss_driver__rosidl_typesupport_fastrtps_cpp.dir/rosidl_typesupport_fastrtps_cpp/septentrio_gnss_driver/msg/detail/dds_fastrtps/ins_nav_cart__type_support.cpp.o[0m
[28.002s] [  8%] [32mBuilding CXX object CMakeFiles/septentrio_gnss_driver__rosidl_typesupport_fastrtps_cpp.dir/rosidl_typesupport_fastrtps_cpp/septentrio_gnss_driver/msg/detail/dds_fastrtps/ins_nav_geod__type_support.cpp.o[0m
[28.500s] [  8%] [32mBuilding CXX object CMakeFiles/septentrio_gnss_driver__rosidl_typesupport_fastrtps_cpp.dir/rosidl_typesupport_fastrtps_cpp/septentrio_gnss_driver/msg/detail/dds_fastrtps/imu_setup__type_support.cpp.o[0m
[28.991s] [  9%] [32mBuilding CXX object CMakeFiles/septentrio_gnss_driver__rosidl_typesupport_fastrtps_cpp.dir/rosidl_typesupport_fastrtps_cpp/septentrio_gnss_driver/msg/detail/dds_fastrtps/vector_info_cart__type_support.cpp.o[0m
[29.512s] [  9%] [32mBuilding CXX object CMakeFiles/septentrio_gnss_driver__rosidl_typesupport_fastrtps_cpp.dir/rosidl_typesupport_fastrtps_cpp/septentrio_gnss_driver/msg/detail/dds_fastrtps/vector_info_geod__type_support.cpp.o[0m
[30.024s] [  9%] [32mBuilding CXX object CMakeFiles/septentrio_gnss_driver__rosidl_typesupport_fastrtps_cpp.dir/rosidl_typesupport_fastrtps_cpp/septentrio_gnss_driver/msg/detail/dds_fastrtps/vel_sensor_setup__type_support.cpp.o[0m
[30.540s] [ 10%] [32mBuilding CXX object CMakeFiles/septentrio_gnss_driver__rosidl_typesupport_fastrtps_cpp.dir/rosidl_typesupport_fastrtps_cpp/septentrio_gnss_driver/msg/detail/dds_fastrtps/ext_sensor_meas__type_support.cpp.o[0m
[31.167s] [ 10%] [32mBuilding CXX object CMakeFiles/septentrio_gnss_driver__rosidl_typesupport_fastrtps_cpp.dir/rosidl_typesupport_fastrtps_cpp/septentrio_gnss_driver/msg/detail/dds_fastrtps/rf_status__type_support.cpp.o[0m
[31.722s] [ 10%] [32mBuilding CXX object CMakeFiles/septentrio_gnss_driver__rosidl_typesupport_fastrtps_cpp.dir/rosidl_typesupport_fastrtps_cpp/septentrio_gnss_driver/msg/detail/dds_fastrtps/rf_band__type_support.cpp.o[0m
[32.230s] [ 11%] [32mBuilding CXX object CMakeFiles/septentrio_gnss_driver__rosidl_typesupport_fastrtps_cpp.dir/rosidl_typesupport_fastrtps_cpp/septentrio_gnss_driver/msg/detail/dds_fastrtps/gal_auth_status__type_support.cpp.o[0m
[32.693s] [ 11%] [32mBuilding CXX object CMakeFiles/septentrio_gnss_driver__rosidl_typesupport_fastrtps_cpp.dir/rosidl_typesupport_fastrtps_cpp/septentrio_gnss_driver/msg/detail/dds_fastrtps/block_header__type_support.cpp.o[0m
[33.237s] [ 12%] [32mBuilding CXX object CMakeFiles/septentrio_gnss_driver__rosidl_typesupport_fastrtps_cpp.dir/rosidl_typesupport_fastrtps_cpp/septentrio_gnss_driver/msg/detail/dds_fastrtps/base_vector_geod__type_support.cpp.o[0m
[33.238s] [ 12%] [32mBuilding CXX object CMakeFiles/septentrio_gnss_driver__rosidl_typesupport_fastrtps_cpp.dir/rosidl_typesupport_fastrtps_cpp/septentrio_gnss_driver/msg/detail/dds_fastrtps/base_vector_cart__type_support.cpp.o[0m
[33.817s] [ 12%] [32m[1mLinking CXX shared library libseptentrio_gnss_driver__rosidl_typesupport_fastrtps_cpp.so[0m
[33.934s] [ 12%] Built target septentrio_gnss_driver__rosidl_typesupport_fastrtps_cpp
[33.945s] [35m[1mScanning dependencies of target gtest[0m
[33.946s] [ 13%] [34m[1mGenerating C++ type support dispatch for ROS interfaces[0m
[33.947s] [ 13%] [34m[1mGenerating C++ introspection for ROS interfaces[0m
[33.966s] [ 13%] [32mBuilding CXX object gtest/CMakeFiles/gtest.dir/src/gtest-all.cc.o[0m
[39.085s] [35m[1mScanning dependencies of target septentrio_gnss_driver__rosidl_typesupport_cpp[0m
[39.120s] [ 13%] [32mBuilding CXX object CMakeFiles/septentrio_gnss_driver__rosidl_typesupport_cpp.dir/rosidl_typesupport_cpp/septentrio_gnss_driver/msg/aim_plus_status__type_support.cpp.o[0m
[39.127s] [ 14%] [32mBuilding CXX object CMakeFiles/septentrio_gnss_driver__rosidl_typesupport_cpp.dir/rosidl_typesupport_cpp/septentrio_gnss_driver/msg/base_vector_cart__type_support.cpp.o[0m
[39.464s] [35m[1mScanning dependencies of target septentrio_gnss_driver__rosidl_typesupport_introspection_cpp[0m
[39.512s] [ 15%] [32mBuilding CXX object CMakeFiles/septentrio_gnss_driver__rosidl_typesupport_introspection_cpp.dir/rosidl_typesupport_introspection_cpp/septentrio_gnss_driver/msg/detail/aim_plus_status__type_support.cpp.o[0m
[39.603s] [ 15%] [32mBuilding CXX object CMakeFiles/septentrio_gnss_driver__rosidl_typesupport_introspection_cpp.dir/rosidl_typesupport_introspection_cpp/septentrio_gnss_driver/msg/detail/base_vector_cart__type_support.cpp.o[0m
[39.604s] [ 15%] [32mBuilding CXX object CMakeFiles/septentrio_gnss_driver__rosidl_typesupport_cpp.dir/rosidl_typesupport_cpp/septentrio_gnss_driver/msg/meas_epoch_channel_type1__type_support.cpp.o[0m
[39.618s] [ 16%] [32mBuilding CXX object CMakeFiles/septentrio_gnss_driver__rosidl_typesupport_cpp.dir/rosidl_typesupport_cpp/septentrio_gnss_driver/msg/meas_epoch__type_support.cpp.o[0m
[40.108s] [ 16%] [32mBuilding CXX object CMakeFiles/septentrio_gnss_driver__rosidl_typesupport_introspection_cpp.dir/rosidl_typesupport_introspection_cpp/septentrio_gnss_driver/msg/detail/block_header__type_support.cpp.o[0m
[40.112s] [ 16%] [32mBuilding CXX object CMakeFiles/septentrio_gnss_driver__rosidl_typesupport_cpp.dir/rosidl_typesupport_cpp/septentrio_gnss_driver/msg/rf_status__type_support.cpp.o[0m
[40.187s] [ 17%] [32mBuilding CXX object CMakeFiles/septentrio_gnss_driver__rosidl_typesupport_introspection_cpp.dir/rosidl_typesupport_introspection_cpp/septentrio_gnss_driver/msg/detail/base_vector_geod__type_support.cpp.o[0m
[40.212s] [ 17%] [32mBuilding CXX object CMakeFiles/septentrio_gnss_driver__rosidl_typesupport_introspection_cpp.dir/rosidl_typesupport_introspection_cpp/septentrio_gnss_driver/msg/detail/gal_auth_status__type_support.cpp.o[0m
[40.278s] [ 18%] [32mBuilding CXX object CMakeFiles/septentrio_gnss_driver__rosidl_typesupport_cpp.dir/rosidl_typesupport_cpp/septentrio_gnss_driver/msg/meas_epoch_channel_type2__type_support.cpp.o[0m
[40.599s] [ 18%] [32mBuilding CXX object CMakeFiles/septentrio_gnss_driver__rosidl_typesupport_cpp.dir/rosidl_typesupport_cpp/septentrio_gnss_driver/msg/rf_band__type_support.cpp.o[0m
[40.726s] [ 19%] [32mBuilding CXX object CMakeFiles/septentrio_gnss_driver__rosidl_typesupport_cpp.dir/rosidl_typesupport_cpp/septentrio_gnss_driver/msg/gal_auth_status__type_support.cpp.o[0m
[40.785s] [ 20%] [32mBuilding CXX object CMakeFiles/septentrio_gnss_driver__rosidl_typesupport_introspection_cpp.dir/rosidl_typesupport_introspection_cpp/septentrio_gnss_driver/msg/detail/meas_epoch__type_support.cpp.o[0m
[40.790s] [ 20%] [32mBuilding CXX object CMakeFiles/septentrio_gnss_driver__rosidl_typesupport_cpp.dir/rosidl_typesupport_cpp/septentrio_gnss_driver/msg/pvt_cartesian__type_support.cpp.o[0m
[40.827s] [ 20%] [32mBuilding CXX object CMakeFiles/septentrio_gnss_driver__rosidl_typesupport_introspection_cpp.dir/rosidl_typesupport_introspection_cpp/septentrio_gnss_driver/msg/detail/rf_status__type_support.cpp.o[0m
[41.004s] [ 21%] [32mBuilding CXX object CMakeFiles/septentrio_gnss_driver__rosidl_typesupport_introspection_cpp.dir/rosidl_typesupport_introspection_cpp/septentrio_gnss_driver/msg/detail/rf_band__type_support.cpp.o[0m
[41.107s] [ 22%] [32mBuilding CXX object CMakeFiles/septentrio_gnss_driver__rosidl_typesupport_cpp.dir/rosidl_typesupport_cpp/septentrio_gnss_driver/msg/pos_cov_cartesian__type_support.cpp.o[0m
[41.417s] [ 22%] [32mBuilding CXX object CMakeFiles/septentrio_gnss_driver__rosidl_typesupport_cpp.dir/rosidl_typesupport_cpp/septentrio_gnss_driver/msg/pvt_geodetic__type_support.cpp.o[0m
[41.520s] [ 22%] [32mBuilding CXX object CMakeFiles/septentrio_gnss_driver__rosidl_typesupport_cpp.dir/rosidl_typesupport_cpp/septentrio_gnss_driver/msg/block_header__type_support.cpp.o[0m
[41.598s] [ 23%] [32mBuilding CXX object CMakeFiles/septentrio_gnss_driver__rosidl_typesupport_introspection_cpp.dir/rosidl_typesupport_introspection_cpp/septentrio_gnss_driver/msg/detail/pvt_cartesian__type_support.cpp.o[0m
[41.603s] [ 23%] [32mBuilding CXX object CMakeFiles/septentrio_gnss_driver__rosidl_typesupport_introspection_cpp.dir/rosidl_typesupport_introspection_cpp/septentrio_gnss_driver/msg/detail/meas_epoch_channel_type2__type_support.cpp.o[0m
[41.723s] [ 23%] [32mBuilding CXX object CMakeFiles/septentrio_gnss_driver__rosidl_typesupport_introspection_cpp.dir/rosidl_typesupport_introspection_cpp/septentrio_gnss_driver/msg/detail/meas_epoch_channel_type1__type_support.cpp.o[0m
[41.837s] [ 23%] [32mBuilding CXX object CMakeFiles/septentrio_gnss_driver__rosidl_typesupport_introspection_cpp.dir/rosidl_typesupport_introspection_cpp/septentrio_gnss_driver/msg/detail/pvt_geodetic__type_support.cpp.o[0m
[41.838s] [ 23%] [32mBuilding CXX object CMakeFiles/septentrio_gnss_driver__rosidl_typesupport_cpp.dir/rosidl_typesupport_cpp/septentrio_gnss_driver/msg/vel_cov_cartesian__type_support.cpp.o[0m
[42.122s] [ 24%] [32mBuilding CXX object CMakeFiles/septentrio_gnss_driver__rosidl_typesupport_cpp.dir/rosidl_typesupport_cpp/septentrio_gnss_driver/msg/receiver_time__type_support.cpp.o[0m
[42.201s] [ 24%] [32mBuilding CXX object CMakeFiles/septentrio_gnss_driver__rosidl_typesupport_cpp.dir/rosidl_typesupport_cpp/septentrio_gnss_driver/msg/pos_cov_geodetic__type_support.cpp.o[0m
[42.310s] [ 24%] [32mBuilding CXX object CMakeFiles/septentrio_gnss_driver__rosidl_typesupport_introspection_cpp.dir/rosidl_typesupport_introspection_cpp/septentrio_gnss_driver/msg/detail/pos_cov_geodetic__type_support.cpp.o[0m
[42.342s] [ 25%] [32mBuilding CXX object CMakeFiles/septentrio_gnss_driver__rosidl_typesupport_introspection_cpp.dir/rosidl_typesupport_introspection_cpp/septentrio_gnss_driver/msg/detail/pos_cov_cartesian__type_support.cpp.o[0m
[42.871s] [ 25%] [32mBuilding CXX object CMakeFiles/septentrio_gnss_driver__rosidl_typesupport_cpp.dir/rosidl_typesupport_cpp/septentrio_gnss_driver/msg/ins_nav_geod__type_support.cpp.o[0m
[42.977s] [ 26%] [32mBuilding CXX object CMakeFiles/septentrio_gnss_driver__rosidl_typesupport_introspection_cpp.dir/rosidl_typesupport_introspection_cpp/septentrio_gnss_driver/msg/detail/vel_cov_cartesian__type_support.cpp.o[0m
[43.396s] [ 27%] [32mBuilding CXX object CMakeFiles/septentrio_gnss_driver__rosidl_typesupport_cpp.dir/rosidl_typesupport_cpp/septentrio_gnss_driver/msg/vector_info_cart__type_support.cpp.o[0m
[43.454s] [ 27%] [32mBuilding CXX object CMakeFiles/septentrio_gnss_driver__rosidl_typesupport_introspection_cpp.dir/rosidl_typesupport_introspection_cpp/septentrio_gnss_driver/msg/detail/vel_cov_geodetic__type_support.cpp.o[0m
[43.837s] [ 27%] [32mBuilding CXX object CMakeFiles/septentrio_gnss_driver__rosidl_typesupport_cpp.dir/rosidl_typesupport_cpp/septentrio_gnss_driver/msg/vector_info_geod__type_support.cpp.o[0m
[43.940s] [ 27%] [32mBuilding CXX object CMakeFiles/septentrio_gnss_driver__rosidl_typesupport_introspection_cpp.dir/rosidl_typesupport_introspection_cpp/septentrio_gnss_driver/msg/detail/att_euler__type_support.cpp.o[0m
[44.377s] [ 28%] [32mBuilding CXX object CMakeFiles/septentrio_gnss_driver__rosidl_typesupport_cpp.dir/rosidl_typesupport_cpp/septentrio_gnss_driver/msg/vel_sensor_setup__type_support.cpp.o[0m
[44.438s] [ 29%] [32mBuilding CXX object CMakeFiles/septentrio_gnss_driver__rosidl_typesupport_introspection_cpp.dir/rosidl_typesupport_introspection_cpp/septentrio_gnss_driver/msg/detail/att_cov_euler__type_support.cpp.o[0m
[44.802s] [ 29%] [32mBuilding CXX object CMakeFiles/septentrio_gnss_driver__rosidl_typesupport_cpp.dir/rosidl_typesupport_cpp/septentrio_gnss_driver/msg/ext_sensor_meas__type_support.cpp.o[0m
[44.888s] [ 29%] [32mBuilding CXX object CMakeFiles/septentrio_gnss_driver__rosidl_typesupport_introspection_cpp.dir/rosidl_typesupport_introspection_cpp/septentrio_gnss_driver/msg/detail/ins_nav_cart__type_support.cpp.o[0m
[45.218s] [ 29%] [32mBuilding CXX object CMakeFiles/septentrio_gnss_driver__rosidl_typesupport_cpp.dir/rosidl_typesupport_cpp/septentrio_gnss_driver/msg/imu_setup__type_support.cpp.o[0m
[45.341s] [ 29%] [32mBuilding CXX object CMakeFiles/septentrio_gnss_driver__rosidl_typesupport_introspection_cpp.dir/rosidl_typesupport_introspection_cpp/septentrio_gnss_driver/msg/detail/imu_setup__type_support.cpp.o[0m
[45.644s] [ 30%] [32mBuilding CXX object CMakeFiles/septentrio_gnss_driver__rosidl_typesupport_cpp.dir/rosidl_typesupport_cpp/septentrio_gnss_driver/msg/ins_nav_cart__type_support.cpp.o[0m
[45.798s] [ 31%] [32mBuilding CXX object CMakeFiles/septentrio_gnss_driver__rosidl_typesupport_introspection_cpp.dir/rosidl_typesupport_introspection_cpp/septentrio_gnss_driver/msg/detail/vector_info_geod__type_support.cpp.o[0m
[46.091s] [ 31%] [32mBuilding CXX object CMakeFiles/septentrio_gnss_driver__rosidl_typesupport_cpp.dir/rosidl_typesupport_cpp/septentrio_gnss_driver/msg/att_cov_euler__type_support.cpp.o[0m
[46.274s] [ 32%] [32mBuilding CXX object CMakeFiles/septentrio_gnss_driver__rosidl_typesupport_introspection_cpp.dir/rosidl_typesupport_introspection_cpp/septentrio_gnss_driver/msg/detail/ext_sensor_meas__type_support.cpp.o[0m
[46.418s] [ 32%] [32m[1mLinking CXX static library libgtest.a[0m
[46.479s] [ 32%] Built target gtest
[46.555s] [ 33%] [32mBuilding CXX object CMakeFiles/septentrio_gnss_driver__rosidl_typesupport_cpp.dir/rosidl_typesupport_cpp/septentrio_gnss_driver/msg/att_euler__type_support.cpp.o[0m
[46.819s] [ 33%] [32mBuilding CXX object CMakeFiles/septentrio_gnss_driver__rosidl_typesupport_introspection_cpp.dir/rosidl_typesupport_introspection_cpp/septentrio_gnss_driver/msg/detail/vel_sensor_setup__type_support.cpp.o[0m
[46.956s] [ 33%] [32mBuilding CXX object CMakeFiles/septentrio_gnss_driver__rosidl_typesupport_cpp.dir/rosidl_typesupport_cpp/septentrio_gnss_driver/msg/vel_cov_geodetic__type_support.cpp.o[0m
[47.225s] [ 33%] [32mBuilding CXX object CMakeFiles/septentrio_gnss_driver__rosidl_typesupport_introspection_cpp.dir/rosidl_typesupport_introspection_cpp/septentrio_gnss_driver/msg/detail/vector_info_cart__type_support.cpp.o[0m
[47.341s] [ 33%] [32mBuilding CXX object CMakeFiles/septentrio_gnss_driver__rosidl_typesupport_cpp.dir/rosidl_typesupport_cpp/septentrio_gnss_driver/msg/base_vector_geod__type_support.cpp.o[0m
[47.610s] [ 34%] [32mBuilding CXX object CMakeFiles/septentrio_gnss_driver__rosidl_typesupport_introspection_cpp.dir/rosidl_typesupport_introspection_cpp/septentrio_gnss_driver/msg/detail/ins_nav_geod__type_support.cpp.o[0m
[47.741s] [ 34%] [32m[1mLinking CXX shared library libseptentrio_gnss_driver__rosidl_typesupport_cpp.so[0m
[47.837s] [ 34%] Built target septentrio_gnss_driver__rosidl_typesupport_cpp
[48.114s] [ 34%] [32mBuilding CXX object CMakeFiles/septentrio_gnss_driver__rosidl_typesupport_introspection_cpp.dir/rosidl_typesupport_introspection_cpp/septentrio_gnss_driver/msg/detail/receiver_time__type_support.cpp.o[0m
[48.549s] [ 34%] [32m[1mLinking CXX shared library libseptentrio_gnss_driver__rosidl_typesupport_introspection_cpp.so[0m
[48.671s] [ 34%] Built target septentrio_gnss_driver__rosidl_typesupport_introspection_cpp
[48.689s] [ 35%] [34m[1mGenerating C code for ROS interfaces[0m
[55.536s] [35m[1mScanning dependencies of target septentrio_gnss_driver__rosidl_generator_c[0m
[55.568s] [ 35%] [32mBuilding C object CMakeFiles/septentrio_gnss_driver__rosidl_generator_c.dir/rosidl_generator_c/septentrio_gnss_driver/msg/detail/aim_plus_status__functions.c.o[0m
[55.694s] [ 36%] [32mBuilding C object CMakeFiles/septentrio_gnss_driver__rosidl_generator_c.dir/rosidl_generator_c/septentrio_gnss_driver/msg/detail/pvt_geodetic__functions.c.o[0m
[55.835s] [ 36%] [32mBuilding C object CMakeFiles/septentrio_gnss_driver__rosidl_generator_c.dir/rosidl_generator_c/septentrio_gnss_driver/msg/detail/pos_cov_cartesian__functions.c.o[0m
[55.968s] [ 36%] [32mBuilding C object CMakeFiles/septentrio_gnss_driver__rosidl_generator_c.dir/rosidl_generator_c/septentrio_gnss_driver/msg/detail/pos_cov_geodetic__functions.c.o[0m
[56.101s] [ 37%] [32mBuilding C object CMakeFiles/septentrio_gnss_driver__rosidl_generator_c.dir/rosidl_generator_c/septentrio_gnss_driver/msg/detail/receiver_time__functions.c.o[0m
[56.230s] [ 37%] [32mBuilding C object CMakeFiles/septentrio_gnss_driver__rosidl_generator_c.dir/rosidl_generator_c/septentrio_gnss_driver/msg/detail/vel_cov_cartesian__functions.c.o[0m
[56.359s] [ 38%] [32mBuilding C object CMakeFiles/septentrio_gnss_driver__rosidl_generator_c.dir/rosidl_generator_c/septentrio_gnss_driver/msg/detail/vel_cov_geodetic__functions.c.o[0m
[56.488s] [ 38%] [32mBuilding C object CMakeFiles/septentrio_gnss_driver__rosidl_generator_c.dir/rosidl_generator_c/septentrio_gnss_driver/msg/detail/att_euler__functions.c.o[0m
[56.615s] [ 38%] [32mBuilding C object CMakeFiles/septentrio_gnss_driver__rosidl_generator_c.dir/rosidl_generator_c/septentrio_gnss_driver/msg/detail/att_cov_euler__functions.c.o[0m
[56.755s] [ 39%] [32mBuilding C object CMakeFiles/septentrio_gnss_driver__rosidl_generator_c.dir/rosidl_generator_c/septentrio_gnss_driver/msg/detail/ins_nav_cart__functions.c.o[0m
[56.893s] [ 39%] [32mBuilding C object CMakeFiles/septentrio_gnss_driver__rosidl_generator_c.dir/rosidl_generator_c/septentrio_gnss_driver/msg/detail/ins_nav_geod__functions.c.o[0m
[57.025s] [ 40%] [32mBuilding C object CMakeFiles/septentrio_gnss_driver__rosidl_generator_c.dir/rosidl_generator_c/septentrio_gnss_driver/msg/detail/imu_setup__functions.c.o[0m
[57.140s] [ 40%] [32mBuilding C object CMakeFiles/septentrio_gnss_driver__rosidl_generator_c.dir/rosidl_generator_c/septentrio_gnss_driver/msg/detail/vector_info_cart__functions.c.o[0m
[57.250s] [ 40%] [32mBuilding C object CMakeFiles/septentrio_gnss_driver__rosidl_generator_c.dir/rosidl_generator_c/septentrio_gnss_driver/msg/detail/vector_info_geod__functions.c.o[0m
[57.358s] [ 41%] [32mBuilding C object CMakeFiles/septentrio_gnss_driver__rosidl_generator_c.dir/rosidl_generator_c/septentrio_gnss_driver/msg/detail/vel_sensor_setup__functions.c.o[0m
[57.470s] [ 41%] [32mBuilding C object CMakeFiles/septentrio_gnss_driver__rosidl_generator_c.dir/rosidl_generator_c/septentrio_gnss_driver/msg/detail/ext_sensor_meas__functions.c.o[0m
[57.598s] [ 41%] [32mBuilding C object CMakeFiles/septentrio_gnss_driver__rosidl_generator_c.dir/rosidl_generator_c/septentrio_gnss_driver/msg/detail/pvt_cartesian__functions.c.o[0m
[57.729s] [ 42%] [32mBuilding C object CMakeFiles/septentrio_gnss_driver__rosidl_generator_c.dir/rosidl_generator_c/septentrio_gnss_driver/msg/detail/meas_epoch_channel_type2__functions.c.o[0m
[57.836s] [ 42%] [32mBuilding C object CMakeFiles/septentrio_gnss_driver__rosidl_generator_c.dir/rosidl_generator_c/septentrio_gnss_driver/msg/detail/meas_epoch_channel_type1__functions.c.o[0m
[57.949s] [ 42%] [32mBuilding C object CMakeFiles/septentrio_gnss_driver__rosidl_generator_c.dir/rosidl_generator_c/septentrio_gnss_driver/msg/detail/meas_epoch__functions.c.o[0m
[58.065s] [ 43%] [32mBuilding C object CMakeFiles/septentrio_gnss_driver__rosidl_generator_c.dir/rosidl_generator_c/septentrio_gnss_driver/msg/detail/rf_status__functions.c.o[0m
[58.177s] [ 43%] [32mBuilding C object CMakeFiles/septentrio_gnss_driver__rosidl_generator_c.dir/rosidl_generator_c/septentrio_gnss_driver/msg/detail/rf_band__functions.c.o[0m
[58.278s] [ 44%] [32mBuilding C object CMakeFiles/septentrio_gnss_driver__rosidl_generator_c.dir/rosidl_generator_c/septentrio_gnss_driver/msg/detail/gal_auth_status__functions.c.o[0m
[58.392s] [ 44%] [32mBuilding C object CMakeFiles/septentrio_gnss_driver__rosidl_generator_c.dir/rosidl_generator_c/septentrio_gnss_driver/msg/detail/block_header__functions.c.o[0m
[58.495s] [ 44%] [32mBuilding C object CMakeFiles/septentrio_gnss_driver__rosidl_generator_c.dir/rosidl_generator_c/septentrio_gnss_driver/msg/detail/base_vector_geod__functions.c.o[0m
[58.606s] [ 45%] [32mBuilding C object CMakeFiles/septentrio_gnss_driver__rosidl_generator_c.dir/rosidl_generator_c/septentrio_gnss_driver/msg/detail/base_vector_cart__functions.c.o[0m
[58.720s] [ 46%] [32m[1mLinking C shared library libseptentrio_gnss_driver__rosidl_generator_c.so[0m
[58.775s] [ 46%] Built target septentrio_gnss_driver__rosidl_generator_c
[58.789s] [ 46%] [34m[1mGenerating C type support dispatch for ROS interfaces[0m
[63.080s] [35m[1mScanning dependencies of target septentrio_gnss_driver__rosidl_typesupport_c[0m
[63.105s] [ 47%] [32mBuilding CXX object CMakeFiles/septentrio_gnss_driver__rosidl_typesupport_c.dir/rosidl_typesupport_c/septentrio_gnss_driver/msg/base_vector_cart__type_support.cpp.o[0m
[63.105s] [ 47%] [32mBuilding CXX object CMakeFiles/septentrio_gnss_driver__rosidl_typesupport_c.dir/rosidl_typesupport_c/septentrio_gnss_driver/msg/aim_plus_status__type_support.cpp.o[0m
[63.141s] [ 48%] [32mBuilding CXX object CMakeFiles/septentrio_gnss_driver__rosidl_typesupport_c.dir/rosidl_typesupport_c/septentrio_gnss_driver/msg/meas_epoch_channel_type2__type_support.cpp.o[0m
[63.178s] [ 49%] [32mBuilding CXX object CMakeFiles/septentrio_gnss_driver__rosidl_typesupport_c.dir/rosidl_typesupport_c/septentrio_gnss_driver/msg/pvt_geodetic__type_support.cpp.o[0m
[63.216s] [ 49%] [32mBuilding CXX object CMakeFiles/septentrio_gnss_driver__rosidl_typesupport_c.dir/rosidl_typesupport_c/septentrio_gnss_driver/msg/pos_cov_cartesian__type_support.cpp.o[0m
[63.253s] [ 49%] [32mBuilding CXX object CMakeFiles/septentrio_gnss_driver__rosidl_typesupport_c.dir/rosidl_typesupport_c/septentrio_gnss_driver/msg/pos_cov_geodetic__type_support.cpp.o[0m
[63.289s] [ 50%] [32mBuilding CXX object CMakeFiles/septentrio_gnss_driver__rosidl_typesupport_c.dir/rosidl_typesupport_c/septentrio_gnss_driver/msg/receiver_time__type_support.cpp.o[0m
[63.325s] [ 50%] [32mBuilding CXX object CMakeFiles/septentrio_gnss_driver__rosidl_typesupport_c.dir/rosidl_typesupport_c/septentrio_gnss_driver/msg/vel_cov_cartesian__type_support.cpp.o[0m
[63.362s] [ 51%] [32mBuilding CXX object CMakeFiles/septentrio_gnss_driver__rosidl_typesupport_c.dir/rosidl_typesupport_c/septentrio_gnss_driver/msg/vel_cov_geodetic__type_support.cpp.o[0m
[63.399s] [ 51%] [32mBuilding CXX object CMakeFiles/septentrio_gnss_driver__rosidl_typesupport_c.dir/rosidl_typesupport_c/septentrio_gnss_driver/msg/att_euler__type_support.cpp.o[0m
[63.435s] [ 51%] [32mBuilding CXX object CMakeFiles/septentrio_gnss_driver__rosidl_typesupport_c.dir/rosidl_typesupport_c/septentrio_gnss_driver/msg/att_cov_euler__type_support.cpp.o[0m
[63.471s] [ 52%] [32mBuilding CXX object CMakeFiles/septentrio_gnss_driver__rosidl_typesupport_c.dir/rosidl_typesupport_c/septentrio_gnss_driver/msg/ins_nav_cart__type_support.cpp.o[0m
[63.508s] [ 52%] [32mBuilding CXX object CMakeFiles/septentrio_gnss_driver__rosidl_typesupport_c.dir/rosidl_typesupport_c/septentrio_gnss_driver/msg/ins_nav_geod__type_support.cpp.o[0m
[63.544s] [ 53%] [32mBuilding CXX object CMakeFiles/septentrio_gnss_driver__rosidl_typesupport_c.dir/rosidl_typesupport_c/septentrio_gnss_driver/msg/imu_setup__type_support.cpp.o[0m
[63.579s] [ 53%] [32mBuilding CXX object CMakeFiles/septentrio_gnss_driver__rosidl_typesupport_c.dir/rosidl_typesupport_c/septentrio_gnss_driver/msg/vector_info_cart__type_support.cpp.o[0m
[63.614s] [ 53%] [32mBuilding CXX object CMakeFiles/septentrio_gnss_driver__rosidl_typesupport_c.dir/rosidl_typesupport_c/septentrio_gnss_driver/msg/vector_info_geod__type_support.cpp.o[0m
[63.649s] [ 54%] [32mBuilding CXX object CMakeFiles/septentrio_gnss_driver__rosidl_typesupport_c.dir/rosidl_typesupport_c/septentrio_gnss_driver/msg/vel_sensor_setup__type_support.cpp.o[0m
[63.686s] [ 54%] [32mBuilding CXX object CMakeFiles/septentrio_gnss_driver__rosidl_typesupport_c.dir/rosidl_typesupport_c/septentrio_gnss_driver/msg/ext_sensor_meas__type_support.cpp.o[0m
[63.723s] [ 54%] [32mBuilding CXX object CMakeFiles/septentrio_gnss_driver__rosidl_typesupport_c.dir/rosidl_typesupport_c/septentrio_gnss_driver/msg/pvt_cartesian__type_support.cpp.o[0m
[63.759s] [ 54%] [32mBuilding CXX object CMakeFiles/septentrio_gnss_driver__rosidl_typesupport_c.dir/rosidl_typesupport_c/septentrio_gnss_driver/msg/meas_epoch__type_support.cpp.o[0m
[63.759s] [ 54%] [32mBuilding CXX object CMakeFiles/septentrio_gnss_driver__rosidl_typesupport_c.dir/rosidl_typesupport_c/septentrio_gnss_driver/msg/meas_epoch_channel_type1__type_support.cpp.o[0m
[63.795s] [ 55%] [32mBuilding CXX object CMakeFiles/septentrio_gnss_driver__rosidl_typesupport_c.dir/rosidl_typesupport_c/septentrio_gnss_driver/msg/rf_status__type_support.cpp.o[0m
[63.796s] [ 55%] [32mBuilding CXX object CMakeFiles/septentrio_gnss_driver__rosidl_typesupport_c.dir/rosidl_typesupport_c/septentrio_gnss_driver/msg/rf_band__type_support.cpp.o[0m
[63.832s] [ 56%] [32mBuilding CXX object CMakeFiles/septentrio_gnss_driver__rosidl_typesupport_c.dir/rosidl_typesupport_c/septentrio_gnss_driver/msg/gal_auth_status__type_support.cpp.o[0m
[63.868s] [ 56%] [32mBuilding CXX object CMakeFiles/septentrio_gnss_driver__rosidl_typesupport_c.dir/rosidl_typesupport_c/septentrio_gnss_driver/msg/block_header__type_support.cpp.o[0m
[63.904s] [ 56%] [32mBuilding CXX object CMakeFiles/septentrio_gnss_driver__rosidl_typesupport_c.dir/rosidl_typesupport_c/septentrio_gnss_driver/msg/base_vector_geod__type_support.cpp.o[0m
[63.941s] [ 57%] [32m[1mLinking CXX shared library libseptentrio_gnss_driver__rosidl_typesupport_c.so[0m
[63.997s] [ 57%] Built target septentrio_gnss_driver__rosidl_typesupport_c
[64.011s] [ 59%] [34m[1mGenerating C introspection for ROS interfaces[0m
[64.011s] [ 59%] [34m[1mGenerating C type support for eProsima Fast-RTPS[0m
[68.355s] [35m[1mScanning dependencies of target septentrio_gnss_driver__rosidl_typesupport_introspection_c[0m
[68.394s] [ 59%] [32mBuilding C object CMakeFiles/septentrio_gnss_driver__rosidl_typesupport_introspection_c.dir/rosidl_typesupport_introspection_c/septentrio_gnss_driver/msg/detail/aim_plus_status__type_support.c.o[0m
[68.394s] [ 59%] [32mBuilding C object CMakeFiles/septentrio_gnss_driver__rosidl_typesupport_introspection_c.dir/rosidl_typesupport_introspection_c/septentrio_gnss_driver/msg/detail/base_vector_cart__type_support.c.o[0m
[68.398s] [ 60%] [32mBuilding C object CMakeFiles/septentrio_gnss_driver__rosidl_typesupport_introspection_c.dir/rosidl_typesupport_introspection_c/septentrio_gnss_driver/msg/detail/base_vector_geod__type_support.c.o[0m
[68.442s] [ 60%] [32mBuilding C object CMakeFiles/septentrio_gnss_driver__rosidl_typesupport_introspection_c.dir/rosidl_typesupport_introspection_c/septentrio_gnss_driver/msg/detail/pvt_cartesian__type_support.c.o[0m
[68.449s] [ 60%] [32mBuilding C object CMakeFiles/septentrio_gnss_driver__rosidl_typesupport_introspection_c.dir/rosidl_typesupport_introspection_c/septentrio_gnss_driver/msg/detail/pvt_geodetic__type_support.c.o[0m
[68.453s] [ 61%] [32mBuilding C object CMakeFiles/septentrio_gnss_driver__rosidl_typesupport_introspection_c.dir/rosidl_typesupport_introspection_c/septentrio_gnss_driver/msg/detail/pos_cov_cartesian__type_support.c.o[0m
[68.494s] [ 61%] [32mBuilding C object CMakeFiles/septentrio_gnss_driver__rosidl_typesupport_introspection_c.dir/rosidl_typesupport_introspection_c/septentrio_gnss_driver/msg/detail/pos_cov_geodetic__type_support.c.o[0m
[68.503s] [ 61%] [32mBuilding C object CMakeFiles/septentrio_gnss_driver__rosidl_typesupport_introspection_c.dir/rosidl_typesupport_introspection_c/septentrio_gnss_driver/msg/detail/receiver_time__type_support.c.o[0m
[68.508s] [ 62%] [32mBuilding C object CMakeFiles/septentrio_gnss_driver__rosidl_typesupport_introspection_c.dir/rosidl_typesupport_introspection_c/septentrio_gnss_driver/msg/detail/meas_epoch_channel_type2__type_support.c.o[0m
[68.551s] [ 62%] [32mBuilding C object CMakeFiles/septentrio_gnss_driver__rosidl_typesupport_introspection_c.dir/rosidl_typesupport_introspection_c/septentrio_gnss_driver/msg/detail/meas_epoch_channel_type1__type_support.c.o[0m
[68.577s] [ 62%] [32mBuilding C object CMakeFiles/septentrio_gnss_driver__rosidl_typesupport_introspection_c.dir/rosidl_typesupport_introspection_c/septentrio_gnss_driver/msg/detail/vel_cov_geodetic__type_support.c.o[0m
[68.581s] [ 63%] [32mBuilding C object CMakeFiles/septentrio_gnss_driver__rosidl_typesupport_introspection_c.dir/rosidl_typesupport_introspection_c/septentrio_gnss_driver/msg/detail/att_euler__type_support.c.o[0m
[68.623s] [ 63%] [32mBuilding C object CMakeFiles/septentrio_gnss_driver__rosidl_typesupport_introspection_c.dir/rosidl_typesupport_introspection_c/septentrio_gnss_driver/msg/detail/att_cov_euler__type_support.c.o[0m
[68.630s] [ 63%] [32mBuilding C object CMakeFiles/septentrio_gnss_driver__rosidl_typesupport_introspection_c.dir/rosidl_typesupport_introspection_c/septentrio_gnss_driver/msg/detail/ins_nav_cart__type_support.c.o[0m
[68.645s] [ 63%] [32mBuilding C object CMakeFiles/septentrio_gnss_driver__rosidl_typesupport_introspection_c.dir/rosidl_typesupport_introspection_c/septentrio_gnss_driver/msg/detail/imu_setup__type_support.c.o[0m
[68.689s] [ 64%] [32mBuilding C object CMakeFiles/septentrio_gnss_driver__rosidl_typesupport_introspection_c.dir/rosidl_typesupport_introspection_c/septentrio_gnss_driver/msg/detail/vector_info_cart__type_support.c.o[0m
[68.709s] [ 64%] [32mBuilding C object CMakeFiles/septentrio_gnss_driver__rosidl_typesupport_introspection_c.dir/rosidl_typesupport_introspection_c/septentrio_gnss_driver/msg/detail/vector_info_geod__type_support.c.o[0m
[68.718s] [ 64%] [32mBuilding C object CMakeFiles/septentrio_gnss_driver__rosidl_typesupport_introspection_c.dir/rosidl_typesupport_introspection_c/septentrio_gnss_driver/msg/detail/vel_sensor_setup__type_support.c.o[0m
[68.754s] [ 65%] [32mBuilding C object CMakeFiles/septentrio_gnss_driver__rosidl_typesupport_introspection_c.dir/rosidl_typesupport_introspection_c/septentrio_gnss_driver/msg/detail/ext_sensor_meas__type_support.c.o[0m
[68.776s] [ 67%] [32mBuilding C object CMakeFiles/septentrio_gnss_driver__rosidl_typesupport_introspection_c.dir/rosidl_typesupport_introspection_c/septentrio_gnss_driver/msg/detail/vel_cov_cartesian__type_support.c.o[0m
[68.777s] [ 67%] [32mBuilding C object CMakeFiles/septentrio_gnss_driver__rosidl_typesupport_introspection_c.dir/rosidl_typesupport_introspection_c/septentrio_gnss_driver/msg/detail/ins_nav_geod__type_support.c.o[0m
[68.787s] [ 68%] [32mBuilding C object CMakeFiles/septentrio_gnss_driver__rosidl_typesupport_introspection_c.dir/rosidl_typesupport_introspection_c/septentrio_gnss_driver/msg/detail/meas_epoch__type_support.c.o[0m
[68.819s] [35m[1mScanning dependencies of target septentrio_gnss_driver__rosidl_typesupport_fastrtps_c[0m
[68.823s] [ 68%] [32mBuilding C object CMakeFiles/septentrio_gnss_driver__rosidl_typesupport_introspection_c.dir/rosidl_typesupport_introspection_c/septentrio_gnss_driver/msg/detail/rf_status__type_support.c.o[0m
[68.839s] [ 69%] [32mBuilding C object CMakeFiles/septentrio_gnss_driver__rosidl_typesupport_introspection_c.dir/rosidl_typesupport_introspection_c/septentrio_gnss_driver/msg/detail/gal_auth_status__type_support.c.o[0m
[68.840s] [ 69%] [32mBuilding C object CMakeFiles/septentrio_gnss_driver__rosidl_typesupport_introspection_c.dir/rosidl_typesupport_introspection_c/septentrio_gnss_driver/msg/detail/rf_band__type_support.c.o[0m
[68.860s] [ 69%] [32mBuilding C object CMakeFiles/septentrio_gnss_driver__rosidl_typesupport_introspection_c.dir/rosidl_typesupport_introspection_c/septentrio_gnss_driver/msg/detail/block_header__type_support.c.o[0m
[68.889s] [ 69%] [32mBuilding CXX object CMakeFiles/septentrio_gnss_driver__rosidl_typesupport_fastrtps_c.dir/rosidl_typesupport_fastrtps_c/septentrio_gnss_driver/msg/detail/base_vector_geod__type_support_c.cpp.o[0m
[68.891s] [ 69%] [32mBuilding CXX object CMakeFiles/septentrio_gnss_driver__rosidl_typesupport_fastrtps_c.dir/rosidl_typesupport_fastrtps_c/septentrio_gnss_driver/msg/detail/aim_plus_status__type_support_c.cpp.o[0m
[68.893s] [ 70%] [32mBuilding CXX object CMakeFiles/septentrio_gnss_driver__rosidl_typesupport_fastrtps_c.dir/rosidl_typesupport_fastrtps_c/septentrio_gnss_driver/msg/detail/base_vector_cart__type_support_c.cpp.o[0m
[68.920s] [ 70%] [32m[1mLinking C shared library libseptentrio_gnss_driver__rosidl_typesupport_introspection_c.so[0m
[68.980s] [ 70%] Built target septentrio_gnss_driver__rosidl_typesupport_introspection_c
[69.416s] [ 70%] [32mBuilding CXX object CMakeFiles/septentrio_gnss_driver__rosidl_typesupport_fastrtps_c.dir/rosidl_typesupport_fastrtps_c/septentrio_gnss_driver/msg/detail/pvt_geodetic__type_support_c.cpp.o[0m
[69.429s] [ 71%] [32mBuilding CXX object CMakeFiles/septentrio_gnss_driver__rosidl_typesupport_fastrtps_c.dir/rosidl_typesupport_fastrtps_c/septentrio_gnss_driver/msg/detail/pos_cov_cartesian__type_support_c.cpp.o[0m
[69.438s] [ 71%] [32mBuilding CXX object CMakeFiles/septentrio_gnss_driver__rosidl_typesupport_fastrtps_c.dir/rosidl_typesupport_fastrtps_c/septentrio_gnss_driver/msg/detail/pos_cov_geodetic__type_support_c.cpp.o[0m
[69.904s] [ 72%] [32mBuilding CXX object CMakeFiles/septentrio_gnss_driver__rosidl_typesupport_fastrtps_c.dir/rosidl_typesupport_fastrtps_c/septentrio_gnss_driver/msg/detail/receiver_time__type_support_c.cpp.o[0m
[69.905s] [ 72%] [32mBuilding CXX object CMakeFiles/septentrio_gnss_driver__rosidl_typesupport_fastrtps_c.dir/rosidl_typesupport_fastrtps_c/septentrio_gnss_driver/msg/detail/pvt_cartesian__type_support_c.cpp.o[0m
[69.905s] [ 72%] [32mBuilding CXX object CMakeFiles/septentrio_gnss_driver__rosidl_typesupport_fastrtps_c.dir/rosidl_typesupport_fastrtps_c/septentrio_gnss_driver/msg/detail/vel_cov_cartesian__type_support_c.cpp.o[0m
[69.912s] [ 72%] [32mBuilding CXX object CMakeFiles/septentrio_gnss_driver__rosidl_typesupport_fastrtps_c.dir/rosidl_typesupport_fastrtps_c/septentrio_gnss_driver/msg/detail/vel_cov_geodetic__type_support_c.cpp.o[0m
[70.392s] [ 73%] [32mBuilding CXX object CMakeFiles/septentrio_gnss_driver__rosidl_typesupport_fastrtps_c.dir/rosidl_typesupport_fastrtps_c/septentrio_gnss_driver/msg/detail/att_euler__type_support_c.cpp.o[0m
[70.403s] [ 73%] [32mBuilding CXX object CMakeFiles/septentrio_gnss_driver__rosidl_typesupport_fastrtps_c.dir/rosidl_typesupport_fastrtps_c/septentrio_gnss_driver/msg/detail/att_cov_euler__type_support_c.cpp.o[0m
[70.417s] [ 74%] [32mBuilding CXX object CMakeFiles/septentrio_gnss_driver__rosidl_typesupport_fastrtps_c.dir/rosidl_typesupport_fastrtps_c/septentrio_gnss_driver/msg/detail/ins_nav_cart__type_support_c.cpp.o[0m
[70.427s] [ 74%] [32mBuilding CXX object CMakeFiles/septentrio_gnss_driver__rosidl_typesupport_fastrtps_c.dir/rosidl_typesupport_fastrtps_c/septentrio_gnss_driver/msg/detail/ins_nav_geod__type_support_c.cpp.o[0m
[70.896s] [ 75%] [32mBuilding CXX object CMakeFiles/septentrio_gnss_driver__rosidl_typesupport_fastrtps_c.dir/rosidl_typesupport_fastrtps_c/septentrio_gnss_driver/msg/detail/imu_setup__type_support_c.cpp.o[0m
[70.896s] [ 75%] [32mBuilding CXX object CMakeFiles/septentrio_gnss_driver__rosidl_typesupport_fastrtps_c.dir/rosidl_typesupport_fastrtps_c/septentrio_gnss_driver/msg/detail/meas_epoch_channel_type2__type_support_c.cpp.o[0m
[70.913s] [ 76%] [32mBuilding CXX object CMakeFiles/septentrio_gnss_driver__rosidl_typesupport_fastrtps_c.dir/rosidl_typesupport_fastrtps_c/septentrio_gnss_driver/msg/detail/vector_info_cart__type_support_c.cpp.o[0m
[70.973s] [ 76%] [32mBuilding CXX object CMakeFiles/septentrio_gnss_driver__rosidl_typesupport_fastrtps_c.dir/rosidl_typesupport_fastrtps_c/septentrio_gnss_driver/msg/detail/vector_info_geod__type_support_c.cpp.o[0m
[71.002s] [ 77%] [32mBuilding CXX object CMakeFiles/septentrio_gnss_driver__rosidl_typesupport_fastrtps_c.dir/rosidl_typesupport_fastrtps_c/septentrio_gnss_driver/msg/detail/vel_sensor_setup__type_support_c.cpp.o[0m
[71.451s] [ 77%] [32mBuilding CXX object CMakeFiles/septentrio_gnss_driver__rosidl_typesupport_fastrtps_c.dir/rosidl_typesupport_fastrtps_c/septentrio_gnss_driver/msg/detail/ext_sensor_meas__type_support_c.cpp.o[0m
[71.460s] [ 77%] [32mBuilding CXX object CMakeFiles/septentrio_gnss_driver__rosidl_typesupport_fastrtps_c.dir/rosidl_typesupport_fastrtps_c/septentrio_gnss_driver/msg/detail/meas_epoch_channel_type1__type_support_c.cpp.o[0m
[71.474s] [ 77%] [32mBuilding CXX object CMakeFiles/septentrio_gnss_driver__rosidl_typesupport_fastrtps_c.dir/rosidl_typesupport_fastrtps_c/septentrio_gnss_driver/msg/detail/meas_epoch__type_support_c.cpp.o[0m
[71.546s] [ 78%] [32mBuilding CXX object CMakeFiles/septentrio_gnss_driver__rosidl_typesupport_fastrtps_c.dir/rosidl_typesupport_fastrtps_c/septentrio_gnss_driver/msg/detail/rf_status__type_support_c.cpp.o[0m
[71.571s] [ 78%] [32mBuilding CXX object CMakeFiles/septentrio_gnss_driver__rosidl_typesupport_fastrtps_c.dir/rosidl_typesupport_fastrtps_c/septentrio_gnss_driver/msg/detail/rf_band__type_support_c.cpp.o[0m
[72.070s] [ 78%] [32mBuilding CXX object CMakeFiles/septentrio_gnss_driver__rosidl_typesupport_fastrtps_c.dir/rosidl_typesupport_fastrtps_c/septentrio_gnss_driver/msg/detail/block_header__type_support_c.cpp.o[0m
[72.072s] [ 79%] [32mBuilding CXX object CMakeFiles/septentrio_gnss_driver__rosidl_typesupport_fastrtps_c.dir/rosidl_typesupport_fastrtps_c/septentrio_gnss_driver/msg/detail/gal_auth_status__type_support_c.cpp.o[0m
[72.563s] [ 79%] [32m[1mLinking CXX shared library libseptentrio_gnss_driver__rosidl_typesupport_fastrtps_c.so[0m
[72.680s] [ 79%] Built target septentrio_gnss_driver__rosidl_typesupport_fastrtps_c
[72.690s] [35m[1mScanning dependencies of target septentrio_gnss_driver[0m
[72.702s] [ 79%] Built target septentrio_gnss_driver
[72.713s] [35m[1mScanning dependencies of target septentrio_gnss_driver_core[0m
[72.713s] [35m[1mScanning dependencies of target septentrio_gnss_driver__py[0m
[72.727s] [ 80%] [34m[1mGenerating Python code for ROS interfaces[0m
[72.954s] [ 81%] [32mBuilding CXX object CMakeFiles/septentrio_gnss_driver_core.dir/src/septentrio_gnss_driver/communication/message_handler.cpp.o[0m
[72.954s] [ 81%] [32mBuilding CXX object CMakeFiles/septentrio_gnss_driver_core.dir/src/septentrio_gnss_driver/communication/telegram_handler.cpp.o[0m
[72.956s] [ 81%] [32mBuilding CXX object CMakeFiles/septentrio_gnss_driver_core.dir/src/septentrio_gnss_driver/communication/communication_core.cpp.o[0m
[72.958s] [ 82%] [32mBuilding CXX object CMakeFiles/septentrio_gnss_driver_core.dir/src/septentrio_gnss_driver/crc/crc.cpp.o[0m
[73.976s] [ 82%] [32mBuilding CXX object CMakeFiles/septentrio_gnss_driver_core.dir/src/septentrio_gnss_driver/parsers/nmea_parsers/gpgsv.cpp.o[0m
[73.976s] [ 82%] [32mBuilding CXX object CMakeFiles/septentrio_gnss_driver_core.dir/src/septentrio_gnss_driver/parsers/parsing_utilities.cpp.o[0m
[74.995s] [ 83%] [32mBuilding CXX object CMakeFiles/septentrio_gnss_driver_core.dir/src/septentrio_gnss_driver/parsers/nmea_parsers/gprmc.cpp.o[0m
[74.995s] [ 83%] [32mBuilding CXX object CMakeFiles/septentrio_gnss_driver_core.dir/src/septentrio_gnss_driver/parsers/nmea_parsers/gpgsa.cpp.o[0m
[76.038s] [ 83%] [32mBuilding CXX object CMakeFiles/septentrio_gnss_driver_core.dir/src/septentrio_gnss_driver/node/rosaic_node.cpp.o[0m
[76.040s] [ 84%] [32mBuilding CXX object CMakeFiles/septentrio_gnss_driver_core.dir/src/septentrio_gnss_driver/parsers/nmea_parsers/gpgga.cpp.o[0m
[77.129s] [ 84%] [32mBuilding CXX object CMakeFiles/septentrio_gnss_driver_core.dir/src/septentrio_gnss_driver/node/main.cpp.o[0m
[95.250s] [ 84%] Built target septentrio_gnss_driver__py
[125.346s] [ 85%] [32mBuilding CXX object CMakeFiles/septentrio_gnss_driver_core.dir/src/septentrio_gnss_driver/parsers/string_utilities.cpp.o[0m
[125.784s] [ 85%] [32m[1mLinking CXX shared library libseptentrio_gnss_driver_core.so[0m
[126.177s] [ 85%] Built target septentrio_gnss_driver_core
[126.187s] [35m[1mScanning dependencies of target septentrio_gnss_driver_node[0m
[126.188s] [35m[1mScanning dependencies of target test_parsing_utilities[0m
[126.188s] [35m[1mScanning dependencies of target septentrio_gnss_driver__python[0m
[126.272s] [ 85%] [32mBuilding C object CMakeFiles/septentrio_gnss_driver__python.dir/rosidl_generator_py/septentrio_gnss_driver/msg/_aim_plus_status_s.c.o[0m
[126.273s] [ 86%] [32mBuilding C object CMakeFiles/septentrio_gnss_driver__python.dir/rosidl_generator_py/septentrio_gnss_driver/msg/_base_vector_cart_s.c.o[0m
[126.276s] [ 86%] [32mBuilding C object CMakeFiles/septentrio_gnss_driver__python.dir/rosidl_generator_py/septentrio_gnss_driver/msg/_base_vector_geod_s.c.o[0m
[126.307s] [ 86%] [32mBuilding CXX object test/CMakeFiles/test_parsing_utilities.dir/test_parsing_utilities.cpp.o[0m
[126.308s] [ 87%] [32mBuilding CXX object CMakeFiles/septentrio_gnss_driver_node.dir/src/septentrio_gnss_driver/node/main.cpp.o[0m
[126.436s] [ 87%] [32mBuilding C object CMakeFiles/septentrio_gnss_driver__python.dir/rosidl_generator_py/septentrio_gnss_driver/msg/_meas_epoch_channel_type1_s.c.o[0m
[126.445s] [ 88%] [32mBuilding C object CMakeFiles/septentrio_gnss_driver__python.dir/rosidl_generator_py/septentrio_gnss_driver/msg/_meas_epoch_channel_type2_s.c.o[0m
[126.505s] [ 88%] [32mBuilding C object CMakeFiles/septentrio_gnss_driver__python.dir/rosidl_generator_py/septentrio_gnss_driver/msg/_pvt_cartesian_s.c.o[0m
[126.591s] [ 89%] [32mBuilding C object CMakeFiles/septentrio_gnss_driver__python.dir/rosidl_generator_py/septentrio_gnss_driver/msg/_pvt_geodetic_s.c.o[0m
[126.609s] [ 89%] [32mBuilding C object CMakeFiles/septentrio_gnss_driver__python.dir/rosidl_generator_py/septentrio_gnss_driver/msg/_pos_cov_cartesian_s.c.o[0m
[126.803s] [ 89%] [32mBuilding C object CMakeFiles/septentrio_gnss_driver__python.dir/rosidl_generator_py/septentrio_gnss_driver/msg/_meas_epoch_s.c.o[0m
[126.808s] [ 89%] [32mBuilding C object CMakeFiles/septentrio_gnss_driver__python.dir/rosidl_generator_py/septentrio_gnss_driver/msg/_pos_cov_geodetic_s.c.o[0m
[126.828s] [ 90%] [32mBuilding C object CMakeFiles/septentrio_gnss_driver__python.dir/rosidl_generator_py/septentrio_gnss_driver/msg/_receiver_time_s.c.o[0m
[126.867s] [ 90%] [32mBuilding C object CMakeFiles/septentrio_gnss_driver__python.dir/rosidl_generator_py/septentrio_gnss_driver/msg/_vel_cov_cartesian_s.c.o[0m
[127.014s] [ 91%] [32mBuilding C object CMakeFiles/septentrio_gnss_driver__python.dir/rosidl_generator_py/septentrio_gnss_driver/msg/_vel_cov_geodetic_s.c.o[0m
[127.130s] [ 91%] [32mBuilding C object CMakeFiles/septentrio_gnss_driver__python.dir/rosidl_generator_py/septentrio_gnss_driver/msg/_att_euler_s.c.o[0m
[127.136s] [ 91%] [32mBuilding C object CMakeFiles/septentrio_gnss_driver__python.dir/rosidl_generator_py/septentrio_gnss_driver/msg/_att_cov_euler_s.c.o[0m
[127.198s] [ 92%] [32mBuilding C object CMakeFiles/septentrio_gnss_driver__python.dir/rosidl_generator_py/septentrio_gnss_driver/msg/_ins_nav_cart_s.c.o[0m
[127.228s] [ 92%] [32mBuilding C object CMakeFiles/septentrio_gnss_driver__python.dir/rosidl_generator_py/septentrio_gnss_driver/msg/_ins_nav_geod_s.c.o[0m
[127.448s] [ 93%] [32mBuilding C object CMakeFiles/septentrio_gnss_driver__python.dir/rosidl_generator_py/septentrio_gnss_driver/msg/_imu_setup_s.c.o[0m
[127.452s] [ 93%] [32mBuilding C object CMakeFiles/septentrio_gnss_driver__python.dir/rosidl_generator_py/septentrio_gnss_driver/msg/_vector_info_cart_s.c.o[0m
[127.680s] [ 94%] [32mBuilding C object CMakeFiles/septentrio_gnss_driver__python.dir/rosidl_generator_py/septentrio_gnss_driver/msg/_vel_sensor_setup_s.c.o[0m
[127.763s] [ 94%] [32mBuilding C object CMakeFiles/septentrio_gnss_driver__python.dir/rosidl_generator_py/septentrio_gnss_driver/msg/_ext_sensor_meas_s.c.o[0m
[127.775s] [ 94%] [32mBuilding C object CMakeFiles/septentrio_gnss_driver__python.dir/rosidl_generator_py/septentrio_gnss_driver/msg/_vector_info_geod_s.c.o[0m
[127.870s] [ 95%] [32mBuilding C object CMakeFiles/septentrio_gnss_driver__python.dir/rosidl_generator_py/septentrio_gnss_driver/msg/_rf_status_s.c.o[0m
[128.063s] [ 95%] [32mBuilding C object CMakeFiles/septentrio_gnss_driver__python.dir/rosidl_generator_py/septentrio_gnss_driver/msg/_rf_band_s.c.o[0m
[128.107s] [ 96%] [32mBuilding C object CMakeFiles/septentrio_gnss_driver__python.dir/rosidl_generator_py/septentrio_gnss_driver/msg/_gal_auth_status_s.c.o[0m
[128.225s] [ 96%] [32mBuilding C object CMakeFiles/septentrio_gnss_driver__python.dir/rosidl_generator_py/septentrio_gnss_driver/msg/_block_header_s.c.o[0m
[128.399s] [ 96%] [32m[1mLinking C shared library rosidl_generator_py/septentrio_gnss_driver/libseptentrio_gnss_driver__python.so[0m
[128.473s] [ 96%] Built target septentrio_gnss_driver__python
[128.487s] [35m[1mScanning dependencies of target test_string_utilities[0m
[128.508s] [ 96%] [32mBuilding CXX object test/CMakeFiles/test_string_utilities.dir/test_string_utilities.cpp.o[0m
[130.016s] [ 97%] [32m[1mLinking CXX executable test_string_utilities[0m
[130.324s] [ 97%] Built target test_string_utilities
[130.335s] [35m[1mScanning dependencies of target septentrio_gnss_driver__rosidl_typesupport_c__pyext[0m
[130.364s] [ 97%] [32mBuilding C object CMakeFiles/septentrio_gnss_driver__rosidl_typesupport_c__pyext.dir/rosidl_generator_py/septentrio_gnss_driver/_septentrio_gnss_driver_s.ep.rosidl_typesupport_c.c.o[0m
[130.845s] [ 97%] [32m[1mLinking C shared library rosidl_generator_py/septentrio_gnss_driver/septentrio_gnss_driver_s__rosidl_typesupport_c.cpython-38-x86_64-linux-gnu.so[0m
[130.892s] [ 97%] Built target septentrio_gnss_driver__rosidl_typesupport_c__pyext
[130.904s] [35m[1mScanning dependencies of target septentrio_gnss_driver__rosidl_typesupport_fastrtps_c__pyext[0m
[130.938s] [ 98%] [32mBuilding C object CMakeFiles/septentrio_gnss_driver__rosidl_typesupport_fastrtps_c__pyext.dir/rosidl_generator_py/septentrio_gnss_driver/_septentrio_gnss_driver_s.ep.rosidl_typesupport_fastrtps_c.c.o[0m
[131.417s] [ 98%] [32m[1mLinking CXX shared library rosidl_generator_py/septentrio_gnss_driver/septentrio_gnss_driver_s__rosidl_typesupport_fastrtps_c.cpython-38-x86_64-linux-gnu.so[0m
[131.510s] [ 98%] Built target septentrio_gnss_driver__rosidl_typesupport_fastrtps_c__pyext
[131.523s] [35m[1mScanning dependencies of target septentrio_gnss_driver__rosidl_typesupport_introspection_c__pyext[0m
[131.553s] [ 99%] [32mBuilding C object CMakeFiles/septentrio_gnss_driver__rosidl_typesupport_introspection_c__pyext.dir/rosidl_generator_py/septentrio_gnss_driver/_septentrio_gnss_driver_s.ep.rosidl_typesupport_introspection_c.c.o[0m
[132.035s] [ 99%] [32m[1mLinking C shared library rosidl_generator_py/septentrio_gnss_driver/septentrio_gnss_driver_s__rosidl_typesupport_introspection_c.cpython-38-x86_64-linux-gnu.so[0m
[132.086s] [ 99%] Built target septentrio_gnss_driver__rosidl_typesupport_introspection_c__pyext
[135.492s] [100%] [32m[1mLinking CXX executable test_parsing_utilities[0m
[135.737s] [100%] Built target test_parsing_utilities
[140.117s] [100%] [32m[1mLinking CXX executable septentrio_gnss_driver_node[0m
[140.345s] [100%] Built target septentrio_gnss_driver_node
