-- Found CUDA: /usr/local/cuda-12.2 (found suitable version "12.2", minimum required is "12") 
-- Found CUDA: /usr/local/cuda-12.2 (found version "12.2") 
-- Found ament_cmake_auto: 0.9.12 (/opt/ros/foxy/share/ament_cmake_auto/cmake)
-- Using PYTHON_EXECUTABLE: /usr/bin/python3
-- Using all available rosidl_typesupport_c: rosidl_typesupport_fastrtps_c;rosidl_typesupport_introspection_c
-- Found rosidl_adapter: 1.3.1 (/opt/ros/foxy/share/rosidl_adapter/cmake)
-- Using all available rosidl_typesupport_cpp: rosidl_typesupport_fastrtps_cpp;rosidl_typesupport_introspection_cpp
-- Found rmw_implementation_cmake: 1.0.4 (/opt/ros/foxy/share/rmw_implementation_cmake/cmake)
-- Using RMW implementation 'rmw_fastrtps_cpp' as default
-- Found eigen3_cmake_module: 0.1.1 (/opt/ros/foxy/share/eigen3_cmake_module/cmake)
-- Found ament_lint_auto: 0.9.8 (/opt/ros/foxy/share/ament_lint_auto/cmake)
-- Added test 'copyright' to check source files copyright and LICENSE
-- Added test 'cppcheck' to perform static code analysis on C / C++ code
-- Configured cppcheck include dirs: /home/openark/ros2_ws/src/zed-ros2-wrapper/zed_wrapper/src
-- Configured cppcheck exclude dirs and/or files: 
-- Added test 'lint_cmake' to check CMake code style
-- Added test 'pep257' to check Python code against some of the style conventions in PEP 257
-- Added test 'uncrustify' to check C / C++ code style
-- Configured uncrustify additional arguments: 
-- Added test 'xmllint' to check XML markup files
-- Configuring done
-- Generating done
-- Build files have been written to: /home/openark/ros2_ws/src/build/zed_wrapper
[35m[1mScanning dependencies of target zed_wrapper[0m
[ 50%] [32mBuilding CXX object CMakeFiles/zed_wrapper.dir/src/zed_wrapper.cpp.o[0m
In file included from [01m[K/home/openark/ros2_ws/src/install/zed_components/include/zed_components/zed_camera_component.hpp:19[m[K,
                 from [01m[K/home/openark/ros2_ws/src/zed-ros2-wrapper/zed_wrapper/src/zed_wrapper.cpp:17[m[K:
[01m[K/usr/local/zed/include/sl/Fusion.hpp:68:64:[m[K [01;36m[Knote: [m[K#pragma message: ~ FUSION SDK is distributed in Early Access ~
   68 | #pragma message("~ FUSION SDK is distributed in Early Access ~"[01;36m[K)[m[K
      |                                                                [01;36m[K^[m[K
[100%] [32m[1mLinking CXX executable zed_wrapper[0m
[100%] Built target zed_wrapper
-- Install configuration: "Release"
-- Installing: /home/openark/ros2_ws/src/install/zed_wrapper/lib/zed_wrapper/zed_wrapper
-- Set runtime path of "/home/openark/ros2_ws/src/install/zed_wrapper/lib/zed_wrapper/zed_wrapper" to ""
-- Up-to-date: /home/openark/ros2_ws/src/install/zed_wrapper/share/zed_wrapper/config
-- Installing: /home/openark/ros2_ws/src/install/zed_wrapper/share/zed_wrapper/config/zedx.yaml
-- Installing: /home/openark/ros2_ws/src/install/zed_wrapper/share/zed_wrapper/config/zedxm.yaml
-- Installing: /home/openark/ros2_ws/src/install/zed_wrapper/share/zed_wrapper/config/zed.yaml
-- Installing: /home/openark/ros2_ws/src/install/zed_wrapper/share/zed_wrapper/config/zed2.yaml
-- Installing: /home/openark/ros2_ws/src/install/zed_wrapper/share/zed_wrapper/config/zed2i.yaml
-- Installing: /home/openark/ros2_ws/src/install/zed_wrapper/share/zed_wrapper/config/common.yaml
-- Installing: /home/openark/ros2_ws/src/install/zed_wrapper/share/zed_wrapper/config/zedm.yaml
-- Up-to-date: /home/openark/ros2_ws/src/install/zed_wrapper/share/zed_wrapper/urdf
-- Up-to-date: /home/openark/ros2_ws/src/install/zed_wrapper/share/zed_wrapper/urdf/include
-- Installing: /home/openark/ros2_ws/src/install/zed_wrapper/share/zed_wrapper/urdf/include/materials.urdf.xacro
-- Installing: /home/openark/ros2_ws/src/install/zed_wrapper/share/zed_wrapper/urdf/zed_descr.urdf.xacro
-- Installing: /home/openark/ros2_ws/src/install/zed_wrapper/share/zed_wrapper/urdf/zed_macro.urdf.xacro
-- Up-to-date: /home/openark/ros2_ws/src/install/zed_wrapper/share/zed_wrapper/launch
-- Installing: /home/openark/ros2_ws/src/install/zed_wrapper/share/zed_wrapper/launch/obsolete
-- Installing: /home/openark/ros2_ws/src/install/zed_wrapper/share/zed_wrapper/launch/obsolete/zedm.launch.py
-- Installing: /home/openark/ros2_ws/src/install/zed_wrapper/share/zed_wrapper/launch/obsolete/zedx.launch.py
-- Installing: /home/openark/ros2_ws/src/install/zed_wrapper/share/zed_wrapper/launch/obsolete/zed.launch.py
-- Installing: /home/openark/ros2_ws/src/install/zed_wrapper/share/zed_wrapper/launch/obsolete/zedxm.launch.py
-- Installing: /home/openark/ros2_ws/src/install/zed_wrapper/share/zed_wrapper/launch/obsolete/zed2i.launch.py
-- Installing: /home/openark/ros2_ws/src/install/zed_wrapper/share/zed_wrapper/launch/obsolete/zed2.launch.py
-- Installing: /home/openark/ros2_ws/src/install/zed_wrapper/share/zed_wrapper/launch/zed_camera.launch.py
-- Up-to-date: /home/openark/ros2_ws/src/install/zed_wrapper/share/ament_index/resource_index/package_run_dependencies/zed_wrapper
-- Installing: /home/openark/ros2_ws/src/install/zed_wrapper/share/ament_index/resource_index/parent_prefix_path/zed_wrapper
-- Up-to-date: /home/openark/ros2_ws/src/install/zed_wrapper/share/zed_wrapper/environment/ament_prefix_path.sh
-- Installing: /home/openark/ros2_ws/src/install/zed_wrapper/share/zed_wrapper/environment/ament_prefix_path.dsv
-- Up-to-date: /home/openark/ros2_ws/src/install/zed_wrapper/share/zed_wrapper/environment/path.sh
-- Installing: /home/openark/ros2_ws/src/install/zed_wrapper/share/zed_wrapper/environment/path.dsv
-- Up-to-date: /home/openark/ros2_ws/src/install/zed_wrapper/share/zed_wrapper/local_setup.bash
-- Up-to-date: /home/openark/ros2_ws/src/install/zed_wrapper/share/zed_wrapper/local_setup.sh
-- Up-to-date: /home/openark/ros2_ws/src/install/zed_wrapper/share/zed_wrapper/local_setup.zsh
-- Installing: /home/openark/ros2_ws/src/install/zed_wrapper/share/zed_wrapper/local_setup.dsv
-- Installing: /home/openark/ros2_ws/src/install/zed_wrapper/share/zed_wrapper/package.dsv
-- Up-to-date: /home/openark/ros2_ws/src/install/zed_wrapper/share/ament_index/resource_index/packages/zed_wrapper
-- Up-to-date: /home/openark/ros2_ws/src/install/zed_wrapper/share/zed_wrapper/cmake/zed_wrapperConfig.cmake
-- Up-to-date: /home/openark/ros2_ws/src/install/zed_wrapper/share/zed_wrapper/cmake/zed_wrapperConfig-version.cmake
-- Installing: /home/openark/ros2_ws/src/install/zed_wrapper/share/zed_wrapper/package.xml
