[9.878s] Invoking command in '/home/openark/ros2_ws/src/examples/rclpy/services/minimal_service': PYTHONPATH=/home/openark/ros2_ws/build/examples_rclpy_minimal_service/prefix_override:/home/openark/ros2_ws/install/examples_rclpy_minimal_service/lib/python3.8/site-packages:${PYTHONPATH} /usr/bin/python3 setup.py egg_info --egg-base ../../../../../build/examples_rclpy_minimal_service build --build-base /home/openark/ros2_ws/build/examples_rclpy_minimal_service/build install --record /home/openark/ros2_ws/build/examples_rclpy_minimal_service/install.log --install-scripts $base/lib/examples_rclpy_minimal_service --single-version-externally-managed
[10.470s] running egg_info
[10.470s] writing ../../../../../build/examples_rclpy_minimal_service/examples_rclpy_minimal_service.egg-info/PKG-INFO
[10.471s] writing dependency_links to ../../../../../build/examples_rclpy_minimal_service/examples_rclpy_minimal_service.egg-info/dependency_links.txt
[10.471s] writing entry points to ../../../../../build/examples_rclpy_minimal_service/examples_rclpy_minimal_service.egg-info/entry_points.txt
[10.472s] writing requirements to ../../../../../build/examples_rclpy_minimal_service/examples_rclpy_minimal_service.egg-info/requires.txt
[10.472s] writing top-level names to ../../../../../build/examples_rclpy_minimal_service/examples_rclpy_minimal_service.egg-info/top_level.txt
[10.581s] reading manifest file '../../../../../build/examples_rclpy_minimal_service/examples_rclpy_minimal_service.egg-info/SOURCES.txt'
[10.581s] writing manifest file '../../../../../build/examples_rclpy_minimal_service/examples_rclpy_minimal_service.egg-info/SOURCES.txt'
[10.581s] running build
[10.581s] running build_py
[10.582s] running install
[10.582s] running install_lib
[10.584s] running install_data
[10.586s] running install_egg_info
[10.590s] removing '/home/openark/ros2_ws/install/examples_rclpy_minimal_service/lib/python3.8/site-packages/examples_rclpy_minimal_service-0.9.4-py3.8.egg-info' (and everything under it)
[10.595s] Copying ../../../../../build/examples_rclpy_minimal_service/examples_rclpy_minimal_service.egg-info to /home/openark/ros2_ws/install/examples_rclpy_minimal_service/lib/python3.8/site-packages/examples_rclpy_minimal_service-0.9.4-py3.8.egg-info
[10.598s] running install_scripts
[10.646s] Installing service script to /home/openark/ros2_ws/install/examples_rclpy_minimal_service/lib/examples_rclpy_minimal_service
[10.646s] Installing service_member_function script to /home/openark/ros2_ws/install/examples_rclpy_minimal_service/lib/examples_rclpy_minimal_service
[10.647s] writing list of installed files to '/home/openark/ros2_ws/build/examples_rclpy_minimal_service/install.log'
[11.590s] Invoked command in '/home/openark/ros2_ws/src/examples/rclpy/services/minimal_service' returned '0': PYTHONPATH=/home/openark/ros2_ws/build/examples_rclpy_minimal_service/prefix_override:/home/openark/ros2_ws/install/examples_rclpy_minimal_service/lib/python3.8/site-packages:${PYTHONPATH} /usr/bin/python3 setup.py egg_info --egg-base ../../../../../build/examples_rclpy_minimal_service build --build-base /home/openark/ros2_ws/build/examples_rclpy_minimal_service/build install --record /home/openark/ros2_ws/build/examples_rclpy_minimal_service/install.log --install-scripts $base/lib/examples_rclpy_minimal_service --single-version-externally-managed
