[5.894s] Invoking command in '/home/openark/ros2_ws/src/examples/rclpy/services/minimal_service': PYTHONPATH=/home/openark/ros2_ws/src/build/examples_rclpy_minimal_service/prefix_override:/home/openark/ros2_ws/src/install/examples_rclpy_minimal_service/lib/python3.8/site-packages:${PYTHONPATH} /usr/bin/python3 setup.py egg_info --egg-base ../../../../build/examples_rclpy_minimal_service build --build-base /home/openark/ros2_ws/src/build/examples_rclpy_minimal_service/build install --record /home/openark/ros2_ws/src/build/examples_rclpy_minimal_service/install.log --install-scripts $base/lib/examples_rclpy_minimal_service --single-version-externally-managed
[6.113s] running egg_info
[6.114s] writing ../../../../build/examples_rclpy_minimal_service/examples_rclpy_minimal_service.egg-info/PKG-INFO
[6.115s] writing dependency_links to ../../../../build/examples_rclpy_minimal_service/examples_rclpy_minimal_service.egg-info/dependency_links.txt
[6.115s] writing entry points to ../../../../build/examples_rclpy_minimal_service/examples_rclpy_minimal_service.egg-info/entry_points.txt
[6.116s] writing requirements to ../../../../build/examples_rclpy_minimal_service/examples_rclpy_minimal_service.egg-info/requires.txt
[6.116s] writing top-level names to ../../../../build/examples_rclpy_minimal_service/examples_rclpy_minimal_service.egg-info/top_level.txt
[6.156s] reading manifest file '../../../../build/examples_rclpy_minimal_service/examples_rclpy_minimal_service.egg-info/SOURCES.txt'
[6.157s] writing manifest file '../../../../build/examples_rclpy_minimal_service/examples_rclpy_minimal_service.egg-info/SOURCES.txt'
[6.158s] running build
[6.159s] running build_py
[6.160s] running install
[6.160s] running install_lib
[6.160s] running install_data
[6.162s] running install_egg_info
[6.162s] removing '/home/openark/ros2_ws/src/install/examples_rclpy_minimal_service/lib/python3.8/site-packages/examples_rclpy_minimal_service-0.9.4-py3.8.egg-info' (and everything under it)
[6.163s] Copying ../../../../build/examples_rclpy_minimal_service/examples_rclpy_minimal_service.egg-info to /home/openark/ros2_ws/src/install/examples_rclpy_minimal_service/lib/python3.8/site-packages/examples_rclpy_minimal_service-0.9.4-py3.8.egg-info
[6.163s] running install_scripts
[6.179s] Installing service script to /home/openark/ros2_ws/src/install/examples_rclpy_minimal_service/lib/examples_rclpy_minimal_service
[6.179s] Installing service_member_function script to /home/openark/ros2_ws/src/install/examples_rclpy_minimal_service/lib/examples_rclpy_minimal_service
[6.179s] writing list of installed files to '/home/openark/ros2_ws/src/build/examples_rclpy_minimal_service/install.log'
[6.741s] Invoked command in '/home/openark/ros2_ws/src/examples/rclpy/services/minimal_service' returned '0': PYTHONPATH=/home/openark/ros2_ws/src/build/examples_rclpy_minimal_service/prefix_override:/home/openark/ros2_ws/src/install/examples_rclpy_minimal_service/lib/python3.8/site-packages:${PYTHONPATH} /usr/bin/python3 setup.py egg_info --egg-base ../../../../build/examples_rclpy_minimal_service build --build-base /home/openark/ros2_ws/src/build/examples_rclpy_minimal_service/build install --record /home/openark/ros2_ws/src/build/examples_rclpy_minimal_service/install.log --install-scripts $base/lib/examples_rclpy_minimal_service --single-version-externally-managed
