[3.209s] Invoking command in '/home/openark/ros2_ws/build/septentrio_gnss_driver': /usr/bin/cmake /home/openark/ros2_ws/src/septentrio_gnss_driver -DCMAKE_BUILD_TYPE=Release -DCATKIN_INSTALL_INTO_PREFIX_ROOT=0 -DCATKIN_SYMLINK_INSTALL=ON -DCMAKE_INSTALL_PREFIX=/home/openark/ros2_ws/install/septentrio_gnss_driver
[3.393s] -- The C compiler identification is GNU 9.4.0
[3.428s] -- The CXX compiler identification is GNU 9.4.0
[3.446s] -- Check for working C compiler: /usr/bin/cc
[3.614s] -- Check for working C compiler: /usr/bin/cc -- works
[3.617s] -- Detecting C compiler ABI info
[3.740s] -- Detecting C compiler ABI info - done
[3.772s] -- Detecting C compile features
[3.776s] -- Detecting C compile features - done
[3.781s] -- Check for working CXX compiler: /usr/bin/c++
[3.917s] -- Check for working CXX compiler: /usr/bin/c++ -- works
[3.917s] -- Detecting CXX compiler ABI info
[4.034s] -- Detecting CXX compiler ABI info - done
[4.059s] -- Detecting CXX compile features
[4.060s] -- Detecting CXX compile features - done
[4.078s] CMake Error at CMakeLists.txt:10 (find_package):
[4.079s]   By not providing "Findcatkin.cmake" in CMAKE_MODULE_PATH this project has
[4.080s]   asked CMake to find a package configuration file provided by "catkin", but
[4.080s]   CMake did not find one.
[4.081s] 
[4.082s]   Could not find a package configuration file provided by "catkin" with any
[4.082s]   of the following names:
[4.083s] 
[4.083s]     catkinConfig.cmake
[4.084s]     catkin-config.cmake
[4.084s] 
[4.085s]   Add the installation prefix of "catkin" to CMAKE_PREFIX_PATH or set
[4.085s]   "catkin_DIR" to a directory containing one of the above files.  If "catkin"
[4.086s]   provides a separate development package or SDK, be sure it has been
[4.087s]   installed.
[4.088s] 
[4.088s] 
[4.088s] -- Configuring incomplete, errors occurred!
[4.090s] See also "/home/openark/ros2_ws/build/septentrio_gnss_driver/CMakeFiles/CMakeOutput.log".
[4.173s] Invoked command in '/home/openark/ros2_ws/build/septentrio_gnss_driver' returned '1': /usr/bin/cmake /home/openark/ros2_ws/src/septentrio_gnss_driver -DCMAKE_BUILD_TYPE=Release -DCATKIN_INSTALL_INTO_PREFIX_ROOT=0 -DCATKIN_SYMLINK_INSTALL=ON -DCMAKE_INSTALL_PREFIX=/home/openark/ros2_ws/install/septentrio_gnss_driver
