[  1%] Built target gtest
[  1%] Built target gtest_main
[  1%] Built target septentrio_gnss_driver__cpp
[ 13%] Built target septentrio_gnss_driver__rosidl_generator_c
[ 24%] Built target septentrio_gnss_driver__rosidl_typesupport_cpp
[ 35%] Built target septentrio_gnss_driver__rosidl_typesupport_introspection_cpp
[ 46%] Built target septentrio_gnss_driver__rosidl_typesupport_fastrtps_cpp
[ 57%] Built target septentrio_gnss_driver__rosidl_typesupport_c
[ 68%] Built target septentrio_gnss_driver__rosidl_typesupport_introspection_c
[ 79%] Built target septentrio_gnss_driver__rosidl_typesupport_fastrtps_c
[ 79%] Built target septentrio_gnss_driver
[ 80%] Built target septentrio_gnss_driver__py
[ 90%] Built target septentrio_gnss_driver__python
[ 90%] Built target septentrio_gnss_driver__rosidl_typesupport_c__pyext
[ 91%] Built target septentrio_gnss_driver__rosidl_typesupport_fastrtps_c__pyext
[ 92%] Built target septentrio_gnss_driver__rosidl_typesupport_introspection_c__pyext
[ 97%] Built target septentrio_gnss_driver_core
[ 98%] Built target test_string_utilities
[ 99%] Built target septentrio_gnss_driver_node
[100%] Built target test_parsing_utilities
-- Install configuration: "Release"
-- Up-to-date: /home/openark/ros2_ws/install/septentrio_gnss_driver/include/septentrio_gnss_driver
-- Up-to-date: /home/openark/ros2_ws/install/septentrio_gnss_driver/include/septentrio_gnss_driver/msg
-- Up-to-date: /home/openark/ros2_ws/install/septentrio_gnss_driver/include/septentrio_gnss_driver/msg/detail
-- Up-to-date: /home/openark/ros2_ws/install/septentrio_gnss_driver/include/septentrio_gnss_driver/msg/detail/vel_sensor_setup__functions.c
-- Up-to-date: /home/openark/ros2_ws/install/septentrio_gnss_driver/include/septentrio_gnss_driver/msg/detail/meas_epoch_channel_type2__functions.c
-- Up-to-date: /home/openark/ros2_ws/install/septentrio_gnss_driver/include/septentrio_gnss_driver/msg/detail/pvt_geodetic__functions.c
-- Up-to-date: /home/openark/ros2_ws/install/septentrio_gnss_driver/include/septentrio_gnss_driver/msg/detail/aim_plus_status__functions.c
-- Up-to-date: /home/openark/ros2_ws/install/septentrio_gnss_driver/include/septentrio_gnss_driver/msg/detail/gal_auth_status__functions.c
-- Up-to-date: /home/openark/ros2_ws/install/septentrio_gnss_driver/include/septentrio_gnss_driver/msg/detail/receiver_time__functions.c
-- Up-to-date: /home/openark/ros2_ws/install/septentrio_gnss_driver/include/septentrio_gnss_driver/msg/detail/att_cov_euler__functions.c
-- Up-to-date: /home/openark/ros2_ws/install/septentrio_gnss_driver/include/septentrio_gnss_driver/msg/detail/vel_cov_cartesian__functions.c
-- Up-to-date: /home/openark/ros2_ws/install/septentrio_gnss_driver/include/septentrio_gnss_driver/msg/detail/pos_cov_geodetic__functions.c
-- Up-to-date: /home/openark/ros2_ws/install/septentrio_gnss_driver/include/septentrio_gnss_driver/msg/detail/vel_cov_geodetic__functions.c
-- Up-to-date: /home/openark/ros2_ws/install/septentrio_gnss_driver/include/septentrio_gnss_driver/msg/detail/base_vector_cart__functions.c
-- Up-to-date: /home/openark/ros2_ws/install/septentrio_gnss_driver/include/septentrio_gnss_driver/msg/detail/block_header__functions.c
-- Up-to-date: /home/openark/ros2_ws/install/septentrio_gnss_driver/include/septentrio_gnss_driver/msg/detail/ins_nav_geod__functions.c
-- Up-to-date: /home/openark/ros2_ws/install/septentrio_gnss_driver/include/septentrio_gnss_driver/msg/detail/imu_setup__functions.c
-- Up-to-date: /home/openark/ros2_ws/install/septentrio_gnss_driver/include/septentrio_gnss_driver/msg/detail/rf_band__functions.c
-- Up-to-date: /home/openark/ros2_ws/install/septentrio_gnss_driver/include/septentrio_gnss_driver/msg/detail/base_vector_geod__functions.c
-- Up-to-date: /home/openark/ros2_ws/install/septentrio_gnss_driver/include/septentrio_gnss_driver/msg/detail/rf_status__functions.c
-- Up-to-date: /home/openark/ros2_ws/install/septentrio_gnss_driver/include/septentrio_gnss_driver/msg/detail/ext_sensor_meas__functions.c
-- Up-to-date: /home/openark/ros2_ws/install/septentrio_gnss_driver/include/septentrio_gnss_driver/msg/detail/att_euler__functions.c
-- Up-to-date: /home/openark/ros2_ws/install/septentrio_gnss_driver/include/septentrio_gnss_driver/msg/detail/pos_cov_cartesian__functions.c
-- Up-to-date: /home/openark/ros2_ws/install/septentrio_gnss_driver/include/septentrio_gnss_driver/msg/detail/vector_info_geod__functions.c
-- Up-to-date: /home/openark/ros2_ws/install/septentrio_gnss_driver/include/septentrio_gnss_driver/msg/detail/pvt_cartesian__functions.c
-- Up-to-date: /home/openark/ros2_ws/install/septentrio_gnss_driver/include/septentrio_gnss_driver/msg/detail/meas_epoch_channel_type1__functions.c
-- Up-to-date: /home/openark/ros2_ws/install/septentrio_gnss_driver/include/septentrio_gnss_driver/msg/detail/ins_nav_cart__functions.c
-- Up-to-date: /home/openark/ros2_ws/install/septentrio_gnss_driver/include/septentrio_gnss_driver/msg/detail/meas_epoch__functions.c
-- Up-to-date: /home/openark/ros2_ws/install/septentrio_gnss_driver/include/septentrio_gnss_driver/msg/detail/vector_info_cart__functions.c
-- Up-to-date: /home/openark/ros2_ws/install/septentrio_gnss_driver/lib/libseptentrio_gnss_driver__rosidl_generator_c.so
-- Up-to-date: /home/openark/ros2_ws/install/septentrio_gnss_driver/include/septentrio_gnss_driver
-- Up-to-date: /home/openark/ros2_ws/install/septentrio_gnss_driver/include/septentrio_gnss_driver/msg
-- Up-to-date: /home/openark/ros2_ws/install/septentrio_gnss_driver/include/septentrio_gnss_driver/msg/detail
-- Up-to-date: /home/openark/ros2_ws/install/septentrio_gnss_driver/include/septentrio_gnss_driver
-- Up-to-date: /home/openark/ros2_ws/install/septentrio_gnss_driver/include/septentrio_gnss_driver/msg
-- Up-to-date: /home/openark/ros2_ws/install/septentrio_gnss_driver/include/septentrio_gnss_driver/msg/detail
-- Up-to-date: /home/openark/ros2_ws/install/septentrio_gnss_driver/include/septentrio_gnss_driver/msg/detail/dds_fastrtps
-- Up-to-date: /home/openark/ros2_ws/install/septentrio_gnss_driver/include/septentrio_gnss_driver
-- Up-to-date: /home/openark/ros2_ws/install/septentrio_gnss_driver/include/septentrio_gnss_driver/msg
-- Up-to-date: /home/openark/ros2_ws/install/septentrio_gnss_driver/include/septentrio_gnss_driver/msg/detail
-- Up-to-date: /home/openark/ros2_ws/install/septentrio_gnss_driver/include/septentrio_gnss_driver/msg/detail/imu_setup__type_support.c
-- Up-to-date: /home/openark/ros2_ws/install/septentrio_gnss_driver/include/septentrio_gnss_driver/msg/detail/base_vector_cart__type_support.c
-- Up-to-date: /home/openark/ros2_ws/install/septentrio_gnss_driver/include/septentrio_gnss_driver/msg/detail/rf_status__type_support.c
-- Up-to-date: /home/openark/ros2_ws/install/septentrio_gnss_driver/include/septentrio_gnss_driver/msg/detail/meas_epoch__type_support.c
-- Up-to-date: /home/openark/ros2_ws/install/septentrio_gnss_driver/include/septentrio_gnss_driver/msg/detail/block_header__type_support.c
-- Up-to-date: /home/openark/ros2_ws/install/septentrio_gnss_driver/include/septentrio_gnss_driver/msg/detail/base_vector_geod__type_support.c
-- Up-to-date: /home/openark/ros2_ws/install/septentrio_gnss_driver/include/septentrio_gnss_driver/msg/detail/pvt_cartesian__type_support.c
-- Up-to-date: /home/openark/ros2_ws/install/septentrio_gnss_driver/include/septentrio_gnss_driver/msg/detail/pvt_geodetic__type_support.c
-- Up-to-date: /home/openark/ros2_ws/install/septentrio_gnss_driver/include/septentrio_gnss_driver/msg/detail/pos_cov_geodetic__type_support.c
-- Up-to-date: /home/openark/ros2_ws/install/septentrio_gnss_driver/include/septentrio_gnss_driver/msg/detail/receiver_time__type_support.c
-- Up-to-date: /home/openark/ros2_ws/install/septentrio_gnss_driver/include/septentrio_gnss_driver/msg/detail/ins_nav_cart__type_support.c
-- Up-to-date: /home/openark/ros2_ws/install/septentrio_gnss_driver/include/septentrio_gnss_driver/msg/detail/meas_epoch_channel_type1__type_support.c
-- Up-to-date: /home/openark/ros2_ws/install/septentrio_gnss_driver/include/septentrio_gnss_driver/msg/detail/rf_band__type_support.c
-- Up-to-date: /home/openark/ros2_ws/install/septentrio_gnss_driver/include/septentrio_gnss_driver/msg/detail/pos_cov_cartesian__type_support.c
-- Up-to-date: /home/openark/ros2_ws/install/septentrio_gnss_driver/include/septentrio_gnss_driver/msg/detail/ext_sensor_meas__type_support.c
-- Up-to-date: /home/openark/ros2_ws/install/septentrio_gnss_driver/include/septentrio_gnss_driver/msg/detail/vel_cov_geodetic__type_support.c
-- Up-to-date: /home/openark/ros2_ws/install/septentrio_gnss_driver/include/septentrio_gnss_driver/msg/detail/aim_plus_status__type_support.c
-- Up-to-date: /home/openark/ros2_ws/install/septentrio_gnss_driver/include/septentrio_gnss_driver/msg/detail/att_euler__type_support.c
-- Up-to-date: /home/openark/ros2_ws/install/septentrio_gnss_driver/include/septentrio_gnss_driver/msg/detail/vel_cov_cartesian__type_support.c
-- Up-to-date: /home/openark/ros2_ws/install/septentrio_gnss_driver/include/septentrio_gnss_driver/msg/detail/vel_sensor_setup__type_support.c
-- Up-to-date: /home/openark/ros2_ws/install/septentrio_gnss_driver/include/septentrio_gnss_driver/msg/detail/meas_epoch_channel_type2__type_support.c
-- Up-to-date: /home/openark/ros2_ws/install/septentrio_gnss_driver/include/septentrio_gnss_driver/msg/detail/vector_info_geod__type_support.c
-- Up-to-date: /home/openark/ros2_ws/install/septentrio_gnss_driver/include/septentrio_gnss_driver/msg/detail/gal_auth_status__type_support.c
-- Up-to-date: /home/openark/ros2_ws/install/septentrio_gnss_driver/include/septentrio_gnss_driver/msg/detail/ins_nav_geod__type_support.c
-- Up-to-date: /home/openark/ros2_ws/install/septentrio_gnss_driver/include/septentrio_gnss_driver/msg/detail/vector_info_cart__type_support.c
-- Up-to-date: /home/openark/ros2_ws/install/septentrio_gnss_driver/include/septentrio_gnss_driver/msg/detail/att_cov_euler__type_support.c
-- Up-to-date: /home/openark/ros2_ws/install/septentrio_gnss_driver/lib/libseptentrio_gnss_driver__rosidl_typesupport_introspection_c.so
-- Up-to-date: /home/openark/ros2_ws/install/septentrio_gnss_driver/lib/libseptentrio_gnss_driver__rosidl_typesupport_c.so
-- Up-to-date: /home/openark/ros2_ws/install/septentrio_gnss_driver/include/septentrio_gnss_driver
-- Up-to-date: /home/openark/ros2_ws/install/septentrio_gnss_driver/include/septentrio_gnss_driver/msg
-- Up-to-date: /home/openark/ros2_ws/install/septentrio_gnss_driver/include/septentrio_gnss_driver/msg/detail
-- Up-to-date: /home/openark/ros2_ws/install/septentrio_gnss_driver/include/septentrio_gnss_driver
-- Up-to-date: /home/openark/ros2_ws/install/septentrio_gnss_driver/include/septentrio_gnss_driver/msg
-- Up-to-date: /home/openark/ros2_ws/install/septentrio_gnss_driver/include/septentrio_gnss_driver/msg/detail
-- Up-to-date: /home/openark/ros2_ws/install/septentrio_gnss_driver/include/septentrio_gnss_driver/msg/detail/pvt_cartesian__type_support.cpp
-- Up-to-date: /home/openark/ros2_ws/install/septentrio_gnss_driver/include/septentrio_gnss_driver/msg/detail/vel_cov_geodetic__type_support.cpp
-- Up-to-date: /home/openark/ros2_ws/install/septentrio_gnss_driver/include/septentrio_gnss_driver/msg/detail/meas_epoch_channel_type1__type_support.cpp
-- Up-to-date: /home/openark/ros2_ws/install/septentrio_gnss_driver/include/septentrio_gnss_driver/msg/detail/rf_band__type_support.cpp
-- Up-to-date: /home/openark/ros2_ws/install/septentrio_gnss_driver/include/septentrio_gnss_driver/msg/detail/imu_setup__type_support.cpp
-- Up-to-date: /home/openark/ros2_ws/install/septentrio_gnss_driver/include/septentrio_gnss_driver/msg/detail/meas_epoch__type_support.cpp
-- Up-to-date: /home/openark/ros2_ws/install/septentrio_gnss_driver/include/septentrio_gnss_driver/msg/detail/base_vector_geod__type_support.cpp
-- Up-to-date: /home/openark/ros2_ws/install/septentrio_gnss_driver/include/septentrio_gnss_driver/msg/detail/ext_sensor_meas__type_support.cpp
-- Up-to-date: /home/openark/ros2_ws/install/septentrio_gnss_driver/include/septentrio_gnss_driver/msg/detail/receiver_time__type_support.cpp
-- Up-to-date: /home/openark/ros2_ws/install/septentrio_gnss_driver/include/septentrio_gnss_driver/msg/detail/vel_cov_cartesian__type_support.cpp
-- Up-to-date: /home/openark/ros2_ws/install/septentrio_gnss_driver/include/septentrio_gnss_driver/msg/detail/ins_nav_cart__type_support.cpp
-- Up-to-date: /home/openark/ros2_ws/install/septentrio_gnss_driver/include/septentrio_gnss_driver/msg/detail/ins_nav_geod__type_support.cpp
-- Up-to-date: /home/openark/ros2_ws/install/septentrio_gnss_driver/include/septentrio_gnss_driver/msg/detail/meas_epoch_channel_type2__type_support.cpp
-- Up-to-date: /home/openark/ros2_ws/install/septentrio_gnss_driver/include/septentrio_gnss_driver/msg/detail/att_cov_euler__type_support.cpp
-- Up-to-date: /home/openark/ros2_ws/install/septentrio_gnss_driver/include/septentrio_gnss_driver/msg/detail/gal_auth_status__type_support.cpp
-- Up-to-date: /home/openark/ros2_ws/install/septentrio_gnss_driver/include/septentrio_gnss_driver/msg/detail/vel_sensor_setup__type_support.cpp
-- Up-to-date: /home/openark/ros2_ws/install/septentrio_gnss_driver/include/septentrio_gnss_driver/msg/detail/aim_plus_status__type_support.cpp
-- Up-to-date: /home/openark/ros2_ws/install/septentrio_gnss_driver/include/septentrio_gnss_driver/msg/detail/base_vector_cart__type_support.cpp
-- Up-to-date: /home/openark/ros2_ws/install/septentrio_gnss_driver/include/septentrio_gnss_driver/msg/detail/block_header__type_support.cpp
-- Up-to-date: /home/openark/ros2_ws/install/septentrio_gnss_driver/include/septentrio_gnss_driver/msg/detail/pos_cov_geodetic__type_support.cpp
-- Up-to-date: /home/openark/ros2_ws/install/septentrio_gnss_driver/include/septentrio_gnss_driver/msg/detail/vector_info_geod__type_support.cpp
-- Up-to-date: /home/openark/ros2_ws/install/septentrio_gnss_driver/include/septentrio_gnss_driver/msg/detail/pos_cov_cartesian__type_support.cpp
-- Up-to-date: /home/openark/ros2_ws/install/septentrio_gnss_driver/include/septentrio_gnss_driver/msg/detail/pvt_geodetic__type_support.cpp
-- Up-to-date: /home/openark/ros2_ws/install/septentrio_gnss_driver/include/septentrio_gnss_driver/msg/detail/vector_info_cart__type_support.cpp
-- Up-to-date: /home/openark/ros2_ws/install/septentrio_gnss_driver/include/septentrio_gnss_driver/msg/detail/rf_status__type_support.cpp
-- Up-to-date: /home/openark/ros2_ws/install/septentrio_gnss_driver/include/septentrio_gnss_driver/msg/detail/att_euler__type_support.cpp
-- Up-to-date: /home/openark/ros2_ws/install/septentrio_gnss_driver/lib/libseptentrio_gnss_driver__rosidl_typesupport_introspection_cpp.so
-- Up-to-date: /home/openark/ros2_ws/install/septentrio_gnss_driver/lib/libseptentrio_gnss_driver__rosidl_typesupport_cpp.so
-- Up-to-date: /home/openark/ros2_ws/install/septentrio_gnss_driver/lib/python3.8/site-packages/septentrio_gnss_driver/msg
-- Up-to-date: /home/openark/ros2_ws/install/septentrio_gnss_driver/lib/python3.8/site-packages/septentrio_gnss_driver/msg/_ins_nav_cart_s.c
-- Up-to-date: /home/openark/ros2_ws/install/septentrio_gnss_driver/lib/python3.8/site-packages/septentrio_gnss_driver/msg/_vel_sensor_setup_s.c
-- Up-to-date: /home/openark/ros2_ws/install/septentrio_gnss_driver/lib/python3.8/site-packages/septentrio_gnss_driver/msg/_att_euler_s.c
-- Up-to-date: /home/openark/ros2_ws/install/septentrio_gnss_driver/lib/python3.8/site-packages/septentrio_gnss_driver/msg/_ext_sensor_meas_s.c
-- Up-to-date: /home/openark/ros2_ws/install/septentrio_gnss_driver/lib/python3.8/site-packages/septentrio_gnss_driver/msg/_pvt_cartesian_s.c
-- Up-to-date: /home/openark/ros2_ws/install/septentrio_gnss_driver/lib/python3.8/site-packages/septentrio_gnss_driver/msg/_vel_cov_cartesian_s.c
-- Up-to-date: /home/openark/ros2_ws/install/septentrio_gnss_driver/lib/python3.8/site-packages/septentrio_gnss_driver/msg/_pvt_geodetic_s.c
-- Up-to-date: /home/openark/ros2_ws/install/septentrio_gnss_driver/lib/python3.8/site-packages/septentrio_gnss_driver/msg/_ins_nav_geod_s.c
-- Up-to-date: /home/openark/ros2_ws/install/septentrio_gnss_driver/lib/python3.8/site-packages/septentrio_gnss_driver/msg/_pos_cov_geodetic_s.c
-- Up-to-date: /home/openark/ros2_ws/install/septentrio_gnss_driver/lib/python3.8/site-packages/septentrio_gnss_driver/msg/_rf_band_s.c
-- Up-to-date: /home/openark/ros2_ws/install/septentrio_gnss_driver/lib/python3.8/site-packages/septentrio_gnss_driver/msg/_meas_epoch_s.c
-- Up-to-date: /home/openark/ros2_ws/install/septentrio_gnss_driver/lib/python3.8/site-packages/septentrio_gnss_driver/msg/_rf_status_s.c
-- Up-to-date: /home/openark/ros2_ws/install/septentrio_gnss_driver/lib/python3.8/site-packages/septentrio_gnss_driver/msg/_base_vector_geod_s.c
-- Up-to-date: /home/openark/ros2_ws/install/septentrio_gnss_driver/lib/python3.8/site-packages/septentrio_gnss_driver/msg/_aim_plus_status_s.c
-- Up-to-date: /home/openark/ros2_ws/install/septentrio_gnss_driver/lib/python3.8/site-packages/septentrio_gnss_driver/msg/_imu_setup_s.c
-- Up-to-date: /home/openark/ros2_ws/install/septentrio_gnss_driver/lib/python3.8/site-packages/septentrio_gnss_driver/msg/_meas_epoch_channel_type2_s.c
-- Up-to-date: /home/openark/ros2_ws/install/septentrio_gnss_driver/lib/python3.8/site-packages/septentrio_gnss_driver/msg/_vel_cov_geodetic_s.c
-- Up-to-date: /home/openark/ros2_ws/install/septentrio_gnss_driver/lib/python3.8/site-packages/septentrio_gnss_driver/msg/_vector_info_cart_s.c
-- Up-to-date: /home/openark/ros2_ws/install/septentrio_gnss_driver/lib/python3.8/site-packages/septentrio_gnss_driver/msg/_base_vector_cart_s.c
-- Up-to-date: /home/openark/ros2_ws/install/septentrio_gnss_driver/lib/python3.8/site-packages/septentrio_gnss_driver/msg/_meas_epoch_channel_type1_s.c
-- Up-to-date: /home/openark/ros2_ws/install/septentrio_gnss_driver/lib/python3.8/site-packages/septentrio_gnss_driver/msg/_receiver_time_s.c
-- Up-to-date: /home/openark/ros2_ws/install/septentrio_gnss_driver/lib/python3.8/site-packages/septentrio_gnss_driver/msg/_block_header_s.c
-- Up-to-date: /home/openark/ros2_ws/install/septentrio_gnss_driver/lib/python3.8/site-packages/septentrio_gnss_driver/msg/_pos_cov_cartesian_s.c
-- Up-to-date: /home/openark/ros2_ws/install/septentrio_gnss_driver/lib/python3.8/site-packages/septentrio_gnss_driver/msg/_vector_info_geod_s.c
-- Up-to-date: /home/openark/ros2_ws/install/septentrio_gnss_driver/lib/python3.8/site-packages/septentrio_gnss_driver/msg/_att_cov_euler_s.c
-- Up-to-date: /home/openark/ros2_ws/install/septentrio_gnss_driver/lib/python3.8/site-packages/septentrio_gnss_driver/msg/_gal_auth_status_s.c
-- Up-to-date: /home/openark/ros2_ws/install/septentrio_gnss_driver/lib/libseptentrio_gnss_driver_core.so
-- Up-to-date: /home/openark/ros2_ws/install/septentrio_gnss_driver/lib/septentrio_gnss_driver/septentrio_gnss_driver_node
-- Up-to-date: /home/openark/ros2_ws/install/septentrio_gnss_driver/include/
-- Up-to-date: /home/openark/ros2_ws/install/septentrio_gnss_driver/include//septentrio_gnss_driver
-- Up-to-date: /home/openark/ros2_ws/install/septentrio_gnss_driver/include//septentrio_gnss_driver/abstraction
-- Up-to-date: /home/openark/ros2_ws/install/septentrio_gnss_driver/include//septentrio_gnss_driver/communication
-- Up-to-date: /home/openark/ros2_ws/install/septentrio_gnss_driver/include//septentrio_gnss_driver/node
-- Up-to-date: /home/openark/ros2_ws/install/septentrio_gnss_driver/include//septentrio_gnss_driver/crc
-- Up-to-date: /home/openark/ros2_ws/install/septentrio_gnss_driver/include//septentrio_gnss_driver/parsers
-- Up-to-date: /home/openark/ros2_ws/install/septentrio_gnss_driver/include//septentrio_gnss_driver/parsers/nmea_parsers
-- Up-to-date: /home/openark/ros2_ws/install/septentrio_gnss_driver/include//septentrio_gnss_driver/plugin
-- Up-to-date: /home/openark/ros2_ws/install/septentrio_gnss_driver/share/septentrio_gnss_driver/launch
-- Up-to-date: /home/openark/ros2_ws/install/septentrio_gnss_driver/share/septentrio_gnss_driver/config
-- Up-to-date: /home/openark/ros2_ws/install/septentrio_gnss_driver/share/septentrio_gnss_driver/config/rover.yaml
-- Up-to-date: /home/openark/ros2_ws/install/septentrio_gnss_driver/share/septentrio_gnss_driver/config/rover_node.yaml
-- Up-to-date: /home/openark/ros2_ws/install/septentrio_gnss_driver/share/septentrio_gnss_driver/config/ins.yaml
-- Up-to-date: /home/openark/ros2_ws/install/septentrio_gnss_driver/share/ament_index/resource_index/parent_prefix_path/septentrio_gnss_driver
-- Installing: /home/openark/ros2_ws/install/septentrio_gnss_driver/share/septentrio_gnss_driver/package.dsv
-- Up-to-date: /home/openark/ros2_ws/install/septentrio_gnss_driver/share/septentrio_gnss_driver/cmake/septentrio_gnss_driver__rosidl_generator_cExport.cmake
-- Up-to-date: /home/openark/ros2_ws/install/septentrio_gnss_driver/share/septentrio_gnss_driver/cmake/septentrio_gnss_driver__rosidl_generator_cExport-release.cmake
-- Up-to-date: /home/openark/ros2_ws/install/septentrio_gnss_driver/share/septentrio_gnss_driver/cmake/septentrio_gnss_driver__rosidl_typesupport_introspection_cExport.cmake
-- Up-to-date: /home/openark/ros2_ws/install/septentrio_gnss_driver/share/septentrio_gnss_driver/cmake/septentrio_gnss_driver__rosidl_typesupport_introspection_cExport-release.cmake
-- Up-to-date: /home/openark/ros2_ws/install/septentrio_gnss_driver/share/septentrio_gnss_driver/cmake/septentrio_gnss_driver__rosidl_typesupport_cExport.cmake
-- Up-to-date: /home/openark/ros2_ws/install/septentrio_gnss_driver/share/septentrio_gnss_driver/cmake/septentrio_gnss_driver__rosidl_typesupport_cExport-release.cmake
-- Up-to-date: /home/openark/ros2_ws/install/septentrio_gnss_driver/share/septentrio_gnss_driver/cmake/septentrio_gnss_driver__rosidl_generator_cppExport.cmake
-- Up-to-date: /home/openark/ros2_ws/install/septentrio_gnss_driver/share/septentrio_gnss_driver/cmake/septentrio_gnss_driver__rosidl_typesupport_introspection_cppExport.cmake
-- Up-to-date: /home/openark/ros2_ws/install/septentrio_gnss_driver/share/septentrio_gnss_driver/cmake/septentrio_gnss_driver__rosidl_typesupport_introspection_cppExport-release.cmake
-- Up-to-date: /home/openark/ros2_ws/install/septentrio_gnss_driver/share/septentrio_gnss_driver/cmake/septentrio_gnss_driver__rosidl_typesupport_cppExport.cmake
-- Up-to-date: /home/openark/ros2_ws/install/septentrio_gnss_driver/share/septentrio_gnss_driver/cmake/septentrio_gnss_driver__rosidl_typesupport_cppExport-release.cmake
-- Up-to-date: /home/openark/ros2_ws/install/septentrio_gnss_driver/share/septentrio_gnss_driver/cmake/septentrio_gnss_driver_coreExport.cmake
-- Up-to-date: /home/openark/ros2_ws/install/septentrio_gnss_driver/share/septentrio_gnss_driver/cmake/septentrio_gnss_driver_coreExport-release.cmake
