[0.466s] Invoking command in '/home/openark/ros2_ws/build/zed_components': CMAKE_PREFIX_PATH=/home/openark/ros2_ws/install/zed_interfaces:/home/openark/ros2_ws/install/zed_ros2:/home/openark/ros2_ws/install/zed_wrapper:/home/openark/ros2_ws/install/zed_components:/home/openark/ros2_ws/install/examples_rclcpp_multithreaded_executor:/home/openark/ros2_ws/install/examples_rclcpp_minimal_timer:/home/openark/ros2_ws/install/examples_rclcpp_minimal_subscriber:/home/openark/ros2_ws/install/examples_rclcpp_minimal_service:/home/openark/ros2_ws/install/examples_rclcpp_minimal_publisher:/home/openark/ros2_ws/install/examples_rclcpp_minimal_composition:/home/openark/ros2_ws/install/examples_rclcpp_minimal_client:/home/openark/ros2_ws/install/examples_rclcpp_minimal_action_server:/home/openark/ros2_ws/install/examples_rclcpp_minimal_action_client:/home/openark/ros2_ws/install/examples_rclpy_minimal_subscriber:/home/openark/ros2_ws/install/examples_rclpy_minimal_service:/home/openark/ros2_ws/install/examples_rclpy_minimal_publisher:/home/openark/ros2_ws/install/examples_rclpy_minimal_client:/home/openark/ros2_ws/install/examples_rclpy_minimal_action_server:/home/openark/ros2_ws/install/examples_rclpy_minimal_action_client:/home/openark/ros2_ws/install/examples_rclpy_executors:/opt/ros/foxy LD_LIBRARY_PATH=/home/openark/ros2_ws/install/zed_interfaces/lib:/home/openark/ros2_ws/install/zed_components/lib:/home/openark/ros2_ws/install/examples_rclcpp_minimal_composition/lib:/opt/ros/foxy/opt/yaml_cpp_vendor/lib:/opt/ros/foxy/opt/rviz_ogre_vendor/lib:/opt/ros/foxy/lib/x86_64-linux-gnu:/opt/ros/foxy/lib:/usr/local/cuda-12.2/lib64:/usr/local/cuda-12.2/extras/CUPTI/lib64 /usr/bin/cmake --build /home/openark/ros2_ws/build/zed_components -- -j12 -l12
[0.598s] [35m[1mScanning dependencies of target zed_camera_component[0m
[0.779s] [ 25%] [32mBuilding CXX object CMakeFiles/zed_camera_component.dir/src/tools/src/sl_tools.cpp.o[0m
[0.794s] [ 50%] [32mBuilding CXX object CMakeFiles/zed_camera_component.dir/src/zed_camera/src/zed_camera_component.cpp.o[0m
[2.839s] In file included from [01m[K/home/openark/ros2_ws/src/zed-ros2-wrapper/zed_components/src/zed_camera/include/zed_camera_component.hpp:19[m[K,
[2.840s]                  from [01m[K/home/openark/ros2_ws/src/zed-ros2-wrapper/zed_components/src/zed_camera/src/zed_camera_component.cpp:21[m[K:
[2.840s] [01m[K/usr/local/zed/include/sl/Fusion.hpp:68:64:[m[K [01;36m[Knote: [m[K#pragma message: ~ FUSION SDK is distributed in Early Access ~
[2.841s]    68 | #pragma message("~ FUSION SDK is distributed in Early Access ~"[01;36m[K)[m[K
[2.841s]       |                                                                [01;36m[K^[m[K
[49.509s] [ 75%] [32m[1mLinking CXX shared library libzed_camera_component.so[0m
[49.946s] [100%] Built target zed_camera_component
[49.957s] Invoked command in '/home/openark/ros2_ws/build/zed_components' returned '0': CMAKE_PREFIX_PATH=/home/openark/ros2_ws/install/zed_interfaces:/home/openark/ros2_ws/install/zed_ros2:/home/openark/ros2_ws/install/zed_wrapper:/home/openark/ros2_ws/install/zed_components:/home/openark/ros2_ws/install/examples_rclcpp_multithreaded_executor:/home/openark/ros2_ws/install/examples_rclcpp_minimal_timer:/home/openark/ros2_ws/install/examples_rclcpp_minimal_subscriber:/home/openark/ros2_ws/install/examples_rclcpp_minimal_service:/home/openark/ros2_ws/install/examples_rclcpp_minimal_publisher:/home/openark/ros2_ws/install/examples_rclcpp_minimal_composition:/home/openark/ros2_ws/install/examples_rclcpp_minimal_client:/home/openark/ros2_ws/install/examples_rclcpp_minimal_action_server:/home/openark/ros2_ws/install/examples_rclcpp_minimal_action_client:/home/openark/ros2_ws/install/examples_rclpy_minimal_subscriber:/home/openark/ros2_ws/install/examples_rclpy_minimal_service:/home/openark/ros2_ws/install/examples_rclpy_minimal_publisher:/home/openark/ros2_ws/install/examples_rclpy_minimal_client:/home/openark/ros2_ws/install/examples_rclpy_minimal_action_server:/home/openark/ros2_ws/install/examples_rclpy_minimal_action_client:/home/openark/ros2_ws/install/examples_rclpy_executors:/opt/ros/foxy LD_LIBRARY_PATH=/home/openark/ros2_ws/install/zed_interfaces/lib:/home/openark/ros2_ws/install/zed_components/lib:/home/openark/ros2_ws/install/examples_rclcpp_minimal_composition/lib:/opt/ros/foxy/opt/yaml_cpp_vendor/lib:/opt/ros/foxy/opt/rviz_ogre_vendor/lib:/opt/ros/foxy/lib/x86_64-linux-gnu:/opt/ros/foxy/lib:/usr/local/cuda-12.2/lib64:/usr/local/cuda-12.2/extras/CUPTI/lib64 /usr/bin/cmake --build /home/openark/ros2_ws/build/zed_components -- -j12 -l12
[49.988s] Invoking command in '/home/openark/ros2_ws/build/zed_components': CMAKE_PREFIX_PATH=/home/openark/ros2_ws/install/zed_interfaces:/home/openark/ros2_ws/install/zed_ros2:/home/openark/ros2_ws/install/zed_wrapper:/home/openark/ros2_ws/install/zed_components:/home/openark/ros2_ws/install/examples_rclcpp_multithreaded_executor:/home/openark/ros2_ws/install/examples_rclcpp_minimal_timer:/home/openark/ros2_ws/install/examples_rclcpp_minimal_subscriber:/home/openark/ros2_ws/install/examples_rclcpp_minimal_service:/home/openark/ros2_ws/install/examples_rclcpp_minimal_publisher:/home/openark/ros2_ws/install/examples_rclcpp_minimal_composition:/home/openark/ros2_ws/install/examples_rclcpp_minimal_client:/home/openark/ros2_ws/install/examples_rclcpp_minimal_action_server:/home/openark/ros2_ws/install/examples_rclcpp_minimal_action_client:/home/openark/ros2_ws/install/examples_rclpy_minimal_subscriber:/home/openark/ros2_ws/install/examples_rclpy_minimal_service:/home/openark/ros2_ws/install/examples_rclpy_minimal_publisher:/home/openark/ros2_ws/install/examples_rclpy_minimal_client:/home/openark/ros2_ws/install/examples_rclpy_minimal_action_server:/home/openark/ros2_ws/install/examples_rclpy_minimal_action_client:/home/openark/ros2_ws/install/examples_rclpy_executors:/opt/ros/foxy LD_LIBRARY_PATH=/home/openark/ros2_ws/install/zed_interfaces/lib:/home/openark/ros2_ws/install/zed_components/lib:/home/openark/ros2_ws/install/examples_rclcpp_minimal_composition/lib:/opt/ros/foxy/opt/yaml_cpp_vendor/lib:/opt/ros/foxy/opt/rviz_ogre_vendor/lib:/opt/ros/foxy/lib/x86_64-linux-gnu:/opt/ros/foxy/lib:/usr/local/cuda-12.2/lib64:/usr/local/cuda-12.2/extras/CUPTI/lib64 /usr/bin/cmake --install /home/openark/ros2_ws/build/zed_components
[49.995s] -- Install configuration: "Release"
[49.996s] -- Execute custom install script
[49.996s] -- Up-to-date symlink: /home/openark/ros2_ws/install/zed_components/lib/libzed_camera_component.so
[49.997s] -- Up-to-date symlink: /home/openark/ros2_ws/install/zed_components/include/zed_components//cost_traversability.hpp
[49.997s] -- Up-to-date symlink: /home/openark/ros2_ws/install/zed_components/include/zed_components//sl_types.hpp
[49.998s] -- Up-to-date symlink: /home/openark/ros2_ws/install/zed_components/include/zed_components//zed_camera_component.hpp
[49.998s] -- Up-to-date symlink: /home/openark/ros2_ws/install/zed_components/include/zed_components//sl_logging.hpp
[49.998s] -- Up-to-date symlink: /home/openark/ros2_ws/install/zed_components/include/zed_components//sl_tools.hpp
[49.998s] -- Up-to-date symlink: /home/openark/ros2_ws/install/zed_components/include/zed_components//sl_win_avg.hpp
[49.999s] -- Up-to-date symlink: /home/openark/ros2_ws/install/zed_components/include/zed_components//visibility_control.hpp
[49.999s] -- Up-to-date symlink: /home/openark/ros2_ws/install/zed_components/share/zed_components/environment/library_path.sh
[49.999s] -- Up-to-date symlink: /home/openark/ros2_ws/install/zed_components/share/zed_components/environment/library_path.dsv
[50.000s] -- Up-to-date symlink: /home/openark/ros2_ws/install/zed_components/share/ament_index/resource_index/package_run_dependencies/zed_components
[50.000s] -- Up-to-date symlink: /home/openark/ros2_ws/install/zed_components/share/ament_index/resource_index/parent_prefix_path/zed_components
[50.000s] -- Up-to-date symlink: /home/openark/ros2_ws/install/zed_components/share/zed_components/environment/ament_prefix_path.sh
[50.001s] -- Up-to-date symlink: /home/openark/ros2_ws/install/zed_components/share/zed_components/environment/ament_prefix_path.dsv
[50.001s] -- Up-to-date symlink: /home/openark/ros2_ws/install/zed_components/share/zed_components/environment/path.sh
[50.001s] -- Up-to-date symlink: /home/openark/ros2_ws/install/zed_components/share/zed_components/environment/path.dsv
[50.001s] -- Up-to-date symlink: /home/openark/ros2_ws/install/zed_components/share/zed_components/local_setup.bash
[50.002s] -- Up-to-date symlink: /home/openark/ros2_ws/install/zed_components/share/zed_components/local_setup.sh
[50.002s] -- Up-to-date symlink: /home/openark/ros2_ws/install/zed_components/share/zed_components/local_setup.zsh
[50.002s] -- Up-to-date symlink: /home/openark/ros2_ws/install/zed_components/share/zed_components/local_setup.dsv
[50.002s] -- Symlinking: /home/openark/ros2_ws/install/zed_components/share/zed_components/package.dsv
[50.011s] -- Up-to-date symlink: /home/openark/ros2_ws/install/zed_components/share/ament_index/resource_index/packages/zed_components
[50.012s] -- Up-to-date symlink: /home/openark/ros2_ws/install/zed_components/share/ament_index/resource_index/rclcpp_components/zed_components
[50.012s] -- Up-to-date symlink: /home/openark/ros2_ws/install/zed_components/share/zed_components/cmake/ament_cmake_export_include_directories-extras.cmake
[50.012s] -- Up-to-date symlink: /home/openark/ros2_ws/install/zed_components/share/zed_components/cmake/ament_cmake_export_libraries-extras.cmake
[50.012s] -- Up-to-date symlink: /home/openark/ros2_ws/install/zed_components/share/zed_components/cmake/ament_cmake_export_dependencies-extras.cmake
[50.013s] -- Up-to-date symlink: /home/openark/ros2_ws/install/zed_components/share/zed_components/cmake/zed_componentsConfig.cmake
[50.013s] -- Up-to-date symlink: /home/openark/ros2_ws/install/zed_components/share/zed_components/cmake/zed_componentsConfig-version.cmake
[50.013s] -- Up-to-date symlink: /home/openark/ros2_ws/install/zed_components/share/zed_components/package.xml
[50.015s] Invoked command in '/home/openark/ros2_ws/build/zed_components' returned '0': CMAKE_PREFIX_PATH=/home/openark/ros2_ws/install/zed_interfaces:/home/openark/ros2_ws/install/zed_ros2:/home/openark/ros2_ws/install/zed_wrapper:/home/openark/ros2_ws/install/zed_components:/home/openark/ros2_ws/install/examples_rclcpp_multithreaded_executor:/home/openark/ros2_ws/install/examples_rclcpp_minimal_timer:/home/openark/ros2_ws/install/examples_rclcpp_minimal_subscriber:/home/openark/ros2_ws/install/examples_rclcpp_minimal_service:/home/openark/ros2_ws/install/examples_rclcpp_minimal_publisher:/home/openark/ros2_ws/install/examples_rclcpp_minimal_composition:/home/openark/ros2_ws/install/examples_rclcpp_minimal_client:/home/openark/ros2_ws/install/examples_rclcpp_minimal_action_server:/home/openark/ros2_ws/install/examples_rclcpp_minimal_action_client:/home/openark/ros2_ws/install/examples_rclpy_minimal_subscriber:/home/openark/ros2_ws/install/examples_rclpy_minimal_service:/home/openark/ros2_ws/install/examples_rclpy_minimal_publisher:/home/openark/ros2_ws/install/examples_rclpy_minimal_client:/home/openark/ros2_ws/install/examples_rclpy_minimal_action_server:/home/openark/ros2_ws/install/examples_rclpy_minimal_action_client:/home/openark/ros2_ws/install/examples_rclpy_executors:/opt/ros/foxy LD_LIBRARY_PATH=/home/openark/ros2_ws/install/zed_interfaces/lib:/home/openark/ros2_ws/install/zed_components/lib:/home/openark/ros2_ws/install/examples_rclcpp_minimal_composition/lib:/opt/ros/foxy/opt/yaml_cpp_vendor/lib:/opt/ros/foxy/opt/rviz_ogre_vendor/lib:/opt/ros/foxy/lib/x86_64-linux-gnu:/opt/ros/foxy/lib:/usr/local/cuda-12.2/lib64:/usr/local/cuda-12.2/extras/CUPTI/lib64 /usr/bin/cmake --install /home/openark/ros2_ws/build/zed_components
