[2.943s] Invoking command in '/home/openark/ros2_ws/build/examples_rclcpp_minimal_client': CMAKE_PREFIX_PATH=${CMAKE_PREFIX_PATH}:/home/openark/ros2_ws/install/examples_rclpy_minimal_subscriber:/home/openark/ros2_ws/install/examples_rclpy_minimal_service:/home/openark/ros2_ws/install/examples_rclpy_minimal_publisher:/home/openark/ros2_ws/install/examples_rclpy_minimal_client:/home/openark/ros2_ws/install/examples_rclpy_minimal_action_server:/home/openark/ros2_ws/install/examples_rclpy_minimal_action_client:/home/openark/ros2_ws/install/examples_rclpy_executors:/home/openark/ros2_ws/src/install/examples_rclpy_minimal_subscriber:/home/openark/ros2_ws/src/install/examples_rclpy_minimal_service:/home/openark/ros2_ws/src/install/examples_rclpy_minimal_publisher:/home/openark/ros2_ws/src/install/examples_rclpy_minimal_client:/home/openark/ros2_ws/src/install/examples_rclpy_minimal_action_server:/home/openark/ros2_ws/src/install/examples_rclpy_minimal_action_client:/home/openark/ros2_ws/src/install/examples_rclpy_executors:/opt/ros/foxy /usr/bin/cmake --build /home/openark/ros2_ws/build/examples_rclcpp_minimal_client -- -j12 -l12
[4.437s] CMake Error at /home/openark/ros2_ws/build/examples_rclcpp_minimal_client/CMakeFiles/3.16.3/CMakeSystem.cmake:1:
[4.437s]   Parse error.  Expected a command name, got unquoted argument with text
[4.438s]   "<<<<<<<".
[4.438s] Call Stack (most recent call first):
[4.443s]   CMakeLists.txt:2 (project)
[4.444s] 
[4.444s] 
[4.444s] CMake Error at /home/openark/ros2_ws/build/examples_rclcpp_minimal_client/CMakeFiles/3.16.3/CMakeSystem.cmake:1:
[4.444s]   Parse error.  Expected a command name, got unquoted argument with text
[4.445s]   "<<<<<<<".
[4.445s] Call Stack (most recent call first):
[4.445s]   CMakeLists.txt:2 (project)
[4.445s] 
[4.445s] 
[4.445s] make: *** [Makefile:266: cmake_check_build_system] Error 1
[4.445s] -- Configuring incomplete, errors occurred!
[4.445s] See also "/home/openark/ros2_ws/build/examples_rclcpp_minimal_client/CMakeFiles/CMakeOutput.log".
[4.446s] See also "/home/openark/ros2_ws/build/examples_rclcpp_minimal_client/CMakeFiles/CMakeError.log".
[4.497s] Invoked command in '/home/openark/ros2_ws/build/examples_rclcpp_minimal_client' returned '2': CMAKE_PREFIX_PATH=${CMAKE_PREFIX_PATH}:/home/openark/ros2_ws/install/examples_rclpy_minimal_subscriber:/home/openark/ros2_ws/install/examples_rclpy_minimal_service:/home/openark/ros2_ws/install/examples_rclpy_minimal_publisher:/home/openark/ros2_ws/install/examples_rclpy_minimal_client:/home/openark/ros2_ws/install/examples_rclpy_minimal_action_server:/home/openark/ros2_ws/install/examples_rclpy_minimal_action_client:/home/openark/ros2_ws/install/examples_rclpy_executors:/home/openark/ros2_ws/src/install/examples_rclpy_minimal_subscriber:/home/openark/ros2_ws/src/install/examples_rclpy_minimal_service:/home/openark/ros2_ws/src/install/examples_rclpy_minimal_publisher:/home/openark/ros2_ws/src/install/examples_rclpy_minimal_client:/home/openark/ros2_ws/src/install/examples_rclpy_minimal_action_server:/home/openark/ros2_ws/src/install/examples_rclpy_minimal_action_client:/home/openark/ros2_ws/src/install/examples_rclpy_executors:/opt/ros/foxy /usr/bin/cmake --build /home/openark/ros2_ws/build/examples_rclcpp_minimal_client -- -j12 -l12
