[6.837s] Invoking command in '/home/openark/ros2_ws/src/examples/rclpy/services/minimal_client': PYTHONPATH=/home/openark/ros2_ws/build/examples_rclpy_minimal_client/prefix_override:/home/openark/ros2_ws/install/examples_rclpy_minimal_client/lib/python3.8/site-packages:${PYTHONPATH} /usr/bin/python3 setup.py egg_info --egg-base ../../../../../build/examples_rclpy_minimal_client build --build-base /home/openark/ros2_ws/build/examples_rclpy_minimal_client/build install --record /home/openark/ros2_ws/build/examples_rclpy_minimal_client/install.log --install-scripts $base/lib/examples_rclpy_minimal_client --single-version-externally-managed
[7.257s] running egg_info
[7.258s] writing ../../../../../build/examples_rclpy_minimal_client/examples_rclpy_minimal_client.egg-info/PKG-INFO
[7.259s] writing dependency_links to ../../../../../build/examples_rclpy_minimal_client/examples_rclpy_minimal_client.egg-info/dependency_links.txt
[7.260s] writing entry points to ../../../../../build/examples_rclpy_minimal_client/examples_rclpy_minimal_client.egg-info/entry_points.txt
[7.261s] writing requirements to ../../../../../build/examples_rclpy_minimal_client/examples_rclpy_minimal_client.egg-info/requires.txt
[7.263s] writing top-level names to ../../../../../build/examples_rclpy_minimal_client/examples_rclpy_minimal_client.egg-info/top_level.txt
[7.295s] reading manifest file '../../../../../build/examples_rclpy_minimal_client/examples_rclpy_minimal_client.egg-info/SOURCES.txt'
[7.297s] writing manifest file '../../../../../build/examples_rclpy_minimal_client/examples_rclpy_minimal_client.egg-info/SOURCES.txt'
[7.297s] running build
[7.298s] running build_py
[7.298s] running install
[7.300s] running install_lib
[7.301s] running install_data
[7.302s] running install_egg_info
[7.305s] removing '/home/openark/ros2_ws/install/examples_rclpy_minimal_client/lib/python3.8/site-packages/examples_rclpy_minimal_client-0.9.4-py3.8.egg-info' (and everything under it)
[7.306s] Copying ../../../../../build/examples_rclpy_minimal_client/examples_rclpy_minimal_client.egg-info to /home/openark/ros2_ws/install/examples_rclpy_minimal_client/lib/python3.8/site-packages/examples_rclpy_minimal_client-0.9.4-py3.8.egg-info
[7.308s] running install_scripts
[7.326s] Installing client script to /home/openark/ros2_ws/install/examples_rclpy_minimal_client/lib/examples_rclpy_minimal_client
[7.326s] Installing client_async script to /home/openark/ros2_ws/install/examples_rclpy_minimal_client/lib/examples_rclpy_minimal_client
[7.327s] Installing client_async_callback script to /home/openark/ros2_ws/install/examples_rclpy_minimal_client/lib/examples_rclpy_minimal_client
[7.328s] Installing client_async_member_function script to /home/openark/ros2_ws/install/examples_rclpy_minimal_client/lib/examples_rclpy_minimal_client
[7.328s] writing list of installed files to '/home/openark/ros2_ws/build/examples_rclpy_minimal_client/install.log'
[7.804s] Invoked command in '/home/openark/ros2_ws/src/examples/rclpy/services/minimal_client' returned '0': PYTHONPATH=/home/openark/ros2_ws/build/examples_rclpy_minimal_client/prefix_override:/home/openark/ros2_ws/install/examples_rclpy_minimal_client/lib/python3.8/site-packages:${PYTHONPATH} /usr/bin/python3 setup.py egg_info --egg-base ../../../../../build/examples_rclpy_minimal_client build --build-base /home/openark/ros2_ws/build/examples_rclpy_minimal_client/build install --record /home/openark/ros2_ws/build/examples_rclpy_minimal_client/install.log --install-scripts $base/lib/examples_rclpy_minimal_client --single-version-externally-managed
