[6.562s] Invoking command in '/home/openark/ros2_ws/src/examples/rclpy/services/minimal_service': PYTHONPATH=/home/openark/ros2_ws/build/examples_rclpy_minimal_service/prefix_override:/home/openark/ros2_ws/install/examples_rclpy_minimal_service/lib/python3.8/site-packages:${PYTHONPATH} /usr/bin/python3 setup.py egg_info --egg-base ../../../../../build/examples_rclpy_minimal_service build --build-base /home/openark/ros2_ws/build/examples_rclpy_minimal_service/build install --record /home/openark/ros2_ws/build/examples_rclpy_minimal_service/install.log --install-scripts $base/lib/examples_rclpy_minimal_service --single-version-externally-managed
[6.956s] running egg_info
[6.957s] writing ../../../../../build/examples_rclpy_minimal_service/examples_rclpy_minimal_service.egg-info/PKG-INFO
[6.958s] writing dependency_links to ../../../../../build/examples_rclpy_minimal_service/examples_rclpy_minimal_service.egg-info/dependency_links.txt
[6.959s] writing entry points to ../../../../../build/examples_rclpy_minimal_service/examples_rclpy_minimal_service.egg-info/entry_points.txt
[6.960s] writing requirements to ../../../../../build/examples_rclpy_minimal_service/examples_rclpy_minimal_service.egg-info/requires.txt
[6.961s] writing top-level names to ../../../../../build/examples_rclpy_minimal_service/examples_rclpy_minimal_service.egg-info/top_level.txt
[7.012s] reading manifest file '../../../../../build/examples_rclpy_minimal_service/examples_rclpy_minimal_service.egg-info/SOURCES.txt'
[7.015s] writing manifest file '../../../../../build/examples_rclpy_minimal_service/examples_rclpy_minimal_service.egg-info/SOURCES.txt'
[7.016s] running build
[7.017s] running build_py
[7.020s] running install
[7.028s] running install_lib
[7.032s] running install_data
[7.033s] running install_egg_info
[7.034s] removing '/home/openark/ros2_ws/install/examples_rclpy_minimal_service/lib/python3.8/site-packages/examples_rclpy_minimal_service-0.9.4-py3.8.egg-info' (and everything under it)
[7.036s] Copying ../../../../../build/examples_rclpy_minimal_service/examples_rclpy_minimal_service.egg-info to /home/openark/ros2_ws/install/examples_rclpy_minimal_service/lib/python3.8/site-packages/examples_rclpy_minimal_service-0.9.4-py3.8.egg-info
[7.041s] running install_scripts
[7.062s] Installing service script to /home/openark/ros2_ws/install/examples_rclpy_minimal_service/lib/examples_rclpy_minimal_service
[7.062s] Installing service_member_function script to /home/openark/ros2_ws/install/examples_rclpy_minimal_service/lib/examples_rclpy_minimal_service
[7.063s] writing list of installed files to '/home/openark/ros2_ws/build/examples_rclpy_minimal_service/install.log'
[8.066s] Invoked command in '/home/openark/ros2_ws/src/examples/rclpy/services/minimal_service' returned '0': PYTHONPATH=/home/openark/ros2_ws/build/examples_rclpy_minimal_service/prefix_override:/home/openark/ros2_ws/install/examples_rclpy_minimal_service/lib/python3.8/site-packages:${PYTHONPATH} /usr/bin/python3 setup.py egg_info --egg-base ../../../../../build/examples_rclpy_minimal_service build --build-base /home/openark/ros2_ws/build/examples_rclpy_minimal_service/build install --record /home/openark/ros2_ws/build/examples_rclpy_minimal_service/install.log --install-scripts $base/lib/examples_rclpy_minimal_service --single-version-externally-managed
