Performing C SOURCE FILE Test CMAKE_HAVE_LIBC_PTHREAD failed with the following output:
Change Dir: /home/openark/ros2_ws/src/build/examples_rclcpp_minimal_timer/CMakeFiles/CMakeTmp

<<<<<<< HEAD
Run Build Command(s):/usr/bin/make cmTC_f5b99/fast && /usr/bin/make -f CMakeFiles/cmTC_f5b99.dir/build.make CMakeFiles/cmTC_f5b99.dir/build
make[1]: Entering directory '/home/openark/ros2_ws/src/build/examples_rclcpp_minimal_timer/CMakeFiles/CMakeTmp'
Building C object CMakeFiles/cmTC_f5b99.dir/src.c.o
/usr/bin/cc   -DCMAKE_HAVE_LIBC_PTHREAD   -o CMakeFiles/cmTC_f5b99.dir/src.c.o   -c /home/openark/ros2_ws/src/build/examples_rclcpp_minimal_timer/CMakeFiles/CMakeTmp/src.c
Linking C executable cmTC_f5b99
/usr/bin/cmake -E cmake_link_script CMakeFiles/cmTC_f5b99.dir/link.txt --verbose=1
/usr/bin/cc  -DCMAKE_HAVE_LIBC_PTHREAD    CMakeFiles/cmTC_f5b99.dir/src.c.o  -o cmTC_f5b99 
/usr/bin/ld: CMakeFiles/cmTC_f5b99.dir/src.c.o: in function `main':
=======
Run Build Command(s):/usr/bin/make cmTC_4c7ed/fast && /usr/bin/make -f CMakeFiles/cmTC_4c7ed.dir/build.make CMakeFiles/cmTC_4c7ed.dir/build
make[1]: Entering directory '/home/openark/ros2_ws/src/build/examples_rclcpp_minimal_timer/CMakeFiles/CMakeTmp'
Building C object CMakeFiles/cmTC_4c7ed.dir/src.c.o
/usr/bin/cc   -DCMAKE_HAVE_LIBC_PTHREAD   -o CMakeFiles/cmTC_4c7ed.dir/src.c.o   -c /home/openark/ros2_ws/src/build/examples_rclcpp_minimal_timer/CMakeFiles/CMakeTmp/src.c
Linking C executable cmTC_4c7ed
/usr/bin/cmake -E cmake_link_script CMakeFiles/cmTC_4c7ed.dir/link.txt --verbose=1
/usr/bin/cc  -DCMAKE_HAVE_LIBC_PTHREAD    CMakeFiles/cmTC_4c7ed.dir/src.c.o  -o cmTC_4c7ed 
/usr/bin/ld: CMakeFiles/cmTC_4c7ed.dir/src.c.o: in function `main':
>>>>>>> a78d895c08221f1d9ededfbef80db89bbb4edab8
src.c:(.text+0x46): undefined reference to `pthread_create'
/usr/bin/ld: src.c:(.text+0x52): undefined reference to `pthread_detach'
/usr/bin/ld: src.c:(.text+0x63): undefined reference to `pthread_join'
collect2: error: ld returned 1 exit status
<<<<<<< HEAD
make[1]: *** [CMakeFiles/cmTC_f5b99.dir/build.make:87: cmTC_f5b99] Error 1
make[1]: Leaving directory '/home/openark/ros2_ws/src/build/examples_rclcpp_minimal_timer/CMakeFiles/CMakeTmp'
make: *** [Makefile:121: cmTC_f5b99/fast] Error 2
=======
make[1]: *** [CMakeFiles/cmTC_4c7ed.dir/build.make:87: cmTC_4c7ed] Error 1
make[1]: Leaving directory '/home/openark/ros2_ws/src/build/examples_rclcpp_minimal_timer/CMakeFiles/CMakeTmp'
make: *** [Makefile:121: cmTC_4c7ed/fast] Error 2
>>>>>>> a78d895c08221f1d9ededfbef80db89bbb4edab8


Source file was:
#include <pthread.h>

void* test_func(void* data)
{
  return data;
}

int main(void)
{
  pthread_t thread;
  pthread_create(&thread, NULL, test_func, NULL);
  pthread_detach(thread);
  pthread_join(thread, NULL);
  pthread_atfork(NULL, NULL, NULL);
  pthread_exit(NULL);

  return 0;
}

Determining if the function pthread_create exists in the pthreads failed with the following output:
Change Dir: /home/openark/ros2_ws/src/build/examples_rclcpp_minimal_timer/CMakeFiles/CMakeTmp

<<<<<<< HEAD
Run Build Command(s):/usr/bin/make cmTC_c587a/fast && /usr/bin/make -f CMakeFiles/cmTC_c587a.dir/build.make CMakeFiles/cmTC_c587a.dir/build
make[1]: Entering directory '/home/openark/ros2_ws/src/build/examples_rclcpp_minimal_timer/CMakeFiles/CMakeTmp'
Building C object CMakeFiles/cmTC_c587a.dir/CheckFunctionExists.c.o
/usr/bin/cc   -DCHECK_FUNCTION_EXISTS=pthread_create   -o CMakeFiles/cmTC_c587a.dir/CheckFunctionExists.c.o   -c /usr/share/cmake-3.16/Modules/CheckFunctionExists.c
Linking C executable cmTC_c587a
/usr/bin/cmake -E cmake_link_script CMakeFiles/cmTC_c587a.dir/link.txt --verbose=1
/usr/bin/cc  -DCHECK_FUNCTION_EXISTS=pthread_create    CMakeFiles/cmTC_c587a.dir/CheckFunctionExists.c.o  -o cmTC_c587a  -lpthreads 
/usr/bin/ld: cannot find -lpthreads
collect2: error: ld returned 1 exit status
make[1]: *** [CMakeFiles/cmTC_c587a.dir/build.make:87: cmTC_c587a] Error 1
make[1]: Leaving directory '/home/openark/ros2_ws/src/build/examples_rclcpp_minimal_timer/CMakeFiles/CMakeTmp'
make: *** [Makefile:121: cmTC_c587a/fast] Error 2
=======
Run Build Command(s):/usr/bin/make cmTC_c2604/fast && /usr/bin/make -f CMakeFiles/cmTC_c2604.dir/build.make CMakeFiles/cmTC_c2604.dir/build
make[1]: Entering directory '/home/openark/ros2_ws/src/build/examples_rclcpp_minimal_timer/CMakeFiles/CMakeTmp'
Building C object CMakeFiles/cmTC_c2604.dir/CheckFunctionExists.c.o
/usr/bin/cc   -DCHECK_FUNCTION_EXISTS=pthread_create   -o CMakeFiles/cmTC_c2604.dir/CheckFunctionExists.c.o   -c /usr/share/cmake-3.16/Modules/CheckFunctionExists.c
Linking C executable cmTC_c2604
/usr/bin/cmake -E cmake_link_script CMakeFiles/cmTC_c2604.dir/link.txt --verbose=1
/usr/bin/cc  -DCHECK_FUNCTION_EXISTS=pthread_create    CMakeFiles/cmTC_c2604.dir/CheckFunctionExists.c.o  -o cmTC_c2604  -lpthreads 
/usr/bin/ld: cannot find -lpthreads
collect2: error: ld returned 1 exit status
make[1]: *** [CMakeFiles/cmTC_c2604.dir/build.make:87: cmTC_c2604] Error 1
make[1]: Leaving directory '/home/openark/ros2_ws/src/build/examples_rclcpp_minimal_timer/CMakeFiles/CMakeTmp'
make: *** [Makefile:121: cmTC_c2604/fast] Error 2
>>>>>>> a78d895c08221f1d9ededfbef80db89bbb4edab8



