[9.371s] Invoking command in '/home/openark/ros2_ws/src/examples/rclpy/topics/minimal_publisher': PYTHONPATH=/home/openark/ros2_ws/build/examples_rclpy_minimal_publisher/prefix_override:/home/openark/ros2_ws/install/examples_rclpy_minimal_publisher/lib/python3.8/site-packages:${PYTHONPATH} /usr/bin/python3 setup.py egg_info --egg-base ../../../../../build/examples_rclpy_minimal_publisher build --build-base /home/openark/ros2_ws/build/examples_rclpy_minimal_publisher/build install --record /home/openark/ros2_ws/build/examples_rclpy_minimal_publisher/install.log --install-scripts $base/lib/examples_rclpy_minimal_publisher --single-version-externally-managed
[10.753s] running egg_info
[10.754s] writing ../../../../../build/examples_rclpy_minimal_publisher/examples_rclpy_minimal_publisher.egg-info/PKG-INFO
[10.754s] writing dependency_links to ../../../../../build/examples_rclpy_minimal_publisher/examples_rclpy_minimal_publisher.egg-info/dependency_links.txt
[10.754s] writing entry points to ../../../../../build/examples_rclpy_minimal_publisher/examples_rclpy_minimal_publisher.egg-info/entry_points.txt
[10.754s] writing requirements to ../../../../../build/examples_rclpy_minimal_publisher/examples_rclpy_minimal_publisher.egg-info/requires.txt
[10.754s] writing top-level names to ../../../../../build/examples_rclpy_minimal_publisher/examples_rclpy_minimal_publisher.egg-info/top_level.txt
[10.754s] reading manifest file '../../../../../build/examples_rclpy_minimal_publisher/examples_rclpy_minimal_publisher.egg-info/SOURCES.txt'
[10.755s] writing manifest file '../../../../../build/examples_rclpy_minimal_publisher/examples_rclpy_minimal_publisher.egg-info/SOURCES.txt'
[10.755s] running build
[10.755s] running build_py
[10.755s] running install
[10.755s] running install_lib
[10.755s] running install_data
[10.756s] running install_egg_info
[10.756s] removing '/home/openark/ros2_ws/install/examples_rclpy_minimal_publisher/lib/python3.8/site-packages/examples_rclpy_minimal_publisher-0.9.4-py3.8.egg-info' (and everything under it)
[10.756s] Copying ../../../../../build/examples_rclpy_minimal_publisher/examples_rclpy_minimal_publisher.egg-info to /home/openark/ros2_ws/install/examples_rclpy_minimal_publisher/lib/python3.8/site-packages/examples_rclpy_minimal_publisher-0.9.4-py3.8.egg-info
[10.756s] running install_scripts
[10.756s] Installing publisher_local_function script to /home/openark/ros2_ws/install/examples_rclpy_minimal_publisher/lib/examples_rclpy_minimal_publisher
[10.756s] Installing publisher_member_function script to /home/openark/ros2_ws/install/examples_rclpy_minimal_publisher/lib/examples_rclpy_minimal_publisher
[10.757s] Installing publisher_old_school script to /home/openark/ros2_ws/install/examples_rclpy_minimal_publisher/lib/examples_rclpy_minimal_publisher
[10.757s] writing list of installed files to '/home/openark/ros2_ws/build/examples_rclpy_minimal_publisher/install.log'
[11.510s] Invoked command in '/home/openark/ros2_ws/src/examples/rclpy/topics/minimal_publisher' returned '0': PYTHONPATH=/home/openark/ros2_ws/build/examples_rclpy_minimal_publisher/prefix_override:/home/openark/ros2_ws/install/examples_rclpy_minimal_publisher/lib/python3.8/site-packages:${PYTHONPATH} /usr/bin/python3 setup.py egg_info --egg-base ../../../../../build/examples_rclpy_minimal_publisher build --build-base /home/openark/ros2_ws/build/examples_rclpy_minimal_publisher/build install --record /home/openark/ros2_ws/build/examples_rclpy_minimal_publisher/install.log --install-scripts $base/lib/examples_rclpy_minimal_publisher --single-version-externally-managed
