[0.541s] Invoking command in '/home/openark/ros2_ws/build/examples_rclcpp_minimal_publisher': /usr/bin/cmake /home/openark/ros2_ws/src/examples/rclcpp/topics/minimal_publisher -DAMENT_CMAKE_SYMLINK_INSTALL=1 -DCMAKE_INSTALL_PREFIX=/home/openark/ros2_ws/install/examples_rclcpp_minimal_publisher
[2.048s] CMake Error at CMakeLists.txt:13 (find_package):
[2.048s]   By not providing "Findament_cmake.cmake" in CMAKE_MODULE_PATH this project
[2.048s]   has asked CMake to find a package configuration file provided by
[2.048s]   "ament_cmake", but CMake did not find one.
[2.048s] 
[2.049s]   Could not find a package configuration file provided by "ament_cmake" with
[2.049s]   any of the following names:
[2.052s] 
[2.052s]     ament_cmakeConfig.cmake
[2.053s]     ament_cmake-config.cmake
[2.053s] 
[2.053s]   Add the installation prefix of "ament_cmake" to CMAKE_PREFIX_PATH or set
[2.053s]   "ament_cmake_DIR" to a directory containing one of the above files.  If
[2.054s]   "ament_cmake" provides a separate development package or SDK, be sure it
[2.054s]   has been installed.
[2.054s] 
[2.054s] 
[2.055s] -- The C compiler identification is GNU 9.4.0
[2.055s] -- The CXX compiler identification is GNU 9.4.0
[2.055s] -- Check for working C compiler: /usr/bin/cc
[2.055s] -- Check for working C compiler: /usr/bin/cc -- works
[2.055s] -- Detecting C compiler ABI info
[2.056s] -- Detecting C compiler ABI info - done
[2.056s] -- Detecting C compile features
[2.056s] -- Detecting C compile features - done
[2.056s] -- Check for working CXX compiler: /usr/bin/c++
[2.056s] -- Check for working CXX compiler: /usr/bin/c++ -- works
[2.057s] -- Detecting CXX compiler ABI info
[2.057s] -- Detecting CXX compiler ABI info - done
[2.057s] -- Detecting CXX compile features
[2.057s] -- Detecting CXX compile features - done
[2.057s] -- Configuring incomplete, errors occurred!
[2.057s] See also "/home/openark/ros2_ws/build/examples_rclcpp_minimal_publisher/CMakeFiles/CMakeOutput.log".
[2.099s] Invoked command in '/home/openark/ros2_ws/build/examples_rclcpp_minimal_publisher' returned '1': /usr/bin/cmake /home/openark/ros2_ws/src/examples/rclcpp/topics/minimal_publisher -DAMENT_CMAKE_SYMLINK_INSTALL=1 -DCMAKE_INSTALL_PREFIX=/home/openark/ros2_ws/install/examples_rclcpp_minimal_publisher
