[4.124s] Invoking command in '/home/openark/ros2_ws/src/examples/rclpy/executors': PYTHONPATH=/home/openark/ros2_ws/src/build/examples_rclpy_executors/prefix_override:/home/openark/ros2_ws/src/install/examples_rclpy_executors/lib/python3.8/site-packages:${PYTHONPATH} /usr/bin/python3 setup.py egg_info --egg-base ../../../build/examples_rclpy_executors build --build-base /home/openark/ros2_ws/src/build/examples_rclpy_executors/build install --record /home/openark/ros2_ws/src/build/examples_rclpy_executors/install.log --install-scripts $base/lib/examples_rclpy_executors --single-version-externally-managed
[5.237s] running egg_info
[5.237s] writing ../../../build/examples_rclpy_executors/examples_rclpy_executors.egg-info/PKG-INFO
[5.237s] writing dependency_links to ../../../build/examples_rclpy_executors/examples_rclpy_executors.egg-info/dependency_links.txt
[5.238s] writing entry points to ../../../build/examples_rclpy_executors/examples_rclpy_executors.egg-info/entry_points.txt
[5.238s] writing requirements to ../../../build/examples_rclpy_executors/examples_rclpy_executors.egg-info/requires.txt
[5.238s] writing top-level names to ../../../build/examples_rclpy_executors/examples_rclpy_executors.egg-info/top_level.txt
[5.238s] reading manifest file '../../../build/examples_rclpy_executors/examples_rclpy_executors.egg-info/SOURCES.txt'
[5.238s] writing manifest file '../../../build/examples_rclpy_executors/examples_rclpy_executors.egg-info/SOURCES.txt'
[5.238s] running build
[5.238s] running build_py
[5.239s] running install
[5.239s] running install_lib
[5.239s] running install_data
[5.239s] running install_egg_info
[5.239s] removing '/home/openark/ros2_ws/src/install/examples_rclpy_executors/lib/python3.8/site-packages/examples_rclpy_executors-0.9.4-py3.8.egg-info' (and everything under it)
[5.239s] Copying ../../../build/examples_rclpy_executors/examples_rclpy_executors.egg-info to /home/openark/ros2_ws/src/install/examples_rclpy_executors/lib/python3.8/site-packages/examples_rclpy_executors-0.9.4-py3.8.egg-info
[5.239s] running install_scripts
[5.240s] Installing callback_group script to /home/openark/ros2_ws/src/install/examples_rclpy_executors/lib/examples_rclpy_executors
[5.240s] Installing composed script to /home/openark/ros2_ws/src/install/examples_rclpy_executors/lib/examples_rclpy_executors
[5.240s] Installing custom_callback_group script to /home/openark/ros2_ws/src/install/examples_rclpy_executors/lib/examples_rclpy_executors
[5.240s] Installing custom_executor script to /home/openark/ros2_ws/src/install/examples_rclpy_executors/lib/examples_rclpy_executors
[5.240s] Installing listener script to /home/openark/ros2_ws/src/install/examples_rclpy_executors/lib/examples_rclpy_executors
[5.240s] Installing talker script to /home/openark/ros2_ws/src/install/examples_rclpy_executors/lib/examples_rclpy_executors
[5.240s] writing list of installed files to '/home/openark/ros2_ws/src/build/examples_rclpy_executors/install.log'
[8.406s] Invoked command in '/home/openark/ros2_ws/src/examples/rclpy/executors' returned '0': PYTHONPATH=/home/openark/ros2_ws/src/build/examples_rclpy_executors/prefix_override:/home/openark/ros2_ws/src/install/examples_rclpy_executors/lib/python3.8/site-packages:${PYTHONPATH} /usr/bin/python3 setup.py egg_info --egg-base ../../../build/examples_rclpy_executors build --build-base /home/openark/ros2_ws/src/build/examples_rclpy_executors/build install --record /home/openark/ros2_ws/src/build/examples_rclpy_executors/install.log --install-scripts $base/lib/examples_rclpy_executors --single-version-externally-managed
