[0.538s] Invoking command in '/home/openark/ros2_ws/src/build/zed_wrapper': AMENT_PREFIX_PATH=/home/openark/ros2_ws/src/install/zed_components:/home/openark/ros2_ws/src/install/zed_interfaces:${AMENT_PREFIX_PATH} CMAKE_PREFIX_PATH=/home/openark/ros2_ws/src/install/zed_components:/home/openark/ros2_ws/src/install/zed_interfaces:/home/openark/ros2_ws/install/zed_ros2:/home/openark/ros2_ws/install/zed_multi_camera:/home/openark/ros2_ws/install/zed_display_rviz2:/home/openark/ros2_ws/install/zed_wrapper:/home/openark/ros2_ws/install/zed_tutorial_video:/home/openark/ros2_ws/install/zed_tutorial_pos_tracking:/home/openark/ros2_ws/install/zed_tutorial_depth:/home/openark/ros2_ws/install/zed_topic_benchmark_interfaces:/home/openark/ros2_ws/install/zed_rgb_convert:/home/openark/ros2_ws/install/zed_components:/home/openark/ros2_ws/install/rviz_plugin_zed_od:/home/openark/ros2_ws/install/zed_interfaces:/home/openark/ros2_ws/install/examples_rclpy_minimal_subscriber:/home/openark/ros2_ws/install/examples_rclpy_minimal_service:/home/openark/ros2_ws/install/examples_rclpy_minimal_publisher:/home/openark/ros2_ws/install/examples_rclpy_minimal_client:/home/openark/ros2_ws/install/examples_rclpy_minimal_action_server:/home/openark/ros2_ws/install/examples_rclpy_minimal_action_client:/home/openark/ros2_ws/install/examples_rclpy_executors:/opt/ros/foxy:/home/openark/ros2_ws/install/septentrio_gnss_driver:/home/openark/ros2_ws/install/roar_septentrio_interface:/home/openark/ros2_ws/install/examples_rclcpp_multithreaded_executor:/home/openark/ros2_ws/install/examples_rclcpp_minimal_timer:/home/openark/ros2_ws/install/examples_rclcpp_minimal_subscriber:/home/openark/ros2_ws/install/examples_rclcpp_minimal_service:/home/openark/ros2_ws/install/examples_rclcpp_minimal_publisher:/home/openark/ros2_ws/install/examples_rclcpp_minimal_composition:/home/openark/ros2_ws/install/examples_rclcpp_minimal_client:/home/openark/ros2_ws/install/examples_rclcpp_minimal_action_server:/home/openark/ros2_ws/install/examples_rclcpp_minimal_action_client LD_LIBRARY_PATH=/home/openark/ros2_ws/src/install/zed_components/lib:/home/openark/ros2_ws/src/install/zed_interfaces/lib:${LD_LIBRARY_PATH} PYTHONPATH=/home/openark/ros2_ws/src/install/zed_interfaces/lib/python3.8/site-packages:${PYTHONPATH} /usr/bin/cmake /home/openark/ros2_ws/src/zed-ros2-wrapper/zed_wrapper -DCMAKE_INSTALL_PREFIX=/home/openark/ros2_ws/src/install/zed_wrapper
[0.675s] -- The C compiler identification is GNU 9.4.0
[0.782s] -- The CXX compiler identification is GNU 9.4.0
[0.795s] -- Check for working C compiler: /usr/bin/cc
[0.901s] -- Check for working C compiler: /usr/bin/cc -- works
[0.903s] -- Detecting C compiler ABI info
[1.037s] -- Detecting C compiler ABI info - done
[1.072s] -- Detecting C compile features
[1.073s] -- Detecting C compile features - done
[1.080s] -- Check for working CXX compiler: /usr/bin/c++
[1.214s] -- Check for working CXX compiler: /usr/bin/c++ -- works
[1.215s] -- Detecting CXX compiler ABI info
[1.398s] -- Detecting CXX compiler ABI info - done
[1.428s] -- Detecting CXX compile features
[1.429s] -- Detecting CXX compile features - done
[1.454s] -- Looking for sgemm_
[1.570s] -- Looking for sgemm_ - not found
[1.574s] -- Looking for pthread.h
[1.708s] -- Looking for pthread.h - found
[1.709s] -- Performing Test CMAKE_HAVE_LIBC_PTHREAD
[1.837s] -- Performing Test CMAKE_HAVE_LIBC_PTHREAD - Failed
[1.838s] -- Looking for pthread_create in pthreads
[1.948s] -- Looking for pthread_create in pthreads - not found
[1.948s] -- Looking for pthread_create in pthread
[2.083s] -- Looking for pthread_create in pthread - found
[2.085s] -- Found Threads: TRUE  
[2.129s] -- Looking for sgemm_
[2.301s] -- Looking for sgemm_ - found
[2.301s] -- Found BLAS: /usr/lib/x86_64-linux-gnu/libopenblas.so  
[2.328s] -- Found CUDA: /usr/local/cuda-12.2 (found suitable version "12.2", minimum required is "12") 
[2.536s] -- Found CUDA: /usr/local/cuda-12.2 (found version "12.2") 
[2.544s] -- Found ament_cmake_auto: 0.9.12 (/opt/ros/foxy/share/ament_cmake_auto/cmake)
[2.613s] -- Found PythonInterp: /usr/bin/python3 (found suitable version "3.8.10", minimum required is "3") 
[2.613s] -- Using PYTHON_EXECUTABLE: /usr/bin/python3
[3.226s] -- Using all available rosidl_typesupport_c: rosidl_typesupport_fastrtps_c;rosidl_typesupport_introspection_c
[3.246s] -- Found rosidl_adapter: 1.3.1 (/opt/ros/foxy/share/rosidl_adapter/cmake)
[3.425s] -- Found OpenSSL: /usr/lib/x86_64-linux-gnu/libcrypto.so (found version "1.1.1f")  
[3.498s] -- Found FastRTPS: /opt/ros/foxy/include  
[3.717s] -- Using all available rosidl_typesupport_cpp: rosidl_typesupport_fastrtps_cpp;rosidl_typesupport_introspection_cpp
[3.832s] -- Found rmw_implementation_cmake: 1.0.4 (/opt/ros/foxy/share/rmw_implementation_cmake/cmake)
[3.837s] -- Using RMW implementation 'rmw_fastrtps_cpp' as default
[5.013s] -- Found eigen3_cmake_module: 0.1.1 (/opt/ros/foxy/share/eigen3_cmake_module/cmake)
[5.022s] -- Found Eigen3: TRUE (found version "3.3.7") 
[7.352s] -- Found ament_lint_auto: 0.9.8 (/opt/ros/foxy/share/ament_lint_auto/cmake)
[8.049s] -- Added test 'copyright' to check source files copyright and LICENSE
[8.052s] -- Added test 'cppcheck' to perform static code analysis on C / C++ code
[8.053s] -- Configured cppcheck include dirs: /home/openark/ros2_ws/src/zed-ros2-wrapper/zed_wrapper/src
[8.055s] -- Configured cppcheck exclude dirs and/or files: 
[8.055s] -- Added test 'lint_cmake' to check CMake code style
[8.056s] -- Added test 'pep257' to check Python code against some of the style conventions in PEP 257
[8.059s] -- Added test 'uncrustify' to check C / C++ code style
[8.059s] -- Configured uncrustify additional arguments: 
[8.060s] -- Added test 'xmllint' to check XML markup files
[8.071s] -- Configuring done
[8.156s] -- Generating done
[8.159s] -- Build files have been written to: /home/openark/ros2_ws/src/build/zed_wrapper
[8.171s] Invoked command in '/home/openark/ros2_ws/src/build/zed_wrapper' returned '0': AMENT_PREFIX_PATH=/home/openark/ros2_ws/src/install/zed_components:/home/openark/ros2_ws/src/install/zed_interfaces:${AMENT_PREFIX_PATH} CMAKE_PREFIX_PATH=/home/openark/ros2_ws/src/install/zed_components:/home/openark/ros2_ws/src/install/zed_interfaces:/home/openark/ros2_ws/install/zed_ros2:/home/openark/ros2_ws/install/zed_multi_camera:/home/openark/ros2_ws/install/zed_display_rviz2:/home/openark/ros2_ws/install/zed_wrapper:/home/openark/ros2_ws/install/zed_tutorial_video:/home/openark/ros2_ws/install/zed_tutorial_pos_tracking:/home/openark/ros2_ws/install/zed_tutorial_depth:/home/openark/ros2_ws/install/zed_topic_benchmark_interfaces:/home/openark/ros2_ws/install/zed_rgb_convert:/home/openark/ros2_ws/install/zed_components:/home/openark/ros2_ws/install/rviz_plugin_zed_od:/home/openark/ros2_ws/install/zed_interfaces:/home/openark/ros2_ws/install/examples_rclpy_minimal_subscriber:/home/openark/ros2_ws/install/examples_rclpy_minimal_service:/home/openark/ros2_ws/install/examples_rclpy_minimal_publisher:/home/openark/ros2_ws/install/examples_rclpy_minimal_client:/home/openark/ros2_ws/install/examples_rclpy_minimal_action_server:/home/openark/ros2_ws/install/examples_rclpy_minimal_action_client:/home/openark/ros2_ws/install/examples_rclpy_executors:/opt/ros/foxy:/home/openark/ros2_ws/install/septentrio_gnss_driver:/home/openark/ros2_ws/install/roar_septentrio_interface:/home/openark/ros2_ws/install/examples_rclcpp_multithreaded_executor:/home/openark/ros2_ws/install/examples_rclcpp_minimal_timer:/home/openark/ros2_ws/install/examples_rclcpp_minimal_subscriber:/home/openark/ros2_ws/install/examples_rclcpp_minimal_service:/home/openark/ros2_ws/install/examples_rclcpp_minimal_publisher:/home/openark/ros2_ws/install/examples_rclcpp_minimal_composition:/home/openark/ros2_ws/install/examples_rclcpp_minimal_client:/home/openark/ros2_ws/install/examples_rclcpp_minimal_action_server:/home/openark/ros2_ws/install/examples_rclcpp_minimal_action_client LD_LIBRARY_PATH=/home/openark/ros2_ws/src/install/zed_components/lib:/home/openark/ros2_ws/src/install/zed_interfaces/lib:${LD_LIBRARY_PATH} PYTHONPATH=/home/openark/ros2_ws/src/install/zed_interfaces/lib/python3.8/site-packages:${PYTHONPATH} /usr/bin/cmake /home/openark/ros2_ws/src/zed-ros2-wrapper/zed_wrapper -DCMAKE_INSTALL_PREFIX=/home/openark/ros2_ws/src/install/zed_wrapper
[8.177s] Invoking command in '/home/openark/ros2_ws/src/build/zed_wrapper': AMENT_PREFIX_PATH=/home/openark/ros2_ws/src/install/zed_components:/home/openark/ros2_ws/src/install/zed_interfaces:${AMENT_PREFIX_PATH} CMAKE_PREFIX_PATH=/home/openark/ros2_ws/src/install/zed_components:/home/openark/ros2_ws/src/install/zed_interfaces:/home/openark/ros2_ws/install/zed_ros2:/home/openark/ros2_ws/install/zed_multi_camera:/home/openark/ros2_ws/install/zed_display_rviz2:/home/openark/ros2_ws/install/zed_wrapper:/home/openark/ros2_ws/install/zed_tutorial_video:/home/openark/ros2_ws/install/zed_tutorial_pos_tracking:/home/openark/ros2_ws/install/zed_tutorial_depth:/home/openark/ros2_ws/install/zed_topic_benchmark_interfaces:/home/openark/ros2_ws/install/zed_rgb_convert:/home/openark/ros2_ws/install/zed_components:/home/openark/ros2_ws/install/rviz_plugin_zed_od:/home/openark/ros2_ws/install/zed_interfaces:/home/openark/ros2_ws/install/examples_rclpy_minimal_subscriber:/home/openark/ros2_ws/install/examples_rclpy_minimal_service:/home/openark/ros2_ws/install/examples_rclpy_minimal_publisher:/home/openark/ros2_ws/install/examples_rclpy_minimal_client:/home/openark/ros2_ws/install/examples_rclpy_minimal_action_server:/home/openark/ros2_ws/install/examples_rclpy_minimal_action_client:/home/openark/ros2_ws/install/examples_rclpy_executors:/opt/ros/foxy:/home/openark/ros2_ws/install/septentrio_gnss_driver:/home/openark/ros2_ws/install/roar_septentrio_interface:/home/openark/ros2_ws/install/examples_rclcpp_multithreaded_executor:/home/openark/ros2_ws/install/examples_rclcpp_minimal_timer:/home/openark/ros2_ws/install/examples_rclcpp_minimal_subscriber:/home/openark/ros2_ws/install/examples_rclcpp_minimal_service:/home/openark/ros2_ws/install/examples_rclcpp_minimal_publisher:/home/openark/ros2_ws/install/examples_rclcpp_minimal_composition:/home/openark/ros2_ws/install/examples_rclcpp_minimal_client:/home/openark/ros2_ws/install/examples_rclcpp_minimal_action_server:/home/openark/ros2_ws/install/examples_rclcpp_minimal_action_client LD_LIBRARY_PATH=/home/openark/ros2_ws/src/install/zed_components/lib:/home/openark/ros2_ws/src/install/zed_interfaces/lib:${LD_LIBRARY_PATH} PYTHONPATH=/home/openark/ros2_ws/src/install/zed_interfaces/lib/python3.8/site-packages:${PYTHONPATH} /usr/bin/cmake --build /home/openark/ros2_ws/src/build/zed_wrapper -- -j12 -l12
[8.254s] [35m[1mScanning dependencies of target zed_wrapper[0m
[8.443s] [ 50%] [32mBuilding CXX object CMakeFiles/zed_wrapper.dir/src/zed_wrapper.cpp.o[0m
[10.626s] In file included from [01m[K/home/openark/ros2_ws/src/install/zed_components/include/zed_components/zed_camera_component.hpp:19[m[K,
[10.626s]                  from [01m[K/home/openark/ros2_ws/src/zed-ros2-wrapper/zed_wrapper/src/zed_wrapper.cpp:17[m[K:
[10.627s] [01m[K/usr/local/zed/include/sl/Fusion.hpp:68:64:[m[K [01;36m[Knote: [m[K#pragma message: ~ FUSION SDK is distributed in Early Access ~
[10.627s]    68 | #pragma message("~ FUSION SDK is distributed in Early Access ~"[01;36m[K)[m[K
[10.627s]       |                                                                [01;36m[K^[m[K
[14.083s] [100%] [32m[1mLinking CXX executable zed_wrapper[0m
[14.674s] [100%] Built target zed_wrapper
[14.703s] Invoked command in '/home/openark/ros2_ws/src/build/zed_wrapper' returned '0': AMENT_PREFIX_PATH=/home/openark/ros2_ws/src/install/zed_components:/home/openark/ros2_ws/src/install/zed_interfaces:${AMENT_PREFIX_PATH} CMAKE_PREFIX_PATH=/home/openark/ros2_ws/src/install/zed_components:/home/openark/ros2_ws/src/install/zed_interfaces:/home/openark/ros2_ws/install/zed_ros2:/home/openark/ros2_ws/install/zed_multi_camera:/home/openark/ros2_ws/install/zed_display_rviz2:/home/openark/ros2_ws/install/zed_wrapper:/home/openark/ros2_ws/install/zed_tutorial_video:/home/openark/ros2_ws/install/zed_tutorial_pos_tracking:/home/openark/ros2_ws/install/zed_tutorial_depth:/home/openark/ros2_ws/install/zed_topic_benchmark_interfaces:/home/openark/ros2_ws/install/zed_rgb_convert:/home/openark/ros2_ws/install/zed_components:/home/openark/ros2_ws/install/rviz_plugin_zed_od:/home/openark/ros2_ws/install/zed_interfaces:/home/openark/ros2_ws/install/examples_rclpy_minimal_subscriber:/home/openark/ros2_ws/install/examples_rclpy_minimal_service:/home/openark/ros2_ws/install/examples_rclpy_minimal_publisher:/home/openark/ros2_ws/install/examples_rclpy_minimal_client:/home/openark/ros2_ws/install/examples_rclpy_minimal_action_server:/home/openark/ros2_ws/install/examples_rclpy_minimal_action_client:/home/openark/ros2_ws/install/examples_rclpy_executors:/opt/ros/foxy:/home/openark/ros2_ws/install/septentrio_gnss_driver:/home/openark/ros2_ws/install/roar_septentrio_interface:/home/openark/ros2_ws/install/examples_rclcpp_multithreaded_executor:/home/openark/ros2_ws/install/examples_rclcpp_minimal_timer:/home/openark/ros2_ws/install/examples_rclcpp_minimal_subscriber:/home/openark/ros2_ws/install/examples_rclcpp_minimal_service:/home/openark/ros2_ws/install/examples_rclcpp_minimal_publisher:/home/openark/ros2_ws/install/examples_rclcpp_minimal_composition:/home/openark/ros2_ws/install/examples_rclcpp_minimal_client:/home/openark/ros2_ws/install/examples_rclcpp_minimal_action_server:/home/openark/ros2_ws/install/examples_rclcpp_minimal_action_client LD_LIBRARY_PATH=/home/openark/ros2_ws/src/install/zed_components/lib:/home/openark/ros2_ws/src/install/zed_interfaces/lib:${LD_LIBRARY_PATH} PYTHONPATH=/home/openark/ros2_ws/src/install/zed_interfaces/lib/python3.8/site-packages:${PYTHONPATH} /usr/bin/cmake --build /home/openark/ros2_ws/src/build/zed_wrapper -- -j12 -l12
[14.777s] Invoking command in '/home/openark/ros2_ws/src/build/zed_wrapper': AMENT_PREFIX_PATH=/home/openark/ros2_ws/src/install/zed_components:/home/openark/ros2_ws/src/install/zed_interfaces:${AMENT_PREFIX_PATH} CMAKE_PREFIX_PATH=/home/openark/ros2_ws/src/install/zed_components:/home/openark/ros2_ws/src/install/zed_interfaces:/home/openark/ros2_ws/install/zed_ros2:/home/openark/ros2_ws/install/zed_multi_camera:/home/openark/ros2_ws/install/zed_display_rviz2:/home/openark/ros2_ws/install/zed_wrapper:/home/openark/ros2_ws/install/zed_tutorial_video:/home/openark/ros2_ws/install/zed_tutorial_pos_tracking:/home/openark/ros2_ws/install/zed_tutorial_depth:/home/openark/ros2_ws/install/zed_topic_benchmark_interfaces:/home/openark/ros2_ws/install/zed_rgb_convert:/home/openark/ros2_ws/install/zed_components:/home/openark/ros2_ws/install/rviz_plugin_zed_od:/home/openark/ros2_ws/install/zed_interfaces:/home/openark/ros2_ws/install/examples_rclpy_minimal_subscriber:/home/openark/ros2_ws/install/examples_rclpy_minimal_service:/home/openark/ros2_ws/install/examples_rclpy_minimal_publisher:/home/openark/ros2_ws/install/examples_rclpy_minimal_client:/home/openark/ros2_ws/install/examples_rclpy_minimal_action_server:/home/openark/ros2_ws/install/examples_rclpy_minimal_action_client:/home/openark/ros2_ws/install/examples_rclpy_executors:/opt/ros/foxy:/home/openark/ros2_ws/install/septentrio_gnss_driver:/home/openark/ros2_ws/install/roar_septentrio_interface:/home/openark/ros2_ws/install/examples_rclcpp_multithreaded_executor:/home/openark/ros2_ws/install/examples_rclcpp_minimal_timer:/home/openark/ros2_ws/install/examples_rclcpp_minimal_subscriber:/home/openark/ros2_ws/install/examples_rclcpp_minimal_service:/home/openark/ros2_ws/install/examples_rclcpp_minimal_publisher:/home/openark/ros2_ws/install/examples_rclcpp_minimal_composition:/home/openark/ros2_ws/install/examples_rclcpp_minimal_client:/home/openark/ros2_ws/install/examples_rclcpp_minimal_action_server:/home/openark/ros2_ws/install/examples_rclcpp_minimal_action_client LD_LIBRARY_PATH=/home/openark/ros2_ws/src/install/zed_components/lib:/home/openark/ros2_ws/src/install/zed_interfaces/lib:${LD_LIBRARY_PATH} PYTHONPATH=/home/openark/ros2_ws/src/install/zed_interfaces/lib/python3.8/site-packages:${PYTHONPATH} /usr/bin/cmake --install /home/openark/ros2_ws/src/build/zed_wrapper
[14.798s] -- Install configuration: "Release"
[14.799s] -- Installing: /home/openark/ros2_ws/src/install/zed_wrapper/lib/zed_wrapper/zed_wrapper
[14.799s] -- Set runtime path of "/home/openark/ros2_ws/src/install/zed_wrapper/lib/zed_wrapper/zed_wrapper" to ""
[14.800s] -- Installing: /home/openark/ros2_ws/src/install/zed_wrapper/share/zed_wrapper/config
[14.800s] -- Installing: /home/openark/ros2_ws/src/install/zed_wrapper/share/zed_wrapper/config/zedx.yaml
[14.801s] -- Installing: /home/openark/ros2_ws/src/install/zed_wrapper/share/zed_wrapper/config/zedxm.yaml
[14.801s] -- Installing: /home/openark/ros2_ws/src/install/zed_wrapper/share/zed_wrapper/config/zed.yaml
[14.801s] -- Installing: /home/openark/ros2_ws/src/install/zed_wrapper/share/zed_wrapper/config/zed2.yaml
[14.802s] -- Installing: /home/openark/ros2_ws/src/install/zed_wrapper/share/zed_wrapper/config/zed2i.yaml
[14.802s] -- Installing: /home/openark/ros2_ws/src/install/zed_wrapper/share/zed_wrapper/config/common.yaml
[14.802s] -- Installing: /home/openark/ros2_ws/src/install/zed_wrapper/share/zed_wrapper/config/zedm.yaml
[14.803s] -- Installing: /home/openark/ros2_ws/src/install/zed_wrapper/share/zed_wrapper/urdf
[14.803s] -- Installing: /home/openark/ros2_ws/src/install/zed_wrapper/share/zed_wrapper/urdf/include
[14.803s] -- Installing: /home/openark/ros2_ws/src/install/zed_wrapper/share/zed_wrapper/urdf/include/materials.urdf.xacro
[14.803s] -- Installing: /home/openark/ros2_ws/src/install/zed_wrapper/share/zed_wrapper/urdf/zed_descr.urdf.xacro
[14.804s] -- Installing: /home/openark/ros2_ws/src/install/zed_wrapper/share/zed_wrapper/urdf/zed_macro.urdf.xacro
[14.804s] -- Installing: /home/openark/ros2_ws/src/install/zed_wrapper/share/zed_wrapper/launch
[14.805s] -- Installing: /home/openark/ros2_ws/src/install/zed_wrapper/share/zed_wrapper/launch/include
[14.805s] -- Installing: /home/openark/ros2_ws/src/install/zed_wrapper/share/zed_wrapper/launch/include/zed_camera.launch.py
[14.805s] -- Installing: /home/openark/ros2_ws/src/install/zed_wrapper/share/zed_wrapper/launch/zedm.launch.py
[14.805s] -- Installing: /home/openark/ros2_ws/src/install/zed_wrapper/share/zed_wrapper/launch/zedx.launch.py
[14.806s] -- Installing: /home/openark/ros2_ws/src/install/zed_wrapper/share/zed_wrapper/launch/zed.launch.py
[14.806s] -- Installing: /home/openark/ros2_ws/src/install/zed_wrapper/share/zed_wrapper/launch/zedxm.launch.py
[14.807s] -- Installing: /home/openark/ros2_ws/src/install/zed_wrapper/share/zed_wrapper/launch/zed2i.launch.py
[14.808s] -- Installing: /home/openark/ros2_ws/src/install/zed_wrapper/share/zed_wrapper/launch/zed2.launch.py
[14.808s] -- Installing: /home/openark/ros2_ws/src/install/zed_wrapper/share/ament_index/resource_index/package_run_dependencies/zed_wrapper
[14.808s] -- Installing: /home/openark/ros2_ws/src/install/zed_wrapper/share/ament_index/resource_index/parent_prefix_path/zed_wrapper
[14.809s] -- Installing: /home/openark/ros2_ws/src/install/zed_wrapper/share/zed_wrapper/environment/ament_prefix_path.sh
[14.809s] -- Installing: /home/openark/ros2_ws/src/install/zed_wrapper/share/zed_wrapper/environment/ament_prefix_path.dsv
[14.810s] -- Installing: /home/openark/ros2_ws/src/install/zed_wrapper/share/zed_wrapper/environment/path.sh
[14.810s] -- Installing: /home/openark/ros2_ws/src/install/zed_wrapper/share/zed_wrapper/environment/path.dsv
[14.810s] -- Installing: /home/openark/ros2_ws/src/install/zed_wrapper/share/zed_wrapper/local_setup.bash
[14.810s] -- Installing: /home/openark/ros2_ws/src/install/zed_wrapper/share/zed_wrapper/local_setup.sh
[14.811s] -- Installing: /home/openark/ros2_ws/src/install/zed_wrapper/share/zed_wrapper/local_setup.zsh
[14.811s] -- Installing: /home/openark/ros2_ws/src/install/zed_wrapper/share/zed_wrapper/local_setup.dsv
[14.811s] -- Installing: /home/openark/ros2_ws/src/install/zed_wrapper/share/zed_wrapper/package.dsv
[14.812s] -- Installing: /home/openark/ros2_ws/src/install/zed_wrapper/share/ament_index/resource_index/packages/zed_wrapper
[14.812s] -- Installing: /home/openark/ros2_ws/src/install/zed_wrapper/share/zed_wrapper/cmake/zed_wrapperConfig.cmake
[14.812s] -- Installing: /home/openark/ros2_ws/src/install/zed_wrapper/share/zed_wrapper/cmake/zed_wrapperConfig-version.cmake
[14.813s] -- Installing: /home/openark/ros2_ws/src/install/zed_wrapper/share/zed_wrapper/package.xml
[14.817s] Invoked command in '/home/openark/ros2_ws/src/build/zed_wrapper' returned '0': AMENT_PREFIX_PATH=/home/openark/ros2_ws/src/install/zed_components:/home/openark/ros2_ws/src/install/zed_interfaces:${AMENT_PREFIX_PATH} CMAKE_PREFIX_PATH=/home/openark/ros2_ws/src/install/zed_components:/home/openark/ros2_ws/src/install/zed_interfaces:/home/openark/ros2_ws/install/zed_ros2:/home/openark/ros2_ws/install/zed_multi_camera:/home/openark/ros2_ws/install/zed_display_rviz2:/home/openark/ros2_ws/install/zed_wrapper:/home/openark/ros2_ws/install/zed_tutorial_video:/home/openark/ros2_ws/install/zed_tutorial_pos_tracking:/home/openark/ros2_ws/install/zed_tutorial_depth:/home/openark/ros2_ws/install/zed_topic_benchmark_interfaces:/home/openark/ros2_ws/install/zed_rgb_convert:/home/openark/ros2_ws/install/zed_components:/home/openark/ros2_ws/install/rviz_plugin_zed_od:/home/openark/ros2_ws/install/zed_interfaces:/home/openark/ros2_ws/install/examples_rclpy_minimal_subscriber:/home/openark/ros2_ws/install/examples_rclpy_minimal_service:/home/openark/ros2_ws/install/examples_rclpy_minimal_publisher:/home/openark/ros2_ws/install/examples_rclpy_minimal_client:/home/openark/ros2_ws/install/examples_rclpy_minimal_action_server:/home/openark/ros2_ws/install/examples_rclpy_minimal_action_client:/home/openark/ros2_ws/install/examples_rclpy_executors:/opt/ros/foxy:/home/openark/ros2_ws/install/septentrio_gnss_driver:/home/openark/ros2_ws/install/roar_septentrio_interface:/home/openark/ros2_ws/install/examples_rclcpp_multithreaded_executor:/home/openark/ros2_ws/install/examples_rclcpp_minimal_timer:/home/openark/ros2_ws/install/examples_rclcpp_minimal_subscriber:/home/openark/ros2_ws/install/examples_rclcpp_minimal_service:/home/openark/ros2_ws/install/examples_rclcpp_minimal_publisher:/home/openark/ros2_ws/install/examples_rclcpp_minimal_composition:/home/openark/ros2_ws/install/examples_rclcpp_minimal_client:/home/openark/ros2_ws/install/examples_rclcpp_minimal_action_server:/home/openark/ros2_ws/install/examples_rclcpp_minimal_action_client LD_LIBRARY_PATH=/home/openark/ros2_ws/src/install/zed_components/lib:/home/openark/ros2_ws/src/install/zed_interfaces/lib:${LD_LIBRARY_PATH} PYTHONPATH=/home/openark/ros2_ws/src/install/zed_interfaces/lib/python3.8/site-packages:${PYTHONPATH} /usr/bin/cmake --install /home/openark/ros2_ws/src/build/zed_wrapper
