[12.422s] Invoking command in '/home/openark/ros2_ws/build/examples_rclpy_minimal_action_server': PYTHONPATH=/home/openark/ros2_ws/build/examples_rclpy_minimal_action_server/prefix_override:/home/openark/ros2_ws/install/examples_rclpy_minimal_action_server/lib/python3.8/site-packages:${PYTHONPATH} /usr/bin/python3 setup.py develop --editable --build-directory /home/openark/ros2_ws/build/examples_rclpy_minimal_action_server/build --no-deps install_data
[14.468s] running develop
[14.468s] running egg_info
[14.468s] writing examples_rclpy_minimal_action_server.egg-info/PKG-INFO
[14.468s] writing dependency_links to examples_rclpy_minimal_action_server.egg-info/dependency_links.txt
[14.469s] writing entry points to examples_rclpy_minimal_action_server.egg-info/entry_points.txt
[14.469s] writing requirements to examples_rclpy_minimal_action_server.egg-info/requires.txt
[14.469s] writing top-level names to examples_rclpy_minimal_action_server.egg-info/top_level.txt
[14.469s] reading manifest file 'examples_rclpy_minimal_action_server.egg-info/SOURCES.txt'
[14.470s] writing manifest file 'examples_rclpy_minimal_action_server.egg-info/SOURCES.txt'
[14.489s] running build_ext
[14.489s] Creating /home/openark/ros2_ws/install/examples_rclpy_minimal_action_server/lib/python3.8/site-packages/examples-rclpy-minimal-action-server.egg-link (link to .)
[14.491s] Installing server script to /home/openark/ros2_ws/install/examples_rclpy_minimal_action_server/lib/examples_rclpy_minimal_action_server
[14.493s] Installing server_defer script to /home/openark/ros2_ws/install/examples_rclpy_minimal_action_server/lib/examples_rclpy_minimal_action_server
[14.493s] Installing server_not_composable script to /home/openark/ros2_ws/install/examples_rclpy_minimal_action_server/lib/examples_rclpy_minimal_action_server
[14.494s] Installing server_queue_goals script to /home/openark/ros2_ws/install/examples_rclpy_minimal_action_server/lib/examples_rclpy_minimal_action_server
[14.495s] Installing server_single_goal script to /home/openark/ros2_ws/install/examples_rclpy_minimal_action_server/lib/examples_rclpy_minimal_action_server
[14.495s] 
[14.495s] Installed /home/openark/ros2_ws/build/examples_rclpy_minimal_action_server
[14.496s] running install_data
[15.457s] Invoked command in '/home/openark/ros2_ws/build/examples_rclpy_minimal_action_server' returned '0': PYTHONPATH=/home/openark/ros2_ws/build/examples_rclpy_minimal_action_server/prefix_override:/home/openark/ros2_ws/install/examples_rclpy_minimal_action_server/lib/python3.8/site-packages:${PYTHONPATH} /usr/bin/python3 setup.py develop --editable --build-directory /home/openark/ros2_ws/build/examples_rclpy_minimal_action_server/build --no-deps install_data
