[0.286s] Invoking command in '/home/openark/ros2_ws/src/build/rviz_plugin_zed_od': AMENT_PREFIX_PATH=/home/openark/ros2_ws/src/install/zed_interfaces:${AMENT_PREFIX_PATH} CMAKE_PREFIX_PATH=/home/openark/ros2_ws/src/install/zed_interfaces:/home/openark/ros2_ws/install/zed_ros2:/home/openark/ros2_ws/install/zed_display_rviz2:/home/openark/ros2_ws/install/zed_wrapper:/home/openark/ros2_ws/install/zed_topic_benchmark_interfaces:/home/openark/ros2_ws/install/zed_components:/home/openark/ros2_ws/install/rviz_plugin_zed_od:/home/openark/ros2_ws/install/zed_interfaces:/home/openark/ros2_ws/install/septentrio_gnss_driver:/home/openark/ros2_ws/install/roar_septentrio_interface:/home/openark/ros2_ws/install/examples_rclcpp_multithreaded_executor:/home/openark/ros2_ws/install/examples_rclcpp_minimal_timer:/home/openark/ros2_ws/install/examples_rclcpp_minimal_subscriber:/home/openark/ros2_ws/install/examples_rclcpp_minimal_service:/home/openark/ros2_ws/install/examples_rclcpp_minimal_publisher:/home/openark/ros2_ws/install/examples_rclcpp_minimal_composition:/home/openark/ros2_ws/install/examples_rclcpp_minimal_client:/home/openark/ros2_ws/install/examples_rclcpp_minimal_action_server:/home/openark/ros2_ws/install/examples_rclcpp_minimal_action_client:/home/openark/ros2_ws/install/examples_rclpy_minimal_subscriber:/home/openark/ros2_ws/install/examples_rclpy_minimal_service:/home/openark/ros2_ws/install/examples_rclpy_minimal_publisher:/home/openark/ros2_ws/install/examples_rclpy_minimal_client:/home/openark/ros2_ws/install/examples_rclpy_minimal_action_server:/home/openark/ros2_ws/install/examples_rclpy_minimal_action_client:/home/openark/ros2_ws/install/examples_rclpy_executors:/opt/ros/foxy LD_LIBRARY_PATH=/home/openark/ros2_ws/src/install/zed_interfaces/lib:${LD_LIBRARY_PATH} PYTHONPATH=/home/openark/ros2_ws/src/install/zed_interfaces/lib/python3.8/site-packages:${PYTHONPATH} /usr/bin/cmake --build /home/openark/ros2_ws/src/build/rviz_plugin_zed_od -- -j12 -l12
[0.488s] [ 20%] [34m[1mAutomatic MOC and UIC for target rviz_plugin_zed_od[0m
[0.568s] [ 20%] Built target rviz_plugin_zed_od_autogen
[0.739s] [100%] Built target rviz_plugin_zed_od
[1.572s] Invoked command in '/home/openark/ros2_ws/src/build/rviz_plugin_zed_od' returned '0': AMENT_PREFIX_PATH=/home/openark/ros2_ws/src/install/zed_interfaces:${AMENT_PREFIX_PATH} CMAKE_PREFIX_PATH=/home/openark/ros2_ws/src/install/zed_interfaces:/home/openark/ros2_ws/install/zed_ros2:/home/openark/ros2_ws/install/zed_display_rviz2:/home/openark/ros2_ws/install/zed_wrapper:/home/openark/ros2_ws/install/zed_topic_benchmark_interfaces:/home/openark/ros2_ws/install/zed_components:/home/openark/ros2_ws/install/rviz_plugin_zed_od:/home/openark/ros2_ws/install/zed_interfaces:/home/openark/ros2_ws/install/septentrio_gnss_driver:/home/openark/ros2_ws/install/roar_septentrio_interface:/home/openark/ros2_ws/install/examples_rclcpp_multithreaded_executor:/home/openark/ros2_ws/install/examples_rclcpp_minimal_timer:/home/openark/ros2_ws/install/examples_rclcpp_minimal_subscriber:/home/openark/ros2_ws/install/examples_rclcpp_minimal_service:/home/openark/ros2_ws/install/examples_rclcpp_minimal_publisher:/home/openark/ros2_ws/install/examples_rclcpp_minimal_composition:/home/openark/ros2_ws/install/examples_rclcpp_minimal_client:/home/openark/ros2_ws/install/examples_rclcpp_minimal_action_server:/home/openark/ros2_ws/install/examples_rclcpp_minimal_action_client:/home/openark/ros2_ws/install/examples_rclpy_minimal_subscriber:/home/openark/ros2_ws/install/examples_rclpy_minimal_service:/home/openark/ros2_ws/install/examples_rclpy_minimal_publisher:/home/openark/ros2_ws/install/examples_rclpy_minimal_client:/home/openark/ros2_ws/install/examples_rclpy_minimal_action_server:/home/openark/ros2_ws/install/examples_rclpy_minimal_action_client:/home/openark/ros2_ws/install/examples_rclpy_executors:/opt/ros/foxy LD_LIBRARY_PATH=/home/openark/ros2_ws/src/install/zed_interfaces/lib:${LD_LIBRARY_PATH} PYTHONPATH=/home/openark/ros2_ws/src/install/zed_interfaces/lib/python3.8/site-packages:${PYTHONPATH} /usr/bin/cmake --build /home/openark/ros2_ws/src/build/rviz_plugin_zed_od -- -j12 -l12
[2.020s] Invoking command in '/home/openark/ros2_ws/src/build/rviz_plugin_zed_od': AMENT_PREFIX_PATH=/home/openark/ros2_ws/src/install/zed_interfaces:${AMENT_PREFIX_PATH} CMAKE_PREFIX_PATH=/home/openark/ros2_ws/src/install/zed_interfaces:/home/openark/ros2_ws/install/zed_ros2:/home/openark/ros2_ws/install/zed_display_rviz2:/home/openark/ros2_ws/install/zed_wrapper:/home/openark/ros2_ws/install/zed_topic_benchmark_interfaces:/home/openark/ros2_ws/install/zed_components:/home/openark/ros2_ws/install/rviz_plugin_zed_od:/home/openark/ros2_ws/install/zed_interfaces:/home/openark/ros2_ws/install/septentrio_gnss_driver:/home/openark/ros2_ws/install/roar_septentrio_interface:/home/openark/ros2_ws/install/examples_rclcpp_multithreaded_executor:/home/openark/ros2_ws/install/examples_rclcpp_minimal_timer:/home/openark/ros2_ws/install/examples_rclcpp_minimal_subscriber:/home/openark/ros2_ws/install/examples_rclcpp_minimal_service:/home/openark/ros2_ws/install/examples_rclcpp_minimal_publisher:/home/openark/ros2_ws/install/examples_rclcpp_minimal_composition:/home/openark/ros2_ws/install/examples_rclcpp_minimal_client:/home/openark/ros2_ws/install/examples_rclcpp_minimal_action_server:/home/openark/ros2_ws/install/examples_rclcpp_minimal_action_client:/home/openark/ros2_ws/install/examples_rclpy_minimal_subscriber:/home/openark/ros2_ws/install/examples_rclpy_minimal_service:/home/openark/ros2_ws/install/examples_rclpy_minimal_publisher:/home/openark/ros2_ws/install/examples_rclpy_minimal_client:/home/openark/ros2_ws/install/examples_rclpy_minimal_action_server:/home/openark/ros2_ws/install/examples_rclpy_minimal_action_client:/home/openark/ros2_ws/install/examples_rclpy_executors:/opt/ros/foxy LD_LIBRARY_PATH=/home/openark/ros2_ws/src/install/zed_interfaces/lib:${LD_LIBRARY_PATH} PYTHONPATH=/home/openark/ros2_ws/src/install/zed_interfaces/lib/python3.8/site-packages:${PYTHONPATH} /usr/bin/cmake --install /home/openark/ros2_ws/src/build/rviz_plugin_zed_od
[2.366s] -- Install configuration: ""
[2.367s] -- Installing: /home/openark/ros2_ws/src/install/rviz_plugin_zed_od/share/rviz_plugin_zed_od/plugins_description.xml
[2.367s] -- Installing: /home/openark/ros2_ws/src/install/rviz_plugin_zed_od/share/rviz_plugin_zed_od/environment/library_path.sh
[2.367s] -- Installing: /home/openark/ros2_ws/src/install/rviz_plugin_zed_od/share/rviz_plugin_zed_od/environment/library_path.dsv
[2.367s] -- Installing: /home/openark/ros2_ws/src/install/rviz_plugin_zed_od/lib/librviz_plugin_zed_od.so
[2.367s] -- Set runtime path of "/home/openark/ros2_ws/src/install/rviz_plugin_zed_od/lib/librviz_plugin_zed_od.so" to ""
[2.367s] -- Installing: /home/openark/ros2_ws/src/install/rviz_plugin_zed_od/include/rviz_plugin_zed_od/
[2.368s] -- Installing: /home/openark/ros2_ws/src/install/rviz_plugin_zed_od/include/rviz_plugin_zed_od//visibility_control.hpp
[2.368s] -- Up-to-date: /home/openark/ros2_ws/src/install/rviz_plugin_zed_od/include/rviz_plugin_zed_od/
[2.368s] -- Installing: /home/openark/ros2_ws/src/install/rviz_plugin_zed_od/include/rviz_plugin_zed_od//zed_body_parts.hpp
[2.368s] -- Installing: /home/openark/ros2_ws/src/install/rviz_plugin_zed_od/include/rviz_plugin_zed_od//zed_od_display.hpp
[2.368s] -- Installing: /home/openark/ros2_ws/src/install/rviz_plugin_zed_od/include/rviz_plugin_zed_od//zed_od_info.hpp
[2.368s] -- Installing: /home/openark/ros2_ws/src/install/rviz_plugin_zed_od/share/rviz_plugin_zed_od/icons
[2.369s] -- Installing: /home/openark/ros2_ws/src/install/rviz_plugin_zed_od/share/rviz_plugin_zed_od/icons/ZedObjDet.png
[2.369s] -- Installing: /home/openark/ros2_ws/src/install/rviz_plugin_zed_od/share/ament_index/resource_index/package_run_dependencies/rviz_plugin_zed_od
[2.369s] -- Installing: /home/openark/ros2_ws/src/install/rviz_plugin_zed_od/share/ament_index/resource_index/parent_prefix_path/rviz_plugin_zed_od
[2.369s] -- Installing: /home/openark/ros2_ws/src/install/rviz_plugin_zed_od/share/rviz_plugin_zed_od/environment/ament_prefix_path.sh
[2.369s] -- Installing: /home/openark/ros2_ws/src/install/rviz_plugin_zed_od/share/rviz_plugin_zed_od/environment/ament_prefix_path.dsv
[2.369s] -- Installing: /home/openark/ros2_ws/src/install/rviz_plugin_zed_od/share/rviz_plugin_zed_od/environment/path.sh
[2.370s] -- Installing: /home/openark/ros2_ws/src/install/rviz_plugin_zed_od/share/rviz_plugin_zed_od/environment/path.dsv
[2.370s] -- Installing: /home/openark/ros2_ws/src/install/rviz_plugin_zed_od/share/rviz_plugin_zed_od/local_setup.bash
[2.370s] -- Installing: /home/openark/ros2_ws/src/install/rviz_plugin_zed_od/share/rviz_plugin_zed_od/local_setup.sh
[2.370s] -- Installing: /home/openark/ros2_ws/src/install/rviz_plugin_zed_od/share/rviz_plugin_zed_od/local_setup.zsh
[2.370s] -- Installing: /home/openark/ros2_ws/src/install/rviz_plugin_zed_od/share/rviz_plugin_zed_od/local_setup.dsv
[2.371s] -- Installing: /home/openark/ros2_ws/src/install/rviz_plugin_zed_od/share/rviz_plugin_zed_od/package.dsv
[2.371s] -- Installing: /home/openark/ros2_ws/src/install/rviz_plugin_zed_od/share/ament_index/resource_index/packages/rviz_plugin_zed_od
[2.371s] -- Installing: /home/openark/ros2_ws/src/install/rviz_plugin_zed_od/share/ament_index/resource_index/rviz_common__pluginlib__plugin/rviz_plugin_zed_od
[2.371s] -- Installing: /home/openark/ros2_ws/src/install/rviz_plugin_zed_od/share/rviz_plugin_zed_od/cmake/rviz_plugin_zed_odExport.cmake
[2.371s] -- Installing: /home/openark/ros2_ws/src/install/rviz_plugin_zed_od/share/rviz_plugin_zed_od/cmake/rviz_plugin_zed_odExport-noconfig.cmake
[2.371s] -- Installing: /home/openark/ros2_ws/src/install/rviz_plugin_zed_od/share/rviz_plugin_zed_od/cmake/ament_cmake_export_include_directories-extras.cmake
[2.372s] -- Installing: /home/openark/ros2_ws/src/install/rviz_plugin_zed_od/share/rviz_plugin_zed_od/cmake/ament_cmake_export_targets-extras.cmake
[2.372s] -- Installing: /home/openark/ros2_ws/src/install/rviz_plugin_zed_od/share/rviz_plugin_zed_od/cmake/ament_cmake_export_dependencies-extras.cmake
[2.372s] -- Installing: /home/openark/ros2_ws/src/install/rviz_plugin_zed_od/share/rviz_plugin_zed_od/cmake/rviz_plugin_zed_odConfig.cmake
[2.373s] -- Installing: /home/openark/ros2_ws/src/install/rviz_plugin_zed_od/share/rviz_plugin_zed_od/cmake/rviz_plugin_zed_odConfig-version.cmake
[2.374s] -- Installing: /home/openark/ros2_ws/src/install/rviz_plugin_zed_od/share/rviz_plugin_zed_od/package.xml
[2.393s] Invoked command in '/home/openark/ros2_ws/src/build/rviz_plugin_zed_od' returned '0': AMENT_PREFIX_PATH=/home/openark/ros2_ws/src/install/zed_interfaces:${AMENT_PREFIX_PATH} CMAKE_PREFIX_PATH=/home/openark/ros2_ws/src/install/zed_interfaces:/home/openark/ros2_ws/install/zed_ros2:/home/openark/ros2_ws/install/zed_display_rviz2:/home/openark/ros2_ws/install/zed_wrapper:/home/openark/ros2_ws/install/zed_topic_benchmark_interfaces:/home/openark/ros2_ws/install/zed_components:/home/openark/ros2_ws/install/rviz_plugin_zed_od:/home/openark/ros2_ws/install/zed_interfaces:/home/openark/ros2_ws/install/septentrio_gnss_driver:/home/openark/ros2_ws/install/roar_septentrio_interface:/home/openark/ros2_ws/install/examples_rclcpp_multithreaded_executor:/home/openark/ros2_ws/install/examples_rclcpp_minimal_timer:/home/openark/ros2_ws/install/examples_rclcpp_minimal_subscriber:/home/openark/ros2_ws/install/examples_rclcpp_minimal_service:/home/openark/ros2_ws/install/examples_rclcpp_minimal_publisher:/home/openark/ros2_ws/install/examples_rclcpp_minimal_composition:/home/openark/ros2_ws/install/examples_rclcpp_minimal_client:/home/openark/ros2_ws/install/examples_rclcpp_minimal_action_server:/home/openark/ros2_ws/install/examples_rclcpp_minimal_action_client:/home/openark/ros2_ws/install/examples_rclpy_minimal_subscriber:/home/openark/ros2_ws/install/examples_rclpy_minimal_service:/home/openark/ros2_ws/install/examples_rclpy_minimal_publisher:/home/openark/ros2_ws/install/examples_rclpy_minimal_client:/home/openark/ros2_ws/install/examples_rclpy_minimal_action_server:/home/openark/ros2_ws/install/examples_rclpy_minimal_action_client:/home/openark/ros2_ws/install/examples_rclpy_executors:/opt/ros/foxy LD_LIBRARY_PATH=/home/openark/ros2_ws/src/install/zed_interfaces/lib:${LD_LIBRARY_PATH} PYTHONPATH=/home/openark/ros2_ws/src/install/zed_interfaces/lib/python3.8/site-packages:${PYTHONPATH} /usr/bin/cmake --install /home/openark/ros2_ws/src/build/rviz_plugin_zed_od
