[6.173s] Invoking command in '/home/openark/ros2_ws/src/examples/rclpy/services/minimal_service': PYTHONPATH=/home/openark/ros2_ws/build/examples_rclpy_minimal_service/prefix_override:/home/openark/ros2_ws/install/examples_rclpy_minimal_service/lib/python3.8/site-packages:${PYTHONPATH} /usr/bin/python3 setup.py egg_info --egg-base ../../../../../build/examples_rclpy_minimal_service build --build-base /home/openark/ros2_ws/build/examples_rclpy_minimal_service/build install --record /home/openark/ros2_ws/build/examples_rclpy_minimal_service/install.log --install-scripts $base/lib/examples_rclpy_minimal_service --single-version-externally-managed
[6.530s] running egg_info
[6.531s] writing ../../../../../build/examples_rclpy_minimal_service/examples_rclpy_minimal_service.egg-info/PKG-INFO
[6.532s] writing dependency_links to ../../../../../build/examples_rclpy_minimal_service/examples_rclpy_minimal_service.egg-info/dependency_links.txt
[6.532s] writing entry points to ../../../../../build/examples_rclpy_minimal_service/examples_rclpy_minimal_service.egg-info/entry_points.txt
[6.532s] writing requirements to ../../../../../build/examples_rclpy_minimal_service/examples_rclpy_minimal_service.egg-info/requires.txt
[6.532s] writing top-level names to ../../../../../build/examples_rclpy_minimal_service/examples_rclpy_minimal_service.egg-info/top_level.txt
[6.592s] reading manifest file '../../../../../build/examples_rclpy_minimal_service/examples_rclpy_minimal_service.egg-info/SOURCES.txt'
[6.592s] writing manifest file '../../../../../build/examples_rclpy_minimal_service/examples_rclpy_minimal_service.egg-info/SOURCES.txt'
[6.594s] running build
[6.595s] running build_py
[6.597s] running install
[6.606s] running install_lib
[6.606s] running install_data
[6.607s] running install_egg_info
[6.611s] removing '/home/openark/ros2_ws/install/examples_rclpy_minimal_service/lib/python3.8/site-packages/examples_rclpy_minimal_service-0.9.4-py3.8.egg-info' (and everything under it)
[6.612s] Copying ../../../../../build/examples_rclpy_minimal_service/examples_rclpy_minimal_service.egg-info to /home/openark/ros2_ws/install/examples_rclpy_minimal_service/lib/python3.8/site-packages/examples_rclpy_minimal_service-0.9.4-py3.8.egg-info
[6.616s] running install_scripts
[6.622s] Installing service script to /home/openark/ros2_ws/install/examples_rclpy_minimal_service/lib/examples_rclpy_minimal_service
[6.623s] Installing service_member_function script to /home/openark/ros2_ws/install/examples_rclpy_minimal_service/lib/examples_rclpy_minimal_service
[6.626s] writing list of installed files to '/home/openark/ros2_ws/build/examples_rclpy_minimal_service/install.log'
[7.028s] Invoked command in '/home/openark/ros2_ws/src/examples/rclpy/services/minimal_service' returned '0': PYTHONPATH=/home/openark/ros2_ws/build/examples_rclpy_minimal_service/prefix_override:/home/openark/ros2_ws/install/examples_rclpy_minimal_service/lib/python3.8/site-packages:${PYTHONPATH} /usr/bin/python3 setup.py egg_info --egg-base ../../../../../build/examples_rclpy_minimal_service build --build-base /home/openark/ros2_ws/build/examples_rclpy_minimal_service/build install --record /home/openark/ros2_ws/build/examples_rclpy_minimal_service/install.log --install-scripts $base/lib/examples_rclpy_minimal_service --single-version-externally-managed
