[4.127s] Invoking command in '/home/openark/ros2_ws/build/roar_septentrio_interface': CMAKE_PREFIX_PATH=${CMAKE_PREFIX_PATH}:/home/openark/ros2_ws/install/examples_rclpy_minimal_subscriber:/home/openark/ros2_ws/install/examples_rclpy_minimal_service:/home/openark/ros2_ws/install/examples_rclpy_minimal_publisher:/home/openark/ros2_ws/install/examples_rclpy_minimal_client:/home/openark/ros2_ws/install/examples_rclpy_minimal_action_server:/home/openark/ros2_ws/install/examples_rclpy_minimal_action_client:/home/openark/ros2_ws/install/examples_rclpy_executors:/home/openark/ros2_ws/src/install/examples_rclpy_minimal_subscriber:/home/openark/ros2_ws/src/install/examples_rclpy_minimal_service:/home/openark/ros2_ws/src/install/examples_rclpy_minimal_publisher:/home/openark/ros2_ws/src/install/examples_rclpy_minimal_client:/home/openark/ros2_ws/src/install/examples_rclpy_minimal_action_server:/home/openark/ros2_ws/src/install/examples_rclpy_minimal_action_client:/home/openark/ros2_ws/src/install/examples_rclpy_executors:/opt/ros/foxy /usr/bin/cmake --build /home/openark/ros2_ws/build/roar_septentrio_interface -- -j12 -l12
[4.386s] [100%] Built target roar_septentrio_interface_node
[4.900s] Invoked command in '/home/openark/ros2_ws/build/roar_septentrio_interface' returned '0': CMAKE_PREFIX_PATH=${CMAKE_PREFIX_PATH}:/home/openark/ros2_ws/install/examples_rclpy_minimal_subscriber:/home/openark/ros2_ws/install/examples_rclpy_minimal_service:/home/openark/ros2_ws/install/examples_rclpy_minimal_publisher:/home/openark/ros2_ws/install/examples_rclpy_minimal_client:/home/openark/ros2_ws/install/examples_rclpy_minimal_action_server:/home/openark/ros2_ws/install/examples_rclpy_minimal_action_client:/home/openark/ros2_ws/install/examples_rclpy_executors:/home/openark/ros2_ws/src/install/examples_rclpy_minimal_subscriber:/home/openark/ros2_ws/src/install/examples_rclpy_minimal_service:/home/openark/ros2_ws/src/install/examples_rclpy_minimal_publisher:/home/openark/ros2_ws/src/install/examples_rclpy_minimal_client:/home/openark/ros2_ws/src/install/examples_rclpy_minimal_action_server:/home/openark/ros2_ws/src/install/examples_rclpy_minimal_action_client:/home/openark/ros2_ws/src/install/examples_rclpy_executors:/opt/ros/foxy /usr/bin/cmake --build /home/openark/ros2_ws/build/roar_septentrio_interface -- -j12 -l12
[4.965s] Invoking command in '/home/openark/ros2_ws/build/roar_septentrio_interface': CMAKE_PREFIX_PATH=${CMAKE_PREFIX_PATH}:/home/openark/ros2_ws/install/examples_rclpy_minimal_subscriber:/home/openark/ros2_ws/install/examples_rclpy_minimal_service:/home/openark/ros2_ws/install/examples_rclpy_minimal_publisher:/home/openark/ros2_ws/install/examples_rclpy_minimal_client:/home/openark/ros2_ws/install/examples_rclpy_minimal_action_server:/home/openark/ros2_ws/install/examples_rclpy_minimal_action_client:/home/openark/ros2_ws/install/examples_rclpy_executors:/home/openark/ros2_ws/src/install/examples_rclpy_minimal_subscriber:/home/openark/ros2_ws/src/install/examples_rclpy_minimal_service:/home/openark/ros2_ws/src/install/examples_rclpy_minimal_publisher:/home/openark/ros2_ws/src/install/examples_rclpy_minimal_client:/home/openark/ros2_ws/src/install/examples_rclpy_minimal_action_server:/home/openark/ros2_ws/src/install/examples_rclpy_minimal_action_client:/home/openark/ros2_ws/src/install/examples_rclpy_executors:/opt/ros/foxy /usr/bin/cmake --install /home/openark/ros2_ws/build/roar_septentrio_interface
[4.978s] -- Install configuration: ""
[4.979s] -- Up-to-date: /home/openark/ros2_ws/install/roar_septentrio_interface/lib/roar_septentrio_interface/roar_septentrio_interface_node
[4.979s] -- Up-to-date: /home/openark/ros2_ws/install/roar_septentrio_interface/share/roar_septentrio_interface/include
[4.980s] -- Up-to-date: /home/openark/ros2_ws/install/roar_septentrio_interface/share/roar_septentrio_interface/include/.gitkeep
[4.981s] -- Up-to-date: /home/openark/ros2_ws/install/roar_septentrio_interface/share/roar_septentrio_interface/include/roar_septentrio_interface
[4.982s] -- Up-to-date: /home/openark/ros2_ws/install/roar_septentrio_interface/share/roar_septentrio_interface/include/roar_septentrio_interface/roar_septentrio_interface_node.hpp
[4.982s] -- Up-to-date: /home/openark/ros2_ws/install/roar_septentrio_interface/share/roar_septentrio_interface/launch
[4.982s] -- Up-to-date: /home/openark/ros2_ws/install/roar_septentrio_interface/share/roar_septentrio_interface/launch/interface.launch.py
[4.983s] -- Up-to-date: /home/openark/ros2_ws/install/roar_septentrio_interface/share/roar_septentrio_interface/launch/.gitkeep
[4.986s] -- Up-to-date: /home/openark/ros2_ws/install/roar_septentrio_interface/share/roar_septentrio_interface/param
[4.987s] -- Up-to-date: /home/openark/ros2_ws/install/roar_septentrio_interface/share/roar_septentrio_interface/param/.gitkeep
[4.987s] -- Up-to-date: /home/openark/ros2_ws/install/roar_septentrio_interface/share/roar_septentrio_interface/param/config.yaml
[4.987s] -- Up-to-date: /home/openark/ros2_ws/install/roar_septentrio_interface/share/ament_index/resource_index/package_run_dependencies/roar_septentrio_interface
[4.987s] -- Up-to-date: /home/openark/ros2_ws/install/roar_septentrio_interface/share/ament_index/resource_index/parent_prefix_path/roar_septentrio_interface
[4.988s] -- Up-to-date: /home/openark/ros2_ws/install/roar_septentrio_interface/share/roar_septentrio_interface/environment/ament_prefix_path.sh
[4.988s] -- Up-to-date: /home/openark/ros2_ws/install/roar_septentrio_interface/share/roar_septentrio_interface/environment/ament_prefix_path.dsv
[4.988s] -- Up-to-date: /home/openark/ros2_ws/install/roar_septentrio_interface/share/roar_septentrio_interface/environment/path.sh
[4.988s] -- Up-to-date: /home/openark/ros2_ws/install/roar_septentrio_interface/share/roar_septentrio_interface/environment/path.dsv
[4.988s] -- Up-to-date: /home/openark/ros2_ws/install/roar_septentrio_interface/share/roar_septentrio_interface/local_setup.bash
[4.989s] -- Up-to-date: /home/openark/ros2_ws/install/roar_septentrio_interface/share/roar_septentrio_interface/local_setup.sh
[4.989s] -- Up-to-date: /home/openark/ros2_ws/install/roar_septentrio_interface/share/roar_septentrio_interface/local_setup.zsh
[4.989s] -- Up-to-date: /home/openark/ros2_ws/install/roar_septentrio_interface/share/roar_septentrio_interface/local_setup.dsv
[4.989s] -- Installing: /home/openark/ros2_ws/install/roar_septentrio_interface/share/roar_septentrio_interface/package.dsv
[4.989s] -- Up-to-date: /home/openark/ros2_ws/install/roar_septentrio_interface/share/ament_index/resource_index/packages/roar_septentrio_interface
[4.989s] -- Up-to-date: /home/openark/ros2_ws/install/roar_septentrio_interface/share/roar_septentrio_interface/cmake/roar_septentrio_interfaceConfig.cmake
[4.990s] -- Up-to-date: /home/openark/ros2_ws/install/roar_septentrio_interface/share/roar_septentrio_interface/cmake/roar_septentrio_interfaceConfig-version.cmake
[4.990s] -- Up-to-date: /home/openark/ros2_ws/install/roar_septentrio_interface/share/roar_septentrio_interface/package.xml
[5.195s] Invoked command in '/home/openark/ros2_ws/build/roar_septentrio_interface' returned '0': CMAKE_PREFIX_PATH=${CMAKE_PREFIX_PATH}:/home/openark/ros2_ws/install/examples_rclpy_minimal_subscriber:/home/openark/ros2_ws/install/examples_rclpy_minimal_service:/home/openark/ros2_ws/install/examples_rclpy_minimal_publisher:/home/openark/ros2_ws/install/examples_rclpy_minimal_client:/home/openark/ros2_ws/install/examples_rclpy_minimal_action_server:/home/openark/ros2_ws/install/examples_rclpy_minimal_action_client:/home/openark/ros2_ws/install/examples_rclpy_executors:/home/openark/ros2_ws/src/install/examples_rclpy_minimal_subscriber:/home/openark/ros2_ws/src/install/examples_rclpy_minimal_service:/home/openark/ros2_ws/src/install/examples_rclpy_minimal_publisher:/home/openark/ros2_ws/src/install/examples_rclpy_minimal_client:/home/openark/ros2_ws/src/install/examples_rclpy_minimal_action_server:/home/openark/ros2_ws/src/install/examples_rclpy_minimal_action_client:/home/openark/ros2_ws/src/install/examples_rclpy_executors:/opt/ros/foxy /usr/bin/cmake --install /home/openark/ros2_ws/build/roar_septentrio_interface
