-- Found ament_cmake_auto: 0.9.12 (/opt/ros/foxy/share/ament_cmake_auto/cmake)
-- Using PYTHON_EXECUTABLE: /usr/bin/python3
-- Override CMake install command with custom implementation using symlinks instead of copying resources
-- Using all available rosidl_typesupport_c: rosidl_typesupport_fastrtps_c;rosidl_typesupport_introspection_c
-- Found rosidl_adapter: 1.3.1 (/opt/ros/foxy/share/rosidl_adapter/cmake)
-- Using all available rosidl_typesupport_cpp: rosidl_typesupport_fastrtps_cpp;rosidl_typesupport_introspection_cpp
-- Found rmw_implementation_cmake: 1.0.4 (/opt/ros/foxy/share/rmw_implementation_cmake/cmake)
-- Using RMW implementation 'rmw_fastrtps_cpp' as default
-- Found ament_lint_auto: 0.9.8 (/opt/ros/foxy/share/ament_lint_auto/cmake)
-- Added test 'copyright' to check source files copyright and LICENSE
-- Added test 'cppcheck' to perform static code analysis on C / C++ code
-- Configured cppcheck include dirs: /home/openark/ros2_ws/src/point_one_gps_driver/point_one_gps_driver/include
-- Configured cppcheck exclude dirs and/or files: 
-- Added test 'cpplint' to check C / C++ code against the Google style
-- Configured cpplint exclude dirs and/or files: 
-- Added test 'flake8' to check Python code syntax and style conventions
-- Added test 'lint_cmake' to check CMake code style
-- Added test 'pep257' to check Python code against some of the style conventions in PEP 257
-- Added test 'uncrustify' to check C / C++ code style
-- Configured uncrustify additional arguments: 
-- Added test 'xmllint' to check XML markup files
-- Configuring done
-- Generating done
-- Build files have been written to: /home/openark/ros2_ws/build/point_one_gps_driver
[35m[1mScanning dependencies of target project_p1_fusion_engine_client[0m
[ 10%] [34m[1mCreating directories for 'project_p1_fusion_engine_client'[0m
[ 20%] [34m[1mPerforming download step (git clone) for 'project_p1_fusion_engine_client'[0m
Your branch is up to date with 'origin/master'.
[ 40%] [34m[1mNo patch step for 'project_p1_fusion_engine_client'[0m
[ 40%] [34m[1mPerforming update step for 'project_p1_fusion_engine_client'[0m
Current branch master is up to date.
[ 50%] [34m[1mPerforming configure step for 'project_p1_fusion_engine_client'[0m
-- The C compiler identification is GNU 9.4.0
-- The CXX compiler identification is GNU 9.4.0
-- Check for working C compiler: /usr/bin/cc
-- Check for working C compiler: /usr/bin/cc -- works
-- Detecting C compiler ABI info
-- Detecting C compiler ABI info - done
-- Detecting C compile features
-- Detecting C compile features - done
-- Check for working CXX compiler: /usr/bin/c++
-- Check for working CXX compiler: /usr/bin/c++ -- works
-- Detecting CXX compiler ABI info
-- Detecting CXX compiler ABI info - done
-- Detecting CXX compile features
-- Detecting CXX compile features - done
-- Configuring done
-- Generating done
-- Build files have been written to: /home/openark/ros2_ws/build/point_one_gps_driver/p1_fusion_engine_client/src/project_p1_fusion_engine_client-build
[ 60%] [34m[1mPerforming build step for 'project_p1_fusion_engine_client'[0m
[35m[1mScanning dependencies of target fusion_engine_client[0m
[ 11%] [32mBuilding CXX object CMakeFiles/fusion_engine_client.dir/src/point_one/fusion_engine/parsers/fusion_engine_framer.cc.o[0m
[ 11%] [32mBuilding CXX object CMakeFiles/fusion_engine_client.dir/src/point_one/rtcm/rtcm_framer.cc.o[0m
[ 16%] [32mBuilding CXX object CMakeFiles/fusion_engine_client.dir/src/point_one/fusion_engine/messages/data_version.cc.o[0m
[ 22%] [32mBuilding CXX object CMakeFiles/fusion_engine_client.dir/src/point_one/fusion_engine/common/logging.cc.o[0m
[ 27%] [32mBuilding CXX object CMakeFiles/fusion_engine_client.dir/src/point_one/fusion_engine/messages/crc.cc.o[0m
[ 33%] [32m[1mLinking CXX shared library libfusion_engine_client.so[0m
[ 33%] Built target fusion_engine_client
[35m[1mScanning dependencies of target print_message[0m
[35m[1mScanning dependencies of target lband_decode[0m
[35m[1mScanning dependencies of target generate_data[0m
[ 38%] [32mBuilding CXX object examples/lband_decode/CMakeFiles/lband_decode.dir/lband_decode.cc.o[0m
[ 50%] [32mBuilding CXX object examples/generate_data/CMakeFiles/generate_data.dir/generate_data.cc.o[0m
[ 50%] [32mBuilding CXX object examples/common/CMakeFiles/print_message.dir/print_message.cc.o[0m
[ 55%] [32m[1mLinking CXX static library libprint_message.a[0m
[ 61%] [32m[1mLinking CXX executable lband_decode[0m
[ 61%] Built target print_message
[35m[1mScanning dependencies of target message_decode[0m
[35m[1mScanning dependencies of target tcp_client[0m
[35m[1mScanning dependencies of target udp_client[0m
[ 66%] [32m[1mLinking CXX executable generate_data[0m
[ 72%] [32mBuilding CXX object examples/message_decode/CMakeFiles/message_decode.dir/message_decode.cc.o[0m
[ 77%] [32mBuilding CXX object examples/udp_client/CMakeFiles/udp_client.dir/linux_udp_client.cc.o[0m
[ 83%] [32mBuilding CXX object examples/tcp_client/CMakeFiles/tcp_client.dir/linux_tcp_client.cc.o[0m
[ 83%] Built target lband_decode
[ 83%] Built target generate_data
[ 88%] [32m[1mLinking CXX executable tcp_client[0m
[ 94%] [32m[1mLinking CXX executable message_decode[0m
[100%] [32m[1mLinking CXX executable udp_client[0m
[100%] Built target tcp_client
[100%] Built target message_decode
[100%] Built target udp_client
[ 70%] [34m[1mPerforming install step for 'project_p1_fusion_engine_client'[0m
[ 33%] Built target fusion_engine_client
[ 66%] Built target generate_data
[ 66%] Built target print_message
[ 66%] Built target lband_decode
[ 88%] Built target udp_client
[ 94%] Built target message_decode
[100%] Built target tcp_client
[36mInstall the project...[0m
-- Install configuration: ""
-- Installing: /home/openark/ros2_ws/build/point_one_gps_driver/p1_fusion_engine_client/lib/libfusion_engine_client.so.1.22.0
-- Installing: /home/openark/ros2_ws/build/point_one_gps_driver/p1_fusion_engine_client/lib/libfusion_engine_client.so.1
-- Installing: /home/openark/ros2_ws/build/point_one_gps_driver/p1_fusion_engine_client/lib/libfusion_engine_client.so
-- Installing: /home/openark/ros2_ws/build/point_one_gps_driver/p1_fusion_engine_client/include/point_one
-- Installing: /home/openark/ros2_ws/build/point_one_gps_driver/p1_fusion_engine_client/include/point_one/fusion_engine
-- Installing: /home/openark/ros2_ws/build/point_one_gps_driver/p1_fusion_engine_client/include/point_one/fusion_engine/common
-- Installing: /home/openark/ros2_ws/build/point_one_gps_driver/p1_fusion_engine_client/include/point_one/fusion_engine/common/version.h
-- Installing: /home/openark/ros2_ws/build/point_one_gps_driver/p1_fusion_engine_client/include/point_one/fusion_engine/common/portability.h
-- Installing: /home/openark/ros2_ws/build/point_one_gps_driver/p1_fusion_engine_client/include/point_one/fusion_engine/common/logging.h
-- Installing: /home/openark/ros2_ws/build/point_one_gps_driver/p1_fusion_engine_client/include/point_one/fusion_engine/messages
-- Installing: /home/openark/ros2_ws/build/point_one_gps_driver/p1_fusion_engine_client/include/point_one/fusion_engine/messages/solution.h
-- Installing: /home/openark/ros2_ws/build/point_one_gps_driver/p1_fusion_engine_client/include/point_one/fusion_engine/messages/ros.h
-- Installing: /home/openark/ros2_ws/build/point_one_gps_driver/p1_fusion_engine_client/include/point_one/fusion_engine/messages/data_version.h
-- Installing: /home/openark/ros2_ws/build/point_one_gps_driver/p1_fusion_engine_client/include/point_one/fusion_engine/messages/control.h
-- Installing: /home/openark/ros2_ws/build/point_one_gps_driver/p1_fusion_engine_client/include/point_one/fusion_engine/messages/gnss_corrections.h
-- Installing: /home/openark/ros2_ws/build/point_one_gps_driver/p1_fusion_engine_client/include/point_one/fusion_engine/messages/device.h
-- Installing: /home/openark/ros2_ws/build/point_one_gps_driver/p1_fusion_engine_client/include/point_one/fusion_engine/messages/crc.h
-- Installing: /home/openark/ros2_ws/build/point_one_gps_driver/p1_fusion_engine_client/include/point_one/fusion_engine/messages/core.h
-- Installing: /home/openark/ros2_ws/build/point_one_gps_driver/p1_fusion_engine_client/include/point_one/fusion_engine/messages/fault_control.h
-- Installing: /home/openark/ros2_ws/build/point_one_gps_driver/p1_fusion_engine_client/include/point_one/fusion_engine/messages/configuration.h
-- Installing: /home/openark/ros2_ws/build/point_one_gps_driver/p1_fusion_engine_client/include/point_one/fusion_engine/messages/signal_defs.h
-- Installing: /home/openark/ros2_ws/build/point_one_gps_driver/p1_fusion_engine_client/include/point_one/fusion_engine/messages/measurements.h
-- Installing: /home/openark/ros2_ws/build/point_one_gps_driver/p1_fusion_engine_client/include/point_one/fusion_engine/messages/defs.h
-- Installing: /home/openark/ros2_ws/build/point_one_gps_driver/p1_fusion_engine_client/include/point_one/fusion_engine/parsers
-- Installing: /home/openark/ros2_ws/build/point_one_gps_driver/p1_fusion_engine_client/include/point_one/fusion_engine/parsers/fusion_engine_framer.h
-- Installing: /home/openark/ros2_ws/build/point_one_gps_driver/p1_fusion_engine_client/include/point_one/rtcm
-- Installing: /home/openark/ros2_ws/build/point_one_gps_driver/p1_fusion_engine_client/include/point_one/rtcm/rtcm_framer.h
[ 80%] [34m[1mCompleted 'project_p1_fusion_engine_client'[0m
[ 80%] Built target project_p1_fusion_engine_client
[35m[1mScanning dependencies of target point_one_gps_driver_node_exe[0m
[ 90%] [32mBuilding CXX object CMakeFiles/point_one_gps_driver_node_exe.dir/src/point_one_gps_node.cpp.o[0m
[100%] [32m[1mLinking CXX executable point_one_gps_driver_node_exe[0m
