[0.996s] Invoking command in '/home/openark/ros2_ws/build/point_one_gps_driver': CMAKE_PREFIX_PATH=/home/openark/ros2_ws/install/zed_ros2:/home/openark/ros2_ws/install/zed_multi_camera:/home/openark/ros2_ws/install/zed_display_rviz2:/home/openark/ros2_ws/install/zed_wrapper:/home/openark/ros2_ws/install/zed_tutorial_video:/home/openark/ros2_ws/install/zed_tutorial_pos_tracking:/home/openark/ros2_ws/install/zed_tutorial_depth:/home/openark/ros2_ws/install/zed_topic_benchmark_interfaces:/home/openark/ros2_ws/install/zed_rgb_convert:/home/openark/ros2_ws/install/zed_components:/home/openark/ros2_ws/install/rviz_plugin_zed_od:/home/openark/ros2_ws/install/zed_interfaces:/home/openark/ros2_ws/install/examples_rclpy_minimal_subscriber:/home/openark/ros2_ws/install/examples_rclpy_minimal_service:/home/openark/ros2_ws/install/examples_rclpy_minimal_publisher:/home/openark/ros2_ws/install/examples_rclpy_minimal_client:/home/openark/ros2_ws/install/examples_rclpy_minimal_action_server:/home/openark/ros2_ws/install/examples_rclpy_minimal_action_client:/home/openark/ros2_ws/install/examples_rclpy_executors:/opt/ros/foxy:/home/openark/ros2_ws/install/septentrio_gnss_driver:/home/openark/ros2_ws/install/examples_rclcpp_multithreaded_executor:/home/openark/ros2_ws/install/examples_rclcpp_minimal_timer:/home/openark/ros2_ws/install/examples_rclcpp_minimal_subscriber:/home/openark/ros2_ws/install/examples_rclcpp_minimal_service:/home/openark/ros2_ws/install/examples_rclcpp_minimal_publisher:/home/openark/ros2_ws/install/examples_rclcpp_minimal_composition:/home/openark/ros2_ws/install/examples_rclcpp_minimal_client:/home/openark/ros2_ws/install/examples_rclcpp_minimal_action_server:/home/openark/ros2_ws/install/examples_rclcpp_minimal_action_client /usr/bin/cmake /home/openark/ros2_ws/src/point_one_gps_driver/point_one_gps_driver -DCMAKE_INSTALL_PREFIX=/home/openark/ros2_ws/install/point_one_gps_driver
[1.097s] -- Found ament_cmake_auto: 0.9.12 (/opt/ros/foxy/share/ament_cmake_auto/cmake)
[1.105s] -- Using PYTHON_EXECUTABLE: /usr/bin/python3
[1.671s] -- Override CMake install command with custom implementation using symlinks instead of copying resources
[1.945s] -- Using all available rosidl_typesupport_c: rosidl_typesupport_fastrtps_c;rosidl_typesupport_introspection_c
[1.952s] -- Found rosidl_adapter: 1.3.1 (/opt/ros/foxy/share/rosidl_adapter/cmake)
[2.165s] -- Using all available rosidl_typesupport_cpp: rosidl_typesupport_fastrtps_cpp;rosidl_typesupport_introspection_cpp
[2.222s] -- Found rmw_implementation_cmake: 1.0.4 (/opt/ros/foxy/share/rmw_implementation_cmake/cmake)
[2.226s] -- Using RMW implementation 'rmw_fastrtps_cpp' as default
[2.873s] -- Found ament_lint_auto: 0.9.8 (/opt/ros/foxy/share/ament_lint_auto/cmake)
[2.906s] -- Added test 'copyright' to check source files copyright and LICENSE
[2.909s] -- Added test 'cppcheck' to perform static code analysis on C / C++ code
[2.910s] -- Configured cppcheck include dirs: /home/openark/ros2_ws/src/point_one_gps_driver/point_one_gps_driver/include
[2.910s] -- Configured cppcheck exclude dirs and/or files: 
[2.913s] -- Added test 'cpplint' to check C / C++ code against the Google style
[2.913s] -- Configured cpplint exclude dirs and/or files: 
[2.915s] -- Added test 'flake8' to check Python code syntax and style conventions
[2.916s] -- Added test 'lint_cmake' to check CMake code style
[2.917s] -- Added test 'pep257' to check Python code against some of the style conventions in PEP 257
[2.922s] -- Added test 'uncrustify' to check C / C++ code style
[2.922s] -- Configured uncrustify additional arguments: 
[2.923s] -- Added test 'xmllint' to check XML markup files
[2.933s] -- Configuring done
[2.967s] -- Generating done
[2.971s] -- Build files have been written to: /home/openark/ros2_ws/build/point_one_gps_driver
[2.985s] Invoked command in '/home/openark/ros2_ws/build/point_one_gps_driver' returned '0': CMAKE_PREFIX_PATH=/home/openark/ros2_ws/install/zed_ros2:/home/openark/ros2_ws/install/zed_multi_camera:/home/openark/ros2_ws/install/zed_display_rviz2:/home/openark/ros2_ws/install/zed_wrapper:/home/openark/ros2_ws/install/zed_tutorial_video:/home/openark/ros2_ws/install/zed_tutorial_pos_tracking:/home/openark/ros2_ws/install/zed_tutorial_depth:/home/openark/ros2_ws/install/zed_topic_benchmark_interfaces:/home/openark/ros2_ws/install/zed_rgb_convert:/home/openark/ros2_ws/install/zed_components:/home/openark/ros2_ws/install/rviz_plugin_zed_od:/home/openark/ros2_ws/install/zed_interfaces:/home/openark/ros2_ws/install/examples_rclpy_minimal_subscriber:/home/openark/ros2_ws/install/examples_rclpy_minimal_service:/home/openark/ros2_ws/install/examples_rclpy_minimal_publisher:/home/openark/ros2_ws/install/examples_rclpy_minimal_client:/home/openark/ros2_ws/install/examples_rclpy_minimal_action_server:/home/openark/ros2_ws/install/examples_rclpy_minimal_action_client:/home/openark/ros2_ws/install/examples_rclpy_executors:/opt/ros/foxy:/home/openark/ros2_ws/install/septentrio_gnss_driver:/home/openark/ros2_ws/install/examples_rclcpp_multithreaded_executor:/home/openark/ros2_ws/install/examples_rclcpp_minimal_timer:/home/openark/ros2_ws/install/examples_rclcpp_minimal_subscriber:/home/openark/ros2_ws/install/examples_rclcpp_minimal_service:/home/openark/ros2_ws/install/examples_rclcpp_minimal_publisher:/home/openark/ros2_ws/install/examples_rclcpp_minimal_composition:/home/openark/ros2_ws/install/examples_rclcpp_minimal_client:/home/openark/ros2_ws/install/examples_rclcpp_minimal_action_server:/home/openark/ros2_ws/install/examples_rclcpp_minimal_action_client /usr/bin/cmake /home/openark/ros2_ws/src/point_one_gps_driver/point_one_gps_driver -DCMAKE_INSTALL_PREFIX=/home/openark/ros2_ws/install/point_one_gps_driver
[2.993s] Invoking command in '/home/openark/ros2_ws/build/point_one_gps_driver': CMAKE_PREFIX_PATH=/home/openark/ros2_ws/install/zed_ros2:/home/openark/ros2_ws/install/zed_multi_camera:/home/openark/ros2_ws/install/zed_display_rviz2:/home/openark/ros2_ws/install/zed_wrapper:/home/openark/ros2_ws/install/zed_tutorial_video:/home/openark/ros2_ws/install/zed_tutorial_pos_tracking:/home/openark/ros2_ws/install/zed_tutorial_depth:/home/openark/ros2_ws/install/zed_topic_benchmark_interfaces:/home/openark/ros2_ws/install/zed_rgb_convert:/home/openark/ros2_ws/install/zed_components:/home/openark/ros2_ws/install/rviz_plugin_zed_od:/home/openark/ros2_ws/install/zed_interfaces:/home/openark/ros2_ws/install/examples_rclpy_minimal_subscriber:/home/openark/ros2_ws/install/examples_rclpy_minimal_service:/home/openark/ros2_ws/install/examples_rclpy_minimal_publisher:/home/openark/ros2_ws/install/examples_rclpy_minimal_client:/home/openark/ros2_ws/install/examples_rclpy_minimal_action_server:/home/openark/ros2_ws/install/examples_rclpy_minimal_action_client:/home/openark/ros2_ws/install/examples_rclpy_executors:/opt/ros/foxy:/home/openark/ros2_ws/install/septentrio_gnss_driver:/home/openark/ros2_ws/install/examples_rclcpp_multithreaded_executor:/home/openark/ros2_ws/install/examples_rclcpp_minimal_timer:/home/openark/ros2_ws/install/examples_rclcpp_minimal_subscriber:/home/openark/ros2_ws/install/examples_rclcpp_minimal_service:/home/openark/ros2_ws/install/examples_rclcpp_minimal_publisher:/home/openark/ros2_ws/install/examples_rclcpp_minimal_composition:/home/openark/ros2_ws/install/examples_rclcpp_minimal_client:/home/openark/ros2_ws/install/examples_rclcpp_minimal_action_server:/home/openark/ros2_ws/install/examples_rclcpp_minimal_action_client /usr/bin/cmake --build /home/openark/ros2_ws/build/point_one_gps_driver -- -j12 -l12
[3.089s] [35m[1mScanning dependencies of target project_p1_fusion_engine_client[0m
[3.112s] [ 10%] [34m[1mCreating directories for 'project_p1_fusion_engine_client'[0m
[3.261s] [ 20%] [34m[1mPerforming download step (git clone) for 'project_p1_fusion_engine_client'[0m
[3.301s] Cloning into 'project_p1_fusion_engine_client'...
[4.305s] Already on 'master'
[4.305s] Your branch is up to date with 'origin/master'.
[4.359s] [ 40%] [34m[1mNo patch step for 'project_p1_fusion_engine_client'[0m
[4.359s] [ 40%] [34m[1mPerforming update step for 'project_p1_fusion_engine_client'[0m
[4.904s] Current branch master is up to date.
[4.904s] [ 50%] [34m[1mPerforming configure step for 'project_p1_fusion_engine_client'[0m
[4.904s] -- The C compiler identification is GNU 9.4.0
[4.935s] -- The CXX compiler identification is GNU 9.4.0
[4.942s] -- Check for working C compiler: /usr/bin/cc
[5.017s] -- Check for working C compiler: /usr/bin/cc -- works
[5.018s] -- Detecting C compiler ABI info
[5.091s] -- Detecting C compiler ABI info - done
[5.103s] -- Detecting C compile features
[5.104s] -- Detecting C compile features - done
[5.106s] -- Check for working CXX compiler: /usr/bin/c++
[5.197s] -- Check for working CXX compiler: /usr/bin/c++ -- works
[5.199s] -- Detecting CXX compiler ABI info
[5.283s] -- Detecting CXX compiler ABI info - done
[5.296s] -- Detecting CXX compile features
[5.297s] -- Detecting CXX compile features - done
[5.302s] -- Configuring done
[5.313s] -- Generating done
[5.316s] -- Build files have been written to: /home/openark/ros2_ws/build/point_one_gps_driver/p1_fusion_engine_client/src/project_p1_fusion_engine_client-build
[5.338s] [ 60%] [34m[1mPerforming build step for 'project_p1_fusion_engine_client'[0m
[5.376s] [35m[1mScanning dependencies of target fusion_engine_client[0m
[5.390s] [ 11%] [32mBuilding CXX object CMakeFiles/fusion_engine_client.dir/src/point_one/fusion_engine/parsers/fusion_engine_framer.cc.o[0m
[5.391s] [ 11%] [32mBuilding CXX object CMakeFiles/fusion_engine_client.dir/src/point_one/rtcm/rtcm_framer.cc.o[0m
[5.392s] [ 16%] [32mBuilding CXX object CMakeFiles/fusion_engine_client.dir/src/point_one/fusion_engine/messages/data_version.cc.o[0m
[5.392s] [ 22%] [32mBuilding CXX object CMakeFiles/fusion_engine_client.dir/src/point_one/fusion_engine/common/logging.cc.o[0m
[5.395s] [ 27%] [32mBuilding CXX object CMakeFiles/fusion_engine_client.dir/src/point_one/fusion_engine/messages/crc.cc.o[0m
[5.833s] [ 33%] [32m[1mLinking CXX shared library libfusion_engine_client.so[0m
[5.937s] [ 33%] Built target fusion_engine_client
[5.951s] [35m[1mScanning dependencies of target print_message[0m
[5.951s] [35m[1mScanning dependencies of target lband_decode[0m
[5.951s] [35m[1mScanning dependencies of target generate_data[0m
[5.965s] [ 38%] [32mBuilding CXX object examples/lband_decode/CMakeFiles/lband_decode.dir/lband_decode.cc.o[0m
[5.966s] [ 50%] [32mBuilding CXX object examples/generate_data/CMakeFiles/generate_data.dir/generate_data.cc.o[0m
[5.966s] [ 50%] [32mBuilding CXX object examples/common/CMakeFiles/print_message.dir/print_message.cc.o[0m
[6.370s] [ 55%] [32m[1mLinking CXX static library libprint_message.a[0m
[6.381s] [ 61%] [32m[1mLinking CXX executable lband_decode[0m
[6.424s] [ 61%] Built target print_message
[6.442s] [35m[1mScanning dependencies of target message_decode[0m
[6.445s] [35m[1mScanning dependencies of target tcp_client[0m
[6.447s] [35m[1mScanning dependencies of target udp_client[0m
[6.462s] [ 66%] [32m[1mLinking CXX executable generate_data[0m
[6.468s] [ 72%] [32mBuilding CXX object examples/message_decode/CMakeFiles/message_decode.dir/message_decode.cc.o[0m
[6.468s] [ 77%] [32mBuilding CXX object examples/udp_client/CMakeFiles/udp_client.dir/linux_udp_client.cc.o[0m
[6.472s] [ 83%] [32mBuilding CXX object examples/tcp_client/CMakeFiles/tcp_client.dir/linux_tcp_client.cc.o[0m
[6.507s] [ 83%] Built target lband_decode
[6.619s] [ 83%] Built target generate_data
[6.933s] [ 88%] [32m[1mLinking CXX executable tcp_client[0m
[6.947s] [ 94%] [32m[1mLinking CXX executable message_decode[0m
[7.000s] [100%] [32m[1mLinking CXX executable udp_client[0m
[7.049s] [100%] Built target tcp_client
[7.062s] [100%] Built target message_decode
[7.123s] [100%] Built target udp_client
[7.157s] [ 70%] [34m[1mPerforming install step for 'project_p1_fusion_engine_client'[0m
[7.209s] [ 33%] Built target fusion_engine_client
[7.239s] [ 66%] Built target generate_data
[7.240s] [ 66%] Built target print_message
[7.241s] [ 66%] Built target lband_decode
[7.270s] [ 88%] Built target udp_client
[7.270s] [ 94%] Built target message_decode
[7.270s] [100%] Built target tcp_client
[7.294s] [36mInstall the project...[0m
[7.304s] -- Install configuration: ""
[7.305s] -- Installing: /home/openark/ros2_ws/build/point_one_gps_driver/p1_fusion_engine_client/lib/libfusion_engine_client.so.1.22.0
[7.306s] -- Installing: /home/openark/ros2_ws/build/point_one_gps_driver/p1_fusion_engine_client/lib/libfusion_engine_client.so.1
[7.307s] -- Installing: /home/openark/ros2_ws/build/point_one_gps_driver/p1_fusion_engine_client/lib/libfusion_engine_client.so
[7.308s] -- Installing: /home/openark/ros2_ws/build/point_one_gps_driver/p1_fusion_engine_client/include/point_one
[7.310s] -- Installing: /home/openark/ros2_ws/build/point_one_gps_driver/p1_fusion_engine_client/include/point_one/fusion_engine
[7.311s] -- Installing: /home/openark/ros2_ws/build/point_one_gps_driver/p1_fusion_engine_client/include/point_one/fusion_engine/common
[7.311s] -- Installing: /home/openark/ros2_ws/build/point_one_gps_driver/p1_fusion_engine_client/include/point_one/fusion_engine/common/version.h
[7.311s] -- Installing: /home/openark/ros2_ws/build/point_one_gps_driver/p1_fusion_engine_client/include/point_one/fusion_engine/common/portability.h
[7.312s] -- Installing: /home/openark/ros2_ws/build/point_one_gps_driver/p1_fusion_engine_client/include/point_one/fusion_engine/common/logging.h
[7.313s] -- Installing: /home/openark/ros2_ws/build/point_one_gps_driver/p1_fusion_engine_client/include/point_one/fusion_engine/messages
[7.313s] -- Installing: /home/openark/ros2_ws/build/point_one_gps_driver/p1_fusion_engine_client/include/point_one/fusion_engine/messages/solution.h
[7.314s] -- Installing: /home/openark/ros2_ws/build/point_one_gps_driver/p1_fusion_engine_client/include/point_one/fusion_engine/messages/ros.h
[7.315s] -- Installing: /home/openark/ros2_ws/build/point_one_gps_driver/p1_fusion_engine_client/include/point_one/fusion_engine/messages/data_version.h
[7.315s] -- Installing: /home/openark/ros2_ws/build/point_one_gps_driver/p1_fusion_engine_client/include/point_one/fusion_engine/messages/control.h
[7.316s] -- Installing: /home/openark/ros2_ws/build/point_one_gps_driver/p1_fusion_engine_client/include/point_one/fusion_engine/messages/gnss_corrections.h
[7.316s] -- Installing: /home/openark/ros2_ws/build/point_one_gps_driver/p1_fusion_engine_client/include/point_one/fusion_engine/messages/device.h
[7.317s] -- Installing: /home/openark/ros2_ws/build/point_one_gps_driver/p1_fusion_engine_client/include/point_one/fusion_engine/messages/crc.h
[7.318s] -- Installing: /home/openark/ros2_ws/build/point_one_gps_driver/p1_fusion_engine_client/include/point_one/fusion_engine/messages/core.h
[7.319s] -- Installing: /home/openark/ros2_ws/build/point_one_gps_driver/p1_fusion_engine_client/include/point_one/fusion_engine/messages/fault_control.h
[7.319s] -- Installing: /home/openark/ros2_ws/build/point_one_gps_driver/p1_fusion_engine_client/include/point_one/fusion_engine/messages/configuration.h
[7.320s] -- Installing: /home/openark/ros2_ws/build/point_one_gps_driver/p1_fusion_engine_client/include/point_one/fusion_engine/messages/signal_defs.h
[7.321s] -- Installing: /home/openark/ros2_ws/build/point_one_gps_driver/p1_fusion_engine_client/include/point_one/fusion_engine/messages/measurements.h
[7.322s] -- Installing: /home/openark/ros2_ws/build/point_one_gps_driver/p1_fusion_engine_client/include/point_one/fusion_engine/messages/defs.h
[7.323s] -- Installing: /home/openark/ros2_ws/build/point_one_gps_driver/p1_fusion_engine_client/include/point_one/fusion_engine/parsers
[7.323s] -- Installing: /home/openark/ros2_ws/build/point_one_gps_driver/p1_fusion_engine_client/include/point_one/fusion_engine/parsers/fusion_engine_framer.h
[7.323s] -- Installing: /home/openark/ros2_ws/build/point_one_gps_driver/p1_fusion_engine_client/include/point_one/rtcm
[7.324s] -- Installing: /home/openark/ros2_ws/build/point_one_gps_driver/p1_fusion_engine_client/include/point_one/rtcm/rtcm_framer.h
[7.333s] [ 80%] [34m[1mCompleted 'project_p1_fusion_engine_client'[0m
[7.377s] [ 80%] Built target project_p1_fusion_engine_client
[7.393s] [35m[1mScanning dependencies of target point_one_gps_driver_node_exe[0m
[7.454s] [ 90%] [32mBuilding CXX object CMakeFiles/point_one_gps_driver_node_exe.dir/src/point_one_gps_node.cpp.o[0m
[13.639s] [100%] [32m[1mLinking CXX executable point_one_gps_driver_node_exe[0m
[13.707s] /usr/bin/ld: cannot find -lfusion_engine_client
[13.709s] collect2: error: ld returned 1 exit status
[13.710s] make[2]: *** [CMakeFiles/point_one_gps_driver_node_exe.dir/build.make:146: point_one_gps_driver_node_exe] Error 1
[13.711s] make[1]: *** [CMakeFiles/Makefile2:107: CMakeFiles/point_one_gps_driver_node_exe.dir/all] Error 2
[13.712s] make: *** [Makefile:141: all] Error 2
[14.392s] Invoked command in '/home/openark/ros2_ws/build/point_one_gps_driver' returned '2': CMAKE_PREFIX_PATH=/home/openark/ros2_ws/install/zed_ros2:/home/openark/ros2_ws/install/zed_multi_camera:/home/openark/ros2_ws/install/zed_display_rviz2:/home/openark/ros2_ws/install/zed_wrapper:/home/openark/ros2_ws/install/zed_tutorial_video:/home/openark/ros2_ws/install/zed_tutorial_pos_tracking:/home/openark/ros2_ws/install/zed_tutorial_depth:/home/openark/ros2_ws/install/zed_topic_benchmark_interfaces:/home/openark/ros2_ws/install/zed_rgb_convert:/home/openark/ros2_ws/install/zed_components:/home/openark/ros2_ws/install/rviz_plugin_zed_od:/home/openark/ros2_ws/install/zed_interfaces:/home/openark/ros2_ws/install/examples_rclpy_minimal_subscriber:/home/openark/ros2_ws/install/examples_rclpy_minimal_service:/home/openark/ros2_ws/install/examples_rclpy_minimal_publisher:/home/openark/ros2_ws/install/examples_rclpy_minimal_client:/home/openark/ros2_ws/install/examples_rclpy_minimal_action_server:/home/openark/ros2_ws/install/examples_rclpy_minimal_action_client:/home/openark/ros2_ws/install/examples_rclpy_executors:/opt/ros/foxy:/home/openark/ros2_ws/install/septentrio_gnss_driver:/home/openark/ros2_ws/install/examples_rclcpp_multithreaded_executor:/home/openark/ros2_ws/install/examples_rclcpp_minimal_timer:/home/openark/ros2_ws/install/examples_rclcpp_minimal_subscriber:/home/openark/ros2_ws/install/examples_rclcpp_minimal_service:/home/openark/ros2_ws/install/examples_rclcpp_minimal_publisher:/home/openark/ros2_ws/install/examples_rclcpp_minimal_composition:/home/openark/ros2_ws/install/examples_rclcpp_minimal_client:/home/openark/ros2_ws/install/examples_rclcpp_minimal_action_server:/home/openark/ros2_ws/install/examples_rclcpp_minimal_action_client /usr/bin/cmake --build /home/openark/ros2_ws/build/point_one_gps_driver -- -j12 -l12
