Determining if the function sgemm_ exists failed with the following output:
Change Dir: /home/openark/ros2_ws/src/build/zed_wrapper/CMakeFiles/CMakeTmp

Run Build Command(s):/usr/bin/make cmTC_77154/fast && /usr/bin/make -f CMakeFiles/cmTC_77154.dir/build.make CMakeFiles/cmTC_77154.dir/build
make[1]: Entering directory '/home/openark/ros2_ws/src/build/zed_wrapper/CMakeFiles/CMakeTmp'
Building C object CMakeFiles/cmTC_77154.dir/CheckFunctionExists.c.o
/usr/bin/cc   -DCHECK_FUNCTION_EXISTS=sgemm_   -o CMakeFiles/cmTC_77154.dir/CheckFunctionExists.c.o   -c /usr/share/cmake-3.16/Modules/CheckFunctionExists.c
Linking C executable cmTC_77154
/usr/bin/cmake -E cmake_link_script CMakeFiles/cmTC_77154.dir/link.txt --verbose=1
/usr/bin/cc  -DCHECK_FUNCTION_EXISTS=sgemm_    CMakeFiles/cmTC_77154.dir/CheckFunctionExists.c.o  -o cmTC_77154 
/usr/bin/ld: CMakeFiles/cmTC_77154.dir/CheckFunctionExists.c.o: in function `main':
CheckFunctionExists.c:(.text+0x14): undefined reference to `sgemm_'
collect2: error: ld returned 1 exit status
make[1]: *** [CMakeFiles/cmTC_77154.dir/build.make:87: cmTC_77154] Error 1
make[1]: Leaving directory '/home/openark/ros2_ws/src/build/zed_wrapper/CMakeFiles/CMakeTmp'
make: *** [Makefile:121: cmTC_77154/fast] Error 2



Performing C SOURCE FILE Test CMAKE_HAVE_LIBC_PTHREAD failed with the following output:
Change Dir: /home/openark/ros2_ws/src/build/zed_wrapper/CMakeFiles/CMakeTmp

Run Build Command(s):/usr/bin/make cmTC_ff2b5/fast && /usr/bin/make -f CMakeFiles/cmTC_ff2b5.dir/build.make CMakeFiles/cmTC_ff2b5.dir/build
make[1]: Entering directory '/home/openark/ros2_ws/src/build/zed_wrapper/CMakeFiles/CMakeTmp'
Building C object CMakeFiles/cmTC_ff2b5.dir/src.c.o
/usr/bin/cc   -DCMAKE_HAVE_LIBC_PTHREAD   -o CMakeFiles/cmTC_ff2b5.dir/src.c.o   -c /home/openark/ros2_ws/src/build/zed_wrapper/CMakeFiles/CMakeTmp/src.c
Linking C executable cmTC_ff2b5
/usr/bin/cmake -E cmake_link_script CMakeFiles/cmTC_ff2b5.dir/link.txt --verbose=1
/usr/bin/cc  -DCMAKE_HAVE_LIBC_PTHREAD    CMakeFiles/cmTC_ff2b5.dir/src.c.o  -o cmTC_ff2b5 
/usr/bin/ld: CMakeFiles/cmTC_ff2b5.dir/src.c.o: in function `main':
src.c:(.text+0x46): undefined reference to `pthread_create'
/usr/bin/ld: src.c:(.text+0x52): undefined reference to `pthread_detach'
/usr/bin/ld: src.c:(.text+0x63): undefined reference to `pthread_join'
collect2: error: ld returned 1 exit status
make[1]: *** [CMakeFiles/cmTC_ff2b5.dir/build.make:87: cmTC_ff2b5] Error 1
make[1]: Leaving directory '/home/openark/ros2_ws/src/build/zed_wrapper/CMakeFiles/CMakeTmp'
make: *** [Makefile:121: cmTC_ff2b5/fast] Error 2


Source file was:
#include <pthread.h>

void* test_func(void* data)
{
  return data;
}

int main(void)
{
  pthread_t thread;
  pthread_create(&thread, NULL, test_func, NULL);
  pthread_detach(thread);
  pthread_join(thread, NULL);
  pthread_atfork(NULL, NULL, NULL);
  pthread_exit(NULL);

  return 0;
}

Determining if the function pthread_create exists in the pthreads failed with the following output:
Change Dir: /home/openark/ros2_ws/src/build/zed_wrapper/CMakeFiles/CMakeTmp

Run Build Command(s):/usr/bin/make cmTC_f5e6c/fast && /usr/bin/make -f CMakeFiles/cmTC_f5e6c.dir/build.make CMakeFiles/cmTC_f5e6c.dir/build
make[1]: Entering directory '/home/openark/ros2_ws/src/build/zed_wrapper/CMakeFiles/CMakeTmp'
Building C object CMakeFiles/cmTC_f5e6c.dir/CheckFunctionExists.c.o
/usr/bin/cc   -DCHECK_FUNCTION_EXISTS=pthread_create   -o CMakeFiles/cmTC_f5e6c.dir/CheckFunctionExists.c.o   -c /usr/share/cmake-3.16/Modules/CheckFunctionExists.c
Linking C executable cmTC_f5e6c
/usr/bin/cmake -E cmake_link_script CMakeFiles/cmTC_f5e6c.dir/link.txt --verbose=1
/usr/bin/cc  -DCHECK_FUNCTION_EXISTS=pthread_create    CMakeFiles/cmTC_f5e6c.dir/CheckFunctionExists.c.o  -o cmTC_f5e6c  -lpthreads 
/usr/bin/ld: cannot find -lpthreads
collect2: error: ld returned 1 exit status
make[1]: *** [CMakeFiles/cmTC_f5e6c.dir/build.make:87: cmTC_f5e6c] Error 1
make[1]: Leaving directory '/home/openark/ros2_ws/src/build/zed_wrapper/CMakeFiles/CMakeTmp'
make: *** [Makefile:121: cmTC_f5e6c/fast] Error 2



