[0.678s] Invoking command in '/home/openark/ros2_ws/build/examples_rclcpp_minimal_action_server': /usr/bin/cmake /home/openark/ros2_ws/src/examples/rclcpp/actions/minimal_action_server -DAMENT_CMAKE_SYMLINK_INSTALL=1 -DCMAKE_INSTALL_PREFIX=/home/openark/ros2_ws/install/examples_rclcpp_minimal_action_server
[2.154s] -- The C compiler identification is GNU 9.4.0
[2.154s] -- The CXX compiler identification is GNU 9.4.0
[2.155s] -- Check for working C compiler: /usr/bin/cc
[2.156s] -- Check for working C compiler: /usr/bin/cc -- works
[2.157s] -- Detecting C compiler ABI info
[2.157s] -- Detecting C compiler ABI info - done
[2.158s] -- Detecting C compile features
[2.159s] -- Detecting C compile features - done
[2.160s] -- Check for working CXX compiler: /usr/bin/c++
[2.160s] -- Check for working CXX compiler: /usr/bin/c++ -- works
[2.160s] -- Detecting CXX compiler ABI info
[2.160s] -- Detecting CXX compiler ABI info - done
[2.160s] -- Detecting CXX compile features
[2.161s] -- Detecting CXX compile features - done
[2.161s] -- Configuring incomplete, errors occurred!
[2.161s] See also "/home/openark/ros2_ws/build/examples_rclcpp_minimal_action_server/CMakeFiles/CMakeOutput.log".
[2.162s] CMake Error at CMakeLists.txt:13 (find_package):
[2.162s]   By not providing "Findament_cmake.cmake" in CMAKE_MODULE_PATH this project
[2.162s]   has asked CMake to find a package configuration file provided by
[2.163s]   "ament_cmake", but CMake did not find one.
[2.165s] 
[2.166s]   Could not find a package configuration file provided by "ament_cmake" with
[2.166s]   any of the following names:
[2.166s] 
[2.167s]     ament_cmakeConfig.cmake
[2.167s]     ament_cmake-config.cmake
[2.167s] 
[2.169s]   Add the installation prefix of "ament_cmake" to CMAKE_PREFIX_PATH or set
[2.170s]   "ament_cmake_DIR" to a directory containing one of the above files.  If
[2.171s]   "ament_cmake" provides a separate development package or SDK, be sure it
[2.172s]   has been installed.
[2.172s] 
[2.173s] 
[2.238s] Invoked command in '/home/openark/ros2_ws/build/examples_rclcpp_minimal_action_server' returned '1': /usr/bin/cmake /home/openark/ros2_ws/src/examples/rclcpp/actions/minimal_action_server -DAMENT_CMAKE_SYMLINK_INSTALL=1 -DCMAKE_INSTALL_PREFIX=/home/openark/ros2_ws/install/examples_rclcpp_minimal_action_server
