[4.167s] Invoking command in '/home/openark/ros2_ws/build/septentrio_gnss_driver': CMAKE_PREFIX_PATH=${CMAKE_PREFIX_PATH}:/home/openark/ros2_ws/install/examples_rclpy_minimal_subscriber:/home/openark/ros2_ws/install/examples_rclpy_minimal_service:/home/openark/ros2_ws/install/examples_rclpy_minimal_publisher:/home/openark/ros2_ws/install/examples_rclpy_minimal_client:/home/openark/ros2_ws/install/examples_rclpy_minimal_action_server:/home/openark/ros2_ws/install/examples_rclpy_minimal_action_client:/home/openark/ros2_ws/install/examples_rclpy_executors:/home/openark/ros2_ws/src/install/examples_rclpy_minimal_subscriber:/home/openark/ros2_ws/src/install/examples_rclpy_minimal_service:/home/openark/ros2_ws/src/install/examples_rclpy_minimal_publisher:/home/openark/ros2_ws/src/install/examples_rclpy_minimal_client:/home/openark/ros2_ws/src/install/examples_rclpy_minimal_action_server:/home/openark/ros2_ws/src/install/examples_rclpy_minimal_action_client:/home/openark/ros2_ws/src/install/examples_rclpy_executors:/opt/ros/foxy /usr/bin/cmake --build /home/openark/ros2_ws/build/septentrio_gnss_driver -- -j12 -l12
[5.334s] [  1%] Built target gtest_main
[5.334s] [  1%] Built target gtest
[5.335s] [  1%] Built target septentrio_gnss_driver__cpp
[5.335s] [ 13%] Built target septentrio_gnss_driver__rosidl_generator_c
[5.335s] [ 24%] Built target septentrio_gnss_driver__rosidl_typesupport_cpp
[5.335s] [ 35%] Built target septentrio_gnss_driver__rosidl_typesupport_introspection_cpp
[5.335s] [ 46%] Built target septentrio_gnss_driver__rosidl_typesupport_fastrtps_cpp
[5.335s] [ 57%] Built target septentrio_gnss_driver__rosidl_typesupport_c
[5.335s] [ 68%] Built target septentrio_gnss_driver__rosidl_typesupport_introspection_c
[5.336s] [ 79%] Built target septentrio_gnss_driver__rosidl_typesupport_fastrtps_c
[5.336s] [ 79%] Built target septentrio_gnss_driver
[5.336s] [ 80%] Built target septentrio_gnss_driver__py
[5.336s] [ 90%] Built target septentrio_gnss_driver__python
[5.336s] [ 90%] Built target septentrio_gnss_driver__rosidl_typesupport_c__pyext
[5.337s] [ 91%] Built target septentrio_gnss_driver__rosidl_typesupport_fastrtps_c__pyext
[5.337s] [ 92%] Built target septentrio_gnss_driver__rosidl_typesupport_introspection_c__pyext
[5.337s] [ 97%] Built target septentrio_gnss_driver_core
[5.337s] [ 98%] Built target test_string_utilities
[5.338s] [ 99%] Built target test_parsing_utilities
[5.338s] [100%] Built target septentrio_gnss_driver_node
[5.393s] Invoked command in '/home/openark/ros2_ws/build/septentrio_gnss_driver' returned '0': CMAKE_PREFIX_PATH=${CMAKE_PREFIX_PATH}:/home/openark/ros2_ws/install/examples_rclpy_minimal_subscriber:/home/openark/ros2_ws/install/examples_rclpy_minimal_service:/home/openark/ros2_ws/install/examples_rclpy_minimal_publisher:/home/openark/ros2_ws/install/examples_rclpy_minimal_client:/home/openark/ros2_ws/install/examples_rclpy_minimal_action_server:/home/openark/ros2_ws/install/examples_rclpy_minimal_action_client:/home/openark/ros2_ws/install/examples_rclpy_executors:/home/openark/ros2_ws/src/install/examples_rclpy_minimal_subscriber:/home/openark/ros2_ws/src/install/examples_rclpy_minimal_service:/home/openark/ros2_ws/src/install/examples_rclpy_minimal_publisher:/home/openark/ros2_ws/src/install/examples_rclpy_minimal_client:/home/openark/ros2_ws/src/install/examples_rclpy_minimal_action_server:/home/openark/ros2_ws/src/install/examples_rclpy_minimal_action_client:/home/openark/ros2_ws/src/install/examples_rclpy_executors:/opt/ros/foxy /usr/bin/cmake --build /home/openark/ros2_ws/build/septentrio_gnss_driver -- -j12 -l12
[8.319s] Invoking command in '/home/openark/ros2_ws/build/septentrio_gnss_driver': CMAKE_PREFIX_PATH=${CMAKE_PREFIX_PATH}:/home/openark/ros2_ws/install/examples_rclpy_minimal_subscriber:/home/openark/ros2_ws/install/examples_rclpy_minimal_service:/home/openark/ros2_ws/install/examples_rclpy_minimal_publisher:/home/openark/ros2_ws/install/examples_rclpy_minimal_client:/home/openark/ros2_ws/install/examples_rclpy_minimal_action_server:/home/openark/ros2_ws/install/examples_rclpy_minimal_action_client:/home/openark/ros2_ws/install/examples_rclpy_executors:/home/openark/ros2_ws/src/install/examples_rclpy_minimal_subscriber:/home/openark/ros2_ws/src/install/examples_rclpy_minimal_service:/home/openark/ros2_ws/src/install/examples_rclpy_minimal_publisher:/home/openark/ros2_ws/src/install/examples_rclpy_minimal_client:/home/openark/ros2_ws/src/install/examples_rclpy_minimal_action_server:/home/openark/ros2_ws/src/install/examples_rclpy_minimal_action_client:/home/openark/ros2_ws/src/install/examples_rclpy_executors:/opt/ros/foxy /usr/bin/cmake --install /home/openark/ros2_ws/build/septentrio_gnss_driver
[8.334s] -- Install configuration: "Release"
[8.335s] -- Up-to-date: /home/openark/ros2_ws/install/septentrio_gnss_driver/include/septentrio_gnss_driver
[8.336s] -- Up-to-date: /home/openark/ros2_ws/install/septentrio_gnss_driver/include/septentrio_gnss_driver/msg
[8.337s] -- Up-to-date: /home/openark/ros2_ws/install/septentrio_gnss_driver/include/septentrio_gnss_driver/msg/detail
[8.338s] -- Up-to-date: /home/openark/ros2_ws/install/septentrio_gnss_driver/include/septentrio_gnss_driver/msg/detail/vel_sensor_setup__functions.c
[8.339s] -- Up-to-date: /home/openark/ros2_ws/install/septentrio_gnss_driver/include/septentrio_gnss_driver/msg/detail/meas_epoch_channel_type2__functions.c
[8.340s] -- Up-to-date: /home/openark/ros2_ws/install/septentrio_gnss_driver/include/septentrio_gnss_driver/msg/detail/pvt_geodetic__functions.c
[8.341s] -- Up-to-date: /home/openark/ros2_ws/install/septentrio_gnss_driver/include/septentrio_gnss_driver/msg/detail/aim_plus_status__functions.c
[8.341s] -- Up-to-date: /home/openark/ros2_ws/install/septentrio_gnss_driver/include/septentrio_gnss_driver/msg/detail/gal_auth_status__functions.c
[8.341s] -- Up-to-date: /home/openark/ros2_ws/install/septentrio_gnss_driver/include/septentrio_gnss_driver/msg/detail/receiver_time__functions.c
[8.341s] -- Up-to-date: /home/openark/ros2_ws/install/septentrio_gnss_driver/include/septentrio_gnss_driver/msg/detail/att_cov_euler__functions.c
[8.342s] -- Up-to-date: /home/openark/ros2_ws/install/septentrio_gnss_driver/include/septentrio_gnss_driver/msg/detail/vel_cov_cartesian__functions.c
[8.343s] -- Up-to-date: /home/openark/ros2_ws/install/septentrio_gnss_driver/include/septentrio_gnss_driver/msg/detail/pos_cov_geodetic__functions.c
[8.344s] -- Up-to-date: /home/openark/ros2_ws/install/septentrio_gnss_driver/include/septentrio_gnss_driver/msg/detail/vel_cov_geodetic__functions.c
[8.345s] -- Up-to-date: /home/openark/ros2_ws/install/septentrio_gnss_driver/include/septentrio_gnss_driver/msg/detail/base_vector_cart__functions.c
[8.345s] -- Up-to-date: /home/openark/ros2_ws/install/septentrio_gnss_driver/include/septentrio_gnss_driver/msg/detail/block_header__functions.c
[8.346s] -- Up-to-date: /home/openark/ros2_ws/install/septentrio_gnss_driver/include/septentrio_gnss_driver/msg/detail/ins_nav_geod__functions.c
[8.346s] -- Up-to-date: /home/openark/ros2_ws/install/septentrio_gnss_driver/include/septentrio_gnss_driver/msg/detail/imu_setup__functions.c
[8.347s] -- Up-to-date: /home/openark/ros2_ws/install/septentrio_gnss_driver/include/septentrio_gnss_driver/msg/detail/rf_band__functions.c
[8.347s] -- Up-to-date: /home/openark/ros2_ws/install/septentrio_gnss_driver/include/septentrio_gnss_driver/msg/detail/base_vector_geod__functions.c
[8.348s] -- Up-to-date: /home/openark/ros2_ws/install/septentrio_gnss_driver/include/septentrio_gnss_driver/msg/detail/rf_status__functions.c
[8.348s] -- Up-to-date: /home/openark/ros2_ws/install/septentrio_gnss_driver/include/septentrio_gnss_driver/msg/detail/ext_sensor_meas__functions.c
[8.349s] -- Up-to-date: /home/openark/ros2_ws/install/septentrio_gnss_driver/include/septentrio_gnss_driver/msg/detail/att_euler__functions.c
[8.350s] -- Up-to-date: /home/openark/ros2_ws/install/septentrio_gnss_driver/include/septentrio_gnss_driver/msg/detail/pos_cov_cartesian__functions.c
[8.351s] -- Up-to-date: /home/openark/ros2_ws/install/septentrio_gnss_driver/include/septentrio_gnss_driver/msg/detail/vector_info_geod__functions.c
[8.351s] -- Up-to-date: /home/openark/ros2_ws/install/septentrio_gnss_driver/include/septentrio_gnss_driver/msg/detail/pvt_cartesian__functions.c
[8.351s] -- Up-to-date: /home/openark/ros2_ws/install/septentrio_gnss_driver/include/septentrio_gnss_driver/msg/detail/meas_epoch_channel_type1__functions.c
[8.352s] -- Up-to-date: /home/openark/ros2_ws/install/septentrio_gnss_driver/include/septentrio_gnss_driver/msg/detail/ins_nav_cart__functions.c
[8.352s] -- Up-to-date: /home/openark/ros2_ws/install/septentrio_gnss_driver/include/septentrio_gnss_driver/msg/detail/meas_epoch__functions.c
[8.352s] -- Up-to-date: /home/openark/ros2_ws/install/septentrio_gnss_driver/include/septentrio_gnss_driver/msg/detail/vector_info_cart__functions.c
[8.352s] -- Up-to-date: /home/openark/ros2_ws/install/septentrio_gnss_driver/lib/libseptentrio_gnss_driver__rosidl_generator_c.so
[8.353s] -- Up-to-date: /home/openark/ros2_ws/install/septentrio_gnss_driver/include/septentrio_gnss_driver
[8.354s] -- Up-to-date: /home/openark/ros2_ws/install/septentrio_gnss_driver/include/septentrio_gnss_driver/msg
[8.355s] -- Up-to-date: /home/openark/ros2_ws/install/septentrio_gnss_driver/include/septentrio_gnss_driver/msg/detail
[8.355s] -- Up-to-date: /home/openark/ros2_ws/install/septentrio_gnss_driver/include/septentrio_gnss_driver
[8.356s] -- Up-to-date: /home/openark/ros2_ws/install/septentrio_gnss_driver/include/septentrio_gnss_driver/msg
[8.356s] -- Up-to-date: /home/openark/ros2_ws/install/septentrio_gnss_driver/include/septentrio_gnss_driver/msg/detail
[8.358s] -- Up-to-date: /home/openark/ros2_ws/install/septentrio_gnss_driver/include/septentrio_gnss_driver/msg/detail/dds_fastrtps
[8.359s] -- Up-to-date: /home/openark/ros2_ws/install/septentrio_gnss_driver/include/septentrio_gnss_driver
[8.359s] -- Up-to-date: /home/openark/ros2_ws/install/septentrio_gnss_driver/include/septentrio_gnss_driver/msg
[8.360s] -- Up-to-date: /home/openark/ros2_ws/install/septentrio_gnss_driver/include/septentrio_gnss_driver/msg/detail
[8.360s] -- Up-to-date: /home/openark/ros2_ws/install/septentrio_gnss_driver/include/septentrio_gnss_driver/msg/detail/imu_setup__type_support.c
[8.361s] -- Up-to-date: /home/openark/ros2_ws/install/septentrio_gnss_driver/include/septentrio_gnss_driver/msg/detail/base_vector_cart__type_support.c
[8.363s] -- Up-to-date: /home/openark/ros2_ws/install/septentrio_gnss_driver/include/septentrio_gnss_driver/msg/detail/rf_status__type_support.c
[8.363s] -- Up-to-date: /home/openark/ros2_ws/install/septentrio_gnss_driver/include/septentrio_gnss_driver/msg/detail/meas_epoch__type_support.c
[8.364s] -- Up-to-date: /home/openark/ros2_ws/install/septentrio_gnss_driver/include/septentrio_gnss_driver/msg/detail/block_header__type_support.c
[8.365s] -- Up-to-date: /home/openark/ros2_ws/install/septentrio_gnss_driver/include/septentrio_gnss_driver/msg/detail/base_vector_geod__type_support.c
[8.366s] -- Up-to-date: /home/openark/ros2_ws/install/septentrio_gnss_driver/include/septentrio_gnss_driver/msg/detail/pvt_cartesian__type_support.c
[8.366s] -- Up-to-date: /home/openark/ros2_ws/install/septentrio_gnss_driver/include/septentrio_gnss_driver/msg/detail/pvt_geodetic__type_support.c
[8.366s] -- Up-to-date: /home/openark/ros2_ws/install/septentrio_gnss_driver/include/septentrio_gnss_driver/msg/detail/pos_cov_geodetic__type_support.c
[8.367s] -- Up-to-date: /home/openark/ros2_ws/install/septentrio_gnss_driver/include/septentrio_gnss_driver/msg/detail/receiver_time__type_support.c
[8.368s] -- Up-to-date: /home/openark/ros2_ws/install/septentrio_gnss_driver/include/septentrio_gnss_driver/msg/detail/ins_nav_cart__type_support.c
[8.368s] -- Up-to-date: /home/openark/ros2_ws/install/septentrio_gnss_driver/include/septentrio_gnss_driver/msg/detail/meas_epoch_channel_type1__type_support.c
[8.369s] -- Up-to-date: /home/openark/ros2_ws/install/septentrio_gnss_driver/include/septentrio_gnss_driver/msg/detail/rf_band__type_support.c
[8.371s] -- Up-to-date: /home/openark/ros2_ws/install/septentrio_gnss_driver/include/septentrio_gnss_driver/msg/detail/pos_cov_cartesian__type_support.c
[8.372s] -- Up-to-date: /home/openark/ros2_ws/install/septentrio_gnss_driver/include/septentrio_gnss_driver/msg/detail/ext_sensor_meas__type_support.c
[8.373s] -- Up-to-date: /home/openark/ros2_ws/install/septentrio_gnss_driver/include/septentrio_gnss_driver/msg/detail/vel_cov_geodetic__type_support.c
[8.373s] -- Up-to-date: /home/openark/ros2_ws/install/septentrio_gnss_driver/include/septentrio_gnss_driver/msg/detail/aim_plus_status__type_support.c
[8.374s] -- Up-to-date: /home/openark/ros2_ws/install/septentrio_gnss_driver/include/septentrio_gnss_driver/msg/detail/att_euler__type_support.c
[8.374s] -- Up-to-date: /home/openark/ros2_ws/install/septentrio_gnss_driver/include/septentrio_gnss_driver/msg/detail/vel_cov_cartesian__type_support.c
[8.376s] -- Up-to-date: /home/openark/ros2_ws/install/septentrio_gnss_driver/include/septentrio_gnss_driver/msg/detail/vel_sensor_setup__type_support.c
[8.376s] -- Up-to-date: /home/openark/ros2_ws/install/septentrio_gnss_driver/include/septentrio_gnss_driver/msg/detail/meas_epoch_channel_type2__type_support.c
[8.377s] -- Up-to-date: /home/openark/ros2_ws/install/septentrio_gnss_driver/include/septentrio_gnss_driver/msg/detail/vector_info_geod__type_support.c
[8.377s] -- Up-to-date: /home/openark/ros2_ws/install/septentrio_gnss_driver/include/septentrio_gnss_driver/msg/detail/gal_auth_status__type_support.c
[8.378s] -- Up-to-date: /home/openark/ros2_ws/install/septentrio_gnss_driver/include/septentrio_gnss_driver/msg/detail/ins_nav_geod__type_support.c
[8.378s] -- Up-to-date: /home/openark/ros2_ws/install/septentrio_gnss_driver/include/septentrio_gnss_driver/msg/detail/vector_info_cart__type_support.c
[8.379s] -- Up-to-date: /home/openark/ros2_ws/install/septentrio_gnss_driver/include/septentrio_gnss_driver/msg/detail/att_cov_euler__type_support.c
[8.379s] -- Up-to-date: /home/openark/ros2_ws/install/septentrio_gnss_driver/lib/libseptentrio_gnss_driver__rosidl_typesupport_introspection_c.so
[8.381s] -- Up-to-date: /home/openark/ros2_ws/install/septentrio_gnss_driver/lib/libseptentrio_gnss_driver__rosidl_typesupport_c.so
[8.382s] -- Up-to-date: /home/openark/ros2_ws/install/septentrio_gnss_driver/include/septentrio_gnss_driver
[8.383s] -- Up-to-date: /home/openark/ros2_ws/install/septentrio_gnss_driver/include/septentrio_gnss_driver/msg
[8.383s] -- Up-to-date: /home/openark/ros2_ws/install/septentrio_gnss_driver/include/septentrio_gnss_driver/msg/detail
[8.386s] -- Up-to-date: /home/openark/ros2_ws/install/septentrio_gnss_driver/include/septentrio_gnss_driver
[8.387s] -- Up-to-date: /home/openark/ros2_ws/install/septentrio_gnss_driver/include/septentrio_gnss_driver/msg
[8.389s] -- Up-to-date: /home/openark/ros2_ws/install/septentrio_gnss_driver/include/septentrio_gnss_driver/msg/detail
[8.390s] -- Up-to-date: /home/openark/ros2_ws/install/septentrio_gnss_driver/include/septentrio_gnss_driver/msg/detail/pvt_cartesian__type_support.cpp
[8.390s] -- Up-to-date: /home/openark/ros2_ws/install/septentrio_gnss_driver/include/septentrio_gnss_driver/msg/detail/vel_cov_geodetic__type_support.cpp
[8.391s] -- Up-to-date: /home/openark/ros2_ws/install/septentrio_gnss_driver/include/septentrio_gnss_driver/msg/detail/meas_epoch_channel_type1__type_support.cpp
[8.391s] -- Up-to-date: /home/openark/ros2_ws/install/septentrio_gnss_driver/include/septentrio_gnss_driver/msg/detail/rf_band__type_support.cpp
[8.392s] -- Up-to-date: /home/openark/ros2_ws/install/septentrio_gnss_driver/include/septentrio_gnss_driver/msg/detail/imu_setup__type_support.cpp
[8.393s] -- Up-to-date: /home/openark/ros2_ws/install/septentrio_gnss_driver/include/septentrio_gnss_driver/msg/detail/meas_epoch__type_support.cpp
[8.394s] -- Up-to-date: /home/openark/ros2_ws/install/septentrio_gnss_driver/include/septentrio_gnss_driver/msg/detail/base_vector_geod__type_support.cpp
[8.396s] -- Up-to-date: /home/openark/ros2_ws/install/septentrio_gnss_driver/include/septentrio_gnss_driver/msg/detail/ext_sensor_meas__type_support.cpp
[8.397s] -- Up-to-date: /home/openark/ros2_ws/install/septentrio_gnss_driver/include/septentrio_gnss_driver/msg/detail/receiver_time__type_support.cpp
[8.397s] -- Up-to-date: /home/openark/ros2_ws/install/septentrio_gnss_driver/include/septentrio_gnss_driver/msg/detail/vel_cov_cartesian__type_support.cpp
[8.397s] -- Up-to-date: /home/openark/ros2_ws/install/septentrio_gnss_driver/include/septentrio_gnss_driver/msg/detail/ins_nav_cart__type_support.cpp
[8.397s] -- Up-to-date: /home/openark/ros2_ws/install/septentrio_gnss_driver/include/septentrio_gnss_driver/msg/detail/ins_nav_geod__type_support.cpp
[8.398s] -- Up-to-date: /home/openark/ros2_ws/install/septentrio_gnss_driver/include/septentrio_gnss_driver/msg/detail/meas_epoch_channel_type2__type_support.cpp
[8.399s] -- Up-to-date: /home/openark/ros2_ws/install/septentrio_gnss_driver/include/septentrio_gnss_driver/msg/detail/att_cov_euler__type_support.cpp
[8.399s] -- Up-to-date: /home/openark/ros2_ws/install/septentrio_gnss_driver/include/septentrio_gnss_driver/msg/detail/gal_auth_status__type_support.cpp
[8.400s] -- Up-to-date: /home/openark/ros2_ws/install/septentrio_gnss_driver/include/septentrio_gnss_driver/msg/detail/vel_sensor_setup__type_support.cpp
[8.401s] -- Up-to-date: /home/openark/ros2_ws/install/septentrio_gnss_driver/include/septentrio_gnss_driver/msg/detail/aim_plus_status__type_support.cpp
[8.402s] -- Up-to-date: /home/openark/ros2_ws/install/septentrio_gnss_driver/include/septentrio_gnss_driver/msg/detail/base_vector_cart__type_support.cpp
[8.402s] -- Up-to-date: /home/openark/ros2_ws/install/septentrio_gnss_driver/include/septentrio_gnss_driver/msg/detail/block_header__type_support.cpp
[8.402s] -- Up-to-date: /home/openark/ros2_ws/install/septentrio_gnss_driver/include/septentrio_gnss_driver/msg/detail/pos_cov_geodetic__type_support.cpp
[8.402s] -- Up-to-date: /home/openark/ros2_ws/install/septentrio_gnss_driver/include/septentrio_gnss_driver/msg/detail/vector_info_geod__type_support.cpp
[8.403s] -- Up-to-date: /home/openark/ros2_ws/install/septentrio_gnss_driver/include/septentrio_gnss_driver/msg/detail/pos_cov_cartesian__type_support.cpp
[8.403s] -- Up-to-date: /home/openark/ros2_ws/install/septentrio_gnss_driver/include/septentrio_gnss_driver/msg/detail/pvt_geodetic__type_support.cpp
[8.403s] -- Up-to-date: /home/openark/ros2_ws/install/septentrio_gnss_driver/include/septentrio_gnss_driver/msg/detail/vector_info_cart__type_support.cpp
[8.403s] -- Up-to-date: /home/openark/ros2_ws/install/septentrio_gnss_driver/include/septentrio_gnss_driver/msg/detail/rf_status__type_support.cpp
[8.403s] -- Up-to-date: /home/openark/ros2_ws/install/septentrio_gnss_driver/include/septentrio_gnss_driver/msg/detail/att_euler__type_support.cpp
[8.404s] -- Up-to-date: /home/openark/ros2_ws/install/septentrio_gnss_driver/lib/libseptentrio_gnss_driver__rosidl_typesupport_introspection_cpp.so
[8.404s] -- Up-to-date: /home/openark/ros2_ws/install/septentrio_gnss_driver/lib/libseptentrio_gnss_driver__rosidl_typesupport_cpp.so
[8.442s] -- Up-to-date: /home/openark/ros2_ws/install/septentrio_gnss_driver/lib/python3.8/site-packages/septentrio_gnss_driver/msg
[8.444s] -- Up-to-date: /home/openark/ros2_ws/install/septentrio_gnss_driver/lib/python3.8/site-packages/septentrio_gnss_driver/msg/_ins_nav_cart_s.c
[8.446s] -- Up-to-date: /home/openark/ros2_ws/install/septentrio_gnss_driver/lib/python3.8/site-packages/septentrio_gnss_driver/msg/_vel_sensor_setup_s.c
[8.447s] -- Up-to-date: /home/openark/ros2_ws/install/septentrio_gnss_driver/lib/python3.8/site-packages/septentrio_gnss_driver/msg/_att_euler_s.c
[8.448s] -- Up-to-date: /home/openark/ros2_ws/install/septentrio_gnss_driver/lib/python3.8/site-packages/septentrio_gnss_driver/msg/_ext_sensor_meas_s.c
[8.450s] -- Up-to-date: /home/openark/ros2_ws/install/septentrio_gnss_driver/lib/python3.8/site-packages/septentrio_gnss_driver/msg/_pvt_cartesian_s.c
[8.450s] -- Up-to-date: /home/openark/ros2_ws/install/septentrio_gnss_driver/lib/python3.8/site-packages/septentrio_gnss_driver/msg/_vel_cov_cartesian_s.c
[8.451s] -- Up-to-date: /home/openark/ros2_ws/install/septentrio_gnss_driver/lib/python3.8/site-packages/septentrio_gnss_driver/msg/_pvt_geodetic_s.c
[8.453s] -- Up-to-date: /home/openark/ros2_ws/install/septentrio_gnss_driver/lib/python3.8/site-packages/septentrio_gnss_driver/msg/_ins_nav_geod_s.c
[8.456s] -- Up-to-date: /home/openark/ros2_ws/install/septentrio_gnss_driver/lib/python3.8/site-packages/septentrio_gnss_driver/msg/_pos_cov_geodetic_s.c
[8.457s] -- Up-to-date: /home/openark/ros2_ws/install/septentrio_gnss_driver/lib/python3.8/site-packages/septentrio_gnss_driver/msg/_rf_band_s.c
[8.457s] -- Up-to-date: /home/openark/ros2_ws/install/septentrio_gnss_driver/lib/python3.8/site-packages/septentrio_gnss_driver/msg/_meas_epoch_s.c
[8.459s] -- Up-to-date: /home/openark/ros2_ws/install/septentrio_gnss_driver/lib/python3.8/site-packages/septentrio_gnss_driver/msg/_rf_status_s.c
[8.460s] -- Up-to-date: /home/openark/ros2_ws/install/septentrio_gnss_driver/lib/python3.8/site-packages/septentrio_gnss_driver/msg/_base_vector_geod_s.c
[8.460s] -- Up-to-date: /home/openark/ros2_ws/install/septentrio_gnss_driver/lib/python3.8/site-packages/septentrio_gnss_driver/msg/_aim_plus_status_s.c
[8.461s] -- Up-to-date: /home/openark/ros2_ws/install/septentrio_gnss_driver/lib/python3.8/site-packages/septentrio_gnss_driver/msg/_imu_setup_s.c
[8.461s] -- Up-to-date: /home/openark/ros2_ws/install/septentrio_gnss_driver/lib/python3.8/site-packages/septentrio_gnss_driver/msg/_meas_epoch_channel_type2_s.c
[8.462s] -- Up-to-date: /home/openark/ros2_ws/install/septentrio_gnss_driver/lib/python3.8/site-packages/septentrio_gnss_driver/msg/_vel_cov_geodetic_s.c
[8.463s] -- Up-to-date: /home/openark/ros2_ws/install/septentrio_gnss_driver/lib/python3.8/site-packages/septentrio_gnss_driver/msg/_vector_info_cart_s.c
[8.463s] -- Up-to-date: /home/openark/ros2_ws/install/septentrio_gnss_driver/lib/python3.8/site-packages/septentrio_gnss_driver/msg/_base_vector_cart_s.c
[8.464s] -- Up-to-date: /home/openark/ros2_ws/install/septentrio_gnss_driver/lib/python3.8/site-packages/septentrio_gnss_driver/msg/_meas_epoch_channel_type1_s.c
[8.465s] -- Up-to-date: /home/openark/ros2_ws/install/septentrio_gnss_driver/lib/python3.8/site-packages/septentrio_gnss_driver/msg/_receiver_time_s.c
[8.466s] -- Up-to-date: /home/openark/ros2_ws/install/septentrio_gnss_driver/lib/python3.8/site-packages/septentrio_gnss_driver/msg/_block_header_s.c
[8.468s] -- Up-to-date: /home/openark/ros2_ws/install/septentrio_gnss_driver/lib/python3.8/site-packages/septentrio_gnss_driver/msg/_pos_cov_cartesian_s.c
[8.470s] -- Up-to-date: /home/openark/ros2_ws/install/septentrio_gnss_driver/lib/python3.8/site-packages/septentrio_gnss_driver/msg/_vector_info_geod_s.c
[8.473s] -- Up-to-date: /home/openark/ros2_ws/install/septentrio_gnss_driver/lib/python3.8/site-packages/septentrio_gnss_driver/msg/_att_cov_euler_s.c
[8.474s] -- Up-to-date: /home/openark/ros2_ws/install/septentrio_gnss_driver/lib/python3.8/site-packages/septentrio_gnss_driver/msg/_gal_auth_status_s.c
[8.474s] -- Up-to-date: /home/openark/ros2_ws/install/septentrio_gnss_driver/lib/libseptentrio_gnss_driver_core.so
[8.474s] -- Up-to-date: /home/openark/ros2_ws/install/septentrio_gnss_driver/lib/septentrio_gnss_driver/septentrio_gnss_driver_node
[8.474s] -- Up-to-date: /home/openark/ros2_ws/install/septentrio_gnss_driver/include/
[8.475s] -- Up-to-date: /home/openark/ros2_ws/install/septentrio_gnss_driver/include//septentrio_gnss_driver
[8.475s] -- Up-to-date: /home/openark/ros2_ws/install/septentrio_gnss_driver/include//septentrio_gnss_driver/abstraction
[8.475s] -- Up-to-date: /home/openark/ros2_ws/install/septentrio_gnss_driver/include//septentrio_gnss_driver/communication
[8.475s] -- Up-to-date: /home/openark/ros2_ws/install/septentrio_gnss_driver/include//septentrio_gnss_driver/node
[8.476s] -- Up-to-date: /home/openark/ros2_ws/install/septentrio_gnss_driver/include//septentrio_gnss_driver/crc
[8.476s] -- Up-to-date: /home/openark/ros2_ws/install/septentrio_gnss_driver/include//septentrio_gnss_driver/parsers
[8.476s] -- Up-to-date: /home/openark/ros2_ws/install/septentrio_gnss_driver/include//septentrio_gnss_driver/parsers/nmea_parsers
[8.476s] -- Up-to-date: /home/openark/ros2_ws/install/septentrio_gnss_driver/include//septentrio_gnss_driver/plugin
[8.476s] -- Up-to-date: /home/openark/ros2_ws/install/septentrio_gnss_driver/share/septentrio_gnss_driver/launch
[8.476s] -- Up-to-date: /home/openark/ros2_ws/install/septentrio_gnss_driver/share/septentrio_gnss_driver/config
[8.476s] -- Installing: /home/openark/ros2_ws/install/septentrio_gnss_driver/share/septentrio_gnss_driver/config/rover.yaml
[8.477s] -- Up-to-date: /home/openark/ros2_ws/install/septentrio_gnss_driver/share/septentrio_gnss_driver/config/rover_node.yaml
[8.477s] -- Up-to-date: /home/openark/ros2_ws/install/septentrio_gnss_driver/share/septentrio_gnss_driver/config/ins.yaml
[8.477s] -- Up-to-date: /home/openark/ros2_ws/install/septentrio_gnss_driver/share/ament_index/resource_index/parent_prefix_path/septentrio_gnss_driver
[8.477s] -- Installing: /home/openark/ros2_ws/install/septentrio_gnss_driver/share/septentrio_gnss_driver/package.dsv
[8.477s] -- Up-to-date: /home/openark/ros2_ws/install/septentrio_gnss_driver/share/septentrio_gnss_driver/cmake/septentrio_gnss_driver__rosidl_generator_cExport.cmake
[8.478s] -- Up-to-date: /home/openark/ros2_ws/install/septentrio_gnss_driver/share/septentrio_gnss_driver/cmake/septentrio_gnss_driver__rosidl_generator_cExport-release.cmake
[8.478s] -- Up-to-date: /home/openark/ros2_ws/install/septentrio_gnss_driver/share/septentrio_gnss_driver/cmake/septentrio_gnss_driver__rosidl_typesupport_introspection_cExport.cmake
[8.478s] -- Up-to-date: /home/openark/ros2_ws/install/septentrio_gnss_driver/share/septentrio_gnss_driver/cmake/septentrio_gnss_driver__rosidl_typesupport_introspection_cExport-release.cmake
[8.479s] -- Up-to-date: /home/openark/ros2_ws/install/septentrio_gnss_driver/share/septentrio_gnss_driver/cmake/septentrio_gnss_driver__rosidl_typesupport_cExport.cmake
[8.479s] -- Up-to-date: /home/openark/ros2_ws/install/septentrio_gnss_driver/share/septentrio_gnss_driver/cmake/septentrio_gnss_driver__rosidl_typesupport_cExport-release.cmake
[8.480s] -- Up-to-date: /home/openark/ros2_ws/install/septentrio_gnss_driver/share/septentrio_gnss_driver/cmake/septentrio_gnss_driver__rosidl_generator_cppExport.cmake
[8.480s] -- Up-to-date: /home/openark/ros2_ws/install/septentrio_gnss_driver/share/septentrio_gnss_driver/cmake/septentrio_gnss_driver__rosidl_typesupport_introspection_cppExport.cmake
[8.480s] -- Up-to-date: /home/openark/ros2_ws/install/septentrio_gnss_driver/share/septentrio_gnss_driver/cmake/septentrio_gnss_driver__rosidl_typesupport_introspection_cppExport-release.cmake
[8.481s] -- Up-to-date: /home/openark/ros2_ws/install/septentrio_gnss_driver/share/septentrio_gnss_driver/cmake/septentrio_gnss_driver__rosidl_typesupport_cppExport.cmake
[8.482s] -- Up-to-date: /home/openark/ros2_ws/install/septentrio_gnss_driver/share/septentrio_gnss_driver/cmake/septentrio_gnss_driver__rosidl_typesupport_cppExport-release.cmake
[8.482s] -- Up-to-date: /home/openark/ros2_ws/install/septentrio_gnss_driver/share/septentrio_gnss_driver/cmake/septentrio_gnss_driver_coreExport.cmake
[8.482s] -- Up-to-date: /home/openark/ros2_ws/install/septentrio_gnss_driver/share/septentrio_gnss_driver/cmake/septentrio_gnss_driver_coreExport-release.cmake
[10.755s] Invoked command in '/home/openark/ros2_ws/build/septentrio_gnss_driver' returned '0': CMAKE_PREFIX_PATH=${CMAKE_PREFIX_PATH}:/home/openark/ros2_ws/install/examples_rclpy_minimal_subscriber:/home/openark/ros2_ws/install/examples_rclpy_minimal_service:/home/openark/ros2_ws/install/examples_rclpy_minimal_publisher:/home/openark/ros2_ws/install/examples_rclpy_minimal_client:/home/openark/ros2_ws/install/examples_rclpy_minimal_action_server:/home/openark/ros2_ws/install/examples_rclpy_minimal_action_client:/home/openark/ros2_ws/install/examples_rclpy_executors:/home/openark/ros2_ws/src/install/examples_rclpy_minimal_subscriber:/home/openark/ros2_ws/src/install/examples_rclpy_minimal_service:/home/openark/ros2_ws/src/install/examples_rclpy_minimal_publisher:/home/openark/ros2_ws/src/install/examples_rclpy_minimal_client:/home/openark/ros2_ws/src/install/examples_rclpy_minimal_action_server:/home/openark/ros2_ws/src/install/examples_rclpy_minimal_action_client:/home/openark/ros2_ws/src/install/examples_rclpy_executors:/opt/ros/foxy /usr/bin/cmake --install /home/openark/ros2_ws/build/septentrio_gnss_driver
