[6.188s] Invoking command in '/home/openark/ros2_ws/src/examples/rclpy/actions/minimal_action_server': PYTHONPATH=/home/openark/ros2_ws/build/examples_rclpy_minimal_action_server/prefix_override:/home/openark/ros2_ws/install/examples_rclpy_minimal_action_server/lib/python3.8/site-packages:${PYTHONPATH} /usr/bin/python3 setup.py egg_info --egg-base ../../../../../build/examples_rclpy_minimal_action_server build --build-base /home/openark/ros2_ws/build/examples_rclpy_minimal_action_server/build install --record /home/openark/ros2_ws/build/examples_rclpy_minimal_action_server/install.log --install-scripts $base/lib/examples_rclpy_minimal_action_server --single-version-externally-managed
[6.555s] running egg_info
[6.556s] writing ../../../../../build/examples_rclpy_minimal_action_server/examples_rclpy_minimal_action_server.egg-info/PKG-INFO
[6.557s] writing dependency_links to ../../../../../build/examples_rclpy_minimal_action_server/examples_rclpy_minimal_action_server.egg-info/dependency_links.txt
[6.557s] writing entry points to ../../../../../build/examples_rclpy_minimal_action_server/examples_rclpy_minimal_action_server.egg-info/entry_points.txt
[6.558s] writing requirements to ../../../../../build/examples_rclpy_minimal_action_server/examples_rclpy_minimal_action_server.egg-info/requires.txt
[6.559s] writing top-level names to ../../../../../build/examples_rclpy_minimal_action_server/examples_rclpy_minimal_action_server.egg-info/top_level.txt
[6.619s] reading manifest file '../../../../../build/examples_rclpy_minimal_action_server/examples_rclpy_minimal_action_server.egg-info/SOURCES.txt'
[6.621s] writing manifest file '../../../../../build/examples_rclpy_minimal_action_server/examples_rclpy_minimal_action_server.egg-info/SOURCES.txt'
[6.621s] running build
[6.622s] running build_py
[6.623s] running install
[6.624s] running install_lib
[6.626s] running install_data
[6.627s] running install_egg_info
[6.630s] removing '/home/openark/ros2_ws/install/examples_rclpy_minimal_action_server/lib/python3.8/site-packages/examples_rclpy_minimal_action_server-0.9.4-py3.8.egg-info' (and everything under it)
[6.632s] Copying ../../../../../build/examples_rclpy_minimal_action_server/examples_rclpy_minimal_action_server.egg-info to /home/openark/ros2_ws/install/examples_rclpy_minimal_action_server/lib/python3.8/site-packages/examples_rclpy_minimal_action_server-0.9.4-py3.8.egg-info
[6.633s] running install_scripts
[6.668s] Installing server script to /home/openark/ros2_ws/install/examples_rclpy_minimal_action_server/lib/examples_rclpy_minimal_action_server
[6.669s] Installing server_defer script to /home/openark/ros2_ws/install/examples_rclpy_minimal_action_server/lib/examples_rclpy_minimal_action_server
[6.670s] Installing server_not_composable script to /home/openark/ros2_ws/install/examples_rclpy_minimal_action_server/lib/examples_rclpy_minimal_action_server
[6.671s] Installing server_queue_goals script to /home/openark/ros2_ws/install/examples_rclpy_minimal_action_server/lib/examples_rclpy_minimal_action_server
[6.672s] Installing server_single_goal script to /home/openark/ros2_ws/install/examples_rclpy_minimal_action_server/lib/examples_rclpy_minimal_action_server
[6.674s] writing list of installed files to '/home/openark/ros2_ws/build/examples_rclpy_minimal_action_server/install.log'
[7.062s] Invoked command in '/home/openark/ros2_ws/src/examples/rclpy/actions/minimal_action_server' returned '0': PYTHONPATH=/home/openark/ros2_ws/build/examples_rclpy_minimal_action_server/prefix_override:/home/openark/ros2_ws/install/examples_rclpy_minimal_action_server/lib/python3.8/site-packages:${PYTHONPATH} /usr/bin/python3 setup.py egg_info --egg-base ../../../../../build/examples_rclpy_minimal_action_server build --build-base /home/openark/ros2_ws/build/examples_rclpy_minimal_action_server/build install --record /home/openark/ros2_ws/build/examples_rclpy_minimal_action_server/install.log --install-scripts $base/lib/examples_rclpy_minimal_action_server --single-version-externally-managed
