[0.180s] Invoking command in '/home/openark/ros2_ws/build/zed_rgb_convert': CMAKE_PREFIX_PATH=/home/openark/ros2_ws/install/zed_components:/home/openark/ros2_ws/install/zed_interfaces:/home/openark/ros2_ws/install/zed_ros2:/home/openark/ros2_ws/install/zed_wrapper:/home/openark/ros2_ws/install/examples_rclcpp_multithreaded_executor:/home/openark/ros2_ws/install/examples_rclcpp_minimal_timer:/home/openark/ros2_ws/install/examples_rclcpp_minimal_subscriber:/home/openark/ros2_ws/install/examples_rclcpp_minimal_service:/home/openark/ros2_ws/install/examples_rclcpp_minimal_publisher:/home/openark/ros2_ws/install/examples_rclcpp_minimal_composition:/home/openark/ros2_ws/install/examples_rclcpp_minimal_client:/home/openark/ros2_ws/install/examples_rclcpp_minimal_action_server:/home/openark/ros2_ws/install/examples_rclcpp_minimal_action_client:/home/openark/ros2_ws/install/examples_rclpy_minimal_subscriber:/home/openark/ros2_ws/install/examples_rclpy_minimal_service:/home/openark/ros2_ws/install/examples_rclpy_minimal_publisher:/home/openark/ros2_ws/install/examples_rclpy_minimal_client:/home/openark/ros2_ws/install/examples_rclpy_minimal_action_server:/home/openark/ros2_ws/install/examples_rclpy_minimal_action_client:/home/openark/ros2_ws/install/examples_rclpy_executors:/opt/ros/foxy /usr/bin/cmake /home/openark/ros2_ws/src/zed-ros2-examples/tutorials/zed_rgb_convert -DCMAKE_BUILD_TYPE=Release -DAMENT_CMAKE_SYMLINK_INSTALL=1 -DCMAKE_INSTALL_PREFIX=/home/openark/ros2_ws/install/zed_rgb_convert
[0.230s] -- The C compiler identification is GNU 9.4.0
[0.285s] -- The CXX compiler identification is GNU 9.4.0
[0.290s] -- Check for working C compiler: /usr/bin/cc
[0.358s] -- Check for working C compiler: /usr/bin/cc -- works
[0.359s] -- Detecting C compiler ABI info
[0.427s] -- Detecting C compiler ABI info - done
[0.437s] -- Detecting C compile features
[0.438s] -- Detecting C compile features - done
[0.440s] -- Check for working CXX compiler: /usr/bin/c++
[0.515s] -- Check for working CXX compiler: /usr/bin/c++ -- works
[0.516s] -- Detecting CXX compiler ABI info
[0.590s] -- Detecting CXX compiler ABI info - done
[0.601s] -- Detecting CXX compile features
[0.602s] -- Detecting CXX compile features - done
[0.617s] -- Found OpenCV: /usr (found version "4.2.0") 
[0.622s] -- Looking for sgemm_
[0.688s] -- Looking for sgemm_ - not found
[0.689s] -- Looking for pthread.h
[0.759s] -- Looking for pthread.h - found
[0.760s] -- Performing Test CMAKE_HAVE_LIBC_PTHREAD
[0.831s] -- Performing Test CMAKE_HAVE_LIBC_PTHREAD - Failed
[0.831s] -- Looking for pthread_create in pthreads
[0.887s] -- Looking for pthread_create in pthreads - not found
[0.887s] -- Looking for pthread_create in pthread
[0.954s] -- Looking for pthread_create in pthread - found
[0.954s] -- Found Threads: TRUE  
[0.978s] -- Looking for sgemm_
[1.076s] -- Looking for sgemm_ - found
[1.077s] -- Found BLAS: /usr/lib/x86_64-linux-gnu/libopenblas.so  
[1.090s] -- Found CUDA: /usr/local/cuda-12.2 (found suitable version "12.2", minimum required is "12") 
[1.228s] -- Found CUDA: /usr/local/cuda-12.2 (found version "12.2") 
[1.231s] -- Found ament_cmake_auto: 0.9.12 (/opt/ros/foxy/share/ament_cmake_auto/cmake)
[1.269s] -- Found PythonInterp: /usr/bin/python3 (found suitable version "3.8.10", minimum required is "3") 
[1.269s] -- Using PYTHON_EXECUTABLE: /usr/bin/python3
[1.446s] -- Override CMake install command with custom implementation using symlinks instead of copying resources
[1.597s] -- Using all available rosidl_typesupport_c: rosidl_typesupport_fastrtps_c;rosidl_typesupport_introspection_c
[1.608s] -- Found rosidl_adapter: 1.3.1 (/opt/ros/foxy/share/rosidl_adapter/cmake)
[1.695s] -- Found OpenSSL: /usr/lib/x86_64-linux-gnu/libcrypto.so (found version "1.1.1f")  
[1.722s] -- Found FastRTPS: /opt/ros/foxy/include  
[1.811s] -- Using all available rosidl_typesupport_cpp: rosidl_typesupport_fastrtps_cpp;rosidl_typesupport_introspection_cpp
[1.883s] -- Found rmw_implementation_cmake: 1.0.4 (/opt/ros/foxy/share/rmw_implementation_cmake/cmake)
[1.884s] -- Using RMW implementation 'rmw_fastrtps_cpp' as default
[2.664s] -- Found eigen3_cmake_module: 0.1.1 (/opt/ros/foxy/share/eigen3_cmake_module/cmake)
[2.669s] -- Found Eigen3: TRUE (found version "3.3.7") 
[3.927s] -- Found ament_lint_auto: 0.9.8 (/opt/ros/foxy/share/ament_lint_auto/cmake)
[4.371s] -- Added test 'copyright' to check source files copyright and LICENSE
[4.372s] -- Added test 'cppcheck' to perform static code analysis on C / C++ code
[4.373s] -- Configured cppcheck include dirs: /home/openark/ros2_ws/src/zed-ros2-examples/tutorials/zed_rgb_convert/src/include;/home/openark/ros2_ws/src/zed-ros2-examples/tutorials/zed_rgb_convert/src/component/include
[4.374s] -- Configured cppcheck exclude dirs and/or files: 
[4.375s] -- Added test 'cpplint' to check C / C++ code against the Google style
[4.375s] -- Configured cpplint exclude dirs and/or files: 
[4.376s] -- Added test 'flake8' to check Python code syntax and style conventions
[4.377s] -- Added test 'lint_cmake' to check CMake code style
[4.379s] -- Added test 'pep257' to check Python code against some of the style conventions in PEP 257
[4.379s] -- Added test 'uncrustify' to check C / C++ code style
[4.380s] -- Configured uncrustify additional arguments: 
[4.380s] -- Added test 'xmllint' to check XML markup files
[4.390s] -- Configuring done
[4.471s] -- Generating done
[4.472s] -- Build files have been written to: /home/openark/ros2_ws/build/zed_rgb_convert
[4.641s] Invoked command in '/home/openark/ros2_ws/build/zed_rgb_convert' returned '0': CMAKE_PREFIX_PATH=/home/openark/ros2_ws/install/zed_components:/home/openark/ros2_ws/install/zed_interfaces:/home/openark/ros2_ws/install/zed_ros2:/home/openark/ros2_ws/install/zed_wrapper:/home/openark/ros2_ws/install/examples_rclcpp_multithreaded_executor:/home/openark/ros2_ws/install/examples_rclcpp_minimal_timer:/home/openark/ros2_ws/install/examples_rclcpp_minimal_subscriber:/home/openark/ros2_ws/install/examples_rclcpp_minimal_service:/home/openark/ros2_ws/install/examples_rclcpp_minimal_publisher:/home/openark/ros2_ws/install/examples_rclcpp_minimal_composition:/home/openark/ros2_ws/install/examples_rclcpp_minimal_client:/home/openark/ros2_ws/install/examples_rclcpp_minimal_action_server:/home/openark/ros2_ws/install/examples_rclcpp_minimal_action_client:/home/openark/ros2_ws/install/examples_rclpy_minimal_subscriber:/home/openark/ros2_ws/install/examples_rclpy_minimal_service:/home/openark/ros2_ws/install/examples_rclpy_minimal_publisher:/home/openark/ros2_ws/install/examples_rclpy_minimal_client:/home/openark/ros2_ws/install/examples_rclpy_minimal_action_server:/home/openark/ros2_ws/install/examples_rclpy_minimal_action_client:/home/openark/ros2_ws/install/examples_rclpy_executors:/opt/ros/foxy /usr/bin/cmake /home/openark/ros2_ws/src/zed-ros2-examples/tutorials/zed_rgb_convert -DCMAKE_BUILD_TYPE=Release -DAMENT_CMAKE_SYMLINK_INSTALL=1 -DCMAKE_INSTALL_PREFIX=/home/openark/ros2_ws/install/zed_rgb_convert
[4.644s] Invoking command in '/home/openark/ros2_ws/build/zed_rgb_convert': CMAKE_PREFIX_PATH=/home/openark/ros2_ws/install/zed_components:/home/openark/ros2_ws/install/zed_interfaces:/home/openark/ros2_ws/install/zed_ros2:/home/openark/ros2_ws/install/zed_wrapper:/home/openark/ros2_ws/install/examples_rclcpp_multithreaded_executor:/home/openark/ros2_ws/install/examples_rclcpp_minimal_timer:/home/openark/ros2_ws/install/examples_rclcpp_minimal_subscriber:/home/openark/ros2_ws/install/examples_rclcpp_minimal_service:/home/openark/ros2_ws/install/examples_rclcpp_minimal_publisher:/home/openark/ros2_ws/install/examples_rclcpp_minimal_composition:/home/openark/ros2_ws/install/examples_rclcpp_minimal_client:/home/openark/ros2_ws/install/examples_rclcpp_minimal_action_server:/home/openark/ros2_ws/install/examples_rclcpp_minimal_action_client:/home/openark/ros2_ws/install/examples_rclpy_minimal_subscriber:/home/openark/ros2_ws/install/examples_rclpy_minimal_service:/home/openark/ros2_ws/install/examples_rclpy_minimal_publisher:/home/openark/ros2_ws/install/examples_rclpy_minimal_client:/home/openark/ros2_ws/install/examples_rclpy_minimal_action_server:/home/openark/ros2_ws/install/examples_rclpy_minimal_action_client:/home/openark/ros2_ws/install/examples_rclpy_executors:/opt/ros/foxy /usr/bin/cmake --build /home/openark/ros2_ws/build/zed_rgb_convert -- -j12 -l12
[4.691s] [35m[1mScanning dependencies of target zed_rgb_convert_component[0m
[4.795s] [ 25%] [32mBuilding CXX object CMakeFiles/zed_rgb_convert_component.dir/src/component/src/zed_rgb_convert_component.cpp.o[0m
[9.439s] [ 50%] [32m[1mLinking CXX shared library libzed_rgb_convert_component.so[0m
[9.624s] [ 50%] Built target zed_rgb_convert_component
[9.634s] [35m[1mScanning dependencies of target zed_rgb_convert[0m
[9.709s] [ 75%] [32mBuilding CXX object CMakeFiles/zed_rgb_convert.dir/src/container/zed_rgb_convert.cpp.o[0m
[10.994s] In file included from [01m[K/home/openark/ros2_ws/install/zed_components/include/zed_components/zed_camera_component.hpp:19[m[K,
[10.994s]                  from [01m[K/home/openark/ros2_ws/src/zed-ros2-examples/tutorials/zed_rgb_convert/src/container/zed_rgb_convert.cpp:17[m[K:
[10.994s] [01m[K/usr/local/zed/include/sl/Fusion.hpp:68:64:[m[K [01;36m[Knote: [m[K#pragma message: ~ FUSION SDK is distributed in Early Access ~
[10.994s]    68 | #pragma message("~ FUSION SDK is distributed in Early Access ~"[01;36m[K)[m[K
[10.994s]       |                                                                [01;36m[K^[m[K
[12.645s] [100%] [32m[1mLinking CXX executable zed_rgb_convert[0m
[12.929s] [100%] Built target zed_rgb_convert
[12.940s] Invoked command in '/home/openark/ros2_ws/build/zed_rgb_convert' returned '0': CMAKE_PREFIX_PATH=/home/openark/ros2_ws/install/zed_components:/home/openark/ros2_ws/install/zed_interfaces:/home/openark/ros2_ws/install/zed_ros2:/home/openark/ros2_ws/install/zed_wrapper:/home/openark/ros2_ws/install/examples_rclcpp_multithreaded_executor:/home/openark/ros2_ws/install/examples_rclcpp_minimal_timer:/home/openark/ros2_ws/install/examples_rclcpp_minimal_subscriber:/home/openark/ros2_ws/install/examples_rclcpp_minimal_service:/home/openark/ros2_ws/install/examples_rclcpp_minimal_publisher:/home/openark/ros2_ws/install/examples_rclcpp_minimal_composition:/home/openark/ros2_ws/install/examples_rclcpp_minimal_client:/home/openark/ros2_ws/install/examples_rclcpp_minimal_action_server:/home/openark/ros2_ws/install/examples_rclcpp_minimal_action_client:/home/openark/ros2_ws/install/examples_rclpy_minimal_subscriber:/home/openark/ros2_ws/install/examples_rclpy_minimal_service:/home/openark/ros2_ws/install/examples_rclpy_minimal_publisher:/home/openark/ros2_ws/install/examples_rclpy_minimal_client:/home/openark/ros2_ws/install/examples_rclpy_minimal_action_server:/home/openark/ros2_ws/install/examples_rclpy_minimal_action_client:/home/openark/ros2_ws/install/examples_rclpy_executors:/opt/ros/foxy /usr/bin/cmake --build /home/openark/ros2_ws/build/zed_rgb_convert -- -j12 -l12
[12.971s] Invoking command in '/home/openark/ros2_ws/build/zed_rgb_convert': CMAKE_PREFIX_PATH=/home/openark/ros2_ws/install/zed_components:/home/openark/ros2_ws/install/zed_interfaces:/home/openark/ros2_ws/install/zed_ros2:/home/openark/ros2_ws/install/zed_wrapper:/home/openark/ros2_ws/install/examples_rclcpp_multithreaded_executor:/home/openark/ros2_ws/install/examples_rclcpp_minimal_timer:/home/openark/ros2_ws/install/examples_rclcpp_minimal_subscriber:/home/openark/ros2_ws/install/examples_rclcpp_minimal_service:/home/openark/ros2_ws/install/examples_rclcpp_minimal_publisher:/home/openark/ros2_ws/install/examples_rclcpp_minimal_composition:/home/openark/ros2_ws/install/examples_rclcpp_minimal_client:/home/openark/ros2_ws/install/examples_rclcpp_minimal_action_server:/home/openark/ros2_ws/install/examples_rclcpp_minimal_action_client:/home/openark/ros2_ws/install/examples_rclpy_minimal_subscriber:/home/openark/ros2_ws/install/examples_rclpy_minimal_service:/home/openark/ros2_ws/install/examples_rclpy_minimal_publisher:/home/openark/ros2_ws/install/examples_rclpy_minimal_client:/home/openark/ros2_ws/install/examples_rclpy_minimal_action_server:/home/openark/ros2_ws/install/examples_rclpy_minimal_action_client:/home/openark/ros2_ws/install/examples_rclpy_executors:/opt/ros/foxy /usr/bin/cmake --install /home/openark/ros2_ws/build/zed_rgb_convert
[12.978s] -- Install configuration: "Release"
[12.979s] -- Execute custom install script
[12.979s] -- Symlinking: /home/openark/ros2_ws/install/zed_rgb_convert/lib/zed_rgb_convert/zed_rgb_convert
[12.988s] -- Symlinking: /home/openark/ros2_ws/install/zed_rgb_convert/lib/libzed_rgb_convert_component.so
[12.997s] -- Symlinking: /home/openark/ros2_ws/install/zed_rgb_convert/include/zed_rgb_convert//cvt_visibility_control.hpp
[13.007s] -- Symlinking: /home/openark/ros2_ws/install/zed_rgb_convert/share/zed_rgb_convert/launch/zed_rgb_convert.launch.py
[13.015s] -- Symlinking: /home/openark/ros2_ws/install/zed_rgb_convert/share/zed_rgb_convert/environment/library_path.sh
[13.024s] -- Symlinking: /home/openark/ros2_ws/install/zed_rgb_convert/share/zed_rgb_convert/environment/library_path.dsv
[13.033s] -- Symlinking: /home/openark/ros2_ws/install/zed_rgb_convert/share/ament_index/resource_index/package_run_dependencies/zed_rgb_convert
[13.041s] -- Symlinking: /home/openark/ros2_ws/install/zed_rgb_convert/share/ament_index/resource_index/parent_prefix_path/zed_rgb_convert
[13.050s] -- Symlinking: /home/openark/ros2_ws/install/zed_rgb_convert/share/zed_rgb_convert/environment/ament_prefix_path.sh
[13.058s] -- Symlinking: /home/openark/ros2_ws/install/zed_rgb_convert/share/zed_rgb_convert/environment/ament_prefix_path.dsv
[13.067s] -- Symlinking: /home/openark/ros2_ws/install/zed_rgb_convert/share/zed_rgb_convert/environment/path.sh
[13.075s] -- Symlinking: /home/openark/ros2_ws/install/zed_rgb_convert/share/zed_rgb_convert/environment/path.dsv
[13.084s] -- Symlinking: /home/openark/ros2_ws/install/zed_rgb_convert/share/zed_rgb_convert/local_setup.bash
[13.092s] -- Symlinking: /home/openark/ros2_ws/install/zed_rgb_convert/share/zed_rgb_convert/local_setup.sh
[13.100s] -- Symlinking: /home/openark/ros2_ws/install/zed_rgb_convert/share/zed_rgb_convert/local_setup.zsh
[13.109s] -- Symlinking: /home/openark/ros2_ws/install/zed_rgb_convert/share/zed_rgb_convert/local_setup.dsv
[13.117s] -- Symlinking: /home/openark/ros2_ws/install/zed_rgb_convert/share/zed_rgb_convert/package.dsv
[13.126s] -- Symlinking: /home/openark/ros2_ws/install/zed_rgb_convert/share/ament_index/resource_index/packages/zed_rgb_convert
[13.134s] -- Symlinking: /home/openark/ros2_ws/install/zed_rgb_convert/share/ament_index/resource_index/rclcpp_components/zed_rgb_convert
[13.143s] -- Symlinking: /home/openark/ros2_ws/install/zed_rgb_convert/share/zed_rgb_convert/cmake/ament_cmake_export_include_directories-extras.cmake
[13.152s] -- Symlinking: /home/openark/ros2_ws/install/zed_rgb_convert/share/zed_rgb_convert/cmake/ament_cmake_export_libraries-extras.cmake
[13.161s] -- Symlinking: /home/openark/ros2_ws/install/zed_rgb_convert/share/zed_rgb_convert/cmake/ament_cmake_export_dependencies-extras.cmake
[13.169s] -- Symlinking: /home/openark/ros2_ws/install/zed_rgb_convert/share/zed_rgb_convert/cmake/zed_rgb_convertConfig.cmake
[13.178s] -- Symlinking: /home/openark/ros2_ws/install/zed_rgb_convert/share/zed_rgb_convert/cmake/zed_rgb_convertConfig-version.cmake
[13.186s] -- Symlinking: /home/openark/ros2_ws/install/zed_rgb_convert/share/zed_rgb_convert/package.xml
[13.196s] Invoked command in '/home/openark/ros2_ws/build/zed_rgb_convert' returned '0': CMAKE_PREFIX_PATH=/home/openark/ros2_ws/install/zed_components:/home/openark/ros2_ws/install/zed_interfaces:/home/openark/ros2_ws/install/zed_ros2:/home/openark/ros2_ws/install/zed_wrapper:/home/openark/ros2_ws/install/examples_rclcpp_multithreaded_executor:/home/openark/ros2_ws/install/examples_rclcpp_minimal_timer:/home/openark/ros2_ws/install/examples_rclcpp_minimal_subscriber:/home/openark/ros2_ws/install/examples_rclcpp_minimal_service:/home/openark/ros2_ws/install/examples_rclcpp_minimal_publisher:/home/openark/ros2_ws/install/examples_rclcpp_minimal_composition:/home/openark/ros2_ws/install/examples_rclcpp_minimal_client:/home/openark/ros2_ws/install/examples_rclcpp_minimal_action_server:/home/openark/ros2_ws/install/examples_rclcpp_minimal_action_client:/home/openark/ros2_ws/install/examples_rclpy_minimal_subscriber:/home/openark/ros2_ws/install/examples_rclpy_minimal_service:/home/openark/ros2_ws/install/examples_rclpy_minimal_publisher:/home/openark/ros2_ws/install/examples_rclpy_minimal_client:/home/openark/ros2_ws/install/examples_rclpy_minimal_action_server:/home/openark/ros2_ws/install/examples_rclpy_minimal_action_client:/home/openark/ros2_ws/install/examples_rclpy_executors:/opt/ros/foxy /usr/bin/cmake --install /home/openark/ros2_ws/build/zed_rgb_convert
