[3.087s] Invoking command in '/home/openark/ros2_ws/build/examples_rclpy_executors': PYTHONPATH=/home/openark/ros2_ws/build/examples_rclpy_executors/prefix_override:/home/openark/ros2_ws/install/examples_rclpy_executors/lib/python3.8/site-packages:${PYTHONPATH} /usr/bin/python3 setup.py develop --editable --build-directory /home/openark/ros2_ws/build/examples_rclpy_executors/build --no-deps install_data
[3.366s] running develop
[3.538s] running egg_info
[3.539s] writing examples_rclpy_executors.egg-info/PKG-INFO
[3.539s] writing dependency_links to examples_rclpy_executors.egg-info/dependency_links.txt
[3.539s] writing entry points to examples_rclpy_executors.egg-info/entry_points.txt
[3.539s] writing requirements to examples_rclpy_executors.egg-info/requires.txt
[3.539s] writing top-level names to examples_rclpy_executors.egg-info/top_level.txt
[3.574s] reading manifest file 'examples_rclpy_executors.egg-info/SOURCES.txt'
[3.574s] writing manifest file 'examples_rclpy_executors.egg-info/SOURCES.txt'
[3.614s] running build_ext
[3.614s] Creating /home/openark/ros2_ws/install/examples_rclpy_executors/lib/python3.8/site-packages/examples-rclpy-executors.egg-link (link to .)
[3.616s] Installing callback_group script to /home/openark/ros2_ws/install/examples_rclpy_executors/lib/examples_rclpy_executors
[3.616s] Installing composed script to /home/openark/ros2_ws/install/examples_rclpy_executors/lib/examples_rclpy_executors
[3.616s] Installing custom_callback_group script to /home/openark/ros2_ws/install/examples_rclpy_executors/lib/examples_rclpy_executors
[3.618s] Installing custom_executor script to /home/openark/ros2_ws/install/examples_rclpy_executors/lib/examples_rclpy_executors
[3.618s] Installing listener script to /home/openark/ros2_ws/install/examples_rclpy_executors/lib/examples_rclpy_executors
[3.618s] Installing talker script to /home/openark/ros2_ws/install/examples_rclpy_executors/lib/examples_rclpy_executors
[3.619s] 
[3.620s] Installed /home/openark/ros2_ws/build/examples_rclpy_executors
[3.620s] running install_data
[4.901s] Invoked command in '/home/openark/ros2_ws/build/examples_rclpy_executors' returned '0': PYTHONPATH=/home/openark/ros2_ws/build/examples_rclpy_executors/prefix_override:/home/openark/ros2_ws/install/examples_rclpy_executors/lib/python3.8/site-packages:${PYTHONPATH} /usr/bin/python3 setup.py develop --editable --build-directory /home/openark/ros2_ws/build/examples_rclpy_executors/build --no-deps install_data
