[2.872s] Invoking command in '/home/openark/ros2_ws/build/examples_rclpy_executors': PYTHONPATH=/home/openark/ros2_ws/build/examples_rclpy_executors/prefix_override:/home/openark/ros2_ws/install/examples_rclpy_executors/lib/python3.8/site-packages:${PYTHONPATH} /usr/bin/python3 setup.py develop --uninstall --editable --build-directory /home/openark/ros2_ws/build/examples_rclpy_executors/build
[3.228s] running develop
[3.380s] Removing /home/openark/ros2_ws/install/examples_rclpy_executors/lib/python3.8/site-packages/examples-rclpy-executors.egg-link (link to .)
[4.163s] Invoked command in '/home/openark/ros2_ws/build/examples_rclpy_executors' returned '0': PYTHONPATH=/home/openark/ros2_ws/build/examples_rclpy_executors/prefix_override:/home/openark/ros2_ws/install/examples_rclpy_executors/lib/python3.8/site-packages:${PYTHONPATH} /usr/bin/python3 setup.py develop --uninstall --editable --build-directory /home/openark/ros2_ws/build/examples_rclpy_executors/build
[4.167s] Invoking command in '/home/openark/ros2_ws/src/examples/rclpy/executors': PYTHONPATH=/home/openark/ros2_ws/build/examples_rclpy_executors/prefix_override:/home/openark/ros2_ws/install/examples_rclpy_executors/lib/python3.8/site-packages:${PYTHONPATH} /usr/bin/python3 setup.py egg_info --egg-base ../../../../build/examples_rclpy_executors build --build-base /home/openark/ros2_ws/build/examples_rclpy_executors/build install --record /home/openark/ros2_ws/build/examples_rclpy_executors/install.log --install-scripts $base/lib/examples_rclpy_executors --single-version-externally-managed
[4.407s] running egg_info
[4.408s] writing ../../../../build/examples_rclpy_executors/examples_rclpy_executors.egg-info/PKG-INFO
[4.410s] writing dependency_links to ../../../../build/examples_rclpy_executors/examples_rclpy_executors.egg-info/dependency_links.txt
[4.410s] writing entry points to ../../../../build/examples_rclpy_executors/examples_rclpy_executors.egg-info/entry_points.txt
[4.412s] writing requirements to ../../../../build/examples_rclpy_executors/examples_rclpy_executors.egg-info/requires.txt
[4.413s] writing top-level names to ../../../../build/examples_rclpy_executors/examples_rclpy_executors.egg-info/top_level.txt
[4.440s] reading manifest file '../../../../build/examples_rclpy_executors/examples_rclpy_executors.egg-info/SOURCES.txt'
[4.441s] writing manifest file '../../../../build/examples_rclpy_executors/examples_rclpy_executors.egg-info/SOURCES.txt'
[4.441s] running build
[4.442s] running build_py
[4.442s] running install
[4.442s] running install_lib
[4.442s] creating /home/openark/ros2_ws/install/examples_rclpy_executors/lib/python3.8/site-packages/examples_rclpy_executors
[4.443s] copying /home/openark/ros2_ws/build/examples_rclpy_executors/build/lib/examples_rclpy_executors/__init__.py -> /home/openark/ros2_ws/install/examples_rclpy_executors/lib/python3.8/site-packages/examples_rclpy_executors
[4.443s] copying /home/openark/ros2_ws/build/examples_rclpy_executors/build/lib/examples_rclpy_executors/callback_group.py -> /home/openark/ros2_ws/install/examples_rclpy_executors/lib/python3.8/site-packages/examples_rclpy_executors
[4.444s] copying /home/openark/ros2_ws/build/examples_rclpy_executors/build/lib/examples_rclpy_executors/composed.py -> /home/openark/ros2_ws/install/examples_rclpy_executors/lib/python3.8/site-packages/examples_rclpy_executors
[4.444s] copying /home/openark/ros2_ws/build/examples_rclpy_executors/build/lib/examples_rclpy_executors/talker.py -> /home/openark/ros2_ws/install/examples_rclpy_executors/lib/python3.8/site-packages/examples_rclpy_executors
[4.444s] copying /home/openark/ros2_ws/build/examples_rclpy_executors/build/lib/examples_rclpy_executors/custom_executor.py -> /home/openark/ros2_ws/install/examples_rclpy_executors/lib/python3.8/site-packages/examples_rclpy_executors
[4.444s] copying /home/openark/ros2_ws/build/examples_rclpy_executors/build/lib/examples_rclpy_executors/listener.py -> /home/openark/ros2_ws/install/examples_rclpy_executors/lib/python3.8/site-packages/examples_rclpy_executors
[4.444s] copying /home/openark/ros2_ws/build/examples_rclpy_executors/build/lib/examples_rclpy_executors/custom_callback_group.py -> /home/openark/ros2_ws/install/examples_rclpy_executors/lib/python3.8/site-packages/examples_rclpy_executors
[4.444s] byte-compiling /home/openark/ros2_ws/install/examples_rclpy_executors/lib/python3.8/site-packages/examples_rclpy_executors/__init__.py to __init__.cpython-38.pyc
[4.444s] byte-compiling /home/openark/ros2_ws/install/examples_rclpy_executors/lib/python3.8/site-packages/examples_rclpy_executors/callback_group.py to callback_group.cpython-38.pyc
[4.444s] byte-compiling /home/openark/ros2_ws/install/examples_rclpy_executors/lib/python3.8/site-packages/examples_rclpy_executors/composed.py to composed.cpython-38.pyc
[4.444s] byte-compiling /home/openark/ros2_ws/install/examples_rclpy_executors/lib/python3.8/site-packages/examples_rclpy_executors/talker.py to talker.cpython-38.pyc
[4.445s] byte-compiling /home/openark/ros2_ws/install/examples_rclpy_executors/lib/python3.8/site-packages/examples_rclpy_executors/custom_executor.py to custom_executor.cpython-38.pyc
[4.445s] byte-compiling /home/openark/ros2_ws/install/examples_rclpy_executors/lib/python3.8/site-packages/examples_rclpy_executors/listener.py to listener.cpython-38.pyc
[4.445s] byte-compiling /home/openark/ros2_ws/install/examples_rclpy_executors/lib/python3.8/site-packages/examples_rclpy_executors/custom_callback_group.py to custom_callback_group.cpython-38.pyc
[4.448s] running install_data
[4.449s] running install_egg_info
[4.449s] Copying ../../../../build/examples_rclpy_executors/examples_rclpy_executors.egg-info to /home/openark/ros2_ws/install/examples_rclpy_executors/lib/python3.8/site-packages/examples_rclpy_executors-0.9.4-py3.8.egg-info
[4.449s] running install_scripts
[4.465s] Installing callback_group script to /home/openark/ros2_ws/install/examples_rclpy_executors/lib/examples_rclpy_executors
[4.466s] Installing composed script to /home/openark/ros2_ws/install/examples_rclpy_executors/lib/examples_rclpy_executors
[4.466s] Installing custom_callback_group script to /home/openark/ros2_ws/install/examples_rclpy_executors/lib/examples_rclpy_executors
[4.467s] Installing custom_executor script to /home/openark/ros2_ws/install/examples_rclpy_executors/lib/examples_rclpy_executors
[4.468s] Installing listener script to /home/openark/ros2_ws/install/examples_rclpy_executors/lib/examples_rclpy_executors
[4.469s] Installing talker script to /home/openark/ros2_ws/install/examples_rclpy_executors/lib/examples_rclpy_executors
[4.469s] writing list of installed files to '/home/openark/ros2_ws/build/examples_rclpy_executors/install.log'
[6.652s] Invoked command in '/home/openark/ros2_ws/src/examples/rclpy/executors' returned '0': PYTHONPATH=/home/openark/ros2_ws/build/examples_rclpy_executors/prefix_override:/home/openark/ros2_ws/install/examples_rclpy_executors/lib/python3.8/site-packages:${PYTHONPATH} /usr/bin/python3 setup.py egg_info --egg-base ../../../../build/examples_rclpy_executors build --build-base /home/openark/ros2_ws/build/examples_rclpy_executors/build install --record /home/openark/ros2_ws/build/examples_rclpy_executors/install.log --install-scripts $base/lib/examples_rclpy_executors --single-version-externally-managed
