[4.855s] Invoking command in '/home/openark/ros2_ws/build/examples_rclpy_minimal_action_client': PYTHONPATH=/home/openark/ros2_ws/build/examples_rclpy_minimal_action_client/prefix_override:/home/openark/ros2_ws/install/examples_rclpy_minimal_action_client/lib/python3.8/site-packages:${PYTHONPATH} /usr/bin/python3 setup.py develop --editable --build-directory /home/openark/ros2_ws/build/examples_rclpy_minimal_action_client/build --no-deps install_data
[13.891s] running develop
[13.891s] running egg_info
[13.891s] creating examples_rclpy_minimal_action_client.egg-info
[13.891s] writing examples_rclpy_minimal_action_client.egg-info/PKG-INFO
[13.891s] writing dependency_links to examples_rclpy_minimal_action_client.egg-info/dependency_links.txt
[13.892s] writing entry points to examples_rclpy_minimal_action_client.egg-info/entry_points.txt
[13.892s] writing requirements to examples_rclpy_minimal_action_client.egg-info/requires.txt
[13.892s] writing top-level names to examples_rclpy_minimal_action_client.egg-info/top_level.txt
[13.892s] writing manifest file 'examples_rclpy_minimal_action_client.egg-info/SOURCES.txt'
[13.892s] reading manifest file 'examples_rclpy_minimal_action_client.egg-info/SOURCES.txt'
[13.892s] writing manifest file 'examples_rclpy_minimal_action_client.egg-info/SOURCES.txt'
[13.893s] running build_ext
[13.893s] Creating /home/openark/ros2_ws/install/examples_rclpy_minimal_action_client/lib/python3.8/site-packages/site.py
[13.893s] Creating /home/openark/ros2_ws/install/examples_rclpy_minimal_action_client/lib/python3.8/site-packages/examples-rclpy-minimal-action-client.egg-link (link to .)
[13.893s] Installing client script to /home/openark/ros2_ws/install/examples_rclpy_minimal_action_client/lib/examples_rclpy_minimal_action_client
[13.893s] Installing client_cancel script to /home/openark/ros2_ws/install/examples_rclpy_minimal_action_client/lib/examples_rclpy_minimal_action_client
[13.894s] Installing client_not_composable script to /home/openark/ros2_ws/install/examples_rclpy_minimal_action_client/lib/examples_rclpy_minimal_action_client
[13.894s] 
[13.894s] Installed /home/openark/ros2_ws/build/examples_rclpy_minimal_action_client
[13.894s] running install_data
[13.894s] creating /home/openark/ros2_ws/install/examples_rclpy_minimal_action_client/share/ament_index
[13.894s] creating /home/openark/ros2_ws/install/examples_rclpy_minimal_action_client/share/ament_index/resource_index
[13.895s] creating /home/openark/ros2_ws/install/examples_rclpy_minimal_action_client/share/ament_index/resource_index/packages
[13.895s] copying resource/examples_rclpy_minimal_action_client -> /home/openark/ros2_ws/install/examples_rclpy_minimal_action_client/share/ament_index/resource_index/packages
[13.895s] copying package.xml -> /home/openark/ros2_ws/install/examples_rclpy_minimal_action_client/share/examples_rclpy_minimal_action_client
[14.414s] Invoked command in '/home/openark/ros2_ws/build/examples_rclpy_minimal_action_client' returned '0': PYTHONPATH=/home/openark/ros2_ws/build/examples_rclpy_minimal_action_client/prefix_override:/home/openark/ros2_ws/install/examples_rclpy_minimal_action_client/lib/python3.8/site-packages:${PYTHONPATH} /usr/bin/python3 setup.py develop --editable --build-directory /home/openark/ros2_ws/build/examples_rclpy_minimal_action_client/build --no-deps install_data
