[2.386s] Invoking command in '/home/openark/ros2_ws/build/zed_interfaces': CMAKE_PREFIX_PATH=${CMAKE_PREFIX_PATH}:/home/openark/ros2_ws/install/examples_rclpy_minimal_subscriber:/home/openark/ros2_ws/install/examples_rclpy_minimal_service:/home/openark/ros2_ws/install/examples_rclpy_minimal_publisher:/home/openark/ros2_ws/install/examples_rclpy_minimal_client:/home/openark/ros2_ws/install/examples_rclpy_minimal_action_server:/home/openark/ros2_ws/install/examples_rclpy_minimal_action_client:/home/openark/ros2_ws/install/examples_rclpy_executors:/home/openark/ros2_ws/src/install/examples_rclpy_minimal_subscriber:/home/openark/ros2_ws/src/install/examples_rclpy_minimal_service:/home/openark/ros2_ws/src/install/examples_rclpy_minimal_publisher:/home/openark/ros2_ws/src/install/examples_rclpy_minimal_client:/home/openark/ros2_ws/src/install/examples_rclpy_minimal_action_server:/home/openark/ros2_ws/src/install/examples_rclpy_minimal_action_client:/home/openark/ros2_ws/src/install/examples_rclpy_executors:/opt/ros/foxy /usr/bin/cmake --build /home/openark/ros2_ws/build/zed_interfaces -- -j12 -l12
[3.123s] [  0%] Built target zed_interfaces__cpp
[3.123s] [ 12%] Built target zed_interfaces__rosidl_generator_c
[3.124s] [ 24%] Built target zed_interfaces__rosidl_typesupport_cpp
[3.125s] [ 36%] Built target zed_interfaces__rosidl_typesupport_introspection_cpp
[3.126s] [ 48%] Built target zed_interfaces__rosidl_typesupport_c
[3.127s] [ 60%] Built target zed_interfaces__rosidl_typesupport_fastrtps_cpp
[3.127s] [ 72%] Built target zed_interfaces__rosidl_typesupport_introspection_c
[3.128s] [ 84%] Built target zed_interfaces__rosidl_typesupport_fastrtps_c
[3.128s] [ 84%] Built target zed_interfaces
[3.129s] [ 85%] Built target zed_interfaces__py
[3.130s] [ 96%] Built target zed_interfaces__python
[3.131s] [ 98%] Built target zed_interfaces__rosidl_typesupport_c__pyext
[3.132s] [ 99%] Built target zed_interfaces__rosidl_typesupport_introspection_c__pyext
[3.132s] [100%] Built target zed_interfaces__rosidl_typesupport_fastrtps_c__pyext
[3.164s] Invoked command in '/home/openark/ros2_ws/build/zed_interfaces' returned '0': CMAKE_PREFIX_PATH=${CMAKE_PREFIX_PATH}:/home/openark/ros2_ws/install/examples_rclpy_minimal_subscriber:/home/openark/ros2_ws/install/examples_rclpy_minimal_service:/home/openark/ros2_ws/install/examples_rclpy_minimal_publisher:/home/openark/ros2_ws/install/examples_rclpy_minimal_client:/home/openark/ros2_ws/install/examples_rclpy_minimal_action_server:/home/openark/ros2_ws/install/examples_rclpy_minimal_action_client:/home/openark/ros2_ws/install/examples_rclpy_executors:/home/openark/ros2_ws/src/install/examples_rclpy_minimal_subscriber:/home/openark/ros2_ws/src/install/examples_rclpy_minimal_service:/home/openark/ros2_ws/src/install/examples_rclpy_minimal_publisher:/home/openark/ros2_ws/src/install/examples_rclpy_minimal_client:/home/openark/ros2_ws/src/install/examples_rclpy_minimal_action_server:/home/openark/ros2_ws/src/install/examples_rclpy_minimal_action_client:/home/openark/ros2_ws/src/install/examples_rclpy_executors:/opt/ros/foxy /usr/bin/cmake --build /home/openark/ros2_ws/build/zed_interfaces -- -j12 -l12
[4.598s] Invoking command in '/home/openark/ros2_ws/build/zed_interfaces': CMAKE_PREFIX_PATH=${CMAKE_PREFIX_PATH}:/home/openark/ros2_ws/install/examples_rclpy_minimal_subscriber:/home/openark/ros2_ws/install/examples_rclpy_minimal_service:/home/openark/ros2_ws/install/examples_rclpy_minimal_publisher:/home/openark/ros2_ws/install/examples_rclpy_minimal_client:/home/openark/ros2_ws/install/examples_rclpy_minimal_action_server:/home/openark/ros2_ws/install/examples_rclpy_minimal_action_client:/home/openark/ros2_ws/install/examples_rclpy_executors:/home/openark/ros2_ws/src/install/examples_rclpy_minimal_subscriber:/home/openark/ros2_ws/src/install/examples_rclpy_minimal_service:/home/openark/ros2_ws/src/install/examples_rclpy_minimal_publisher:/home/openark/ros2_ws/src/install/examples_rclpy_minimal_client:/home/openark/ros2_ws/src/install/examples_rclpy_minimal_action_server:/home/openark/ros2_ws/src/install/examples_rclpy_minimal_action_client:/home/openark/ros2_ws/src/install/examples_rclpy_executors:/opt/ros/foxy /usr/bin/cmake --install /home/openark/ros2_ws/build/zed_interfaces
[5.046s] -- Install configuration: ""
[5.046s] -- Up-to-date: /home/openark/ros2_ws/install/zed_interfaces/share/ament_index/resource_index/rosidl_interfaces/zed_interfaces
[5.047s] -- Up-to-date: /home/openark/ros2_ws/install/zed_interfaces/include/zed_interfaces
[5.048s] -- Up-to-date: /home/openark/ros2_ws/install/zed_interfaces/include/zed_interfaces/msg
[5.048s] -- Up-to-date: /home/openark/ros2_ws/install/zed_interfaces/include/zed_interfaces/msg/keypoint2_di.h
[5.049s] -- Up-to-date: /home/openark/ros2_ws/install/zed_interfaces/include/zed_interfaces/msg/keypoint2_df.h
[5.049s] -- Up-to-date: /home/openark/ros2_ws/install/zed_interfaces/include/zed_interfaces/msg/depth_info_stamped.h
[5.050s] -- Up-to-date: /home/openark/ros2_ws/install/zed_interfaces/include/zed_interfaces/msg/bounding_box3_d.h
[5.050s] -- Up-to-date: /home/openark/ros2_ws/install/zed_interfaces/include/zed_interfaces/msg/objects_stamped.h
[5.051s] -- Up-to-date: /home/openark/ros2_ws/install/zed_interfaces/include/zed_interfaces/msg/rosidl_generator_c__visibility_control.h
[5.051s] -- Up-to-date: /home/openark/ros2_ws/install/zed_interfaces/include/zed_interfaces/msg/skeleton3_d.h
[5.051s] -- Up-to-date: /home/openark/ros2_ws/install/zed_interfaces/include/zed_interfaces/msg/object.h
[5.052s] -- Up-to-date: /home/openark/ros2_ws/install/zed_interfaces/include/zed_interfaces/msg/detail
[5.052s] -- Up-to-date: /home/openark/ros2_ws/install/zed_interfaces/include/zed_interfaces/msg/detail/keypoint2_df__type_support.h
[5.052s] -- Up-to-date: /home/openark/ros2_ws/install/zed_interfaces/include/zed_interfaces/msg/detail/bounding_box2_di__functions.c
[5.052s] -- Up-to-date: /home/openark/ros2_ws/install/zed_interfaces/include/zed_interfaces/msg/detail/heartbeat__struct.h
[5.053s] -- Up-to-date: /home/openark/ros2_ws/install/zed_interfaces/include/zed_interfaces/msg/detail/keypoint3_d__functions.h
[5.053s] -- Up-to-date: /home/openark/ros2_ws/install/zed_interfaces/include/zed_interfaces/msg/detail/objects_stamped__struct.h
[5.053s] -- Up-to-date: /home/openark/ros2_ws/install/zed_interfaces/include/zed_interfaces/msg/detail/depth_info_stamped__functions.h
[5.054s] -- Up-to-date: /home/openark/ros2_ws/install/zed_interfaces/include/zed_interfaces/msg/detail/skeleton2_d__functions.h
[5.054s] -- Up-to-date: /home/openark/ros2_ws/install/zed_interfaces/include/zed_interfaces/msg/detail/keypoint2_di__type_support.h
[5.054s] -- Up-to-date: /home/openark/ros2_ws/install/zed_interfaces/include/zed_interfaces/msg/detail/bounding_box3_d__struct.h
[5.054s] -- Up-to-date: /home/openark/ros2_ws/install/zed_interfaces/include/zed_interfaces/msg/detail/object__functions.c
[5.054s] -- Up-to-date: /home/openark/ros2_ws/install/zed_interfaces/include/zed_interfaces/msg/detail/bounding_box2_df__functions.h
[5.054s] -- Up-to-date: /home/openark/ros2_ws/install/zed_interfaces/include/zed_interfaces/msg/detail/skeleton2_d__struct.h
[5.054s] -- Up-to-date: /home/openark/ros2_ws/install/zed_interfaces/include/zed_interfaces/msg/detail/keypoint3_d__functions.c
[5.055s] -- Up-to-date: /home/openark/ros2_ws/install/zed_interfaces/include/zed_interfaces/msg/detail/bounding_box3_d__type_support.h
[5.055s] -- Up-to-date: /home/openark/ros2_ws/install/zed_interfaces/include/zed_interfaces/msg/detail/heartbeat__type_support.h
[5.055s] -- Up-to-date: /home/openark/ros2_ws/install/zed_interfaces/include/zed_interfaces/msg/detail/bounding_box2_df__struct.h
[5.055s] -- Up-to-date: /home/openark/ros2_ws/install/zed_interfaces/include/zed_interfaces/msg/detail/skeleton2_d__type_support.h
[5.055s] -- Up-to-date: /home/openark/ros2_ws/install/zed_interfaces/include/zed_interfaces/msg/detail/objects_stamped__functions.h
[5.056s] -- Up-to-date: /home/openark/ros2_ws/install/zed_interfaces/include/zed_interfaces/msg/detail/keypoint3_d__struct.h
[5.056s] -- Up-to-date: /home/openark/ros2_ws/install/zed_interfaces/include/zed_interfaces/msg/detail/keypoint2_df__struct.h
[5.056s] -- Up-to-date: /home/openark/ros2_ws/install/zed_interfaces/include/zed_interfaces/msg/detail/skeleton3_d__functions.h
[5.056s] -- Up-to-date: /home/openark/ros2_ws/install/zed_interfaces/include/zed_interfaces/msg/detail/plane_stamped__functions.h
[5.056s] -- Up-to-date: /home/openark/ros2_ws/install/zed_interfaces/include/zed_interfaces/msg/detail/pos_track_status__functions.h
[5.056s] -- Up-to-date: /home/openark/ros2_ws/install/zed_interfaces/include/zed_interfaces/msg/detail/heartbeat__functions.h
[5.057s] -- Up-to-date: /home/openark/ros2_ws/install/zed_interfaces/include/zed_interfaces/msg/detail/pos_track_status__type_support.h
[5.057s] -- Up-to-date: /home/openark/ros2_ws/install/zed_interfaces/include/zed_interfaces/msg/detail/keypoint2_df__functions.h
[5.059s] -- Up-to-date: /home/openark/ros2_ws/install/zed_interfaces/include/zed_interfaces/msg/detail/object__functions.h
[5.059s] -- Up-to-date: /home/openark/ros2_ws/install/zed_interfaces/include/zed_interfaces/msg/detail/keypoint2_df__functions.c
[5.059s] -- Up-to-date: /home/openark/ros2_ws/install/zed_interfaces/include/zed_interfaces/msg/detail/keypoint3_d__type_support.h
[5.060s] -- Up-to-date: /home/openark/ros2_ws/install/zed_interfaces/include/zed_interfaces/msg/detail/bounding_box3_d__functions.c
[5.060s] -- Up-to-date: /home/openark/ros2_ws/install/zed_interfaces/include/zed_interfaces/msg/detail/plane_stamped__type_support.h
[5.060s] -- Up-to-date: /home/openark/ros2_ws/install/zed_interfaces/include/zed_interfaces/msg/detail/bounding_box2_di__type_support.h
[5.061s] -- Up-to-date: /home/openark/ros2_ws/install/zed_interfaces/include/zed_interfaces/msg/detail/bounding_box2_df__type_support.h
[5.061s] -- Up-to-date: /home/openark/ros2_ws/install/zed_interfaces/include/zed_interfaces/msg/detail/heartbeat__functions.c
[5.061s] -- Up-to-date: /home/openark/ros2_ws/install/zed_interfaces/include/zed_interfaces/msg/detail/skeleton2_d__functions.c
[5.062s] -- Up-to-date: /home/openark/ros2_ws/install/zed_interfaces/include/zed_interfaces/msg/detail/keypoint2_di__functions.c
[5.062s] -- Up-to-date: /home/openark/ros2_ws/install/zed_interfaces/include/zed_interfaces/msg/detail/pos_track_status__functions.c
[5.063s] -- Up-to-date: /home/openark/ros2_ws/install/zed_interfaces/include/zed_interfaces/msg/detail/pos_track_status__struct.h
[5.063s] -- Up-to-date: /home/openark/ros2_ws/install/zed_interfaces/include/zed_interfaces/msg/detail/keypoint2_di__struct.h
[5.063s] -- Up-to-date: /home/openark/ros2_ws/install/zed_interfaces/include/zed_interfaces/msg/detail/objects_stamped__functions.c
[5.064s] -- Up-to-date: /home/openark/ros2_ws/install/zed_interfaces/include/zed_interfaces/msg/detail/object__struct.h
[5.064s] -- Up-to-date: /home/openark/ros2_ws/install/zed_interfaces/include/zed_interfaces/msg/detail/object__type_support.h
[5.065s] -- Up-to-date: /home/openark/ros2_ws/install/zed_interfaces/include/zed_interfaces/msg/detail/keypoint2_di__functions.h
[5.065s] -- Up-to-date: /home/openark/ros2_ws/install/zed_interfaces/include/zed_interfaces/msg/detail/objects_stamped__type_support.h
[5.065s] -- Up-to-date: /home/openark/ros2_ws/install/zed_interfaces/include/zed_interfaces/msg/detail/skeleton3_d__type_support.h
[5.065s] -- Up-to-date: /home/openark/ros2_ws/install/zed_interfaces/include/zed_interfaces/msg/detail/depth_info_stamped__struct.h
[5.065s] -- Up-to-date: /home/openark/ros2_ws/install/zed_interfaces/include/zed_interfaces/msg/detail/bounding_box2_di__struct.h
[5.065s] -- Up-to-date: /home/openark/ros2_ws/install/zed_interfaces/include/zed_interfaces/msg/detail/skeleton3_d__struct.h
[5.065s] -- Up-to-date: /home/openark/ros2_ws/install/zed_interfaces/include/zed_interfaces/msg/detail/bounding_box3_d__functions.h
[5.065s] -- Up-to-date: /home/openark/ros2_ws/install/zed_interfaces/include/zed_interfaces/msg/detail/plane_stamped__struct.h
[5.066s] -- Up-to-date: /home/openark/ros2_ws/install/zed_interfaces/include/zed_interfaces/msg/detail/skeleton3_d__functions.c
[5.067s] -- Up-to-date: /home/openark/ros2_ws/install/zed_interfaces/include/zed_interfaces/msg/detail/plane_stamped__functions.c
[5.067s] -- Up-to-date: /home/openark/ros2_ws/install/zed_interfaces/include/zed_interfaces/msg/detail/depth_info_stamped__type_support.h
[5.067s] -- Up-to-date: /home/openark/ros2_ws/install/zed_interfaces/include/zed_interfaces/msg/detail/bounding_box2_di__functions.h
[5.068s] -- Up-to-date: /home/openark/ros2_ws/install/zed_interfaces/include/zed_interfaces/msg/detail/depth_info_stamped__functions.c
[5.068s] -- Up-to-date: /home/openark/ros2_ws/install/zed_interfaces/include/zed_interfaces/msg/detail/bounding_box2_df__functions.c
[5.069s] -- Up-to-date: /home/openark/ros2_ws/install/zed_interfaces/include/zed_interfaces/msg/plane_stamped.h
[5.069s] -- Up-to-date: /home/openark/ros2_ws/install/zed_interfaces/include/zed_interfaces/msg/pos_track_status.h
[5.070s] -- Up-to-date: /home/openark/ros2_ws/install/zed_interfaces/include/zed_interfaces/msg/bounding_box2_df.h
[5.070s] -- Up-to-date: /home/openark/ros2_ws/install/zed_interfaces/include/zed_interfaces/msg/keypoint3_d.h
[5.071s] -- Up-to-date: /home/openark/ros2_ws/install/zed_interfaces/include/zed_interfaces/msg/heartbeat.h
[5.072s] -- Up-to-date: /home/openark/ros2_ws/install/zed_interfaces/include/zed_interfaces/msg/skeleton2_d.h
[5.073s] -- Up-to-date: /home/openark/ros2_ws/install/zed_interfaces/include/zed_interfaces/msg/bounding_box2_di.h
[5.075s] -- Up-to-date: /home/openark/ros2_ws/install/zed_interfaces/include/zed_interfaces/srv
[5.075s] -- Up-to-date: /home/openark/ros2_ws/install/zed_interfaces/include/zed_interfaces/srv/set_roi.h
[5.076s] -- Up-to-date: /home/openark/ros2_ws/install/zed_interfaces/include/zed_interfaces/srv/set_pose.h
[5.076s] -- Up-to-date: /home/openark/ros2_ws/install/zed_interfaces/include/zed_interfaces/srv/detail
[5.077s] -- Up-to-date: /home/openark/ros2_ws/install/zed_interfaces/include/zed_interfaces/srv/detail/set_pose__type_support.h
[5.077s] -- Up-to-date: /home/openark/ros2_ws/install/zed_interfaces/include/zed_interfaces/srv/detail/start_svo_rec__functions.h
[5.078s] -- Up-to-date: /home/openark/ros2_ws/install/zed_interfaces/include/zed_interfaces/srv/detail/set_pose__struct.h
[5.079s] -- Up-to-date: /home/openark/ros2_ws/install/zed_interfaces/include/zed_interfaces/srv/detail/set_roi__functions.h
[5.079s] -- Up-to-date: /home/openark/ros2_ws/install/zed_interfaces/include/zed_interfaces/srv/detail/set_pose__functions.c
[5.079s] -- Up-to-date: /home/openark/ros2_ws/install/zed_interfaces/include/zed_interfaces/srv/detail/start_svo_rec__struct.h
[5.081s] -- Up-to-date: /home/openark/ros2_ws/install/zed_interfaces/include/zed_interfaces/srv/detail/set_roi__functions.c
[5.082s] -- Up-to-date: /home/openark/ros2_ws/install/zed_interfaces/include/zed_interfaces/srv/detail/start_svo_rec__type_support.h
[5.082s] -- Up-to-date: /home/openark/ros2_ws/install/zed_interfaces/include/zed_interfaces/srv/detail/set_roi__struct.h
[5.083s] -- Up-to-date: /home/openark/ros2_ws/install/zed_interfaces/include/zed_interfaces/srv/detail/set_pose__functions.h
[5.083s] -- Up-to-date: /home/openark/ros2_ws/install/zed_interfaces/include/zed_interfaces/srv/detail/start_svo_rec__functions.c
[5.083s] -- Up-to-date: /home/openark/ros2_ws/install/zed_interfaces/include/zed_interfaces/srv/detail/set_roi__type_support.h
[5.083s] -- Up-to-date: /home/openark/ros2_ws/install/zed_interfaces/include/zed_interfaces/srv/start_svo_rec.h
[5.083s] -- Up-to-date: /home/openark/ros2_ws/install/zed_interfaces/share/zed_interfaces/environment/library_path.sh
[5.085s] -- Up-to-date: /home/openark/ros2_ws/install/zed_interfaces/share/zed_interfaces/environment/library_path.dsv
[5.085s] -- Up-to-date: /home/openark/ros2_ws/install/zed_interfaces/lib/libzed_interfaces__rosidl_generator_c.so
[5.085s] -- Up-to-date: /home/openark/ros2_ws/install/zed_interfaces/include/zed_interfaces
[5.085s] -- Up-to-date: /home/openark/ros2_ws/install/zed_interfaces/include/zed_interfaces/msg
[5.085s] -- Up-to-date: /home/openark/ros2_ws/install/zed_interfaces/include/zed_interfaces/msg/detail
[5.086s] -- Up-to-date: /home/openark/ros2_ws/install/zed_interfaces/include/zed_interfaces/msg/detail/depth_info_stamped__rosidl_typesupport_fastrtps_c.h
[5.086s] -- Up-to-date: /home/openark/ros2_ws/install/zed_interfaces/include/zed_interfaces/msg/detail/bounding_box2_di__rosidl_typesupport_fastrtps_c.h
[5.086s] -- Up-to-date: /home/openark/ros2_ws/install/zed_interfaces/include/zed_interfaces/msg/detail/object__rosidl_typesupport_fastrtps_c.h
[5.087s] -- Up-to-date: /home/openark/ros2_ws/install/zed_interfaces/include/zed_interfaces/msg/detail/heartbeat__rosidl_typesupport_fastrtps_c.h
[5.087s] -- Up-to-date: /home/openark/ros2_ws/install/zed_interfaces/include/zed_interfaces/msg/detail/plane_stamped__rosidl_typesupport_fastrtps_c.h
[5.089s] -- Up-to-date: /home/openark/ros2_ws/install/zed_interfaces/include/zed_interfaces/msg/detail/objects_stamped__rosidl_typesupport_fastrtps_c.h
[5.089s] -- Up-to-date: /home/openark/ros2_ws/install/zed_interfaces/include/zed_interfaces/msg/detail/skeleton2_d__rosidl_typesupport_fastrtps_c.h
[5.089s] -- Up-to-date: /home/openark/ros2_ws/install/zed_interfaces/include/zed_interfaces/msg/detail/keypoint3_d__rosidl_typesupport_fastrtps_c.h
[5.090s] -- Up-to-date: /home/openark/ros2_ws/install/zed_interfaces/include/zed_interfaces/msg/detail/skeleton3_d__rosidl_typesupport_fastrtps_c.h
[5.090s] -- Up-to-date: /home/openark/ros2_ws/install/zed_interfaces/include/zed_interfaces/msg/detail/pos_track_status__rosidl_typesupport_fastrtps_c.h
[5.090s] -- Up-to-date: /home/openark/ros2_ws/install/zed_interfaces/include/zed_interfaces/msg/detail/keypoint2_df__rosidl_typesupport_fastrtps_c.h
[5.090s] -- Up-to-date: /home/openark/ros2_ws/install/zed_interfaces/include/zed_interfaces/msg/detail/bounding_box2_df__rosidl_typesupport_fastrtps_c.h
[5.091s] -- Up-to-date: /home/openark/ros2_ws/install/zed_interfaces/include/zed_interfaces/msg/detail/bounding_box3_d__rosidl_typesupport_fastrtps_c.h
[5.091s] -- Up-to-date: /home/openark/ros2_ws/install/zed_interfaces/include/zed_interfaces/msg/detail/keypoint2_di__rosidl_typesupport_fastrtps_c.h
[5.091s] -- Up-to-date: /home/openark/ros2_ws/install/zed_interfaces/include/zed_interfaces/msg/rosidl_typesupport_fastrtps_c__visibility_control.h
[5.091s] -- Up-to-date: /home/openark/ros2_ws/install/zed_interfaces/include/zed_interfaces/srv
[5.091s] -- Up-to-date: /home/openark/ros2_ws/install/zed_interfaces/include/zed_interfaces/srv/detail
[5.092s] -- Up-to-date: /home/openark/ros2_ws/install/zed_interfaces/include/zed_interfaces/srv/detail/set_roi__rosidl_typesupport_fastrtps_c.h
[5.093s] -- Up-to-date: /home/openark/ros2_ws/install/zed_interfaces/include/zed_interfaces/srv/detail/start_svo_rec__rosidl_typesupport_fastrtps_c.h
[5.094s] -- Up-to-date: /home/openark/ros2_ws/install/zed_interfaces/include/zed_interfaces/srv/detail/set_pose__rosidl_typesupport_fastrtps_c.h
[5.094s] -- Up-to-date: /home/openark/ros2_ws/install/zed_interfaces/lib/libzed_interfaces__rosidl_typesupport_fastrtps_c.so
[5.095s] -- Up-to-date: /home/openark/ros2_ws/install/zed_interfaces/include/zed_interfaces
[5.096s] -- Up-to-date: /home/openark/ros2_ws/install/zed_interfaces/include/zed_interfaces/msg
[5.098s] -- Up-to-date: /home/openark/ros2_ws/install/zed_interfaces/include/zed_interfaces/msg/detail
[5.098s] -- Up-to-date: /home/openark/ros2_ws/install/zed_interfaces/include/zed_interfaces/msg/detail/keypoint3_d__rosidl_typesupport_fastrtps_cpp.hpp
[5.099s] -- Up-to-date: /home/openark/ros2_ws/install/zed_interfaces/include/zed_interfaces/msg/detail/skeleton3_d__rosidl_typesupport_fastrtps_cpp.hpp
[5.099s] -- Up-to-date: /home/openark/ros2_ws/install/zed_interfaces/include/zed_interfaces/msg/detail/objects_stamped__rosidl_typesupport_fastrtps_cpp.hpp
[5.099s] -- Up-to-date: /home/openark/ros2_ws/install/zed_interfaces/include/zed_interfaces/msg/detail/bounding_box2_df__rosidl_typesupport_fastrtps_cpp.hpp
[5.100s] -- Up-to-date: /home/openark/ros2_ws/install/zed_interfaces/include/zed_interfaces/msg/detail/dds_fastrtps
[5.101s] -- Up-to-date: /home/openark/ros2_ws/install/zed_interfaces/include/zed_interfaces/msg/detail/bounding_box3_d__rosidl_typesupport_fastrtps_cpp.hpp
[5.101s] -- Up-to-date: /home/openark/ros2_ws/install/zed_interfaces/include/zed_interfaces/msg/detail/bounding_box2_di__rosidl_typesupport_fastrtps_cpp.hpp
[5.102s] -- Up-to-date: /home/openark/ros2_ws/install/zed_interfaces/include/zed_interfaces/msg/detail/keypoint2_df__rosidl_typesupport_fastrtps_cpp.hpp
[5.102s] -- Up-to-date: /home/openark/ros2_ws/install/zed_interfaces/include/zed_interfaces/msg/detail/skeleton2_d__rosidl_typesupport_fastrtps_cpp.hpp
[5.103s] -- Up-to-date: /home/openark/ros2_ws/install/zed_interfaces/include/zed_interfaces/msg/detail/keypoint2_di__rosidl_typesupport_fastrtps_cpp.hpp
[5.105s] -- Up-to-date: /home/openark/ros2_ws/install/zed_interfaces/include/zed_interfaces/msg/detail/plane_stamped__rosidl_typesupport_fastrtps_cpp.hpp
[5.105s] -- Up-to-date: /home/openark/ros2_ws/install/zed_interfaces/include/zed_interfaces/msg/detail/object__rosidl_typesupport_fastrtps_cpp.hpp
[5.106s] -- Up-to-date: /home/openark/ros2_ws/install/zed_interfaces/include/zed_interfaces/msg/detail/heartbeat__rosidl_typesupport_fastrtps_cpp.hpp
[5.106s] -- Up-to-date: /home/openark/ros2_ws/install/zed_interfaces/include/zed_interfaces/msg/detail/depth_info_stamped__rosidl_typesupport_fastrtps_cpp.hpp
[5.107s] -- Up-to-date: /home/openark/ros2_ws/install/zed_interfaces/include/zed_interfaces/msg/detail/pos_track_status__rosidl_typesupport_fastrtps_cpp.hpp
[5.107s] -- Up-to-date: /home/openark/ros2_ws/install/zed_interfaces/include/zed_interfaces/msg/rosidl_typesupport_fastrtps_cpp__visibility_control.h
[5.108s] -- Up-to-date: /home/openark/ros2_ws/install/zed_interfaces/include/zed_interfaces/srv
[5.109s] -- Up-to-date: /home/openark/ros2_ws/install/zed_interfaces/include/zed_interfaces/srv/detail
[5.110s] -- Up-to-date: /home/openark/ros2_ws/install/zed_interfaces/include/zed_interfaces/srv/detail/set_pose__rosidl_typesupport_fastrtps_cpp.hpp
[5.112s] -- Up-to-date: /home/openark/ros2_ws/install/zed_interfaces/include/zed_interfaces/srv/detail/set_roi__rosidl_typesupport_fastrtps_cpp.hpp
[5.112s] -- Up-to-date: /home/openark/ros2_ws/install/zed_interfaces/include/zed_interfaces/srv/detail/dds_fastrtps
[5.114s] -- Up-to-date: /home/openark/ros2_ws/install/zed_interfaces/include/zed_interfaces/srv/detail/start_svo_rec__rosidl_typesupport_fastrtps_cpp.hpp
[5.115s] -- Up-to-date: /home/openark/ros2_ws/install/zed_interfaces/lib/libzed_interfaces__rosidl_typesupport_fastrtps_cpp.so
[5.117s] -- Up-to-date: /home/openark/ros2_ws/install/zed_interfaces/include/zed_interfaces
[5.117s] -- Up-to-date: /home/openark/ros2_ws/install/zed_interfaces/include/zed_interfaces/msg
[5.118s] -- Up-to-date: /home/openark/ros2_ws/install/zed_interfaces/include/zed_interfaces/msg/rosidl_typesupport_introspection_c__visibility_control.h
[5.120s] -- Up-to-date: /home/openark/ros2_ws/install/zed_interfaces/include/zed_interfaces/msg/detail
[5.120s] -- Up-to-date: /home/openark/ros2_ws/install/zed_interfaces/include/zed_interfaces/msg/detail/bounding_box2_df__rosidl_typesupport_introspection_c.h
[5.121s] -- Up-to-date: /home/openark/ros2_ws/install/zed_interfaces/include/zed_interfaces/msg/detail/depth_info_stamped__type_support.c
[5.122s] -- Up-to-date: /home/openark/ros2_ws/install/zed_interfaces/include/zed_interfaces/msg/detail/keypoint2_df__rosidl_typesupport_introspection_c.h
[5.123s] -- Up-to-date: /home/openark/ros2_ws/install/zed_interfaces/include/zed_interfaces/msg/detail/skeleton2_d__type_support.c
[5.124s] -- Up-to-date: /home/openark/ros2_ws/install/zed_interfaces/include/zed_interfaces/msg/detail/bounding_box2_df__type_support.c
[5.124s] -- Up-to-date: /home/openark/ros2_ws/install/zed_interfaces/include/zed_interfaces/msg/detail/objects_stamped__type_support.c
[5.125s] -- Up-to-date: /home/openark/ros2_ws/install/zed_interfaces/include/zed_interfaces/msg/detail/bounding_box3_d__type_support.c
[5.127s] -- Up-to-date: /home/openark/ros2_ws/install/zed_interfaces/include/zed_interfaces/msg/detail/heartbeat__type_support.c
[5.128s] -- Up-to-date: /home/openark/ros2_ws/install/zed_interfaces/include/zed_interfaces/msg/detail/object__rosidl_typesupport_introspection_c.h
[5.129s] -- Up-to-date: /home/openark/ros2_ws/install/zed_interfaces/include/zed_interfaces/msg/detail/objects_stamped__rosidl_typesupport_introspection_c.h
[5.131s] -- Up-to-date: /home/openark/ros2_ws/install/zed_interfaces/include/zed_interfaces/msg/detail/keypoint2_di__rosidl_typesupport_introspection_c.h
[5.131s] -- Up-to-date: /home/openark/ros2_ws/install/zed_interfaces/include/zed_interfaces/msg/detail/keypoint3_d__rosidl_typesupport_introspection_c.h
[5.133s] -- Up-to-date: /home/openark/ros2_ws/install/zed_interfaces/include/zed_interfaces/msg/detail/skeleton3_d__rosidl_typesupport_introspection_c.h
[5.133s] -- Up-to-date: /home/openark/ros2_ws/install/zed_interfaces/include/zed_interfaces/msg/detail/keypoint2_di__type_support.c
[5.134s] -- Up-to-date: /home/openark/ros2_ws/install/zed_interfaces/include/zed_interfaces/msg/detail/skeleton2_d__rosidl_typesupport_introspection_c.h
[5.134s] -- Up-to-date: /home/openark/ros2_ws/install/zed_interfaces/include/zed_interfaces/msg/detail/bounding_box2_di__rosidl_typesupport_introspection_c.h
[5.135s] -- Up-to-date: /home/openark/ros2_ws/install/zed_interfaces/include/zed_interfaces/msg/detail/object__type_support.c
[5.135s] -- Up-to-date: /home/openark/ros2_ws/install/zed_interfaces/include/zed_interfaces/msg/detail/plane_stamped__rosidl_typesupport_introspection_c.h
[5.136s] -- Up-to-date: /home/openark/ros2_ws/install/zed_interfaces/include/zed_interfaces/msg/detail/heartbeat__rosidl_typesupport_introspection_c.h
[5.136s] -- Up-to-date: /home/openark/ros2_ws/install/zed_interfaces/include/zed_interfaces/msg/detail/keypoint2_df__type_support.c
[5.136s] -- Up-to-date: /home/openark/ros2_ws/install/zed_interfaces/include/zed_interfaces/msg/detail/pos_track_status__rosidl_typesupport_introspection_c.h
[5.136s] -- Up-to-date: /home/openark/ros2_ws/install/zed_interfaces/include/zed_interfaces/msg/detail/depth_info_stamped__rosidl_typesupport_introspection_c.h
[5.137s] -- Up-to-date: /home/openark/ros2_ws/install/zed_interfaces/include/zed_interfaces/msg/detail/bounding_box3_d__rosidl_typesupport_introspection_c.h
[5.138s] -- Up-to-date: /home/openark/ros2_ws/install/zed_interfaces/include/zed_interfaces/msg/detail/skeleton3_d__type_support.c
[5.138s] -- Up-to-date: /home/openark/ros2_ws/install/zed_interfaces/include/zed_interfaces/msg/detail/plane_stamped__type_support.c
[5.139s] -- Up-to-date: /home/openark/ros2_ws/install/zed_interfaces/include/zed_interfaces/msg/detail/bounding_box2_di__type_support.c
[5.139s] -- Up-to-date: /home/openark/ros2_ws/install/zed_interfaces/include/zed_interfaces/msg/detail/keypoint3_d__type_support.c
[5.140s] -- Up-to-date: /home/openark/ros2_ws/install/zed_interfaces/include/zed_interfaces/msg/detail/pos_track_status__type_support.c
[5.141s] -- Up-to-date: /home/openark/ros2_ws/install/zed_interfaces/include/zed_interfaces/srv
[5.141s] -- Up-to-date: /home/openark/ros2_ws/install/zed_interfaces/include/zed_interfaces/srv/detail
[5.141s] -- Up-to-date: /home/openark/ros2_ws/install/zed_interfaces/include/zed_interfaces/srv/detail/set_roi__rosidl_typesupport_introspection_c.h
[5.142s] -- Up-to-date: /home/openark/ros2_ws/install/zed_interfaces/include/zed_interfaces/srv/detail/start_svo_rec__rosidl_typesupport_introspection_c.h
[5.142s] -- Up-to-date: /home/openark/ros2_ws/install/zed_interfaces/include/zed_interfaces/srv/detail/set_pose__rosidl_typesupport_introspection_c.h
[5.142s] -- Up-to-date: /home/openark/ros2_ws/install/zed_interfaces/include/zed_interfaces/srv/detail/set_pose__type_support.c
[5.142s] -- Up-to-date: /home/openark/ros2_ws/install/zed_interfaces/include/zed_interfaces/srv/detail/start_svo_rec__type_support.c
[5.142s] -- Up-to-date: /home/openark/ros2_ws/install/zed_interfaces/include/zed_interfaces/srv/detail/set_roi__type_support.c
[5.142s] -- Up-to-date: /home/openark/ros2_ws/install/zed_interfaces/lib/libzed_interfaces__rosidl_typesupport_introspection_c.so
[5.142s] -- Up-to-date: /home/openark/ros2_ws/install/zed_interfaces/lib/libzed_interfaces__rosidl_typesupport_c.so
[5.142s] -- Up-to-date: /home/openark/ros2_ws/install/zed_interfaces/include/zed_interfaces
[5.142s] -- Up-to-date: /home/openark/ros2_ws/install/zed_interfaces/include/zed_interfaces/msg
[5.142s] -- Up-to-date: /home/openark/ros2_ws/install/zed_interfaces/include/zed_interfaces/msg/keypoint2_di.hpp
[5.143s] -- Up-to-date: /home/openark/ros2_ws/install/zed_interfaces/include/zed_interfaces/msg/skeleton2_d.hpp
[5.143s] -- Up-to-date: /home/openark/ros2_ws/install/zed_interfaces/include/zed_interfaces/msg/bounding_box2_di.hpp
[5.143s] -- Up-to-date: /home/openark/ros2_ws/install/zed_interfaces/include/zed_interfaces/msg/depth_info_stamped.hpp
[5.143s] -- Up-to-date: /home/openark/ros2_ws/install/zed_interfaces/include/zed_interfaces/msg/plane_stamped.hpp
[5.143s] -- Up-to-date: /home/openark/ros2_ws/install/zed_interfaces/include/zed_interfaces/msg/detail
[5.143s] -- Up-to-date: /home/openark/ros2_ws/install/zed_interfaces/include/zed_interfaces/msg/detail/bounding_box2_df__traits.hpp
[5.143s] -- Up-to-date: /home/openark/ros2_ws/install/zed_interfaces/include/zed_interfaces/msg/detail/keypoint2_df__traits.hpp
[5.145s] -- Up-to-date: /home/openark/ros2_ws/install/zed_interfaces/include/zed_interfaces/msg/detail/bounding_box2_df__type_support.hpp
[5.145s] -- Up-to-date: /home/openark/ros2_ws/install/zed_interfaces/include/zed_interfaces/msg/detail/skeleton3_d__traits.hpp
[5.145s] -- Up-to-date: /home/openark/ros2_ws/install/zed_interfaces/include/zed_interfaces/msg/detail/bounding_box2_df__struct.hpp
[5.145s] -- Up-to-date: /home/openark/ros2_ws/install/zed_interfaces/include/zed_interfaces/msg/detail/bounding_box3_d__builder.hpp
[5.146s] -- Up-to-date: /home/openark/ros2_ws/install/zed_interfaces/include/zed_interfaces/msg/detail/plane_stamped__type_support.hpp
[5.146s] -- Up-to-date: /home/openark/ros2_ws/install/zed_interfaces/include/zed_interfaces/msg/detail/keypoint2_df__type_support.hpp
[5.146s] -- Up-to-date: /home/openark/ros2_ws/install/zed_interfaces/include/zed_interfaces/msg/detail/skeleton2_d__type_support.hpp
[5.146s] -- Up-to-date: /home/openark/ros2_ws/install/zed_interfaces/include/zed_interfaces/msg/detail/skeleton2_d__traits.hpp
[5.146s] -- Up-to-date: /home/openark/ros2_ws/install/zed_interfaces/include/zed_interfaces/msg/detail/objects_stamped__traits.hpp
[5.147s] -- Up-to-date: /home/openark/ros2_ws/install/zed_interfaces/include/zed_interfaces/msg/detail/pos_track_status__traits.hpp
[5.147s] -- Up-to-date: /home/openark/ros2_ws/install/zed_interfaces/include/zed_interfaces/msg/detail/depth_info_stamped__traits.hpp
[5.147s] -- Up-to-date: /home/openark/ros2_ws/install/zed_interfaces/include/zed_interfaces/msg/detail/bounding_box3_d__struct.hpp
[5.147s] -- Up-to-date: /home/openark/ros2_ws/install/zed_interfaces/include/zed_interfaces/msg/detail/keypoint2_df__struct.hpp
[5.147s] -- Up-to-date: /home/openark/ros2_ws/install/zed_interfaces/include/zed_interfaces/msg/detail/keypoint2_di__struct.hpp
[5.147s] -- Up-to-date: /home/openark/ros2_ws/install/zed_interfaces/include/zed_interfaces/msg/detail/objects_stamped__struct.hpp
[5.148s] -- Up-to-date: /home/openark/ros2_ws/install/zed_interfaces/include/zed_interfaces/msg/detail/object__struct.hpp
[5.148s] -- Up-to-date: /home/openark/ros2_ws/install/zed_interfaces/include/zed_interfaces/msg/detail/pos_track_status__type_support.hpp
[5.149s] -- Up-to-date: /home/openark/ros2_ws/install/zed_interfaces/include/zed_interfaces/msg/detail/bounding_box2_df__builder.hpp
[5.149s] -- Up-to-date: /home/openark/ros2_ws/install/zed_interfaces/include/zed_interfaces/msg/detail/depth_info_stamped__type_support.hpp
[5.149s] -- Up-to-date: /home/openark/ros2_ws/install/zed_interfaces/include/zed_interfaces/msg/detail/skeleton2_d__builder.hpp
[5.149s] -- Up-to-date: /home/openark/ros2_ws/install/zed_interfaces/include/zed_interfaces/msg/detail/bounding_box2_di__type_support.hpp
[5.150s] -- Up-to-date: /home/openark/ros2_ws/install/zed_interfaces/include/zed_interfaces/msg/detail/keypoint2_di__builder.hpp
[5.150s] -- Up-to-date: /home/openark/ros2_ws/install/zed_interfaces/include/zed_interfaces/msg/detail/objects_stamped__builder.hpp
[5.151s] -- Up-to-date: /home/openark/ros2_ws/install/zed_interfaces/include/zed_interfaces/msg/detail/heartbeat__traits.hpp
[5.151s] -- Up-to-date: /home/openark/ros2_ws/install/zed_interfaces/include/zed_interfaces/msg/detail/plane_stamped__traits.hpp
[5.152s] -- Up-to-date: /home/openark/ros2_ws/install/zed_interfaces/include/zed_interfaces/msg/detail/skeleton3_d__struct.hpp
[5.152s] -- Up-to-date: /home/openark/ros2_ws/install/zed_interfaces/include/zed_interfaces/msg/detail/keypoint3_d__builder.hpp
[5.152s] -- Up-to-date: /home/openark/ros2_ws/install/zed_interfaces/include/zed_interfaces/msg/detail/bounding_box2_di__builder.hpp
[5.153s] -- Up-to-date: /home/openark/ros2_ws/install/zed_interfaces/include/zed_interfaces/msg/detail/heartbeat__type_support.hpp
[5.154s] -- Up-to-date: /home/openark/ros2_ws/install/zed_interfaces/include/zed_interfaces/msg/detail/bounding_box3_d__traits.hpp
[5.154s] -- Up-to-date: /home/openark/ros2_ws/install/zed_interfaces/include/zed_interfaces/msg/detail/bounding_box2_di__traits.hpp
[5.155s] -- Up-to-date: /home/openark/ros2_ws/install/zed_interfaces/include/zed_interfaces/msg/detail/heartbeat__builder.hpp
[5.155s] -- Up-to-date: /home/openark/ros2_ws/install/zed_interfaces/include/zed_interfaces/msg/detail/keypoint2_di__type_support.hpp
[5.155s] -- Up-to-date: /home/openark/ros2_ws/install/zed_interfaces/include/zed_interfaces/msg/detail/object__traits.hpp
[5.156s] -- Up-to-date: /home/openark/ros2_ws/install/zed_interfaces/include/zed_interfaces/msg/detail/plane_stamped__builder.hpp
[5.156s] -- Up-to-date: /home/openark/ros2_ws/install/zed_interfaces/include/zed_interfaces/msg/detail/keypoint3_d__struct.hpp
[5.156s] -- Up-to-date: /home/openark/ros2_ws/install/zed_interfaces/include/zed_interfaces/msg/detail/pos_track_status__builder.hpp
[5.157s] -- Up-to-date: /home/openark/ros2_ws/install/zed_interfaces/include/zed_interfaces/msg/detail/objects_stamped__type_support.hpp
[5.157s] -- Up-to-date: /home/openark/ros2_ws/install/zed_interfaces/include/zed_interfaces/msg/detail/plane_stamped__struct.hpp
[5.158s] -- Up-to-date: /home/openark/ros2_ws/install/zed_interfaces/include/zed_interfaces/msg/detail/skeleton2_d__struct.hpp
[5.158s] -- Up-to-date: /home/openark/ros2_ws/install/zed_interfaces/include/zed_interfaces/msg/detail/bounding_box2_di__struct.hpp
[5.159s] -- Up-to-date: /home/openark/ros2_ws/install/zed_interfaces/include/zed_interfaces/msg/detail/keypoint3_d__type_support.hpp
[5.159s] -- Up-to-date: /home/openark/ros2_ws/install/zed_interfaces/include/zed_interfaces/msg/detail/heartbeat__struct.hpp
[5.160s] -- Up-to-date: /home/openark/ros2_ws/install/zed_interfaces/include/zed_interfaces/msg/detail/depth_info_stamped__struct.hpp
[5.160s] -- Up-to-date: /home/openark/ros2_ws/install/zed_interfaces/include/zed_interfaces/msg/detail/keypoint2_di__traits.hpp
[5.161s] -- Up-to-date: /home/openark/ros2_ws/install/zed_interfaces/include/zed_interfaces/msg/detail/depth_info_stamped__builder.hpp
[5.161s] -- Up-to-date: /home/openark/ros2_ws/install/zed_interfaces/include/zed_interfaces/msg/detail/object__type_support.hpp
[5.161s] -- Up-to-date: /home/openark/ros2_ws/install/zed_interfaces/include/zed_interfaces/msg/detail/object__builder.hpp
[5.162s] -- Up-to-date: /home/openark/ros2_ws/install/zed_interfaces/include/zed_interfaces/msg/detail/keypoint3_d__traits.hpp
[5.163s] -- Up-to-date: /home/openark/ros2_ws/install/zed_interfaces/include/zed_interfaces/msg/detail/skeleton3_d__type_support.hpp
[5.163s] -- Up-to-date: /home/openark/ros2_ws/install/zed_interfaces/include/zed_interfaces/msg/detail/pos_track_status__struct.hpp
[5.164s] -- Up-to-date: /home/openark/ros2_ws/install/zed_interfaces/include/zed_interfaces/msg/detail/skeleton3_d__builder.hpp
[5.164s] -- Up-to-date: /home/openark/ros2_ws/install/zed_interfaces/include/zed_interfaces/msg/detail/keypoint2_df__builder.hpp
[5.164s] -- Up-to-date: /home/openark/ros2_ws/install/zed_interfaces/include/zed_interfaces/msg/detail/bounding_box3_d__type_support.hpp
[5.165s] -- Up-to-date: /home/openark/ros2_ws/install/zed_interfaces/include/zed_interfaces/msg/pos_track_status.hpp
[5.165s] -- Up-to-date: /home/openark/ros2_ws/install/zed_interfaces/include/zed_interfaces/msg/objects_stamped.hpp
[5.166s] -- Up-to-date: /home/openark/ros2_ws/install/zed_interfaces/include/zed_interfaces/msg/object.hpp
[5.166s] -- Up-to-date: /home/openark/ros2_ws/install/zed_interfaces/include/zed_interfaces/msg/keypoint2_df.hpp
[5.166s] -- Up-to-date: /home/openark/ros2_ws/install/zed_interfaces/include/zed_interfaces/msg/bounding_box2_df.hpp
[5.167s] -- Up-to-date: /home/openark/ros2_ws/install/zed_interfaces/include/zed_interfaces/msg/keypoint3_d.hpp
[5.167s] -- Up-to-date: /home/openark/ros2_ws/install/zed_interfaces/include/zed_interfaces/msg/rosidl_generator_cpp__visibility_control.hpp
[5.167s] -- Up-to-date: /home/openark/ros2_ws/install/zed_interfaces/include/zed_interfaces/msg/bounding_box3_d.hpp
[5.168s] -- Up-to-date: /home/openark/ros2_ws/install/zed_interfaces/include/zed_interfaces/msg/heartbeat.hpp
[5.168s] -- Up-to-date: /home/openark/ros2_ws/install/zed_interfaces/include/zed_interfaces/msg/skeleton3_d.hpp
[5.169s] -- Up-to-date: /home/openark/ros2_ws/install/zed_interfaces/include/zed_interfaces/srv
[5.169s] -- Up-to-date: /home/openark/ros2_ws/install/zed_interfaces/include/zed_interfaces/srv/start_svo_rec.hpp
[5.169s] -- Up-to-date: /home/openark/ros2_ws/install/zed_interfaces/include/zed_interfaces/srv/set_pose.hpp
[5.169s] -- Up-to-date: /home/openark/ros2_ws/install/zed_interfaces/include/zed_interfaces/srv/detail
[5.170s] -- Up-to-date: /home/openark/ros2_ws/install/zed_interfaces/include/zed_interfaces/srv/detail/set_roi__type_support.hpp
[5.170s] -- Up-to-date: /home/openark/ros2_ws/install/zed_interfaces/include/zed_interfaces/srv/detail/start_svo_rec__traits.hpp
[5.171s] -- Up-to-date: /home/openark/ros2_ws/install/zed_interfaces/include/zed_interfaces/srv/detail/set_pose__traits.hpp
[5.171s] -- Up-to-date: /home/openark/ros2_ws/install/zed_interfaces/include/zed_interfaces/srv/detail/set_roi__traits.hpp
[5.171s] -- Up-to-date: /home/openark/ros2_ws/install/zed_interfaces/include/zed_interfaces/srv/detail/set_roi__struct.hpp
[5.171s] -- Up-to-date: /home/openark/ros2_ws/install/zed_interfaces/include/zed_interfaces/srv/detail/set_roi__builder.hpp
[5.172s] -- Up-to-date: /home/openark/ros2_ws/install/zed_interfaces/include/zed_interfaces/srv/detail/start_svo_rec__type_support.hpp
[5.172s] -- Up-to-date: /home/openark/ros2_ws/install/zed_interfaces/include/zed_interfaces/srv/detail/set_pose__type_support.hpp
[5.173s] -- Up-to-date: /home/openark/ros2_ws/install/zed_interfaces/include/zed_interfaces/srv/detail/start_svo_rec__struct.hpp
[5.173s] -- Up-to-date: /home/openark/ros2_ws/install/zed_interfaces/include/zed_interfaces/srv/detail/start_svo_rec__builder.hpp
[5.174s] -- Up-to-date: /home/openark/ros2_ws/install/zed_interfaces/include/zed_interfaces/srv/detail/set_pose__builder.hpp
[5.174s] -- Up-to-date: /home/openark/ros2_ws/install/zed_interfaces/include/zed_interfaces/srv/detail/set_pose__struct.hpp
[5.174s] -- Up-to-date: /home/openark/ros2_ws/install/zed_interfaces/include/zed_interfaces/srv/set_roi.hpp
[5.174s] -- Up-to-date: /home/openark/ros2_ws/install/zed_interfaces/include/zed_interfaces
[5.174s] -- Up-to-date: /home/openark/ros2_ws/install/zed_interfaces/include/zed_interfaces/msg
[5.175s] -- Up-to-date: /home/openark/ros2_ws/install/zed_interfaces/include/zed_interfaces/msg/detail
[5.175s] -- Up-to-date: /home/openark/ros2_ws/install/zed_interfaces/include/zed_interfaces/msg/detail/skeleton2_d__rosidl_typesupport_introspection_cpp.hpp
[5.175s] -- Up-to-date: /home/openark/ros2_ws/install/zed_interfaces/include/zed_interfaces/msg/detail/heartbeat__type_support.cpp
[5.177s] -- Up-to-date: /home/openark/ros2_ws/install/zed_interfaces/include/zed_interfaces/msg/detail/keypoint3_d__rosidl_typesupport_introspection_cpp.hpp
[5.177s] -- Up-to-date: /home/openark/ros2_ws/install/zed_interfaces/include/zed_interfaces/msg/detail/pos_track_status__type_support.cpp
[5.178s] -- Up-to-date: /home/openark/ros2_ws/install/zed_interfaces/include/zed_interfaces/msg/detail/depth_info_stamped__rosidl_typesupport_introspection_cpp.hpp
[5.178s] -- Up-to-date: /home/openark/ros2_ws/install/zed_interfaces/include/zed_interfaces/msg/detail/keypoint2_di__type_support.cpp
[5.179s] -- Up-to-date: /home/openark/ros2_ws/install/zed_interfaces/include/zed_interfaces/msg/detail/plane_stamped__rosidl_typesupport_introspection_cpp.hpp
[5.180s] -- Up-to-date: /home/openark/ros2_ws/install/zed_interfaces/include/zed_interfaces/msg/detail/pos_track_status__rosidl_typesupport_introspection_cpp.hpp
[5.180s] -- Up-to-date: /home/openark/ros2_ws/install/zed_interfaces/include/zed_interfaces/msg/detail/objects_stamped__type_support.cpp
[5.181s] -- Up-to-date: /home/openark/ros2_ws/install/zed_interfaces/include/zed_interfaces/msg/detail/bounding_box3_d__rosidl_typesupport_introspection_cpp.hpp
[5.181s] -- Up-to-date: /home/openark/ros2_ws/install/zed_interfaces/include/zed_interfaces/msg/detail/keypoint2_di__rosidl_typesupport_introspection_cpp.hpp
[5.182s] -- Up-to-date: /home/openark/ros2_ws/install/zed_interfaces/include/zed_interfaces/msg/detail/object__type_support.cpp
[5.182s] -- Up-to-date: /home/openark/ros2_ws/install/zed_interfaces/include/zed_interfaces/msg/detail/skeleton3_d__rosidl_typesupport_introspection_cpp.hpp
[5.183s] -- Up-to-date: /home/openark/ros2_ws/install/zed_interfaces/include/zed_interfaces/msg/detail/keypoint2_df__rosidl_typesupport_introspection_cpp.hpp
[5.183s] -- Up-to-date: /home/openark/ros2_ws/install/zed_interfaces/include/zed_interfaces/msg/detail/heartbeat__rosidl_typesupport_introspection_cpp.hpp
[5.184s] -- Up-to-date: /home/openark/ros2_ws/install/zed_interfaces/include/zed_interfaces/msg/detail/keypoint3_d__type_support.cpp
[5.186s] -- Up-to-date: /home/openark/ros2_ws/install/zed_interfaces/include/zed_interfaces/msg/detail/bounding_box2_di__rosidl_typesupport_introspection_cpp.hpp
[5.186s] -- Up-to-date: /home/openark/ros2_ws/install/zed_interfaces/include/zed_interfaces/msg/detail/keypoint2_df__type_support.cpp
[5.187s] -- Up-to-date: /home/openark/ros2_ws/install/zed_interfaces/include/zed_interfaces/msg/detail/bounding_box2_df__type_support.cpp
[5.188s] -- Up-to-date: /home/openark/ros2_ws/install/zed_interfaces/include/zed_interfaces/msg/detail/depth_info_stamped__type_support.cpp
[5.189s] -- Up-to-date: /home/openark/ros2_ws/install/zed_interfaces/include/zed_interfaces/msg/detail/bounding_box2_di__type_support.cpp
[5.190s] -- Up-to-date: /home/openark/ros2_ws/install/zed_interfaces/include/zed_interfaces/msg/detail/bounding_box2_df__rosidl_typesupport_introspection_cpp.hpp
[5.191s] -- Up-to-date: /home/openark/ros2_ws/install/zed_interfaces/include/zed_interfaces/msg/detail/skeleton2_d__type_support.cpp
[5.192s] -- Up-to-date: /home/openark/ros2_ws/install/zed_interfaces/include/zed_interfaces/msg/detail/objects_stamped__rosidl_typesupport_introspection_cpp.hpp
[5.193s] -- Up-to-date: /home/openark/ros2_ws/install/zed_interfaces/include/zed_interfaces/msg/detail/bounding_box3_d__type_support.cpp
[5.194s] -- Up-to-date: /home/openark/ros2_ws/install/zed_interfaces/include/zed_interfaces/msg/detail/skeleton3_d__type_support.cpp
[5.194s] -- Up-to-date: /home/openark/ros2_ws/install/zed_interfaces/include/zed_interfaces/msg/detail/plane_stamped__type_support.cpp
[5.195s] -- Up-to-date: /home/openark/ros2_ws/install/zed_interfaces/include/zed_interfaces/msg/detail/object__rosidl_typesupport_introspection_cpp.hpp
[5.195s] -- Up-to-date: /home/openark/ros2_ws/install/zed_interfaces/include/zed_interfaces/srv
[5.197s] -- Up-to-date: /home/openark/ros2_ws/install/zed_interfaces/include/zed_interfaces/srv/detail
[5.200s] -- Up-to-date: /home/openark/ros2_ws/install/zed_interfaces/include/zed_interfaces/srv/detail/set_roi__type_support.cpp
[5.201s] -- Up-to-date: /home/openark/ros2_ws/install/zed_interfaces/include/zed_interfaces/srv/detail/start_svo_rec__type_support.cpp
[5.202s] -- Up-to-date: /home/openark/ros2_ws/install/zed_interfaces/include/zed_interfaces/srv/detail/set_pose__rosidl_typesupport_introspection_cpp.hpp
[5.203s] -- Up-to-date: /home/openark/ros2_ws/install/zed_interfaces/include/zed_interfaces/srv/detail/start_svo_rec__rosidl_typesupport_introspection_cpp.hpp
[5.204s] -- Up-to-date: /home/openark/ros2_ws/install/zed_interfaces/include/zed_interfaces/srv/detail/set_pose__type_support.cpp
[5.205s] -- Up-to-date: /home/openark/ros2_ws/install/zed_interfaces/include/zed_interfaces/srv/detail/set_roi__rosidl_typesupport_introspection_cpp.hpp
[5.207s] -- Up-to-date: /home/openark/ros2_ws/install/zed_interfaces/lib/libzed_interfaces__rosidl_typesupport_introspection_cpp.so
[5.207s] -- Up-to-date: /home/openark/ros2_ws/install/zed_interfaces/lib/libzed_interfaces__rosidl_typesupport_cpp.so
[5.210s] -- Up-to-date: /home/openark/ros2_ws/install/zed_interfaces/share/zed_interfaces/environment/pythonpath.sh
[5.210s] -- Up-to-date: /home/openark/ros2_ws/install/zed_interfaces/share/zed_interfaces/environment/pythonpath.dsv
[5.211s] -- Up-to-date: /home/openark/ros2_ws/install/zed_interfaces/lib/python3.8/site-packages/zed_interfaces/__init__.py
[5.212s] -- Up-to-date: /home/openark/ros2_ws/install/zed_interfaces/lib/python3.8/site-packages/zed_interfaces/msg
[5.213s] -- Up-to-date: /home/openark/ros2_ws/install/zed_interfaces/lib/python3.8/site-packages/zed_interfaces/msg/_keypoint2_di_s.c
[5.214s] -- Up-to-date: /home/openark/ros2_ws/install/zed_interfaces/lib/python3.8/site-packages/zed_interfaces/msg/_objects_stamped_s.c
[5.214s] -- Up-to-date: /home/openark/ros2_ws/install/zed_interfaces/lib/python3.8/site-packages/zed_interfaces/msg/_bounding_box2_df_s.c
[5.216s] -- Up-to-date: /home/openark/ros2_ws/install/zed_interfaces/lib/python3.8/site-packages/zed_interfaces/msg/__init__.py
[5.217s] -- Up-to-date: /home/openark/ros2_ws/install/zed_interfaces/lib/python3.8/site-packages/zed_interfaces/msg/_object_s.c
[5.217s] -- Up-to-date: /home/openark/ros2_ws/install/zed_interfaces/lib/python3.8/site-packages/zed_interfaces/msg/_heartbeat_s.c
[5.218s] -- Up-to-date: /home/openark/ros2_ws/install/zed_interfaces/lib/python3.8/site-packages/zed_interfaces/msg/_keypoint2_di.py
[5.220s] -- Up-to-date: /home/openark/ros2_ws/install/zed_interfaces/lib/python3.8/site-packages/zed_interfaces/msg/_objects_stamped.py
[5.222s] -- Up-to-date: /home/openark/ros2_ws/install/zed_interfaces/lib/python3.8/site-packages/zed_interfaces/msg/_keypoint3_d.py
[5.224s] -- Up-to-date: /home/openark/ros2_ws/install/zed_interfaces/lib/python3.8/site-packages/zed_interfaces/msg/_plane_stamped.py
[5.224s] -- Up-to-date: /home/openark/ros2_ws/install/zed_interfaces/lib/python3.8/site-packages/zed_interfaces/msg/_object.py
[5.225s] -- Up-to-date: /home/openark/ros2_ws/install/zed_interfaces/lib/python3.8/site-packages/zed_interfaces/msg/_depth_info_stamped.py
[5.226s] -- Up-to-date: /home/openark/ros2_ws/install/zed_interfaces/lib/python3.8/site-packages/zed_interfaces/msg/_bounding_box2_di.py
[5.226s] -- Up-to-date: /home/openark/ros2_ws/install/zed_interfaces/lib/python3.8/site-packages/zed_interfaces/msg/_plane_stamped_s.c
[5.226s] -- Up-to-date: /home/openark/ros2_ws/install/zed_interfaces/lib/python3.8/site-packages/zed_interfaces/msg/_pos_track_status_s.c
[5.226s] -- Up-to-date: /home/openark/ros2_ws/install/zed_interfaces/lib/python3.8/site-packages/zed_interfaces/msg/_skeleton2_d_s.c
[5.226s] -- Up-to-date: /home/openark/ros2_ws/install/zed_interfaces/lib/python3.8/site-packages/zed_interfaces/msg/_bounding_box3_d.py
[5.226s] -- Up-to-date: /home/openark/ros2_ws/install/zed_interfaces/lib/python3.8/site-packages/zed_interfaces/msg/_keypoint3_d_s.c
[5.227s] -- Up-to-date: /home/openark/ros2_ws/install/zed_interfaces/lib/python3.8/site-packages/zed_interfaces/msg/_skeleton3_d.py
[5.227s] -- Up-to-date: /home/openark/ros2_ws/install/zed_interfaces/lib/python3.8/site-packages/zed_interfaces/msg/_bounding_box2_df.py
[5.227s] -- Up-to-date: /home/openark/ros2_ws/install/zed_interfaces/lib/python3.8/site-packages/zed_interfaces/msg/_keypoint2_df.py
[5.227s] -- Up-to-date: /home/openark/ros2_ws/install/zed_interfaces/lib/python3.8/site-packages/zed_interfaces/msg/_keypoint2_df_s.c
[5.227s] -- Up-to-date: /home/openark/ros2_ws/install/zed_interfaces/lib/python3.8/site-packages/zed_interfaces/msg/_bounding_box2_di_s.c
[5.227s] -- Up-to-date: /home/openark/ros2_ws/install/zed_interfaces/lib/python3.8/site-packages/zed_interfaces/msg/_bounding_box3_d_s.c
[5.227s] -- Up-to-date: /home/openark/ros2_ws/install/zed_interfaces/lib/python3.8/site-packages/zed_interfaces/msg/_skeleton3_d_s.c
[5.227s] -- Up-to-date: /home/openark/ros2_ws/install/zed_interfaces/lib/python3.8/site-packages/zed_interfaces/msg/_pos_track_status.py
[5.228s] -- Up-to-date: /home/openark/ros2_ws/install/zed_interfaces/lib/python3.8/site-packages/zed_interfaces/msg/_heartbeat.py
[5.228s] -- Up-to-date: /home/openark/ros2_ws/install/zed_interfaces/lib/python3.8/site-packages/zed_interfaces/msg/_depth_info_stamped_s.c
[5.228s] -- Up-to-date: /home/openark/ros2_ws/install/zed_interfaces/lib/python3.8/site-packages/zed_interfaces/msg/_skeleton2_d.py
[5.228s] -- Up-to-date: /home/openark/ros2_ws/install/zed_interfaces/lib/python3.8/site-packages/zed_interfaces/srv
[5.228s] -- Up-to-date: /home/openark/ros2_ws/install/zed_interfaces/lib/python3.8/site-packages/zed_interfaces/srv/_set_pose.py
[5.228s] -- Up-to-date: /home/openark/ros2_ws/install/zed_interfaces/lib/python3.8/site-packages/zed_interfaces/srv/__init__.py
[5.228s] -- Up-to-date: /home/openark/ros2_ws/install/zed_interfaces/lib/python3.8/site-packages/zed_interfaces/srv/_set_roi_s.c
[5.228s] -- Up-to-date: /home/openark/ros2_ws/install/zed_interfaces/lib/python3.8/site-packages/zed_interfaces/srv/_start_svo_rec.py
[5.228s] -- Up-to-date: /home/openark/ros2_ws/install/zed_interfaces/lib/python3.8/site-packages/zed_interfaces/srv/_set_pose_s.c
[5.229s] -- Up-to-date: /home/openark/ros2_ws/install/zed_interfaces/lib/python3.8/site-packages/zed_interfaces/srv/_set_roi.py
[5.229s] -- Up-to-date: /home/openark/ros2_ws/install/zed_interfaces/lib/python3.8/site-packages/zed_interfaces/srv/_start_svo_rec_s.c
[5.229s] -- Up-to-date: /home/openark/ros2_ws/install/zed_interfaces/lib/python3.8/site-packages/zed_interfaces/zed_interfaces_s__rosidl_typesupport_fastrtps_c.cpython-38-x86_64-linux-gnu.so
[5.229s] -- Up-to-date: /home/openark/ros2_ws/install/zed_interfaces/lib/python3.8/site-packages/zed_interfaces/zed_interfaces_s__rosidl_typesupport_introspection_c.cpython-38-x86_64-linux-gnu.so
[5.229s] -- Up-to-date: /home/openark/ros2_ws/install/zed_interfaces/lib/python3.8/site-packages/zed_interfaces/zed_interfaces_s__rosidl_typesupport_c.cpython-38-x86_64-linux-gnu.so
[5.229s] -- Up-to-date: /home/openark/ros2_ws/install/zed_interfaces/lib/libzed_interfaces__python.so
[5.229s] -- Up-to-date: /home/openark/ros2_ws/install/zed_interfaces/share/zed_interfaces/msg/Object.idl
[5.229s] -- Up-to-date: /home/openark/ros2_ws/install/zed_interfaces/share/zed_interfaces/msg/ObjectsStamped.idl
[5.229s] -- Up-to-date: /home/openark/ros2_ws/install/zed_interfaces/share/zed_interfaces/msg/Keypoint2Di.idl
[5.229s] -- Up-to-date: /home/openark/ros2_ws/install/zed_interfaces/share/zed_interfaces/msg/Keypoint2Df.idl
[5.230s] -- Up-to-date: /home/openark/ros2_ws/install/zed_interfaces/share/zed_interfaces/msg/Keypoint3D.idl
[5.230s] -- Up-to-date: /home/openark/ros2_ws/install/zed_interfaces/share/zed_interfaces/msg/BoundingBox2Di.idl
[5.230s] -- Up-to-date: /home/openark/ros2_ws/install/zed_interfaces/share/zed_interfaces/msg/BoundingBox2Df.idl
[5.230s] -- Up-to-date: /home/openark/ros2_ws/install/zed_interfaces/share/zed_interfaces/msg/BoundingBox3D.idl
[5.230s] -- Up-to-date: /home/openark/ros2_ws/install/zed_interfaces/share/zed_interfaces/msg/Skeleton2D.idl
[5.232s] -- Up-to-date: /home/openark/ros2_ws/install/zed_interfaces/share/zed_interfaces/msg/Skeleton3D.idl
[5.232s] -- Up-to-date: /home/openark/ros2_ws/install/zed_interfaces/share/zed_interfaces/msg/DepthInfoStamped.idl
[5.232s] -- Up-to-date: /home/openark/ros2_ws/install/zed_interfaces/share/zed_interfaces/msg/PlaneStamped.idl
[5.232s] -- Up-to-date: /home/openark/ros2_ws/install/zed_interfaces/share/zed_interfaces/msg/PosTrackStatus.idl
[5.232s] -- Up-to-date: /home/openark/ros2_ws/install/zed_interfaces/share/zed_interfaces/msg/Heartbeat.idl
[5.232s] -- Up-to-date: /home/openark/ros2_ws/install/zed_interfaces/share/zed_interfaces/srv/SetPose.idl
[5.232s] -- Up-to-date: /home/openark/ros2_ws/install/zed_interfaces/share/zed_interfaces/srv/StartSvoRec.idl
[5.232s] -- Up-to-date: /home/openark/ros2_ws/install/zed_interfaces/share/zed_interfaces/srv/SetROI.idl
[5.232s] -- Up-to-date: /home/openark/ros2_ws/install/zed_interfaces/share/zed_interfaces/msg/Object.msg
[5.233s] -- Up-to-date: /home/openark/ros2_ws/install/zed_interfaces/share/zed_interfaces/msg/ObjectsStamped.msg
[5.233s] -- Up-to-date: /home/openark/ros2_ws/install/zed_interfaces/share/zed_interfaces/msg/Keypoint2Di.msg
[5.233s] -- Up-to-date: /home/openark/ros2_ws/install/zed_interfaces/share/zed_interfaces/msg/Keypoint2Df.msg
[5.233s] -- Up-to-date: /home/openark/ros2_ws/install/zed_interfaces/share/zed_interfaces/msg/Keypoint3D.msg
[5.233s] -- Up-to-date: /home/openark/ros2_ws/install/zed_interfaces/share/zed_interfaces/msg/BoundingBox2Di.msg
[5.234s] -- Up-to-date: /home/openark/ros2_ws/install/zed_interfaces/share/zed_interfaces/msg/BoundingBox2Df.msg
[5.234s] -- Up-to-date: /home/openark/ros2_ws/install/zed_interfaces/share/zed_interfaces/msg/BoundingBox3D.msg
[5.234s] -- Up-to-date: /home/openark/ros2_ws/install/zed_interfaces/share/zed_interfaces/msg/Skeleton2D.msg
[5.234s] -- Up-to-date: /home/openark/ros2_ws/install/zed_interfaces/share/zed_interfaces/msg/Skeleton3D.msg
[5.234s] -- Up-to-date: /home/openark/ros2_ws/install/zed_interfaces/share/zed_interfaces/msg/DepthInfoStamped.msg
[5.234s] -- Up-to-date: /home/openark/ros2_ws/install/zed_interfaces/share/zed_interfaces/msg/PlaneStamped.msg
[5.235s] -- Up-to-date: /home/openark/ros2_ws/install/zed_interfaces/share/zed_interfaces/msg/PosTrackStatus.msg
[5.235s] -- Up-to-date: /home/openark/ros2_ws/install/zed_interfaces/share/zed_interfaces/msg/Heartbeat.msg
[5.235s] -- Up-to-date: /home/openark/ros2_ws/install/zed_interfaces/share/zed_interfaces/srv/SetPose.srv
[5.235s] -- Up-to-date: /home/openark/ros2_ws/install/zed_interfaces/share/zed_interfaces/srv/SetPose_Request.msg
[5.235s] -- Up-to-date: /home/openark/ros2_ws/install/zed_interfaces/share/zed_interfaces/srv/SetPose_Response.msg
[5.236s] -- Up-to-date: /home/openark/ros2_ws/install/zed_interfaces/share/zed_interfaces/srv/StartSvoRec.srv
[5.236s] -- Up-to-date: /home/openark/ros2_ws/install/zed_interfaces/share/zed_interfaces/srv/StartSvoRec_Request.msg
[5.236s] -- Up-to-date: /home/openark/ros2_ws/install/zed_interfaces/share/zed_interfaces/srv/StartSvoRec_Response.msg
[5.236s] -- Up-to-date: /home/openark/ros2_ws/install/zed_interfaces/share/zed_interfaces/srv/SetROI.srv
[5.236s] -- Up-to-date: /home/openark/ros2_ws/install/zed_interfaces/share/zed_interfaces/srv/SetROI_Request.msg
[5.236s] -- Up-to-date: /home/openark/ros2_ws/install/zed_interfaces/share/zed_interfaces/srv/SetROI_Response.msg
[5.236s] -- Up-to-date: /home/openark/ros2_ws/install/zed_interfaces/share/zed_interfaces/meshes
[5.237s] -- Up-to-date: /home/openark/ros2_ws/install/zed_interfaces/share/zed_interfaces/meshes/zedx.stl
[5.237s] -- Up-to-date: /home/openark/ros2_ws/install/zed_interfaces/share/zed_interfaces/meshes/zed2.stl
[5.238s] -- Up-to-date: /home/openark/ros2_ws/install/zed_interfaces/share/zed_interfaces/meshes/zed2i.stl
[5.239s] -- Up-to-date: /home/openark/ros2_ws/install/zed_interfaces/share/zed_interfaces/meshes/zedm.stl
[5.239s] -- Up-to-date: /home/openark/ros2_ws/install/zed_interfaces/share/zed_interfaces/meshes/zedxm.stl
[5.239s] -- Up-to-date: /home/openark/ros2_ws/install/zed_interfaces/share/zed_interfaces/meshes/zed.stl
[5.241s] -- Up-to-date: /home/openark/ros2_ws/install/zed_interfaces/share/ament_index/resource_index/package_run_dependencies/zed_interfaces
[5.241s] -- Up-to-date: /home/openark/ros2_ws/install/zed_interfaces/share/ament_index/resource_index/parent_prefix_path/zed_interfaces
[5.243s] -- Up-to-date: /home/openark/ros2_ws/install/zed_interfaces/share/zed_interfaces/environment/ament_prefix_path.sh
[5.243s] -- Up-to-date: /home/openark/ros2_ws/install/zed_interfaces/share/zed_interfaces/environment/ament_prefix_path.dsv
[5.244s] -- Up-to-date: /home/openark/ros2_ws/install/zed_interfaces/share/zed_interfaces/environment/path.sh
[5.245s] -- Up-to-date: /home/openark/ros2_ws/install/zed_interfaces/share/zed_interfaces/environment/path.dsv
[5.246s] -- Up-to-date: /home/openark/ros2_ws/install/zed_interfaces/share/zed_interfaces/local_setup.bash
[5.247s] -- Up-to-date: /home/openark/ros2_ws/install/zed_interfaces/share/zed_interfaces/local_setup.sh
[5.247s] -- Up-to-date: /home/openark/ros2_ws/install/zed_interfaces/share/zed_interfaces/local_setup.zsh
[5.247s] -- Up-to-date: /home/openark/ros2_ws/install/zed_interfaces/share/zed_interfaces/local_setup.dsv
[5.248s] -- Installing: /home/openark/ros2_ws/install/zed_interfaces/share/zed_interfaces/package.dsv
[5.250s] -- Up-to-date: /home/openark/ros2_ws/install/zed_interfaces/share/ament_index/resource_index/packages/zed_interfaces
[5.250s] -- Up-to-date: /home/openark/ros2_ws/install/zed_interfaces/share/zed_interfaces/cmake/zed_interfaces__rosidl_generator_cExport.cmake
[5.251s] -- Up-to-date: /home/openark/ros2_ws/install/zed_interfaces/share/zed_interfaces/cmake/zed_interfaces__rosidl_generator_cExport-noconfig.cmake
[5.251s] -- Up-to-date: /home/openark/ros2_ws/install/zed_interfaces/share/zed_interfaces/cmake/zed_interfaces__rosidl_typesupport_introspection_cExport.cmake
[5.251s] -- Up-to-date: /home/openark/ros2_ws/install/zed_interfaces/share/zed_interfaces/cmake/zed_interfaces__rosidl_typesupport_introspection_cExport-noconfig.cmake
[5.252s] -- Up-to-date: /home/openark/ros2_ws/install/zed_interfaces/share/zed_interfaces/cmake/zed_interfaces__rosidl_typesupport_cExport.cmake
[5.252s] -- Up-to-date: /home/openark/ros2_ws/install/zed_interfaces/share/zed_interfaces/cmake/zed_interfaces__rosidl_typesupport_cExport-noconfig.cmake
[5.252s] -- Up-to-date: /home/openark/ros2_ws/install/zed_interfaces/share/zed_interfaces/cmake/zed_interfaces__rosidl_generator_cppExport.cmake
[5.252s] -- Up-to-date: /home/openark/ros2_ws/install/zed_interfaces/share/zed_interfaces/cmake/zed_interfaces__rosidl_typesupport_introspection_cppExport.cmake
[5.252s] -- Up-to-date: /home/openark/ros2_ws/install/zed_interfaces/share/zed_interfaces/cmake/zed_interfaces__rosidl_typesupport_introspection_cppExport-noconfig.cmake
[5.252s] -- Up-to-date: /home/openark/ros2_ws/install/zed_interfaces/share/zed_interfaces/cmake/zed_interfaces__rosidl_typesupport_cppExport.cmake
[5.253s] -- Up-to-date: /home/openark/ros2_ws/install/zed_interfaces/share/zed_interfaces/cmake/zed_interfaces__rosidl_typesupport_cppExport-noconfig.cmake
[5.253s] -- Up-to-date: /home/openark/ros2_ws/install/zed_interfaces/share/zed_interfaces/cmake/rosidl_cmake-extras.cmake
[5.253s] -- Up-to-date: /home/openark/ros2_ws/install/zed_interfaces/share/zed_interfaces/cmake/ament_cmake_export_dependencies-extras.cmake
[5.254s] -- Up-to-date: /home/openark/ros2_ws/install/zed_interfaces/share/zed_interfaces/cmake/ament_cmake_export_libraries-extras.cmake
[5.254s] -- Up-to-date: /home/openark/ros2_ws/install/zed_interfaces/share/zed_interfaces/cmake/ament_cmake_export_targets-extras.cmake
[5.254s] -- Up-to-date: /home/openark/ros2_ws/install/zed_interfaces/share/zed_interfaces/cmake/ament_cmake_export_include_directories-extras.cmake
[5.254s] -- Up-to-date: /home/openark/ros2_ws/install/zed_interfaces/share/zed_interfaces/cmake/rosidl_cmake_export_typesupport_libraries-extras.cmake
[5.255s] -- Up-to-date: /home/openark/ros2_ws/install/zed_interfaces/share/zed_interfaces/cmake/rosidl_cmake_export_typesupport_targets-extras.cmake
[5.255s] -- Up-to-date: /home/openark/ros2_ws/install/zed_interfaces/share/zed_interfaces/cmake/zed_interfacesConfig.cmake
[5.256s] -- Up-to-date: /home/openark/ros2_ws/install/zed_interfaces/share/zed_interfaces/cmake/zed_interfacesConfig-version.cmake
[5.257s] -- Up-to-date: /home/openark/ros2_ws/install/zed_interfaces/share/zed_interfaces/package.xml
[7.707s] Invoked command in '/home/openark/ros2_ws/build/zed_interfaces' returned '0': CMAKE_PREFIX_PATH=${CMAKE_PREFIX_PATH}:/home/openark/ros2_ws/install/examples_rclpy_minimal_subscriber:/home/openark/ros2_ws/install/examples_rclpy_minimal_service:/home/openark/ros2_ws/install/examples_rclpy_minimal_publisher:/home/openark/ros2_ws/install/examples_rclpy_minimal_client:/home/openark/ros2_ws/install/examples_rclpy_minimal_action_server:/home/openark/ros2_ws/install/examples_rclpy_minimal_action_client:/home/openark/ros2_ws/install/examples_rclpy_executors:/home/openark/ros2_ws/src/install/examples_rclpy_minimal_subscriber:/home/openark/ros2_ws/src/install/examples_rclpy_minimal_service:/home/openark/ros2_ws/src/install/examples_rclpy_minimal_publisher:/home/openark/ros2_ws/src/install/examples_rclpy_minimal_client:/home/openark/ros2_ws/src/install/examples_rclpy_minimal_action_server:/home/openark/ros2_ws/src/install/examples_rclpy_minimal_action_client:/home/openark/ros2_ws/src/install/examples_rclpy_executors:/opt/ros/foxy /usr/bin/cmake --install /home/openark/ros2_ws/build/zed_interfaces
