[1.204s] Invoking command in '/home/openark/ros2_ws/build/examples_rclcpp_minimal_client': CMAKE_PREFIX_PATH=/opt/ros/foxy /usr/bin/cmake /home/openark/ros2_ws/src/examples/rclcpp/services/minimal_client -DCMAKE_BUILD_TYPE=Release -DAMENT_CMAKE_SYMLINK_INSTALL=1 -DCMAKE_INSTALL_PREFIX=/home/openark/ros2_ws/install/examples_rclcpp_minimal_client
[2.910s] -- Found ament_cmake: 0.9.12 (/opt/ros/foxy/share/ament_cmake/cmake)
[2.910s] -- Using PYTHON_EXECUTABLE: /usr/bin/python3
[2.910s] -- Override CMake install command with custom implementation using symlinks instead of copying resources
[2.911s] -- Found example_interfaces: 0.9.1 (/opt/ros/foxy/share/example_interfaces/cmake)
[2.911s] -- Using all available rosidl_typesupport_c: rosidl_typesupport_fastrtps_c;rosidl_typesupport_introspection_c
[2.911s] -- Found rosidl_adapter: 1.3.1 (/opt/ros/foxy/share/rosidl_adapter/cmake)
[2.911s] -- Using all available rosidl_typesupport_cpp: rosidl_typesupport_fastrtps_cpp;rosidl_typesupport_introspection_cpp
[2.911s] -- Found rclcpp: 2.4.3 (/opt/ros/foxy/share/rclcpp/cmake)
[2.911s] -- Found rmw_implementation_cmake: 1.0.4 (/opt/ros/foxy/share/rmw_implementation_cmake/cmake)
[2.912s] -- Using RMW implementation 'rmw_fastrtps_cpp' as default
[2.912s] -- Found ament_lint_auto: 0.9.8 (/opt/ros/foxy/share/ament_lint_auto/cmake)
[2.962s] -- Added test 'copyright' to check source files copyright and LICENSE
[2.963s] -- Added test 'cppcheck' to perform static code analysis on C / C++ code
[2.963s] -- Configured cppcheck include dirs: 
[2.963s] -- Configured cppcheck exclude dirs and/or files: 
[2.963s] -- Added test 'cpplint' to check C / C++ code against the Google style
[2.963s] -- Configured cpplint exclude dirs and/or files: 
[2.963s] -- Added test 'lint_cmake' to check CMake code style
[2.964s] -- Added test 'uncrustify' to check C / C++ code style
[2.964s] -- Configured uncrustify additional arguments: 
[2.964s] -- Added test 'xmllint' to check XML markup files
[2.964s] -- Configuring done
[2.984s] -- Generating done
[2.987s] -- Build files have been written to: /home/openark/ros2_ws/build/examples_rclcpp_minimal_client
[3.008s] Invoked command in '/home/openark/ros2_ws/build/examples_rclcpp_minimal_client' returned '0': CMAKE_PREFIX_PATH=/opt/ros/foxy /usr/bin/cmake /home/openark/ros2_ws/src/examples/rclcpp/services/minimal_client -DCMAKE_BUILD_TYPE=Release -DAMENT_CMAKE_SYMLINK_INSTALL=1 -DCMAKE_INSTALL_PREFIX=/home/openark/ros2_ws/install/examples_rclcpp_minimal_client
[3.010s] Invoking command in '/home/openark/ros2_ws/build/examples_rclcpp_minimal_client': CMAKE_PREFIX_PATH=/opt/ros/foxy /usr/bin/cmake --build /home/openark/ros2_ws/build/examples_rclcpp_minimal_client -- -j12 -l12
[3.191s] [ 50%] [32mBuilding CXX object CMakeFiles/client_main.dir/main.cpp.o[0m
[12.167s] [100%] [32m[1mLinking CXX executable client_main[0m
[12.773s] [100%] Built target client_main
[12.858s] Invoked command in '/home/openark/ros2_ws/build/examples_rclcpp_minimal_client' returned '0': CMAKE_PREFIX_PATH=/opt/ros/foxy /usr/bin/cmake --build /home/openark/ros2_ws/build/examples_rclcpp_minimal_client -- -j12 -l12
[16.362s] Invoking command in '/home/openark/ros2_ws/build/examples_rclcpp_minimal_client': CMAKE_PREFIX_PATH=/opt/ros/foxy /usr/bin/cmake --install /home/openark/ros2_ws/build/examples_rclcpp_minimal_client
[16.413s] -- Install configuration: "Release"
[16.417s] -- Execute custom install script
[16.423s] -- Up-to-date symlink: /home/openark/ros2_ws/install/examples_rclcpp_minimal_client/lib/examples_rclcpp_minimal_client/client_main
[16.425s] -- Up-to-date symlink: /home/openark/ros2_ws/install/examples_rclcpp_minimal_client/share/ament_index/resource_index/package_run_dependencies/examples_rclcpp_minimal_client
[16.426s] -- Up-to-date symlink: /home/openark/ros2_ws/install/examples_rclcpp_minimal_client/share/ament_index/resource_index/parent_prefix_path/examples_rclcpp_minimal_client
[16.432s] -- Up-to-date symlink: /home/openark/ros2_ws/install/examples_rclcpp_minimal_client/share/examples_rclcpp_minimal_client/environment/ament_prefix_path.sh
[16.433s] -- Up-to-date symlink: /home/openark/ros2_ws/install/examples_rclcpp_minimal_client/share/examples_rclcpp_minimal_client/environment/ament_prefix_path.dsv
[16.434s] -- Up-to-date symlink: /home/openark/ros2_ws/install/examples_rclcpp_minimal_client/share/examples_rclcpp_minimal_client/environment/path.sh
[16.436s] -- Up-to-date symlink: /home/openark/ros2_ws/install/examples_rclcpp_minimal_client/share/examples_rclcpp_minimal_client/environment/path.dsv
[16.437s] -- Up-to-date symlink: /home/openark/ros2_ws/install/examples_rclcpp_minimal_client/share/examples_rclcpp_minimal_client/local_setup.bash
[16.440s] -- Up-to-date symlink: /home/openark/ros2_ws/install/examples_rclcpp_minimal_client/share/examples_rclcpp_minimal_client/local_setup.sh
[16.442s] -- Up-to-date symlink: /home/openark/ros2_ws/install/examples_rclcpp_minimal_client/share/examples_rclcpp_minimal_client/local_setup.zsh
[16.445s] -- Up-to-date symlink: /home/openark/ros2_ws/install/examples_rclcpp_minimal_client/share/examples_rclcpp_minimal_client/local_setup.dsv
[16.446s] -- Symlinking: /home/openark/ros2_ws/install/examples_rclcpp_minimal_client/share/examples_rclcpp_minimal_client/package.dsv
[16.495s] -- Up-to-date symlink: /home/openark/ros2_ws/install/examples_rclcpp_minimal_client/share/ament_index/resource_index/packages/examples_rclcpp_minimal_client
[16.496s] -- Up-to-date symlink: /home/openark/ros2_ws/install/examples_rclcpp_minimal_client/share/examples_rclcpp_minimal_client/cmake/examples_rclcpp_minimal_clientConfig.cmake
[16.497s] -- Up-to-date symlink: /home/openark/ros2_ws/install/examples_rclcpp_minimal_client/share/examples_rclcpp_minimal_client/cmake/examples_rclcpp_minimal_clientConfig-version.cmake
[16.498s] -- Up-to-date symlink: /home/openark/ros2_ws/install/examples_rclcpp_minimal_client/share/examples_rclcpp_minimal_client/package.xml
[19.507s] Invoked command in '/home/openark/ros2_ws/build/examples_rclcpp_minimal_client' returned '0': CMAKE_PREFIX_PATH=/opt/ros/foxy /usr/bin/cmake --install /home/openark/ros2_ws/build/examples_rclcpp_minimal_client
