[11.788s] Invoking command in '/home/openark/ros2_ws/src/examples/rclpy/services/minimal_client': PYTHONPATH=/home/openark/ros2_ws/build/examples_rclpy_minimal_client/prefix_override:/home/openark/ros2_ws/install/examples_rclpy_minimal_client/lib/python3.8/site-packages:${PYTHONPATH} /usr/bin/python3 setup.py egg_info --egg-base ../../../../../build/examples_rclpy_minimal_client build --build-base /home/openark/ros2_ws/build/examples_rclpy_minimal_client/build install --record /home/openark/ros2_ws/build/examples_rclpy_minimal_client/install.log --install-scripts $base/lib/examples_rclpy_minimal_client --single-version-externally-managed
[12.712s] running egg_info
[12.717s] writing ../../../../../build/examples_rclpy_minimal_client/examples_rclpy_minimal_client.egg-info/PKG-INFO
[12.718s] writing dependency_links to ../../../../../build/examples_rclpy_minimal_client/examples_rclpy_minimal_client.egg-info/dependency_links.txt
[12.719s] writing entry points to ../../../../../build/examples_rclpy_minimal_client/examples_rclpy_minimal_client.egg-info/entry_points.txt
[12.719s] writing requirements to ../../../../../build/examples_rclpy_minimal_client/examples_rclpy_minimal_client.egg-info/requires.txt
[12.722s] writing top-level names to ../../../../../build/examples_rclpy_minimal_client/examples_rclpy_minimal_client.egg-info/top_level.txt
[12.724s] reading manifest file '../../../../../build/examples_rclpy_minimal_client/examples_rclpy_minimal_client.egg-info/SOURCES.txt'
[12.725s] writing manifest file '../../../../../build/examples_rclpy_minimal_client/examples_rclpy_minimal_client.egg-info/SOURCES.txt'
[12.725s] running build
[12.727s] running build_py
[12.729s] running install
[12.731s] running install_lib
[12.731s] running install_data
[12.732s] running install_egg_info
[12.733s] removing '/home/openark/ros2_ws/install/examples_rclpy_minimal_client/lib/python3.8/site-packages/examples_rclpy_minimal_client-0.9.4-py3.8.egg-info' (and everything under it)
[12.733s] Copying ../../../../../build/examples_rclpy_minimal_client/examples_rclpy_minimal_client.egg-info to /home/openark/ros2_ws/install/examples_rclpy_minimal_client/lib/python3.8/site-packages/examples_rclpy_minimal_client-0.9.4-py3.8.egg-info
[12.734s] running install_scripts
[12.734s] Installing client script to /home/openark/ros2_ws/install/examples_rclpy_minimal_client/lib/examples_rclpy_minimal_client
[12.736s] Installing client_async script to /home/openark/ros2_ws/install/examples_rclpy_minimal_client/lib/examples_rclpy_minimal_client
[12.738s] Installing client_async_callback script to /home/openark/ros2_ws/install/examples_rclpy_minimal_client/lib/examples_rclpy_minimal_client
[12.739s] Installing client_async_member_function script to /home/openark/ros2_ws/install/examples_rclpy_minimal_client/lib/examples_rclpy_minimal_client
[12.740s] writing list of installed files to '/home/openark/ros2_ws/build/examples_rclpy_minimal_client/install.log'
[14.436s] Invoked command in '/home/openark/ros2_ws/src/examples/rclpy/services/minimal_client' returned '0': PYTHONPATH=/home/openark/ros2_ws/build/examples_rclpy_minimal_client/prefix_override:/home/openark/ros2_ws/install/examples_rclpy_minimal_client/lib/python3.8/site-packages:${PYTHONPATH} /usr/bin/python3 setup.py egg_info --egg-base ../../../../../build/examples_rclpy_minimal_client build --build-base /home/openark/ros2_ws/build/examples_rclpy_minimal_client/build install --record /home/openark/ros2_ws/build/examples_rclpy_minimal_client/install.log --install-scripts $base/lib/examples_rclpy_minimal_client --single-version-externally-managed
