[8.413s] Invoking command in '/home/openark/ros2_ws/src/examples/rclpy/topics/minimal_publisher': PYTHONPATH=/home/openark/ros2_ws/build/examples_rclpy_minimal_publisher/prefix_override:/home/openark/ros2_ws/install/examples_rclpy_minimal_publisher/lib/python3.8/site-packages:${PYTHONPATH} /usr/bin/python3 setup.py egg_info --egg-base ../../../../../build/examples_rclpy_minimal_publisher build --build-base /home/openark/ros2_ws/build/examples_rclpy_minimal_publisher/build install --record /home/openark/ros2_ws/build/examples_rclpy_minimal_publisher/install.log --install-scripts $base/lib/examples_rclpy_minimal_publisher --single-version-externally-managed
[8.945s] running egg_info
[8.947s] writing ../../../../../build/examples_rclpy_minimal_publisher/examples_rclpy_minimal_publisher.egg-info/PKG-INFO
[8.957s] writing dependency_links to ../../../../../build/examples_rclpy_minimal_publisher/examples_rclpy_minimal_publisher.egg-info/dependency_links.txt
[8.958s] writing entry points to ../../../../../build/examples_rclpy_minimal_publisher/examples_rclpy_minimal_publisher.egg-info/entry_points.txt
[8.958s] writing requirements to ../../../../../build/examples_rclpy_minimal_publisher/examples_rclpy_minimal_publisher.egg-info/requires.txt
[8.958s] writing top-level names to ../../../../../build/examples_rclpy_minimal_publisher/examples_rclpy_minimal_publisher.egg-info/top_level.txt
[9.040s] reading manifest file '../../../../../build/examples_rclpy_minimal_publisher/examples_rclpy_minimal_publisher.egg-info/SOURCES.txt'
[9.041s] writing manifest file '../../../../../build/examples_rclpy_minimal_publisher/examples_rclpy_minimal_publisher.egg-info/SOURCES.txt'
[9.041s] running build
[9.042s] running build_py
[9.042s] running install
[9.043s] running install_lib
[9.051s] running install_data
[9.052s] running install_egg_info
[9.055s] removing '/home/openark/ros2_ws/install/examples_rclpy_minimal_publisher/lib/python3.8/site-packages/examples_rclpy_minimal_publisher-0.9.4-py3.8.egg-info' (and everything under it)
[9.066s] Copying ../../../../../build/examples_rclpy_minimal_publisher/examples_rclpy_minimal_publisher.egg-info to /home/openark/ros2_ws/install/examples_rclpy_minimal_publisher/lib/python3.8/site-packages/examples_rclpy_minimal_publisher-0.9.4-py3.8.egg-info
[9.068s] running install_scripts
[9.101s] Installing publisher_local_function script to /home/openark/ros2_ws/install/examples_rclpy_minimal_publisher/lib/examples_rclpy_minimal_publisher
[9.102s] Installing publisher_member_function script to /home/openark/ros2_ws/install/examples_rclpy_minimal_publisher/lib/examples_rclpy_minimal_publisher
[9.102s] Installing publisher_old_school script to /home/openark/ros2_ws/install/examples_rclpy_minimal_publisher/lib/examples_rclpy_minimal_publisher
[9.104s] writing list of installed files to '/home/openark/ros2_ws/build/examples_rclpy_minimal_publisher/install.log'
[10.395s] Invoked command in '/home/openark/ros2_ws/src/examples/rclpy/topics/minimal_publisher' returned '0': PYTHONPATH=/home/openark/ros2_ws/build/examples_rclpy_minimal_publisher/prefix_override:/home/openark/ros2_ws/install/examples_rclpy_minimal_publisher/lib/python3.8/site-packages:${PYTHONPATH} /usr/bin/python3 setup.py egg_info --egg-base ../../../../../build/examples_rclpy_minimal_publisher build --build-base /home/openark/ros2_ws/build/examples_rclpy_minimal_publisher/build install --record /home/openark/ros2_ws/build/examples_rclpy_minimal_publisher/install.log --install-scripts $base/lib/examples_rclpy_minimal_publisher --single-version-externally-managed
