[8.135s] Invoking command in '/home/openark/ros2_ws/src/examples/rclpy/actions/minimal_action_client': PYTHONPATH=/home/openark/ros2_ws/src/build/examples_rclpy_minimal_action_client/prefix_override:/home/openark/ros2_ws/src/install/examples_rclpy_minimal_action_client/lib/python3.8/site-packages:${PYTHONPATH} /usr/bin/python3 setup.py egg_info --egg-base ../../../../build/examples_rclpy_minimal_action_client build --build-base /home/openark/ros2_ws/src/build/examples_rclpy_minimal_action_client/build install --record /home/openark/ros2_ws/src/build/examples_rclpy_minimal_action_client/install.log --install-scripts $base/lib/examples_rclpy_minimal_action_client --single-version-externally-managed
[8.681s] running egg_info
[8.683s] writing ../../../../build/examples_rclpy_minimal_action_client/examples_rclpy_minimal_action_client.egg-info/PKG-INFO
[8.683s] writing dependency_links to ../../../../build/examples_rclpy_minimal_action_client/examples_rclpy_minimal_action_client.egg-info/dependency_links.txt
[8.684s] writing entry points to ../../../../build/examples_rclpy_minimal_action_client/examples_rclpy_minimal_action_client.egg-info/entry_points.txt
[8.684s] writing requirements to ../../../../build/examples_rclpy_minimal_action_client/examples_rclpy_minimal_action_client.egg-info/requires.txt
[8.684s] writing top-level names to ../../../../build/examples_rclpy_minimal_action_client/examples_rclpy_minimal_action_client.egg-info/top_level.txt
[8.772s] reading manifest file '../../../../build/examples_rclpy_minimal_action_client/examples_rclpy_minimal_action_client.egg-info/SOURCES.txt'
[8.773s] writing manifest file '../../../../build/examples_rclpy_minimal_action_client/examples_rclpy_minimal_action_client.egg-info/SOURCES.txt'
[8.773s] running build
[8.773s] running build_py
[8.773s] running install
[8.774s] running install_lib
[8.776s] running install_data
[8.778s] running install_egg_info
[8.781s] removing '/home/openark/ros2_ws/src/install/examples_rclpy_minimal_action_client/lib/python3.8/site-packages/examples_rclpy_minimal_action_client-0.9.4-py3.8.egg-info' (and everything under it)
[8.781s] Copying ../../../../build/examples_rclpy_minimal_action_client/examples_rclpy_minimal_action_client.egg-info to /home/openark/ros2_ws/src/install/examples_rclpy_minimal_action_client/lib/python3.8/site-packages/examples_rclpy_minimal_action_client-0.9.4-py3.8.egg-info
[8.785s] running install_scripts
[8.824s] Installing client script to /home/openark/ros2_ws/src/install/examples_rclpy_minimal_action_client/lib/examples_rclpy_minimal_action_client
[8.825s] Installing client_cancel script to /home/openark/ros2_ws/src/install/examples_rclpy_minimal_action_client/lib/examples_rclpy_minimal_action_client
[8.827s] Installing client_not_composable script to /home/openark/ros2_ws/src/install/examples_rclpy_minimal_action_client/lib/examples_rclpy_minimal_action_client
[8.828s] writing list of installed files to '/home/openark/ros2_ws/src/build/examples_rclpy_minimal_action_client/install.log'
[10.199s] Invoked command in '/home/openark/ros2_ws/src/examples/rclpy/actions/minimal_action_client' returned '0': PYTHONPATH=/home/openark/ros2_ws/src/build/examples_rclpy_minimal_action_client/prefix_override:/home/openark/ros2_ws/src/install/examples_rclpy_minimal_action_client/lib/python3.8/site-packages:${PYTHONPATH} /usr/bin/python3 setup.py egg_info --egg-base ../../../../build/examples_rclpy_minimal_action_client build --build-base /home/openark/ros2_ws/src/build/examples_rclpy_minimal_action_client/build install --record /home/openark/ros2_ws/src/build/examples_rclpy_minimal_action_client/install.log --install-scripts $base/lib/examples_rclpy_minimal_action_client --single-version-externally-managed
