[3.040s] Invoking command in '/home/openark/ros2_ws/src/examples/rclpy/executors': PYTHONPATH=/home/openark/ros2_ws/src/build/examples_rclpy_executors/prefix_override:/home/openark/ros2_ws/src/install/examples_rclpy_executors/lib/python3.8/site-packages:${PYTHONPATH} /usr/bin/python3 setup.py egg_info --egg-base ../../../build/examples_rclpy_executors build --build-base /home/openark/ros2_ws/src/build/examples_rclpy_executors/build install --record /home/openark/ros2_ws/src/build/examples_rclpy_executors/install.log --install-scripts $base/lib/examples_rclpy_executors --single-version-externally-managed
[3.968s] running egg_info
[3.968s] writing ../../../build/examples_rclpy_executors/examples_rclpy_executors.egg-info/PKG-INFO
[3.968s] writing dependency_links to ../../../build/examples_rclpy_executors/examples_rclpy_executors.egg-info/dependency_links.txt
[3.968s] writing entry points to ../../../build/examples_rclpy_executors/examples_rclpy_executors.egg-info/entry_points.txt
[3.968s] writing requirements to ../../../build/examples_rclpy_executors/examples_rclpy_executors.egg-info/requires.txt
[3.969s] writing top-level names to ../../../build/examples_rclpy_executors/examples_rclpy_executors.egg-info/top_level.txt
[3.969s] reading manifest file '../../../build/examples_rclpy_executors/examples_rclpy_executors.egg-info/SOURCES.txt'
[3.969s] writing manifest file '../../../build/examples_rclpy_executors/examples_rclpy_executors.egg-info/SOURCES.txt'
[3.969s] running build
[3.969s] running build_py
[3.969s] running install
[3.969s] running install_lib
[3.969s] running install_data
[3.969s] running install_egg_info
[3.969s] removing '/home/openark/ros2_ws/src/install/examples_rclpy_executors/lib/python3.8/site-packages/examples_rclpy_executors-0.9.4-py3.8.egg-info' (and everything under it)
[3.970s] Copying ../../../build/examples_rclpy_executors/examples_rclpy_executors.egg-info to /home/openark/ros2_ws/src/install/examples_rclpy_executors/lib/python3.8/site-packages/examples_rclpy_executors-0.9.4-py3.8.egg-info
[3.970s] running install_scripts
[3.970s] Installing callback_group script to /home/openark/ros2_ws/src/install/examples_rclpy_executors/lib/examples_rclpy_executors
[3.970s] Installing composed script to /home/openark/ros2_ws/src/install/examples_rclpy_executors/lib/examples_rclpy_executors
[3.970s] Installing custom_callback_group script to /home/openark/ros2_ws/src/install/examples_rclpy_executors/lib/examples_rclpy_executors
[3.970s] Installing custom_executor script to /home/openark/ros2_ws/src/install/examples_rclpy_executors/lib/examples_rclpy_executors
[3.970s] Installing listener script to /home/openark/ros2_ws/src/install/examples_rclpy_executors/lib/examples_rclpy_executors
[3.970s] Installing talker script to /home/openark/ros2_ws/src/install/examples_rclpy_executors/lib/examples_rclpy_executors
[3.970s] writing list of installed files to '/home/openark/ros2_ws/src/build/examples_rclpy_executors/install.log'
[5.828s] Invoked command in '/home/openark/ros2_ws/src/examples/rclpy/executors' returned '0': PYTHONPATH=/home/openark/ros2_ws/src/build/examples_rclpy_executors/prefix_override:/home/openark/ros2_ws/src/install/examples_rclpy_executors/lib/python3.8/site-packages:${PYTHONPATH} /usr/bin/python3 setup.py egg_info --egg-base ../../../build/examples_rclpy_executors build --build-base /home/openark/ros2_ws/src/build/examples_rclpy_executors/build install --record /home/openark/ros2_ws/src/build/examples_rclpy_executors/install.log --install-scripts $base/lib/examples_rclpy_executors --single-version-externally-managed
